[2025-07-02T08:50:03.448+0000] {local_task_job_runner.py:123} INFO - ::group::Pre task execution logs
[2025-07-02T08:50:03.470+0000] {taskinstance.py:2612} INFO - Dependencies all met for dep_context=non-requeueable deps ti=<TaskInstance: extract_raw_data_pipeline.run_dbt_staging scheduled__2025-07-02T07:46:00+00:00 [queued]>
[2025-07-02T08:50:03.482+0000] {taskinstance.py:2612} INFO - Dependencies all met for dep_context=requeueable deps ti=<TaskInstance: extract_raw_data_pipeline.run_dbt_staging scheduled__2025-07-02T07:46:00+00:00 [queued]>
[2025-07-02T08:50:03.482+0000] {taskinstance.py:2865} INFO - Starting attempt 1 of 1
[2025-07-02T08:50:03.501+0000] {taskinstance.py:2888} INFO - Executing <Task(BashOperator): run_dbt_staging> on 2025-07-02 07:46:00+00:00
[2025-07-02T08:50:03.515+0000] {warnings.py:112} WARNING - /home/***/.local/lib/python3.12/site-packages/***/task/task_runner/standard_task_runner.py:70: DeprecationWarning: This process (pid=1510) is multi-threaded, use of fork() may lead to deadlocks in the child.
  pid = os.fork()

[2025-07-02T08:50:03.517+0000] {standard_task_runner.py:104} INFO - Running: ['***', 'tasks', 'run', 'extract_raw_data_pipeline', 'run_dbt_staging', 'scheduled__2025-07-02T07:46:00+00:00', '--job-id', '105', '--raw', '--subdir', 'DAGS_FOLDER/driven_data_pipeline.py', '--cfg-path', '/tmp/tmpppgyyxnq']
[2025-07-02T08:50:03.520+0000] {standard_task_runner.py:105} INFO - Job 105: Subtask run_dbt_staging
[2025-07-02T08:50:03.520+0000] {standard_task_runner.py:72} INFO - Started process 1515 to run task
[2025-07-02T08:50:03.623+0000] {task_command.py:467} INFO - Running <TaskInstance: extract_raw_data_pipeline.run_dbt_staging scheduled__2025-07-02T07:46:00+00:00 [running]> on host 24d4a3002b8f
[2025-07-02T08:50:03.722+0000] {taskinstance.py:3131} INFO - Exporting env vars: AIRFLOW_CTX_DAG_OWNER='***' AIRFLOW_CTX_DAG_ID='extract_raw_data_pipeline' AIRFLOW_CTX_TASK_ID='run_dbt_staging' AIRFLOW_CTX_EXECUTION_DATE='2025-07-02T07:46:00+00:00' AIRFLOW_CTX_TRY_NUMBER='1' AIRFLOW_CTX_DAG_RUN_ID='scheduled__2025-07-02T07:46:00+00:00'
[2025-07-02T08:50:03.729+0000] {taskinstance.py:731} INFO - ::endgroup::
[2025-07-02T08:50:03.750+0000] {subprocess.py:63} INFO - Tmp dir root location: /tmp
[2025-07-02T08:50:03.754+0000] {subprocess.py:75} INFO - Running command: ['/usr/bin/bash', '-c', 'set -x; cd /opt/***/dbt && dbt run --select tag:staging']
[2025-07-02T08:50:03.772+0000] {subprocess.py:86} INFO - Output:
[2025-07-02T08:50:03.783+0000] {subprocess.py:93} INFO - + cd /opt/***/dbt
[2025-07-02T08:50:03.784+0000] {subprocess.py:93} INFO - + dbt run --select tag:staging
[2025-07-02T08:50:05.623+0000] {subprocess.py:93} INFO - [0m08:50:05  Running with dbt=1.8.0
[2025-07-02T08:50:05.881+0000] {subprocess.py:93} INFO - [0m08:50:05  Registered adapter: postgres=1.8.2
[2025-07-02T08:50:06.249+0000] {subprocess.py:93} INFO - [0m08:50:06  Found 9 models, 10 sources, 428 macros
[2025-07-02T08:50:06.252+0000] {subprocess.py:93} INFO - [0m08:50:06
[2025-07-02T08:50:06.403+0000] {subprocess.py:93} INFO - [0m08:50:06  Concurrency: 1 threads (target='dev')
[2025-07-02T08:50:06.406+0000] {subprocess.py:93} INFO - [0m08:50:06
[2025-07-02T08:50:06.421+0000] {subprocess.py:93} INFO - [0m08:50:06  1 of 5 START sql table model driven_staging.dim_address ........................ [RUN]
[2025-07-02T08:50:06.529+0000] {subprocess.py:93} INFO - [0m08:50:06  1 of 5 OK created sql table model driven_staging.dim_address ................... [[32mSELECT 692[0m in 0.10s]
[2025-07-02T08:50:06.530+0000] {subprocess.py:93} INFO - [0m08:50:06  2 of 5 START sql table model driven_staging.dim_date ........................... [RUN]
[2025-07-02T08:50:06.555+0000] {subprocess.py:93} INFO - [0m08:50:06  2 of 5 OK created sql table model driven_staging.dim_date ...................... [[32mSELECT 692[0m in 0.02s]
[2025-07-02T08:50:06.557+0000] {subprocess.py:93} INFO - [0m08:50:06  3 of 5 START sql table model driven_staging.dim_finance ........................ [RUN]
[2025-07-02T08:50:06.583+0000] {subprocess.py:93} INFO - [0m08:50:06  3 of 5 OK created sql table model driven_staging.dim_finance ................... [[32mSELECT 692[0m in 0.03s]
[2025-07-02T08:50:06.584+0000] {subprocess.py:93} INFO - [0m08:50:06  4 of 5 START sql table model driven_staging.dim_person ......................... [RUN]
[2025-07-02T08:50:06.613+0000] {subprocess.py:93} INFO - [0m08:50:06  4 of 5 OK created sql table model driven_staging.dim_person .................... [[32mSELECT 692[0m in 0.03s]
[2025-07-02T08:50:06.616+0000] {subprocess.py:93} INFO - [0m08:50:06  5 of 5 START sql table model driven_staging.fact_network_usage ................. [RUN]
[2025-07-02T08:50:06.652+0000] {subprocess.py:93} INFO - [0m08:50:06  5 of 5 OK created sql table model driven_staging.fact_network_usage ............ [[32mSELECT 692[0m in 0.03s]
[2025-07-02T08:50:06.666+0000] {subprocess.py:93} INFO - [0m08:50:06
[2025-07-02T08:50:06.667+0000] {subprocess.py:93} INFO - [0m08:50:06  Finished running 5 table models in 0 hours 0 minutes and 0.41 seconds (0.41s).
[2025-07-02T08:50:06.706+0000] {subprocess.py:93} INFO - [0m08:50:06
[2025-07-02T08:50:06.707+0000] {subprocess.py:93} INFO - [0m08:50:06  [32mCompleted successfully[0m
[2025-07-02T08:50:06.708+0000] {subprocess.py:93} INFO - [0m08:50:06
[2025-07-02T08:50:06.708+0000] {subprocess.py:93} INFO - [0m08:50:06  Done. PASS=5 WARN=0 ERROR=0 SKIP=0 TOTAL=5
[2025-07-02T08:50:07.626+0000] {subprocess.py:97} INFO - Command exited with return code 0
[2025-07-02T08:50:07.726+0000] {taskinstance.py:340} INFO - ::group::Post task execution logs
[2025-07-02T08:50:07.726+0000] {taskinstance.py:352} INFO - Marking task as SUCCESS. dag_id=extract_raw_data_pipeline, task_id=run_dbt_staging, run_id=scheduled__2025-07-02T07:46:00+00:00, execution_date=20250702T074600, start_date=20250702T085003, end_date=20250702T085007
[2025-07-02T08:50:07.761+0000] {local_task_job_runner.py:266} INFO - Task exited with return code 0
[2025-07-02T08:50:07.806+0000] {taskinstance.py:3900} INFO - 1 downstream tasks scheduled from follow-on schedule check
[2025-07-02T08:50:07.807+0000] {local_task_job_runner.py:245} INFO - ::endgroup::
