[2025-07-02T07:45:58.426+0000] {local_task_job_runner.py:123} INFO - ::group::Pre task execution logs
[2025-07-02T07:45:58.444+0000] {taskinstance.py:2612} INFO - Dependencies all met for dep_context=non-requeueable deps ti=<TaskInstance: extract_raw_data_pipeline.run_dbt_staging scheduled__2025-07-01T07:59:00+00:00 [queued]>
[2025-07-02T07:45:58.450+0000] {taskinstance.py:2612} INFO - Dependencies all met for dep_context=requeueable deps ti=<TaskInstance: extract_raw_data_pipeline.run_dbt_staging scheduled__2025-07-01T07:59:00+00:00 [queued]>
[2025-07-02T07:45:58.451+0000] {taskinstance.py:2865} INFO - Starting attempt 1 of 1
[2025-07-02T07:45:58.466+0000] {taskinstance.py:2888} INFO - Executing <Task(BashOperator): run_dbt_staging> on 2025-07-01 07:59:00+00:00
[2025-07-02T07:45:58.476+0000] {warnings.py:112} WARNING - /home/***/.local/lib/python3.12/site-packages/***/task/task_runner/standard_task_runner.py:70: DeprecationWarning: This process (pid=1361) is multi-threaded, use of fork() may lead to deadlocks in the child.
  pid = os.fork()

[2025-07-02T07:45:58.481+0000] {standard_task_runner.py:72} INFO - Started process 1364 to run task
[2025-07-02T07:45:58.480+0000] {standard_task_runner.py:104} INFO - Running: ['***', 'tasks', 'run', 'extract_raw_data_pipeline', 'run_dbt_staging', 'scheduled__2025-07-01T07:59:00+00:00', '--job-id', '85', '--raw', '--subdir', 'DAGS_FOLDER/driven_data_pipeline.py', '--cfg-path', '/tmp/tmp15ogvmvs']
[2025-07-02T07:45:58.482+0000] {standard_task_runner.py:105} INFO - Job 85: Subtask run_dbt_staging
[2025-07-02T07:45:58.521+0000] {task_command.py:467} INFO - Running <TaskInstance: extract_raw_data_pipeline.run_dbt_staging scheduled__2025-07-01T07:59:00+00:00 [running]> on host 24d4a3002b8f
[2025-07-02T07:45:58.562+0000] {taskinstance.py:3131} INFO - Exporting env vars: AIRFLOW_CTX_DAG_OWNER='***' AIRFLOW_CTX_DAG_ID='extract_raw_data_pipeline' AIRFLOW_CTX_TASK_ID='run_dbt_staging' AIRFLOW_CTX_EXECUTION_DATE='2025-07-01T07:59:00+00:00' AIRFLOW_CTX_TRY_NUMBER='1' AIRFLOW_CTX_DAG_RUN_ID='scheduled__2025-07-01T07:59:00+00:00'
[2025-07-02T07:45:58.562+0000] {taskinstance.py:731} INFO - ::endgroup::
[2025-07-02T07:45:58.582+0000] {subprocess.py:63} INFO - Tmp dir root location: /tmp
[2025-07-02T07:45:58.587+0000] {subprocess.py:75} INFO - Running command: ['/usr/bin/bash', '-c', 'set -x; cd /opt/***/dbt && dbt run --select tag:staging']
[2025-07-02T07:45:58.597+0000] {subprocess.py:86} INFO - Output:
[2025-07-02T07:45:58.614+0000] {subprocess.py:93} INFO - + cd /opt/***/dbt
[2025-07-02T07:45:58.614+0000] {subprocess.py:93} INFO - + dbt run --select tag:staging
[2025-07-02T07:46:07.682+0000] {subprocess.py:93} INFO - [0m07:46:07  Running with dbt=1.8.0
[2025-07-02T07:46:08.168+0000] {subprocess.py:93} INFO - [0m07:46:08  Registered adapter: postgres=1.8.2
[2025-07-02T07:46:08.644+0000] {subprocess.py:93} INFO - [0m07:46:08  Found 9 models, 10 sources, 428 macros
[2025-07-02T07:46:08.649+0000] {subprocess.py:93} INFO - [0m07:46:08
[2025-07-02T07:46:08.820+0000] {subprocess.py:93} INFO - [0m07:46:08  Concurrency: 1 threads (target='dev')
[2025-07-02T07:46:08.823+0000] {subprocess.py:93} INFO - [0m07:46:08
[2025-07-02T07:46:08.839+0000] {subprocess.py:93} INFO - [0m07:46:08  1 of 5 START sql table model driven_staging.dim_address ........................ [RUN]
[2025-07-02T07:46:09.199+0000] {subprocess.py:93} INFO - [0m07:46:09  1 of 5 OK created sql table model driven_staging.dim_address ................... [[32mSELECT 171[0m in 0.35s]
[2025-07-02T07:46:09.206+0000] {subprocess.py:93} INFO - [0m07:46:09  2 of 5 START sql table model driven_staging.dim_date ........................... [RUN]
[2025-07-02T07:46:09.279+0000] {subprocess.py:93} INFO - [0m07:46:09  2 of 5 OK created sql table model driven_staging.dim_date ...................... [[32mSELECT 171[0m in 0.07s]
[2025-07-02T07:46:09.280+0000] {subprocess.py:93} INFO - [0m07:46:09  3 of 5 START sql table model driven_staging.dim_finance ........................ [RUN]
[2025-07-02T07:46:09.329+0000] {subprocess.py:93} INFO - [0m07:46:09  3 of 5 OK created sql table model driven_staging.dim_finance ................... [[32mSELECT 171[0m in 0.05s]
[2025-07-02T07:46:09.333+0000] {subprocess.py:93} INFO - [0m07:46:09  4 of 5 START sql table model driven_staging.dim_person ......................... [RUN]
[2025-07-02T07:46:09.376+0000] {subprocess.py:93} INFO - [0m07:46:09  4 of 5 OK created sql table model driven_staging.dim_person .................... [[32mSELECT 171[0m in 0.04s]
[2025-07-02T07:46:09.378+0000] {subprocess.py:93} INFO - [0m07:46:09  5 of 5 START sql table model driven_staging.fact_network_usage ................. [RUN]
[2025-07-02T07:46:09.422+0000] {subprocess.py:93} INFO - [0m07:46:09  5 of 5 OK created sql table model driven_staging.fact_network_usage ............ [[32mSELECT 171[0m in 0.04s]
[2025-07-02T07:46:09.447+0000] {subprocess.py:93} INFO - [0m07:46:09
[2025-07-02T07:46:09.448+0000] {subprocess.py:93} INFO - [0m07:46:09  Finished running 5 table models in 0 hours 0 minutes and 0.80 seconds (0.80s).
[2025-07-02T07:46:09.508+0000] {subprocess.py:93} INFO - [0m07:46:09
[2025-07-02T07:46:09.509+0000] {subprocess.py:93} INFO - [0m07:46:09  [32mCompleted successfully[0m
[2025-07-02T07:46:09.510+0000] {subprocess.py:93} INFO - [0m07:46:09
[2025-07-02T07:46:09.511+0000] {subprocess.py:93} INFO - [0m07:46:09  Done. PASS=5 WARN=0 ERROR=0 SKIP=0 TOTAL=5
[2025-07-02T07:46:10.701+0000] {subprocess.py:97} INFO - Command exited with return code 0
[2025-07-02T07:46:11.225+0000] {taskinstance.py:340} INFO - ::group::Post task execution logs
[2025-07-02T07:46:11.232+0000] {taskinstance.py:352} INFO - Marking task as SUCCESS. dag_id=extract_raw_data_pipeline, task_id=run_dbt_staging, run_id=scheduled__2025-07-01T07:59:00+00:00, execution_date=20250701T075900, start_date=20250702T074558, end_date=20250702T074611
[2025-07-02T07:46:11.564+0000] {local_task_job_runner.py:266} INFO - Task exited with return code 0
[2025-07-02T07:46:11.682+0000] {local_task_job_runner.py:245} INFO - ::endgroup::
