[2025-07-02T08:50:01.222+0000] {local_task_job_runner.py:123} INFO - ::group::Pre task execution logs
[2025-07-02T08:50:01.239+0000] {taskinstance.py:2612} INFO - Dependencies all met for dep_context=non-requeueable deps ti=<TaskInstance: extract_raw_data_pipeline.load_raw_data scheduled__2025-07-02T07:58:00+00:00 [queued]>
[2025-07-02T08:50:01.250+0000] {taskinstance.py:2612} INFO - Dependencies all met for dep_context=requeueable deps ti=<TaskInstance: extract_raw_data_pipeline.load_raw_data scheduled__2025-07-02T07:58:00+00:00 [queued]>
[2025-07-02T08:50:01.252+0000] {taskinstance.py:2865} INFO - Starting attempt 1 of 1
[2025-07-02T08:50:01.266+0000] {taskinstance.py:2888} INFO - Executing <Task(PythonOperator): load_raw_data> on 2025-07-02 07:58:00+00:00
[2025-07-02T08:50:01.286+0000] {warnings.py:112} WARNING - /home/***/.local/lib/python3.12/site-packages/***/task/task_runner/standard_task_runner.py:70: DeprecationWarning: This process (pid=1496) is multi-threaded, use of fork() may lead to deadlocks in the child.
  pid = os.fork()

[2025-07-02T08:50:01.295+0000] {standard_task_runner.py:72} INFO - Started process 1502 to run task
[2025-07-02T08:50:01.296+0000] {standard_task_runner.py:104} INFO - Running: ['***', 'tasks', 'run', 'extract_raw_data_pipeline', 'load_raw_data', 'scheduled__2025-07-02T07:58:00+00:00', '--job-id', '101', '--raw', '--subdir', 'DAGS_FOLDER/driven_data_pipeline.py', '--cfg-path', '/tmp/tmp1ui5m4in']
[2025-07-02T08:50:01.297+0000] {standard_task_runner.py:105} INFO - Job 101: Subtask load_raw_data
[2025-07-02T08:50:01.393+0000] {task_command.py:467} INFO - Running <TaskInstance: extract_raw_data_pipeline.load_raw_data scheduled__2025-07-02T07:58:00+00:00 [running]> on host 24d4a3002b8f
[2025-07-02T08:50:01.533+0000] {taskinstance.py:3131} INFO - Exporting env vars: AIRFLOW_CTX_DAG_OWNER='***' AIRFLOW_CTX_DAG_ID='extract_raw_data_pipeline' AIRFLOW_CTX_TASK_ID='load_raw_data' AIRFLOW_CTX_EXECUTION_DATE='2025-07-02T07:58:00+00:00' AIRFLOW_CTX_TRY_NUMBER='1' AIRFLOW_CTX_DAG_RUN_ID='scheduled__2025-07-02T07:58:00+00:00'
[2025-07-02T08:50:01.534+0000] {taskinstance.py:731} INFO - ::endgroup::
[2025-07-02T08:50:01.560+0000] {driven_data_pipeline.py:163} INFO - Starting data insertion from CSV to PostgreSQL...
[2025-07-02T08:50:01.633+0000] {driven_data_pipeline.py:211} INFO - Data insertion complete.
[2025-07-02T08:50:01.634+0000] {python.py:240} INFO - Done. Returned value was: None
[2025-07-02T08:50:01.651+0000] {taskinstance.py:340} INFO - ::group::Post task execution logs
[2025-07-02T08:50:01.651+0000] {taskinstance.py:352} INFO - Marking task as SUCCESS. dag_id=extract_raw_data_pipeline, task_id=load_raw_data, run_id=scheduled__2025-07-02T07:58:00+00:00, execution_date=20250702T075800, start_date=20250702T085001, end_date=20250702T085001
[2025-07-02T08:50:01.704+0000] {local_task_job_runner.py:266} INFO - Task exited with return code 0
[2025-07-02T08:50:01.738+0000] {taskinstance.py:3900} INFO - 1 downstream tasks scheduled from follow-on schedule check
[2025-07-02T08:50:01.741+0000] {local_task_job_runner.py:245} INFO - ::endgroup::
