[2025-07-02T07:45:59.427+0000] {local_task_job_runner.py:123} INFO - ::group::Pre task execution logs
[2025-07-02T07:45:59.438+0000] {taskinstance.py:2612} INFO - Dependencies all met for dep_context=non-requeueable deps ti=<TaskInstance: extract_raw_data_pipeline.run_dbt_staging scheduled__2025-07-02T07:44:00+00:00 [queued]>
[2025-07-02T07:45:59.443+0000] {taskinstance.py:2612} INFO - Dependencies all met for dep_context=requeueable deps ti=<TaskInstance: extract_raw_data_pipeline.run_dbt_staging scheduled__2025-07-02T07:44:00+00:00 [queued]>
[2025-07-02T07:45:59.443+0000] {taskinstance.py:2865} INFO - Starting attempt 1 of 1
[2025-07-02T07:45:59.452+0000] {taskinstance.py:2888} INFO - Executing <Task(BashOperator): run_dbt_staging> on 2025-07-02 07:44:00+00:00
[2025-07-02T07:45:59.462+0000] {warnings.py:112} WARNING - /home/***/.local/lib/python3.12/site-packages/***/task/task_runner/standard_task_runner.py:70: DeprecationWarning: This process (pid=1370) is multi-threaded, use of fork() may lead to deadlocks in the child.
  pid = os.fork()

[2025-07-02T07:45:59.465+0000] {standard_task_runner.py:72} INFO - Started process 1372 to run task
[2025-07-02T07:45:59.464+0000] {standard_task_runner.py:104} INFO - Running: ['***', 'tasks', 'run', 'extract_raw_data_pipeline', 'run_dbt_staging', 'scheduled__2025-07-02T07:44:00+00:00', '--job-id', '87', '--raw', '--subdir', 'DAGS_FOLDER/driven_data_pipeline.py', '--cfg-path', '/tmp/tmphs3rayks']
[2025-07-02T07:45:59.466+0000] {standard_task_runner.py:105} INFO - Job 87: Subtask run_dbt_staging
[2025-07-02T07:45:59.501+0000] {task_command.py:467} INFO - Running <TaskInstance: extract_raw_data_pipeline.run_dbt_staging scheduled__2025-07-02T07:44:00+00:00 [running]> on host 24d4a3002b8f
[2025-07-02T07:45:59.571+0000] {taskinstance.py:3131} INFO - Exporting env vars: AIRFLOW_CTX_DAG_OWNER='***' AIRFLOW_CTX_DAG_ID='extract_raw_data_pipeline' AIRFLOW_CTX_TASK_ID='run_dbt_staging' AIRFLOW_CTX_EXECUTION_DATE='2025-07-02T07:44:00+00:00' AIRFLOW_CTX_TRY_NUMBER='1' AIRFLOW_CTX_DAG_RUN_ID='scheduled__2025-07-02T07:44:00+00:00'
[2025-07-02T07:45:59.572+0000] {taskinstance.py:731} INFO - ::endgroup::
[2025-07-02T07:45:59.596+0000] {subprocess.py:63} INFO - Tmp dir root location: /tmp
[2025-07-02T07:45:59.599+0000] {subprocess.py:75} INFO - Running command: ['/usr/bin/bash', '-c', 'set -x; cd /opt/***/dbt && dbt run --select tag:staging']
[2025-07-02T07:45:59.608+0000] {subprocess.py:86} INFO - Output:
[2025-07-02T07:45:59.618+0000] {subprocess.py:93} INFO - + cd /opt/***/dbt
[2025-07-02T07:45:59.619+0000] {subprocess.py:93} INFO - + dbt run --select tag:staging
[2025-07-02T07:46:08.650+0000] {subprocess.py:93} INFO - [0m07:46:08  Running with dbt=1.8.0
[2025-07-02T07:46:08.972+0000] {subprocess.py:93} INFO - [0m07:46:08  Registered adapter: postgres=1.8.2
[2025-07-02T07:46:09.433+0000] {subprocess.py:93} INFO - [0m07:46:09  Found 9 models, 10 sources, 428 macros
[2025-07-02T07:46:09.445+0000] {subprocess.py:93} INFO - [0m07:46:09
[2025-07-02T07:46:09.585+0000] {subprocess.py:93} INFO - [0m07:46:09  Concurrency: 1 threads (target='dev')
[2025-07-02T07:46:09.587+0000] {subprocess.py:93} INFO - [0m07:46:09
[2025-07-02T07:46:09.603+0000] {subprocess.py:93} INFO - [0m07:46:09  1 of 5 START sql table model driven_staging.dim_address ........................ [RUN]
[2025-07-02T07:46:09.795+0000] {subprocess.py:93} INFO - [0m07:46:09  1 of 5 OK created sql table model driven_staging.dim_address ................... [[32mSELECT 171[0m in 0.18s]
[2025-07-02T07:46:09.796+0000] {subprocess.py:93} INFO - [0m07:46:09  2 of 5 START sql table model driven_staging.dim_date ........................... [RUN]
[2025-07-02T07:46:09.860+0000] {subprocess.py:93} INFO - [0m07:46:09  2 of 5 OK created sql table model driven_staging.dim_date ...................... [[32mSELECT 171[0m in 0.06s]
[2025-07-02T07:46:09.862+0000] {subprocess.py:93} INFO - [0m07:46:09  3 of 5 START sql table model driven_staging.dim_finance ........................ [RUN]
[2025-07-02T07:46:09.924+0000] {subprocess.py:93} INFO - [0m07:46:09  3 of 5 OK created sql table model driven_staging.dim_finance ................... [[32mSELECT 171[0m in 0.06s]
[2025-07-02T07:46:09.927+0000] {subprocess.py:93} INFO - [0m07:46:09  4 of 5 START sql table model driven_staging.dim_person ......................... [RUN]
[2025-07-02T07:46:09.968+0000] {subprocess.py:93} INFO - [0m07:46:09  4 of 5 OK created sql table model driven_staging.dim_person .................... [[32mSELECT 171[0m in 0.04s]
[2025-07-02T07:46:09.971+0000] {subprocess.py:93} INFO - [0m07:46:09  5 of 5 START sql table model driven_staging.fact_network_usage ................. [RUN]
[2025-07-02T07:46:10.032+0000] {subprocess.py:93} INFO - [0m07:46:10  5 of 5 OK created sql table model driven_staging.fact_network_usage ............ [[32mSELECT 171[0m in 0.06s]
[2025-07-02T07:46:10.045+0000] {subprocess.py:93} INFO - [0m07:46:10
[2025-07-02T07:46:10.046+0000] {subprocess.py:93} INFO - [0m07:46:10  Finished running 5 table models in 0 hours 0 minutes and 0.61 seconds (0.61s).
[2025-07-02T07:46:10.083+0000] {subprocess.py:93} INFO - [0m07:46:10
[2025-07-02T07:46:10.083+0000] {subprocess.py:93} INFO - [0m07:46:10  [32mCompleted successfully[0m
[2025-07-02T07:46:10.084+0000] {subprocess.py:93} INFO - [0m07:46:10
[2025-07-02T07:46:10.084+0000] {subprocess.py:93} INFO - [0m07:46:10  Done. PASS=5 WARN=0 ERROR=0 SKIP=0 TOTAL=5
[2025-07-02T07:46:11.960+0000] {subprocess.py:97} INFO - Command exited with return code 0
[2025-07-02T07:46:12.110+0000] {taskinstance.py:340} INFO - ::group::Post task execution logs
[2025-07-02T07:46:12.113+0000] {taskinstance.py:352} INFO - Marking task as SUCCESS. dag_id=extract_raw_data_pipeline, task_id=run_dbt_staging, run_id=scheduled__2025-07-02T07:44:00+00:00, execution_date=20250702T074400, start_date=20250702T074559, end_date=20250702T074612
[2025-07-02T07:46:12.207+0000] {local_task_job_runner.py:266} INFO - Task exited with return code 0
[2025-07-02T07:46:12.310+0000] {taskinstance.py:3900} INFO - 1 downstream tasks scheduled from follow-on schedule check
[2025-07-02T07:46:12.313+0000] {local_task_job_runner.py:245} INFO - ::endgroup::
