[2025-07-02T07:46:15.989+0000] {local_task_job_runner.py:123} INFO - ::group::Pre task execution logs
[2025-07-02T07:46:16.033+0000] {taskinstance.py:2612} INFO - Dependencies all met for dep_context=non-requeueable deps ti=<TaskInstance: extract_raw_data_pipeline.run_dbt_staging scheduled__2025-07-02T07:45:00+00:00 [queued]>
[2025-07-02T07:46:16.045+0000] {taskinstance.py:2612} INFO - Dependencies all met for dep_context=requeueable deps ti=<TaskInstance: extract_raw_data_pipeline.run_dbt_staging scheduled__2025-07-02T07:45:00+00:00 [queued]>
[2025-07-02T07:46:16.045+0000] {taskinstance.py:2865} INFO - Starting attempt 1 of 1
[2025-07-02T07:46:16.062+0000] {taskinstance.py:2888} INFO - Executing <Task(BashOperator): run_dbt_staging> on 2025-07-02 07:45:00+00:00
[2025-07-02T07:46:16.087+0000] {standard_task_runner.py:104} INFO - Running: ['***', 'tasks', 'run', 'extract_raw_data_pipeline', 'run_dbt_staging', 'scheduled__2025-07-02T07:45:00+00:00', '--job-id', '94', '--raw', '--subdir', 'DAGS_FOLDER/driven_data_pipeline.py', '--cfg-path', '/tmp/tmpsooa9k83']
[2025-07-02T07:46:16.087+0000] {warnings.py:112} WARNING - /home/***/.local/lib/python3.12/site-packages/***/task/task_runner/standard_task_runner.py:70: DeprecationWarning: This process (pid=1434) is multi-threaded, use of fork() may lead to deadlocks in the child.
  pid = os.fork()

[2025-07-02T07:46:16.090+0000] {standard_task_runner.py:105} INFO - Job 94: Subtask run_dbt_staging
[2025-07-02T07:46:16.091+0000] {standard_task_runner.py:72} INFO - Started process 1436 to run task
[2025-07-02T07:46:17.904+0000] {task_command.py:467} INFO - Running <TaskInstance: extract_raw_data_pipeline.run_dbt_staging scheduled__2025-07-02T07:45:00+00:00 [running]> on host 24d4a3002b8f
[2025-07-02T08:49:49.276+0000] {taskinstance.py:3131} INFO - Exporting env vars: AIRFLOW_CTX_DAG_OWNER='***' AIRFLOW_CTX_DAG_ID='extract_raw_data_pipeline' AIRFLOW_CTX_TASK_ID='run_dbt_staging' AIRFLOW_CTX_EXECUTION_DATE='2025-07-02T07:45:00+00:00' AIRFLOW_CTX_TRY_NUMBER='1' AIRFLOW_CTX_DAG_RUN_ID='scheduled__2025-07-02T07:45:00+00:00'
[2025-07-02T08:49:49.385+0000] {taskinstance.py:731} INFO - ::endgroup::
[2025-07-02T08:49:49.317+0000] {job.py:229} INFO - Heartbeat recovered after 3813.47 seconds
[2025-07-02T08:49:49.873+0000] {subprocess.py:63} INFO - Tmp dir root location: /tmp
[2025-07-02T08:49:49.913+0000] {subprocess.py:75} INFO - Running command: ['/usr/bin/bash', '-c', 'set -x; cd /opt/***/dbt && dbt run --select tag:staging']
[2025-07-02T08:49:50.040+0000] {subprocess.py:86} INFO - Output:
[2025-07-02T08:49:50.138+0000] {subprocess.py:93} INFO - + cd /opt/***/dbt
[2025-07-02T08:49:50.141+0000] {subprocess.py:93} INFO - + dbt run --select tag:staging
[2025-07-02T08:49:56.376+0000] {subprocess.py:93} INFO - [0m08:49:56  Running with dbt=1.8.0
[2025-07-02T08:49:56.529+0000] {subprocess.py:93} INFO - [0m08:49:56  Registered adapter: postgres=1.8.2
[2025-07-02T08:49:56.830+0000] {subprocess.py:93} INFO - [0m08:49:56  Found 9 models, 10 sources, 428 macros
[2025-07-02T08:49:56.837+0000] {subprocess.py:93} INFO - [0m08:49:56
[2025-07-02T08:49:56.999+0000] {subprocess.py:93} INFO - [0m08:49:56  Concurrency: 1 threads (target='dev')
[2025-07-02T08:49:57.004+0000] {subprocess.py:93} INFO - [0m08:49:57
[2025-07-02T08:49:57.023+0000] {subprocess.py:93} INFO - [0m08:49:57  1 of 5 START sql table model driven_staging.dim_address ........................ [RUN]
[2025-07-02T08:49:57.662+0000] {subprocess.py:93} INFO - [0m08:49:57  1 of 5 OK created sql table model driven_staging.dim_address ................... [[32mSELECT 611[0m in 0.63s]
[2025-07-02T08:49:57.669+0000] {subprocess.py:93} INFO - [0m08:49:57  2 of 5 START sql table model driven_staging.dim_date ........................... [RUN]
[2025-07-02T08:49:57.747+0000] {subprocess.py:93} INFO - [0m08:49:57  2 of 5 OK created sql table model driven_staging.dim_date ...................... [[32mSELECT 611[0m in 0.08s]
[2025-07-02T08:49:57.751+0000] {subprocess.py:93} INFO - [0m08:49:57  3 of 5 START sql table model driven_staging.dim_finance ........................ [RUN]
[2025-07-02T08:49:57.852+0000] {subprocess.py:93} INFO - [0m08:49:57  3 of 5 OK created sql table model driven_staging.dim_finance ................... [[32mSELECT 611[0m in 0.10s]
[2025-07-02T08:49:57.858+0000] {subprocess.py:93} INFO - [0m08:49:57  4 of 5 START sql table model driven_staging.dim_person ......................... [RUN]
[2025-07-02T08:49:57.922+0000] {subprocess.py:93} INFO - [0m08:49:57  4 of 5 OK created sql table model driven_staging.dim_person .................... [[32mSELECT 611[0m in 0.06s]
[2025-07-02T08:49:57.925+0000] {subprocess.py:93} INFO - [0m08:49:57  5 of 5 START sql table model driven_staging.fact_network_usage ................. [RUN]
[2025-07-02T08:49:57.998+0000] {subprocess.py:93} INFO - [0m08:49:57  5 of 5 OK created sql table model driven_staging.fact_network_usage ............ [[32mSELECT 611[0m in 0.07s]
[2025-07-02T08:49:58.033+0000] {subprocess.py:93} INFO - [0m08:49:58
[2025-07-02T08:49:58.039+0000] {subprocess.py:93} INFO - [0m08:49:58  Finished running 5 table models in 0 hours 0 minutes and 1.19 seconds (1.19s).
[2025-07-02T08:49:58.225+0000] {subprocess.py:93} INFO - [0m08:49:58
[2025-07-02T08:49:58.232+0000] {subprocess.py:93} INFO - [0m08:49:58  [32mCompleted successfully[0m
[2025-07-02T08:49:58.234+0000] {subprocess.py:93} INFO - [0m08:49:58
[2025-07-02T08:49:58.241+0000] {subprocess.py:93} INFO - [0m08:49:58  Done. PASS=5 WARN=0 ERROR=0 SKIP=0 TOTAL=5
[2025-07-02T08:49:59.623+0000] {subprocess.py:97} INFO - Command exited with return code 0
[2025-07-02T08:49:59.739+0000] {taskinstance.py:340} INFO - ::group::Post task execution logs
[2025-07-02T08:49:59.743+0000] {taskinstance.py:352} INFO - Marking task as SUCCESS. dag_id=extract_raw_data_pipeline, task_id=run_dbt_staging, run_id=scheduled__2025-07-02T07:45:00+00:00, execution_date=20250702T074500, start_date=20250702T074616, end_date=20250702T084959
[2025-07-02T08:49:59.804+0000] {local_task_job_runner.py:266} INFO - Task exited with return code 0
[2025-07-02T08:49:59.864+0000] {taskinstance.py:3900} INFO - 1 downstream tasks scheduled from follow-on schedule check
[2025-07-02T08:49:59.866+0000] {local_task_job_runner.py:245} INFO - ::endgroup::
