[2025-07-02T02:56:27.285+0000] {local_task_job_runner.py:123} INFO - ::group::Pre task execution logs
[2025-07-02T02:56:27.300+0000] {taskinstance.py:2612} INFO - Dependencies all met for dep_context=non-requeueable deps ti=<TaskInstance: extract_raw_data_pipeline.create_raw_table manual__2025-07-02T02:56:22.743547+00:00 [queued]>
[2025-07-02T02:56:27.306+0000] {taskinstance.py:2612} INFO - Dependencies all met for dep_context=requeueable deps ti=<TaskInstance: extract_raw_data_pipeline.create_raw_table manual__2025-07-02T02:56:22.743547+00:00 [queued]>
[2025-07-02T02:56:27.306+0000] {taskinstance.py:2865} INFO - Starting attempt 1 of 1
[2025-07-02T02:56:27.317+0000] {taskinstance.py:2888} INFO - Executing <Task(SQLExecuteQueryOperator): create_raw_table> on 2025-07-02 02:56:22.743547+00:00
[2025-07-02T02:56:27.328+0000] {warnings.py:112} WARNING - /home/***/.local/lib/python3.12/site-packages/***/task/task_runner/standard_task_runner.py:70: DeprecationWarning: This process (pid=86) is multi-threaded, use of fork() may lead to deadlocks in the child.
  pid = os.fork()

[2025-07-02T02:56:27.332+0000] {standard_task_runner.py:72} INFO - Started process 88 to run task
[2025-07-02T02:56:27.330+0000] {standard_task_runner.py:104} INFO - Running: ['***', 'tasks', 'run', 'extract_raw_data_pipeline', 'create_raw_table', 'manual__2025-07-02T02:56:22.743547+00:00', '--job-id', '39', '--raw', '--subdir', 'DAGS_FOLDER/driven_data_pipeline.py', '--cfg-path', '/tmp/tmpsblgk4oi']
[2025-07-02T02:56:27.333+0000] {standard_task_runner.py:105} INFO - Job 39: Subtask create_raw_table
[2025-07-02T02:56:27.384+0000] {task_command.py:467} INFO - Running <TaskInstance: extract_raw_data_pipeline.create_raw_table manual__2025-07-02T02:56:22.743547+00:00 [running]> on host 24d4a3002b8f
[2025-07-02T02:56:27.434+0000] {taskinstance.py:3131} INFO - Exporting env vars: AIRFLOW_CTX_DAG_OWNER='***' AIRFLOW_CTX_DAG_ID='extract_raw_data_pipeline' AIRFLOW_CTX_TASK_ID='create_raw_table' AIRFLOW_CTX_EXECUTION_DATE='2025-07-02T02:56:22.743547+00:00' AIRFLOW_CTX_TRY_NUMBER='1' AIRFLOW_CTX_DAG_RUN_ID='manual__2025-07-02T02:56:22.743547+00:00'
[2025-07-02T02:56:27.435+0000] {taskinstance.py:731} INFO - ::endgroup::
[2025-07-02T02:56:27.447+0000] {sql.py:266} INFO - Executing: 
        DROP TABLE IF EXISTS driven_raw.raw_batch_data;

        CREATE TABLE driven_raw.raw_batch_data (
            person_name VARCHAR(100),
            user_name VARCHAR(100),
            email VARCHAR(100),
            personal_number VARCHAR(150), 
            birth_date VARCHAR(100), 
            address VARCHAR(100),
            phone VARCHAR(100), 
            mac_address VARCHAR(100),
            ip_address VARCHAR(100),
            iban VARCHAR(100),
            accessed_at TIMESTAMP,
            session_duration INT,
            download_speed INT,
            upload_speed INT,
            consumed_traffic INT,
            unique_id VARCHAR(100)
        );
    
[2025-07-02T02:56:27.456+0000] {base.py:84} INFO - Retrieving connection 'postgres_conn'
[2025-07-02T02:56:27.464+0000] {base.py:84} INFO - Retrieving connection 'postgres_conn'
[2025-07-02T02:56:27.467+0000] {sql.py:509} INFO - Running statement: 
        DROP TABLE IF EXISTS driven_raw.raw_batch_data;

        CREATE TABLE driven_raw.raw_batch_data (
            person_name VARCHAR(100),
            user_name VARCHAR(100),
            email VARCHAR(100),
            personal_number VARCHAR(150), 
            birth_date VARCHAR(100), 
            address VARCHAR(100),
            phone VARCHAR(100), 
            mac_address VARCHAR(100),
            ip_address VARCHAR(100),
            iban VARCHAR(100),
            accessed_at TIMESTAMP,
            session_duration INT,
            download_speed INT,
            upload_speed INT,
            consumed_traffic INT,
            unique_id VARCHAR(100)
        );
    , parameters: None
[2025-07-02T02:56:27.508+0000] {taskinstance.py:340} INFO - ::group::Post task execution logs
[2025-07-02T02:56:27.509+0000] {taskinstance.py:352} INFO - Marking task as SUCCESS. dag_id=extract_raw_data_pipeline, task_id=create_raw_table, run_id=manual__2025-07-02T02:56:22.743547+00:00, execution_date=20250702T025622, start_date=20250702T025627, end_date=20250702T025627
[2025-07-02T02:56:27.560+0000] {local_task_job_runner.py:266} INFO - Task exited with return code 0
[2025-07-02T02:56:27.590+0000] {taskinstance.py:3900} INFO - 1 downstream tasks scheduled from follow-on schedule check
[2025-07-02T02:56:27.591+0000] {local_task_job_runner.py:245} INFO - ::endgroup::
