[2025-07-02T07:45:56.462+0000] {local_task_job_runner.py:123} INFO - ::group::Pre task execution logs
[2025-07-02T07:45:56.486+0000] {taskinstance.py:2612} INFO - Dependencies all met for dep_context=non-requeueable deps ti=<TaskInstance: extract_raw_data_pipeline.load_raw_data scheduled__2025-07-01T07:59:00+00:00 [queued]>
[2025-07-02T07:45:56.496+0000] {taskinstance.py:2612} INFO - Dependencies all met for dep_context=requeueable deps ti=<TaskInstance: extract_raw_data_pipeline.load_raw_data scheduled__2025-07-01T07:59:00+00:00 [queued]>
[2025-07-02T07:45:56.497+0000] {taskinstance.py:2865} INFO - Starting attempt 1 of 1
[2025-07-02T07:45:56.513+0000] {taskinstance.py:2888} INFO - Executing <Task(PythonOperator): load_raw_data> on 2025-07-01 07:59:00+00:00
[2025-07-02T07:45:56.531+0000] {warnings.py:112} WARNING - /home/***/.local/lib/python3.12/site-packages/***/task/task_runner/standard_task_runner.py:70: DeprecationWarning: This process (pid=1352) is multi-threaded, use of fork() may lead to deadlocks in the child.
  pid = os.fork()

[2025-07-02T07:45:56.534+0000] {standard_task_runner.py:72} INFO - Started process 1356 to run task
[2025-07-02T07:45:56.535+0000] {standard_task_runner.py:104} INFO - Running: ['***', 'tasks', 'run', 'extract_raw_data_pipeline', 'load_raw_data', 'scheduled__2025-07-01T07:59:00+00:00', '--job-id', '83', '--raw', '--subdir', 'DAGS_FOLDER/driven_data_pipeline.py', '--cfg-path', '/tmp/tmppaq9i1bj']
[2025-07-02T07:45:56.537+0000] {standard_task_runner.py:105} INFO - Job 83: Subtask load_raw_data
[2025-07-02T07:45:56.588+0000] {task_command.py:467} INFO - Running <TaskInstance: extract_raw_data_pipeline.load_raw_data scheduled__2025-07-01T07:59:00+00:00 [running]> on host 24d4a3002b8f
[2025-07-02T07:45:56.636+0000] {taskinstance.py:3131} INFO - Exporting env vars: AIRFLOW_CTX_DAG_OWNER='***' AIRFLOW_CTX_DAG_ID='extract_raw_data_pipeline' AIRFLOW_CTX_TASK_ID='load_raw_data' AIRFLOW_CTX_EXECUTION_DATE='2025-07-01T07:59:00+00:00' AIRFLOW_CTX_TRY_NUMBER='1' AIRFLOW_CTX_DAG_RUN_ID='scheduled__2025-07-01T07:59:00+00:00'
[2025-07-02T07:45:56.637+0000] {taskinstance.py:731} INFO - ::endgroup::
[2025-07-02T07:45:56.650+0000] {driven_data_pipeline.py:163} INFO - Starting data insertion from CSV to PostgreSQL...
[2025-07-02T07:45:56.676+0000] {driven_data_pipeline.py:211} INFO - Data insertion complete.
[2025-07-02T07:45:56.677+0000] {python.py:240} INFO - Done. Returned value was: None
[2025-07-02T07:45:56.684+0000] {taskinstance.py:340} INFO - ::group::Post task execution logs
[2025-07-02T07:45:56.684+0000] {taskinstance.py:352} INFO - Marking task as SUCCESS. dag_id=extract_raw_data_pipeline, task_id=load_raw_data, run_id=scheduled__2025-07-01T07:59:00+00:00, execution_date=20250701T075900, start_date=20250702T074556, end_date=20250702T074556
[2025-07-02T07:45:56.719+0000] {local_task_job_runner.py:266} INFO - Task exited with return code 0
[2025-07-02T07:45:56.745+0000] {taskinstance.py:3900} INFO - 1 downstream tasks scheduled from follow-on schedule check
[2025-07-02T07:45:56.746+0000] {local_task_job_runner.py:245} INFO - ::endgroup::
