[2025-07-03T00:17:34.848+0000] {processor.py:186} INFO - Started process (PID=1910) to work on /opt/airflow/dags/driven_data_pipeline.py
[2025-07-03T00:17:34.849+0000] {processor.py:914} INFO - Processing file /opt/airflow/dags/driven_data_pipeline.py for tasks to queue
[2025-07-03T00:17:34.854+0000] {logging_mixin.py:190} INFO - [2025-07-03T00:17:34.853+0000] {dagbag.py:588} INFO - Filling up the DagBag from /opt/airflow/dags/driven_data_pipeline.py
[2025-07-03T00:17:35.010+0000] {processor.py:925} INFO - DAG(s) 'extract_raw_data_pipeline' retrieved from /opt/airflow/dags/driven_data_pipeline.py
[2025-07-03T00:17:35.032+0000] {logging_mixin.py:190} INFO - [2025-07-03T00:17:35.032+0000] {dag.py:3239} INFO - Sync 1 DAGs
[2025-07-03T00:17:35.048+0000] {logging_mixin.py:190} INFO - [2025-07-03T00:17:35.048+0000] {dag.py:4180} INFO - Setting next_dagrun for extract_raw_data_pipeline to 2025-07-02 07:59:00+00:00, run_after=2025-07-03 07:00:00+00:00
[2025-07-03T00:17:35.058+0000] {processor.py:208} INFO - Processing /opt/airflow/dags/driven_data_pipeline.py took 0.219 seconds
[2025-07-03T00:18:05.343+0000] {processor.py:186} INFO - Started process (PID=1918) to work on /opt/airflow/dags/driven_data_pipeline.py
[2025-07-03T00:18:05.345+0000] {processor.py:914} INFO - Processing file /opt/airflow/dags/driven_data_pipeline.py for tasks to queue
[2025-07-03T00:18:05.349+0000] {logging_mixin.py:190} INFO - [2025-07-03T00:18:05.349+0000] {dagbag.py:588} INFO - Filling up the DagBag from /opt/airflow/dags/driven_data_pipeline.py
[2025-07-03T00:18:05.472+0000] {processor.py:925} INFO - DAG(s) 'extract_raw_data_pipeline' retrieved from /opt/airflow/dags/driven_data_pipeline.py
[2025-07-03T00:18:05.492+0000] {logging_mixin.py:190} INFO - [2025-07-03T00:18:05.491+0000] {dag.py:3239} INFO - Sync 1 DAGs
[2025-07-03T00:18:05.505+0000] {logging_mixin.py:190} INFO - [2025-07-03T00:18:05.505+0000] {dag.py:4180} INFO - Setting next_dagrun for extract_raw_data_pipeline to 2025-07-02 07:59:00+00:00, run_after=2025-07-03 07:00:00+00:00
[2025-07-03T00:18:05.518+0000] {processor.py:208} INFO - Processing /opt/airflow/dags/driven_data_pipeline.py took 0.201 seconds
[2025-07-03T00:18:36.048+0000] {processor.py:186} INFO - Started process (PID=1926) to work on /opt/airflow/dags/driven_data_pipeline.py
[2025-07-03T00:18:36.050+0000] {processor.py:914} INFO - Processing file /opt/airflow/dags/driven_data_pipeline.py for tasks to queue
[2025-07-03T00:18:36.059+0000] {logging_mixin.py:190} INFO - [2025-07-03T00:18:36.058+0000] {dagbag.py:588} INFO - Filling up the DagBag from /opt/airflow/dags/driven_data_pipeline.py
[2025-07-03T00:18:36.241+0000] {processor.py:925} INFO - DAG(s) 'extract_raw_data_pipeline' retrieved from /opt/airflow/dags/driven_data_pipeline.py
[2025-07-03T00:18:36.270+0000] {logging_mixin.py:190} INFO - [2025-07-03T00:18:36.269+0000] {dag.py:3239} INFO - Sync 1 DAGs
[2025-07-03T00:18:36.283+0000] {logging_mixin.py:190} INFO - [2025-07-03T00:18:36.283+0000] {dag.py:4180} INFO - Setting next_dagrun for extract_raw_data_pipeline to 2025-07-02 07:59:00+00:00, run_after=2025-07-03 07:00:00+00:00
[2025-07-03T00:18:36.291+0000] {processor.py:208} INFO - Processing /opt/airflow/dags/driven_data_pipeline.py took 0.256 seconds
[2025-07-03T00:19:06.539+0000] {processor.py:186} INFO - Started process (PID=1934) to work on /opt/airflow/dags/driven_data_pipeline.py
[2025-07-03T00:19:06.541+0000] {processor.py:914} INFO - Processing file /opt/airflow/dags/driven_data_pipeline.py for tasks to queue
[2025-07-03T00:19:06.547+0000] {logging_mixin.py:190} INFO - [2025-07-03T00:19:06.546+0000] {dagbag.py:588} INFO - Filling up the DagBag from /opt/airflow/dags/driven_data_pipeline.py
[2025-07-03T00:19:06.671+0000] {processor.py:925} INFO - DAG(s) 'extract_raw_data_pipeline' retrieved from /opt/airflow/dags/driven_data_pipeline.py
[2025-07-03T00:19:06.688+0000] {logging_mixin.py:190} INFO - [2025-07-03T00:19:06.688+0000] {dag.py:3239} INFO - Sync 1 DAGs
[2025-07-03T00:19:06.700+0000] {logging_mixin.py:190} INFO - [2025-07-03T00:19:06.700+0000] {dag.py:4180} INFO - Setting next_dagrun for extract_raw_data_pipeline to 2025-07-02 07:59:00+00:00, run_after=2025-07-03 07:00:00+00:00
[2025-07-03T00:19:06.707+0000] {processor.py:208} INFO - Processing /opt/airflow/dags/driven_data_pipeline.py took 0.187 seconds
[2025-07-03T00:19:37.143+0000] {processor.py:186} INFO - Started process (PID=1942) to work on /opt/airflow/dags/driven_data_pipeline.py
[2025-07-03T00:19:37.145+0000] {processor.py:914} INFO - Processing file /opt/airflow/dags/driven_data_pipeline.py for tasks to queue
[2025-07-03T00:19:37.151+0000] {logging_mixin.py:190} INFO - [2025-07-03T00:19:37.150+0000] {dagbag.py:588} INFO - Filling up the DagBag from /opt/airflow/dags/driven_data_pipeline.py
[2025-07-03T00:19:37.349+0000] {processor.py:925} INFO - DAG(s) 'extract_raw_data_pipeline' retrieved from /opt/airflow/dags/driven_data_pipeline.py
[2025-07-03T00:19:37.383+0000] {logging_mixin.py:190} INFO - [2025-07-03T00:19:37.383+0000] {dag.py:3239} INFO - Sync 1 DAGs
[2025-07-03T00:19:37.409+0000] {logging_mixin.py:190} INFO - [2025-07-03T00:19:37.408+0000] {dag.py:4180} INFO - Setting next_dagrun for extract_raw_data_pipeline to 2025-07-02 07:59:00+00:00, run_after=2025-07-03 07:00:00+00:00
[2025-07-03T00:19:37.427+0000] {processor.py:208} INFO - Processing /opt/airflow/dags/driven_data_pipeline.py took 0.296 seconds
[2025-07-03T00:20:07.632+0000] {processor.py:186} INFO - Started process (PID=1950) to work on /opt/airflow/dags/driven_data_pipeline.py
[2025-07-03T00:20:07.634+0000] {processor.py:914} INFO - Processing file /opt/airflow/dags/driven_data_pipeline.py for tasks to queue
[2025-07-03T00:20:07.640+0000] {logging_mixin.py:190} INFO - [2025-07-03T00:20:07.639+0000] {dagbag.py:588} INFO - Filling up the DagBag from /opt/airflow/dags/driven_data_pipeline.py
[2025-07-03T00:20:07.793+0000] {processor.py:925} INFO - DAG(s) 'extract_raw_data_pipeline' retrieved from /opt/airflow/dags/driven_data_pipeline.py
[2025-07-03T00:20:07.816+0000] {logging_mixin.py:190} INFO - [2025-07-03T00:20:07.816+0000] {dag.py:3239} INFO - Sync 1 DAGs
[2025-07-03T00:20:07.832+0000] {logging_mixin.py:190} INFO - [2025-07-03T00:20:07.832+0000] {dag.py:4180} INFO - Setting next_dagrun for extract_raw_data_pipeline to 2025-07-02 07:59:00+00:00, run_after=2025-07-03 07:00:00+00:00
[2025-07-03T00:20:07.844+0000] {processor.py:208} INFO - Processing /opt/airflow/dags/driven_data_pipeline.py took 0.224 seconds
[2025-07-03T00:20:38.241+0000] {processor.py:186} INFO - Started process (PID=1958) to work on /opt/airflow/dags/driven_data_pipeline.py
[2025-07-03T00:20:38.243+0000] {processor.py:914} INFO - Processing file /opt/airflow/dags/driven_data_pipeline.py for tasks to queue
[2025-07-03T00:20:38.248+0000] {logging_mixin.py:190} INFO - [2025-07-03T00:20:38.248+0000] {dagbag.py:588} INFO - Filling up the DagBag from /opt/airflow/dags/driven_data_pipeline.py
[2025-07-03T00:20:38.391+0000] {processor.py:925} INFO - DAG(s) 'extract_raw_data_pipeline' retrieved from /opt/airflow/dags/driven_data_pipeline.py
[2025-07-03T00:20:38.416+0000] {logging_mixin.py:190} INFO - [2025-07-03T00:20:38.416+0000] {dag.py:3239} INFO - Sync 1 DAGs
[2025-07-03T00:20:38.437+0000] {logging_mixin.py:190} INFO - [2025-07-03T00:20:38.437+0000] {dag.py:4180} INFO - Setting next_dagrun for extract_raw_data_pipeline to 2025-07-02 07:59:00+00:00, run_after=2025-07-03 07:00:00+00:00
[2025-07-03T00:20:38.446+0000] {processor.py:208} INFO - Processing /opt/airflow/dags/driven_data_pipeline.py took 0.215 seconds
[2025-07-03T00:21:08.736+0000] {processor.py:186} INFO - Started process (PID=1966) to work on /opt/airflow/dags/driven_data_pipeline.py
[2025-07-03T00:21:08.739+0000] {processor.py:914} INFO - Processing file /opt/airflow/dags/driven_data_pipeline.py for tasks to queue
[2025-07-03T00:21:08.745+0000] {logging_mixin.py:190} INFO - [2025-07-03T00:21:08.743+0000] {dagbag.py:588} INFO - Filling up the DagBag from /opt/airflow/dags/driven_data_pipeline.py
[2025-07-03T00:21:08.912+0000] {processor.py:925} INFO - DAG(s) 'extract_raw_data_pipeline' retrieved from /opt/airflow/dags/driven_data_pipeline.py
[2025-07-03T00:21:08.939+0000] {logging_mixin.py:190} INFO - [2025-07-03T00:21:08.939+0000] {dag.py:3239} INFO - Sync 1 DAGs
[2025-07-03T00:21:08.959+0000] {logging_mixin.py:190} INFO - [2025-07-03T00:21:08.959+0000] {dag.py:4180} INFO - Setting next_dagrun for extract_raw_data_pipeline to 2025-07-02 07:59:00+00:00, run_after=2025-07-03 07:00:00+00:00
[2025-07-03T00:21:08.971+0000] {processor.py:208} INFO - Processing /opt/airflow/dags/driven_data_pipeline.py took 0.257 seconds
[2025-07-03T00:21:39.383+0000] {processor.py:186} INFO - Started process (PID=1974) to work on /opt/airflow/dags/driven_data_pipeline.py
[2025-07-03T00:21:39.388+0000] {processor.py:914} INFO - Processing file /opt/airflow/dags/driven_data_pipeline.py for tasks to queue
[2025-07-03T00:21:39.393+0000] {logging_mixin.py:190} INFO - [2025-07-03T00:21:39.393+0000] {dagbag.py:588} INFO - Filling up the DagBag from /opt/airflow/dags/driven_data_pipeline.py
[2025-07-03T00:21:39.549+0000] {processor.py:925} INFO - DAG(s) 'extract_raw_data_pipeline' retrieved from /opt/airflow/dags/driven_data_pipeline.py
[2025-07-03T00:21:39.577+0000] {logging_mixin.py:190} INFO - [2025-07-03T00:21:39.577+0000] {dag.py:3239} INFO - Sync 1 DAGs
[2025-07-03T00:21:39.595+0000] {logging_mixin.py:190} INFO - [2025-07-03T00:21:39.595+0000] {dag.py:4180} INFO - Setting next_dagrun for extract_raw_data_pipeline to 2025-07-02 07:59:00+00:00, run_after=2025-07-03 07:00:00+00:00
[2025-07-03T00:21:39.605+0000] {processor.py:208} INFO - Processing /opt/airflow/dags/driven_data_pipeline.py took 0.239 seconds
[2025-07-03T00:22:09.952+0000] {processor.py:186} INFO - Started process (PID=1982) to work on /opt/airflow/dags/driven_data_pipeline.py
[2025-07-03T00:22:09.956+0000] {processor.py:914} INFO - Processing file /opt/airflow/dags/driven_data_pipeline.py for tasks to queue
[2025-07-03T00:22:09.961+0000] {logging_mixin.py:190} INFO - [2025-07-03T00:22:09.961+0000] {dagbag.py:588} INFO - Filling up the DagBag from /opt/airflow/dags/driven_data_pipeline.py
[2025-07-03T00:22:10.131+0000] {processor.py:925} INFO - DAG(s) 'extract_raw_data_pipeline' retrieved from /opt/airflow/dags/driven_data_pipeline.py
[2025-07-03T00:22:10.162+0000] {logging_mixin.py:190} INFO - [2025-07-03T00:22:10.161+0000] {dag.py:3239} INFO - Sync 1 DAGs
[2025-07-03T00:22:10.180+0000] {logging_mixin.py:190} INFO - [2025-07-03T00:22:10.180+0000] {dag.py:4180} INFO - Setting next_dagrun for extract_raw_data_pipeline to 2025-07-02 07:59:00+00:00, run_after=2025-07-03 07:00:00+00:00
[2025-07-03T00:22:10.188+0000] {processor.py:208} INFO - Processing /opt/airflow/dags/driven_data_pipeline.py took 0.250 seconds
[2025-07-03T00:22:40.427+0000] {processor.py:186} INFO - Started process (PID=1990) to work on /opt/airflow/dags/driven_data_pipeline.py
[2025-07-03T00:22:40.430+0000] {processor.py:914} INFO - Processing file /opt/airflow/dags/driven_data_pipeline.py for tasks to queue
[2025-07-03T00:22:40.434+0000] {logging_mixin.py:190} INFO - [2025-07-03T00:22:40.433+0000] {dagbag.py:588} INFO - Filling up the DagBag from /opt/airflow/dags/driven_data_pipeline.py
[2025-07-03T00:22:40.547+0000] {processor.py:925} INFO - DAG(s) 'extract_raw_data_pipeline' retrieved from /opt/airflow/dags/driven_data_pipeline.py
[2025-07-03T00:22:40.563+0000] {logging_mixin.py:190} INFO - [2025-07-03T00:22:40.563+0000] {dag.py:3239} INFO - Sync 1 DAGs
[2025-07-03T00:22:40.579+0000] {logging_mixin.py:190} INFO - [2025-07-03T00:22:40.579+0000] {dag.py:4180} INFO - Setting next_dagrun for extract_raw_data_pipeline to 2025-07-02 07:59:00+00:00, run_after=2025-07-03 07:00:00+00:00
[2025-07-03T00:22:40.587+0000] {processor.py:208} INFO - Processing /opt/airflow/dags/driven_data_pipeline.py took 0.179 seconds
[2025-07-03T00:23:11.067+0000] {processor.py:186} INFO - Started process (PID=1999) to work on /opt/airflow/dags/driven_data_pipeline.py
[2025-07-03T00:23:11.069+0000] {processor.py:914} INFO - Processing file /opt/airflow/dags/driven_data_pipeline.py for tasks to queue
[2025-07-03T00:23:11.073+0000] {logging_mixin.py:190} INFO - [2025-07-03T00:23:11.073+0000] {dagbag.py:588} INFO - Filling up the DagBag from /opt/airflow/dags/driven_data_pipeline.py
[2025-07-03T00:23:11.206+0000] {processor.py:925} INFO - DAG(s) 'extract_raw_data_pipeline' retrieved from /opt/airflow/dags/driven_data_pipeline.py
[2025-07-03T00:23:11.232+0000] {logging_mixin.py:190} INFO - [2025-07-03T00:23:11.232+0000] {dag.py:3239} INFO - Sync 1 DAGs
[2025-07-03T00:23:11.246+0000] {logging_mixin.py:190} INFO - [2025-07-03T00:23:11.246+0000] {dag.py:4180} INFO - Setting next_dagrun for extract_raw_data_pipeline to 2025-07-02 07:59:00+00:00, run_after=2025-07-03 07:00:00+00:00
[2025-07-03T00:23:11.254+0000] {processor.py:208} INFO - Processing /opt/airflow/dags/driven_data_pipeline.py took 0.197 seconds
[2025-07-03T00:23:41.494+0000] {processor.py:186} INFO - Started process (PID=2007) to work on /opt/airflow/dags/driven_data_pipeline.py
[2025-07-03T00:23:41.498+0000] {processor.py:914} INFO - Processing file /opt/airflow/dags/driven_data_pipeline.py for tasks to queue
[2025-07-03T00:23:41.503+0000] {logging_mixin.py:190} INFO - [2025-07-03T00:23:41.502+0000] {dagbag.py:588} INFO - Filling up the DagBag from /opt/airflow/dags/driven_data_pipeline.py
[2025-07-03T00:23:41.622+0000] {processor.py:925} INFO - DAG(s) 'extract_raw_data_pipeline' retrieved from /opt/airflow/dags/driven_data_pipeline.py
[2025-07-03T00:23:41.640+0000] {logging_mixin.py:190} INFO - [2025-07-03T00:23:41.640+0000] {dag.py:3239} INFO - Sync 1 DAGs
[2025-07-03T00:23:41.657+0000] {logging_mixin.py:190} INFO - [2025-07-03T00:23:41.656+0000] {dag.py:4180} INFO - Setting next_dagrun for extract_raw_data_pipeline to 2025-07-02 07:59:00+00:00, run_after=2025-07-03 07:00:00+00:00
[2025-07-03T00:23:41.666+0000] {processor.py:208} INFO - Processing /opt/airflow/dags/driven_data_pipeline.py took 0.187 seconds
[2025-07-03T00:24:12.111+0000] {processor.py:186} INFO - Started process (PID=2015) to work on /opt/airflow/dags/driven_data_pipeline.py
[2025-07-03T00:24:12.113+0000] {processor.py:914} INFO - Processing file /opt/airflow/dags/driven_data_pipeline.py for tasks to queue
[2025-07-03T00:24:12.116+0000] {logging_mixin.py:190} INFO - [2025-07-03T00:24:12.116+0000] {dagbag.py:588} INFO - Filling up the DagBag from /opt/airflow/dags/driven_data_pipeline.py
[2025-07-03T00:24:12.217+0000] {processor.py:925} INFO - DAG(s) 'extract_raw_data_pipeline' retrieved from /opt/airflow/dags/driven_data_pipeline.py
[2025-07-03T00:24:12.234+0000] {logging_mixin.py:190} INFO - [2025-07-03T00:24:12.234+0000] {dag.py:3239} INFO - Sync 1 DAGs
[2025-07-03T00:24:12.246+0000] {logging_mixin.py:190} INFO - [2025-07-03T00:24:12.245+0000] {dag.py:4180} INFO - Setting next_dagrun for extract_raw_data_pipeline to 2025-07-02 07:59:00+00:00, run_after=2025-07-03 07:00:00+00:00
[2025-07-03T00:24:12.255+0000] {processor.py:208} INFO - Processing /opt/airflow/dags/driven_data_pipeline.py took 0.153 seconds
[2025-07-03T00:24:42.647+0000] {processor.py:186} INFO - Started process (PID=2023) to work on /opt/airflow/dags/driven_data_pipeline.py
[2025-07-03T00:24:42.649+0000] {processor.py:914} INFO - Processing file /opt/airflow/dags/driven_data_pipeline.py for tasks to queue
[2025-07-03T00:24:42.656+0000] {logging_mixin.py:190} INFO - [2025-07-03T00:24:42.656+0000] {dagbag.py:588} INFO - Filling up the DagBag from /opt/airflow/dags/driven_data_pipeline.py
[2025-07-03T00:24:42.787+0000] {processor.py:925} INFO - DAG(s) 'extract_raw_data_pipeline' retrieved from /opt/airflow/dags/driven_data_pipeline.py
[2025-07-03T00:24:42.810+0000] {logging_mixin.py:190} INFO - [2025-07-03T00:24:42.810+0000] {dag.py:3239} INFO - Sync 1 DAGs
[2025-07-03T00:24:42.825+0000] {logging_mixin.py:190} INFO - [2025-07-03T00:24:42.825+0000] {dag.py:4180} INFO - Setting next_dagrun for extract_raw_data_pipeline to 2025-07-02 07:59:00+00:00, run_after=2025-07-03 07:00:00+00:00
[2025-07-03T00:24:42.833+0000] {processor.py:208} INFO - Processing /opt/airflow/dags/driven_data_pipeline.py took 0.198 seconds
[2025-07-03T00:25:13.158+0000] {processor.py:186} INFO - Started process (PID=2031) to work on /opt/airflow/dags/driven_data_pipeline.py
[2025-07-03T00:25:13.162+0000] {processor.py:914} INFO - Processing file /opt/airflow/dags/driven_data_pipeline.py for tasks to queue
[2025-07-03T00:25:13.174+0000] {logging_mixin.py:190} INFO - [2025-07-03T00:25:13.173+0000] {dagbag.py:588} INFO - Filling up the DagBag from /opt/airflow/dags/driven_data_pipeline.py
[2025-07-03T00:25:13.385+0000] {processor.py:925} INFO - DAG(s) 'extract_raw_data_pipeline' retrieved from /opt/airflow/dags/driven_data_pipeline.py
[2025-07-03T00:25:13.419+0000] {logging_mixin.py:190} INFO - [2025-07-03T00:25:13.419+0000] {dag.py:3239} INFO - Sync 1 DAGs
[2025-07-03T00:25:13.441+0000] {logging_mixin.py:190} INFO - [2025-07-03T00:25:13.441+0000] {dag.py:4180} INFO - Setting next_dagrun for extract_raw_data_pipeline to 2025-07-02 07:59:00+00:00, run_after=2025-07-03 07:00:00+00:00
[2025-07-03T00:25:13.452+0000] {processor.py:208} INFO - Processing /opt/airflow/dags/driven_data_pipeline.py took 0.318 seconds
[2025-07-03T00:25:43.734+0000] {processor.py:186} INFO - Started process (PID=2039) to work on /opt/airflow/dags/driven_data_pipeline.py
[2025-07-03T00:25:43.736+0000] {processor.py:914} INFO - Processing file /opt/airflow/dags/driven_data_pipeline.py for tasks to queue
[2025-07-03T00:25:43.741+0000] {logging_mixin.py:190} INFO - [2025-07-03T00:25:43.741+0000] {dagbag.py:588} INFO - Filling up the DagBag from /opt/airflow/dags/driven_data_pipeline.py
[2025-07-03T00:25:43.918+0000] {processor.py:925} INFO - DAG(s) 'extract_raw_data_pipeline' retrieved from /opt/airflow/dags/driven_data_pipeline.py
[2025-07-03T00:25:43.947+0000] {logging_mixin.py:190} INFO - [2025-07-03T00:25:43.947+0000] {dag.py:3239} INFO - Sync 1 DAGs
[2025-07-03T00:25:43.964+0000] {logging_mixin.py:190} INFO - [2025-07-03T00:25:43.964+0000] {dag.py:4180} INFO - Setting next_dagrun for extract_raw_data_pipeline to 2025-07-02 07:59:00+00:00, run_after=2025-07-03 07:00:00+00:00
[2025-07-03T00:25:43.974+0000] {processor.py:208} INFO - Processing /opt/airflow/dags/driven_data_pipeline.py took 0.256 seconds
[2025-07-03T00:26:14.541+0000] {processor.py:186} INFO - Started process (PID=2047) to work on /opt/airflow/dags/driven_data_pipeline.py
[2025-07-03T00:26:14.542+0000] {processor.py:914} INFO - Processing file /opt/airflow/dags/driven_data_pipeline.py for tasks to queue
[2025-07-03T00:26:14.552+0000] {logging_mixin.py:190} INFO - [2025-07-03T00:26:14.552+0000] {dagbag.py:588} INFO - Filling up the DagBag from /opt/airflow/dags/driven_data_pipeline.py
[2025-07-03T00:26:14.712+0000] {processor.py:925} INFO - DAG(s) 'extract_raw_data_pipeline' retrieved from /opt/airflow/dags/driven_data_pipeline.py
[2025-07-03T00:26:14.738+0000] {logging_mixin.py:190} INFO - [2025-07-03T00:26:14.738+0000] {dag.py:3239} INFO - Sync 1 DAGs
[2025-07-03T00:26:14.752+0000] {logging_mixin.py:190} INFO - [2025-07-03T00:26:14.752+0000] {dag.py:4180} INFO - Setting next_dagrun for extract_raw_data_pipeline to 2025-07-02 07:59:00+00:00, run_after=2025-07-03 07:00:00+00:00
[2025-07-03T00:26:14.767+0000] {processor.py:208} INFO - Processing /opt/airflow/dags/driven_data_pipeline.py took 0.241 seconds
[2025-07-03T00:26:45.085+0000] {processor.py:186} INFO - Started process (PID=2055) to work on /opt/airflow/dags/driven_data_pipeline.py
[2025-07-03T00:26:45.087+0000] {processor.py:914} INFO - Processing file /opt/airflow/dags/driven_data_pipeline.py for tasks to queue
[2025-07-03T00:26:45.094+0000] {logging_mixin.py:190} INFO - [2025-07-03T00:26:45.093+0000] {dagbag.py:588} INFO - Filling up the DagBag from /opt/airflow/dags/driven_data_pipeline.py
[2025-07-03T00:26:45.247+0000] {processor.py:925} INFO - DAG(s) 'extract_raw_data_pipeline' retrieved from /opt/airflow/dags/driven_data_pipeline.py
[2025-07-03T00:26:45.269+0000] {logging_mixin.py:190} INFO - [2025-07-03T00:26:45.269+0000] {dag.py:3239} INFO - Sync 1 DAGs
[2025-07-03T00:26:45.289+0000] {logging_mixin.py:190} INFO - [2025-07-03T00:26:45.288+0000] {dag.py:4180} INFO - Setting next_dagrun for extract_raw_data_pipeline to 2025-07-02 07:59:00+00:00, run_after=2025-07-03 07:00:00+00:00
[2025-07-03T00:26:45.299+0000] {processor.py:208} INFO - Processing /opt/airflow/dags/driven_data_pipeline.py took 0.232 seconds
[2025-07-03T00:27:15.609+0000] {processor.py:186} INFO - Started process (PID=2063) to work on /opt/airflow/dags/driven_data_pipeline.py
[2025-07-03T00:27:15.612+0000] {processor.py:914} INFO - Processing file /opt/airflow/dags/driven_data_pipeline.py for tasks to queue
[2025-07-03T00:27:15.620+0000] {logging_mixin.py:190} INFO - [2025-07-03T00:27:15.619+0000] {dagbag.py:588} INFO - Filling up the DagBag from /opt/airflow/dags/driven_data_pipeline.py
[2025-07-03T00:27:15.889+0000] {processor.py:925} INFO - DAG(s) 'extract_raw_data_pipeline' retrieved from /opt/airflow/dags/driven_data_pipeline.py
[2025-07-03T00:27:15.926+0000] {logging_mixin.py:190} INFO - [2025-07-03T00:27:15.926+0000] {dag.py:3239} INFO - Sync 1 DAGs
[2025-07-03T00:27:15.949+0000] {logging_mixin.py:190} INFO - [2025-07-03T00:27:15.948+0000] {dag.py:4180} INFO - Setting next_dagrun for extract_raw_data_pipeline to 2025-07-02 07:59:00+00:00, run_after=2025-07-03 07:00:00+00:00
[2025-07-03T00:27:15.960+0000] {processor.py:208} INFO - Processing /opt/airflow/dags/driven_data_pipeline.py took 0.372 seconds
[2025-07-03T00:27:46.197+0000] {processor.py:186} INFO - Started process (PID=2070) to work on /opt/airflow/dags/driven_data_pipeline.py
[2025-07-03T00:27:46.199+0000] {processor.py:914} INFO - Processing file /opt/airflow/dags/driven_data_pipeline.py for tasks to queue
[2025-07-03T00:27:46.204+0000] {logging_mixin.py:190} INFO - [2025-07-03T00:27:46.203+0000] {dagbag.py:588} INFO - Filling up the DagBag from /opt/airflow/dags/driven_data_pipeline.py
[2025-07-03T00:27:46.360+0000] {processor.py:925} INFO - DAG(s) 'extract_raw_data_pipeline' retrieved from /opt/airflow/dags/driven_data_pipeline.py
[2025-07-03T00:27:46.384+0000] {logging_mixin.py:190} INFO - [2025-07-03T00:27:46.384+0000] {dag.py:3239} INFO - Sync 1 DAGs
[2025-07-03T00:27:46.405+0000] {logging_mixin.py:190} INFO - [2025-07-03T00:27:46.405+0000] {dag.py:4180} INFO - Setting next_dagrun for extract_raw_data_pipeline to 2025-07-02 07:59:00+00:00, run_after=2025-07-03 07:00:00+00:00
[2025-07-03T00:27:46.416+0000] {processor.py:208} INFO - Processing /opt/airflow/dags/driven_data_pipeline.py took 0.236 seconds
[2025-07-03T00:28:16.988+0000] {processor.py:186} INFO - Started process (PID=2078) to work on /opt/airflow/dags/driven_data_pipeline.py
[2025-07-03T00:28:16.990+0000] {processor.py:914} INFO - Processing file /opt/airflow/dags/driven_data_pipeline.py for tasks to queue
[2025-07-03T00:28:16.996+0000] {logging_mixin.py:190} INFO - [2025-07-03T00:28:16.996+0000] {dagbag.py:588} INFO - Filling up the DagBag from /opt/airflow/dags/driven_data_pipeline.py
[2025-07-03T00:28:17.199+0000] {processor.py:925} INFO - DAG(s) 'extract_raw_data_pipeline' retrieved from /opt/airflow/dags/driven_data_pipeline.py
[2025-07-03T00:28:17.247+0000] {logging_mixin.py:190} INFO - [2025-07-03T00:28:17.247+0000] {dag.py:3239} INFO - Sync 1 DAGs
[2025-07-03T00:28:17.326+0000] {logging_mixin.py:190} INFO - [2025-07-03T00:28:17.326+0000] {dag.py:4180} INFO - Setting next_dagrun for extract_raw_data_pipeline to 2025-07-02 07:59:00+00:00, run_after=2025-07-03 07:00:00+00:00
[2025-07-03T00:28:17.339+0000] {processor.py:208} INFO - Processing /opt/airflow/dags/driven_data_pipeline.py took 0.363 seconds
[2025-07-03T00:28:47.566+0000] {processor.py:186} INFO - Started process (PID=2086) to work on /opt/airflow/dags/driven_data_pipeline.py
[2025-07-03T00:28:47.567+0000] {processor.py:914} INFO - Processing file /opt/airflow/dags/driven_data_pipeline.py for tasks to queue
[2025-07-03T00:28:47.574+0000] {logging_mixin.py:190} INFO - [2025-07-03T00:28:47.572+0000] {dagbag.py:588} INFO - Filling up the DagBag from /opt/airflow/dags/driven_data_pipeline.py
[2025-07-03T00:28:47.793+0000] {processor.py:925} INFO - DAG(s) 'extract_raw_data_pipeline' retrieved from /opt/airflow/dags/driven_data_pipeline.py
[2025-07-03T00:28:47.858+0000] {logging_mixin.py:190} INFO - [2025-07-03T00:28:47.857+0000] {dag.py:3239} INFO - Sync 1 DAGs
[2025-07-03T00:28:47.876+0000] {logging_mixin.py:190} INFO - [2025-07-03T00:28:47.876+0000] {dag.py:4180} INFO - Setting next_dagrun for extract_raw_data_pipeline to 2025-07-02 07:59:00+00:00, run_after=2025-07-03 07:00:00+00:00
[2025-07-03T00:28:47.887+0000] {processor.py:208} INFO - Processing /opt/airflow/dags/driven_data_pipeline.py took 0.335 seconds
[2025-07-03T00:29:18.338+0000] {processor.py:186} INFO - Started process (PID=2094) to work on /opt/airflow/dags/driven_data_pipeline.py
[2025-07-03T00:29:18.340+0000] {processor.py:914} INFO - Processing file /opt/airflow/dags/driven_data_pipeline.py for tasks to queue
[2025-07-03T00:29:18.346+0000] {logging_mixin.py:190} INFO - [2025-07-03T00:29:18.345+0000] {dagbag.py:588} INFO - Filling up the DagBag from /opt/airflow/dags/driven_data_pipeline.py
[2025-07-03T00:29:18.623+0000] {processor.py:925} INFO - DAG(s) 'extract_raw_data_pipeline' retrieved from /opt/airflow/dags/driven_data_pipeline.py
[2025-07-03T00:29:18.667+0000] {logging_mixin.py:190} INFO - [2025-07-03T00:29:18.666+0000] {dag.py:3239} INFO - Sync 1 DAGs
[2025-07-03T00:29:18.684+0000] {logging_mixin.py:190} INFO - [2025-07-03T00:29:18.684+0000] {dag.py:4180} INFO - Setting next_dagrun for extract_raw_data_pipeline to 2025-07-02 07:59:00+00:00, run_after=2025-07-03 07:00:00+00:00
[2025-07-03T00:29:18.707+0000] {processor.py:208} INFO - Processing /opt/airflow/dags/driven_data_pipeline.py took 0.389 seconds
[2025-07-03T00:29:48.952+0000] {processor.py:186} INFO - Started process (PID=2102) to work on /opt/airflow/dags/driven_data_pipeline.py
[2025-07-03T00:29:48.954+0000] {processor.py:914} INFO - Processing file /opt/airflow/dags/driven_data_pipeline.py for tasks to queue
[2025-07-03T00:29:48.960+0000] {logging_mixin.py:190} INFO - [2025-07-03T00:29:48.959+0000] {dagbag.py:588} INFO - Filling up the DagBag from /opt/airflow/dags/driven_data_pipeline.py
[2025-07-03T00:29:49.143+0000] {processor.py:925} INFO - DAG(s) 'extract_raw_data_pipeline' retrieved from /opt/airflow/dags/driven_data_pipeline.py
[2025-07-03T00:29:49.178+0000] {logging_mixin.py:190} INFO - [2025-07-03T00:29:49.178+0000] {dag.py:3239} INFO - Sync 1 DAGs
[2025-07-03T00:29:49.200+0000] {logging_mixin.py:190} INFO - [2025-07-03T00:29:49.199+0000] {dag.py:4180} INFO - Setting next_dagrun for extract_raw_data_pipeline to 2025-07-02 07:59:00+00:00, run_after=2025-07-03 07:00:00+00:00
[2025-07-03T00:29:49.217+0000] {processor.py:208} INFO - Processing /opt/airflow/dags/driven_data_pipeline.py took 0.284 seconds
[2025-07-03T00:30:19.482+0000] {processor.py:186} INFO - Started process (PID=2110) to work on /opt/airflow/dags/driven_data_pipeline.py
[2025-07-03T00:30:19.485+0000] {processor.py:914} INFO - Processing file /opt/airflow/dags/driven_data_pipeline.py for tasks to queue
[2025-07-03T00:30:19.493+0000] {logging_mixin.py:190} INFO - [2025-07-03T00:30:19.493+0000] {dagbag.py:588} INFO - Filling up the DagBag from /opt/airflow/dags/driven_data_pipeline.py
[2025-07-03T00:30:19.636+0000] {processor.py:925} INFO - DAG(s) 'extract_raw_data_pipeline' retrieved from /opt/airflow/dags/driven_data_pipeline.py
[2025-07-03T00:30:19.666+0000] {logging_mixin.py:190} INFO - [2025-07-03T00:30:19.666+0000] {dag.py:3239} INFO - Sync 1 DAGs
[2025-07-03T00:30:19.686+0000] {logging_mixin.py:190} INFO - [2025-07-03T00:30:19.686+0000] {dag.py:4180} INFO - Setting next_dagrun for extract_raw_data_pipeline to 2025-07-02 07:59:00+00:00, run_after=2025-07-03 07:00:00+00:00
[2025-07-03T00:30:19.700+0000] {processor.py:208} INFO - Processing /opt/airflow/dags/driven_data_pipeline.py took 0.233 seconds
[2025-07-03T00:30:50.062+0000] {processor.py:186} INFO - Started process (PID=2118) to work on /opt/airflow/dags/driven_data_pipeline.py
[2025-07-03T00:30:50.064+0000] {processor.py:914} INFO - Processing file /opt/airflow/dags/driven_data_pipeline.py for tasks to queue
[2025-07-03T00:30:50.070+0000] {logging_mixin.py:190} INFO - [2025-07-03T00:30:50.069+0000] {dagbag.py:588} INFO - Filling up the DagBag from /opt/airflow/dags/driven_data_pipeline.py
[2025-07-03T00:30:50.203+0000] {processor.py:925} INFO - DAG(s) 'extract_raw_data_pipeline' retrieved from /opt/airflow/dags/driven_data_pipeline.py
[2025-07-03T00:30:50.221+0000] {logging_mixin.py:190} INFO - [2025-07-03T00:30:50.221+0000] {dag.py:3239} INFO - Sync 1 DAGs
[2025-07-03T00:30:50.238+0000] {logging_mixin.py:190} INFO - [2025-07-03T00:30:50.238+0000] {dag.py:4180} INFO - Setting next_dagrun for extract_raw_data_pipeline to 2025-07-02 07:59:00+00:00, run_after=2025-07-03 07:00:00+00:00
[2025-07-03T00:30:50.247+0000] {processor.py:208} INFO - Processing /opt/airflow/dags/driven_data_pipeline.py took 0.208 seconds
[2025-07-03T00:31:20.561+0000] {processor.py:186} INFO - Started process (PID=2126) to work on /opt/airflow/dags/driven_data_pipeline.py
[2025-07-03T00:31:20.563+0000] {processor.py:914} INFO - Processing file /opt/airflow/dags/driven_data_pipeline.py for tasks to queue
[2025-07-03T00:31:20.568+0000] {logging_mixin.py:190} INFO - [2025-07-03T00:31:20.567+0000] {dagbag.py:588} INFO - Filling up the DagBag from /opt/airflow/dags/driven_data_pipeline.py
[2025-07-03T00:31:20.760+0000] {processor.py:925} INFO - DAG(s) 'extract_raw_data_pipeline' retrieved from /opt/airflow/dags/driven_data_pipeline.py
[2025-07-03T00:31:20.796+0000] {logging_mixin.py:190} INFO - [2025-07-03T00:31:20.796+0000] {dag.py:3239} INFO - Sync 1 DAGs
[2025-07-03T00:31:20.828+0000] {logging_mixin.py:190} INFO - [2025-07-03T00:31:20.827+0000] {dag.py:4180} INFO - Setting next_dagrun for extract_raw_data_pipeline to 2025-07-02 07:59:00+00:00, run_after=2025-07-03 07:00:00+00:00
[2025-07-03T00:31:20.839+0000] {processor.py:208} INFO - Processing /opt/airflow/dags/driven_data_pipeline.py took 0.292 seconds
[2025-07-03T00:31:51.125+0000] {processor.py:186} INFO - Started process (PID=2134) to work on /opt/airflow/dags/driven_data_pipeline.py
[2025-07-03T00:31:51.127+0000] {processor.py:914} INFO - Processing file /opt/airflow/dags/driven_data_pipeline.py for tasks to queue
[2025-07-03T00:31:51.133+0000] {logging_mixin.py:190} INFO - [2025-07-03T00:31:51.132+0000] {dagbag.py:588} INFO - Filling up the DagBag from /opt/airflow/dags/driven_data_pipeline.py
[2025-07-03T00:31:51.290+0000] {processor.py:925} INFO - DAG(s) 'extract_raw_data_pipeline' retrieved from /opt/airflow/dags/driven_data_pipeline.py
[2025-07-03T00:31:51.328+0000] {logging_mixin.py:190} INFO - [2025-07-03T00:31:51.328+0000] {dag.py:3239} INFO - Sync 1 DAGs
[2025-07-03T00:31:51.352+0000] {logging_mixin.py:190} INFO - [2025-07-03T00:31:51.352+0000] {dag.py:4180} INFO - Setting next_dagrun for extract_raw_data_pipeline to 2025-07-02 07:59:00+00:00, run_after=2025-07-03 07:00:00+00:00
[2025-07-03T00:31:51.365+0000] {processor.py:208} INFO - Processing /opt/airflow/dags/driven_data_pipeline.py took 0.260 seconds
[2025-07-03T00:32:21.834+0000] {processor.py:186} INFO - Started process (PID=2142) to work on /opt/airflow/dags/driven_data_pipeline.py
[2025-07-03T00:32:21.837+0000] {processor.py:914} INFO - Processing file /opt/airflow/dags/driven_data_pipeline.py for tasks to queue
[2025-07-03T00:32:21.846+0000] {logging_mixin.py:190} INFO - [2025-07-03T00:32:21.845+0000] {dagbag.py:588} INFO - Filling up the DagBag from /opt/airflow/dags/driven_data_pipeline.py
[2025-07-03T00:32:22.074+0000] {processor.py:925} INFO - DAG(s) 'extract_raw_data_pipeline' retrieved from /opt/airflow/dags/driven_data_pipeline.py
[2025-07-03T00:32:22.138+0000] {logging_mixin.py:190} INFO - [2025-07-03T00:32:22.137+0000] {dag.py:3239} INFO - Sync 1 DAGs
[2025-07-03T00:32:22.171+0000] {logging_mixin.py:190} INFO - [2025-07-03T00:32:22.171+0000] {dag.py:4180} INFO - Setting next_dagrun for extract_raw_data_pipeline to 2025-07-02 07:59:00+00:00, run_after=2025-07-03 07:00:00+00:00
[2025-07-03T00:32:22.190+0000] {processor.py:208} INFO - Processing /opt/airflow/dags/driven_data_pipeline.py took 0.367 seconds
[2025-07-03T00:32:52.269+0000] {processor.py:186} INFO - Started process (PID=2150) to work on /opt/airflow/dags/driven_data_pipeline.py
[2025-07-03T00:32:52.271+0000] {processor.py:914} INFO - Processing file /opt/airflow/dags/driven_data_pipeline.py for tasks to queue
[2025-07-03T00:32:52.278+0000] {logging_mixin.py:190} INFO - [2025-07-03T00:32:52.277+0000] {dagbag.py:588} INFO - Filling up the DagBag from /opt/airflow/dags/driven_data_pipeline.py
[2025-07-03T00:32:52.435+0000] {processor.py:925} INFO - DAG(s) 'extract_raw_data_pipeline' retrieved from /opt/airflow/dags/driven_data_pipeline.py
[2025-07-03T00:32:52.459+0000] {logging_mixin.py:190} INFO - [2025-07-03T00:32:52.459+0000] {dag.py:3239} INFO - Sync 1 DAGs
[2025-07-03T00:32:52.471+0000] {logging_mixin.py:190} INFO - [2025-07-03T00:32:52.471+0000] {dag.py:4180} INFO - Setting next_dagrun for extract_raw_data_pipeline to 2025-07-02 07:59:00+00:00, run_after=2025-07-03 07:00:00+00:00
[2025-07-03T00:32:52.485+0000] {processor.py:208} INFO - Processing /opt/airflow/dags/driven_data_pipeline.py took 0.223 seconds
[2025-07-03T00:33:22.828+0000] {processor.py:186} INFO - Started process (PID=2158) to work on /opt/airflow/dags/driven_data_pipeline.py
[2025-07-03T00:33:22.834+0000] {processor.py:914} INFO - Processing file /opt/airflow/dags/driven_data_pipeline.py for tasks to queue
[2025-07-03T00:33:22.843+0000] {logging_mixin.py:190} INFO - [2025-07-03T00:33:22.842+0000] {dagbag.py:588} INFO - Filling up the DagBag from /opt/airflow/dags/driven_data_pipeline.py
[2025-07-03T00:33:22.982+0000] {processor.py:925} INFO - DAG(s) 'extract_raw_data_pipeline' retrieved from /opt/airflow/dags/driven_data_pipeline.py
[2025-07-03T00:33:23.001+0000] {logging_mixin.py:190} INFO - [2025-07-03T00:33:23.001+0000] {dag.py:3239} INFO - Sync 1 DAGs
[2025-07-03T00:33:23.018+0000] {logging_mixin.py:190} INFO - [2025-07-03T00:33:23.018+0000] {dag.py:4180} INFO - Setting next_dagrun for extract_raw_data_pipeline to 2025-07-02 07:59:00+00:00, run_after=2025-07-03 07:00:00+00:00
[2025-07-03T00:33:23.027+0000] {processor.py:208} INFO - Processing /opt/airflow/dags/driven_data_pipeline.py took 0.222 seconds
[2025-07-03T00:33:54.050+0000] {processor.py:186} INFO - Started process (PID=2172) to work on /opt/airflow/dags/driven_data_pipeline.py
[2025-07-03T00:33:54.053+0000] {processor.py:914} INFO - Processing file /opt/airflow/dags/driven_data_pipeline.py for tasks to queue
[2025-07-03T00:33:54.073+0000] {logging_mixin.py:190} INFO - [2025-07-03T00:33:54.071+0000] {dagbag.py:588} INFO - Filling up the DagBag from /opt/airflow/dags/driven_data_pipeline.py
[2025-07-03T00:33:54.407+0000] {processor.py:925} INFO - DAG(s) 'extract_raw_data_pipeline' retrieved from /opt/airflow/dags/driven_data_pipeline.py
[2025-07-03T00:33:54.463+0000] {logging_mixin.py:190} INFO - [2025-07-03T00:33:54.462+0000] {dag.py:3239} INFO - Sync 1 DAGs
[2025-07-03T00:33:54.522+0000] {logging_mixin.py:190} INFO - [2025-07-03T00:33:54.522+0000] {dag.py:4180} INFO - Setting next_dagrun for extract_raw_data_pipeline to 2025-07-02 07:59:00+00:00, run_after=2025-07-03 07:00:00+00:00
[2025-07-03T00:33:54.558+0000] {processor.py:208} INFO - Processing /opt/airflow/dags/driven_data_pipeline.py took 0.525 seconds
[2025-07-03T00:48:12.816+0000] {processor.py:186} INFO - Started process (PID=2174) to work on /opt/airflow/dags/driven_data_pipeline.py
[2025-07-03T00:48:12.817+0000] {processor.py:914} INFO - Processing file /opt/airflow/dags/driven_data_pipeline.py for tasks to queue
[2025-07-03T00:48:12.822+0000] {logging_mixin.py:190} INFO - [2025-07-03T00:48:12.821+0000] {dagbag.py:588} INFO - Filling up the DagBag from /opt/airflow/dags/driven_data_pipeline.py
[2025-07-03T00:48:12.991+0000] {processor.py:925} INFO - DAG(s) 'extract_raw_data_pipeline' retrieved from /opt/airflow/dags/driven_data_pipeline.py
[2025-07-03T00:48:13.014+0000] {logging_mixin.py:190} INFO - [2025-07-03T00:48:13.014+0000] {dag.py:3239} INFO - Sync 1 DAGs
[2025-07-03T00:48:13.034+0000] {logging_mixin.py:190} INFO - [2025-07-03T00:48:13.034+0000] {dag.py:4180} INFO - Setting next_dagrun for extract_raw_data_pipeline to 2025-07-02 07:59:00+00:00, run_after=2025-07-03 07:00:00+00:00
[2025-07-03T00:48:13.058+0000] {processor.py:208} INFO - Processing /opt/airflow/dags/driven_data_pipeline.py took 0.251 seconds
[2025-07-03T00:48:43.277+0000] {processor.py:186} INFO - Started process (PID=2182) to work on /opt/airflow/dags/driven_data_pipeline.py
[2025-07-03T00:48:43.279+0000] {processor.py:914} INFO - Processing file /opt/airflow/dags/driven_data_pipeline.py for tasks to queue
[2025-07-03T00:48:43.285+0000] {logging_mixin.py:190} INFO - [2025-07-03T00:48:43.284+0000] {dagbag.py:588} INFO - Filling up the DagBag from /opt/airflow/dags/driven_data_pipeline.py
[2025-07-03T00:48:43.405+0000] {processor.py:925} INFO - DAG(s) 'extract_raw_data_pipeline' retrieved from /opt/airflow/dags/driven_data_pipeline.py
[2025-07-03T00:48:43.439+0000] {logging_mixin.py:190} INFO - [2025-07-03T00:48:43.439+0000] {dag.py:3239} INFO - Sync 1 DAGs
[2025-07-03T00:48:43.459+0000] {logging_mixin.py:190} INFO - [2025-07-03T00:48:43.459+0000] {dag.py:4180} INFO - Setting next_dagrun for extract_raw_data_pipeline to 2025-07-02 07:59:00+00:00, run_after=2025-07-03 07:00:00+00:00
[2025-07-03T00:48:43.469+0000] {processor.py:208} INFO - Processing /opt/airflow/dags/driven_data_pipeline.py took 0.205 seconds
[2025-07-03T00:49:14.318+0000] {processor.py:186} INFO - Started process (PID=2190) to work on /opt/airflow/dags/driven_data_pipeline.py
[2025-07-03T00:49:14.323+0000] {processor.py:914} INFO - Processing file /opt/airflow/dags/driven_data_pipeline.py for tasks to queue
[2025-07-03T00:49:14.329+0000] {logging_mixin.py:190} INFO - [2025-07-03T00:49:14.328+0000] {dagbag.py:588} INFO - Filling up the DagBag from /opt/airflow/dags/driven_data_pipeline.py
[2025-07-03T00:49:14.499+0000] {processor.py:925} INFO - DAG(s) 'extract_raw_data_pipeline' retrieved from /opt/airflow/dags/driven_data_pipeline.py
[2025-07-03T00:49:14.523+0000] {logging_mixin.py:190} INFO - [2025-07-03T00:49:14.523+0000] {dag.py:3239} INFO - Sync 1 DAGs
[2025-07-03T00:49:14.543+0000] {logging_mixin.py:190} INFO - [2025-07-03T00:49:14.542+0000] {dag.py:4180} INFO - Setting next_dagrun for extract_raw_data_pipeline to 2025-07-02 07:59:00+00:00, run_after=2025-07-03 07:00:00+00:00
[2025-07-03T00:49:14.554+0000] {processor.py:208} INFO - Processing /opt/airflow/dags/driven_data_pipeline.py took 0.251 seconds
