[2025-06-27T00:29:48.488+0000] {processor.py:186} INFO - Started process (PID=1390) to work on /home/airflow/.local/lib/python3.12/site-packages/airflow/example_dags/example_branch_labels.py
[2025-06-27T00:29:48.490+0000] {processor.py:914} INFO - Processing file /home/airflow/.local/lib/python3.12/site-packages/airflow/example_dags/example_branch_labels.py for tasks to queue
[2025-06-27T00:29:48.503+0000] {logging_mixin.py:190} INFO - [2025-06-27T00:29:48.501+0000] {dagbag.py:588} INFO - Filling up the DagBag from /home/airflow/.local/lib/python3.12/site-packages/airflow/example_dags/example_branch_labels.py
[2025-06-27T00:29:48.532+0000] {processor.py:925} INFO - DAG(s) 'example_branch_labels' retrieved from /home/airflow/.local/lib/python3.12/site-packages/airflow/example_dags/example_branch_labels.py
[2025-06-27T00:29:48.578+0000] {logging_mixin.py:190} INFO - [2025-06-27T00:29:48.578+0000] {dag.py:3239} INFO - Sync 1 DAGs
[2025-06-27T00:29:48.769+0000] {logging_mixin.py:190} INFO - [2025-06-27T00:29:48.767+0000] {dag.py:4180} INFO - Setting next_dagrun for example_branch_labels to 2025-06-26 00:00:00+00:00, run_after=2025-06-27 00:00:00+00:00
[2025-06-27T00:29:48.970+0000] {processor.py:208} INFO - Processing /home/airflow/.local/lib/python3.12/site-packages/airflow/example_dags/example_branch_labels.py took 0.499 seconds
[2025-06-27T00:30:25.728+0000] {processor.py:186} INFO - Started process (PID=1452) to work on /home/airflow/.local/lib/python3.12/site-packages/airflow/example_dags/example_branch_labels.py
[2025-06-27T00:30:25.731+0000] {processor.py:914} INFO - Processing file /home/airflow/.local/lib/python3.12/site-packages/airflow/example_dags/example_branch_labels.py for tasks to queue
[2025-06-27T00:30:25.732+0000] {logging_mixin.py:190} INFO - [2025-06-27T00:30:25.732+0000] {dagbag.py:588} INFO - Filling up the DagBag from /home/airflow/.local/lib/python3.12/site-packages/airflow/example_dags/example_branch_labels.py
[2025-06-27T00:30:25.740+0000] {processor.py:925} INFO - DAG(s) 'example_branch_labels' retrieved from /home/airflow/.local/lib/python3.12/site-packages/airflow/example_dags/example_branch_labels.py
[2025-06-27T00:30:25.753+0000] {logging_mixin.py:190} INFO - [2025-06-27T00:30:25.753+0000] {dag.py:3239} INFO - Sync 1 DAGs
[2025-06-27T00:30:25.774+0000] {logging_mixin.py:190} INFO - [2025-06-27T00:30:25.774+0000] {dag.py:4180} INFO - Setting next_dagrun for example_branch_labels to 2025-06-26 00:00:00+00:00, run_after=2025-06-27 00:00:00+00:00
[2025-06-27T00:30:25.786+0000] {processor.py:208} INFO - Processing /home/airflow/.local/lib/python3.12/site-packages/airflow/example_dags/example_branch_labels.py took 0.064 seconds
[2025-06-27T01:08:25.257+0000] {processor.py:186} INFO - Started process (PID=1514) to work on /home/airflow/.local/lib/python3.12/site-packages/airflow/example_dags/example_branch_labels.py
[2025-06-27T01:08:25.259+0000] {processor.py:914} INFO - Processing file /home/airflow/.local/lib/python3.12/site-packages/airflow/example_dags/example_branch_labels.py for tasks to queue
[2025-06-27T01:08:25.262+0000] {logging_mixin.py:190} INFO - [2025-06-27T01:08:25.261+0000] {dagbag.py:588} INFO - Filling up the DagBag from /home/airflow/.local/lib/python3.12/site-packages/airflow/example_dags/example_branch_labels.py
[2025-06-27T01:08:25.271+0000] {processor.py:925} INFO - DAG(s) 'example_branch_labels' retrieved from /home/airflow/.local/lib/python3.12/site-packages/airflow/example_dags/example_branch_labels.py
[2025-06-27T01:08:25.294+0000] {logging_mixin.py:190} INFO - [2025-06-27T01:08:25.294+0000] {dag.py:3239} INFO - Sync 1 DAGs
[2025-06-27T01:08:25.311+0000] {logging_mixin.py:190} INFO - [2025-06-27T01:08:25.311+0000] {dag.py:4180} INFO - Setting next_dagrun for example_branch_labels to 2025-06-26 00:00:00+00:00, run_after=2025-06-27 00:00:00+00:00
[2025-06-27T01:08:25.331+0000] {processor.py:208} INFO - Processing /home/airflow/.local/lib/python3.12/site-packages/airflow/example_dags/example_branch_labels.py took 0.078 seconds
[2025-06-27T01:39:44.239+0000] {processor.py:186} INFO - Started process (PID=1575) to work on /home/airflow/.local/lib/python3.12/site-packages/airflow/example_dags/example_branch_labels.py
[2025-06-27T01:39:44.239+0000] {processor.py:914} INFO - Processing file /home/airflow/.local/lib/python3.12/site-packages/airflow/example_dags/example_branch_labels.py for tasks to queue
[2025-06-27T01:39:44.241+0000] {logging_mixin.py:190} INFO - [2025-06-27T01:39:44.241+0000] {dagbag.py:588} INFO - Filling up the DagBag from /home/airflow/.local/lib/python3.12/site-packages/airflow/example_dags/example_branch_labels.py
[2025-06-27T01:39:44.254+0000] {processor.py:925} INFO - DAG(s) 'example_branch_labels' retrieved from /home/airflow/.local/lib/python3.12/site-packages/airflow/example_dags/example_branch_labels.py
[2025-06-27T01:39:44.285+0000] {logging_mixin.py:190} INFO - [2025-06-27T01:39:44.285+0000] {dag.py:3239} INFO - Sync 1 DAGs
[2025-06-27T01:39:44.321+0000] {logging_mixin.py:190} INFO - [2025-06-27T01:39:44.321+0000] {dag.py:4180} INFO - Setting next_dagrun for example_branch_labels to 2025-06-26 00:00:00+00:00, run_after=2025-06-27 00:00:00+00:00
[2025-06-27T01:39:44.341+0000] {processor.py:208} INFO - Processing /home/airflow/.local/lib/python3.12/site-packages/airflow/example_dags/example_branch_labels.py took 0.108 seconds
[2025-06-27T01:40:18.694+0000] {processor.py:186} INFO - Started process (PID=1637) to work on /home/airflow/.local/lib/python3.12/site-packages/airflow/example_dags/example_branch_labels.py
[2025-06-27T01:40:18.696+0000] {processor.py:914} INFO - Processing file /home/airflow/.local/lib/python3.12/site-packages/airflow/example_dags/example_branch_labels.py for tasks to queue
[2025-06-27T01:40:18.701+0000] {logging_mixin.py:190} INFO - [2025-06-27T01:40:18.701+0000] {dagbag.py:588} INFO - Filling up the DagBag from /home/airflow/.local/lib/python3.12/site-packages/airflow/example_dags/example_branch_labels.py
[2025-06-27T01:40:18.718+0000] {processor.py:925} INFO - DAG(s) 'example_branch_labels' retrieved from /home/airflow/.local/lib/python3.12/site-packages/airflow/example_dags/example_branch_labels.py
[2025-06-27T01:40:18.741+0000] {logging_mixin.py:190} INFO - [2025-06-27T01:40:18.741+0000] {dag.py:3239} INFO - Sync 1 DAGs
[2025-06-27T01:40:18.773+0000] {logging_mixin.py:190} INFO - [2025-06-27T01:40:18.773+0000] {dag.py:4180} INFO - Setting next_dagrun for example_branch_labels to 2025-06-26 00:00:00+00:00, run_after=2025-06-27 00:00:00+00:00
[2025-06-27T01:40:18.821+0000] {processor.py:208} INFO - Processing /home/airflow/.local/lib/python3.12/site-packages/airflow/example_dags/example_branch_labels.py took 0.132 seconds
[2025-06-27T01:40:53.257+0000] {processor.py:186} INFO - Started process (PID=1699) to work on /home/airflow/.local/lib/python3.12/site-packages/airflow/example_dags/example_branch_labels.py
[2025-06-27T01:40:53.259+0000] {processor.py:914} INFO - Processing file /home/airflow/.local/lib/python3.12/site-packages/airflow/example_dags/example_branch_labels.py for tasks to queue
[2025-06-27T01:40:53.264+0000] {logging_mixin.py:190} INFO - [2025-06-27T01:40:53.263+0000] {dagbag.py:588} INFO - Filling up the DagBag from /home/airflow/.local/lib/python3.12/site-packages/airflow/example_dags/example_branch_labels.py
[2025-06-27T01:40:53.296+0000] {processor.py:925} INFO - DAG(s) 'example_branch_labels' retrieved from /home/airflow/.local/lib/python3.12/site-packages/airflow/example_dags/example_branch_labels.py
[2025-06-27T01:40:53.378+0000] {logging_mixin.py:190} INFO - [2025-06-27T01:40:53.378+0000] {dag.py:3239} INFO - Sync 1 DAGs
[2025-06-27T01:40:53.452+0000] {logging_mixin.py:190} INFO - [2025-06-27T01:40:53.452+0000] {dag.py:4180} INFO - Setting next_dagrun for example_branch_labels to 2025-06-26 00:00:00+00:00, run_after=2025-06-27 00:00:00+00:00
[2025-06-27T01:40:53.492+0000] {processor.py:208} INFO - Processing /home/airflow/.local/lib/python3.12/site-packages/airflow/example_dags/example_branch_labels.py took 0.245 seconds
