[2025-06-27T00:29:46.350+0000] {processor.py:186} INFO - Started process (PID=1381) to work on /home/airflow/.local/lib/python3.12/site-packages/airflow/example_dags/example_branch_python_dop_operator_3.py
[2025-06-27T00:29:46.351+0000] {processor.py:914} INFO - Processing file /home/airflow/.local/lib/python3.12/site-packages/airflow/example_dags/example_branch_python_dop_operator_3.py for tasks to queue
[2025-06-27T00:29:46.355+0000] {logging_mixin.py:190} INFO - [2025-06-27T00:29:46.353+0000] {dagbag.py:588} INFO - Filling up the DagBag from /home/airflow/.local/lib/python3.12/site-packages/airflow/example_dags/example_branch_python_dop_operator_3.py
[2025-06-27T00:29:46.365+0000] {processor.py:925} INFO - DAG(s) 'example_branch_dop_operator_v3' retrieved from /home/airflow/.local/lib/python3.12/site-packages/airflow/example_dags/example_branch_python_dop_operator_3.py
[2025-06-27T00:29:46.394+0000] {logging_mixin.py:190} INFO - [2025-06-27T00:29:46.394+0000] {dag.py:3239} INFO - Sync 1 DAGs
[2025-06-27T00:29:46.448+0000] {logging_mixin.py:190} INFO - [2025-06-27T00:29:46.448+0000] {dag.py:4180} INFO - Setting next_dagrun for example_branch_dop_operator_v3 to 2025-06-27 00:28:00+00:00, run_after=2025-06-27 00:29:00+00:00
[2025-06-27T00:29:46.484+0000] {processor.py:208} INFO - Processing /home/airflow/.local/lib/python3.12/site-packages/airflow/example_dags/example_branch_python_dop_operator_3.py took 0.139 seconds
[2025-06-27T00:30:25.120+0000] {processor.py:186} INFO - Started process (PID=1443) to work on /home/airflow/.local/lib/python3.12/site-packages/airflow/example_dags/example_branch_python_dop_operator_3.py
[2025-06-27T00:30:25.121+0000] {processor.py:914} INFO - Processing file /home/airflow/.local/lib/python3.12/site-packages/airflow/example_dags/example_branch_python_dop_operator_3.py for tasks to queue
[2025-06-27T00:30:25.123+0000] {logging_mixin.py:190} INFO - [2025-06-27T00:30:25.122+0000] {dagbag.py:588} INFO - Filling up the DagBag from /home/airflow/.local/lib/python3.12/site-packages/airflow/example_dags/example_branch_python_dop_operator_3.py
[2025-06-27T00:30:25.130+0000] {processor.py:925} INFO - DAG(s) 'example_branch_dop_operator_v3' retrieved from /home/airflow/.local/lib/python3.12/site-packages/airflow/example_dags/example_branch_python_dop_operator_3.py
[2025-06-27T00:30:25.143+0000] {logging_mixin.py:190} INFO - [2025-06-27T00:30:25.143+0000] {dag.py:3239} INFO - Sync 1 DAGs
[2025-06-27T00:30:25.178+0000] {logging_mixin.py:190} INFO - [2025-06-27T00:30:25.178+0000] {dag.py:4180} INFO - Setting next_dagrun for example_branch_dop_operator_v3 to 2025-06-27 00:29:00+00:00, run_after=2025-06-27 00:30:00+00:00
[2025-06-27T00:30:25.193+0000] {processor.py:208} INFO - Processing /home/airflow/.local/lib/python3.12/site-packages/airflow/example_dags/example_branch_python_dop_operator_3.py took 0.077 seconds
[2025-06-27T01:08:24.641+0000] {processor.py:186} INFO - Started process (PID=1505) to work on /home/airflow/.local/lib/python3.12/site-packages/airflow/example_dags/example_branch_python_dop_operator_3.py
[2025-06-27T01:08:24.644+0000] {processor.py:914} INFO - Processing file /home/airflow/.local/lib/python3.12/site-packages/airflow/example_dags/example_branch_python_dop_operator_3.py for tasks to queue
[2025-06-27T01:08:24.647+0000] {logging_mixin.py:190} INFO - [2025-06-27T01:08:24.647+0000] {dagbag.py:588} INFO - Filling up the DagBag from /home/airflow/.local/lib/python3.12/site-packages/airflow/example_dags/example_branch_python_dop_operator_3.py
[2025-06-27T01:08:24.660+0000] {processor.py:925} INFO - DAG(s) 'example_branch_dop_operator_v3' retrieved from /home/airflow/.local/lib/python3.12/site-packages/airflow/example_dags/example_branch_python_dop_operator_3.py
[2025-06-27T01:08:24.697+0000] {logging_mixin.py:190} INFO - [2025-06-27T01:08:24.697+0000] {dag.py:3239} INFO - Sync 1 DAGs
[2025-06-27T01:08:24.722+0000] {logging_mixin.py:190} INFO - [2025-06-27T01:08:24.722+0000] {dag.py:4180} INFO - Setting next_dagrun for example_branch_dop_operator_v3 to 2025-06-27 01:07:00+00:00, run_after=2025-06-27 01:08:00+00:00
[2025-06-27T01:08:24.741+0000] {processor.py:208} INFO - Processing /home/airflow/.local/lib/python3.12/site-packages/airflow/example_dags/example_branch_python_dop_operator_3.py took 0.107 seconds
[2025-06-27T01:39:43.625+0000] {processor.py:186} INFO - Started process (PID=1561) to work on /home/airflow/.local/lib/python3.12/site-packages/airflow/example_dags/example_branch_python_dop_operator_3.py
[2025-06-27T01:39:43.627+0000] {processor.py:914} INFO - Processing file /home/airflow/.local/lib/python3.12/site-packages/airflow/example_dags/example_branch_python_dop_operator_3.py for tasks to queue
[2025-06-27T01:39:43.629+0000] {logging_mixin.py:190} INFO - [2025-06-27T01:39:43.629+0000] {dagbag.py:588} INFO - Filling up the DagBag from /home/airflow/.local/lib/python3.12/site-packages/airflow/example_dags/example_branch_python_dop_operator_3.py
[2025-06-27T01:39:43.638+0000] {processor.py:925} INFO - DAG(s) 'example_branch_dop_operator_v3' retrieved from /home/airflow/.local/lib/python3.12/site-packages/airflow/example_dags/example_branch_python_dop_operator_3.py
[2025-06-27T01:39:43.665+0000] {logging_mixin.py:190} INFO - [2025-06-27T01:39:43.664+0000] {dag.py:3239} INFO - Sync 1 DAGs
[2025-06-27T01:39:43.694+0000] {logging_mixin.py:190} INFO - [2025-06-27T01:39:43.694+0000] {dag.py:4180} INFO - Setting next_dagrun for example_branch_dop_operator_v3 to 2025-06-27 01:38:00+00:00, run_after=2025-06-27 01:39:00+00:00
[2025-06-27T01:39:43.706+0000] {processor.py:208} INFO - Processing /home/airflow/.local/lib/python3.12/site-packages/airflow/example_dags/example_branch_python_dop_operator_3.py took 0.085 seconds
[2025-06-27T01:40:17.692+0000] {processor.py:186} INFO - Started process (PID=1628) to work on /home/airflow/.local/lib/python3.12/site-packages/airflow/example_dags/example_branch_python_dop_operator_3.py
[2025-06-27T01:40:17.694+0000] {processor.py:914} INFO - Processing file /home/airflow/.local/lib/python3.12/site-packages/airflow/example_dags/example_branch_python_dop_operator_3.py for tasks to queue
[2025-06-27T01:40:17.696+0000] {logging_mixin.py:190} INFO - [2025-06-27T01:40:17.696+0000] {dagbag.py:588} INFO - Filling up the DagBag from /home/airflow/.local/lib/python3.12/site-packages/airflow/example_dags/example_branch_python_dop_operator_3.py
[2025-06-27T01:40:17.716+0000] {processor.py:925} INFO - DAG(s) 'example_branch_dop_operator_v3' retrieved from /home/airflow/.local/lib/python3.12/site-packages/airflow/example_dags/example_branch_python_dop_operator_3.py
[2025-06-27T01:40:17.783+0000] {logging_mixin.py:190} INFO - [2025-06-27T01:40:17.782+0000] {dag.py:3239} INFO - Sync 1 DAGs
[2025-06-27T01:40:17.832+0000] {logging_mixin.py:190} INFO - [2025-06-27T01:40:17.832+0000] {dag.py:4180} INFO - Setting next_dagrun for example_branch_dop_operator_v3 to 2025-06-27 01:39:00+00:00, run_after=2025-06-27 01:40:00+00:00
[2025-06-27T01:40:17.862+0000] {processor.py:208} INFO - Processing /home/airflow/.local/lib/python3.12/site-packages/airflow/example_dags/example_branch_python_dop_operator_3.py took 0.178 seconds
[2025-06-27T01:40:51.675+0000] {processor.py:186} INFO - Started process (PID=1690) to work on /home/airflow/.local/lib/python3.12/site-packages/airflow/example_dags/example_branch_python_dop_operator_3.py
[2025-06-27T01:40:51.689+0000] {processor.py:914} INFO - Processing file /home/airflow/.local/lib/python3.12/site-packages/airflow/example_dags/example_branch_python_dop_operator_3.py for tasks to queue
[2025-06-27T01:40:51.704+0000] {logging_mixin.py:190} INFO - [2025-06-27T01:40:51.702+0000] {dagbag.py:588} INFO - Filling up the DagBag from /home/airflow/.local/lib/python3.12/site-packages/airflow/example_dags/example_branch_python_dop_operator_3.py
[2025-06-27T01:40:51.745+0000] {processor.py:925} INFO - DAG(s) 'example_branch_dop_operator_v3' retrieved from /home/airflow/.local/lib/python3.12/site-packages/airflow/example_dags/example_branch_python_dop_operator_3.py
[2025-06-27T01:40:51.811+0000] {logging_mixin.py:190} INFO - [2025-06-27T01:40:51.811+0000] {dag.py:3239} INFO - Sync 1 DAGs
[2025-06-27T01:40:51.844+0000] {logging_mixin.py:190} INFO - [2025-06-27T01:40:51.844+0000] {dag.py:4180} INFO - Setting next_dagrun for example_branch_dop_operator_v3 to 2025-06-27 01:39:00+00:00, run_after=2025-06-27 01:40:00+00:00
[2025-06-27T01:40:51.865+0000] {processor.py:208} INFO - Processing /home/airflow/.local/lib/python3.12/site-packages/airflow/example_dags/example_branch_python_dop_operator_3.py took 0.229 seconds
