[2025-06-27T00:29:52.984+0000] {processor.py:186} INFO - Started process (PID=1406) to work on /home/airflow/.local/lib/python3.12/site-packages/airflow/example_dags/example_sla_dag.py
[2025-06-27T00:29:53.008+0000] {processor.py:914} INFO - Processing file /home/airflow/.local/lib/python3.12/site-packages/airflow/example_dags/example_sla_dag.py for tasks to queue
[2025-06-27T00:29:53.027+0000] {logging_mixin.py:190} INFO - [2025-06-27T00:29:53.023+0000] {dagbag.py:588} INFO - Filling up the DagBag from /home/airflow/.local/lib/python3.12/site-packages/airflow/example_dags/example_sla_dag.py
[2025-06-27T00:29:53.085+0000] {processor.py:925} INFO - DAG(s) 'example_sla_dag' retrieved from /home/airflow/.local/lib/python3.12/site-packages/airflow/example_dags/example_sla_dag.py
[2025-06-27T00:29:53.151+0000] {logging_mixin.py:190} INFO - [2025-06-27T00:29:53.150+0000] {dag.py:3239} INFO - Sync 1 DAGs
[2025-06-27T00:29:53.231+0000] {logging_mixin.py:190} INFO - [2025-06-27T00:29:53.230+0000] {dag.py:4180} INFO - Setting next_dagrun for example_sla_dag to 2025-06-27 00:26:00+00:00, run_after=2025-06-27 00:28:00+00:00
[2025-06-27T00:29:53.283+0000] {processor.py:208} INFO - Processing /home/airflow/.local/lib/python3.12/site-packages/airflow/example_dags/example_sla_dag.py took 0.341 seconds
[2025-06-27T00:30:26.326+0000] {processor.py:186} INFO - Started process (PID=1468) to work on /home/airflow/.local/lib/python3.12/site-packages/airflow/example_dags/example_sla_dag.py
[2025-06-27T00:30:26.326+0000] {processor.py:914} INFO - Processing file /home/airflow/.local/lib/python3.12/site-packages/airflow/example_dags/example_sla_dag.py for tasks to queue
[2025-06-27T00:30:26.328+0000] {logging_mixin.py:190} INFO - [2025-06-27T00:30:26.328+0000] {dagbag.py:588} INFO - Filling up the DagBag from /home/airflow/.local/lib/python3.12/site-packages/airflow/example_dags/example_sla_dag.py
[2025-06-27T00:30:26.337+0000] {processor.py:925} INFO - DAG(s) 'example_sla_dag' retrieved from /home/airflow/.local/lib/python3.12/site-packages/airflow/example_dags/example_sla_dag.py
[2025-06-27T00:30:26.349+0000] {logging_mixin.py:190} INFO - [2025-06-27T00:30:26.348+0000] {dag.py:3239} INFO - Sync 1 DAGs
[2025-06-27T00:30:26.361+0000] {logging_mixin.py:190} INFO - [2025-06-27T00:30:26.361+0000] {dag.py:4180} INFO - Setting next_dagrun for example_sla_dag to 2025-06-27 00:28:00+00:00, run_after=2025-06-27 00:30:00+00:00
[2025-06-27T00:30:26.370+0000] {processor.py:208} INFO - Processing /home/airflow/.local/lib/python3.12/site-packages/airflow/example_dags/example_sla_dag.py took 0.047 seconds
[2025-06-27T01:08:26.193+0000] {processor.py:186} INFO - Started process (PID=1530) to work on /home/airflow/.local/lib/python3.12/site-packages/airflow/example_dags/example_sla_dag.py
[2025-06-27T01:08:26.195+0000] {processor.py:914} INFO - Processing file /home/airflow/.local/lib/python3.12/site-packages/airflow/example_dags/example_sla_dag.py for tasks to queue
[2025-06-27T01:08:26.197+0000] {logging_mixin.py:190} INFO - [2025-06-27T01:08:26.197+0000] {dagbag.py:588} INFO - Filling up the DagBag from /home/airflow/.local/lib/python3.12/site-packages/airflow/example_dags/example_sla_dag.py
[2025-06-27T01:08:26.207+0000] {processor.py:925} INFO - DAG(s) 'example_sla_dag' retrieved from /home/airflow/.local/lib/python3.12/site-packages/airflow/example_dags/example_sla_dag.py
[2025-06-27T01:08:26.219+0000] {logging_mixin.py:190} INFO - [2025-06-27T01:08:26.219+0000] {dag.py:3239} INFO - Sync 1 DAGs
[2025-06-27T01:08:26.235+0000] {logging_mixin.py:190} INFO - [2025-06-27T01:08:26.235+0000] {dag.py:4180} INFO - Setting next_dagrun for example_sla_dag to 2025-06-27 01:06:00+00:00, run_after=2025-06-27 01:08:00+00:00
[2025-06-27T01:08:26.244+0000] {processor.py:208} INFO - Processing /home/airflow/.local/lib/python3.12/site-packages/airflow/example_dags/example_sla_dag.py took 0.055 seconds
[2025-06-27T01:39:45.882+0000] {processor.py:186} INFO - Started process (PID=1591) to work on /home/airflow/.local/lib/python3.12/site-packages/airflow/example_dags/example_sla_dag.py
[2025-06-27T01:39:45.882+0000] {processor.py:914} INFO - Processing file /home/airflow/.local/lib/python3.12/site-packages/airflow/example_dags/example_sla_dag.py for tasks to queue
[2025-06-27T01:39:45.884+0000] {logging_mixin.py:190} INFO - [2025-06-27T01:39:45.884+0000] {dagbag.py:588} INFO - Filling up the DagBag from /home/airflow/.local/lib/python3.12/site-packages/airflow/example_dags/example_sla_dag.py
[2025-06-27T01:39:45.894+0000] {processor.py:925} INFO - DAG(s) 'example_sla_dag' retrieved from /home/airflow/.local/lib/python3.12/site-packages/airflow/example_dags/example_sla_dag.py
[2025-06-27T01:39:45.936+0000] {logging_mixin.py:190} INFO - [2025-06-27T01:39:45.936+0000] {dag.py:3239} INFO - Sync 1 DAGs
[2025-06-27T01:39:45.972+0000] {logging_mixin.py:190} INFO - [2025-06-27T01:39:45.971+0000] {dag.py:4180} INFO - Setting next_dagrun for example_sla_dag to 2025-06-27 01:36:00+00:00, run_after=2025-06-27 01:38:00+00:00
[2025-06-27T01:39:45.996+0000] {processor.py:208} INFO - Processing /home/airflow/.local/lib/python3.12/site-packages/airflow/example_dags/example_sla_dag.py took 0.118 seconds
[2025-06-27T01:40:20.100+0000] {processor.py:186} INFO - Started process (PID=1653) to work on /home/airflow/.local/lib/python3.12/site-packages/airflow/example_dags/example_sla_dag.py
[2025-06-27T01:40:20.104+0000] {processor.py:914} INFO - Processing file /home/airflow/.local/lib/python3.12/site-packages/airflow/example_dags/example_sla_dag.py for tasks to queue
[2025-06-27T01:40:20.108+0000] {logging_mixin.py:190} INFO - [2025-06-27T01:40:20.107+0000] {dagbag.py:588} INFO - Filling up the DagBag from /home/airflow/.local/lib/python3.12/site-packages/airflow/example_dags/example_sla_dag.py
[2025-06-27T01:40:20.122+0000] {processor.py:925} INFO - DAG(s) 'example_sla_dag' retrieved from /home/airflow/.local/lib/python3.12/site-packages/airflow/example_dags/example_sla_dag.py
[2025-06-27T01:40:20.140+0000] {logging_mixin.py:190} INFO - [2025-06-27T01:40:20.140+0000] {dag.py:3239} INFO - Sync 1 DAGs
[2025-06-27T01:40:20.180+0000] {logging_mixin.py:190} INFO - [2025-06-27T01:40:20.179+0000] {dag.py:4180} INFO - Setting next_dagrun for example_sla_dag to 2025-06-27 01:38:00+00:00, run_after=2025-06-27 01:40:00+00:00
[2025-06-27T01:40:20.210+0000] {processor.py:208} INFO - Processing /home/airflow/.local/lib/python3.12/site-packages/airflow/example_dags/example_sla_dag.py took 0.114 seconds
[2025-06-27T01:40:56.905+0000] {processor.py:186} INFO - Started process (PID=1715) to work on /home/airflow/.local/lib/python3.12/site-packages/airflow/example_dags/example_sla_dag.py
[2025-06-27T01:40:56.911+0000] {processor.py:914} INFO - Processing file /home/airflow/.local/lib/python3.12/site-packages/airflow/example_dags/example_sla_dag.py for tasks to queue
[2025-06-27T01:40:56.937+0000] {logging_mixin.py:190} INFO - [2025-06-27T01:40:56.934+0000] {dagbag.py:588} INFO - Filling up the DagBag from /home/airflow/.local/lib/python3.12/site-packages/airflow/example_dags/example_sla_dag.py
[2025-06-27T01:40:56.996+0000] {processor.py:925} INFO - DAG(s) 'example_sla_dag' retrieved from /home/airflow/.local/lib/python3.12/site-packages/airflow/example_dags/example_sla_dag.py
[2025-06-27T01:40:57.086+0000] {logging_mixin.py:190} INFO - [2025-06-27T01:40:57.085+0000] {dag.py:3239} INFO - Sync 1 DAGs
[2025-06-27T01:40:57.257+0000] {logging_mixin.py:190} INFO - [2025-06-27T01:40:57.255+0000] {dag.py:4180} INFO - Setting next_dagrun for example_sla_dag to 2025-06-27 01:38:00+00:00, run_after=2025-06-27 01:40:00+00:00
[2025-06-27T01:40:57.339+0000] {processor.py:208} INFO - Processing /home/airflow/.local/lib/python3.12/site-packages/airflow/example_dags/example_sla_dag.py took 0.477 seconds
