[2025-06-27T00:29:47.153+0000] {processor.py:186} INFO - Started process (PID=1384) to work on /home/airflow/.local/lib/python3.12/site-packages/airflow/example_dags/example_datasets.py
[2025-06-27T00:29:47.154+0000] {processor.py:914} INFO - Processing file /home/airflow/.local/lib/python3.12/site-packages/airflow/example_dags/example_datasets.py for tasks to queue
[2025-06-27T00:29:47.159+0000] {logging_mixin.py:190} INFO - [2025-06-27T00:29:47.159+0000] {dagbag.py:588} INFO - Filling up the DagBag from /home/airflow/.local/lib/python3.12/site-packages/airflow/example_dags/example_datasets.py
[2025-06-27T00:29:47.614+0000] {processor.py:925} INFO - DAG(s) 'consume_1_and_2_with_dataset_expressions', 'consume_1_or_2_with_dataset_expressions', 'consume_1_or_both_2_and_3_with_dataset_expressions', 'conditional_dataset_and_time_based_timetable', 'dataset_consumes_1_never_scheduled', 'dataset_consumes_unknown_never_scheduled', 'dataset_consumes_1', 'dataset_produces_1', 'dataset_consumes_1_and_2', 'dataset_produces_2' retrieved from /home/airflow/.local/lib/python3.12/site-packages/airflow/example_dags/example_datasets.py
[2025-06-27T00:29:47.775+0000] {logging_mixin.py:190} INFO - [2025-06-27T00:29:47.775+0000] {dag.py:3239} INFO - Sync 10 DAGs
[2025-06-27T00:29:47.901+0000] {logging_mixin.py:190} INFO - [2025-06-27T00:29:47.901+0000] {dag.py:4180} INFO - Setting next_dagrun for conditional_dataset_and_time_based_timetable to 2025-06-25 01:00:00+00:00, run_after=2025-06-25 01:00:00+00:00
[2025-06-27T00:29:47.908+0000] {logging_mixin.py:190} INFO - [2025-06-27T00:29:47.908+0000] {dag.py:4180} INFO - Setting next_dagrun for consume_1_and_2_with_dataset_expressions to None, run_after=None
[2025-06-27T00:29:47.911+0000] {logging_mixin.py:190} INFO - [2025-06-27T00:29:47.911+0000] {dag.py:4180} INFO - Setting next_dagrun for consume_1_or_2_with_dataset_expressions to None, run_after=None
[2025-06-27T00:29:47.914+0000] {logging_mixin.py:190} INFO - [2025-06-27T00:29:47.914+0000] {dag.py:4180} INFO - Setting next_dagrun for consume_1_or_both_2_and_3_with_dataset_expressions to None, run_after=None
[2025-06-27T00:29:47.935+0000] {logging_mixin.py:190} INFO - [2025-06-27T00:29:47.934+0000] {dag.py:4180} INFO - Setting next_dagrun for dataset_consumes_1 to None, run_after=None
[2025-06-27T00:29:47.945+0000] {logging_mixin.py:190} INFO - [2025-06-27T00:29:47.945+0000] {dag.py:4180} INFO - Setting next_dagrun for dataset_consumes_1_and_2 to None, run_after=None
[2025-06-27T00:29:47.957+0000] {logging_mixin.py:190} INFO - [2025-06-27T00:29:47.956+0000] {dag.py:4180} INFO - Setting next_dagrun for dataset_consumes_1_never_scheduled to None, run_after=None
[2025-06-27T00:29:47.964+0000] {logging_mixin.py:190} INFO - [2025-06-27T00:29:47.963+0000] {dag.py:4180} INFO - Setting next_dagrun for dataset_consumes_unknown_never_scheduled to None, run_after=None
[2025-06-27T00:29:47.972+0000] {logging_mixin.py:190} INFO - [2025-06-27T00:29:47.972+0000] {dag.py:4180} INFO - Setting next_dagrun for dataset_produces_1 to 2025-06-26 00:00:00+00:00, run_after=2025-06-27 00:00:00+00:00
[2025-06-27T00:29:47.983+0000] {logging_mixin.py:190} INFO - [2025-06-27T00:29:47.982+0000] {dag.py:4180} INFO - Setting next_dagrun for dataset_produces_2 to None, run_after=None
[2025-06-27T00:29:48.067+0000] {processor.py:208} INFO - Processing /home/airflow/.local/lib/python3.12/site-packages/airflow/example_dags/example_datasets.py took 0.919 seconds
[2025-06-27T00:30:25.365+0000] {processor.py:186} INFO - Started process (PID=1446) to work on /home/airflow/.local/lib/python3.12/site-packages/airflow/example_dags/example_datasets.py
[2025-06-27T00:30:25.366+0000] {processor.py:914} INFO - Processing file /home/airflow/.local/lib/python3.12/site-packages/airflow/example_dags/example_datasets.py for tasks to queue
[2025-06-27T00:30:25.367+0000] {logging_mixin.py:190} INFO - [2025-06-27T00:30:25.367+0000] {dagbag.py:588} INFO - Filling up the DagBag from /home/airflow/.local/lib/python3.12/site-packages/airflow/example_dags/example_datasets.py
[2025-06-27T00:30:25.538+0000] {processor.py:925} INFO - DAG(s) 'consume_1_or_2_with_dataset_expressions', 'dataset_consumes_1_never_scheduled', 'dataset_produces_1', 'dataset_consumes_unknown_never_scheduled', 'conditional_dataset_and_time_based_timetable', 'consume_1_or_both_2_and_3_with_dataset_expressions', 'consume_1_and_2_with_dataset_expressions', 'dataset_consumes_1', 'dataset_produces_2', 'dataset_consumes_1_and_2' retrieved from /home/airflow/.local/lib/python3.12/site-packages/airflow/example_dags/example_datasets.py
[2025-06-27T00:30:25.578+0000] {logging_mixin.py:190} INFO - [2025-06-27T00:30:25.578+0000] {dag.py:3239} INFO - Sync 10 DAGs
[2025-06-27T00:30:25.603+0000] {logging_mixin.py:190} INFO - [2025-06-27T00:30:25.602+0000] {dag.py:4180} INFO - Setting next_dagrun for conditional_dataset_and_time_based_timetable to 2025-06-25 01:00:00+00:00, run_after=2025-06-25 01:00:00+00:00
[2025-06-27T00:30:25.604+0000] {logging_mixin.py:190} INFO - [2025-06-27T00:30:25.604+0000] {dag.py:4180} INFO - Setting next_dagrun for consume_1_and_2_with_dataset_expressions to None, run_after=None
[2025-06-27T00:30:25.605+0000] {logging_mixin.py:190} INFO - [2025-06-27T00:30:25.605+0000] {dag.py:4180} INFO - Setting next_dagrun for consume_1_or_2_with_dataset_expressions to None, run_after=None
[2025-06-27T00:30:25.605+0000] {logging_mixin.py:190} INFO - [2025-06-27T00:30:25.605+0000] {dag.py:4180} INFO - Setting next_dagrun for consume_1_or_both_2_and_3_with_dataset_expressions to None, run_after=None
[2025-06-27T00:30:25.606+0000] {logging_mixin.py:190} INFO - [2025-06-27T00:30:25.606+0000] {dag.py:4180} INFO - Setting next_dagrun for dataset_consumes_1 to None, run_after=None
[2025-06-27T00:30:25.607+0000] {logging_mixin.py:190} INFO - [2025-06-27T00:30:25.606+0000] {dag.py:4180} INFO - Setting next_dagrun for dataset_consumes_1_and_2 to None, run_after=None
[2025-06-27T00:30:25.608+0000] {logging_mixin.py:190} INFO - [2025-06-27T00:30:25.608+0000] {dag.py:4180} INFO - Setting next_dagrun for dataset_consumes_1_never_scheduled to None, run_after=None
[2025-06-27T00:30:25.609+0000] {logging_mixin.py:190} INFO - [2025-06-27T00:30:25.609+0000] {dag.py:4180} INFO - Setting next_dagrun for dataset_consumes_unknown_never_scheduled to None, run_after=None
[2025-06-27T00:30:25.610+0000] {logging_mixin.py:190} INFO - [2025-06-27T00:30:25.610+0000] {dag.py:4180} INFO - Setting next_dagrun for dataset_produces_1 to 2025-06-26 00:00:00+00:00, run_after=2025-06-27 00:00:00+00:00
[2025-06-27T00:30:25.610+0000] {logging_mixin.py:190} INFO - [2025-06-27T00:30:25.610+0000] {dag.py:4180} INFO - Setting next_dagrun for dataset_produces_2 to None, run_after=None
[2025-06-27T00:30:25.632+0000] {processor.py:208} INFO - Processing /home/airflow/.local/lib/python3.12/site-packages/airflow/example_dags/example_datasets.py took 0.271 seconds
[2025-06-27T01:08:24.801+0000] {processor.py:186} INFO - Started process (PID=1508) to work on /home/airflow/.local/lib/python3.12/site-packages/airflow/example_dags/example_datasets.py
[2025-06-27T01:08:24.805+0000] {processor.py:914} INFO - Processing file /home/airflow/.local/lib/python3.12/site-packages/airflow/example_dags/example_datasets.py for tasks to queue
[2025-06-27T01:08:24.810+0000] {logging_mixin.py:190} INFO - [2025-06-27T01:08:24.809+0000] {dagbag.py:588} INFO - Filling up the DagBag from /home/airflow/.local/lib/python3.12/site-packages/airflow/example_dags/example_datasets.py
[2025-06-27T01:08:25.022+0000] {processor.py:925} INFO - DAG(s) 'conditional_dataset_and_time_based_timetable', 'dataset_produces_2', 'dataset_produces_1', 'dataset_consumes_1_never_scheduled', 'dataset_consumes_unknown_never_scheduled', 'consume_1_and_2_with_dataset_expressions', 'dataset_consumes_1', 'consume_1_or_2_with_dataset_expressions', 'consume_1_or_both_2_and_3_with_dataset_expressions', 'dataset_consumes_1_and_2' retrieved from /home/airflow/.local/lib/python3.12/site-packages/airflow/example_dags/example_datasets.py
[2025-06-27T01:08:25.064+0000] {logging_mixin.py:190} INFO - [2025-06-27T01:08:25.064+0000] {dag.py:3239} INFO - Sync 10 DAGs
[2025-06-27T01:08:25.100+0000] {logging_mixin.py:190} INFO - [2025-06-27T01:08:25.100+0000] {dag.py:4180} INFO - Setting next_dagrun for conditional_dataset_and_time_based_timetable to 2025-06-25 01:00:00+00:00, run_after=2025-06-25 01:00:00+00:00
[2025-06-27T01:08:25.111+0000] {logging_mixin.py:190} INFO - [2025-06-27T01:08:25.111+0000] {dag.py:4180} INFO - Setting next_dagrun for consume_1_and_2_with_dataset_expressions to None, run_after=None
[2025-06-27T01:08:25.114+0000] {logging_mixin.py:190} INFO - [2025-06-27T01:08:25.114+0000] {dag.py:4180} INFO - Setting next_dagrun for consume_1_or_2_with_dataset_expressions to None, run_after=None
[2025-06-27T01:08:25.114+0000] {logging_mixin.py:190} INFO - [2025-06-27T01:08:25.114+0000] {dag.py:4180} INFO - Setting next_dagrun for consume_1_or_both_2_and_3_with_dataset_expressions to None, run_after=None
[2025-06-27T01:08:25.115+0000] {logging_mixin.py:190} INFO - [2025-06-27T01:08:25.115+0000] {dag.py:4180} INFO - Setting next_dagrun for dataset_consumes_1 to None, run_after=None
[2025-06-27T01:08:25.118+0000] {logging_mixin.py:190} INFO - [2025-06-27T01:08:25.118+0000] {dag.py:4180} INFO - Setting next_dagrun for dataset_consumes_1_and_2 to None, run_after=None
[2025-06-27T01:08:25.118+0000] {logging_mixin.py:190} INFO - [2025-06-27T01:08:25.118+0000] {dag.py:4180} INFO - Setting next_dagrun for dataset_consumes_1_never_scheduled to None, run_after=None
[2025-06-27T01:08:25.119+0000] {logging_mixin.py:190} INFO - [2025-06-27T01:08:25.119+0000] {dag.py:4180} INFO - Setting next_dagrun for dataset_consumes_unknown_never_scheduled to None, run_after=None
[2025-06-27T01:08:25.120+0000] {logging_mixin.py:190} INFO - [2025-06-27T01:08:25.119+0000] {dag.py:4180} INFO - Setting next_dagrun for dataset_produces_1 to 2025-06-26 00:00:00+00:00, run_after=2025-06-27 00:00:00+00:00
[2025-06-27T01:08:25.120+0000] {logging_mixin.py:190} INFO - [2025-06-27T01:08:25.120+0000] {dag.py:4180} INFO - Setting next_dagrun for dataset_produces_2 to None, run_after=None
[2025-06-27T01:08:25.150+0000] {processor.py:208} INFO - Processing /home/airflow/.local/lib/python3.12/site-packages/airflow/example_dags/example_datasets.py took 0.353 seconds
[2025-06-27T01:39:43.790+0000] {processor.py:186} INFO - Started process (PID=1564) to work on /home/airflow/.local/lib/python3.12/site-packages/airflow/example_dags/example_datasets.py
[2025-06-27T01:39:43.792+0000] {processor.py:914} INFO - Processing file /home/airflow/.local/lib/python3.12/site-packages/airflow/example_dags/example_datasets.py for tasks to queue
[2025-06-27T01:39:43.795+0000] {logging_mixin.py:190} INFO - [2025-06-27T01:39:43.795+0000] {dagbag.py:588} INFO - Filling up the DagBag from /home/airflow/.local/lib/python3.12/site-packages/airflow/example_dags/example_datasets.py
[2025-06-27T01:39:44.049+0000] {processor.py:925} INFO - DAG(s) 'dataset_consumes_1_never_scheduled', 'dataset_consumes_unknown_never_scheduled', 'consume_1_or_2_with_dataset_expressions', 'conditional_dataset_and_time_based_timetable', 'consume_1_or_both_2_and_3_with_dataset_expressions', 'dataset_consumes_1_and_2', 'dataset_consumes_1', 'dataset_produces_2', 'dataset_produces_1', 'consume_1_and_2_with_dataset_expressions' retrieved from /home/airflow/.local/lib/python3.12/site-packages/airflow/example_dags/example_datasets.py
[2025-06-27T01:39:44.089+0000] {logging_mixin.py:190} INFO - [2025-06-27T01:39:44.088+0000] {dag.py:3239} INFO - Sync 10 DAGs
[2025-06-27T01:39:44.109+0000] {logging_mixin.py:190} INFO - [2025-06-27T01:39:44.108+0000] {dag.py:4180} INFO - Setting next_dagrun for conditional_dataset_and_time_based_timetable to 2025-06-25 01:00:00+00:00, run_after=2025-06-25 01:00:00+00:00
[2025-06-27T01:39:44.117+0000] {logging_mixin.py:190} INFO - [2025-06-27T01:39:44.117+0000] {dag.py:4180} INFO - Setting next_dagrun for consume_1_and_2_with_dataset_expressions to None, run_after=None
[2025-06-27T01:39:44.119+0000] {logging_mixin.py:190} INFO - [2025-06-27T01:39:44.119+0000] {dag.py:4180} INFO - Setting next_dagrun for consume_1_or_2_with_dataset_expressions to None, run_after=None
[2025-06-27T01:39:44.120+0000] {logging_mixin.py:190} INFO - [2025-06-27T01:39:44.120+0000] {dag.py:4180} INFO - Setting next_dagrun for consume_1_or_both_2_and_3_with_dataset_expressions to None, run_after=None
[2025-06-27T01:39:44.123+0000] {logging_mixin.py:190} INFO - [2025-06-27T01:39:44.123+0000] {dag.py:4180} INFO - Setting next_dagrun for dataset_consumes_1 to None, run_after=None
[2025-06-27T01:39:44.126+0000] {logging_mixin.py:190} INFO - [2025-06-27T01:39:44.126+0000] {dag.py:4180} INFO - Setting next_dagrun for dataset_consumes_1_and_2 to None, run_after=None
[2025-06-27T01:39:44.127+0000] {logging_mixin.py:190} INFO - [2025-06-27T01:39:44.127+0000] {dag.py:4180} INFO - Setting next_dagrun for dataset_consumes_1_never_scheduled to None, run_after=None
[2025-06-27T01:39:44.129+0000] {logging_mixin.py:190} INFO - [2025-06-27T01:39:44.128+0000] {dag.py:4180} INFO - Setting next_dagrun for dataset_consumes_unknown_never_scheduled to None, run_after=None
[2025-06-27T01:39:44.130+0000] {logging_mixin.py:190} INFO - [2025-06-27T01:39:44.130+0000] {dag.py:4180} INFO - Setting next_dagrun for dataset_produces_1 to 2025-06-26 00:00:00+00:00, run_after=2025-06-27 00:00:00+00:00
[2025-06-27T01:39:44.132+0000] {logging_mixin.py:190} INFO - [2025-06-27T01:39:44.131+0000] {dag.py:4180} INFO - Setting next_dagrun for dataset_produces_2 to None, run_after=None
[2025-06-27T01:39:44.165+0000] {processor.py:208} INFO - Processing /home/airflow/.local/lib/python3.12/site-packages/airflow/example_dags/example_datasets.py took 0.378 seconds
[2025-06-27T01:40:18.027+0000] {processor.py:186} INFO - Started process (PID=1631) to work on /home/airflow/.local/lib/python3.12/site-packages/airflow/example_dags/example_datasets.py
[2025-06-27T01:40:18.029+0000] {processor.py:914} INFO - Processing file /home/airflow/.local/lib/python3.12/site-packages/airflow/example_dags/example_datasets.py for tasks to queue
[2025-06-27T01:40:18.033+0000] {logging_mixin.py:190} INFO - [2025-06-27T01:40:18.032+0000] {dagbag.py:588} INFO - Filling up the DagBag from /home/airflow/.local/lib/python3.12/site-packages/airflow/example_dags/example_datasets.py
[2025-06-27T01:40:18.300+0000] {processor.py:925} INFO - DAG(s) 'dataset_consumes_1', 'conditional_dataset_and_time_based_timetable', 'consume_1_or_both_2_and_3_with_dataset_expressions', 'dataset_consumes_1_never_scheduled', 'dataset_produces_2', 'consume_1_or_2_with_dataset_expressions', 'dataset_produces_1', 'consume_1_and_2_with_dataset_expressions', 'dataset_consumes_1_and_2', 'dataset_consumes_unknown_never_scheduled' retrieved from /home/airflow/.local/lib/python3.12/site-packages/airflow/example_dags/example_datasets.py
[2025-06-27T01:40:18.366+0000] {logging_mixin.py:190} INFO - [2025-06-27T01:40:18.365+0000] {dag.py:3239} INFO - Sync 10 DAGs
[2025-06-27T01:40:18.422+0000] {logging_mixin.py:190} INFO - [2025-06-27T01:40:18.421+0000] {dag.py:4180} INFO - Setting next_dagrun for conditional_dataset_and_time_based_timetable to 2025-06-25 01:00:00+00:00, run_after=2025-06-25 01:00:00+00:00
[2025-06-27T01:40:18.426+0000] {logging_mixin.py:190} INFO - [2025-06-27T01:40:18.426+0000] {dag.py:4180} INFO - Setting next_dagrun for consume_1_and_2_with_dataset_expressions to None, run_after=None
[2025-06-27T01:40:18.434+0000] {logging_mixin.py:190} INFO - [2025-06-27T01:40:18.434+0000] {dag.py:4180} INFO - Setting next_dagrun for consume_1_or_2_with_dataset_expressions to None, run_after=None
[2025-06-27T01:40:18.437+0000] {logging_mixin.py:190} INFO - [2025-06-27T01:40:18.437+0000] {dag.py:4180} INFO - Setting next_dagrun for consume_1_or_both_2_and_3_with_dataset_expressions to None, run_after=None
[2025-06-27T01:40:18.439+0000] {logging_mixin.py:190} INFO - [2025-06-27T01:40:18.439+0000] {dag.py:4180} INFO - Setting next_dagrun for dataset_consumes_1 to None, run_after=None
[2025-06-27T01:40:18.441+0000] {logging_mixin.py:190} INFO - [2025-06-27T01:40:18.440+0000] {dag.py:4180} INFO - Setting next_dagrun for dataset_consumes_1_and_2 to None, run_after=None
[2025-06-27T01:40:18.444+0000] {logging_mixin.py:190} INFO - [2025-06-27T01:40:18.444+0000] {dag.py:4180} INFO - Setting next_dagrun for dataset_consumes_1_never_scheduled to None, run_after=None
[2025-06-27T01:40:18.447+0000] {logging_mixin.py:190} INFO - [2025-06-27T01:40:18.447+0000] {dag.py:4180} INFO - Setting next_dagrun for dataset_consumes_unknown_never_scheduled to None, run_after=None
[2025-06-27T01:40:18.451+0000] {logging_mixin.py:190} INFO - [2025-06-27T01:40:18.451+0000] {dag.py:4180} INFO - Setting next_dagrun for dataset_produces_1 to 2025-06-26 00:00:00+00:00, run_after=2025-06-27 00:00:00+00:00
[2025-06-27T01:40:18.452+0000] {logging_mixin.py:190} INFO - [2025-06-27T01:40:18.452+0000] {dag.py:4180} INFO - Setting next_dagrun for dataset_produces_2 to None, run_after=None
[2025-06-27T01:40:18.515+0000] {processor.py:208} INFO - Processing /home/airflow/.local/lib/python3.12/site-packages/airflow/example_dags/example_datasets.py took 0.493 seconds
[2025-06-27T01:40:52.088+0000] {processor.py:186} INFO - Started process (PID=1693) to work on /home/airflow/.local/lib/python3.12/site-packages/airflow/example_dags/example_datasets.py
[2025-06-27T01:40:52.091+0000] {processor.py:914} INFO - Processing file /home/airflow/.local/lib/python3.12/site-packages/airflow/example_dags/example_datasets.py for tasks to queue
[2025-06-27T01:40:52.098+0000] {logging_mixin.py:190} INFO - [2025-06-27T01:40:52.095+0000] {dagbag.py:588} INFO - Filling up the DagBag from /home/airflow/.local/lib/python3.12/site-packages/airflow/example_dags/example_datasets.py
[2025-06-27T01:40:52.548+0000] {processor.py:925} INFO - DAG(s) 'consume_1_or_2_with_dataset_expressions', 'dataset_consumes_1_and_2', 'dataset_produces_1', 'dataset_produces_2', 'dataset_consumes_unknown_never_scheduled', 'conditional_dataset_and_time_based_timetable', 'dataset_consumes_1', 'consume_1_and_2_with_dataset_expressions', 'dataset_consumes_1_never_scheduled', 'consume_1_or_both_2_and_3_with_dataset_expressions' retrieved from /home/airflow/.local/lib/python3.12/site-packages/airflow/example_dags/example_datasets.py
[2025-06-27T01:40:52.741+0000] {logging_mixin.py:190} INFO - [2025-06-27T01:40:52.740+0000] {dag.py:3239} INFO - Sync 10 DAGs
[2025-06-27T01:40:52.828+0000] {logging_mixin.py:190} INFO - [2025-06-27T01:40:52.828+0000] {dag.py:4180} INFO - Setting next_dagrun for conditional_dataset_and_time_based_timetable to 2025-06-25 01:00:00+00:00, run_after=2025-06-25 01:00:00+00:00
[2025-06-27T01:40:52.835+0000] {logging_mixin.py:190} INFO - [2025-06-27T01:40:52.835+0000] {dag.py:4180} INFO - Setting next_dagrun for consume_1_and_2_with_dataset_expressions to None, run_after=None
[2025-06-27T01:40:52.840+0000] {logging_mixin.py:190} INFO - [2025-06-27T01:40:52.839+0000] {dag.py:4180} INFO - Setting next_dagrun for consume_1_or_2_with_dataset_expressions to None, run_after=None
[2025-06-27T01:40:52.844+0000] {logging_mixin.py:190} INFO - [2025-06-27T01:40:52.844+0000] {dag.py:4180} INFO - Setting next_dagrun for consume_1_or_both_2_and_3_with_dataset_expressions to None, run_after=None
[2025-06-27T01:40:52.846+0000] {logging_mixin.py:190} INFO - [2025-06-27T01:40:52.846+0000] {dag.py:4180} INFO - Setting next_dagrun for dataset_consumes_1 to None, run_after=None
[2025-06-27T01:40:52.848+0000] {logging_mixin.py:190} INFO - [2025-06-27T01:40:52.848+0000] {dag.py:4180} INFO - Setting next_dagrun for dataset_consumes_1_and_2 to None, run_after=None
[2025-06-27T01:40:52.848+0000] {logging_mixin.py:190} INFO - [2025-06-27T01:40:52.848+0000] {dag.py:4180} INFO - Setting next_dagrun for dataset_consumes_1_never_scheduled to None, run_after=None
[2025-06-27T01:40:52.856+0000] {logging_mixin.py:190} INFO - [2025-06-27T01:40:52.856+0000] {dag.py:4180} INFO - Setting next_dagrun for dataset_consumes_unknown_never_scheduled to None, run_after=None
[2025-06-27T01:40:52.860+0000] {logging_mixin.py:190} INFO - [2025-06-27T01:40:52.860+0000] {dag.py:4180} INFO - Setting next_dagrun for dataset_produces_1 to 2025-06-26 00:00:00+00:00, run_after=2025-06-27 00:00:00+00:00
[2025-06-27T01:40:52.864+0000] {logging_mixin.py:190} INFO - [2025-06-27T01:40:52.864+0000] {dag.py:4180} INFO - Setting next_dagrun for dataset_produces_2 to None, run_after=None
[2025-06-27T01:40:52.971+0000] {processor.py:208} INFO - Processing /home/airflow/.local/lib/python3.12/site-packages/airflow/example_dags/example_datasets.py took 0.914 seconds
