[2025-06-27T00:29:46.561+0000] {processor.py:186} INFO - Started process (PID=1383) to work on /home/airflow/.local/lib/python3.12/site-packages/airflow/example_dags/example_bash_operator.py
[2025-06-27T00:29:46.566+0000] {processor.py:914} INFO - Processing file /home/airflow/.local/lib/python3.12/site-packages/airflow/example_dags/example_bash_operator.py for tasks to queue
[2025-06-27T00:29:46.571+0000] {logging_mixin.py:190} INFO - [2025-06-27T00:29:46.571+0000] {dagbag.py:588} INFO - Filling up the DagBag from /home/airflow/.local/lib/python3.12/site-packages/airflow/example_dags/example_bash_operator.py
[2025-06-27T00:29:46.600+0000] {processor.py:925} INFO - DAG(s) 'example_bash_operator' retrieved from /home/airflow/.local/lib/python3.12/site-packages/airflow/example_dags/example_bash_operator.py
[2025-06-27T00:29:46.975+0000] {logging_mixin.py:190} INFO - [2025-06-27T00:29:46.974+0000] {dag.py:3239} INFO - Sync 1 DAGs
[2025-06-27T00:29:47.064+0000] {logging_mixin.py:190} INFO - [2025-06-27T00:29:47.064+0000] {dag.py:4180} INFO - Setting next_dagrun for example_bash_operator to 2025-06-26 00:00:00+00:00, run_after=2025-06-27 00:00:00+00:00
[2025-06-27T00:29:47.100+0000] {processor.py:208} INFO - Processing /home/airflow/.local/lib/python3.12/site-packages/airflow/example_dags/example_bash_operator.py took 0.548 seconds
[2025-06-27T00:30:25.291+0000] {processor.py:186} INFO - Started process (PID=1445) to work on /home/airflow/.local/lib/python3.12/site-packages/airflow/example_dags/example_bash_operator.py
[2025-06-27T00:30:25.291+0000] {processor.py:914} INFO - Processing file /home/airflow/.local/lib/python3.12/site-packages/airflow/example_dags/example_bash_operator.py for tasks to queue
[2025-06-27T00:30:25.293+0000] {logging_mixin.py:190} INFO - [2025-06-27T00:30:25.292+0000] {dagbag.py:588} INFO - Filling up the DagBag from /home/airflow/.local/lib/python3.12/site-packages/airflow/example_dags/example_bash_operator.py
[2025-06-27T00:30:25.302+0000] {processor.py:925} INFO - DAG(s) 'example_bash_operator' retrieved from /home/airflow/.local/lib/python3.12/site-packages/airflow/example_dags/example_bash_operator.py
[2025-06-27T00:30:25.320+0000] {logging_mixin.py:190} INFO - [2025-06-27T00:30:25.320+0000] {dag.py:3239} INFO - Sync 1 DAGs
[2025-06-27T00:30:25.330+0000] {logging_mixin.py:190} INFO - [2025-06-27T00:30:25.330+0000] {dag.py:4180} INFO - Setting next_dagrun for example_bash_operator to 2025-06-26 00:00:00+00:00, run_after=2025-06-27 00:00:00+00:00
[2025-06-27T00:30:25.340+0000] {processor.py:208} INFO - Processing /home/airflow/.local/lib/python3.12/site-packages/airflow/example_dags/example_bash_operator.py took 0.054 seconds
[2025-06-27T01:08:24.763+0000] {processor.py:186} INFO - Started process (PID=1507) to work on /home/airflow/.local/lib/python3.12/site-packages/airflow/example_dags/example_bash_operator.py
[2025-06-27T01:08:24.764+0000] {processor.py:914} INFO - Processing file /home/airflow/.local/lib/python3.12/site-packages/airflow/example_dags/example_bash_operator.py for tasks to queue
[2025-06-27T01:08:24.770+0000] {logging_mixin.py:190} INFO - [2025-06-27T01:08:24.769+0000] {dagbag.py:588} INFO - Filling up the DagBag from /home/airflow/.local/lib/python3.12/site-packages/airflow/example_dags/example_bash_operator.py
[2025-06-27T01:08:24.786+0000] {processor.py:925} INFO - DAG(s) 'example_bash_operator' retrieved from /home/airflow/.local/lib/python3.12/site-packages/airflow/example_dags/example_bash_operator.py
[2025-06-27T01:08:24.822+0000] {logging_mixin.py:190} INFO - [2025-06-27T01:08:24.822+0000] {dag.py:3239} INFO - Sync 1 DAGs
[2025-06-27T01:08:24.854+0000] {logging_mixin.py:190} INFO - [2025-06-27T01:08:24.854+0000] {dag.py:4180} INFO - Setting next_dagrun for example_bash_operator to 2025-06-26 00:00:00+00:00, run_after=2025-06-27 00:00:00+00:00
[2025-06-27T01:08:24.881+0000] {processor.py:208} INFO - Processing /home/airflow/.local/lib/python3.12/site-packages/airflow/example_dags/example_bash_operator.py took 0.122 seconds
[2025-06-27T01:39:43.736+0000] {processor.py:186} INFO - Started process (PID=1563) to work on /home/airflow/.local/lib/python3.12/site-packages/airflow/example_dags/example_bash_operator.py
[2025-06-27T01:39:43.737+0000] {processor.py:914} INFO - Processing file /home/airflow/.local/lib/python3.12/site-packages/airflow/example_dags/example_bash_operator.py for tasks to queue
[2025-06-27T01:39:43.739+0000] {logging_mixin.py:190} INFO - [2025-06-27T01:39:43.739+0000] {dagbag.py:588} INFO - Filling up the DagBag from /home/airflow/.local/lib/python3.12/site-packages/airflow/example_dags/example_bash_operator.py
[2025-06-27T01:39:43.752+0000] {processor.py:925} INFO - DAG(s) 'example_bash_operator' retrieved from /home/airflow/.local/lib/python3.12/site-packages/airflow/example_dags/example_bash_operator.py
[2025-06-27T01:39:43.773+0000] {logging_mixin.py:190} INFO - [2025-06-27T01:39:43.772+0000] {dag.py:3239} INFO - Sync 1 DAGs
[2025-06-27T01:39:43.789+0000] {logging_mixin.py:190} INFO - [2025-06-27T01:39:43.789+0000] {dag.py:4180} INFO - Setting next_dagrun for example_bash_operator to 2025-06-26 00:00:00+00:00, run_after=2025-06-27 00:00:00+00:00
[2025-06-27T01:39:43.805+0000] {processor.py:208} INFO - Processing /home/airflow/.local/lib/python3.12/site-packages/airflow/example_dags/example_bash_operator.py took 0.074 seconds
[2025-06-27T01:40:17.898+0000] {processor.py:186} INFO - Started process (PID=1630) to work on /home/airflow/.local/lib/python3.12/site-packages/airflow/example_dags/example_bash_operator.py
[2025-06-27T01:40:17.900+0000] {processor.py:914} INFO - Processing file /home/airflow/.local/lib/python3.12/site-packages/airflow/example_dags/example_bash_operator.py for tasks to queue
[2025-06-27T01:40:17.901+0000] {logging_mixin.py:190} INFO - [2025-06-27T01:40:17.901+0000] {dagbag.py:588} INFO - Filling up the DagBag from /home/airflow/.local/lib/python3.12/site-packages/airflow/example_dags/example_bash_operator.py
[2025-06-27T01:40:17.915+0000] {processor.py:925} INFO - DAG(s) 'example_bash_operator' retrieved from /home/airflow/.local/lib/python3.12/site-packages/airflow/example_dags/example_bash_operator.py
[2025-06-27T01:40:17.935+0000] {logging_mixin.py:190} INFO - [2025-06-27T01:40:17.935+0000] {dag.py:3239} INFO - Sync 1 DAGs
[2025-06-27T01:40:17.966+0000] {logging_mixin.py:190} INFO - [2025-06-27T01:40:17.966+0000] {dag.py:4180} INFO - Setting next_dagrun for example_bash_operator to 2025-06-26 00:00:00+00:00, run_after=2025-06-27 00:00:00+00:00
[2025-06-27T01:40:17.990+0000] {processor.py:208} INFO - Processing /home/airflow/.local/lib/python3.12/site-packages/airflow/example_dags/example_bash_operator.py took 0.098 seconds
[2025-06-27T01:40:51.925+0000] {processor.py:186} INFO - Started process (PID=1692) to work on /home/airflow/.local/lib/python3.12/site-packages/airflow/example_dags/example_bash_operator.py
[2025-06-27T01:40:51.928+0000] {processor.py:914} INFO - Processing file /home/airflow/.local/lib/python3.12/site-packages/airflow/example_dags/example_bash_operator.py for tasks to queue
[2025-06-27T01:40:51.935+0000] {logging_mixin.py:190} INFO - [2025-06-27T01:40:51.933+0000] {dagbag.py:588} INFO - Filling up the DagBag from /home/airflow/.local/lib/python3.12/site-packages/airflow/example_dags/example_bash_operator.py
[2025-06-27T01:40:51.981+0000] {processor.py:925} INFO - DAG(s) 'example_bash_operator' retrieved from /home/airflow/.local/lib/python3.12/site-packages/airflow/example_dags/example_bash_operator.py
[2025-06-27T01:40:52.054+0000] {logging_mixin.py:190} INFO - [2025-06-27T01:40:52.053+0000] {dag.py:3239} INFO - Sync 1 DAGs
[2025-06-27T01:40:52.111+0000] {logging_mixin.py:190} INFO - [2025-06-27T01:40:52.111+0000] {dag.py:4180} INFO - Setting next_dagrun for example_bash_operator to 2025-06-26 00:00:00+00:00, run_after=2025-06-27 00:00:00+00:00
[2025-06-27T01:40:52.154+0000] {processor.py:208} INFO - Processing /home/airflow/.local/lib/python3.12/site-packages/airflow/example_dags/example_bash_operator.py took 0.245 seconds
