[2025-06-27T00:29:45.957+0000] {processor.py:186} INFO - Started process (PID=1377) to work on /home/airflow/.local/lib/python3.12/site-packages/airflow/example_dags/example_branch_operator.py
[2025-06-27T00:29:45.960+0000] {processor.py:914} INFO - Processing file /home/airflow/.local/lib/python3.12/site-packages/airflow/example_dags/example_branch_operator.py for tasks to queue
[2025-06-27T00:29:45.967+0000] {logging_mixin.py:190} INFO - [2025-06-27T00:29:45.966+0000] {dagbag.py:588} INFO - Filling up the DagBag from /home/airflow/.local/lib/python3.12/site-packages/airflow/example_dags/example_branch_operator.py
[2025-06-27T00:29:46.009+0000] {processor.py:925} INFO - DAG(s) 'example_branch_operator' retrieved from /home/airflow/.local/lib/python3.12/site-packages/airflow/example_dags/example_branch_operator.py
[2025-06-27T00:29:46.076+0000] {logging_mixin.py:190} INFO - [2025-06-27T00:29:46.075+0000] {dag.py:3239} INFO - Sync 1 DAGs
[2025-06-27T00:29:46.110+0000] {logging_mixin.py:190} INFO - [2025-06-27T00:29:46.110+0000] {dag.py:4180} INFO - Setting next_dagrun for example_branch_operator to 2025-06-26 00:00:00+00:00, run_after=2025-06-27 00:00:00+00:00
[2025-06-27T00:29:46.142+0000] {processor.py:208} INFO - Processing /home/airflow/.local/lib/python3.12/site-packages/airflow/example_dags/example_branch_operator.py took 0.198 seconds
[2025-06-27T00:30:24.699+0000] {processor.py:186} INFO - Started process (PID=1439) to work on /home/airflow/.local/lib/python3.12/site-packages/airflow/example_dags/example_branch_operator.py
[2025-06-27T00:30:24.702+0000] {processor.py:914} INFO - Processing file /home/airflow/.local/lib/python3.12/site-packages/airflow/example_dags/example_branch_operator.py for tasks to queue
[2025-06-27T00:30:24.709+0000] {logging_mixin.py:190} INFO - [2025-06-27T00:30:24.708+0000] {dagbag.py:588} INFO - Filling up the DagBag from /home/airflow/.local/lib/python3.12/site-packages/airflow/example_dags/example_branch_operator.py
[2025-06-27T00:30:24.822+0000] {processor.py:925} INFO - DAG(s) 'example_branch_operator' retrieved from /home/airflow/.local/lib/python3.12/site-packages/airflow/example_dags/example_branch_operator.py
[2025-06-27T00:30:24.925+0000] {logging_mixin.py:190} INFO - [2025-06-27T00:30:24.924+0000] {dag.py:3239} INFO - Sync 1 DAGs
[2025-06-27T00:30:24.963+0000] {logging_mixin.py:190} INFO - [2025-06-27T00:30:24.963+0000] {dag.py:4180} INFO - Setting next_dagrun for example_branch_operator to 2025-06-26 00:00:00+00:00, run_after=2025-06-27 00:00:00+00:00
[2025-06-27T00:30:24.997+0000] {processor.py:208} INFO - Processing /home/airflow/.local/lib/python3.12/site-packages/airflow/example_dags/example_branch_operator.py took 0.320 seconds
[2025-06-27T01:08:24.167+0000] {processor.py:186} INFO - Started process (PID=1501) to work on /home/airflow/.local/lib/python3.12/site-packages/airflow/example_dags/example_branch_operator.py
[2025-06-27T01:08:24.169+0000] {processor.py:914} INFO - Processing file /home/airflow/.local/lib/python3.12/site-packages/airflow/example_dags/example_branch_operator.py for tasks to queue
[2025-06-27T01:08:24.171+0000] {logging_mixin.py:190} INFO - [2025-06-27T01:08:24.171+0000] {dagbag.py:588} INFO - Filling up the DagBag from /home/airflow/.local/lib/python3.12/site-packages/airflow/example_dags/example_branch_operator.py
[2025-06-27T01:08:24.189+0000] {processor.py:925} INFO - DAG(s) 'example_branch_operator' retrieved from /home/airflow/.local/lib/python3.12/site-packages/airflow/example_dags/example_branch_operator.py
[2025-06-27T01:08:24.212+0000] {logging_mixin.py:190} INFO - [2025-06-27T01:08:24.211+0000] {dag.py:3239} INFO - Sync 1 DAGs
[2025-06-27T01:08:24.230+0000] {logging_mixin.py:190} INFO - [2025-06-27T01:08:24.230+0000] {dag.py:4180} INFO - Setting next_dagrun for example_branch_operator to 2025-06-26 00:00:00+00:00, run_after=2025-06-27 00:00:00+00:00
[2025-06-27T01:08:24.253+0000] {processor.py:208} INFO - Processing /home/airflow/.local/lib/python3.12/site-packages/airflow/example_dags/example_branch_operator.py took 0.090 seconds
[2025-06-27T01:39:43.430+0000] {processor.py:186} INFO - Started process (PID=1557) to work on /home/airflow/.local/lib/python3.12/site-packages/airflow/example_dags/example_branch_operator.py
[2025-06-27T01:39:43.433+0000] {processor.py:914} INFO - Processing file /home/airflow/.local/lib/python3.12/site-packages/airflow/example_dags/example_branch_operator.py for tasks to queue
[2025-06-27T01:39:43.437+0000] {logging_mixin.py:190} INFO - [2025-06-27T01:39:43.437+0000] {dagbag.py:588} INFO - Filling up the DagBag from /home/airflow/.local/lib/python3.12/site-packages/airflow/example_dags/example_branch_operator.py
[2025-06-27T01:39:43.458+0000] {processor.py:925} INFO - DAG(s) 'example_branch_operator' retrieved from /home/airflow/.local/lib/python3.12/site-packages/airflow/example_dags/example_branch_operator.py
[2025-06-27T01:39:43.491+0000] {logging_mixin.py:190} INFO - [2025-06-27T01:39:43.491+0000] {dag.py:3239} INFO - Sync 1 DAGs
[2025-06-27T01:39:43.509+0000] {logging_mixin.py:190} INFO - [2025-06-27T01:39:43.509+0000] {dag.py:4180} INFO - Setting next_dagrun for example_branch_operator to 2025-06-26 00:00:00+00:00, run_after=2025-06-27 00:00:00+00:00
[2025-06-27T01:39:43.529+0000] {processor.py:208} INFO - Processing /home/airflow/.local/lib/python3.12/site-packages/airflow/example_dags/example_branch_operator.py took 0.110 seconds
[2025-06-27T01:40:17.263+0000] {processor.py:186} INFO - Started process (PID=1624) to work on /home/airflow/.local/lib/python3.12/site-packages/airflow/example_dags/example_branch_operator.py
[2025-06-27T01:40:17.264+0000] {processor.py:914} INFO - Processing file /home/airflow/.local/lib/python3.12/site-packages/airflow/example_dags/example_branch_operator.py for tasks to queue
[2025-06-27T01:40:17.266+0000] {logging_mixin.py:190} INFO - [2025-06-27T01:40:17.266+0000] {dagbag.py:588} INFO - Filling up the DagBag from /home/airflow/.local/lib/python3.12/site-packages/airflow/example_dags/example_branch_operator.py
[2025-06-27T01:40:17.283+0000] {processor.py:925} INFO - DAG(s) 'example_branch_operator' retrieved from /home/airflow/.local/lib/python3.12/site-packages/airflow/example_dags/example_branch_operator.py
[2025-06-27T01:40:17.332+0000] {logging_mixin.py:190} INFO - [2025-06-27T01:40:17.331+0000] {dag.py:3239} INFO - Sync 1 DAGs
[2025-06-27T01:40:17.374+0000] {logging_mixin.py:190} INFO - [2025-06-27T01:40:17.374+0000] {dag.py:4180} INFO - Setting next_dagrun for example_branch_operator to 2025-06-26 00:00:00+00:00, run_after=2025-06-27 00:00:00+00:00
[2025-06-27T01:40:17.397+0000] {processor.py:208} INFO - Processing /home/airflow/.local/lib/python3.12/site-packages/airflow/example_dags/example_branch_operator.py took 0.140 seconds
[2025-06-27T01:40:50.681+0000] {processor.py:186} INFO - Started process (PID=1686) to work on /home/airflow/.local/lib/python3.12/site-packages/airflow/example_dags/example_branch_operator.py
[2025-06-27T01:40:50.683+0000] {processor.py:914} INFO - Processing file /home/airflow/.local/lib/python3.12/site-packages/airflow/example_dags/example_branch_operator.py for tasks to queue
[2025-06-27T01:40:50.686+0000] {logging_mixin.py:190} INFO - [2025-06-27T01:40:50.686+0000] {dagbag.py:588} INFO - Filling up the DagBag from /home/airflow/.local/lib/python3.12/site-packages/airflow/example_dags/example_branch_operator.py
[2025-06-27T01:40:50.726+0000] {processor.py:925} INFO - DAG(s) 'example_branch_operator' retrieved from /home/airflow/.local/lib/python3.12/site-packages/airflow/example_dags/example_branch_operator.py
[2025-06-27T01:40:50.761+0000] {logging_mixin.py:190} INFO - [2025-06-27T01:40:50.761+0000] {dag.py:3239} INFO - Sync 1 DAGs
[2025-06-27T01:40:50.793+0000] {logging_mixin.py:190} INFO - [2025-06-27T01:40:50.793+0000] {dag.py:4180} INFO - Setting next_dagrun for example_branch_operator to 2025-06-26 00:00:00+00:00, run_after=2025-06-27 00:00:00+00:00
[2025-06-27T01:40:50.863+0000] {processor.py:208} INFO - Processing /home/airflow/.local/lib/python3.12/site-packages/airflow/example_dags/example_branch_operator.py took 0.193 seconds
