[2025-06-27T00:29:50.360+0000] {processor.py:186} INFO - Started process (PID=1397) to work on /home/airflow/.local/lib/python3.12/site-packages/airflow/example_dags/example_task_group.py
[2025-06-27T00:29:50.364+0000] {processor.py:914} INFO - Processing file /home/airflow/.local/lib/python3.12/site-packages/airflow/example_dags/example_task_group.py for tasks to queue
[2025-06-27T00:29:50.372+0000] {logging_mixin.py:190} INFO - [2025-06-27T00:29:50.371+0000] {dagbag.py:588} INFO - Filling up the DagBag from /home/airflow/.local/lib/python3.12/site-packages/airflow/example_dags/example_task_group.py
[2025-06-27T00:29:50.419+0000] {processor.py:925} INFO - DAG(s) 'example_task_group' retrieved from /home/airflow/.local/lib/python3.12/site-packages/airflow/example_dags/example_task_group.py
[2025-06-27T00:29:50.505+0000] {logging_mixin.py:190} INFO - [2025-06-27T00:29:50.505+0000] {dag.py:3239} INFO - Sync 1 DAGs
[2025-06-27T00:29:50.537+0000] {logging_mixin.py:190} INFO - [2025-06-27T00:29:50.537+0000] {dag.py:4180} INFO - Setting next_dagrun for example_task_group to None, run_after=None
[2025-06-27T00:29:50.579+0000] {processor.py:208} INFO - Processing /home/airflow/.local/lib/python3.12/site-packages/airflow/example_dags/example_task_group.py took 0.233 seconds
[2025-06-27T00:30:26.015+0000] {processor.py:186} INFO - Started process (PID=1459) to work on /home/airflow/.local/lib/python3.12/site-packages/airflow/example_dags/example_task_group.py
[2025-06-27T00:30:26.016+0000] {processor.py:914} INFO - Processing file /home/airflow/.local/lib/python3.12/site-packages/airflow/example_dags/example_task_group.py for tasks to queue
[2025-06-27T00:30:26.017+0000] {logging_mixin.py:190} INFO - [2025-06-27T00:30:26.017+0000] {dagbag.py:588} INFO - Filling up the DagBag from /home/airflow/.local/lib/python3.12/site-packages/airflow/example_dags/example_task_group.py
[2025-06-27T00:30:26.022+0000] {processor.py:925} INFO - DAG(s) 'example_task_group' retrieved from /home/airflow/.local/lib/python3.12/site-packages/airflow/example_dags/example_task_group.py
[2025-06-27T00:30:26.032+0000] {logging_mixin.py:190} INFO - [2025-06-27T00:30:26.032+0000] {dag.py:3239} INFO - Sync 1 DAGs
[2025-06-27T00:30:26.041+0000] {logging_mixin.py:190} INFO - [2025-06-27T00:30:26.041+0000] {dag.py:4180} INFO - Setting next_dagrun for example_task_group to None, run_after=None
[2025-06-27T00:30:26.052+0000] {processor.py:208} INFO - Processing /home/airflow/.local/lib/python3.12/site-packages/airflow/example_dags/example_task_group.py took 0.040 seconds
[2025-06-27T01:08:25.796+0000] {processor.py:186} INFO - Started process (PID=1521) to work on /home/airflow/.local/lib/python3.12/site-packages/airflow/example_dags/example_task_group.py
[2025-06-27T01:08:25.797+0000] {processor.py:914} INFO - Processing file /home/airflow/.local/lib/python3.12/site-packages/airflow/example_dags/example_task_group.py for tasks to queue
[2025-06-27T01:08:25.798+0000] {logging_mixin.py:190} INFO - [2025-06-27T01:08:25.798+0000] {dagbag.py:588} INFO - Filling up the DagBag from /home/airflow/.local/lib/python3.12/site-packages/airflow/example_dags/example_task_group.py
[2025-06-27T01:08:25.803+0000] {processor.py:925} INFO - DAG(s) 'example_task_group' retrieved from /home/airflow/.local/lib/python3.12/site-packages/airflow/example_dags/example_task_group.py
[2025-06-27T01:08:25.817+0000] {logging_mixin.py:190} INFO - [2025-06-27T01:08:25.816+0000] {dag.py:3239} INFO - Sync 1 DAGs
[2025-06-27T01:08:25.823+0000] {logging_mixin.py:190} INFO - [2025-06-27T01:08:25.823+0000] {dag.py:4180} INFO - Setting next_dagrun for example_task_group to None, run_after=None
[2025-06-27T01:08:25.833+0000] {processor.py:208} INFO - Processing /home/airflow/.local/lib/python3.12/site-packages/airflow/example_dags/example_task_group.py took 0.041 seconds
[2025-06-27T01:39:45.154+0000] {processor.py:186} INFO - Started process (PID=1582) to work on /home/airflow/.local/lib/python3.12/site-packages/airflow/example_dags/example_task_group.py
[2025-06-27T01:39:45.158+0000] {processor.py:914} INFO - Processing file /home/airflow/.local/lib/python3.12/site-packages/airflow/example_dags/example_task_group.py for tasks to queue
[2025-06-27T01:39:45.164+0000] {logging_mixin.py:190} INFO - [2025-06-27T01:39:45.164+0000] {dagbag.py:588} INFO - Filling up the DagBag from /home/airflow/.local/lib/python3.12/site-packages/airflow/example_dags/example_task_group.py
[2025-06-27T01:39:45.182+0000] {processor.py:925} INFO - DAG(s) 'example_task_group' retrieved from /home/airflow/.local/lib/python3.12/site-packages/airflow/example_dags/example_task_group.py
[2025-06-27T01:39:45.215+0000] {logging_mixin.py:190} INFO - [2025-06-27T01:39:45.215+0000] {dag.py:3239} INFO - Sync 1 DAGs
[2025-06-27T01:39:45.227+0000] {logging_mixin.py:190} INFO - [2025-06-27T01:39:45.226+0000] {dag.py:4180} INFO - Setting next_dagrun for example_task_group to None, run_after=None
[2025-06-27T01:39:45.261+0000] {processor.py:208} INFO - Processing /home/airflow/.local/lib/python3.12/site-packages/airflow/example_dags/example_task_group.py took 0.115 seconds
[2025-06-27T01:40:19.601+0000] {processor.py:186} INFO - Started process (PID=1644) to work on /home/airflow/.local/lib/python3.12/site-packages/airflow/example_dags/example_task_group.py
[2025-06-27T01:40:19.602+0000] {processor.py:914} INFO - Processing file /home/airflow/.local/lib/python3.12/site-packages/airflow/example_dags/example_task_group.py for tasks to queue
[2025-06-27T01:40:19.604+0000] {logging_mixin.py:190} INFO - [2025-06-27T01:40:19.603+0000] {dagbag.py:588} INFO - Filling up the DagBag from /home/airflow/.local/lib/python3.12/site-packages/airflow/example_dags/example_task_group.py
[2025-06-27T01:40:19.610+0000] {processor.py:925} INFO - DAG(s) 'example_task_group' retrieved from /home/airflow/.local/lib/python3.12/site-packages/airflow/example_dags/example_task_group.py
[2025-06-27T01:40:19.626+0000] {logging_mixin.py:190} INFO - [2025-06-27T01:40:19.626+0000] {dag.py:3239} INFO - Sync 1 DAGs
[2025-06-27T01:40:19.634+0000] {logging_mixin.py:190} INFO - [2025-06-27T01:40:19.634+0000] {dag.py:4180} INFO - Setting next_dagrun for example_task_group to None, run_after=None
[2025-06-27T01:40:19.643+0000] {processor.py:208} INFO - Processing /home/airflow/.local/lib/python3.12/site-packages/airflow/example_dags/example_task_group.py took 0.047 seconds
[2025-06-27T01:40:54.930+0000] {processor.py:186} INFO - Started process (PID=1706) to work on /home/airflow/.local/lib/python3.12/site-packages/airflow/example_dags/example_task_group.py
[2025-06-27T01:40:54.932+0000] {processor.py:914} INFO - Processing file /home/airflow/.local/lib/python3.12/site-packages/airflow/example_dags/example_task_group.py for tasks to queue
[2025-06-27T01:40:54.938+0000] {logging_mixin.py:190} INFO - [2025-06-27T01:40:54.936+0000] {dagbag.py:588} INFO - Filling up the DagBag from /home/airflow/.local/lib/python3.12/site-packages/airflow/example_dags/example_task_group.py
[2025-06-27T01:40:54.976+0000] {processor.py:925} INFO - DAG(s) 'example_task_group' retrieved from /home/airflow/.local/lib/python3.12/site-packages/airflow/example_dags/example_task_group.py
[2025-06-27T01:40:55.069+0000] {logging_mixin.py:190} INFO - [2025-06-27T01:40:55.068+0000] {dag.py:3239} INFO - Sync 1 DAGs
[2025-06-27T01:40:55.153+0000] {logging_mixin.py:190} INFO - [2025-06-27T01:40:55.153+0000] {dag.py:4180} INFO - Setting next_dagrun for example_task_group to None, run_after=None
[2025-06-27T01:40:55.245+0000] {processor.py:208} INFO - Processing /home/airflow/.local/lib/python3.12/site-packages/airflow/example_dags/example_task_group.py took 0.329 seconds
