[2025-06-27T00:29:44.147+0000] {processor.py:186} INFO - Started process (PID=1371) to work on /home/airflow/.local/lib/python3.12/site-packages/airflow/example_dags/example_inlet_event_extra.py
[2025-06-27T00:29:44.148+0000] {processor.py:914} INFO - Processing file /home/airflow/.local/lib/python3.12/site-packages/airflow/example_dags/example_inlet_event_extra.py for tasks to queue
[2025-06-27T00:29:44.152+0000] {logging_mixin.py:190} INFO - [2025-06-27T00:29:44.151+0000] {dagbag.py:588} INFO - Filling up the DagBag from /home/airflow/.local/lib/python3.12/site-packages/airflow/example_dags/example_inlet_event_extra.py
[2025-06-27T00:29:44.415+0000] {processor.py:925} INFO - DAG(s) 'read_dataset_event', 'read_dataset_event_from_classic' retrieved from /home/airflow/.local/lib/python3.12/site-packages/airflow/example_dags/example_inlet_event_extra.py
[2025-06-27T00:29:44.486+0000] {logging_mixin.py:190} INFO - [2025-06-27T00:29:44.485+0000] {dag.py:3239} INFO - Sync 2 DAGs
[2025-06-27T00:29:44.516+0000] {logging_mixin.py:190} INFO - [2025-06-27T00:29:44.516+0000] {dag.py:4180} INFO - Setting next_dagrun for read_dataset_event to 2025-06-26 00:00:00+00:00, run_after=2025-06-27 00:00:00+00:00
[2025-06-27T00:29:44.520+0000] {logging_mixin.py:190} INFO - [2025-06-27T00:29:44.520+0000] {dag.py:4180} INFO - Setting next_dagrun for read_dataset_event_from_classic to 2025-06-26 00:00:00+00:00, run_after=2025-06-27 00:00:00+00:00
[2025-06-27T00:29:44.538+0000] {processor.py:208} INFO - Processing /home/airflow/.local/lib/python3.12/site-packages/airflow/example_dags/example_inlet_event_extra.py took 0.398 seconds
[2025-06-27T00:30:21.849+0000] {processor.py:186} INFO - Started process (PID=1433) to work on /home/airflow/.local/lib/python3.12/site-packages/airflow/example_dags/example_inlet_event_extra.py
[2025-06-27T00:30:21.869+0000] {processor.py:914} INFO - Processing file /home/airflow/.local/lib/python3.12/site-packages/airflow/example_dags/example_inlet_event_extra.py for tasks to queue
[2025-06-27T00:30:21.890+0000] {logging_mixin.py:190} INFO - [2025-06-27T00:30:21.888+0000] {dagbag.py:588} INFO - Filling up the DagBag from /home/airflow/.local/lib/python3.12/site-packages/airflow/example_dags/example_inlet_event_extra.py
[2025-06-27T00:30:22.651+0000] {processor.py:925} INFO - DAG(s) 'read_dataset_event', 'read_dataset_event_from_classic' retrieved from /home/airflow/.local/lib/python3.12/site-packages/airflow/example_dags/example_inlet_event_extra.py
[2025-06-27T00:30:22.784+0000] {logging_mixin.py:190} INFO - [2025-06-27T00:30:22.782+0000] {dag.py:3239} INFO - Sync 2 DAGs
[2025-06-27T00:30:22.886+0000] {logging_mixin.py:190} INFO - [2025-06-27T00:30:22.885+0000] {dag.py:4180} INFO - Setting next_dagrun for read_dataset_event to 2025-06-26 00:00:00+00:00, run_after=2025-06-27 00:00:00+00:00
[2025-06-27T00:30:22.912+0000] {logging_mixin.py:190} INFO - [2025-06-27T00:30:22.911+0000] {dag.py:4180} INFO - Setting next_dagrun for read_dataset_event_from_classic to 2025-06-26 00:00:00+00:00, run_after=2025-06-27 00:00:00+00:00
[2025-06-27T00:30:22.980+0000] {processor.py:208} INFO - Processing /home/airflow/.local/lib/python3.12/site-packages/airflow/example_dags/example_inlet_event_extra.py took 1.187 seconds
[2025-06-27T01:08:23.436+0000] {processor.py:186} INFO - Started process (PID=1495) to work on /home/airflow/.local/lib/python3.12/site-packages/airflow/example_dags/example_inlet_event_extra.py
[2025-06-27T01:08:23.437+0000] {processor.py:914} INFO - Processing file /home/airflow/.local/lib/python3.12/site-packages/airflow/example_dags/example_inlet_event_extra.py for tasks to queue
[2025-06-27T01:08:23.441+0000] {logging_mixin.py:190} INFO - [2025-06-27T01:08:23.441+0000] {dagbag.py:588} INFO - Filling up the DagBag from /home/airflow/.local/lib/python3.12/site-packages/airflow/example_dags/example_inlet_event_extra.py
[2025-06-27T01:08:23.645+0000] {processor.py:925} INFO - DAG(s) 'read_dataset_event_from_classic', 'read_dataset_event' retrieved from /home/airflow/.local/lib/python3.12/site-packages/airflow/example_dags/example_inlet_event_extra.py
[2025-06-27T01:08:23.680+0000] {logging_mixin.py:190} INFO - [2025-06-27T01:08:23.680+0000] {dag.py:3239} INFO - Sync 2 DAGs
[2025-06-27T01:08:23.702+0000] {logging_mixin.py:190} INFO - [2025-06-27T01:08:23.702+0000] {dag.py:4180} INFO - Setting next_dagrun for read_dataset_event to 2025-06-26 00:00:00+00:00, run_after=2025-06-27 00:00:00+00:00
[2025-06-27T01:08:23.705+0000] {logging_mixin.py:190} INFO - [2025-06-27T01:08:23.705+0000] {dag.py:4180} INFO - Setting next_dagrun for read_dataset_event_from_classic to 2025-06-26 00:00:00+00:00, run_after=2025-06-27 00:00:00+00:00
[2025-06-27T01:08:23.715+0000] {processor.py:208} INFO - Processing /home/airflow/.local/lib/python3.12/site-packages/airflow/example_dags/example_inlet_event_extra.py took 0.287 seconds
[2025-06-27T01:39:41.350+0000] {processor.py:186} INFO - Started process (PID=1551) to work on /home/airflow/.local/lib/python3.12/site-packages/airflow/example_dags/example_inlet_event_extra.py
[2025-06-27T01:39:41.354+0000] {processor.py:914} INFO - Processing file /home/airflow/.local/lib/python3.12/site-packages/airflow/example_dags/example_inlet_event_extra.py for tasks to queue
[2025-06-27T01:39:41.360+0000] {logging_mixin.py:190} INFO - [2025-06-27T01:39:41.359+0000] {dagbag.py:588} INFO - Filling up the DagBag from /home/airflow/.local/lib/python3.12/site-packages/airflow/example_dags/example_inlet_event_extra.py
[2025-06-27T01:39:41.634+0000] {processor.py:925} INFO - DAG(s) 'read_dataset_event', 'read_dataset_event_from_classic' retrieved from /home/airflow/.local/lib/python3.12/site-packages/airflow/example_dags/example_inlet_event_extra.py
[2025-06-27T01:39:41.667+0000] {logging_mixin.py:190} INFO - [2025-06-27T01:39:41.666+0000] {dag.py:3239} INFO - Sync 2 DAGs
[2025-06-27T01:39:41.713+0000] {logging_mixin.py:190} INFO - [2025-06-27T01:39:41.713+0000] {dag.py:4180} INFO - Setting next_dagrun for read_dataset_event to 2025-06-26 00:00:00+00:00, run_after=2025-06-27 00:00:00+00:00
[2025-06-27T01:39:41.721+0000] {logging_mixin.py:190} INFO - [2025-06-27T01:39:41.721+0000] {dag.py:4180} INFO - Setting next_dagrun for read_dataset_event_from_classic to 2025-06-26 00:00:00+00:00, run_after=2025-06-27 00:00:00+00:00
[2025-06-27T01:39:41.745+0000] {processor.py:208} INFO - Processing /home/airflow/.local/lib/python3.12/site-packages/airflow/example_dags/example_inlet_event_extra.py took 0.405 seconds
[2025-06-27T01:40:16.745+0000] {processor.py:186} INFO - Started process (PID=1618) to work on /home/airflow/.local/lib/python3.12/site-packages/airflow/example_dags/example_inlet_event_extra.py
[2025-06-27T01:40:16.748+0000] {processor.py:914} INFO - Processing file /home/airflow/.local/lib/python3.12/site-packages/airflow/example_dags/example_inlet_event_extra.py for tasks to queue
[2025-06-27T01:40:16.751+0000] {logging_mixin.py:190} INFO - [2025-06-27T01:40:16.750+0000] {dagbag.py:588} INFO - Filling up the DagBag from /home/airflow/.local/lib/python3.12/site-packages/airflow/example_dags/example_inlet_event_extra.py
[2025-06-27T01:40:16.877+0000] {processor.py:925} INFO - DAG(s) 'read_dataset_event_from_classic', 'read_dataset_event' retrieved from /home/airflow/.local/lib/python3.12/site-packages/airflow/example_dags/example_inlet_event_extra.py
[2025-06-27T01:40:16.904+0000] {logging_mixin.py:190} INFO - [2025-06-27T01:40:16.903+0000] {dag.py:3239} INFO - Sync 2 DAGs
[2025-06-27T01:40:16.928+0000] {logging_mixin.py:190} INFO - [2025-06-27T01:40:16.928+0000] {dag.py:4180} INFO - Setting next_dagrun for read_dataset_event to 2025-06-26 00:00:00+00:00, run_after=2025-06-27 00:00:00+00:00
[2025-06-27T01:40:16.933+0000] {logging_mixin.py:190} INFO - [2025-06-27T01:40:16.933+0000] {dag.py:4180} INFO - Setting next_dagrun for read_dataset_event_from_classic to 2025-06-26 00:00:00+00:00, run_after=2025-06-27 00:00:00+00:00
[2025-06-27T01:40:16.954+0000] {processor.py:208} INFO - Processing /home/airflow/.local/lib/python3.12/site-packages/airflow/example_dags/example_inlet_event_extra.py took 0.215 seconds
[2025-06-27T01:40:49.335+0000] {processor.py:186} INFO - Started process (PID=1680) to work on /home/airflow/.local/lib/python3.12/site-packages/airflow/example_dags/example_inlet_event_extra.py
[2025-06-27T01:40:49.354+0000] {processor.py:914} INFO - Processing file /home/airflow/.local/lib/python3.12/site-packages/airflow/example_dags/example_inlet_event_extra.py for tasks to queue
[2025-06-27T01:40:49.363+0000] {logging_mixin.py:190} INFO - [2025-06-27T01:40:49.360+0000] {dagbag.py:588} INFO - Filling up the DagBag from /home/airflow/.local/lib/python3.12/site-packages/airflow/example_dags/example_inlet_event_extra.py
[2025-06-27T01:40:49.841+0000] {processor.py:925} INFO - DAG(s) 'read_dataset_event', 'read_dataset_event_from_classic' retrieved from /home/airflow/.local/lib/python3.12/site-packages/airflow/example_dags/example_inlet_event_extra.py
[2025-06-27T01:40:49.921+0000] {logging_mixin.py:190} INFO - [2025-06-27T01:40:49.920+0000] {dag.py:3239} INFO - Sync 2 DAGs
[2025-06-27T01:40:49.975+0000] {logging_mixin.py:190} INFO - [2025-06-27T01:40:49.974+0000] {dag.py:4180} INFO - Setting next_dagrun for read_dataset_event to 2025-06-26 00:00:00+00:00, run_after=2025-06-27 00:00:00+00:00
[2025-06-27T01:40:49.983+0000] {logging_mixin.py:190} INFO - [2025-06-27T01:40:49.983+0000] {dag.py:4180} INFO - Setting next_dagrun for read_dataset_event_from_classic to 2025-06-26 00:00:00+00:00, run_after=2025-06-27 00:00:00+00:00
[2025-06-27T01:40:50.022+0000] {processor.py:208} INFO - Processing /home/airflow/.local/lib/python3.12/site-packages/airflow/example_dags/example_inlet_event_extra.py took 0.712 seconds
