[2025-06-27T00:29:43.964+0000] {processor.py:186} INFO - Started process (PID=1370) to work on /home/airflow/.local/lib/python3.12/site-packages/airflow/example_dags/example_params_trigger_ui.py
[2025-06-27T00:29:43.966+0000] {processor.py:914} INFO - Processing file /home/airflow/.local/lib/python3.12/site-packages/airflow/example_dags/example_params_trigger_ui.py for tasks to queue
[2025-06-27T00:29:43.969+0000] {logging_mixin.py:190} INFO - [2025-06-27T00:29:43.969+0000] {dagbag.py:588} INFO - Filling up the DagBag from /home/airflow/.local/lib/python3.12/site-packages/airflow/example_dags/example_params_trigger_ui.py
[2025-06-27T00:29:43.989+0000] {processor.py:925} INFO - DAG(s) 'example_params_trigger_ui' retrieved from /home/airflow/.local/lib/python3.12/site-packages/airflow/example_dags/example_params_trigger_ui.py
[2025-06-27T00:29:44.051+0000] {logging_mixin.py:190} INFO - [2025-06-27T00:29:44.051+0000] {dag.py:3239} INFO - Sync 1 DAGs
[2025-06-27T00:29:44.080+0000] {logging_mixin.py:190} INFO - [2025-06-27T00:29:44.079+0000] {dag.py:4180} INFO - Setting next_dagrun for example_params_trigger_ui to None, run_after=None
[2025-06-27T00:29:44.103+0000] {processor.py:208} INFO - Processing /home/airflow/.local/lib/python3.12/site-packages/airflow/example_dags/example_params_trigger_ui.py took 0.161 seconds
[2025-06-27T00:30:21.280+0000] {processor.py:186} INFO - Started process (PID=1432) to work on /home/airflow/.local/lib/python3.12/site-packages/airflow/example_dags/example_params_trigger_ui.py
[2025-06-27T00:30:21.283+0000] {processor.py:914} INFO - Processing file /home/airflow/.local/lib/python3.12/site-packages/airflow/example_dags/example_params_trigger_ui.py for tasks to queue
[2025-06-27T00:30:21.288+0000] {logging_mixin.py:190} INFO - [2025-06-27T00:30:21.287+0000] {dagbag.py:588} INFO - Filling up the DagBag from /home/airflow/.local/lib/python3.12/site-packages/airflow/example_dags/example_params_trigger_ui.py
[2025-06-27T00:30:21.328+0000] {processor.py:925} INFO - DAG(s) 'example_params_trigger_ui' retrieved from /home/airflow/.local/lib/python3.12/site-packages/airflow/example_dags/example_params_trigger_ui.py
[2025-06-27T00:30:21.487+0000] {logging_mixin.py:190} INFO - [2025-06-27T00:30:21.485+0000] {dag.py:3239} INFO - Sync 1 DAGs
[2025-06-27T00:30:21.554+0000] {logging_mixin.py:190} INFO - [2025-06-27T00:30:21.554+0000] {dag.py:4180} INFO - Setting next_dagrun for example_params_trigger_ui to None, run_after=None
[2025-06-27T00:30:21.640+0000] {processor.py:208} INFO - Processing /home/airflow/.local/lib/python3.12/site-packages/airflow/example_dags/example_params_trigger_ui.py took 0.371 seconds
[2025-06-27T01:08:23.245+0000] {processor.py:186} INFO - Started process (PID=1494) to work on /home/airflow/.local/lib/python3.12/site-packages/airflow/example_dags/example_params_trigger_ui.py
[2025-06-27T01:08:23.250+0000] {processor.py:914} INFO - Processing file /home/airflow/.local/lib/python3.12/site-packages/airflow/example_dags/example_params_trigger_ui.py for tasks to queue
[2025-06-27T01:08:23.258+0000] {logging_mixin.py:190} INFO - [2025-06-27T01:08:23.258+0000] {dagbag.py:588} INFO - Filling up the DagBag from /home/airflow/.local/lib/python3.12/site-packages/airflow/example_dags/example_params_trigger_ui.py
[2025-06-27T01:08:23.282+0000] {processor.py:925} INFO - DAG(s) 'example_params_trigger_ui' retrieved from /home/airflow/.local/lib/python3.12/site-packages/airflow/example_dags/example_params_trigger_ui.py
[2025-06-27T01:08:23.347+0000] {logging_mixin.py:190} INFO - [2025-06-27T01:08:23.346+0000] {dag.py:3239} INFO - Sync 1 DAGs
[2025-06-27T01:08:23.371+0000] {logging_mixin.py:190} INFO - [2025-06-27T01:08:23.370+0000] {dag.py:4180} INFO - Setting next_dagrun for example_params_trigger_ui to None, run_after=None
[2025-06-27T01:08:23.408+0000] {processor.py:208} INFO - Processing /home/airflow/.local/lib/python3.12/site-packages/airflow/example_dags/example_params_trigger_ui.py took 0.171 seconds
[2025-06-27T01:39:41.198+0000] {processor.py:186} INFO - Started process (PID=1550) to work on /home/airflow/.local/lib/python3.12/site-packages/airflow/example_dags/example_params_trigger_ui.py
[2025-06-27T01:39:41.199+0000] {processor.py:914} INFO - Processing file /home/airflow/.local/lib/python3.12/site-packages/airflow/example_dags/example_params_trigger_ui.py for tasks to queue
[2025-06-27T01:39:41.201+0000] {logging_mixin.py:190} INFO - [2025-06-27T01:39:41.201+0000] {dagbag.py:588} INFO - Filling up the DagBag from /home/airflow/.local/lib/python3.12/site-packages/airflow/example_dags/example_params_trigger_ui.py
[2025-06-27T01:39:41.212+0000] {processor.py:925} INFO - DAG(s) 'example_params_trigger_ui' retrieved from /home/airflow/.local/lib/python3.12/site-packages/airflow/example_dags/example_params_trigger_ui.py
[2025-06-27T01:39:41.258+0000] {logging_mixin.py:190} INFO - [2025-06-27T01:39:41.257+0000] {dag.py:3239} INFO - Sync 1 DAGs
[2025-06-27T01:39:41.274+0000] {logging_mixin.py:190} INFO - [2025-06-27T01:39:41.274+0000] {dag.py:4180} INFO - Setting next_dagrun for example_params_trigger_ui to None, run_after=None
[2025-06-27T01:39:41.292+0000] {processor.py:208} INFO - Processing /home/airflow/.local/lib/python3.12/site-packages/airflow/example_dags/example_params_trigger_ui.py took 0.101 seconds
[2025-06-27T01:40:16.594+0000] {processor.py:186} INFO - Started process (PID=1617) to work on /home/airflow/.local/lib/python3.12/site-packages/airflow/example_dags/example_params_trigger_ui.py
[2025-06-27T01:40:16.596+0000] {processor.py:914} INFO - Processing file /home/airflow/.local/lib/python3.12/site-packages/airflow/example_dags/example_params_trigger_ui.py for tasks to queue
[2025-06-27T01:40:16.600+0000] {logging_mixin.py:190} INFO - [2025-06-27T01:40:16.599+0000] {dagbag.py:588} INFO - Filling up the DagBag from /home/airflow/.local/lib/python3.12/site-packages/airflow/example_dags/example_params_trigger_ui.py
[2025-06-27T01:40:16.610+0000] {processor.py:925} INFO - DAG(s) 'example_params_trigger_ui' retrieved from /home/airflow/.local/lib/python3.12/site-packages/airflow/example_dags/example_params_trigger_ui.py
[2025-06-27T01:40:16.664+0000] {logging_mixin.py:190} INFO - [2025-06-27T01:40:16.664+0000] {dag.py:3239} INFO - Sync 1 DAGs
[2025-06-27T01:40:16.681+0000] {logging_mixin.py:190} INFO - [2025-06-27T01:40:16.681+0000] {dag.py:4180} INFO - Setting next_dagrun for example_params_trigger_ui to None, run_after=None
[2025-06-27T01:40:16.705+0000] {processor.py:208} INFO - Processing /home/airflow/.local/lib/python3.12/site-packages/airflow/example_dags/example_params_trigger_ui.py took 0.119 seconds
[2025-06-27T01:40:49.096+0000] {processor.py:186} INFO - Started process (PID=1679) to work on /home/airflow/.local/lib/python3.12/site-packages/airflow/example_dags/example_params_trigger_ui.py
[2025-06-27T01:40:49.099+0000] {processor.py:914} INFO - Processing file /home/airflow/.local/lib/python3.12/site-packages/airflow/example_dags/example_params_trigger_ui.py for tasks to queue
[2025-06-27T01:40:49.103+0000] {logging_mixin.py:190} INFO - [2025-06-27T01:40:49.103+0000] {dagbag.py:588} INFO - Filling up the DagBag from /home/airflow/.local/lib/python3.12/site-packages/airflow/example_dags/example_params_trigger_ui.py
[2025-06-27T01:40:49.118+0000] {processor.py:925} INFO - DAG(s) 'example_params_trigger_ui' retrieved from /home/airflow/.local/lib/python3.12/site-packages/airflow/example_dags/example_params_trigger_ui.py
[2025-06-27T01:40:49.188+0000] {logging_mixin.py:190} INFO - [2025-06-27T01:40:49.187+0000] {dag.py:3239} INFO - Sync 1 DAGs
[2025-06-27T01:40:49.209+0000] {logging_mixin.py:190} INFO - [2025-06-27T01:40:49.209+0000] {dag.py:4180} INFO - Setting next_dagrun for example_params_trigger_ui to None, run_after=None
[2025-06-27T01:40:49.236+0000] {processor.py:208} INFO - Processing /home/airflow/.local/lib/python3.12/site-packages/airflow/example_dags/example_params_trigger_ui.py took 0.159 seconds
