[2025-06-27T00:29:50.662+0000] {processor.py:186} INFO - Started process (PID=1398) to work on /home/airflow/.local/lib/python3.12/site-packages/airflow/example_dags/tutorial_dag.py
[2025-06-27T00:29:50.665+0000] {processor.py:914} INFO - Processing file /home/airflow/.local/lib/python3.12/site-packages/airflow/example_dags/tutorial_dag.py for tasks to queue
[2025-06-27T00:29:50.670+0000] {logging_mixin.py:190} INFO - [2025-06-27T00:29:50.669+0000] {dagbag.py:588} INFO - Filling up the DagBag from /home/airflow/.local/lib/python3.12/site-packages/airflow/example_dags/tutorial_dag.py
[2025-06-27T00:29:50.701+0000] {processor.py:925} INFO - DAG(s) 'tutorial_dag' retrieved from /home/airflow/.local/lib/python3.12/site-packages/airflow/example_dags/tutorial_dag.py
[2025-06-27T00:29:50.772+0000] {logging_mixin.py:190} INFO - [2025-06-27T00:29:50.771+0000] {dag.py:3239} INFO - Sync 1 DAGs
[2025-06-27T00:29:50.816+0000] {logging_mixin.py:190} INFO - [2025-06-27T00:29:50.815+0000] {dag.py:4180} INFO - Setting next_dagrun for tutorial_dag to None, run_after=None
[2025-06-27T00:29:50.858+0000] {processor.py:208} INFO - Processing /home/airflow/.local/lib/python3.12/site-packages/airflow/example_dags/tutorial_dag.py took 0.233 seconds
[2025-06-27T00:30:26.059+0000] {processor.py:186} INFO - Started process (PID=1460) to work on /home/airflow/.local/lib/python3.12/site-packages/airflow/example_dags/tutorial_dag.py
[2025-06-27T00:30:26.061+0000] {processor.py:914} INFO - Processing file /home/airflow/.local/lib/python3.12/site-packages/airflow/example_dags/tutorial_dag.py for tasks to queue
[2025-06-27T00:30:26.062+0000] {logging_mixin.py:190} INFO - [2025-06-27T00:30:26.062+0000] {dagbag.py:588} INFO - Filling up the DagBag from /home/airflow/.local/lib/python3.12/site-packages/airflow/example_dags/tutorial_dag.py
[2025-06-27T00:30:26.068+0000] {processor.py:925} INFO - DAG(s) 'tutorial_dag' retrieved from /home/airflow/.local/lib/python3.12/site-packages/airflow/example_dags/tutorial_dag.py
[2025-06-27T00:30:26.081+0000] {logging_mixin.py:190} INFO - [2025-06-27T00:30:26.081+0000] {dag.py:3239} INFO - Sync 1 DAGs
[2025-06-27T00:30:26.088+0000] {logging_mixin.py:190} INFO - [2025-06-27T00:30:26.088+0000] {dag.py:4180} INFO - Setting next_dagrun for tutorial_dag to None, run_after=None
[2025-06-27T00:30:26.096+0000] {processor.py:208} INFO - Processing /home/airflow/.local/lib/python3.12/site-packages/airflow/example_dags/tutorial_dag.py took 0.040 seconds
[2025-06-27T01:08:25.847+0000] {processor.py:186} INFO - Started process (PID=1522) to work on /home/airflow/.local/lib/python3.12/site-packages/airflow/example_dags/tutorial_dag.py
[2025-06-27T01:08:25.848+0000] {processor.py:914} INFO - Processing file /home/airflow/.local/lib/python3.12/site-packages/airflow/example_dags/tutorial_dag.py for tasks to queue
[2025-06-27T01:08:25.850+0000] {logging_mixin.py:190} INFO - [2025-06-27T01:08:25.849+0000] {dagbag.py:588} INFO - Filling up the DagBag from /home/airflow/.local/lib/python3.12/site-packages/airflow/example_dags/tutorial_dag.py
[2025-06-27T01:08:25.858+0000] {processor.py:925} INFO - DAG(s) 'tutorial_dag' retrieved from /home/airflow/.local/lib/python3.12/site-packages/airflow/example_dags/tutorial_dag.py
[2025-06-27T01:08:25.877+0000] {logging_mixin.py:190} INFO - [2025-06-27T01:08:25.877+0000] {dag.py:3239} INFO - Sync 1 DAGs
[2025-06-27T01:08:25.889+0000] {logging_mixin.py:190} INFO - [2025-06-27T01:08:25.889+0000] {dag.py:4180} INFO - Setting next_dagrun for tutorial_dag to None, run_after=None
[2025-06-27T01:08:25.903+0000] {processor.py:208} INFO - Processing /home/airflow/.local/lib/python3.12/site-packages/airflow/example_dags/tutorial_dag.py took 0.059 seconds
[2025-06-27T01:39:45.228+0000] {processor.py:186} INFO - Started process (PID=1583) to work on /home/airflow/.local/lib/python3.12/site-packages/airflow/example_dags/tutorial_dag.py
[2025-06-27T01:39:45.230+0000] {processor.py:914} INFO - Processing file /home/airflow/.local/lib/python3.12/site-packages/airflow/example_dags/tutorial_dag.py for tasks to queue
[2025-06-27T01:39:45.233+0000] {logging_mixin.py:190} INFO - [2025-06-27T01:39:45.233+0000] {dagbag.py:588} INFO - Filling up the DagBag from /home/airflow/.local/lib/python3.12/site-packages/airflow/example_dags/tutorial_dag.py
[2025-06-27T01:39:45.245+0000] {processor.py:925} INFO - DAG(s) 'tutorial_dag' retrieved from /home/airflow/.local/lib/python3.12/site-packages/airflow/example_dags/tutorial_dag.py
[2025-06-27T01:39:45.289+0000] {logging_mixin.py:190} INFO - [2025-06-27T01:39:45.288+0000] {dag.py:3239} INFO - Sync 1 DAGs
[2025-06-27T01:39:45.319+0000] {logging_mixin.py:190} INFO - [2025-06-27T01:39:45.318+0000] {dag.py:4180} INFO - Setting next_dagrun for tutorial_dag to None, run_after=None
[2025-06-27T01:39:45.357+0000] {processor.py:208} INFO - Processing /home/airflow/.local/lib/python3.12/site-packages/airflow/example_dags/tutorial_dag.py took 0.136 seconds
[2025-06-27T01:40:19.663+0000] {processor.py:186} INFO - Started process (PID=1645) to work on /home/airflow/.local/lib/python3.12/site-packages/airflow/example_dags/tutorial_dag.py
[2025-06-27T01:40:19.664+0000] {processor.py:914} INFO - Processing file /home/airflow/.local/lib/python3.12/site-packages/airflow/example_dags/tutorial_dag.py for tasks to queue
[2025-06-27T01:40:19.665+0000] {logging_mixin.py:190} INFO - [2025-06-27T01:40:19.665+0000] {dagbag.py:588} INFO - Filling up the DagBag from /home/airflow/.local/lib/python3.12/site-packages/airflow/example_dags/tutorial_dag.py
[2025-06-27T01:40:19.671+0000] {processor.py:925} INFO - DAG(s) 'tutorial_dag' retrieved from /home/airflow/.local/lib/python3.12/site-packages/airflow/example_dags/tutorial_dag.py
[2025-06-27T01:40:19.688+0000] {logging_mixin.py:190} INFO - [2025-06-27T01:40:19.688+0000] {dag.py:3239} INFO - Sync 1 DAGs
[2025-06-27T01:40:19.699+0000] {logging_mixin.py:190} INFO - [2025-06-27T01:40:19.698+0000] {dag.py:4180} INFO - Setting next_dagrun for tutorial_dag to None, run_after=None
[2025-06-27T01:40:19.715+0000] {processor.py:208} INFO - Processing /home/airflow/.local/lib/python3.12/site-packages/airflow/example_dags/tutorial_dag.py took 0.060 seconds
[2025-06-27T01:40:54.989+0000] {processor.py:186} INFO - Started process (PID=1707) to work on /home/airflow/.local/lib/python3.12/site-packages/airflow/example_dags/tutorial_dag.py
[2025-06-27T01:40:54.993+0000] {processor.py:914} INFO - Processing file /home/airflow/.local/lib/python3.12/site-packages/airflow/example_dags/tutorial_dag.py for tasks to queue
[2025-06-27T01:40:55.001+0000] {logging_mixin.py:190} INFO - [2025-06-27T01:40:55.000+0000] {dagbag.py:588} INFO - Filling up the DagBag from /home/airflow/.local/lib/python3.12/site-packages/airflow/example_dags/tutorial_dag.py
[2025-06-27T01:40:55.026+0000] {processor.py:925} INFO - DAG(s) 'tutorial_dag' retrieved from /home/airflow/.local/lib/python3.12/site-packages/airflow/example_dags/tutorial_dag.py
[2025-06-27T01:40:55.166+0000] {logging_mixin.py:190} INFO - [2025-06-27T01:40:55.165+0000] {dag.py:3239} INFO - Sync 1 DAGs
[2025-06-27T01:40:55.225+0000] {logging_mixin.py:190} INFO - [2025-06-27T01:40:55.225+0000] {dag.py:4180} INFO - Setting next_dagrun for tutorial_dag to None, run_after=None
[2025-06-27T01:40:55.322+0000] {processor.py:208} INFO - Processing /home/airflow/.local/lib/python3.12/site-packages/airflow/example_dags/tutorial_dag.py took 0.390 seconds
