[2025-06-26T22:55:41.457+0000] {processor.py:186} INFO - Started process (PID=97) to work on /home/airflow/.local/lib/python3.12/site-packages/airflow/example_dags/example_branch_labels.py
[2025-06-26T22:55:41.469+0000] {processor.py:914} INFO - Processing file /home/airflow/.local/lib/python3.12/site-packages/airflow/example_dags/example_branch_labels.py for tasks to queue
[2025-06-26T22:55:41.482+0000] {logging_mixin.py:190} INFO - [2025-06-26T22:55:41.480+0000] {dagbag.py:588} INFO - Filling up the DagBag from /home/airflow/.local/lib/python3.12/site-packages/airflow/example_dags/example_branch_labels.py
[2025-06-26T22:55:41.615+0000] {processor.py:925} INFO - DAG(s) 'example_branch_labels' retrieved from /home/airflow/.local/lib/python3.12/site-packages/airflow/example_dags/example_branch_labels.py
[2025-06-26T22:55:42.676+0000] {logging_mixin.py:190} INFO - [2025-06-26T22:55:42.660+0000] {override.py:1900} INFO - Created Permission View: can read on DAG:example_branch_labels
[2025-06-26T22:55:42.710+0000] {logging_mixin.py:190} INFO - [2025-06-26T22:55:42.710+0000] {override.py:1900} INFO - Created Permission View: can delete on DAG:example_branch_labels
[2025-06-26T22:55:42.721+0000] {logging_mixin.py:190} INFO - [2025-06-26T22:55:42.720+0000] {override.py:1900} INFO - Created Permission View: can edit on DAG:example_branch_labels
[2025-06-26T22:55:42.737+0000] {logging_mixin.py:190} INFO - [2025-06-26T22:55:42.736+0000] {override.py:1900} INFO - Created Permission View: can read on DAG Run:example_branch_labels
[2025-06-26T22:55:42.768+0000] {logging_mixin.py:190} INFO - [2025-06-26T22:55:42.767+0000] {override.py:1900} INFO - Created Permission View: menu access on DAG Run:example_branch_labels
[2025-06-26T22:55:42.787+0000] {logging_mixin.py:190} INFO - [2025-06-26T22:55:42.786+0000] {override.py:1900} INFO - Created Permission View: can delete on DAG Run:example_branch_labels
[2025-06-26T22:55:42.811+0000] {logging_mixin.py:190} INFO - [2025-06-26T22:55:42.810+0000] {override.py:1900} INFO - Created Permission View: can create on DAG Run:example_branch_labels
[2025-06-26T22:55:42.815+0000] {logging_mixin.py:190} INFO - [2025-06-26T22:55:42.814+0000] {dag.py:3239} INFO - Sync 1 DAGs
[2025-06-26T22:55:42.900+0000] {logging_mixin.py:190} INFO - [2025-06-26T22:55:42.899+0000] {dag.py:3262} INFO - Creating ORM DAG for example_branch_labels
[2025-06-26T22:55:42.942+0000] {logging_mixin.py:190} INFO - [2025-06-26T22:55:42.941+0000] {dag.py:4180} INFO - Setting next_dagrun for example_branch_labels to 2025-06-25 00:00:00+00:00, run_after=2025-06-26 00:00:00+00:00
[2025-06-26T22:55:43.010+0000] {processor.py:208} INFO - Processing /home/airflow/.local/lib/python3.12/site-packages/airflow/example_dags/example_branch_labels.py took 1.616 seconds
[2025-06-26T22:56:13.732+0000] {processor.py:186} INFO - Started process (PID=159) to work on /home/airflow/.local/lib/python3.12/site-packages/airflow/example_dags/example_branch_labels.py
[2025-06-26T22:56:13.737+0000] {processor.py:914} INFO - Processing file /home/airflow/.local/lib/python3.12/site-packages/airflow/example_dags/example_branch_labels.py for tasks to queue
[2025-06-26T22:56:13.748+0000] {logging_mixin.py:190} INFO - [2025-06-26T22:56:13.747+0000] {dagbag.py:588} INFO - Filling up the DagBag from /home/airflow/.local/lib/python3.12/site-packages/airflow/example_dags/example_branch_labels.py
[2025-06-26T22:56:13.782+0000] {processor.py:925} INFO - DAG(s) 'example_branch_labels' retrieved from /home/airflow/.local/lib/python3.12/site-packages/airflow/example_dags/example_branch_labels.py
[2025-06-26T22:56:13.841+0000] {logging_mixin.py:190} INFO - [2025-06-26T22:56:13.840+0000] {dag.py:3239} INFO - Sync 1 DAGs
[2025-06-26T22:56:13.875+0000] {logging_mixin.py:190} INFO - [2025-06-26T22:56:13.875+0000] {dag.py:4180} INFO - Setting next_dagrun for example_branch_labels to 2025-06-25 00:00:00+00:00, run_after=2025-06-26 00:00:00+00:00
[2025-06-26T22:56:13.888+0000] {processor.py:208} INFO - Processing /home/airflow/.local/lib/python3.12/site-packages/airflow/example_dags/example_branch_labels.py took 0.169 seconds
[2025-06-26T22:56:46.654+0000] {processor.py:186} INFO - Started process (PID=221) to work on /home/airflow/.local/lib/python3.12/site-packages/airflow/example_dags/example_branch_labels.py
[2025-06-26T22:56:46.658+0000] {processor.py:914} INFO - Processing file /home/airflow/.local/lib/python3.12/site-packages/airflow/example_dags/example_branch_labels.py for tasks to queue
[2025-06-26T22:56:46.670+0000] {logging_mixin.py:190} INFO - [2025-06-26T22:56:46.669+0000] {dagbag.py:588} INFO - Filling up the DagBag from /home/airflow/.local/lib/python3.12/site-packages/airflow/example_dags/example_branch_labels.py
[2025-06-26T22:56:46.711+0000] {processor.py:925} INFO - DAG(s) 'example_branch_labels' retrieved from /home/airflow/.local/lib/python3.12/site-packages/airflow/example_dags/example_branch_labels.py
[2025-06-26T22:56:46.769+0000] {logging_mixin.py:190} INFO - [2025-06-26T22:56:46.768+0000] {dag.py:3239} INFO - Sync 1 DAGs
[2025-06-26T22:56:46.835+0000] {logging_mixin.py:190} INFO - [2025-06-26T22:56:46.834+0000] {dag.py:4180} INFO - Setting next_dagrun for example_branch_labels to 2025-06-25 00:00:00+00:00, run_after=2025-06-26 00:00:00+00:00
[2025-06-26T22:56:46.866+0000] {processor.py:208} INFO - Processing /home/airflow/.local/lib/python3.12/site-packages/airflow/example_dags/example_branch_labels.py took 0.236 seconds
[2025-06-26T22:57:17.950+0000] {processor.py:186} INFO - Started process (PID=283) to work on /home/airflow/.local/lib/python3.12/site-packages/airflow/example_dags/example_branch_labels.py
[2025-06-26T22:57:17.952+0000] {processor.py:914} INFO - Processing file /home/airflow/.local/lib/python3.12/site-packages/airflow/example_dags/example_branch_labels.py for tasks to queue
[2025-06-26T22:57:17.960+0000] {logging_mixin.py:190} INFO - [2025-06-26T22:57:17.959+0000] {dagbag.py:588} INFO - Filling up the DagBag from /home/airflow/.local/lib/python3.12/site-packages/airflow/example_dags/example_branch_labels.py
[2025-06-26T22:57:17.979+0000] {processor.py:925} INFO - DAG(s) 'example_branch_labels' retrieved from /home/airflow/.local/lib/python3.12/site-packages/airflow/example_dags/example_branch_labels.py
[2025-06-26T22:57:18.146+0000] {logging_mixin.py:190} INFO - [2025-06-26T22:57:18.136+0000] {dag.py:3239} INFO - Sync 1 DAGs
[2025-06-26T22:57:18.317+0000] {logging_mixin.py:190} INFO - [2025-06-26T22:57:18.316+0000] {dag.py:4180} INFO - Setting next_dagrun for example_branch_labels to 2025-06-25 00:00:00+00:00, run_after=2025-06-26 00:00:00+00:00
[2025-06-26T22:57:18.388+0000] {processor.py:208} INFO - Processing /home/airflow/.local/lib/python3.12/site-packages/airflow/example_dags/example_branch_labels.py took 0.447 seconds
[2025-06-26T22:58:12.875+0000] {processor.py:186} INFO - Started process (PID=355) to work on /home/airflow/.local/lib/python3.12/site-packages/airflow/example_dags/example_branch_labels.py
[2025-06-26T22:58:12.881+0000] {processor.py:914} INFO - Processing file /home/airflow/.local/lib/python3.12/site-packages/airflow/example_dags/example_branch_labels.py for tasks to queue
[2025-06-26T22:58:12.894+0000] {logging_mixin.py:190} INFO - [2025-06-26T22:58:12.893+0000] {dagbag.py:588} INFO - Filling up the DagBag from /home/airflow/.local/lib/python3.12/site-packages/airflow/example_dags/example_branch_labels.py
[2025-06-26T22:58:12.950+0000] {processor.py:925} INFO - DAG(s) 'example_branch_labels' retrieved from /home/airflow/.local/lib/python3.12/site-packages/airflow/example_dags/example_branch_labels.py
[2025-06-26T22:58:13.080+0000] {logging_mixin.py:190} INFO - [2025-06-26T22:58:13.079+0000] {dag.py:3239} INFO - Sync 1 DAGs
[2025-06-26T22:58:13.171+0000] {logging_mixin.py:190} INFO - [2025-06-26T22:58:13.170+0000] {dag.py:4180} INFO - Setting next_dagrun for example_branch_labels to 2025-06-25 00:00:00+00:00, run_after=2025-06-26 00:00:00+00:00
[2025-06-26T22:58:13.214+0000] {processor.py:208} INFO - Processing /home/airflow/.local/lib/python3.12/site-packages/airflow/example_dags/example_branch_labels.py took 0.390 seconds
[2025-06-26T22:58:48.293+0000] {processor.py:186} INFO - Started process (PID=417) to work on /home/airflow/.local/lib/python3.12/site-packages/airflow/example_dags/example_branch_labels.py
[2025-06-26T22:58:48.296+0000] {processor.py:914} INFO - Processing file /home/airflow/.local/lib/python3.12/site-packages/airflow/example_dags/example_branch_labels.py for tasks to queue
[2025-06-26T22:58:48.306+0000] {logging_mixin.py:190} INFO - [2025-06-26T22:58:48.300+0000] {dagbag.py:588} INFO - Filling up the DagBag from /home/airflow/.local/lib/python3.12/site-packages/airflow/example_dags/example_branch_labels.py
[2025-06-26T22:58:48.393+0000] {processor.py:925} INFO - DAG(s) 'example_branch_labels' retrieved from /home/airflow/.local/lib/python3.12/site-packages/airflow/example_dags/example_branch_labels.py
[2025-06-26T22:58:49.074+0000] {logging_mixin.py:190} INFO - [2025-06-26T22:58:49.065+0000] {dag.py:3239} INFO - Sync 1 DAGs
[2025-06-26T22:58:49.873+0000] {logging_mixin.py:190} INFO - [2025-06-26T22:58:49.849+0000] {dag.py:4180} INFO - Setting next_dagrun for example_branch_labels to 2025-06-25 00:00:00+00:00, run_after=2025-06-26 00:00:00+00:00
[2025-06-26T22:58:57.863+0000] {processor.py:208} INFO - Processing /home/airflow/.local/lib/python3.12/site-packages/airflow/example_dags/example_branch_labels.py took 9.598 seconds
[2025-06-26T22:59:28.706+0000] {processor.py:186} INFO - Started process (PID=479) to work on /home/airflow/.local/lib/python3.12/site-packages/airflow/example_dags/example_branch_labels.py
[2025-06-26T22:59:28.820+0000] {processor.py:914} INFO - Processing file /home/airflow/.local/lib/python3.12/site-packages/airflow/example_dags/example_branch_labels.py for tasks to queue
[2025-06-26T22:59:29.178+0000] {logging_mixin.py:190} INFO - [2025-06-26T22:59:29.167+0000] {dagbag.py:588} INFO - Filling up the DagBag from /home/airflow/.local/lib/python3.12/site-packages/airflow/example_dags/example_branch_labels.py
[2025-06-26T22:59:29.940+0000] {processor.py:925} INFO - DAG(s) 'example_branch_labels' retrieved from /home/airflow/.local/lib/python3.12/site-packages/airflow/example_dags/example_branch_labels.py
[2025-06-26T22:59:35.164+0000] {logging_mixin.py:190} INFO - [2025-06-26T22:59:35.102+0000] {dag.py:3239} INFO - Sync 1 DAGs
[2025-06-26T22:59:35.369+0000] {logging_mixin.py:190} INFO - [2025-06-26T22:59:35.368+0000] {dag.py:4180} INFO - Setting next_dagrun for example_branch_labels to 2025-06-25 00:00:00+00:00, run_after=2025-06-26 00:00:00+00:00
[2025-06-26T22:59:35.512+0000] {processor.py:208} INFO - Processing /home/airflow/.local/lib/python3.12/site-packages/airflow/example_dags/example_branch_labels.py took 6.937 seconds
[2025-06-26T23:00:05.882+0000] {processor.py:186} INFO - Started process (PID=539) to work on /home/airflow/.local/lib/python3.12/site-packages/airflow/example_dags/example_branch_labels.py
[2025-06-26T23:00:05.888+0000] {processor.py:914} INFO - Processing file /home/airflow/.local/lib/python3.12/site-packages/airflow/example_dags/example_branch_labels.py for tasks to queue
[2025-06-26T23:00:05.897+0000] {logging_mixin.py:190} INFO - [2025-06-26T23:00:05.894+0000] {dagbag.py:588} INFO - Filling up the DagBag from /home/airflow/.local/lib/python3.12/site-packages/airflow/example_dags/example_branch_labels.py
[2025-06-26T23:00:05.963+0000] {processor.py:925} INFO - DAG(s) 'example_branch_labels' retrieved from /home/airflow/.local/lib/python3.12/site-packages/airflow/example_dags/example_branch_labels.py
[2025-06-26T23:00:06.091+0000] {logging_mixin.py:190} INFO - [2025-06-26T23:00:06.090+0000] {dag.py:3239} INFO - Sync 1 DAGs
[2025-06-26T23:00:06.146+0000] {logging_mixin.py:190} INFO - [2025-06-26T23:00:06.146+0000] {dag.py:4180} INFO - Setting next_dagrun for example_branch_labels to 2025-06-25 00:00:00+00:00, run_after=2025-06-26 00:00:00+00:00
[2025-06-26T23:00:06.177+0000] {processor.py:208} INFO - Processing /home/airflow/.local/lib/python3.12/site-packages/airflow/example_dags/example_branch_labels.py took 0.335 seconds
[2025-06-26T23:00:37.231+0000] {processor.py:186} INFO - Started process (PID=602) to work on /home/airflow/.local/lib/python3.12/site-packages/airflow/example_dags/example_branch_labels.py
[2025-06-26T23:00:37.283+0000] {processor.py:914} INFO - Processing file /home/airflow/.local/lib/python3.12/site-packages/airflow/example_dags/example_branch_labels.py for tasks to queue
[2025-06-26T23:00:37.662+0000] {logging_mixin.py:190} INFO - [2025-06-26T23:00:37.529+0000] {dagbag.py:588} INFO - Filling up the DagBag from /home/airflow/.local/lib/python3.12/site-packages/airflow/example_dags/example_branch_labels.py
[2025-06-26T23:00:38.354+0000] {processor.py:925} INFO - DAG(s) 'example_branch_labels' retrieved from /home/airflow/.local/lib/python3.12/site-packages/airflow/example_dags/example_branch_labels.py
[2025-06-26T23:00:42.336+0000] {logging_mixin.py:190} INFO - [2025-06-26T23:00:42.329+0000] {dag.py:3239} INFO - Sync 1 DAGs
[2025-06-26T23:00:42.420+0000] {logging_mixin.py:190} INFO - [2025-06-26T23:00:42.419+0000] {dag.py:4180} INFO - Setting next_dagrun for example_branch_labels to 2025-06-25 00:00:00+00:00, run_after=2025-06-26 00:00:00+00:00
[2025-06-26T23:00:42.445+0000] {processor.py:208} INFO - Processing /home/airflow/.local/lib/python3.12/site-packages/airflow/example_dags/example_branch_labels.py took 5.279 seconds
[2025-06-26T23:01:15.793+0000] {processor.py:186} INFO - Started process (PID=674) to work on /home/airflow/.local/lib/python3.12/site-packages/airflow/example_dags/example_branch_labels.py
[2025-06-26T23:01:15.798+0000] {processor.py:914} INFO - Processing file /home/airflow/.local/lib/python3.12/site-packages/airflow/example_dags/example_branch_labels.py for tasks to queue
[2025-06-26T23:01:15.802+0000] {logging_mixin.py:190} INFO - [2025-06-26T23:01:15.801+0000] {dagbag.py:588} INFO - Filling up the DagBag from /home/airflow/.local/lib/python3.12/site-packages/airflow/example_dags/example_branch_labels.py
[2025-06-26T23:01:15.822+0000] {processor.py:925} INFO - DAG(s) 'example_branch_labels' retrieved from /home/airflow/.local/lib/python3.12/site-packages/airflow/example_dags/example_branch_labels.py
[2025-06-26T23:01:15.892+0000] {logging_mixin.py:190} INFO - [2025-06-26T23:01:15.892+0000] {dag.py:3239} INFO - Sync 1 DAGs
[2025-06-26T23:01:15.955+0000] {logging_mixin.py:190} INFO - [2025-06-26T23:01:15.955+0000] {dag.py:4180} INFO - Setting next_dagrun for example_branch_labels to 2025-06-25 00:00:00+00:00, run_after=2025-06-26 00:00:00+00:00
[2025-06-26T23:01:15.981+0000] {processor.py:208} INFO - Processing /home/airflow/.local/lib/python3.12/site-packages/airflow/example_dags/example_branch_labels.py took 0.203 seconds
[2025-06-26T23:01:46.856+0000] {processor.py:186} INFO - Started process (PID=738) to work on /home/airflow/.local/lib/python3.12/site-packages/airflow/example_dags/example_branch_labels.py
[2025-06-26T23:01:46.857+0000] {processor.py:914} INFO - Processing file /home/airflow/.local/lib/python3.12/site-packages/airflow/example_dags/example_branch_labels.py for tasks to queue
[2025-06-26T23:01:46.858+0000] {logging_mixin.py:190} INFO - [2025-06-26T23:01:46.858+0000] {dagbag.py:588} INFO - Filling up the DagBag from /home/airflow/.local/lib/python3.12/site-packages/airflow/example_dags/example_branch_labels.py
[2025-06-26T23:01:46.867+0000] {processor.py:925} INFO - DAG(s) 'example_branch_labels' retrieved from /home/airflow/.local/lib/python3.12/site-packages/airflow/example_dags/example_branch_labels.py
[2025-06-26T23:01:46.882+0000] {logging_mixin.py:190} INFO - [2025-06-26T23:01:46.882+0000] {dag.py:3239} INFO - Sync 1 DAGs
[2025-06-26T23:01:46.896+0000] {logging_mixin.py:190} INFO - [2025-06-26T23:01:46.895+0000] {dag.py:4180} INFO - Setting next_dagrun for example_branch_labels to 2025-06-25 00:00:00+00:00, run_after=2025-06-26 00:00:00+00:00
[2025-06-26T23:01:46.904+0000] {processor.py:208} INFO - Processing /home/airflow/.local/lib/python3.12/site-packages/airflow/example_dags/example_branch_labels.py took 0.051 seconds
[2025-06-26T23:02:18.823+0000] {processor.py:186} INFO - Started process (PID=804) to work on /home/airflow/.local/lib/python3.12/site-packages/airflow/example_dags/example_branch_labels.py
[2025-06-26T23:02:18.827+0000] {processor.py:914} INFO - Processing file /home/airflow/.local/lib/python3.12/site-packages/airflow/example_dags/example_branch_labels.py for tasks to queue
[2025-06-26T23:02:18.830+0000] {logging_mixin.py:190} INFO - [2025-06-26T23:02:18.830+0000] {dagbag.py:588} INFO - Filling up the DagBag from /home/airflow/.local/lib/python3.12/site-packages/airflow/example_dags/example_branch_labels.py
[2025-06-26T23:02:18.854+0000] {processor.py:925} INFO - DAG(s) 'example_branch_labels' retrieved from /home/airflow/.local/lib/python3.12/site-packages/airflow/example_dags/example_branch_labels.py
[2025-06-26T23:02:18.909+0000] {logging_mixin.py:190} INFO - [2025-06-26T23:02:18.908+0000] {dag.py:3239} INFO - Sync 1 DAGs
[2025-06-26T23:02:18.959+0000] {logging_mixin.py:190} INFO - [2025-06-26T23:02:18.959+0000] {dag.py:4180} INFO - Setting next_dagrun for example_branch_labels to 2025-06-25 00:00:00+00:00, run_after=2025-06-26 00:00:00+00:00
[2025-06-26T23:02:18.985+0000] {processor.py:208} INFO - Processing /home/airflow/.local/lib/python3.12/site-packages/airflow/example_dags/example_branch_labels.py took 0.175 seconds
[2025-06-26T23:02:54.200+0000] {processor.py:186} INFO - Started process (PID=866) to work on /home/airflow/.local/lib/python3.12/site-packages/airflow/example_dags/example_branch_labels.py
[2025-06-26T23:02:54.209+0000] {processor.py:914} INFO - Processing file /home/airflow/.local/lib/python3.12/site-packages/airflow/example_dags/example_branch_labels.py for tasks to queue
[2025-06-26T23:02:54.210+0000] {logging_mixin.py:190} INFO - [2025-06-26T23:02:54.210+0000] {dagbag.py:588} INFO - Filling up the DagBag from /home/airflow/.local/lib/python3.12/site-packages/airflow/example_dags/example_branch_labels.py
[2025-06-26T23:02:54.232+0000] {processor.py:925} INFO - DAG(s) 'example_branch_labels' retrieved from /home/airflow/.local/lib/python3.12/site-packages/airflow/example_dags/example_branch_labels.py
[2025-06-26T23:02:54.300+0000] {logging_mixin.py:190} INFO - [2025-06-26T23:02:54.300+0000] {dag.py:3239} INFO - Sync 1 DAGs
[2025-06-26T23:02:54.316+0000] {logging_mixin.py:190} INFO - [2025-06-26T23:02:54.315+0000] {dag.py:4180} INFO - Setting next_dagrun for example_branch_labels to 2025-06-25 00:00:00+00:00, run_after=2025-06-26 00:00:00+00:00
[2025-06-26T23:02:54.332+0000] {processor.py:208} INFO - Processing /home/airflow/.local/lib/python3.12/site-packages/airflow/example_dags/example_branch_labels.py took 0.139 seconds
[2025-06-26T23:03:42.530+0000] {processor.py:186} INFO - Started process (PID=946) to work on /home/airflow/.local/lib/python3.12/site-packages/airflow/example_dags/example_branch_labels.py
[2025-06-26T23:03:42.533+0000] {processor.py:914} INFO - Processing file /home/airflow/.local/lib/python3.12/site-packages/airflow/example_dags/example_branch_labels.py for tasks to queue
[2025-06-26T23:03:42.535+0000] {logging_mixin.py:190} INFO - [2025-06-26T23:03:42.534+0000] {dagbag.py:588} INFO - Filling up the DagBag from /home/airflow/.local/lib/python3.12/site-packages/airflow/example_dags/example_branch_labels.py
[2025-06-26T23:03:42.545+0000] {processor.py:925} INFO - DAG(s) 'example_branch_labels' retrieved from /home/airflow/.local/lib/python3.12/site-packages/airflow/example_dags/example_branch_labels.py
[2025-06-26T23:03:42.565+0000] {logging_mixin.py:190} INFO - [2025-06-26T23:03:42.565+0000] {dag.py:3239} INFO - Sync 1 DAGs
[2025-06-26T23:03:42.587+0000] {logging_mixin.py:190} INFO - [2025-06-26T23:03:42.587+0000] {dag.py:4180} INFO - Setting next_dagrun for example_branch_labels to 2025-06-25 00:00:00+00:00, run_after=2025-06-26 00:00:00+00:00
[2025-06-26T23:03:42.604+0000] {processor.py:208} INFO - Processing /home/airflow/.local/lib/python3.12/site-packages/airflow/example_dags/example_branch_labels.py took 0.079 seconds
[2025-06-26T23:04:35.195+0000] {processor.py:186} INFO - Started process (PID=1019) to work on /home/airflow/.local/lib/python3.12/site-packages/airflow/example_dags/example_branch_labels.py
[2025-06-26T23:04:35.196+0000] {processor.py:914} INFO - Processing file /home/airflow/.local/lib/python3.12/site-packages/airflow/example_dags/example_branch_labels.py for tasks to queue
[2025-06-26T23:04:35.198+0000] {logging_mixin.py:190} INFO - [2025-06-26T23:04:35.197+0000] {dagbag.py:588} INFO - Filling up the DagBag from /home/airflow/.local/lib/python3.12/site-packages/airflow/example_dags/example_branch_labels.py
[2025-06-26T23:04:35.208+0000] {processor.py:925} INFO - DAG(s) 'example_branch_labels' retrieved from /home/airflow/.local/lib/python3.12/site-packages/airflow/example_dags/example_branch_labels.py
[2025-06-26T23:04:35.243+0000] {logging_mixin.py:190} INFO - [2025-06-26T23:04:35.243+0000] {dag.py:3239} INFO - Sync 1 DAGs
[2025-06-26T23:04:35.261+0000] {logging_mixin.py:190} INFO - [2025-06-26T23:04:35.261+0000] {dag.py:4180} INFO - Setting next_dagrun for example_branch_labels to 2025-06-25 00:00:00+00:00, run_after=2025-06-26 00:00:00+00:00
[2025-06-26T23:04:35.277+0000] {processor.py:208} INFO - Processing /home/airflow/.local/lib/python3.12/site-packages/airflow/example_dags/example_branch_labels.py took 0.089 seconds
[2025-06-26T23:05:11.877+0000] {processor.py:186} INFO - Started process (PID=1080) to work on /home/airflow/.local/lib/python3.12/site-packages/airflow/example_dags/example_branch_labels.py
[2025-06-26T23:05:11.879+0000] {processor.py:914} INFO - Processing file /home/airflow/.local/lib/python3.12/site-packages/airflow/example_dags/example_branch_labels.py for tasks to queue
[2025-06-26T23:05:11.884+0000] {logging_mixin.py:190} INFO - [2025-06-26T23:05:11.883+0000] {dagbag.py:588} INFO - Filling up the DagBag from /home/airflow/.local/lib/python3.12/site-packages/airflow/example_dags/example_branch_labels.py
[2025-06-26T23:05:11.896+0000] {processor.py:925} INFO - DAG(s) 'example_branch_labels' retrieved from /home/airflow/.local/lib/python3.12/site-packages/airflow/example_dags/example_branch_labels.py
[2025-06-26T23:05:11.917+0000] {logging_mixin.py:190} INFO - [2025-06-26T23:05:11.916+0000] {dag.py:3239} INFO - Sync 1 DAGs
[2025-06-26T23:05:11.941+0000] {logging_mixin.py:190} INFO - [2025-06-26T23:05:11.941+0000] {dag.py:4180} INFO - Setting next_dagrun for example_branch_labels to 2025-06-25 00:00:00+00:00, run_after=2025-06-26 00:00:00+00:00
[2025-06-26T23:05:11.963+0000] {processor.py:208} INFO - Processing /home/airflow/.local/lib/python3.12/site-packages/airflow/example_dags/example_branch_labels.py took 0.092 seconds
[2025-06-26T23:05:42.921+0000] {processor.py:186} INFO - Started process (PID=1142) to work on /home/airflow/.local/lib/python3.12/site-packages/airflow/example_dags/example_branch_labels.py
[2025-06-26T23:05:42.923+0000] {processor.py:914} INFO - Processing file /home/airflow/.local/lib/python3.12/site-packages/airflow/example_dags/example_branch_labels.py for tasks to queue
[2025-06-26T23:05:42.928+0000] {logging_mixin.py:190} INFO - [2025-06-26T23:05:42.927+0000] {dagbag.py:588} INFO - Filling up the DagBag from /home/airflow/.local/lib/python3.12/site-packages/airflow/example_dags/example_branch_labels.py
[2025-06-26T23:05:42.946+0000] {processor.py:925} INFO - DAG(s) 'example_branch_labels' retrieved from /home/airflow/.local/lib/python3.12/site-packages/airflow/example_dags/example_branch_labels.py
[2025-06-26T23:05:42.971+0000] {logging_mixin.py:190} INFO - [2025-06-26T23:05:42.970+0000] {dag.py:3239} INFO - Sync 1 DAGs
[2025-06-26T23:05:42.993+0000] {logging_mixin.py:190} INFO - [2025-06-26T23:05:42.993+0000] {dag.py:4180} INFO - Setting next_dagrun for example_branch_labels to 2025-06-25 00:00:00+00:00, run_after=2025-06-26 00:00:00+00:00
[2025-06-26T23:05:43.012+0000] {processor.py:208} INFO - Processing /home/airflow/.local/lib/python3.12/site-packages/airflow/example_dags/example_branch_labels.py took 0.098 seconds
[2025-06-26T23:06:19.194+0000] {processor.py:186} INFO - Started process (PID=1204) to work on /home/airflow/.local/lib/python3.12/site-packages/airflow/example_dags/example_branch_labels.py
[2025-06-26T23:06:19.195+0000] {processor.py:914} INFO - Processing file /home/airflow/.local/lib/python3.12/site-packages/airflow/example_dags/example_branch_labels.py for tasks to queue
[2025-06-26T23:06:19.197+0000] {logging_mixin.py:190} INFO - [2025-06-26T23:06:19.196+0000] {dagbag.py:588} INFO - Filling up the DagBag from /home/airflow/.local/lib/python3.12/site-packages/airflow/example_dags/example_branch_labels.py
[2025-06-26T23:06:19.211+0000] {processor.py:925} INFO - DAG(s) 'example_branch_labels' retrieved from /home/airflow/.local/lib/python3.12/site-packages/airflow/example_dags/example_branch_labels.py
[2025-06-26T23:06:19.252+0000] {logging_mixin.py:190} INFO - [2025-06-26T23:06:19.251+0000] {dag.py:3239} INFO - Sync 1 DAGs
[2025-06-26T23:06:19.285+0000] {logging_mixin.py:190} INFO - [2025-06-26T23:06:19.284+0000] {dag.py:4180} INFO - Setting next_dagrun for example_branch_labels to 2025-06-25 00:00:00+00:00, run_after=2025-06-26 00:00:00+00:00
[2025-06-26T23:06:19.315+0000] {processor.py:208} INFO - Processing /home/airflow/.local/lib/python3.12/site-packages/airflow/example_dags/example_branch_labels.py took 0.125 seconds
[2025-06-26T23:06:49.370+0000] {processor.py:186} INFO - Started process (PID=1266) to work on /home/airflow/.local/lib/python3.12/site-packages/airflow/example_dags/example_branch_labels.py
[2025-06-26T23:06:49.371+0000] {processor.py:914} INFO - Processing file /home/airflow/.local/lib/python3.12/site-packages/airflow/example_dags/example_branch_labels.py for tasks to queue
[2025-06-26T23:06:49.374+0000] {logging_mixin.py:190} INFO - [2025-06-26T23:06:49.374+0000] {dagbag.py:588} INFO - Filling up the DagBag from /home/airflow/.local/lib/python3.12/site-packages/airflow/example_dags/example_branch_labels.py
[2025-06-26T23:06:49.380+0000] {processor.py:925} INFO - DAG(s) 'example_branch_labels' retrieved from /home/airflow/.local/lib/python3.12/site-packages/airflow/example_dags/example_branch_labels.py
[2025-06-26T23:06:49.395+0000] {logging_mixin.py:190} INFO - [2025-06-26T23:06:49.395+0000] {dag.py:3239} INFO - Sync 1 DAGs
[2025-06-26T23:06:49.411+0000] {logging_mixin.py:190} INFO - [2025-06-26T23:06:49.410+0000] {dag.py:4180} INFO - Setting next_dagrun for example_branch_labels to 2025-06-25 00:00:00+00:00, run_after=2025-06-26 00:00:00+00:00
[2025-06-26T23:06:49.421+0000] {processor.py:208} INFO - Processing /home/airflow/.local/lib/python3.12/site-packages/airflow/example_dags/example_branch_labels.py took 0.056 seconds
[2025-06-26T23:07:19.857+0000] {processor.py:186} INFO - Started process (PID=1328) to work on /home/airflow/.local/lib/python3.12/site-packages/airflow/example_dags/example_branch_labels.py
[2025-06-26T23:07:19.859+0000] {processor.py:914} INFO - Processing file /home/airflow/.local/lib/python3.12/site-packages/airflow/example_dags/example_branch_labels.py for tasks to queue
[2025-06-26T23:07:19.861+0000] {logging_mixin.py:190} INFO - [2025-06-26T23:07:19.861+0000] {dagbag.py:588} INFO - Filling up the DagBag from /home/airflow/.local/lib/python3.12/site-packages/airflow/example_dags/example_branch_labels.py
[2025-06-26T23:07:19.868+0000] {processor.py:925} INFO - DAG(s) 'example_branch_labels' retrieved from /home/airflow/.local/lib/python3.12/site-packages/airflow/example_dags/example_branch_labels.py
[2025-06-26T23:07:19.891+0000] {logging_mixin.py:190} INFO - [2025-06-26T23:07:19.891+0000] {dag.py:3239} INFO - Sync 1 DAGs
[2025-06-26T23:07:19.912+0000] {logging_mixin.py:190} INFO - [2025-06-26T23:07:19.912+0000] {dag.py:4180} INFO - Setting next_dagrun for example_branch_labels to 2025-06-25 00:00:00+00:00, run_after=2025-06-26 00:00:00+00:00
[2025-06-26T23:07:19.927+0000] {processor.py:208} INFO - Processing /home/airflow/.local/lib/python3.12/site-packages/airflow/example_dags/example_branch_labels.py took 0.078 seconds
