[2025-06-26T22:55:36.495+0000] {processor.py:186} INFO - Started process (PID=90) to work on /home/airflow/.local/lib/python3.12/site-packages/airflow/example_dags/example_bash_operator.py
[2025-06-26T22:55:36.513+0000] {processor.py:914} INFO - Processing file /home/airflow/.local/lib/python3.12/site-packages/airflow/example_dags/example_bash_operator.py for tasks to queue
[2025-06-26T22:55:36.561+0000] {logging_mixin.py:190} INFO - [2025-06-26T22:55:36.559+0000] {dagbag.py:588} INFO - Filling up the DagBag from /home/airflow/.local/lib/python3.12/site-packages/airflow/example_dags/example_bash_operator.py
[2025-06-26T22:55:36.683+0000] {processor.py:925} INFO - DAG(s) 'example_bash_operator' retrieved from /home/airflow/.local/lib/python3.12/site-packages/airflow/example_dags/example_bash_operator.py
[2025-06-26T22:55:37.990+0000] {logging_mixin.py:190} INFO - [2025-06-26T22:55:37.985+0000] {override.py:1900} INFO - Created Permission View: can read on DAG:example_bash_operator
[2025-06-26T22:55:38.011+0000] {logging_mixin.py:190} INFO - [2025-06-26T22:55:38.011+0000] {override.py:1900} INFO - Created Permission View: can delete on DAG:example_bash_operator
[2025-06-26T22:55:38.018+0000] {logging_mixin.py:190} INFO - [2025-06-26T22:55:38.018+0000] {override.py:1900} INFO - Created Permission View: can edit on DAG:example_bash_operator
[2025-06-26T22:55:38.035+0000] {logging_mixin.py:190} INFO - [2025-06-26T22:55:38.034+0000] {override.py:1900} INFO - Created Permission View: can read on DAG Run:example_bash_operator
[2025-06-26T22:55:38.041+0000] {logging_mixin.py:190} INFO - [2025-06-26T22:55:38.040+0000] {override.py:1900} INFO - Created Permission View: menu access on DAG Run:example_bash_operator
[2025-06-26T22:55:38.046+0000] {logging_mixin.py:190} INFO - [2025-06-26T22:55:38.045+0000] {override.py:1900} INFO - Created Permission View: can delete on DAG Run:example_bash_operator
[2025-06-26T22:55:38.055+0000] {logging_mixin.py:190} INFO - [2025-06-26T22:55:38.055+0000] {override.py:1900} INFO - Created Permission View: can create on DAG Run:example_bash_operator
[2025-06-26T22:55:38.058+0000] {logging_mixin.py:190} INFO - [2025-06-26T22:55:38.057+0000] {dag.py:3239} INFO - Sync 1 DAGs
[2025-06-26T22:55:38.105+0000] {logging_mixin.py:190} INFO - [2025-06-26T22:55:38.104+0000] {dag.py:3262} INFO - Creating ORM DAG for example_bash_operator
[2025-06-26T22:55:38.133+0000] {logging_mixin.py:190} INFO - [2025-06-26T22:55:38.131+0000] {dag.py:4180} INFO - Setting next_dagrun for example_bash_operator to 2025-06-25 00:00:00+00:00, run_after=2025-06-26 00:00:00+00:00
[2025-06-26T22:55:38.214+0000] {processor.py:208} INFO - Processing /home/airflow/.local/lib/python3.12/site-packages/airflow/example_dags/example_bash_operator.py took 1.885 seconds
[2025-06-26T22:56:09.050+0000] {processor.py:186} INFO - Started process (PID=152) to work on /home/airflow/.local/lib/python3.12/site-packages/airflow/example_dags/example_bash_operator.py
[2025-06-26T22:56:09.062+0000] {processor.py:914} INFO - Processing file /home/airflow/.local/lib/python3.12/site-packages/airflow/example_dags/example_bash_operator.py for tasks to queue
[2025-06-26T22:56:09.077+0000] {logging_mixin.py:190} INFO - [2025-06-26T22:56:09.072+0000] {dagbag.py:588} INFO - Filling up the DagBag from /home/airflow/.local/lib/python3.12/site-packages/airflow/example_dags/example_bash_operator.py
[2025-06-26T22:56:09.106+0000] {processor.py:925} INFO - DAG(s) 'example_bash_operator' retrieved from /home/airflow/.local/lib/python3.12/site-packages/airflow/example_dags/example_bash_operator.py
[2025-06-26T22:56:09.153+0000] {logging_mixin.py:190} INFO - [2025-06-26T22:56:09.153+0000] {dag.py:3239} INFO - Sync 1 DAGs
[2025-06-26T22:56:09.184+0000] {logging_mixin.py:190} INFO - [2025-06-26T22:56:09.183+0000] {dag.py:4180} INFO - Setting next_dagrun for example_bash_operator to 2025-06-25 00:00:00+00:00, run_after=2025-06-26 00:00:00+00:00
[2025-06-26T22:56:09.206+0000] {processor.py:208} INFO - Processing /home/airflow/.local/lib/python3.12/site-packages/airflow/example_dags/example_bash_operator.py took 0.178 seconds
[2025-06-26T22:56:40.062+0000] {processor.py:186} INFO - Started process (PID=214) to work on /home/airflow/.local/lib/python3.12/site-packages/airflow/example_dags/example_bash_operator.py
[2025-06-26T22:56:40.112+0000] {processor.py:914} INFO - Processing file /home/airflow/.local/lib/python3.12/site-packages/airflow/example_dags/example_bash_operator.py for tasks to queue
[2025-06-26T22:56:40.217+0000] {logging_mixin.py:190} INFO - [2025-06-26T22:56:40.212+0000] {dagbag.py:588} INFO - Filling up the DagBag from /home/airflow/.local/lib/python3.12/site-packages/airflow/example_dags/example_bash_operator.py
[2025-06-26T22:56:40.863+0000] {processor.py:925} INFO - DAG(s) 'example_bash_operator' retrieved from /home/airflow/.local/lib/python3.12/site-packages/airflow/example_dags/example_bash_operator.py
[2025-06-26T22:56:41.809+0000] {logging_mixin.py:190} INFO - [2025-06-26T22:56:41.791+0000] {dag.py:3239} INFO - Sync 1 DAGs
[2025-06-26T22:56:42.681+0000] {logging_mixin.py:190} INFO - [2025-06-26T22:56:42.632+0000] {dag.py:4180} INFO - Setting next_dagrun for example_bash_operator to 2025-06-25 00:00:00+00:00, run_after=2025-06-26 00:00:00+00:00
[2025-06-26T22:56:43.520+0000] {processor.py:208} INFO - Processing /home/airflow/.local/lib/python3.12/site-packages/airflow/example_dags/example_bash_operator.py took 3.595 seconds
[2025-06-26T22:57:14.075+0000] {processor.py:186} INFO - Started process (PID=276) to work on /home/airflow/.local/lib/python3.12/site-packages/airflow/example_dags/example_bash_operator.py
[2025-06-26T22:57:14.080+0000] {processor.py:914} INFO - Processing file /home/airflow/.local/lib/python3.12/site-packages/airflow/example_dags/example_bash_operator.py for tasks to queue
[2025-06-26T22:57:14.088+0000] {logging_mixin.py:190} INFO - [2025-06-26T22:57:14.088+0000] {dagbag.py:588} INFO - Filling up the DagBag from /home/airflow/.local/lib/python3.12/site-packages/airflow/example_dags/example_bash_operator.py
[2025-06-26T22:57:14.201+0000] {processor.py:925} INFO - DAG(s) 'example_bash_operator' retrieved from /home/airflow/.local/lib/python3.12/site-packages/airflow/example_dags/example_bash_operator.py
[2025-06-26T22:57:14.291+0000] {logging_mixin.py:190} INFO - [2025-06-26T22:57:14.290+0000] {dag.py:3239} INFO - Sync 1 DAGs
[2025-06-26T22:57:14.397+0000] {logging_mixin.py:190} INFO - [2025-06-26T22:57:14.396+0000] {dag.py:4180} INFO - Setting next_dagrun for example_bash_operator to 2025-06-25 00:00:00+00:00, run_after=2025-06-26 00:00:00+00:00
[2025-06-26T22:57:14.447+0000] {processor.py:208} INFO - Processing /home/airflow/.local/lib/python3.12/site-packages/airflow/example_dags/example_bash_operator.py took 0.412 seconds
[2025-06-26T22:57:59.006+0000] {processor.py:186} INFO - Started process (PID=338) to work on /home/airflow/.local/lib/python3.12/site-packages/airflow/example_dags/example_bash_operator.py
[2025-06-26T22:57:59.010+0000] {processor.py:914} INFO - Processing file /home/airflow/.local/lib/python3.12/site-packages/airflow/example_dags/example_bash_operator.py for tasks to queue
[2025-06-26T22:57:59.014+0000] {logging_mixin.py:190} INFO - [2025-06-26T22:57:59.014+0000] {dagbag.py:588} INFO - Filling up the DagBag from /home/airflow/.local/lib/python3.12/site-packages/airflow/example_dags/example_bash_operator.py
[2025-06-26T22:57:59.089+0000] {processor.py:925} INFO - DAG(s) 'example_bash_operator' retrieved from /home/airflow/.local/lib/python3.12/site-packages/airflow/example_dags/example_bash_operator.py
[2025-06-26T22:57:59.177+0000] {logging_mixin.py:190} INFO - [2025-06-26T22:57:59.176+0000] {dag.py:3239} INFO - Sync 1 DAGs
[2025-06-26T22:57:59.206+0000] {logging_mixin.py:190} INFO - [2025-06-26T22:57:59.205+0000] {dag.py:4180} INFO - Setting next_dagrun for example_bash_operator to 2025-06-25 00:00:00+00:00, run_after=2025-06-26 00:00:00+00:00
[2025-06-26T22:57:59.237+0000] {processor.py:208} INFO - Processing /home/airflow/.local/lib/python3.12/site-packages/airflow/example_dags/example_bash_operator.py took 0.251 seconds
[2025-06-26T22:58:30.240+0000] {processor.py:186} INFO - Started process (PID=400) to work on /home/airflow/.local/lib/python3.12/site-packages/airflow/example_dags/example_bash_operator.py
[2025-06-26T22:58:30.244+0000] {processor.py:914} INFO - Processing file /home/airflow/.local/lib/python3.12/site-packages/airflow/example_dags/example_bash_operator.py for tasks to queue
[2025-06-26T22:58:30.251+0000] {logging_mixin.py:190} INFO - [2025-06-26T22:58:30.250+0000] {dagbag.py:588} INFO - Filling up the DagBag from /home/airflow/.local/lib/python3.12/site-packages/airflow/example_dags/example_bash_operator.py
[2025-06-26T22:58:30.278+0000] {processor.py:925} INFO - DAG(s) 'example_bash_operator' retrieved from /home/airflow/.local/lib/python3.12/site-packages/airflow/example_dags/example_bash_operator.py
[2025-06-26T22:58:30.369+0000] {logging_mixin.py:190} INFO - [2025-06-26T22:58:30.369+0000] {dag.py:3239} INFO - Sync 1 DAGs
[2025-06-26T22:58:30.471+0000] {logging_mixin.py:190} INFO - [2025-06-26T22:58:30.470+0000] {dag.py:4180} INFO - Setting next_dagrun for example_bash_operator to 2025-06-25 00:00:00+00:00, run_after=2025-06-26 00:00:00+00:00
[2025-06-26T22:58:30.541+0000] {processor.py:208} INFO - Processing /home/airflow/.local/lib/python3.12/site-packages/airflow/example_dags/example_bash_operator.py took 0.317 seconds
[2025-06-26T22:59:08.304+0000] {processor.py:186} INFO - Started process (PID=462) to work on /home/airflow/.local/lib/python3.12/site-packages/airflow/example_dags/example_bash_operator.py
[2025-06-26T22:59:08.307+0000] {processor.py:914} INFO - Processing file /home/airflow/.local/lib/python3.12/site-packages/airflow/example_dags/example_bash_operator.py for tasks to queue
[2025-06-26T22:59:08.318+0000] {logging_mixin.py:190} INFO - [2025-06-26T22:59:08.318+0000] {dagbag.py:588} INFO - Filling up the DagBag from /home/airflow/.local/lib/python3.12/site-packages/airflow/example_dags/example_bash_operator.py
[2025-06-26T22:59:08.409+0000] {processor.py:925} INFO - DAG(s) 'example_bash_operator' retrieved from /home/airflow/.local/lib/python3.12/site-packages/airflow/example_dags/example_bash_operator.py
[2025-06-26T22:59:08.531+0000] {logging_mixin.py:190} INFO - [2025-06-26T22:59:08.530+0000] {dag.py:3239} INFO - Sync 1 DAGs
[2025-06-26T22:59:08.602+0000] {logging_mixin.py:190} INFO - [2025-06-26T22:59:08.602+0000] {dag.py:4180} INFO - Setting next_dagrun for example_bash_operator to 2025-06-25 00:00:00+00:00, run_after=2025-06-26 00:00:00+00:00
[2025-06-26T22:59:08.665+0000] {processor.py:208} INFO - Processing /home/airflow/.local/lib/python3.12/site-packages/airflow/example_dags/example_bash_operator.py took 0.387 seconds
[2025-06-26T22:59:43.390+0000] {processor.py:186} INFO - Started process (PID=532) to work on /home/airflow/.local/lib/python3.12/site-packages/airflow/example_dags/example_bash_operator.py
[2025-06-26T22:59:43.392+0000] {processor.py:914} INFO - Processing file /home/airflow/.local/lib/python3.12/site-packages/airflow/example_dags/example_bash_operator.py for tasks to queue
[2025-06-26T22:59:43.394+0000] {logging_mixin.py:190} INFO - [2025-06-26T22:59:43.393+0000] {dagbag.py:588} INFO - Filling up the DagBag from /home/airflow/.local/lib/python3.12/site-packages/airflow/example_dags/example_bash_operator.py
[2025-06-26T22:59:43.406+0000] {processor.py:925} INFO - DAG(s) 'example_bash_operator' retrieved from /home/airflow/.local/lib/python3.12/site-packages/airflow/example_dags/example_bash_operator.py
[2025-06-26T22:59:43.431+0000] {logging_mixin.py:190} INFO - [2025-06-26T22:59:43.431+0000] {dag.py:3239} INFO - Sync 1 DAGs
[2025-06-26T22:59:43.449+0000] {logging_mixin.py:190} INFO - [2025-06-26T22:59:43.449+0000] {dag.py:4180} INFO - Setting next_dagrun for example_bash_operator to 2025-06-25 00:00:00+00:00, run_after=2025-06-26 00:00:00+00:00
[2025-06-26T22:59:43.461+0000] {processor.py:208} INFO - Processing /home/airflow/.local/lib/python3.12/site-packages/airflow/example_dags/example_bash_operator.py took 0.078 seconds
[2025-06-26T23:00:13.750+0000] {processor.py:186} INFO - Started process (PID=594) to work on /home/airflow/.local/lib/python3.12/site-packages/airflow/example_dags/example_bash_operator.py
[2025-06-26T23:00:13.751+0000] {processor.py:914} INFO - Processing file /home/airflow/.local/lib/python3.12/site-packages/airflow/example_dags/example_bash_operator.py for tasks to queue
[2025-06-26T23:00:13.753+0000] {logging_mixin.py:190} INFO - [2025-06-26T23:00:13.753+0000] {dagbag.py:588} INFO - Filling up the DagBag from /home/airflow/.local/lib/python3.12/site-packages/airflow/example_dags/example_bash_operator.py
[2025-06-26T23:00:13.778+0000] {processor.py:925} INFO - DAG(s) 'example_bash_operator' retrieved from /home/airflow/.local/lib/python3.12/site-packages/airflow/example_dags/example_bash_operator.py
[2025-06-26T23:00:13.796+0000] {logging_mixin.py:190} INFO - [2025-06-26T23:00:13.796+0000] {dag.py:3239} INFO - Sync 1 DAGs
[2025-06-26T23:00:13.815+0000] {logging_mixin.py:190} INFO - [2025-06-26T23:00:13.815+0000] {dag.py:4180} INFO - Setting next_dagrun for example_bash_operator to 2025-06-25 00:00:00+00:00, run_after=2025-06-26 00:00:00+00:00
[2025-06-26T23:00:13.826+0000] {processor.py:208} INFO - Processing /home/airflow/.local/lib/python3.12/site-packages/airflow/example_dags/example_bash_operator.py took 0.082 seconds
[2025-06-26T23:00:46.295+0000] {processor.py:186} INFO - Started process (PID=644) to work on /home/airflow/.local/lib/python3.12/site-packages/airflow/example_dags/example_bash_operator.py
[2025-06-26T23:00:46.299+0000] {processor.py:914} INFO - Processing file /home/airflow/.local/lib/python3.12/site-packages/airflow/example_dags/example_bash_operator.py for tasks to queue
[2025-06-26T23:00:46.301+0000] {logging_mixin.py:190} INFO - [2025-06-26T23:00:46.301+0000] {dagbag.py:588} INFO - Filling up the DagBag from /home/airflow/.local/lib/python3.12/site-packages/airflow/example_dags/example_bash_operator.py
[2025-06-26T23:00:46.315+0000] {processor.py:925} INFO - DAG(s) 'example_bash_operator' retrieved from /home/airflow/.local/lib/python3.12/site-packages/airflow/example_dags/example_bash_operator.py
[2025-06-26T23:00:46.336+0000] {logging_mixin.py:190} INFO - [2025-06-26T23:00:46.336+0000] {dag.py:3239} INFO - Sync 1 DAGs
[2025-06-26T23:00:46.354+0000] {logging_mixin.py:190} INFO - [2025-06-26T23:00:46.354+0000] {dag.py:4180} INFO - Setting next_dagrun for example_bash_operator to 2025-06-25 00:00:00+00:00, run_after=2025-06-26 00:00:00+00:00
[2025-06-26T23:00:46.367+0000] {processor.py:208} INFO - Processing /home/airflow/.local/lib/python3.12/site-packages/airflow/example_dags/example_bash_operator.py took 0.078 seconds
[2025-06-26T23:01:18.606+0000] {processor.py:186} INFO - Started process (PID=705) to work on /home/airflow/.local/lib/python3.12/site-packages/airflow/example_dags/example_bash_operator.py
[2025-06-26T23:01:18.609+0000] {processor.py:914} INFO - Processing file /home/airflow/.local/lib/python3.12/site-packages/airflow/example_dags/example_bash_operator.py for tasks to queue
[2025-06-26T23:01:18.616+0000] {logging_mixin.py:190} INFO - [2025-06-26T23:01:18.615+0000] {dagbag.py:588} INFO - Filling up the DagBag from /home/airflow/.local/lib/python3.12/site-packages/airflow/example_dags/example_bash_operator.py
[2025-06-26T23:01:18.626+0000] {processor.py:925} INFO - DAG(s) 'example_bash_operator' retrieved from /home/airflow/.local/lib/python3.12/site-packages/airflow/example_dags/example_bash_operator.py
[2025-06-26T23:01:19.008+0000] {logging_mixin.py:190} INFO - [2025-06-26T23:01:19.004+0000] {dag.py:3239} INFO - Sync 1 DAGs
[2025-06-26T23:01:19.123+0000] {logging_mixin.py:190} INFO - [2025-06-26T23:01:19.123+0000] {dag.py:4180} INFO - Setting next_dagrun for example_bash_operator to 2025-06-25 00:00:00+00:00, run_after=2025-06-26 00:00:00+00:00
[2025-06-26T23:01:19.163+0000] {processor.py:208} INFO - Processing /home/airflow/.local/lib/python3.12/site-packages/airflow/example_dags/example_bash_operator.py took 0.565 seconds
[2025-06-26T23:01:52.026+0000] {processor.py:186} INFO - Started process (PID=759) to work on /home/airflow/.local/lib/python3.12/site-packages/airflow/example_dags/example_bash_operator.py
[2025-06-26T23:01:52.028+0000] {processor.py:914} INFO - Processing file /home/airflow/.local/lib/python3.12/site-packages/airflow/example_dags/example_bash_operator.py for tasks to queue
[2025-06-26T23:01:52.031+0000] {logging_mixin.py:190} INFO - [2025-06-26T23:01:52.031+0000] {dagbag.py:588} INFO - Filling up the DagBag from /home/airflow/.local/lib/python3.12/site-packages/airflow/example_dags/example_bash_operator.py
[2025-06-26T23:01:52.052+0000] {processor.py:925} INFO - DAG(s) 'example_bash_operator' retrieved from /home/airflow/.local/lib/python3.12/site-packages/airflow/example_dags/example_bash_operator.py
[2025-06-26T23:01:52.080+0000] {logging_mixin.py:190} INFO - [2025-06-26T23:01:52.079+0000] {dag.py:3239} INFO - Sync 1 DAGs
[2025-06-26T23:01:52.111+0000] {logging_mixin.py:190} INFO - [2025-06-26T23:01:52.110+0000] {dag.py:4180} INFO - Setting next_dagrun for example_bash_operator to 2025-06-25 00:00:00+00:00, run_after=2025-06-26 00:00:00+00:00
[2025-06-26T23:01:52.159+0000] {processor.py:208} INFO - Processing /home/airflow/.local/lib/python3.12/site-packages/airflow/example_dags/example_bash_operator.py took 0.138 seconds
[2025-06-26T23:02:23.313+0000] {processor.py:186} INFO - Started process (PID=821) to work on /home/airflow/.local/lib/python3.12/site-packages/airflow/example_dags/example_bash_operator.py
[2025-06-26T23:02:23.316+0000] {processor.py:914} INFO - Processing file /home/airflow/.local/lib/python3.12/site-packages/airflow/example_dags/example_bash_operator.py for tasks to queue
[2025-06-26T23:02:23.318+0000] {logging_mixin.py:190} INFO - [2025-06-26T23:02:23.318+0000] {dagbag.py:588} INFO - Filling up the DagBag from /home/airflow/.local/lib/python3.12/site-packages/airflow/example_dags/example_bash_operator.py
[2025-06-26T23:02:23.330+0000] {processor.py:925} INFO - DAG(s) 'example_bash_operator' retrieved from /home/airflow/.local/lib/python3.12/site-packages/airflow/example_dags/example_bash_operator.py
[2025-06-26T23:02:23.352+0000] {logging_mixin.py:190} INFO - [2025-06-26T23:02:23.352+0000] {dag.py:3239} INFO - Sync 1 DAGs
[2025-06-26T23:02:23.372+0000] {logging_mixin.py:190} INFO - [2025-06-26T23:02:23.372+0000] {dag.py:4180} INFO - Setting next_dagrun for example_bash_operator to 2025-06-25 00:00:00+00:00, run_after=2025-06-26 00:00:00+00:00
[2025-06-26T23:02:23.387+0000] {processor.py:208} INFO - Processing /home/airflow/.local/lib/python3.12/site-packages/airflow/example_dags/example_bash_operator.py took 0.080 seconds
[2025-06-26T23:02:55.770+0000] {processor.py:186} INFO - Started process (PID=880) to work on /home/airflow/.local/lib/python3.12/site-packages/airflow/example_dags/example_bash_operator.py
[2025-06-26T23:02:55.771+0000] {processor.py:914} INFO - Processing file /home/airflow/.local/lib/python3.12/site-packages/airflow/example_dags/example_bash_operator.py for tasks to queue
[2025-06-26T23:02:55.773+0000] {logging_mixin.py:190} INFO - [2025-06-26T23:02:55.773+0000] {dagbag.py:588} INFO - Filling up the DagBag from /home/airflow/.local/lib/python3.12/site-packages/airflow/example_dags/example_bash_operator.py
[2025-06-26T23:02:55.789+0000] {processor.py:925} INFO - DAG(s) 'example_bash_operator' retrieved from /home/airflow/.local/lib/python3.12/site-packages/airflow/example_dags/example_bash_operator.py
[2025-06-26T23:02:55.816+0000] {logging_mixin.py:190} INFO - [2025-06-26T23:02:55.815+0000] {dag.py:3239} INFO - Sync 1 DAGs
[2025-06-26T23:02:55.833+0000] {logging_mixin.py:190} INFO - [2025-06-26T23:02:55.833+0000] {dag.py:4180} INFO - Setting next_dagrun for example_bash_operator to 2025-06-25 00:00:00+00:00, run_after=2025-06-26 00:00:00+00:00
[2025-06-26T23:02:55.853+0000] {processor.py:208} INFO - Processing /home/airflow/.local/lib/python3.12/site-packages/airflow/example_dags/example_bash_operator.py took 0.093 seconds
[2025-06-26T23:03:41.979+0000] {processor.py:186} INFO - Started process (PID=939) to work on /home/airflow/.local/lib/python3.12/site-packages/airflow/example_dags/example_bash_operator.py
[2025-06-26T23:03:41.981+0000] {processor.py:914} INFO - Processing file /home/airflow/.local/lib/python3.12/site-packages/airflow/example_dags/example_bash_operator.py for tasks to queue
[2025-06-26T23:03:41.983+0000] {logging_mixin.py:190} INFO - [2025-06-26T23:03:41.983+0000] {dagbag.py:588} INFO - Filling up the DagBag from /home/airflow/.local/lib/python3.12/site-packages/airflow/example_dags/example_bash_operator.py
[2025-06-26T23:03:41.995+0000] {processor.py:925} INFO - DAG(s) 'example_bash_operator' retrieved from /home/airflow/.local/lib/python3.12/site-packages/airflow/example_dags/example_bash_operator.py
[2025-06-26T23:03:42.020+0000] {logging_mixin.py:190} INFO - [2025-06-26T23:03:42.020+0000] {dag.py:3239} INFO - Sync 1 DAGs
[2025-06-26T23:03:42.039+0000] {logging_mixin.py:190} INFO - [2025-06-26T23:03:42.039+0000] {dag.py:4180} INFO - Setting next_dagrun for example_bash_operator to 2025-06-25 00:00:00+00:00, run_after=2025-06-26 00:00:00+00:00
[2025-06-26T23:03:42.061+0000] {processor.py:208} INFO - Processing /home/airflow/.local/lib/python3.12/site-packages/airflow/example_dags/example_bash_operator.py took 0.086 seconds
[2025-06-26T23:04:34.662+0000] {processor.py:186} INFO - Started process (PID=1012) to work on /home/airflow/.local/lib/python3.12/site-packages/airflow/example_dags/example_bash_operator.py
[2025-06-26T23:04:34.665+0000] {processor.py:914} INFO - Processing file /home/airflow/.local/lib/python3.12/site-packages/airflow/example_dags/example_bash_operator.py for tasks to queue
[2025-06-26T23:04:34.667+0000] {logging_mixin.py:190} INFO - [2025-06-26T23:04:34.666+0000] {dagbag.py:588} INFO - Filling up the DagBag from /home/airflow/.local/lib/python3.12/site-packages/airflow/example_dags/example_bash_operator.py
[2025-06-26T23:04:34.677+0000] {processor.py:925} INFO - DAG(s) 'example_bash_operator' retrieved from /home/airflow/.local/lib/python3.12/site-packages/airflow/example_dags/example_bash_operator.py
[2025-06-26T23:04:34.700+0000] {logging_mixin.py:190} INFO - [2025-06-26T23:04:34.700+0000] {dag.py:3239} INFO - Sync 1 DAGs
[2025-06-26T23:04:34.722+0000] {logging_mixin.py:190} INFO - [2025-06-26T23:04:34.722+0000] {dag.py:4180} INFO - Setting next_dagrun for example_bash_operator to 2025-06-25 00:00:00+00:00, run_after=2025-06-26 00:00:00+00:00
[2025-06-26T23:04:34.736+0000] {processor.py:208} INFO - Processing /home/airflow/.local/lib/python3.12/site-packages/airflow/example_dags/example_bash_operator.py took 0.080 seconds
[2025-06-26T23:05:11.178+0000] {processor.py:186} INFO - Started process (PID=1073) to work on /home/airflow/.local/lib/python3.12/site-packages/airflow/example_dags/example_bash_operator.py
[2025-06-26T23:05:11.180+0000] {processor.py:914} INFO - Processing file /home/airflow/.local/lib/python3.12/site-packages/airflow/example_dags/example_bash_operator.py for tasks to queue
[2025-06-26T23:05:11.184+0000] {logging_mixin.py:190} INFO - [2025-06-26T23:05:11.184+0000] {dagbag.py:588} INFO - Filling up the DagBag from /home/airflow/.local/lib/python3.12/site-packages/airflow/example_dags/example_bash_operator.py
[2025-06-26T23:05:11.198+0000] {processor.py:925} INFO - DAG(s) 'example_bash_operator' retrieved from /home/airflow/.local/lib/python3.12/site-packages/airflow/example_dags/example_bash_operator.py
[2025-06-26T23:05:11.219+0000] {logging_mixin.py:190} INFO - [2025-06-26T23:05:11.219+0000] {dag.py:3239} INFO - Sync 1 DAGs
[2025-06-26T23:05:11.237+0000] {logging_mixin.py:190} INFO - [2025-06-26T23:05:11.237+0000] {dag.py:4180} INFO - Setting next_dagrun for example_bash_operator to 2025-06-25 00:00:00+00:00, run_after=2025-06-26 00:00:00+00:00
[2025-06-26T23:05:11.263+0000] {processor.py:208} INFO - Processing /home/airflow/.local/lib/python3.12/site-packages/airflow/example_dags/example_bash_operator.py took 0.090 seconds
[2025-06-26T23:05:42.417+0000] {processor.py:186} INFO - Started process (PID=1135) to work on /home/airflow/.local/lib/python3.12/site-packages/airflow/example_dags/example_bash_operator.py
[2025-06-26T23:05:42.418+0000] {processor.py:914} INFO - Processing file /home/airflow/.local/lib/python3.12/site-packages/airflow/example_dags/example_bash_operator.py for tasks to queue
[2025-06-26T23:05:42.420+0000] {logging_mixin.py:190} INFO - [2025-06-26T23:05:42.420+0000] {dagbag.py:588} INFO - Filling up the DagBag from /home/airflow/.local/lib/python3.12/site-packages/airflow/example_dags/example_bash_operator.py
[2025-06-26T23:05:42.430+0000] {processor.py:925} INFO - DAG(s) 'example_bash_operator' retrieved from /home/airflow/.local/lib/python3.12/site-packages/airflow/example_dags/example_bash_operator.py
[2025-06-26T23:05:42.456+0000] {logging_mixin.py:190} INFO - [2025-06-26T23:05:42.456+0000] {dag.py:3239} INFO - Sync 1 DAGs
[2025-06-26T23:05:42.483+0000] {logging_mixin.py:190} INFO - [2025-06-26T23:05:42.482+0000] {dag.py:4180} INFO - Setting next_dagrun for example_bash_operator to 2025-06-25 00:00:00+00:00, run_after=2025-06-26 00:00:00+00:00
[2025-06-26T23:05:42.496+0000] {processor.py:208} INFO - Processing /home/airflow/.local/lib/python3.12/site-packages/airflow/example_dags/example_bash_operator.py took 0.082 seconds
[2025-06-26T23:06:17.992+0000] {processor.py:186} INFO - Started process (PID=1197) to work on /home/airflow/.local/lib/python3.12/site-packages/airflow/example_dags/example_bash_operator.py
[2025-06-26T23:06:17.994+0000] {processor.py:914} INFO - Processing file /home/airflow/.local/lib/python3.12/site-packages/airflow/example_dags/example_bash_operator.py for tasks to queue
[2025-06-26T23:06:17.996+0000] {logging_mixin.py:190} INFO - [2025-06-26T23:06:17.996+0000] {dagbag.py:588} INFO - Filling up the DagBag from /home/airflow/.local/lib/python3.12/site-packages/airflow/example_dags/example_bash_operator.py
[2025-06-26T23:06:18.014+0000] {processor.py:925} INFO - DAG(s) 'example_bash_operator' retrieved from /home/airflow/.local/lib/python3.12/site-packages/airflow/example_dags/example_bash_operator.py
[2025-06-26T23:06:18.080+0000] {logging_mixin.py:190} INFO - [2025-06-26T23:06:18.078+0000] {dag.py:3239} INFO - Sync 1 DAGs
[2025-06-26T23:06:18.297+0000] {logging_mixin.py:190} INFO - [2025-06-26T23:06:18.297+0000] {dag.py:4180} INFO - Setting next_dagrun for example_bash_operator to 2025-06-25 00:00:00+00:00, run_after=2025-06-26 00:00:00+00:00
[2025-06-26T23:06:18.335+0000] {processor.py:208} INFO - Processing /home/airflow/.local/lib/python3.12/site-packages/airflow/example_dags/example_bash_operator.py took 0.350 seconds
[2025-06-26T23:06:48.894+0000] {processor.py:186} INFO - Started process (PID=1259) to work on /home/airflow/.local/lib/python3.12/site-packages/airflow/example_dags/example_bash_operator.py
[2025-06-26T23:06:48.898+0000] {processor.py:914} INFO - Processing file /home/airflow/.local/lib/python3.12/site-packages/airflow/example_dags/example_bash_operator.py for tasks to queue
[2025-06-26T23:06:48.899+0000] {logging_mixin.py:190} INFO - [2025-06-26T23:06:48.899+0000] {dagbag.py:588} INFO - Filling up the DagBag from /home/airflow/.local/lib/python3.12/site-packages/airflow/example_dags/example_bash_operator.py
[2025-06-26T23:06:48.918+0000] {processor.py:925} INFO - DAG(s) 'example_bash_operator' retrieved from /home/airflow/.local/lib/python3.12/site-packages/airflow/example_dags/example_bash_operator.py
[2025-06-26T23:06:48.938+0000] {logging_mixin.py:190} INFO - [2025-06-26T23:06:48.938+0000] {dag.py:3239} INFO - Sync 1 DAGs
[2025-06-26T23:06:48.956+0000] {logging_mixin.py:190} INFO - [2025-06-26T23:06:48.956+0000] {dag.py:4180} INFO - Setting next_dagrun for example_bash_operator to 2025-06-25 00:00:00+00:00, run_after=2025-06-26 00:00:00+00:00
[2025-06-26T23:06:48.969+0000] {processor.py:208} INFO - Processing /home/airflow/.local/lib/python3.12/site-packages/airflow/example_dags/example_bash_operator.py took 0.079 seconds
[2025-06-26T23:07:19.241+0000] {processor.py:186} INFO - Started process (PID=1321) to work on /home/airflow/.local/lib/python3.12/site-packages/airflow/example_dags/example_bash_operator.py
[2025-06-26T23:07:19.247+0000] {processor.py:914} INFO - Processing file /home/airflow/.local/lib/python3.12/site-packages/airflow/example_dags/example_bash_operator.py for tasks to queue
[2025-06-26T23:07:19.255+0000] {logging_mixin.py:190} INFO - [2025-06-26T23:07:19.254+0000] {dagbag.py:588} INFO - Filling up the DagBag from /home/airflow/.local/lib/python3.12/site-packages/airflow/example_dags/example_bash_operator.py
[2025-06-26T23:07:19.277+0000] {processor.py:925} INFO - DAG(s) 'example_bash_operator' retrieved from /home/airflow/.local/lib/python3.12/site-packages/airflow/example_dags/example_bash_operator.py
[2025-06-26T23:07:19.310+0000] {logging_mixin.py:190} INFO - [2025-06-26T23:07:19.310+0000] {dag.py:3239} INFO - Sync 1 DAGs
[2025-06-26T23:07:19.336+0000] {logging_mixin.py:190} INFO - [2025-06-26T23:07:19.335+0000] {dag.py:4180} INFO - Setting next_dagrun for example_bash_operator to 2025-06-25 00:00:00+00:00, run_after=2025-06-26 00:00:00+00:00
[2025-06-26T23:07:19.359+0000] {processor.py:208} INFO - Processing /home/airflow/.local/lib/python3.12/site-packages/airflow/example_dags/example_bash_operator.py took 0.130 seconds
