[2025-06-26T22:55:29.935+0000] {processor.py:186} INFO - Started process (PID=72) to work on /home/airflow/.local/lib/python3.12/site-packages/airflow/example_dags/example_inlet_event_extra.py
[2025-06-26T22:55:29.947+0000] {processor.py:914} INFO - Processing file /home/airflow/.local/lib/python3.12/site-packages/airflow/example_dags/example_inlet_event_extra.py for tasks to queue
[2025-06-26T22:55:29.992+0000] {logging_mixin.py:190} INFO - [2025-06-26T22:55:29.980+0000] {dagbag.py:588} INFO - Filling up the DagBag from /home/airflow/.local/lib/python3.12/site-packages/airflow/example_dags/example_inlet_event_extra.py
[2025-06-26T22:55:30.668+0000] {processor.py:925} INFO - DAG(s) 'read_dataset_event', 'read_dataset_event_from_classic' retrieved from /home/airflow/.local/lib/python3.12/site-packages/airflow/example_dags/example_inlet_event_extra.py
[2025-06-26T22:55:30.827+0000] {logging_mixin.py:190} INFO - [2025-06-26T22:55:30.818+0000] {override.py:1900} INFO - Created Permission View: can read on DAG:read_dataset_event
[2025-06-26T22:55:30.857+0000] {logging_mixin.py:190} INFO - [2025-06-26T22:55:30.856+0000] {override.py:1900} INFO - Created Permission View: can delete on DAG:read_dataset_event
[2025-06-26T22:55:30.869+0000] {logging_mixin.py:190} INFO - [2025-06-26T22:55:30.869+0000] {override.py:1900} INFO - Created Permission View: can edit on DAG:read_dataset_event
[2025-06-26T22:55:30.878+0000] {logging_mixin.py:190} INFO - [2025-06-26T22:55:30.878+0000] {override.py:1900} INFO - Created Permission View: can read on DAG Run:read_dataset_event
[2025-06-26T22:55:30.893+0000] {logging_mixin.py:190} INFO - [2025-06-26T22:55:30.893+0000] {override.py:1900} INFO - Created Permission View: menu access on DAG Run:read_dataset_event
[2025-06-26T22:55:30.925+0000] {logging_mixin.py:190} INFO - [2025-06-26T22:55:30.925+0000] {override.py:1900} INFO - Created Permission View: can delete on DAG Run:read_dataset_event
[2025-06-26T22:55:30.935+0000] {logging_mixin.py:190} INFO - [2025-06-26T22:55:30.935+0000] {override.py:1900} INFO - Created Permission View: can create on DAG Run:read_dataset_event
[2025-06-26T22:55:30.956+0000] {logging_mixin.py:190} INFO - [2025-06-26T22:55:30.955+0000] {override.py:1900} INFO - Created Permission View: can read on DAG:read_dataset_event_from_classic
[2025-06-26T22:55:30.988+0000] {logging_mixin.py:190} INFO - [2025-06-26T22:55:30.988+0000] {override.py:1900} INFO - Created Permission View: can delete on DAG:read_dataset_event_from_classic
[2025-06-26T22:55:31.075+0000] {logging_mixin.py:190} INFO - [2025-06-26T22:55:31.074+0000] {override.py:1900} INFO - Created Permission View: can edit on DAG:read_dataset_event_from_classic
[2025-06-26T22:55:31.161+0000] {logging_mixin.py:190} INFO - [2025-06-26T22:55:31.159+0000] {override.py:1900} INFO - Created Permission View: can read on DAG Run:read_dataset_event_from_classic
[2025-06-26T22:55:31.204+0000] {logging_mixin.py:190} INFO - [2025-06-26T22:55:31.203+0000] {override.py:1900} INFO - Created Permission View: menu access on DAG Run:read_dataset_event_from_classic
[2025-06-26T22:55:31.221+0000] {logging_mixin.py:190} INFO - [2025-06-26T22:55:31.220+0000] {override.py:1900} INFO - Created Permission View: can delete on DAG Run:read_dataset_event_from_classic
[2025-06-26T22:55:31.225+0000] {logging_mixin.py:190} INFO - [2025-06-26T22:55:31.225+0000] {override.py:1900} INFO - Created Permission View: can create on DAG Run:read_dataset_event_from_classic
[2025-06-26T22:55:31.228+0000] {logging_mixin.py:190} INFO - [2025-06-26T22:55:31.227+0000] {dag.py:3239} INFO - Sync 2 DAGs
[2025-06-26T22:55:31.270+0000] {logging_mixin.py:190} INFO - [2025-06-26T22:55:31.269+0000] {dag.py:3262} INFO - Creating ORM DAG for read_dataset_event
[2025-06-26T22:55:31.271+0000] {logging_mixin.py:190} INFO - [2025-06-26T22:55:31.271+0000] {dag.py:3262} INFO - Creating ORM DAG for read_dataset_event_from_classic
[2025-06-26T22:55:31.309+0000] {logging_mixin.py:190} INFO - [2025-06-26T22:55:31.309+0000] {dag.py:4180} INFO - Setting next_dagrun for read_dataset_event to 2025-06-25 00:00:00+00:00, run_after=2025-06-26 00:00:00+00:00
[2025-06-26T22:55:31.332+0000] {logging_mixin.py:190} INFO - [2025-06-26T22:55:31.330+0000] {dag.py:4180} INFO - Setting next_dagrun for read_dataset_event_from_classic to 2025-06-25 00:00:00+00:00, run_after=2025-06-26 00:00:00+00:00
[2025-06-26T22:55:31.411+0000] {processor.py:208} INFO - Processing /home/airflow/.local/lib/python3.12/site-packages/airflow/example_dags/example_inlet_event_extra.py took 1.522 seconds
[2025-06-26T22:56:01.617+0000] {processor.py:186} INFO - Started process (PID=134) to work on /home/airflow/.local/lib/python3.12/site-packages/airflow/example_dags/example_inlet_event_extra.py
[2025-06-26T22:56:01.618+0000] {processor.py:914} INFO - Processing file /home/airflow/.local/lib/python3.12/site-packages/airflow/example_dags/example_inlet_event_extra.py for tasks to queue
[2025-06-26T22:56:01.627+0000] {logging_mixin.py:190} INFO - [2025-06-26T22:56:01.627+0000] {dagbag.py:588} INFO - Filling up the DagBag from /home/airflow/.local/lib/python3.12/site-packages/airflow/example_dags/example_inlet_event_extra.py
[2025-06-26T22:56:01.911+0000] {processor.py:925} INFO - DAG(s) 'read_dataset_event', 'read_dataset_event_from_classic' retrieved from /home/airflow/.local/lib/python3.12/site-packages/airflow/example_dags/example_inlet_event_extra.py
[2025-06-26T22:56:01.936+0000] {logging_mixin.py:190} INFO - [2025-06-26T22:56:01.936+0000] {dag.py:3239} INFO - Sync 2 DAGs
[2025-06-26T22:56:01.967+0000] {logging_mixin.py:190} INFO - [2025-06-26T22:56:01.967+0000] {dag.py:4180} INFO - Setting next_dagrun for read_dataset_event to 2025-06-25 00:00:00+00:00, run_after=2025-06-26 00:00:00+00:00
[2025-06-26T22:56:01.979+0000] {logging_mixin.py:190} INFO - [2025-06-26T22:56:01.979+0000] {dag.py:4180} INFO - Setting next_dagrun for read_dataset_event_from_classic to 2025-06-25 00:00:00+00:00, run_after=2025-06-26 00:00:00+00:00
[2025-06-26T22:56:02.017+0000] {processor.py:208} INFO - Processing /home/airflow/.local/lib/python3.12/site-packages/airflow/example_dags/example_inlet_event_extra.py took 0.412 seconds
[2025-06-26T22:56:32.372+0000] {processor.py:186} INFO - Started process (PID=196) to work on /home/airflow/.local/lib/python3.12/site-packages/airflow/example_dags/example_inlet_event_extra.py
[2025-06-26T22:56:32.374+0000] {processor.py:914} INFO - Processing file /home/airflow/.local/lib/python3.12/site-packages/airflow/example_dags/example_inlet_event_extra.py for tasks to queue
[2025-06-26T22:56:32.377+0000] {logging_mixin.py:190} INFO - [2025-06-26T22:56:32.377+0000] {dagbag.py:588} INFO - Filling up the DagBag from /home/airflow/.local/lib/python3.12/site-packages/airflow/example_dags/example_inlet_event_extra.py
[2025-06-26T22:56:32.532+0000] {processor.py:925} INFO - DAG(s) 'read_dataset_event', 'read_dataset_event_from_classic' retrieved from /home/airflow/.local/lib/python3.12/site-packages/airflow/example_dags/example_inlet_event_extra.py
[2025-06-26T22:56:32.544+0000] {logging_mixin.py:190} INFO - [2025-06-26T22:56:32.544+0000] {dag.py:3239} INFO - Sync 2 DAGs
[2025-06-26T22:56:32.560+0000] {logging_mixin.py:190} INFO - [2025-06-26T22:56:32.560+0000] {dag.py:4180} INFO - Setting next_dagrun for read_dataset_event to 2025-06-25 00:00:00+00:00, run_after=2025-06-26 00:00:00+00:00
[2025-06-26T22:56:32.564+0000] {logging_mixin.py:190} INFO - [2025-06-26T22:56:32.564+0000] {dag.py:4180} INFO - Setting next_dagrun for read_dataset_event_from_classic to 2025-06-25 00:00:00+00:00, run_after=2025-06-26 00:00:00+00:00
[2025-06-26T22:56:32.576+0000] {processor.py:208} INFO - Processing /home/airflow/.local/lib/python3.12/site-packages/airflow/example_dags/example_inlet_event_extra.py took 0.215 seconds
[2025-06-26T22:57:04.243+0000] {processor.py:186} INFO - Started process (PID=259) to work on /home/airflow/.local/lib/python3.12/site-packages/airflow/example_dags/example_inlet_event_extra.py
[2025-06-26T22:57:04.246+0000] {processor.py:914} INFO - Processing file /home/airflow/.local/lib/python3.12/site-packages/airflow/example_dags/example_inlet_event_extra.py for tasks to queue
[2025-06-26T22:57:04.257+0000] {logging_mixin.py:190} INFO - [2025-06-26T22:57:04.256+0000] {dagbag.py:588} INFO - Filling up the DagBag from /home/airflow/.local/lib/python3.12/site-packages/airflow/example_dags/example_inlet_event_extra.py
[2025-06-26T22:57:04.820+0000] {processor.py:925} INFO - DAG(s) 'read_dataset_event_from_classic', 'read_dataset_event' retrieved from /home/airflow/.local/lib/python3.12/site-packages/airflow/example_dags/example_inlet_event_extra.py
[2025-06-26T22:57:04.890+0000] {logging_mixin.py:190} INFO - [2025-06-26T22:57:04.890+0000] {dag.py:3239} INFO - Sync 2 DAGs
[2025-06-26T22:57:04.970+0000] {logging_mixin.py:190} INFO - [2025-06-26T22:57:04.970+0000] {dag.py:4180} INFO - Setting next_dagrun for read_dataset_event to 2025-06-25 00:00:00+00:00, run_after=2025-06-26 00:00:00+00:00
[2025-06-26T22:57:04.979+0000] {logging_mixin.py:190} INFO - [2025-06-26T22:57:04.978+0000] {dag.py:4180} INFO - Setting next_dagrun for read_dataset_event_from_classic to 2025-06-25 00:00:00+00:00, run_after=2025-06-26 00:00:00+00:00
[2025-06-26T22:57:05.019+0000] {processor.py:208} INFO - Processing /home/airflow/.local/lib/python3.12/site-packages/airflow/example_dags/example_inlet_event_extra.py took 0.823 seconds
[2025-06-26T22:57:35.465+0000] {processor.py:186} INFO - Started process (PID=322) to work on /home/airflow/.local/lib/python3.12/site-packages/airflow/example_dags/example_inlet_event_extra.py
[2025-06-26T22:57:35.467+0000] {processor.py:914} INFO - Processing file /home/airflow/.local/lib/python3.12/site-packages/airflow/example_dags/example_inlet_event_extra.py for tasks to queue
[2025-06-26T22:57:35.475+0000] {logging_mixin.py:190} INFO - [2025-06-26T22:57:35.475+0000] {dagbag.py:588} INFO - Filling up the DagBag from /home/airflow/.local/lib/python3.12/site-packages/airflow/example_dags/example_inlet_event_extra.py
[2025-06-26T22:57:35.945+0000] {processor.py:925} INFO - DAG(s) 'read_dataset_event', 'read_dataset_event_from_classic' retrieved from /home/airflow/.local/lib/python3.12/site-packages/airflow/example_dags/example_inlet_event_extra.py
[2025-06-26T22:57:36.076+0000] {logging_mixin.py:190} INFO - [2025-06-26T22:57:36.075+0000] {dag.py:3239} INFO - Sync 2 DAGs
[2025-06-26T22:57:36.148+0000] {logging_mixin.py:190} INFO - [2025-06-26T22:57:36.148+0000] {dag.py:4180} INFO - Setting next_dagrun for read_dataset_event to 2025-06-25 00:00:00+00:00, run_after=2025-06-26 00:00:00+00:00
[2025-06-26T22:57:36.157+0000] {logging_mixin.py:190} INFO - [2025-06-26T22:57:36.157+0000] {dag.py:4180} INFO - Setting next_dagrun for read_dataset_event_from_classic to 2025-06-25 00:00:00+00:00, run_after=2025-06-26 00:00:00+00:00
[2025-06-26T22:57:36.194+0000] {processor.py:208} INFO - Processing /home/airflow/.local/lib/python3.12/site-packages/airflow/example_dags/example_inlet_event_extra.py took 0.740 seconds
[2025-06-26T22:58:26.078+0000] {processor.py:186} INFO - Started process (PID=381) to work on /home/airflow/.local/lib/python3.12/site-packages/airflow/example_dags/example_inlet_event_extra.py
[2025-06-26T22:58:26.081+0000] {processor.py:914} INFO - Processing file /home/airflow/.local/lib/python3.12/site-packages/airflow/example_dags/example_inlet_event_extra.py for tasks to queue
[2025-06-26T22:58:26.087+0000] {logging_mixin.py:190} INFO - [2025-06-26T22:58:26.087+0000] {dagbag.py:588} INFO - Filling up the DagBag from /home/airflow/.local/lib/python3.12/site-packages/airflow/example_dags/example_inlet_event_extra.py
[2025-06-26T22:58:26.562+0000] {processor.py:925} INFO - DAG(s) 'read_dataset_event_from_classic', 'read_dataset_event' retrieved from /home/airflow/.local/lib/python3.12/site-packages/airflow/example_dags/example_inlet_event_extra.py
[2025-06-26T22:58:26.600+0000] {logging_mixin.py:190} INFO - [2025-06-26T22:58:26.599+0000] {dag.py:3239} INFO - Sync 2 DAGs
[2025-06-26T22:58:26.649+0000] {logging_mixin.py:190} INFO - [2025-06-26T22:58:26.649+0000] {dag.py:4180} INFO - Setting next_dagrun for read_dataset_event to 2025-06-25 00:00:00+00:00, run_after=2025-06-26 00:00:00+00:00
[2025-06-26T22:58:26.656+0000] {logging_mixin.py:190} INFO - [2025-06-26T22:58:26.656+0000] {dag.py:4180} INFO - Setting next_dagrun for read_dataset_event_from_classic to 2025-06-25 00:00:00+00:00, run_after=2025-06-26 00:00:00+00:00
[2025-06-26T22:58:26.686+0000] {processor.py:208} INFO - Processing /home/airflow/.local/lib/python3.12/site-packages/airflow/example_dags/example_inlet_event_extra.py took 0.628 seconds
[2025-06-26T22:59:00.176+0000] {processor.py:186} INFO - Started process (PID=426) to work on /home/airflow/.local/lib/python3.12/site-packages/airflow/example_dags/example_inlet_event_extra.py
[2025-06-26T22:59:00.181+0000] {processor.py:914} INFO - Processing file /home/airflow/.local/lib/python3.12/site-packages/airflow/example_dags/example_inlet_event_extra.py for tasks to queue
[2025-06-26T22:59:00.201+0000] {logging_mixin.py:190} INFO - [2025-06-26T22:59:00.200+0000] {dagbag.py:588} INFO - Filling up the DagBag from /home/airflow/.local/lib/python3.12/site-packages/airflow/example_dags/example_inlet_event_extra.py
[2025-06-26T22:59:00.770+0000] {processor.py:925} INFO - DAG(s) 'read_dataset_event_from_classic', 'read_dataset_event' retrieved from /home/airflow/.local/lib/python3.12/site-packages/airflow/example_dags/example_inlet_event_extra.py
[2025-06-26T22:59:00.880+0000] {logging_mixin.py:190} INFO - [2025-06-26T22:59:00.879+0000] {dag.py:3239} INFO - Sync 2 DAGs
[2025-06-26T22:59:00.999+0000] {logging_mixin.py:190} INFO - [2025-06-26T22:59:00.990+0000] {dag.py:4180} INFO - Setting next_dagrun for read_dataset_event to 2025-06-25 00:00:00+00:00, run_after=2025-06-26 00:00:00+00:00
[2025-06-26T22:59:01.017+0000] {logging_mixin.py:190} INFO - [2025-06-26T22:59:01.017+0000] {dag.py:4180} INFO - Setting next_dagrun for read_dataset_event_from_classic to 2025-06-25 00:00:00+00:00, run_after=2025-06-26 00:00:00+00:00
[2025-06-26T22:59:01.056+0000] {processor.py:208} INFO - Processing /home/airflow/.local/lib/python3.12/site-packages/airflow/example_dags/example_inlet_event_extra.py took 0.906 seconds
[2025-06-26T22:59:39.631+0000] {processor.py:186} INFO - Started process (PID=488) to work on /home/airflow/.local/lib/python3.12/site-packages/airflow/example_dags/example_inlet_event_extra.py
[2025-06-26T22:59:39.638+0000] {processor.py:914} INFO - Processing file /home/airflow/.local/lib/python3.12/site-packages/airflow/example_dags/example_inlet_event_extra.py for tasks to queue
[2025-06-26T22:59:39.646+0000] {logging_mixin.py:190} INFO - [2025-06-26T22:59:39.645+0000] {dagbag.py:588} INFO - Filling up the DagBag from /home/airflow/.local/lib/python3.12/site-packages/airflow/example_dags/example_inlet_event_extra.py
[2025-06-26T22:59:39.866+0000] {processor.py:925} INFO - DAG(s) 'read_dataset_event', 'read_dataset_event_from_classic' retrieved from /home/airflow/.local/lib/python3.12/site-packages/airflow/example_dags/example_inlet_event_extra.py
[2025-06-26T22:59:39.910+0000] {logging_mixin.py:190} INFO - [2025-06-26T22:59:39.909+0000] {dag.py:3239} INFO - Sync 2 DAGs
[2025-06-26T22:59:39.944+0000] {logging_mixin.py:190} INFO - [2025-06-26T22:59:39.944+0000] {dag.py:4180} INFO - Setting next_dagrun for read_dataset_event to 2025-06-25 00:00:00+00:00, run_after=2025-06-26 00:00:00+00:00
[2025-06-26T22:59:39.948+0000] {logging_mixin.py:190} INFO - [2025-06-26T22:59:39.948+0000] {dag.py:4180} INFO - Setting next_dagrun for read_dataset_event_from_classic to 2025-06-25 00:00:00+00:00, run_after=2025-06-26 00:00:00+00:00
[2025-06-26T22:59:39.961+0000] {processor.py:208} INFO - Processing /home/airflow/.local/lib/python3.12/site-packages/airflow/example_dags/example_inlet_event_extra.py took 0.341 seconds
[2025-06-26T23:00:10.581+0000] {processor.py:186} INFO - Started process (PID=549) to work on /home/airflow/.local/lib/python3.12/site-packages/airflow/example_dags/example_inlet_event_extra.py
[2025-06-26T23:00:10.582+0000] {processor.py:914} INFO - Processing file /home/airflow/.local/lib/python3.12/site-packages/airflow/example_dags/example_inlet_event_extra.py for tasks to queue
[2025-06-26T23:00:10.585+0000] {logging_mixin.py:190} INFO - [2025-06-26T23:00:10.585+0000] {dagbag.py:588} INFO - Filling up the DagBag from /home/airflow/.local/lib/python3.12/site-packages/airflow/example_dags/example_inlet_event_extra.py
[2025-06-26T23:00:10.732+0000] {processor.py:925} INFO - DAG(s) 'read_dataset_event', 'read_dataset_event_from_classic' retrieved from /home/airflow/.local/lib/python3.12/site-packages/airflow/example_dags/example_inlet_event_extra.py
[2025-06-26T23:00:10.762+0000] {logging_mixin.py:190} INFO - [2025-06-26T23:00:10.762+0000] {dag.py:3239} INFO - Sync 2 DAGs
[2025-06-26T23:00:10.785+0000] {logging_mixin.py:190} INFO - [2025-06-26T23:00:10.785+0000] {dag.py:4180} INFO - Setting next_dagrun for read_dataset_event to 2025-06-25 00:00:00+00:00, run_after=2025-06-26 00:00:00+00:00
[2025-06-26T23:00:10.791+0000] {logging_mixin.py:190} INFO - [2025-06-26T23:00:10.790+0000] {dag.py:4180} INFO - Setting next_dagrun for read_dataset_event_from_classic to 2025-06-25 00:00:00+00:00, run_after=2025-06-26 00:00:00+00:00
[2025-06-26T23:00:10.808+0000] {processor.py:208} INFO - Processing /home/airflow/.local/lib/python3.12/site-packages/airflow/example_dags/example_inlet_event_extra.py took 0.235 seconds
[2025-06-26T23:00:43.643+0000] {processor.py:186} INFO - Started process (PID=616) to work on /home/airflow/.local/lib/python3.12/site-packages/airflow/example_dags/example_inlet_event_extra.py
[2025-06-26T23:00:43.648+0000] {processor.py:914} INFO - Processing file /home/airflow/.local/lib/python3.12/site-packages/airflow/example_dags/example_inlet_event_extra.py for tasks to queue
[2025-06-26T23:00:43.652+0000] {logging_mixin.py:190} INFO - [2025-06-26T23:00:43.652+0000] {dagbag.py:588} INFO - Filling up the DagBag from /home/airflow/.local/lib/python3.12/site-packages/airflow/example_dags/example_inlet_event_extra.py
[2025-06-26T23:00:43.910+0000] {processor.py:925} INFO - DAG(s) 'read_dataset_event_from_classic', 'read_dataset_event' retrieved from /home/airflow/.local/lib/python3.12/site-packages/airflow/example_dags/example_inlet_event_extra.py
[2025-06-26T23:00:43.948+0000] {logging_mixin.py:190} INFO - [2025-06-26T23:00:43.948+0000] {dag.py:3239} INFO - Sync 2 DAGs
[2025-06-26T23:00:43.982+0000] {logging_mixin.py:190} INFO - [2025-06-26T23:00:43.982+0000] {dag.py:4180} INFO - Setting next_dagrun for read_dataset_event to 2025-06-25 00:00:00+00:00, run_after=2025-06-26 00:00:00+00:00
[2025-06-26T23:00:43.986+0000] {logging_mixin.py:190} INFO - [2025-06-26T23:00:43.986+0000] {dag.py:4180} INFO - Setting next_dagrun for read_dataset_event_from_classic to 2025-06-25 00:00:00+00:00, run_after=2025-06-26 00:00:00+00:00
[2025-06-26T23:00:44.026+0000] {processor.py:208} INFO - Processing /home/airflow/.local/lib/python3.12/site-packages/airflow/example_dags/example_inlet_event_extra.py took 0.381 seconds
[2025-06-26T23:01:16.238+0000] {processor.py:186} INFO - Started process (PID=678) to work on /home/airflow/.local/lib/python3.12/site-packages/airflow/example_dags/example_inlet_event_extra.py
[2025-06-26T23:01:16.239+0000] {processor.py:914} INFO - Processing file /home/airflow/.local/lib/python3.12/site-packages/airflow/example_dags/example_inlet_event_extra.py for tasks to queue
[2025-06-26T23:01:16.243+0000] {logging_mixin.py:190} INFO - [2025-06-26T23:01:16.243+0000] {dagbag.py:588} INFO - Filling up the DagBag from /home/airflow/.local/lib/python3.12/site-packages/airflow/example_dags/example_inlet_event_extra.py
[2025-06-26T23:01:16.525+0000] {processor.py:925} INFO - DAG(s) 'read_dataset_event', 'read_dataset_event_from_classic' retrieved from /home/airflow/.local/lib/python3.12/site-packages/airflow/example_dags/example_inlet_event_extra.py
[2025-06-26T23:01:16.564+0000] {logging_mixin.py:190} INFO - [2025-06-26T23:01:16.563+0000] {dag.py:3239} INFO - Sync 2 DAGs
[2025-06-26T23:01:16.675+0000] {logging_mixin.py:190} INFO - [2025-06-26T23:01:16.674+0000] {dag.py:4180} INFO - Setting next_dagrun for read_dataset_event to 2025-06-25 00:00:00+00:00, run_after=2025-06-26 00:00:00+00:00
[2025-06-26T23:01:16.684+0000] {logging_mixin.py:190} INFO - [2025-06-26T23:01:16.684+0000] {dag.py:4180} INFO - Setting next_dagrun for read_dataset_event_from_classic to 2025-06-25 00:00:00+00:00, run_after=2025-06-26 00:00:00+00:00
[2025-06-26T23:01:16.707+0000] {processor.py:208} INFO - Processing /home/airflow/.local/lib/python3.12/site-packages/airflow/example_dags/example_inlet_event_extra.py took 0.478 seconds
[2025-06-26T23:01:46.980+0000] {processor.py:186} INFO - Started process (PID=740) to work on /home/airflow/.local/lib/python3.12/site-packages/airflow/example_dags/example_inlet_event_extra.py
[2025-06-26T23:01:46.982+0000] {processor.py:914} INFO - Processing file /home/airflow/.local/lib/python3.12/site-packages/airflow/example_dags/example_inlet_event_extra.py for tasks to queue
[2025-06-26T23:01:46.983+0000] {logging_mixin.py:190} INFO - [2025-06-26T23:01:46.983+0000] {dagbag.py:588} INFO - Filling up the DagBag from /home/airflow/.local/lib/python3.12/site-packages/airflow/example_dags/example_inlet_event_extra.py
[2025-06-26T23:01:47.080+0000] {processor.py:925} INFO - DAG(s) 'read_dataset_event_from_classic', 'read_dataset_event' retrieved from /home/airflow/.local/lib/python3.12/site-packages/airflow/example_dags/example_inlet_event_extra.py
[2025-06-26T23:01:47.096+0000] {logging_mixin.py:190} INFO - [2025-06-26T23:01:47.096+0000] {dag.py:3239} INFO - Sync 2 DAGs
[2025-06-26T23:01:47.113+0000] {logging_mixin.py:190} INFO - [2025-06-26T23:01:47.113+0000] {dag.py:4180} INFO - Setting next_dagrun for read_dataset_event to 2025-06-25 00:00:00+00:00, run_after=2025-06-26 00:00:00+00:00
[2025-06-26T23:01:47.121+0000] {logging_mixin.py:190} INFO - [2025-06-26T23:01:47.121+0000] {dag.py:4180} INFO - Setting next_dagrun for read_dataset_event_from_classic to 2025-06-25 00:00:00+00:00, run_after=2025-06-26 00:00:00+00:00
[2025-06-26T23:01:47.133+0000] {processor.py:208} INFO - Processing /home/airflow/.local/lib/python3.12/site-packages/airflow/example_dags/example_inlet_event_extra.py took 0.158 seconds
[2025-06-26T23:02:17.989+0000] {processor.py:186} INFO - Started process (PID=799) to work on /home/airflow/.local/lib/python3.12/site-packages/airflow/example_dags/example_inlet_event_extra.py
[2025-06-26T23:02:17.991+0000] {processor.py:914} INFO - Processing file /home/airflow/.local/lib/python3.12/site-packages/airflow/example_dags/example_inlet_event_extra.py for tasks to queue
[2025-06-26T23:02:17.996+0000] {logging_mixin.py:190} INFO - [2025-06-26T23:02:17.996+0000] {dagbag.py:588} INFO - Filling up the DagBag from /home/airflow/.local/lib/python3.12/site-packages/airflow/example_dags/example_inlet_event_extra.py
[2025-06-26T23:02:18.236+0000] {processor.py:925} INFO - DAG(s) 'read_dataset_event', 'read_dataset_event_from_classic' retrieved from /home/airflow/.local/lib/python3.12/site-packages/airflow/example_dags/example_inlet_event_extra.py
[2025-06-26T23:02:18.287+0000] {logging_mixin.py:190} INFO - [2025-06-26T23:02:18.287+0000] {dag.py:3239} INFO - Sync 2 DAGs
[2025-06-26T23:02:18.341+0000] {logging_mixin.py:190} INFO - [2025-06-26T23:02:18.340+0000] {dag.py:4180} INFO - Setting next_dagrun for read_dataset_event to 2025-06-25 00:00:00+00:00, run_after=2025-06-26 00:00:00+00:00
[2025-06-26T23:02:18.351+0000] {logging_mixin.py:190} INFO - [2025-06-26T23:02:18.351+0000] {dag.py:4180} INFO - Setting next_dagrun for read_dataset_event_from_classic to 2025-06-25 00:00:00+00:00, run_after=2025-06-26 00:00:00+00:00
[2025-06-26T23:02:18.378+0000] {processor.py:208} INFO - Processing /home/airflow/.local/lib/python3.12/site-packages/airflow/example_dags/example_inlet_event_extra.py took 0.399 seconds
[2025-06-26T23:02:49.492+0000] {processor.py:186} INFO - Started process (PID=861) to work on /home/airflow/.local/lib/python3.12/site-packages/airflow/example_dags/example_inlet_event_extra.py
[2025-06-26T23:02:49.521+0000] {processor.py:914} INFO - Processing file /home/airflow/.local/lib/python3.12/site-packages/airflow/example_dags/example_inlet_event_extra.py for tasks to queue
[2025-06-26T23:02:49.557+0000] {logging_mixin.py:190} INFO - [2025-06-26T23:02:49.550+0000] {dagbag.py:588} INFO - Filling up the DagBag from /home/airflow/.local/lib/python3.12/site-packages/airflow/example_dags/example_inlet_event_extra.py
[2025-06-26T23:02:53.502+0000] {processor.py:925} INFO - DAG(s) 'read_dataset_event_from_classic', 'read_dataset_event' retrieved from /home/airflow/.local/lib/python3.12/site-packages/airflow/example_dags/example_inlet_event_extra.py
[2025-06-26T23:02:53.573+0000] {logging_mixin.py:190} INFO - [2025-06-26T23:02:53.572+0000] {dag.py:3239} INFO - Sync 2 DAGs
[2025-06-26T23:02:53.624+0000] {logging_mixin.py:190} INFO - [2025-06-26T23:02:53.624+0000] {dag.py:4180} INFO - Setting next_dagrun for read_dataset_event to 2025-06-25 00:00:00+00:00, run_after=2025-06-26 00:00:00+00:00
[2025-06-26T23:02:53.630+0000] {logging_mixin.py:190} INFO - [2025-06-26T23:02:53.630+0000] {dag.py:4180} INFO - Setting next_dagrun for read_dataset_event_from_classic to 2025-06-25 00:00:00+00:00, run_after=2025-06-26 00:00:00+00:00
[2025-06-26T23:02:53.661+0000] {processor.py:208} INFO - Processing /home/airflow/.local/lib/python3.12/site-packages/airflow/example_dags/example_inlet_event_extra.py took 4.262 seconds
[2025-06-26T23:03:25.653+0000] {processor.py:186} INFO - Started process (PID=923) to work on /home/airflow/.local/lib/python3.12/site-packages/airflow/example_dags/example_inlet_event_extra.py
[2025-06-26T23:03:25.774+0000] {processor.py:914} INFO - Processing file /home/airflow/.local/lib/python3.12/site-packages/airflow/example_dags/example_inlet_event_extra.py for tasks to queue
[2025-06-26T23:03:26.119+0000] {logging_mixin.py:190} INFO - [2025-06-26T23:03:26.094+0000] {dagbag.py:588} INFO - Filling up the DagBag from /home/airflow/.local/lib/python3.12/site-packages/airflow/example_dags/example_inlet_event_extra.py
[2025-06-26T23:03:40.286+0000] {processor.py:925} INFO - DAG(s) 'read_dataset_event', 'read_dataset_event_from_classic' retrieved from /home/airflow/.local/lib/python3.12/site-packages/airflow/example_dags/example_inlet_event_extra.py
[2025-06-26T23:03:40.360+0000] {logging_mixin.py:190} INFO - [2025-06-26T23:03:40.359+0000] {dag.py:3239} INFO - Sync 2 DAGs
[2025-06-26T23:03:40.510+0000] {logging_mixin.py:190} INFO - [2025-06-26T23:03:40.510+0000] {dag.py:4180} INFO - Setting next_dagrun for read_dataset_event to 2025-06-25 00:00:00+00:00, run_after=2025-06-26 00:00:00+00:00
[2025-06-26T23:03:40.516+0000] {logging_mixin.py:190} INFO - [2025-06-26T23:03:40.516+0000] {dag.py:4180} INFO - Setting next_dagrun for read_dataset_event_from_classic to 2025-06-25 00:00:00+00:00, run_after=2025-06-26 00:00:00+00:00
[2025-06-26T23:03:40.549+0000] {processor.py:208} INFO - Processing /home/airflow/.local/lib/python3.12/site-packages/airflow/example_dags/example_inlet_event_extra.py took 15.340 seconds
[2025-06-26T23:04:32.886+0000] {processor.py:186} INFO - Started process (PID=994) to work on /home/airflow/.local/lib/python3.12/site-packages/airflow/example_dags/example_inlet_event_extra.py
[2025-06-26T23:04:32.887+0000] {processor.py:914} INFO - Processing file /home/airflow/.local/lib/python3.12/site-packages/airflow/example_dags/example_inlet_event_extra.py for tasks to queue
[2025-06-26T23:04:32.889+0000] {logging_mixin.py:190} INFO - [2025-06-26T23:04:32.889+0000] {dagbag.py:588} INFO - Filling up the DagBag from /home/airflow/.local/lib/python3.12/site-packages/airflow/example_dags/example_inlet_event_extra.py
[2025-06-26T23:04:33.178+0000] {processor.py:925} INFO - DAG(s) 'read_dataset_event', 'read_dataset_event_from_classic' retrieved from /home/airflow/.local/lib/python3.12/site-packages/airflow/example_dags/example_inlet_event_extra.py
[2025-06-26T23:04:33.205+0000] {logging_mixin.py:190} INFO - [2025-06-26T23:04:33.205+0000] {dag.py:3239} INFO - Sync 2 DAGs
[2025-06-26T23:04:33.235+0000] {logging_mixin.py:190} INFO - [2025-06-26T23:04:33.235+0000] {dag.py:4180} INFO - Setting next_dagrun for read_dataset_event to 2025-06-25 00:00:00+00:00, run_after=2025-06-26 00:00:00+00:00
[2025-06-26T23:04:33.242+0000] {logging_mixin.py:190} INFO - [2025-06-26T23:04:33.242+0000] {dag.py:4180} INFO - Setting next_dagrun for read_dataset_event_from_classic to 2025-06-25 00:00:00+00:00, run_after=2025-06-26 00:00:00+00:00
[2025-06-26T23:04:33.261+0000] {processor.py:208} INFO - Processing /home/airflow/.local/lib/python3.12/site-packages/airflow/example_dags/example_inlet_event_extra.py took 0.381 seconds
[2025-06-26T23:05:10.194+0000] {processor.py:186} INFO - Started process (PID=1061) to work on /home/airflow/.local/lib/python3.12/site-packages/airflow/example_dags/example_inlet_event_extra.py
[2025-06-26T23:05:10.196+0000] {processor.py:914} INFO - Processing file /home/airflow/.local/lib/python3.12/site-packages/airflow/example_dags/example_inlet_event_extra.py for tasks to queue
[2025-06-26T23:05:10.199+0000] {logging_mixin.py:190} INFO - [2025-06-26T23:05:10.198+0000] {dagbag.py:588} INFO - Filling up the DagBag from /home/airflow/.local/lib/python3.12/site-packages/airflow/example_dags/example_inlet_event_extra.py
[2025-06-26T23:05:10.352+0000] {processor.py:925} INFO - DAG(s) 'read_dataset_event_from_classic', 'read_dataset_event' retrieved from /home/airflow/.local/lib/python3.12/site-packages/airflow/example_dags/example_inlet_event_extra.py
[2025-06-26T23:05:10.383+0000] {logging_mixin.py:190} INFO - [2025-06-26T23:05:10.383+0000] {dag.py:3239} INFO - Sync 2 DAGs
[2025-06-26T23:05:10.404+0000] {logging_mixin.py:190} INFO - [2025-06-26T23:05:10.403+0000] {dag.py:4180} INFO - Setting next_dagrun for read_dataset_event to 2025-06-25 00:00:00+00:00, run_after=2025-06-26 00:00:00+00:00
[2025-06-26T23:05:10.408+0000] {logging_mixin.py:190} INFO - [2025-06-26T23:05:10.408+0000] {dag.py:4180} INFO - Setting next_dagrun for read_dataset_event_from_classic to 2025-06-25 00:00:00+00:00, run_after=2025-06-26 00:00:00+00:00
[2025-06-26T23:05:10.418+0000] {processor.py:208} INFO - Processing /home/airflow/.local/lib/python3.12/site-packages/airflow/example_dags/example_inlet_event_extra.py took 0.234 seconds
[2025-06-26T23:05:41.333+0000] {processor.py:186} INFO - Started process (PID=1123) to work on /home/airflow/.local/lib/python3.12/site-packages/airflow/example_dags/example_inlet_event_extra.py
[2025-06-26T23:05:41.337+0000] {processor.py:914} INFO - Processing file /home/airflow/.local/lib/python3.12/site-packages/airflow/example_dags/example_inlet_event_extra.py for tasks to queue
[2025-06-26T23:05:41.342+0000] {logging_mixin.py:190} INFO - [2025-06-26T23:05:41.341+0000] {dagbag.py:588} INFO - Filling up the DagBag from /home/airflow/.local/lib/python3.12/site-packages/airflow/example_dags/example_inlet_event_extra.py
[2025-06-26T23:05:41.491+0000] {processor.py:925} INFO - DAG(s) 'read_dataset_event_from_classic', 'read_dataset_event' retrieved from /home/airflow/.local/lib/python3.12/site-packages/airflow/example_dags/example_inlet_event_extra.py
[2025-06-26T23:05:41.532+0000] {logging_mixin.py:190} INFO - [2025-06-26T23:05:41.532+0000] {dag.py:3239} INFO - Sync 2 DAGs
[2025-06-26T23:05:41.564+0000] {logging_mixin.py:190} INFO - [2025-06-26T23:05:41.563+0000] {dag.py:4180} INFO - Setting next_dagrun for read_dataset_event to 2025-06-25 00:00:00+00:00, run_after=2025-06-26 00:00:00+00:00
[2025-06-26T23:05:41.576+0000] {logging_mixin.py:190} INFO - [2025-06-26T23:05:41.576+0000] {dag.py:4180} INFO - Setting next_dagrun for read_dataset_event_from_classic to 2025-06-25 00:00:00+00:00, run_after=2025-06-26 00:00:00+00:00
[2025-06-26T23:05:41.602+0000] {processor.py:208} INFO - Processing /home/airflow/.local/lib/python3.12/site-packages/airflow/example_dags/example_inlet_event_extra.py took 0.281 seconds
[2025-06-26T23:06:11.650+0000] {processor.py:186} INFO - Started process (PID=1185) to work on /home/airflow/.local/lib/python3.12/site-packages/airflow/example_dags/example_inlet_event_extra.py
[2025-06-26T23:06:11.652+0000] {processor.py:914} INFO - Processing file /home/airflow/.local/lib/python3.12/site-packages/airflow/example_dags/example_inlet_event_extra.py for tasks to queue
[2025-06-26T23:06:11.655+0000] {logging_mixin.py:190} INFO - [2025-06-26T23:06:11.654+0000] {dagbag.py:588} INFO - Filling up the DagBag from /home/airflow/.local/lib/python3.12/site-packages/airflow/example_dags/example_inlet_event_extra.py
[2025-06-26T23:06:11.981+0000] {processor.py:925} INFO - DAG(s) 'read_dataset_event', 'read_dataset_event_from_classic' retrieved from /home/airflow/.local/lib/python3.12/site-packages/airflow/example_dags/example_inlet_event_extra.py
[2025-06-26T23:06:12.100+0000] {logging_mixin.py:190} INFO - [2025-06-26T23:06:12.096+0000] {dag.py:3239} INFO - Sync 2 DAGs
[2025-06-26T23:06:12.161+0000] {logging_mixin.py:190} INFO - [2025-06-26T23:06:12.161+0000] {dag.py:4180} INFO - Setting next_dagrun for read_dataset_event to 2025-06-25 00:00:00+00:00, run_after=2025-06-26 00:00:00+00:00
[2025-06-26T23:06:12.164+0000] {logging_mixin.py:190} INFO - [2025-06-26T23:06:12.164+0000] {dag.py:4180} INFO - Setting next_dagrun for read_dataset_event_from_classic to 2025-06-25 00:00:00+00:00, run_after=2025-06-26 00:00:00+00:00
[2025-06-26T23:06:12.195+0000] {processor.py:208} INFO - Processing /home/airflow/.local/lib/python3.12/site-packages/airflow/example_dags/example_inlet_event_extra.py took 0.553 seconds
[2025-06-26T23:06:44.251+0000] {processor.py:186} INFO - Started process (PID=1247) to work on /home/airflow/.local/lib/python3.12/site-packages/airflow/example_dags/example_inlet_event_extra.py
[2025-06-26T23:06:44.251+0000] {processor.py:914} INFO - Processing file /home/airflow/.local/lib/python3.12/site-packages/airflow/example_dags/example_inlet_event_extra.py for tasks to queue
[2025-06-26T23:06:44.253+0000] {logging_mixin.py:190} INFO - [2025-06-26T23:06:44.252+0000] {dagbag.py:588} INFO - Filling up the DagBag from /home/airflow/.local/lib/python3.12/site-packages/airflow/example_dags/example_inlet_event_extra.py
[2025-06-26T23:06:44.477+0000] {processor.py:925} INFO - DAG(s) 'read_dataset_event', 'read_dataset_event_from_classic' retrieved from /home/airflow/.local/lib/python3.12/site-packages/airflow/example_dags/example_inlet_event_extra.py
[2025-06-26T23:06:44.521+0000] {logging_mixin.py:190} INFO - [2025-06-26T23:06:44.521+0000] {dag.py:3239} INFO - Sync 2 DAGs
[2025-06-26T23:06:44.585+0000] {logging_mixin.py:190} INFO - [2025-06-26T23:06:44.585+0000] {dag.py:4180} INFO - Setting next_dagrun for read_dataset_event to 2025-06-25 00:00:00+00:00, run_after=2025-06-26 00:00:00+00:00
[2025-06-26T23:06:44.589+0000] {logging_mixin.py:190} INFO - [2025-06-26T23:06:44.589+0000] {dag.py:4180} INFO - Setting next_dagrun for read_dataset_event_from_classic to 2025-06-25 00:00:00+00:00, run_after=2025-06-26 00:00:00+00:00
[2025-06-26T23:06:44.604+0000] {processor.py:208} INFO - Processing /home/airflow/.local/lib/python3.12/site-packages/airflow/example_dags/example_inlet_event_extra.py took 0.357 seconds
[2025-06-26T23:07:15.466+0000] {processor.py:186} INFO - Started process (PID=1309) to work on /home/airflow/.local/lib/python3.12/site-packages/airflow/example_dags/example_inlet_event_extra.py
[2025-06-26T23:07:15.525+0000] {processor.py:914} INFO - Processing file /home/airflow/.local/lib/python3.12/site-packages/airflow/example_dags/example_inlet_event_extra.py for tasks to queue
[2025-06-26T23:07:15.547+0000] {logging_mixin.py:190} INFO - [2025-06-26T23:07:15.546+0000] {dagbag.py:588} INFO - Filling up the DagBag from /home/airflow/.local/lib/python3.12/site-packages/airflow/example_dags/example_inlet_event_extra.py
[2025-06-26T23:07:16.720+0000] {processor.py:925} INFO - DAG(s) 'read_dataset_event_from_classic', 'read_dataset_event' retrieved from /home/airflow/.local/lib/python3.12/site-packages/airflow/example_dags/example_inlet_event_extra.py
[2025-06-26T23:07:16.814+0000] {logging_mixin.py:190} INFO - [2025-06-26T23:07:16.812+0000] {dag.py:3239} INFO - Sync 2 DAGs
[2025-06-26T23:07:16.868+0000] {logging_mixin.py:190} INFO - [2025-06-26T23:07:16.867+0000] {dag.py:4180} INFO - Setting next_dagrun for read_dataset_event to 2025-06-25 00:00:00+00:00, run_after=2025-06-26 00:00:00+00:00
[2025-06-26T23:07:16.878+0000] {logging_mixin.py:190} INFO - [2025-06-26T23:07:16.877+0000] {dag.py:4180} INFO - Setting next_dagrun for read_dataset_event_from_classic to 2025-06-25 00:00:00+00:00, run_after=2025-06-26 00:00:00+00:00
[2025-06-26T23:07:16.902+0000] {processor.py:208} INFO - Processing /home/airflow/.local/lib/python3.12/site-packages/airflow/example_dags/example_inlet_event_extra.py took 1.455 seconds
