[2025-06-26T22:55:30.875+0000] {processor.py:186} INFO - Started process (PID=73) to work on /home/airflow/.local/lib/python3.12/site-packages/airflow/example_dags/example_python_decorator.py
[2025-06-26T22:55:30.876+0000] {processor.py:914} INFO - Processing file /home/airflow/.local/lib/python3.12/site-packages/airflow/example_dags/example_python_decorator.py for tasks to queue
[2025-06-26T22:55:30.882+0000] {logging_mixin.py:190} INFO - [2025-06-26T22:55:30.881+0000] {dagbag.py:588} INFO - Filling up the DagBag from /home/airflow/.local/lib/python3.12/site-packages/airflow/example_dags/example_python_decorator.py
[2025-06-26T22:55:30.947+0000] {processor.py:925} INFO - DAG(s) 'example_python_decorator' retrieved from /home/airflow/.local/lib/python3.12/site-packages/airflow/example_dags/example_python_decorator.py
[2025-06-26T22:55:31.301+0000] {logging_mixin.py:190} INFO - [2025-06-26T22:55:31.298+0000] {override.py:1900} INFO - Created Permission View: can read on DAG:example_python_decorator
[2025-06-26T22:55:31.383+0000] {logging_mixin.py:190} INFO - [2025-06-26T22:55:31.381+0000] {override.py:1900} INFO - Created Permission View: can delete on DAG:example_python_decorator
[2025-06-26T22:55:31.397+0000] {logging_mixin.py:190} INFO - [2025-06-26T22:55:31.396+0000] {override.py:1900} INFO - Created Permission View: can edit on DAG:example_python_decorator
[2025-06-26T22:55:31.407+0000] {logging_mixin.py:190} INFO - [2025-06-26T22:55:31.407+0000] {override.py:1900} INFO - Created Permission View: can read on DAG Run:example_python_decorator
[2025-06-26T22:55:31.420+0000] {logging_mixin.py:190} INFO - [2025-06-26T22:55:31.420+0000] {override.py:1900} INFO - Created Permission View: menu access on DAG Run:example_python_decorator
[2025-06-26T22:55:31.432+0000] {logging_mixin.py:190} INFO - [2025-06-26T22:55:31.432+0000] {override.py:1900} INFO - Created Permission View: can delete on DAG Run:example_python_decorator
[2025-06-26T22:55:31.440+0000] {logging_mixin.py:190} INFO - [2025-06-26T22:55:31.439+0000] {override.py:1900} INFO - Created Permission View: can create on DAG Run:example_python_decorator
[2025-06-26T22:55:31.443+0000] {logging_mixin.py:190} INFO - [2025-06-26T22:55:31.442+0000] {dag.py:3239} INFO - Sync 1 DAGs
[2025-06-26T22:55:31.469+0000] {logging_mixin.py:190} INFO - [2025-06-26T22:55:31.468+0000] {dag.py:3262} INFO - Creating ORM DAG for example_python_decorator
[2025-06-26T22:55:31.472+0000] {logging_mixin.py:190} INFO - [2025-06-26T22:55:31.471+0000] {dag.py:4180} INFO - Setting next_dagrun for example_python_decorator to None, run_after=None
[2025-06-26T22:55:31.517+0000] {processor.py:208} INFO - Processing /home/airflow/.local/lib/python3.12/site-packages/airflow/example_dags/example_python_decorator.py took 0.663 seconds
[2025-06-26T22:56:01.617+0000] {processor.py:186} INFO - Started process (PID=135) to work on /home/airflow/.local/lib/python3.12/site-packages/airflow/example_dags/example_python_decorator.py
[2025-06-26T22:56:01.620+0000] {processor.py:914} INFO - Processing file /home/airflow/.local/lib/python3.12/site-packages/airflow/example_dags/example_python_decorator.py for tasks to queue
[2025-06-26T22:56:01.626+0000] {logging_mixin.py:190} INFO - [2025-06-26T22:56:01.625+0000] {dagbag.py:588} INFO - Filling up the DagBag from /home/airflow/.local/lib/python3.12/site-packages/airflow/example_dags/example_python_decorator.py
[2025-06-26T22:56:01.644+0000] {processor.py:925} INFO - DAG(s) 'example_python_decorator' retrieved from /home/airflow/.local/lib/python3.12/site-packages/airflow/example_dags/example_python_decorator.py
[2025-06-26T22:56:01.680+0000] {logging_mixin.py:190} INFO - [2025-06-26T22:56:01.679+0000] {dag.py:3239} INFO - Sync 1 DAGs
[2025-06-26T22:56:01.721+0000] {logging_mixin.py:190} INFO - [2025-06-26T22:56:01.720+0000] {dag.py:4180} INFO - Setting next_dagrun for example_python_decorator to None, run_after=None
[2025-06-26T22:56:01.850+0000] {processor.py:208} INFO - Processing /home/airflow/.local/lib/python3.12/site-packages/airflow/example_dags/example_python_decorator.py took 0.240 seconds
[2025-06-26T22:56:32.372+0000] {processor.py:186} INFO - Started process (PID=197) to work on /home/airflow/.local/lib/python3.12/site-packages/airflow/example_dags/example_python_decorator.py
[2025-06-26T22:56:32.374+0000] {processor.py:914} INFO - Processing file /home/airflow/.local/lib/python3.12/site-packages/airflow/example_dags/example_python_decorator.py for tasks to queue
[2025-06-26T22:56:32.377+0000] {logging_mixin.py:190} INFO - [2025-06-26T22:56:32.376+0000] {dagbag.py:588} INFO - Filling up the DagBag from /home/airflow/.local/lib/python3.12/site-packages/airflow/example_dags/example_python_decorator.py
[2025-06-26T22:56:32.411+0000] {processor.py:925} INFO - DAG(s) 'example_python_decorator' retrieved from /home/airflow/.local/lib/python3.12/site-packages/airflow/example_dags/example_python_decorator.py
[2025-06-26T22:56:32.443+0000] {logging_mixin.py:190} INFO - [2025-06-26T22:56:32.443+0000] {dag.py:3239} INFO - Sync 1 DAGs
[2025-06-26T22:56:32.457+0000] {logging_mixin.py:190} INFO - [2025-06-26T22:56:32.457+0000] {dag.py:4180} INFO - Setting next_dagrun for example_python_decorator to None, run_after=None
[2025-06-26T22:56:32.477+0000] {processor.py:208} INFO - Processing /home/airflow/.local/lib/python3.12/site-packages/airflow/example_dags/example_python_decorator.py took 0.110 seconds
[2025-06-26T22:57:03.713+0000] {processor.py:186} INFO - Started process (PID=258) to work on /home/airflow/.local/lib/python3.12/site-packages/airflow/example_dags/example_python_decorator.py
[2025-06-26T22:57:03.715+0000] {processor.py:914} INFO - Processing file /home/airflow/.local/lib/python3.12/site-packages/airflow/example_dags/example_python_decorator.py for tasks to queue
[2025-06-26T22:57:03.728+0000] {logging_mixin.py:190} INFO - [2025-06-26T22:57:03.727+0000] {dagbag.py:588} INFO - Filling up the DagBag from /home/airflow/.local/lib/python3.12/site-packages/airflow/example_dags/example_python_decorator.py
[2025-06-26T22:57:03.810+0000] {processor.py:925} INFO - DAG(s) 'example_python_decorator' retrieved from /home/airflow/.local/lib/python3.12/site-packages/airflow/example_dags/example_python_decorator.py
[2025-06-26T22:57:03.900+0000] {logging_mixin.py:190} INFO - [2025-06-26T22:57:03.900+0000] {dag.py:3239} INFO - Sync 1 DAGs
[2025-06-26T22:57:03.956+0000] {logging_mixin.py:190} INFO - [2025-06-26T22:57:03.956+0000] {dag.py:4180} INFO - Setting next_dagrun for example_python_decorator to None, run_after=None
[2025-06-26T22:57:04.024+0000] {processor.py:208} INFO - Processing /home/airflow/.local/lib/python3.12/site-packages/airflow/example_dags/example_python_decorator.py took 0.331 seconds
[2025-06-26T22:57:34.719+0000] {processor.py:186} INFO - Started process (PID=320) to work on /home/airflow/.local/lib/python3.12/site-packages/airflow/example_dags/example_python_decorator.py
[2025-06-26T22:57:34.722+0000] {processor.py:914} INFO - Processing file /home/airflow/.local/lib/python3.12/site-packages/airflow/example_dags/example_python_decorator.py for tasks to queue
[2025-06-26T22:57:34.730+0000] {logging_mixin.py:190} INFO - [2025-06-26T22:57:34.729+0000] {dagbag.py:588} INFO - Filling up the DagBag from /home/airflow/.local/lib/python3.12/site-packages/airflow/example_dags/example_python_decorator.py
[2025-06-26T22:57:34.762+0000] {processor.py:925} INFO - DAG(s) 'example_python_decorator' retrieved from /home/airflow/.local/lib/python3.12/site-packages/airflow/example_dags/example_python_decorator.py
[2025-06-26T22:57:34.823+0000] {logging_mixin.py:190} INFO - [2025-06-26T22:57:34.822+0000] {dag.py:3239} INFO - Sync 1 DAGs
[2025-06-26T22:57:34.858+0000] {logging_mixin.py:190} INFO - [2025-06-26T22:57:34.857+0000] {dag.py:4180} INFO - Setting next_dagrun for example_python_decorator to None, run_after=None
[2025-06-26T22:57:34.917+0000] {processor.py:208} INFO - Processing /home/airflow/.local/lib/python3.12/site-packages/airflow/example_dags/example_python_decorator.py took 0.205 seconds
[2025-06-26T22:58:26.117+0000] {processor.py:186} INFO - Started process (PID=382) to work on /home/airflow/.local/lib/python3.12/site-packages/airflow/example_dags/example_python_decorator.py
[2025-06-26T22:58:26.128+0000] {processor.py:914} INFO - Processing file /home/airflow/.local/lib/python3.12/site-packages/airflow/example_dags/example_python_decorator.py for tasks to queue
[2025-06-26T22:58:26.136+0000] {logging_mixin.py:190} INFO - [2025-06-26T22:58:26.135+0000] {dagbag.py:588} INFO - Filling up the DagBag from /home/airflow/.local/lib/python3.12/site-packages/airflow/example_dags/example_python_decorator.py
[2025-06-26T22:58:26.186+0000] {processor.py:925} INFO - DAG(s) 'example_python_decorator' retrieved from /home/airflow/.local/lib/python3.12/site-packages/airflow/example_dags/example_python_decorator.py
[2025-06-26T22:58:26.271+0000] {logging_mixin.py:190} INFO - [2025-06-26T22:58:26.270+0000] {dag.py:3239} INFO - Sync 1 DAGs
[2025-06-26T22:58:26.305+0000] {logging_mixin.py:190} INFO - [2025-06-26T22:58:26.304+0000] {dag.py:4180} INFO - Setting next_dagrun for example_python_decorator to None, run_after=None
[2025-06-26T22:58:26.333+0000] {processor.py:208} INFO - Processing /home/airflow/.local/lib/python3.12/site-packages/airflow/example_dags/example_python_decorator.py took 0.231 seconds
[2025-06-26T22:59:00.819+0000] {processor.py:186} INFO - Started process (PID=427) to work on /home/airflow/.local/lib/python3.12/site-packages/airflow/example_dags/example_python_decorator.py
[2025-06-26T22:59:00.826+0000] {processor.py:914} INFO - Processing file /home/airflow/.local/lib/python3.12/site-packages/airflow/example_dags/example_python_decorator.py for tasks to queue
[2025-06-26T22:59:00.836+0000] {logging_mixin.py:190} INFO - [2025-06-26T22:59:00.833+0000] {dagbag.py:588} INFO - Filling up the DagBag from /home/airflow/.local/lib/python3.12/site-packages/airflow/example_dags/example_python_decorator.py
[2025-06-26T22:59:00.897+0000] {processor.py:925} INFO - DAG(s) 'example_python_decorator' retrieved from /home/airflow/.local/lib/python3.12/site-packages/airflow/example_dags/example_python_decorator.py
[2025-06-26T22:59:00.956+0000] {logging_mixin.py:190} INFO - [2025-06-26T22:59:00.954+0000] {dag.py:3239} INFO - Sync 1 DAGs
[2025-06-26T22:59:01.021+0000] {logging_mixin.py:190} INFO - [2025-06-26T22:59:01.021+0000] {dag.py:4180} INFO - Setting next_dagrun for example_python_decorator to None, run_after=None
[2025-06-26T22:59:01.077+0000] {processor.py:208} INFO - Processing /home/airflow/.local/lib/python3.12/site-packages/airflow/example_dags/example_python_decorator.py took 0.295 seconds
[2025-06-26T22:59:39.686+0000] {processor.py:186} INFO - Started process (PID=489) to work on /home/airflow/.local/lib/python3.12/site-packages/airflow/example_dags/example_python_decorator.py
[2025-06-26T22:59:39.691+0000] {processor.py:914} INFO - Processing file /home/airflow/.local/lib/python3.12/site-packages/airflow/example_dags/example_python_decorator.py for tasks to queue
[2025-06-26T22:59:39.696+0000] {logging_mixin.py:190} INFO - [2025-06-26T22:59:39.695+0000] {dagbag.py:588} INFO - Filling up the DagBag from /home/airflow/.local/lib/python3.12/site-packages/airflow/example_dags/example_python_decorator.py
[2025-06-26T22:59:39.724+0000] {processor.py:925} INFO - DAG(s) 'example_python_decorator' retrieved from /home/airflow/.local/lib/python3.12/site-packages/airflow/example_dags/example_python_decorator.py
[2025-06-26T22:59:39.746+0000] {logging_mixin.py:190} INFO - [2025-06-26T22:59:39.745+0000] {dag.py:3239} INFO - Sync 1 DAGs
[2025-06-26T22:59:39.760+0000] {logging_mixin.py:190} INFO - [2025-06-26T22:59:39.759+0000] {dag.py:4180} INFO - Setting next_dagrun for example_python_decorator to None, run_after=None
[2025-06-26T22:59:39.788+0000] {processor.py:208} INFO - Processing /home/airflow/.local/lib/python3.12/site-packages/airflow/example_dags/example_python_decorator.py took 0.110 seconds
[2025-06-26T23:00:10.660+0000] {processor.py:186} INFO - Started process (PID=550) to work on /home/airflow/.local/lib/python3.12/site-packages/airflow/example_dags/example_python_decorator.py
[2025-06-26T23:00:10.663+0000] {processor.py:914} INFO - Processing file /home/airflow/.local/lib/python3.12/site-packages/airflow/example_dags/example_python_decorator.py for tasks to queue
[2025-06-26T23:00:10.666+0000] {logging_mixin.py:190} INFO - [2025-06-26T23:00:10.666+0000] {dagbag.py:588} INFO - Filling up the DagBag from /home/airflow/.local/lib/python3.12/site-packages/airflow/example_dags/example_python_decorator.py
[2025-06-26T23:00:10.701+0000] {processor.py:925} INFO - DAG(s) 'example_python_decorator' retrieved from /home/airflow/.local/lib/python3.12/site-packages/airflow/example_dags/example_python_decorator.py
[2025-06-26T23:00:10.737+0000] {logging_mixin.py:190} INFO - [2025-06-26T23:00:10.737+0000] {dag.py:3239} INFO - Sync 1 DAGs
[2025-06-26T23:00:10.748+0000] {logging_mixin.py:190} INFO - [2025-06-26T23:00:10.748+0000] {dag.py:4180} INFO - Setting next_dagrun for example_python_decorator to None, run_after=None
[2025-06-26T23:00:10.778+0000] {processor.py:208} INFO - Processing /home/airflow/.local/lib/python3.12/site-packages/airflow/example_dags/example_python_decorator.py took 0.123 seconds
[2025-06-26T23:00:43.674+0000] {processor.py:186} INFO - Started process (PID=617) to work on /home/airflow/.local/lib/python3.12/site-packages/airflow/example_dags/example_python_decorator.py
[2025-06-26T23:00:43.676+0000] {processor.py:914} INFO - Processing file /home/airflow/.local/lib/python3.12/site-packages/airflow/example_dags/example_python_decorator.py for tasks to queue
[2025-06-26T23:00:43.680+0000] {logging_mixin.py:190} INFO - [2025-06-26T23:00:43.679+0000] {dagbag.py:588} INFO - Filling up the DagBag from /home/airflow/.local/lib/python3.12/site-packages/airflow/example_dags/example_python_decorator.py
[2025-06-26T23:00:43.712+0000] {processor.py:925} INFO - DAG(s) 'example_python_decorator' retrieved from /home/airflow/.local/lib/python3.12/site-packages/airflow/example_dags/example_python_decorator.py
[2025-06-26T23:00:43.750+0000] {logging_mixin.py:190} INFO - [2025-06-26T23:00:43.749+0000] {dag.py:3239} INFO - Sync 1 DAGs
[2025-06-26T23:00:43.768+0000] {logging_mixin.py:190} INFO - [2025-06-26T23:00:43.768+0000] {dag.py:4180} INFO - Setting next_dagrun for example_python_decorator to None, run_after=None
[2025-06-26T23:00:43.788+0000] {processor.py:208} INFO - Processing /home/airflow/.local/lib/python3.12/site-packages/airflow/example_dags/example_python_decorator.py took 0.126 seconds
[2025-06-26T23:01:16.430+0000] {processor.py:186} INFO - Started process (PID=679) to work on /home/airflow/.local/lib/python3.12/site-packages/airflow/example_dags/example_python_decorator.py
[2025-06-26T23:01:16.436+0000] {processor.py:914} INFO - Processing file /home/airflow/.local/lib/python3.12/site-packages/airflow/example_dags/example_python_decorator.py for tasks to queue
[2025-06-26T23:01:16.442+0000] {logging_mixin.py:190} INFO - [2025-06-26T23:01:16.441+0000] {dagbag.py:588} INFO - Filling up the DagBag from /home/airflow/.local/lib/python3.12/site-packages/airflow/example_dags/example_python_decorator.py
[2025-06-26T23:01:16.473+0000] {processor.py:925} INFO - DAG(s) 'example_python_decorator' retrieved from /home/airflow/.local/lib/python3.12/site-packages/airflow/example_dags/example_python_decorator.py
[2025-06-26T23:01:16.512+0000] {logging_mixin.py:190} INFO - [2025-06-26T23:01:16.512+0000] {dag.py:3239} INFO - Sync 1 DAGs
[2025-06-26T23:01:16.532+0000] {logging_mixin.py:190} INFO - [2025-06-26T23:01:16.532+0000] {dag.py:4180} INFO - Setting next_dagrun for example_python_decorator to None, run_after=None
[2025-06-26T23:01:16.561+0000] {processor.py:208} INFO - Processing /home/airflow/.local/lib/python3.12/site-packages/airflow/example_dags/example_python_decorator.py took 0.142 seconds
[2025-06-26T23:01:46.980+0000] {processor.py:186} INFO - Started process (PID=741) to work on /home/airflow/.local/lib/python3.12/site-packages/airflow/example_dags/example_python_decorator.py
[2025-06-26T23:01:46.982+0000] {processor.py:914} INFO - Processing file /home/airflow/.local/lib/python3.12/site-packages/airflow/example_dags/example_python_decorator.py for tasks to queue
[2025-06-26T23:01:46.984+0000] {logging_mixin.py:190} INFO - [2025-06-26T23:01:46.984+0000] {dagbag.py:588} INFO - Filling up the DagBag from /home/airflow/.local/lib/python3.12/site-packages/airflow/example_dags/example_python_decorator.py
[2025-06-26T23:01:46.993+0000] {processor.py:925} INFO - DAG(s) 'example_python_decorator' retrieved from /home/airflow/.local/lib/python3.12/site-packages/airflow/example_dags/example_python_decorator.py
[2025-06-26T23:01:47.013+0000] {logging_mixin.py:190} INFO - [2025-06-26T23:01:47.013+0000] {dag.py:3239} INFO - Sync 1 DAGs
[2025-06-26T23:01:47.022+0000] {logging_mixin.py:190} INFO - [2025-06-26T23:01:47.022+0000] {dag.py:4180} INFO - Setting next_dagrun for example_python_decorator to None, run_after=None
[2025-06-26T23:01:47.030+0000] {processor.py:208} INFO - Processing /home/airflow/.local/lib/python3.12/site-packages/airflow/example_dags/example_python_decorator.py took 0.053 seconds
[2025-06-26T23:02:18.341+0000] {processor.py:186} INFO - Started process (PID=800) to work on /home/airflow/.local/lib/python3.12/site-packages/airflow/example_dags/example_python_decorator.py
[2025-06-26T23:02:18.345+0000] {processor.py:914} INFO - Processing file /home/airflow/.local/lib/python3.12/site-packages/airflow/example_dags/example_python_decorator.py for tasks to queue
[2025-06-26T23:02:18.352+0000] {logging_mixin.py:190} INFO - [2025-06-26T23:02:18.350+0000] {dagbag.py:588} INFO - Filling up the DagBag from /home/airflow/.local/lib/python3.12/site-packages/airflow/example_dags/example_python_decorator.py
[2025-06-26T23:02:18.390+0000] {processor.py:925} INFO - DAG(s) 'example_python_decorator' retrieved from /home/airflow/.local/lib/python3.12/site-packages/airflow/example_dags/example_python_decorator.py
[2025-06-26T23:02:18.453+0000] {logging_mixin.py:190} INFO - [2025-06-26T23:02:18.452+0000] {dag.py:3239} INFO - Sync 1 DAGs
[2025-06-26T23:02:18.491+0000] {logging_mixin.py:190} INFO - [2025-06-26T23:02:18.490+0000] {dag.py:4180} INFO - Setting next_dagrun for example_python_decorator to None, run_after=None
[2025-06-26T23:02:18.528+0000] {processor.py:208} INFO - Processing /home/airflow/.local/lib/python3.12/site-packages/airflow/example_dags/example_python_decorator.py took 0.199 seconds
[2025-06-26T23:02:53.777+0000] {processor.py:186} INFO - Started process (PID=862) to work on /home/airflow/.local/lib/python3.12/site-packages/airflow/example_dags/example_python_decorator.py
[2025-06-26T23:02:53.780+0000] {processor.py:914} INFO - Processing file /home/airflow/.local/lib/python3.12/site-packages/airflow/example_dags/example_python_decorator.py for tasks to queue
[2025-06-26T23:02:53.786+0000] {logging_mixin.py:190} INFO - [2025-06-26T23:02:53.785+0000] {dagbag.py:588} INFO - Filling up the DagBag from /home/airflow/.local/lib/python3.12/site-packages/airflow/example_dags/example_python_decorator.py
[2025-06-26T23:02:53.813+0000] {processor.py:925} INFO - DAG(s) 'example_python_decorator' retrieved from /home/airflow/.local/lib/python3.12/site-packages/airflow/example_dags/example_python_decorator.py
[2025-06-26T23:02:53.845+0000] {logging_mixin.py:190} INFO - [2025-06-26T23:02:53.845+0000] {dag.py:3239} INFO - Sync 1 DAGs
[2025-06-26T23:02:53.863+0000] {logging_mixin.py:190} INFO - [2025-06-26T23:02:53.863+0000] {dag.py:4180} INFO - Setting next_dagrun for example_python_decorator to None, run_after=None
[2025-06-26T23:02:53.881+0000] {processor.py:208} INFO - Processing /home/airflow/.local/lib/python3.12/site-packages/airflow/example_dags/example_python_decorator.py took 0.120 seconds
[2025-06-26T23:03:40.602+0000] {processor.py:186} INFO - Started process (PID=924) to work on /home/airflow/.local/lib/python3.12/site-packages/airflow/example_dags/example_python_decorator.py
[2025-06-26T23:03:40.605+0000] {processor.py:914} INFO - Processing file /home/airflow/.local/lib/python3.12/site-packages/airflow/example_dags/example_python_decorator.py for tasks to queue
[2025-06-26T23:03:40.608+0000] {logging_mixin.py:190} INFO - [2025-06-26T23:03:40.607+0000] {dagbag.py:588} INFO - Filling up the DagBag from /home/airflow/.local/lib/python3.12/site-packages/airflow/example_dags/example_python_decorator.py
[2025-06-26T23:03:40.626+0000] {processor.py:925} INFO - DAG(s) 'example_python_decorator' retrieved from /home/airflow/.local/lib/python3.12/site-packages/airflow/example_dags/example_python_decorator.py
[2025-06-26T23:03:40.645+0000] {logging_mixin.py:190} INFO - [2025-06-26T23:03:40.645+0000] {dag.py:3239} INFO - Sync 1 DAGs
[2025-06-26T23:03:40.656+0000] {logging_mixin.py:190} INFO - [2025-06-26T23:03:40.656+0000] {dag.py:4180} INFO - Setting next_dagrun for example_python_decorator to None, run_after=None
[2025-06-26T23:03:40.675+0000] {processor.py:208} INFO - Processing /home/airflow/.local/lib/python3.12/site-packages/airflow/example_dags/example_python_decorator.py took 0.083 seconds
[2025-06-26T23:04:33.293+0000] {processor.py:186} INFO - Started process (PID=995) to work on /home/airflow/.local/lib/python3.12/site-packages/airflow/example_dags/example_python_decorator.py
[2025-06-26T23:04:33.294+0000] {processor.py:914} INFO - Processing file /home/airflow/.local/lib/python3.12/site-packages/airflow/example_dags/example_python_decorator.py for tasks to queue
[2025-06-26T23:04:33.296+0000] {logging_mixin.py:190} INFO - [2025-06-26T23:04:33.296+0000] {dagbag.py:588} INFO - Filling up the DagBag from /home/airflow/.local/lib/python3.12/site-packages/airflow/example_dags/example_python_decorator.py
[2025-06-26T23:04:33.308+0000] {processor.py:925} INFO - DAG(s) 'example_python_decorator' retrieved from /home/airflow/.local/lib/python3.12/site-packages/airflow/example_dags/example_python_decorator.py
[2025-06-26T23:04:33.322+0000] {logging_mixin.py:190} INFO - [2025-06-26T23:04:33.322+0000] {dag.py:3239} INFO - Sync 1 DAGs
[2025-06-26T23:04:33.331+0000] {logging_mixin.py:190} INFO - [2025-06-26T23:04:33.330+0000] {dag.py:4180} INFO - Setting next_dagrun for example_python_decorator to None, run_after=None
[2025-06-26T23:04:33.341+0000] {processor.py:208} INFO - Processing /home/airflow/.local/lib/python3.12/site-packages/airflow/example_dags/example_python_decorator.py took 0.053 seconds
[2025-06-26T23:05:10.383+0000] {processor.py:186} INFO - Started process (PID=1062) to work on /home/airflow/.local/lib/python3.12/site-packages/airflow/example_dags/example_python_decorator.py
[2025-06-26T23:05:10.385+0000] {processor.py:914} INFO - Processing file /home/airflow/.local/lib/python3.12/site-packages/airflow/example_dags/example_python_decorator.py for tasks to queue
[2025-06-26T23:05:10.389+0000] {logging_mixin.py:190} INFO - [2025-06-26T23:05:10.389+0000] {dagbag.py:588} INFO - Filling up the DagBag from /home/airflow/.local/lib/python3.12/site-packages/airflow/example_dags/example_python_decorator.py
[2025-06-26T23:05:10.408+0000] {processor.py:925} INFO - DAG(s) 'example_python_decorator' retrieved from /home/airflow/.local/lib/python3.12/site-packages/airflow/example_dags/example_python_decorator.py
[2025-06-26T23:05:10.423+0000] {logging_mixin.py:190} INFO - [2025-06-26T23:05:10.423+0000] {dag.py:3239} INFO - Sync 1 DAGs
[2025-06-26T23:05:10.432+0000] {logging_mixin.py:190} INFO - [2025-06-26T23:05:10.432+0000] {dag.py:4180} INFO - Setting next_dagrun for example_python_decorator to None, run_after=None
[2025-06-26T23:05:10.445+0000] {processor.py:208} INFO - Processing /home/airflow/.local/lib/python3.12/site-packages/airflow/example_dags/example_python_decorator.py took 0.067 seconds
[2025-06-26T23:05:41.624+0000] {processor.py:186} INFO - Started process (PID=1124) to work on /home/airflow/.local/lib/python3.12/site-packages/airflow/example_dags/example_python_decorator.py
[2025-06-26T23:05:41.630+0000] {processor.py:914} INFO - Processing file /home/airflow/.local/lib/python3.12/site-packages/airflow/example_dags/example_python_decorator.py for tasks to queue
[2025-06-26T23:05:41.635+0000] {logging_mixin.py:190} INFO - [2025-06-26T23:05:41.634+0000] {dagbag.py:588} INFO - Filling up the DagBag from /home/airflow/.local/lib/python3.12/site-packages/airflow/example_dags/example_python_decorator.py
[2025-06-26T23:05:41.663+0000] {processor.py:925} INFO - DAG(s) 'example_python_decorator' retrieved from /home/airflow/.local/lib/python3.12/site-packages/airflow/example_dags/example_python_decorator.py
[2025-06-26T23:05:41.750+0000] {logging_mixin.py:190} INFO - [2025-06-26T23:05:41.750+0000] {dag.py:3239} INFO - Sync 1 DAGs
[2025-06-26T23:05:41.773+0000] {logging_mixin.py:190} INFO - [2025-06-26T23:05:41.773+0000] {dag.py:4180} INFO - Setting next_dagrun for example_python_decorator to None, run_after=None
[2025-06-26T23:05:41.805+0000] {processor.py:208} INFO - Processing /home/airflow/.local/lib/python3.12/site-packages/airflow/example_dags/example_python_decorator.py took 0.191 seconds
[2025-06-26T23:06:12.306+0000] {processor.py:186} INFO - Started process (PID=1186) to work on /home/airflow/.local/lib/python3.12/site-packages/airflow/example_dags/example_python_decorator.py
[2025-06-26T23:06:12.309+0000] {processor.py:914} INFO - Processing file /home/airflow/.local/lib/python3.12/site-packages/airflow/example_dags/example_python_decorator.py for tasks to queue
[2025-06-26T23:06:12.314+0000] {logging_mixin.py:190} INFO - [2025-06-26T23:06:12.313+0000] {dagbag.py:588} INFO - Filling up the DagBag from /home/airflow/.local/lib/python3.12/site-packages/airflow/example_dags/example_python_decorator.py
[2025-06-26T23:06:12.350+0000] {processor.py:925} INFO - DAG(s) 'example_python_decorator' retrieved from /home/airflow/.local/lib/python3.12/site-packages/airflow/example_dags/example_python_decorator.py
[2025-06-26T23:06:12.426+0000] {logging_mixin.py:190} INFO - [2025-06-26T23:06:12.424+0000] {dag.py:3239} INFO - Sync 1 DAGs
[2025-06-26T23:06:12.437+0000] {logging_mixin.py:190} INFO - [2025-06-26T23:06:12.437+0000] {dag.py:4180} INFO - Setting next_dagrun for example_python_decorator to None, run_after=None
[2025-06-26T23:06:12.459+0000] {processor.py:208} INFO - Processing /home/airflow/.local/lib/python3.12/site-packages/airflow/example_dags/example_python_decorator.py took 0.165 seconds
[2025-06-26T23:06:44.653+0000] {processor.py:186} INFO - Started process (PID=1248) to work on /home/airflow/.local/lib/python3.12/site-packages/airflow/example_dags/example_python_decorator.py
[2025-06-26T23:06:44.655+0000] {processor.py:914} INFO - Processing file /home/airflow/.local/lib/python3.12/site-packages/airflow/example_dags/example_python_decorator.py for tasks to queue
[2025-06-26T23:06:44.660+0000] {logging_mixin.py:190} INFO - [2025-06-26T23:06:44.660+0000] {dagbag.py:588} INFO - Filling up the DagBag from /home/airflow/.local/lib/python3.12/site-packages/airflow/example_dags/example_python_decorator.py
[2025-06-26T23:06:44.684+0000] {processor.py:925} INFO - DAG(s) 'example_python_decorator' retrieved from /home/airflow/.local/lib/python3.12/site-packages/airflow/example_dags/example_python_decorator.py
[2025-06-26T23:06:44.711+0000] {logging_mixin.py:190} INFO - [2025-06-26T23:06:44.711+0000] {dag.py:3239} INFO - Sync 1 DAGs
[2025-06-26T23:06:44.725+0000] {logging_mixin.py:190} INFO - [2025-06-26T23:06:44.725+0000] {dag.py:4180} INFO - Setting next_dagrun for example_python_decorator to None, run_after=None
[2025-06-26T23:06:44.739+0000] {processor.py:208} INFO - Processing /home/airflow/.local/lib/python3.12/site-packages/airflow/example_dags/example_python_decorator.py took 0.092 seconds
[2025-06-26T23:07:16.983+0000] {processor.py:186} INFO - Started process (PID=1310) to work on /home/airflow/.local/lib/python3.12/site-packages/airflow/example_dags/example_python_decorator.py
[2025-06-26T23:07:16.984+0000] {processor.py:914} INFO - Processing file /home/airflow/.local/lib/python3.12/site-packages/airflow/example_dags/example_python_decorator.py for tasks to queue
[2025-06-26T23:07:16.988+0000] {logging_mixin.py:190} INFO - [2025-06-26T23:07:16.988+0000] {dagbag.py:588} INFO - Filling up the DagBag from /home/airflow/.local/lib/python3.12/site-packages/airflow/example_dags/example_python_decorator.py
[2025-06-26T23:07:17.010+0000] {processor.py:925} INFO - DAG(s) 'example_python_decorator' retrieved from /home/airflow/.local/lib/python3.12/site-packages/airflow/example_dags/example_python_decorator.py
[2025-06-26T23:07:17.033+0000] {logging_mixin.py:190} INFO - [2025-06-26T23:07:17.033+0000] {dag.py:3239} INFO - Sync 1 DAGs
[2025-06-26T23:07:17.045+0000] {logging_mixin.py:190} INFO - [2025-06-26T23:07:17.044+0000] {dag.py:4180} INFO - Setting next_dagrun for example_python_decorator to None, run_after=None
[2025-06-26T23:07:17.056+0000] {processor.py:208} INFO - Processing /home/airflow/.local/lib/python3.12/site-packages/airflow/example_dags/example_python_decorator.py took 0.086 seconds
