[2025-06-26T22:55:23.639+0000] {processor.py:186} INFO - Started process (PID=65) to work on /home/airflow/.local/lib/python3.12/site-packages/airflow/example_dags/example_xcomargs.py
[2025-06-26T22:55:23.661+0000] {processor.py:914} INFO - Processing file /home/airflow/.local/lib/python3.12/site-packages/airflow/example_dags/example_xcomargs.py for tasks to queue
[2025-06-26T22:55:23.692+0000] {logging_mixin.py:190} INFO - [2025-06-26T22:55:23.688+0000] {dagbag.py:588} INFO - Filling up the DagBag from /home/airflow/.local/lib/python3.12/site-packages/airflow/example_dags/example_xcomargs.py
[2025-06-26T22:55:23.829+0000] {processor.py:925} INFO - DAG(s) 'example_xcom_args_with_operators', 'example_xcom_args' retrieved from /home/airflow/.local/lib/python3.12/site-packages/airflow/example_dags/example_xcomargs.py
[2025-06-26T22:55:24.576+0000] {logging_mixin.py:190} INFO - [2025-06-26T22:55:24.570+0000] {override.py:1900} INFO - Created Permission View: can read on DAG:example_xcom_args_with_operators
[2025-06-26T22:55:24.604+0000] {logging_mixin.py:190} INFO - [2025-06-26T22:55:24.603+0000] {override.py:1900} INFO - Created Permission View: can delete on DAG:example_xcom_args_with_operators
[2025-06-26T22:55:24.615+0000] {logging_mixin.py:190} INFO - [2025-06-26T22:55:24.614+0000] {override.py:1900} INFO - Created Permission View: can edit on DAG:example_xcom_args_with_operators
[2025-06-26T22:55:24.623+0000] {logging_mixin.py:190} INFO - [2025-06-26T22:55:24.623+0000] {override.py:1900} INFO - Created Permission View: can read on DAG Run:example_xcom_args_with_operators
[2025-06-26T22:55:24.633+0000] {logging_mixin.py:190} INFO - [2025-06-26T22:55:24.633+0000] {override.py:1900} INFO - Created Permission View: menu access on DAG Run:example_xcom_args_with_operators
[2025-06-26T22:55:24.644+0000] {logging_mixin.py:190} INFO - [2025-06-26T22:55:24.644+0000] {override.py:1900} INFO - Created Permission View: can delete on DAG Run:example_xcom_args_with_operators
[2025-06-26T22:55:24.658+0000] {logging_mixin.py:190} INFO - [2025-06-26T22:55:24.657+0000] {override.py:1900} INFO - Created Permission View: can create on DAG Run:example_xcom_args_with_operators
[2025-06-26T22:55:24.737+0000] {logging_mixin.py:190} INFO - [2025-06-26T22:55:24.735+0000] {override.py:1900} INFO - Created Permission View: can read on DAG:example_xcom_args
[2025-06-26T22:55:24.748+0000] {logging_mixin.py:190} INFO - [2025-06-26T22:55:24.747+0000] {override.py:1900} INFO - Created Permission View: can delete on DAG:example_xcom_args
[2025-06-26T22:55:24.760+0000] {logging_mixin.py:190} INFO - [2025-06-26T22:55:24.759+0000] {override.py:1900} INFO - Created Permission View: can edit on DAG:example_xcom_args
[2025-06-26T22:55:24.776+0000] {logging_mixin.py:190} INFO - [2025-06-26T22:55:24.775+0000] {override.py:1900} INFO - Created Permission View: can read on DAG Run:example_xcom_args
[2025-06-26T22:55:24.788+0000] {logging_mixin.py:190} INFO - [2025-06-26T22:55:24.788+0000] {override.py:1900} INFO - Created Permission View: menu access on DAG Run:example_xcom_args
[2025-06-26T22:55:24.803+0000] {logging_mixin.py:190} INFO - [2025-06-26T22:55:24.802+0000] {override.py:1900} INFO - Created Permission View: can delete on DAG Run:example_xcom_args
[2025-06-26T22:55:24.831+0000] {logging_mixin.py:190} INFO - [2025-06-26T22:55:24.828+0000] {override.py:1900} INFO - Created Permission View: can create on DAG Run:example_xcom_args
[2025-06-26T22:55:24.837+0000] {logging_mixin.py:190} INFO - [2025-06-26T22:55:24.835+0000] {dag.py:3239} INFO - Sync 2 DAGs
[2025-06-26T22:55:24.892+0000] {logging_mixin.py:190} INFO - [2025-06-26T22:55:24.892+0000] {dag.py:3262} INFO - Creating ORM DAG for example_xcom_args_with_operators
[2025-06-26T22:55:24.894+0000] {logging_mixin.py:190} INFO - [2025-06-26T22:55:24.894+0000] {dag.py:3262} INFO - Creating ORM DAG for example_xcom_args
[2025-06-26T22:55:24.901+0000] {logging_mixin.py:190} INFO - [2025-06-26T22:55:24.898+0000] {dag.py:4180} INFO - Setting next_dagrun for example_xcom_args to None, run_after=None
[2025-06-26T22:55:24.905+0000] {logging_mixin.py:190} INFO - [2025-06-26T22:55:24.905+0000] {dag.py:4180} INFO - Setting next_dagrun for example_xcom_args_with_operators to None, run_after=None
[2025-06-26T22:55:25.112+0000] {processor.py:208} INFO - Processing /home/airflow/.local/lib/python3.12/site-packages/airflow/example_dags/example_xcomargs.py took 1.563 seconds
[2025-06-26T22:55:55.414+0000] {processor.py:186} INFO - Started process (PID=127) to work on /home/airflow/.local/lib/python3.12/site-packages/airflow/example_dags/example_xcomargs.py
[2025-06-26T22:55:55.416+0000] {processor.py:914} INFO - Processing file /home/airflow/.local/lib/python3.12/site-packages/airflow/example_dags/example_xcomargs.py for tasks to queue
[2025-06-26T22:55:55.422+0000] {logging_mixin.py:190} INFO - [2025-06-26T22:55:55.421+0000] {dagbag.py:588} INFO - Filling up the DagBag from /home/airflow/.local/lib/python3.12/site-packages/airflow/example_dags/example_xcomargs.py
[2025-06-26T22:55:55.454+0000] {processor.py:925} INFO - DAG(s) 'example_xcom_args_with_operators', 'example_xcom_args' retrieved from /home/airflow/.local/lib/python3.12/site-packages/airflow/example_dags/example_xcomargs.py
[2025-06-26T22:55:55.536+0000] {logging_mixin.py:190} INFO - [2025-06-26T22:55:55.535+0000] {dag.py:3239} INFO - Sync 2 DAGs
[2025-06-26T22:55:55.579+0000] {logging_mixin.py:190} INFO - [2025-06-26T22:55:55.578+0000] {dag.py:4180} INFO - Setting next_dagrun for example_xcom_args to None, run_after=None
[2025-06-26T22:55:55.588+0000] {logging_mixin.py:190} INFO - [2025-06-26T22:55:55.588+0000] {dag.py:4180} INFO - Setting next_dagrun for example_xcom_args_with_operators to None, run_after=None
[2025-06-26T22:55:55.637+0000] {processor.py:208} INFO - Processing /home/airflow/.local/lib/python3.12/site-packages/airflow/example_dags/example_xcomargs.py took 0.242 seconds
[2025-06-26T22:56:25.816+0000] {processor.py:186} INFO - Started process (PID=189) to work on /home/airflow/.local/lib/python3.12/site-packages/airflow/example_dags/example_xcomargs.py
[2025-06-26T22:56:25.817+0000] {processor.py:914} INFO - Processing file /home/airflow/.local/lib/python3.12/site-packages/airflow/example_dags/example_xcomargs.py for tasks to queue
[2025-06-26T22:56:25.819+0000] {logging_mixin.py:190} INFO - [2025-06-26T22:56:25.818+0000] {dagbag.py:588} INFO - Filling up the DagBag from /home/airflow/.local/lib/python3.12/site-packages/airflow/example_dags/example_xcomargs.py
[2025-06-26T22:56:25.829+0000] {processor.py:925} INFO - DAG(s) 'example_xcom_args', 'example_xcom_args_with_operators' retrieved from /home/airflow/.local/lib/python3.12/site-packages/airflow/example_dags/example_xcomargs.py
[2025-06-26T22:56:25.845+0000] {logging_mixin.py:190} INFO - [2025-06-26T22:56:25.845+0000] {dag.py:3239} INFO - Sync 2 DAGs
[2025-06-26T22:56:25.854+0000] {logging_mixin.py:190} INFO - [2025-06-26T22:56:25.854+0000] {dag.py:4180} INFO - Setting next_dagrun for example_xcom_args to None, run_after=None
[2025-06-26T22:56:25.855+0000] {logging_mixin.py:190} INFO - [2025-06-26T22:56:25.855+0000] {dag.py:4180} INFO - Setting next_dagrun for example_xcom_args_with_operators to None, run_after=None
[2025-06-26T22:56:25.863+0000] {processor.py:208} INFO - Processing /home/airflow/.local/lib/python3.12/site-packages/airflow/example_dags/example_xcomargs.py took 0.051 seconds
[2025-06-26T22:56:57.597+0000] {processor.py:186} INFO - Started process (PID=244) to work on /home/airflow/.local/lib/python3.12/site-packages/airflow/example_dags/example_xcomargs.py
[2025-06-26T22:56:57.599+0000] {processor.py:914} INFO - Processing file /home/airflow/.local/lib/python3.12/site-packages/airflow/example_dags/example_xcomargs.py for tasks to queue
[2025-06-26T22:56:57.622+0000] {logging_mixin.py:190} INFO - [2025-06-26T22:56:57.621+0000] {dagbag.py:588} INFO - Filling up the DagBag from /home/airflow/.local/lib/python3.12/site-packages/airflow/example_dags/example_xcomargs.py
[2025-06-26T22:56:57.682+0000] {processor.py:925} INFO - DAG(s) 'example_xcom_args_with_operators', 'example_xcom_args' retrieved from /home/airflow/.local/lib/python3.12/site-packages/airflow/example_dags/example_xcomargs.py
[2025-06-26T22:56:57.840+0000] {logging_mixin.py:190} INFO - [2025-06-26T22:56:57.839+0000] {dag.py:3239} INFO - Sync 2 DAGs
[2025-06-26T22:56:57.893+0000] {logging_mixin.py:190} INFO - [2025-06-26T22:56:57.893+0000] {dag.py:4180} INFO - Setting next_dagrun for example_xcom_args to None, run_after=None
[2025-06-26T22:56:57.904+0000] {logging_mixin.py:190} INFO - [2025-06-26T22:56:57.904+0000] {dag.py:4180} INFO - Setting next_dagrun for example_xcom_args_with_operators to None, run_after=None
[2025-06-26T22:56:57.977+0000] {processor.py:208} INFO - Processing /home/airflow/.local/lib/python3.12/site-packages/airflow/example_dags/example_xcomargs.py took 0.420 seconds
[2025-06-26T22:57:28.710+0000] {processor.py:186} INFO - Started process (PID=306) to work on /home/airflow/.local/lib/python3.12/site-packages/airflow/example_dags/example_xcomargs.py
[2025-06-26T22:57:28.713+0000] {processor.py:914} INFO - Processing file /home/airflow/.local/lib/python3.12/site-packages/airflow/example_dags/example_xcomargs.py for tasks to queue
[2025-06-26T22:57:28.719+0000] {logging_mixin.py:190} INFO - [2025-06-26T22:57:28.718+0000] {dagbag.py:588} INFO - Filling up the DagBag from /home/airflow/.local/lib/python3.12/site-packages/airflow/example_dags/example_xcomargs.py
[2025-06-26T22:57:28.785+0000] {processor.py:925} INFO - DAG(s) 'example_xcom_args', 'example_xcom_args_with_operators' retrieved from /home/airflow/.local/lib/python3.12/site-packages/airflow/example_dags/example_xcomargs.py
[2025-06-26T22:57:28.844+0000] {logging_mixin.py:190} INFO - [2025-06-26T22:57:28.843+0000] {dag.py:3239} INFO - Sync 2 DAGs
[2025-06-26T22:57:28.874+0000] {logging_mixin.py:190} INFO - [2025-06-26T22:57:28.873+0000] {dag.py:4180} INFO - Setting next_dagrun for example_xcom_args to None, run_after=None
[2025-06-26T22:57:28.878+0000] {logging_mixin.py:190} INFO - [2025-06-26T22:57:28.878+0000] {dag.py:4180} INFO - Setting next_dagrun for example_xcom_args_with_operators to None, run_after=None
[2025-06-26T22:57:28.939+0000] {processor.py:208} INFO - Processing /home/airflow/.local/lib/python3.12/site-packages/airflow/example_dags/example_xcomargs.py took 0.237 seconds
[2025-06-26T22:58:08.966+0000] {processor.py:186} INFO - Started process (PID=349) to work on /home/airflow/.local/lib/python3.12/site-packages/airflow/example_dags/example_xcomargs.py
[2025-06-26T22:58:08.973+0000] {processor.py:914} INFO - Processing file /home/airflow/.local/lib/python3.12/site-packages/airflow/example_dags/example_xcomargs.py for tasks to queue
[2025-06-26T22:58:08.984+0000] {logging_mixin.py:190} INFO - [2025-06-26T22:58:08.984+0000] {dagbag.py:588} INFO - Filling up the DagBag from /home/airflow/.local/lib/python3.12/site-packages/airflow/example_dags/example_xcomargs.py
[2025-06-26T22:58:09.071+0000] {processor.py:925} INFO - DAG(s) 'example_xcom_args', 'example_xcom_args_with_operators' retrieved from /home/airflow/.local/lib/python3.12/site-packages/airflow/example_dags/example_xcomargs.py
[2025-06-26T22:58:09.153+0000] {logging_mixin.py:190} INFO - [2025-06-26T22:58:09.153+0000] {dag.py:3239} INFO - Sync 2 DAGs
[2025-06-26T22:58:09.306+0000] {logging_mixin.py:190} INFO - [2025-06-26T22:58:09.302+0000] {dag.py:4180} INFO - Setting next_dagrun for example_xcom_args to None, run_after=None
[2025-06-26T22:58:09.329+0000] {logging_mixin.py:190} INFO - [2025-06-26T22:58:09.329+0000] {dag.py:4180} INFO - Setting next_dagrun for example_xcom_args_with_operators to None, run_after=None
[2025-06-26T22:58:09.435+0000] {processor.py:208} INFO - Processing /home/airflow/.local/lib/python3.12/site-packages/airflow/example_dags/example_xcomargs.py took 0.486 seconds
[2025-06-26T22:58:40.360+0000] {processor.py:186} INFO - Started process (PID=411) to work on /home/airflow/.local/lib/python3.12/site-packages/airflow/example_dags/example_xcomargs.py
[2025-06-26T22:58:40.373+0000] {processor.py:914} INFO - Processing file /home/airflow/.local/lib/python3.12/site-packages/airflow/example_dags/example_xcomargs.py for tasks to queue
[2025-06-26T22:58:40.383+0000] {logging_mixin.py:190} INFO - [2025-06-26T22:58:40.377+0000] {dagbag.py:588} INFO - Filling up the DagBag from /home/airflow/.local/lib/python3.12/site-packages/airflow/example_dags/example_xcomargs.py
[2025-06-26T22:58:40.481+0000] {processor.py:925} INFO - DAG(s) 'example_xcom_args_with_operators', 'example_xcom_args' retrieved from /home/airflow/.local/lib/python3.12/site-packages/airflow/example_dags/example_xcomargs.py
[2025-06-26T22:58:41.044+0000] {logging_mixin.py:190} INFO - [2025-06-26T22:58:41.029+0000] {dag.py:3239} INFO - Sync 2 DAGs
[2025-06-26T22:58:41.123+0000] {logging_mixin.py:190} INFO - [2025-06-26T22:58:41.118+0000] {dag.py:4180} INFO - Setting next_dagrun for example_xcom_args to None, run_after=None
[2025-06-26T22:58:41.263+0000] {logging_mixin.py:190} INFO - [2025-06-26T22:58:41.248+0000] {dag.py:4180} INFO - Setting next_dagrun for example_xcom_args_with_operators to None, run_after=None
[2025-06-26T22:58:42.034+0000] {processor.py:208} INFO - Processing /home/airflow/.local/lib/python3.12/site-packages/airflow/example_dags/example_xcomargs.py took 1.712 seconds
[2025-06-26T22:59:12.877+0000] {processor.py:186} INFO - Started process (PID=473) to work on /home/airflow/.local/lib/python3.12/site-packages/airflow/example_dags/example_xcomargs.py
[2025-06-26T22:59:12.889+0000] {processor.py:914} INFO - Processing file /home/airflow/.local/lib/python3.12/site-packages/airflow/example_dags/example_xcomargs.py for tasks to queue
[2025-06-26T22:59:12.901+0000] {logging_mixin.py:190} INFO - [2025-06-26T22:59:12.900+0000] {dagbag.py:588} INFO - Filling up the DagBag from /home/airflow/.local/lib/python3.12/site-packages/airflow/example_dags/example_xcomargs.py
[2025-06-26T22:59:12.945+0000] {processor.py:925} INFO - DAG(s) 'example_xcom_args_with_operators', 'example_xcom_args' retrieved from /home/airflow/.local/lib/python3.12/site-packages/airflow/example_dags/example_xcomargs.py
[2025-06-26T22:59:13.069+0000] {logging_mixin.py:190} INFO - [2025-06-26T22:59:13.068+0000] {dag.py:3239} INFO - Sync 2 DAGs
[2025-06-26T22:59:13.140+0000] {logging_mixin.py:190} INFO - [2025-06-26T22:59:13.139+0000] {dag.py:4180} INFO - Setting next_dagrun for example_xcom_args to None, run_after=None
[2025-06-26T22:59:13.154+0000] {logging_mixin.py:190} INFO - [2025-06-26T22:59:13.153+0000] {dag.py:4180} INFO - Setting next_dagrun for example_xcom_args_with_operators to None, run_after=None
[2025-06-26T22:59:13.295+0000] {processor.py:208} INFO - Processing /home/airflow/.local/lib/python3.12/site-packages/airflow/example_dags/example_xcomargs.py took 0.473 seconds
[2025-06-26T22:59:44.093+0000] {processor.py:186} INFO - Started process (PID=534) to work on /home/airflow/.local/lib/python3.12/site-packages/airflow/example_dags/example_xcomargs.py
[2025-06-26T22:59:44.099+0000] {processor.py:914} INFO - Processing file /home/airflow/.local/lib/python3.12/site-packages/airflow/example_dags/example_xcomargs.py for tasks to queue
[2025-06-26T22:59:44.112+0000] {logging_mixin.py:190} INFO - [2025-06-26T22:59:44.107+0000] {dagbag.py:588} INFO - Filling up the DagBag from /home/airflow/.local/lib/python3.12/site-packages/airflow/example_dags/example_xcomargs.py
[2025-06-26T22:59:44.173+0000] {processor.py:925} INFO - DAG(s) 'example_xcom_args', 'example_xcom_args_with_operators' retrieved from /home/airflow/.local/lib/python3.12/site-packages/airflow/example_dags/example_xcomargs.py
[2025-06-26T22:59:44.887+0000] {logging_mixin.py:190} INFO - [2025-06-26T22:59:44.885+0000] {dag.py:3239} INFO - Sync 2 DAGs
[2025-06-26T22:59:44.946+0000] {logging_mixin.py:190} INFO - [2025-06-26T22:59:44.945+0000] {dag.py:4180} INFO - Setting next_dagrun for example_xcom_args to None, run_after=None
[2025-06-26T22:59:44.958+0000] {logging_mixin.py:190} INFO - [2025-06-26T22:59:44.957+0000] {dag.py:4180} INFO - Setting next_dagrun for example_xcom_args_with_operators to None, run_after=None
[2025-06-26T22:59:45.065+0000] {processor.py:208} INFO - Processing /home/airflow/.local/lib/python3.12/site-packages/airflow/example_dags/example_xcomargs.py took 1.015 seconds
[2025-06-26T23:00:16.030+0000] {processor.py:186} INFO - Started process (PID=596) to work on /home/airflow/.local/lib/python3.12/site-packages/airflow/example_dags/example_xcomargs.py
[2025-06-26T23:00:16.044+0000] {processor.py:914} INFO - Processing file /home/airflow/.local/lib/python3.12/site-packages/airflow/example_dags/example_xcomargs.py for tasks to queue
[2025-06-26T23:00:16.061+0000] {logging_mixin.py:190} INFO - [2025-06-26T23:00:16.057+0000] {dagbag.py:588} INFO - Filling up the DagBag from /home/airflow/.local/lib/python3.12/site-packages/airflow/example_dags/example_xcomargs.py
[2025-06-26T23:00:16.117+0000] {processor.py:925} INFO - DAG(s) 'example_xcom_args', 'example_xcom_args_with_operators' retrieved from /home/airflow/.local/lib/python3.12/site-packages/airflow/example_dags/example_xcomargs.py
[2025-06-26T23:00:17.675+0000] {logging_mixin.py:190} INFO - [2025-06-26T23:00:17.491+0000] {dag.py:3239} INFO - Sync 2 DAGs
[2025-06-26T23:00:17.937+0000] {logging_mixin.py:190} INFO - [2025-06-26T23:00:17.865+0000] {dag.py:4180} INFO - Setting next_dagrun for example_xcom_args to None, run_after=None
[2025-06-26T23:00:18.280+0000] {logging_mixin.py:190} INFO - [2025-06-26T23:00:18.252+0000] {dag.py:4180} INFO - Setting next_dagrun for example_xcom_args_with_operators to None, run_after=None
[2025-06-26T23:00:18.377+0000] {processor.py:208} INFO - Processing /home/airflow/.local/lib/python3.12/site-packages/airflow/example_dags/example_xcomargs.py took 2.512 seconds
[2025-06-26T23:00:49.134+0000] {processor.py:186} INFO - Started process (PID=658) to work on /home/airflow/.local/lib/python3.12/site-packages/airflow/example_dags/example_xcomargs.py
[2025-06-26T23:00:49.139+0000] {processor.py:914} INFO - Processing file /home/airflow/.local/lib/python3.12/site-packages/airflow/example_dags/example_xcomargs.py for tasks to queue
[2025-06-26T23:00:49.152+0000] {logging_mixin.py:190} INFO - [2025-06-26T23:00:49.152+0000] {dagbag.py:588} INFO - Filling up the DagBag from /home/airflow/.local/lib/python3.12/site-packages/airflow/example_dags/example_xcomargs.py
[2025-06-26T23:00:49.175+0000] {processor.py:925} INFO - DAG(s) 'example_xcom_args', 'example_xcom_args_with_operators' retrieved from /home/airflow/.local/lib/python3.12/site-packages/airflow/example_dags/example_xcomargs.py
[2025-06-26T23:00:49.228+0000] {logging_mixin.py:190} INFO - [2025-06-26T23:00:49.228+0000] {dag.py:3239} INFO - Sync 2 DAGs
[2025-06-26T23:00:49.250+0000] {logging_mixin.py:190} INFO - [2025-06-26T23:00:49.250+0000] {dag.py:4180} INFO - Setting next_dagrun for example_xcom_args to None, run_after=None
[2025-06-26T23:00:49.257+0000] {logging_mixin.py:190} INFO - [2025-06-26T23:00:49.257+0000] {dag.py:4180} INFO - Setting next_dagrun for example_xcom_args_with_operators to None, run_after=None
[2025-06-26T23:00:49.278+0000] {processor.py:208} INFO - Processing /home/airflow/.local/lib/python3.12/site-packages/airflow/example_dags/example_xcomargs.py took 0.161 seconds
[2025-06-26T23:01:19.903+0000] {processor.py:186} INFO - Started process (PID=720) to work on /home/airflow/.local/lib/python3.12/site-packages/airflow/example_dags/example_xcomargs.py
[2025-06-26T23:01:19.904+0000] {processor.py:914} INFO - Processing file /home/airflow/.local/lib/python3.12/site-packages/airflow/example_dags/example_xcomargs.py for tasks to queue
[2025-06-26T23:01:19.905+0000] {logging_mixin.py:190} INFO - [2025-06-26T23:01:19.905+0000] {dagbag.py:588} INFO - Filling up the DagBag from /home/airflow/.local/lib/python3.12/site-packages/airflow/example_dags/example_xcomargs.py
[2025-06-26T23:01:19.915+0000] {processor.py:925} INFO - DAG(s) 'example_xcom_args', 'example_xcom_args_with_operators' retrieved from /home/airflow/.local/lib/python3.12/site-packages/airflow/example_dags/example_xcomargs.py
[2025-06-26T23:01:19.930+0000] {logging_mixin.py:190} INFO - [2025-06-26T23:01:19.929+0000] {dag.py:3239} INFO - Sync 2 DAGs
[2025-06-26T23:01:19.938+0000] {logging_mixin.py:190} INFO - [2025-06-26T23:01:19.938+0000] {dag.py:4180} INFO - Setting next_dagrun for example_xcom_args to None, run_after=None
[2025-06-26T23:01:19.941+0000] {logging_mixin.py:190} INFO - [2025-06-26T23:01:19.941+0000] {dag.py:4180} INFO - Setting next_dagrun for example_xcom_args_with_operators to None, run_after=None
[2025-06-26T23:01:19.950+0000] {processor.py:208} INFO - Processing /home/airflow/.local/lib/python3.12/site-packages/airflow/example_dags/example_xcomargs.py took 0.053 seconds
[2025-06-26T23:01:51.813+0000] {processor.py:186} INFO - Started process (PID=758) to work on /home/airflow/.local/lib/python3.12/site-packages/airflow/example_dags/example_xcomargs.py
[2025-06-26T23:01:51.818+0000] {processor.py:914} INFO - Processing file /home/airflow/.local/lib/python3.12/site-packages/airflow/example_dags/example_xcomargs.py for tasks to queue
[2025-06-26T23:01:51.824+0000] {logging_mixin.py:190} INFO - [2025-06-26T23:01:51.823+0000] {dagbag.py:588} INFO - Filling up the DagBag from /home/airflow/.local/lib/python3.12/site-packages/airflow/example_dags/example_xcomargs.py
[2025-06-26T23:01:51.903+0000] {processor.py:925} INFO - DAG(s) 'example_xcom_args', 'example_xcom_args_with_operators' retrieved from /home/airflow/.local/lib/python3.12/site-packages/airflow/example_dags/example_xcomargs.py
[2025-06-26T23:01:51.981+0000] {logging_mixin.py:190} INFO - [2025-06-26T23:01:51.981+0000] {dag.py:3239} INFO - Sync 2 DAGs
[2025-06-26T23:01:52.006+0000] {logging_mixin.py:190} INFO - [2025-06-26T23:01:52.006+0000] {dag.py:4180} INFO - Setting next_dagrun for example_xcom_args to None, run_after=None
[2025-06-26T23:01:52.011+0000] {logging_mixin.py:190} INFO - [2025-06-26T23:01:52.011+0000] {dag.py:4180} INFO - Setting next_dagrun for example_xcom_args_with_operators to None, run_after=None
[2025-06-26T23:01:52.023+0000] {processor.py:208} INFO - Processing /home/airflow/.local/lib/python3.12/site-packages/airflow/example_dags/example_xcomargs.py took 0.246 seconds
[2025-06-26T23:02:23.215+0000] {processor.py:186} INFO - Started process (PID=820) to work on /home/airflow/.local/lib/python3.12/site-packages/airflow/example_dags/example_xcomargs.py
[2025-06-26T23:02:23.218+0000] {processor.py:914} INFO - Processing file /home/airflow/.local/lib/python3.12/site-packages/airflow/example_dags/example_xcomargs.py for tasks to queue
[2025-06-26T23:02:23.224+0000] {logging_mixin.py:190} INFO - [2025-06-26T23:02:23.223+0000] {dagbag.py:588} INFO - Filling up the DagBag from /home/airflow/.local/lib/python3.12/site-packages/airflow/example_dags/example_xcomargs.py
[2025-06-26T23:02:23.237+0000] {processor.py:925} INFO - DAG(s) 'example_xcom_args_with_operators', 'example_xcom_args' retrieved from /home/airflow/.local/lib/python3.12/site-packages/airflow/example_dags/example_xcomargs.py
[2025-06-26T23:02:23.265+0000] {logging_mixin.py:190} INFO - [2025-06-26T23:02:23.264+0000] {dag.py:3239} INFO - Sync 2 DAGs
[2025-06-26T23:02:23.282+0000] {logging_mixin.py:190} INFO - [2025-06-26T23:02:23.282+0000] {dag.py:4180} INFO - Setting next_dagrun for example_xcom_args to None, run_after=None
[2025-06-26T23:02:23.284+0000] {logging_mixin.py:190} INFO - [2025-06-26T23:02:23.284+0000] {dag.py:4180} INFO - Setting next_dagrun for example_xcom_args_with_operators to None, run_after=None
[2025-06-26T23:02:23.296+0000] {processor.py:208} INFO - Processing /home/airflow/.local/lib/python3.12/site-packages/airflow/example_dags/example_xcomargs.py took 0.093 seconds
[2025-06-26T23:02:55.054+0000] {processor.py:186} INFO - Started process (PID=871) to work on /home/airflow/.local/lib/python3.12/site-packages/airflow/example_dags/example_xcomargs.py
[2025-06-26T23:02:55.057+0000] {processor.py:914} INFO - Processing file /home/airflow/.local/lib/python3.12/site-packages/airflow/example_dags/example_xcomargs.py for tasks to queue
[2025-06-26T23:02:55.061+0000] {logging_mixin.py:190} INFO - [2025-06-26T23:02:55.061+0000] {dagbag.py:588} INFO - Filling up the DagBag from /home/airflow/.local/lib/python3.12/site-packages/airflow/example_dags/example_xcomargs.py
[2025-06-26T23:02:55.086+0000] {processor.py:925} INFO - DAG(s) 'example_xcom_args_with_operators', 'example_xcom_args' retrieved from /home/airflow/.local/lib/python3.12/site-packages/airflow/example_dags/example_xcomargs.py
[2025-06-26T23:02:55.109+0000] {logging_mixin.py:190} INFO - [2025-06-26T23:02:55.109+0000] {dag.py:3239} INFO - Sync 2 DAGs
[2025-06-26T23:02:55.125+0000] {logging_mixin.py:190} INFO - [2025-06-26T23:02:55.124+0000] {dag.py:4180} INFO - Setting next_dagrun for example_xcom_args to None, run_after=None
[2025-06-26T23:02:55.128+0000] {logging_mixin.py:190} INFO - [2025-06-26T23:02:55.128+0000] {dag.py:4180} INFO - Setting next_dagrun for example_xcom_args_with_operators to None, run_after=None
[2025-06-26T23:02:55.140+0000] {processor.py:208} INFO - Processing /home/airflow/.local/lib/python3.12/site-packages/airflow/example_dags/example_xcomargs.py took 0.097 seconds
[2025-06-26T23:03:40.960+0000] {processor.py:186} INFO - Started process (PID=928) to work on /home/airflow/.local/lib/python3.12/site-packages/airflow/example_dags/example_xcomargs.py
[2025-06-26T23:03:40.961+0000] {processor.py:914} INFO - Processing file /home/airflow/.local/lib/python3.12/site-packages/airflow/example_dags/example_xcomargs.py for tasks to queue
[2025-06-26T23:03:40.965+0000] {logging_mixin.py:190} INFO - [2025-06-26T23:03:40.964+0000] {dagbag.py:588} INFO - Filling up the DagBag from /home/airflow/.local/lib/python3.12/site-packages/airflow/example_dags/example_xcomargs.py
[2025-06-26T23:03:40.980+0000] {processor.py:925} INFO - DAG(s) 'example_xcom_args_with_operators', 'example_xcom_args' retrieved from /home/airflow/.local/lib/python3.12/site-packages/airflow/example_dags/example_xcomargs.py
[2025-06-26T23:03:41.010+0000] {logging_mixin.py:190} INFO - [2025-06-26T23:03:41.009+0000] {dag.py:3239} INFO - Sync 2 DAGs
[2025-06-26T23:03:41.038+0000] {logging_mixin.py:190} INFO - [2025-06-26T23:03:41.038+0000] {dag.py:4180} INFO - Setting next_dagrun for example_xcom_args to None, run_after=None
[2025-06-26T23:03:41.046+0000] {logging_mixin.py:190} INFO - [2025-06-26T23:03:41.045+0000] {dag.py:4180} INFO - Setting next_dagrun for example_xcom_args_with_operators to None, run_after=None
[2025-06-26T23:03:41.073+0000] {processor.py:208} INFO - Processing /home/airflow/.local/lib/python3.12/site-packages/airflow/example_dags/example_xcomargs.py took 0.120 seconds
[2025-06-26T23:04:33.363+0000] {processor.py:186} INFO - Started process (PID=996) to work on /home/airflow/.local/lib/python3.12/site-packages/airflow/example_dags/example_xcomargs.py
[2025-06-26T23:04:33.366+0000] {processor.py:914} INFO - Processing file /home/airflow/.local/lib/python3.12/site-packages/airflow/example_dags/example_xcomargs.py for tasks to queue
[2025-06-26T23:04:33.368+0000] {logging_mixin.py:190} INFO - [2025-06-26T23:04:33.368+0000] {dagbag.py:588} INFO - Filling up the DagBag from /home/airflow/.local/lib/python3.12/site-packages/airflow/example_dags/example_xcomargs.py
[2025-06-26T23:04:33.376+0000] {processor.py:925} INFO - DAG(s) 'example_xcom_args', 'example_xcom_args_with_operators' retrieved from /home/airflow/.local/lib/python3.12/site-packages/airflow/example_dags/example_xcomargs.py
[2025-06-26T23:04:33.395+0000] {logging_mixin.py:190} INFO - [2025-06-26T23:04:33.394+0000] {dag.py:3239} INFO - Sync 2 DAGs
[2025-06-26T23:04:33.413+0000] {logging_mixin.py:190} INFO - [2025-06-26T23:04:33.412+0000] {dag.py:4180} INFO - Setting next_dagrun for example_xcom_args to None, run_after=None
[2025-06-26T23:04:33.416+0000] {logging_mixin.py:190} INFO - [2025-06-26T23:04:33.416+0000] {dag.py:4180} INFO - Setting next_dagrun for example_xcom_args_with_operators to None, run_after=None
[2025-06-26T23:04:33.428+0000] {processor.py:208} INFO - Processing /home/airflow/.local/lib/python3.12/site-packages/airflow/example_dags/example_xcomargs.py took 0.069 seconds
[2025-06-26T23:05:09.375+0000] {processor.py:186} INFO - Started process (PID=1054) to work on /home/airflow/.local/lib/python3.12/site-packages/airflow/example_dags/example_xcomargs.py
[2025-06-26T23:05:09.377+0000] {processor.py:914} INFO - Processing file /home/airflow/.local/lib/python3.12/site-packages/airflow/example_dags/example_xcomargs.py for tasks to queue
[2025-06-26T23:05:09.382+0000] {logging_mixin.py:190} INFO - [2025-06-26T23:05:09.382+0000] {dagbag.py:588} INFO - Filling up the DagBag from /home/airflow/.local/lib/python3.12/site-packages/airflow/example_dags/example_xcomargs.py
[2025-06-26T23:05:09.414+0000] {processor.py:925} INFO - DAG(s) 'example_xcom_args_with_operators', 'example_xcom_args' retrieved from /home/airflow/.local/lib/python3.12/site-packages/airflow/example_dags/example_xcomargs.py
[2025-06-26T23:05:09.549+0000] {logging_mixin.py:190} INFO - [2025-06-26T23:05:09.547+0000] {dag.py:3239} INFO - Sync 2 DAGs
[2025-06-26T23:05:09.595+0000] {logging_mixin.py:190} INFO - [2025-06-26T23:05:09.595+0000] {dag.py:4180} INFO - Setting next_dagrun for example_xcom_args to None, run_after=None
[2025-06-26T23:05:09.604+0000] {logging_mixin.py:190} INFO - [2025-06-26T23:05:09.603+0000] {dag.py:4180} INFO - Setting next_dagrun for example_xcom_args_with_operators to None, run_after=None
[2025-06-26T23:05:09.655+0000] {processor.py:208} INFO - Processing /home/airflow/.local/lib/python3.12/site-packages/airflow/example_dags/example_xcomargs.py took 0.287 seconds
[2025-06-26T23:05:40.796+0000] {processor.py:186} INFO - Started process (PID=1116) to work on /home/airflow/.local/lib/python3.12/site-packages/airflow/example_dags/example_xcomargs.py
[2025-06-26T23:05:40.796+0000] {processor.py:914} INFO - Processing file /home/airflow/.local/lib/python3.12/site-packages/airflow/example_dags/example_xcomargs.py for tasks to queue
[2025-06-26T23:05:40.798+0000] {logging_mixin.py:190} INFO - [2025-06-26T23:05:40.798+0000] {dagbag.py:588} INFO - Filling up the DagBag from /home/airflow/.local/lib/python3.12/site-packages/airflow/example_dags/example_xcomargs.py
[2025-06-26T23:05:40.807+0000] {processor.py:925} INFO - DAG(s) 'example_xcom_args', 'example_xcom_args_with_operators' retrieved from /home/airflow/.local/lib/python3.12/site-packages/airflow/example_dags/example_xcomargs.py
[2025-06-26T23:05:40.826+0000] {logging_mixin.py:190} INFO - [2025-06-26T23:05:40.826+0000] {dag.py:3239} INFO - Sync 2 DAGs
[2025-06-26T23:05:40.838+0000] {logging_mixin.py:190} INFO - [2025-06-26T23:05:40.838+0000] {dag.py:4180} INFO - Setting next_dagrun for example_xcom_args to None, run_after=None
[2025-06-26T23:05:40.840+0000] {logging_mixin.py:190} INFO - [2025-06-26T23:05:40.840+0000] {dag.py:4180} INFO - Setting next_dagrun for example_xcom_args_with_operators to None, run_after=None
[2025-06-26T23:05:40.856+0000] {processor.py:208} INFO - Processing /home/airflow/.local/lib/python3.12/site-packages/airflow/example_dags/example_xcomargs.py took 0.064 seconds
[2025-06-26T23:06:11.187+0000] {processor.py:186} INFO - Started process (PID=1172) to work on /home/airflow/.local/lib/python3.12/site-packages/airflow/example_dags/example_xcomargs.py
[2025-06-26T23:06:11.189+0000] {processor.py:914} INFO - Processing file /home/airflow/.local/lib/python3.12/site-packages/airflow/example_dags/example_xcomargs.py for tasks to queue
[2025-06-26T23:06:11.197+0000] {logging_mixin.py:190} INFO - [2025-06-26T23:06:11.196+0000] {dagbag.py:588} INFO - Filling up the DagBag from /home/airflow/.local/lib/python3.12/site-packages/airflow/example_dags/example_xcomargs.py
[2025-06-26T23:06:11.209+0000] {processor.py:925} INFO - DAG(s) 'example_xcom_args_with_operators', 'example_xcom_args' retrieved from /home/airflow/.local/lib/python3.12/site-packages/airflow/example_dags/example_xcomargs.py
[2025-06-26T23:06:11.228+0000] {logging_mixin.py:190} INFO - [2025-06-26T23:06:11.228+0000] {dag.py:3239} INFO - Sync 2 DAGs
[2025-06-26T23:06:11.240+0000] {logging_mixin.py:190} INFO - [2025-06-26T23:06:11.240+0000] {dag.py:4180} INFO - Setting next_dagrun for example_xcom_args to None, run_after=None
[2025-06-26T23:06:11.246+0000] {logging_mixin.py:190} INFO - [2025-06-26T23:06:11.246+0000] {dag.py:4180} INFO - Setting next_dagrun for example_xcom_args_with_operators to None, run_after=None
[2025-06-26T23:06:11.260+0000] {processor.py:208} INFO - Processing /home/airflow/.local/lib/python3.12/site-packages/airflow/example_dags/example_xcomargs.py took 0.078 seconds
[2025-06-26T23:06:43.814+0000] {processor.py:186} INFO - Started process (PID=1240) to work on /home/airflow/.local/lib/python3.12/site-packages/airflow/example_dags/example_xcomargs.py
[2025-06-26T23:06:43.816+0000] {processor.py:914} INFO - Processing file /home/airflow/.local/lib/python3.12/site-packages/airflow/example_dags/example_xcomargs.py for tasks to queue
[2025-06-26T23:06:43.828+0000] {logging_mixin.py:190} INFO - [2025-06-26T23:06:43.828+0000] {dagbag.py:588} INFO - Filling up the DagBag from /home/airflow/.local/lib/python3.12/site-packages/airflow/example_dags/example_xcomargs.py
[2025-06-26T23:06:43.848+0000] {processor.py:925} INFO - DAG(s) 'example_xcom_args_with_operators', 'example_xcom_args' retrieved from /home/airflow/.local/lib/python3.12/site-packages/airflow/example_dags/example_xcomargs.py
[2025-06-26T23:06:43.880+0000] {logging_mixin.py:190} INFO - [2025-06-26T23:06:43.880+0000] {dag.py:3239} INFO - Sync 2 DAGs
[2025-06-26T23:06:43.913+0000] {logging_mixin.py:190} INFO - [2025-06-26T23:06:43.913+0000] {dag.py:4180} INFO - Setting next_dagrun for example_xcom_args to None, run_after=None
[2025-06-26T23:06:43.916+0000] {logging_mixin.py:190} INFO - [2025-06-26T23:06:43.916+0000] {dag.py:4180} INFO - Setting next_dagrun for example_xcom_args_with_operators to None, run_after=None
[2025-06-26T23:06:43.933+0000] {processor.py:208} INFO - Processing /home/airflow/.local/lib/python3.12/site-packages/airflow/example_dags/example_xcomargs.py took 0.127 seconds
[2025-06-26T23:07:14.388+0000] {processor.py:186} INFO - Started process (PID=1302) to work on /home/airflow/.local/lib/python3.12/site-packages/airflow/example_dags/example_xcomargs.py
[2025-06-26T23:07:14.393+0000] {processor.py:914} INFO - Processing file /home/airflow/.local/lib/python3.12/site-packages/airflow/example_dags/example_xcomargs.py for tasks to queue
[2025-06-26T23:07:14.398+0000] {logging_mixin.py:190} INFO - [2025-06-26T23:07:14.397+0000] {dagbag.py:588} INFO - Filling up the DagBag from /home/airflow/.local/lib/python3.12/site-packages/airflow/example_dags/example_xcomargs.py
[2025-06-26T23:07:14.408+0000] {processor.py:925} INFO - DAG(s) 'example_xcom_args', 'example_xcom_args_with_operators' retrieved from /home/airflow/.local/lib/python3.12/site-packages/airflow/example_dags/example_xcomargs.py
[2025-06-26T23:07:14.460+0000] {logging_mixin.py:190} INFO - [2025-06-26T23:07:14.460+0000] {dag.py:3239} INFO - Sync 2 DAGs
[2025-06-26T23:07:14.514+0000] {logging_mixin.py:190} INFO - [2025-06-26T23:07:14.513+0000] {dag.py:4180} INFO - Setting next_dagrun for example_xcom_args to None, run_after=None
[2025-06-26T23:07:14.520+0000] {logging_mixin.py:190} INFO - [2025-06-26T23:07:14.520+0000] {dag.py:4180} INFO - Setting next_dagrun for example_xcom_args_with_operators to None, run_after=None
[2025-06-26T23:07:14.561+0000] {processor.py:208} INFO - Processing /home/airflow/.local/lib/python3.12/site-packages/airflow/example_dags/example_xcomargs.py took 0.180 seconds
