[2025-06-26T22:55:25.112+0000] {processor.py:186} INFO - Started process (PID=66) to work on /home/airflow/.local/lib/python3.12/site-packages/airflow/example_dags/example_sensor_decorator.py
[2025-06-26T22:55:25.119+0000] {processor.py:914} INFO - Processing file /home/airflow/.local/lib/python3.12/site-packages/airflow/example_dags/example_sensor_decorator.py for tasks to queue
[2025-06-26T22:55:25.163+0000] {logging_mixin.py:190} INFO - [2025-06-26T22:55:25.160+0000] {dagbag.py:588} INFO - Filling up the DagBag from /home/airflow/.local/lib/python3.12/site-packages/airflow/example_dags/example_sensor_decorator.py
[2025-06-26T22:55:25.278+0000] {processor.py:925} INFO - DAG(s) 'example_sensor_decorator' retrieved from /home/airflow/.local/lib/python3.12/site-packages/airflow/example_dags/example_sensor_decorator.py
[2025-06-26T22:55:25.769+0000] {logging_mixin.py:190} INFO - [2025-06-26T22:55:25.757+0000] {override.py:1900} INFO - Created Permission View: can read on DAG:example_sensor_decorator
[2025-06-26T22:55:25.798+0000] {logging_mixin.py:190} INFO - [2025-06-26T22:55:25.797+0000] {override.py:1900} INFO - Created Permission View: can delete on DAG:example_sensor_decorator
[2025-06-26T22:55:25.816+0000] {logging_mixin.py:190} INFO - [2025-06-26T22:55:25.816+0000] {override.py:1900} INFO - Created Permission View: can edit on DAG:example_sensor_decorator
[2025-06-26T22:55:25.834+0000] {logging_mixin.py:190} INFO - [2025-06-26T22:55:25.833+0000] {override.py:1900} INFO - Created Permission View: can read on DAG Run:example_sensor_decorator
[2025-06-26T22:55:25.849+0000] {logging_mixin.py:190} INFO - [2025-06-26T22:55:25.848+0000] {override.py:1900} INFO - Created Permission View: menu access on DAG Run:example_sensor_decorator
[2025-06-26T22:55:25.859+0000] {logging_mixin.py:190} INFO - [2025-06-26T22:55:25.859+0000] {override.py:1900} INFO - Created Permission View: can delete on DAG Run:example_sensor_decorator
[2025-06-26T22:55:25.876+0000] {logging_mixin.py:190} INFO - [2025-06-26T22:55:25.876+0000] {override.py:1900} INFO - Created Permission View: can create on DAG Run:example_sensor_decorator
[2025-06-26T22:55:25.881+0000] {logging_mixin.py:190} INFO - [2025-06-26T22:55:25.881+0000] {dag.py:3239} INFO - Sync 1 DAGs
[2025-06-26T22:55:25.934+0000] {logging_mixin.py:190} INFO - [2025-06-26T22:55:25.934+0000] {dag.py:3262} INFO - Creating ORM DAG for example_sensor_decorator
[2025-06-26T22:55:25.938+0000] {logging_mixin.py:190} INFO - [2025-06-26T22:55:25.937+0000] {dag.py:4180} INFO - Setting next_dagrun for example_sensor_decorator to None, run_after=None
[2025-06-26T22:55:25.996+0000] {processor.py:208} INFO - Processing /home/airflow/.local/lib/python3.12/site-packages/airflow/example_dags/example_sensor_decorator.py took 0.944 seconds
[2025-06-26T22:55:56.540+0000] {processor.py:186} INFO - Started process (PID=128) to work on /home/airflow/.local/lib/python3.12/site-packages/airflow/example_dags/example_sensor_decorator.py
[2025-06-26T22:55:56.544+0000] {processor.py:914} INFO - Processing file /home/airflow/.local/lib/python3.12/site-packages/airflow/example_dags/example_sensor_decorator.py for tasks to queue
[2025-06-26T22:55:56.556+0000] {logging_mixin.py:190} INFO - [2025-06-26T22:55:56.555+0000] {dagbag.py:588} INFO - Filling up the DagBag from /home/airflow/.local/lib/python3.12/site-packages/airflow/example_dags/example_sensor_decorator.py
[2025-06-26T22:55:56.591+0000] {processor.py:925} INFO - DAG(s) 'example_sensor_decorator' retrieved from /home/airflow/.local/lib/python3.12/site-packages/airflow/example_dags/example_sensor_decorator.py
[2025-06-26T22:55:56.668+0000] {logging_mixin.py:190} INFO - [2025-06-26T22:55:56.668+0000] {dag.py:3239} INFO - Sync 1 DAGs
[2025-06-26T22:55:56.727+0000] {logging_mixin.py:190} INFO - [2025-06-26T22:55:56.727+0000] {dag.py:4180} INFO - Setting next_dagrun for example_sensor_decorator to None, run_after=None
[2025-06-26T22:55:56.764+0000] {processor.py:208} INFO - Processing /home/airflow/.local/lib/python3.12/site-packages/airflow/example_dags/example_sensor_decorator.py took 0.253 seconds
[2025-06-26T22:56:26.883+0000] {processor.py:186} INFO - Started process (PID=190) to work on /home/airflow/.local/lib/python3.12/site-packages/airflow/example_dags/example_sensor_decorator.py
[2025-06-26T22:56:26.886+0000] {processor.py:914} INFO - Processing file /home/airflow/.local/lib/python3.12/site-packages/airflow/example_dags/example_sensor_decorator.py for tasks to queue
[2025-06-26T22:56:26.891+0000] {logging_mixin.py:190} INFO - [2025-06-26T22:56:26.890+0000] {dagbag.py:588} INFO - Filling up the DagBag from /home/airflow/.local/lib/python3.12/site-packages/airflow/example_dags/example_sensor_decorator.py
[2025-06-26T22:56:26.913+0000] {processor.py:925} INFO - DAG(s) 'example_sensor_decorator' retrieved from /home/airflow/.local/lib/python3.12/site-packages/airflow/example_dags/example_sensor_decorator.py
[2025-06-26T22:56:26.975+0000] {logging_mixin.py:190} INFO - [2025-06-26T22:56:26.974+0000] {dag.py:3239} INFO - Sync 1 DAGs
[2025-06-26T22:56:26.994+0000] {logging_mixin.py:190} INFO - [2025-06-26T22:56:26.994+0000] {dag.py:4180} INFO - Setting next_dagrun for example_sensor_decorator to None, run_after=None
[2025-06-26T22:56:27.009+0000] {processor.py:208} INFO - Processing /home/airflow/.local/lib/python3.12/site-packages/airflow/example_dags/example_sensor_decorator.py took 0.142 seconds
[2025-06-26T22:56:59.331+0000] {processor.py:186} INFO - Started process (PID=252) to work on /home/airflow/.local/lib/python3.12/site-packages/airflow/example_dags/example_sensor_decorator.py
[2025-06-26T22:56:59.332+0000] {processor.py:914} INFO - Processing file /home/airflow/.local/lib/python3.12/site-packages/airflow/example_dags/example_sensor_decorator.py for tasks to queue
[2025-06-26T22:56:59.335+0000] {logging_mixin.py:190} INFO - [2025-06-26T22:56:59.335+0000] {dagbag.py:588} INFO - Filling up the DagBag from /home/airflow/.local/lib/python3.12/site-packages/airflow/example_dags/example_sensor_decorator.py
[2025-06-26T22:56:59.363+0000] {processor.py:925} INFO - DAG(s) 'example_sensor_decorator' retrieved from /home/airflow/.local/lib/python3.12/site-packages/airflow/example_dags/example_sensor_decorator.py
[2025-06-26T22:56:59.441+0000] {logging_mixin.py:190} INFO - [2025-06-26T22:56:59.440+0000] {dag.py:3239} INFO - Sync 1 DAGs
[2025-06-26T22:56:59.505+0000] {logging_mixin.py:190} INFO - [2025-06-26T22:56:59.505+0000] {dag.py:4180} INFO - Setting next_dagrun for example_sensor_decorator to None, run_after=None
[2025-06-26T22:56:59.563+0000] {processor.py:208} INFO - Processing /home/airflow/.local/lib/python3.12/site-packages/airflow/example_dags/example_sensor_decorator.py took 0.242 seconds
[2025-06-26T22:57:29.790+0000] {processor.py:186} INFO - Started process (PID=309) to work on /home/airflow/.local/lib/python3.12/site-packages/airflow/example_dags/example_sensor_decorator.py
[2025-06-26T22:57:29.794+0000] {processor.py:914} INFO - Processing file /home/airflow/.local/lib/python3.12/site-packages/airflow/example_dags/example_sensor_decorator.py for tasks to queue
[2025-06-26T22:57:29.808+0000] {logging_mixin.py:190} INFO - [2025-06-26T22:57:29.807+0000] {dagbag.py:588} INFO - Filling up the DagBag from /home/airflow/.local/lib/python3.12/site-packages/airflow/example_dags/example_sensor_decorator.py
[2025-06-26T22:57:29.891+0000] {processor.py:925} INFO - DAG(s) 'example_sensor_decorator' retrieved from /home/airflow/.local/lib/python3.12/site-packages/airflow/example_dags/example_sensor_decorator.py
[2025-06-26T22:57:29.992+0000] {logging_mixin.py:190} INFO - [2025-06-26T22:57:29.991+0000] {dag.py:3239} INFO - Sync 1 DAGs
[2025-06-26T22:57:30.047+0000] {logging_mixin.py:190} INFO - [2025-06-26T22:57:30.047+0000] {dag.py:4180} INFO - Setting next_dagrun for example_sensor_decorator to None, run_after=None
[2025-06-26T22:57:30.106+0000] {processor.py:208} INFO - Processing /home/airflow/.local/lib/python3.12/site-packages/airflow/example_dags/example_sensor_decorator.py took 0.360 seconds
[2025-06-26T22:58:21.045+0000] {processor.py:186} INFO - Started process (PID=375) to work on /home/airflow/.local/lib/python3.12/site-packages/airflow/example_dags/example_sensor_decorator.py
[2025-06-26T22:58:21.070+0000] {processor.py:914} INFO - Processing file /home/airflow/.local/lib/python3.12/site-packages/airflow/example_dags/example_sensor_decorator.py for tasks to queue
[2025-06-26T22:58:21.153+0000] {logging_mixin.py:190} INFO - [2025-06-26T22:58:21.144+0000] {dagbag.py:588} INFO - Filling up the DagBag from /home/airflow/.local/lib/python3.12/site-packages/airflow/example_dags/example_sensor_decorator.py
[2025-06-26T22:58:21.331+0000] {processor.py:925} INFO - DAG(s) 'example_sensor_decorator' retrieved from /home/airflow/.local/lib/python3.12/site-packages/airflow/example_dags/example_sensor_decorator.py
[2025-06-26T22:58:21.543+0000] {logging_mixin.py:190} INFO - [2025-06-26T22:58:21.538+0000] {dag.py:3239} INFO - Sync 1 DAGs
[2025-06-26T22:58:21.653+0000] {logging_mixin.py:190} INFO - [2025-06-26T22:58:21.652+0000] {dag.py:4180} INFO - Setting next_dagrun for example_sensor_decorator to None, run_after=None
[2025-06-26T22:58:21.745+0000] {processor.py:208} INFO - Processing /home/airflow/.local/lib/python3.12/site-packages/airflow/example_dags/example_sensor_decorator.py took 0.785 seconds
[2025-06-26T22:58:58.864+0000] {processor.py:186} INFO - Started process (PID=420) to work on /home/airflow/.local/lib/python3.12/site-packages/airflow/example_dags/example_sensor_decorator.py
[2025-06-26T22:58:58.871+0000] {processor.py:914} INFO - Processing file /home/airflow/.local/lib/python3.12/site-packages/airflow/example_dags/example_sensor_decorator.py for tasks to queue
[2025-06-26T22:58:58.884+0000] {logging_mixin.py:190} INFO - [2025-06-26T22:58:58.883+0000] {dagbag.py:588} INFO - Filling up the DagBag from /home/airflow/.local/lib/python3.12/site-packages/airflow/example_dags/example_sensor_decorator.py
[2025-06-26T22:58:58.923+0000] {processor.py:925} INFO - DAG(s) 'example_sensor_decorator' retrieved from /home/airflow/.local/lib/python3.12/site-packages/airflow/example_dags/example_sensor_decorator.py
[2025-06-26T22:58:59.018+0000] {logging_mixin.py:190} INFO - [2025-06-26T22:58:59.017+0000] {dag.py:3239} INFO - Sync 1 DAGs
[2025-06-26T22:58:59.057+0000] {logging_mixin.py:190} INFO - [2025-06-26T22:58:59.057+0000] {dag.py:4180} INFO - Setting next_dagrun for example_sensor_decorator to None, run_after=None
[2025-06-26T22:58:59.117+0000] {processor.py:208} INFO - Processing /home/airflow/.local/lib/python3.12/site-packages/airflow/example_dags/example_sensor_decorator.py took 0.303 seconds
[2025-06-26T22:59:35.612+0000] {processor.py:186} INFO - Started process (PID=480) to work on /home/airflow/.local/lib/python3.12/site-packages/airflow/example_dags/example_sensor_decorator.py
[2025-06-26T22:59:35.614+0000] {processor.py:914} INFO - Processing file /home/airflow/.local/lib/python3.12/site-packages/airflow/example_dags/example_sensor_decorator.py for tasks to queue
[2025-06-26T22:59:35.627+0000] {logging_mixin.py:190} INFO - [2025-06-26T22:59:35.626+0000] {dagbag.py:588} INFO - Filling up the DagBag from /home/airflow/.local/lib/python3.12/site-packages/airflow/example_dags/example_sensor_decorator.py
[2025-06-26T22:59:35.666+0000] {processor.py:925} INFO - DAG(s) 'example_sensor_decorator' retrieved from /home/airflow/.local/lib/python3.12/site-packages/airflow/example_dags/example_sensor_decorator.py
[2025-06-26T22:59:35.901+0000] {logging_mixin.py:190} INFO - [2025-06-26T22:59:35.900+0000] {dag.py:3239} INFO - Sync 1 DAGs
[2025-06-26T22:59:35.961+0000] {logging_mixin.py:190} INFO - [2025-06-26T22:59:35.960+0000] {dag.py:4180} INFO - Setting next_dagrun for example_sensor_decorator to None, run_after=None
[2025-06-26T22:59:36.033+0000] {processor.py:208} INFO - Processing /home/airflow/.local/lib/python3.12/site-packages/airflow/example_dags/example_sensor_decorator.py took 0.432 seconds
[2025-06-26T23:00:06.207+0000] {processor.py:186} INFO - Started process (PID=540) to work on /home/airflow/.local/lib/python3.12/site-packages/airflow/example_dags/example_sensor_decorator.py
[2025-06-26T23:00:06.208+0000] {processor.py:914} INFO - Processing file /home/airflow/.local/lib/python3.12/site-packages/airflow/example_dags/example_sensor_decorator.py for tasks to queue
[2025-06-26T23:00:06.210+0000] {logging_mixin.py:190} INFO - [2025-06-26T23:00:06.209+0000] {dagbag.py:588} INFO - Filling up the DagBag from /home/airflow/.local/lib/python3.12/site-packages/airflow/example_dags/example_sensor_decorator.py
[2025-06-26T23:00:06.236+0000] {processor.py:925} INFO - DAG(s) 'example_sensor_decorator' retrieved from /home/airflow/.local/lib/python3.12/site-packages/airflow/example_dags/example_sensor_decorator.py
[2025-06-26T23:00:06.282+0000] {logging_mixin.py:190} INFO - [2025-06-26T23:00:06.281+0000] {dag.py:3239} INFO - Sync 1 DAGs
[2025-06-26T23:00:06.352+0000] {logging_mixin.py:190} INFO - [2025-06-26T23:00:06.351+0000] {dag.py:4180} INFO - Setting next_dagrun for example_sensor_decorator to None, run_after=None
[2025-06-26T23:00:06.393+0000] {processor.py:208} INFO - Processing /home/airflow/.local/lib/python3.12/site-packages/airflow/example_dags/example_sensor_decorator.py took 0.190 seconds
[2025-06-26T23:00:37.231+0000] {processor.py:186} INFO - Started process (PID=601) to work on /home/airflow/.local/lib/python3.12/site-packages/airflow/example_dags/example_sensor_decorator.py
[2025-06-26T23:00:37.283+0000] {processor.py:914} INFO - Processing file /home/airflow/.local/lib/python3.12/site-packages/airflow/example_dags/example_sensor_decorator.py for tasks to queue
[2025-06-26T23:00:37.663+0000] {logging_mixin.py:190} INFO - [2025-06-26T23:00:37.528+0000] {dagbag.py:588} INFO - Filling up the DagBag from /home/airflow/.local/lib/python3.12/site-packages/airflow/example_dags/example_sensor_decorator.py
[2025-06-26T23:00:38.305+0000] {processor.py:925} INFO - DAG(s) 'example_sensor_decorator' retrieved from /home/airflow/.local/lib/python3.12/site-packages/airflow/example_dags/example_sensor_decorator.py
[2025-06-26T23:00:42.341+0000] {logging_mixin.py:190} INFO - [2025-06-26T23:00:42.331+0000] {dag.py:3239} INFO - Sync 1 DAGs
[2025-06-26T23:00:42.405+0000] {logging_mixin.py:190} INFO - [2025-06-26T23:00:42.404+0000] {dag.py:4180} INFO - Setting next_dagrun for example_sensor_decorator to None, run_after=None
[2025-06-26T23:00:42.437+0000] {processor.py:208} INFO - Processing /home/airflow/.local/lib/python3.12/site-packages/airflow/example_dags/example_sensor_decorator.py took 5.281 seconds
[2025-06-26T23:01:13.963+0000] {processor.py:186} INFO - Started process (PID=669) to work on /home/airflow/.local/lib/python3.12/site-packages/airflow/example_dags/example_sensor_decorator.py
[2025-06-26T23:01:13.972+0000] {processor.py:914} INFO - Processing file /home/airflow/.local/lib/python3.12/site-packages/airflow/example_dags/example_sensor_decorator.py for tasks to queue
[2025-06-26T23:01:14.025+0000] {logging_mixin.py:190} INFO - [2025-06-26T23:01:14.001+0000] {dagbag.py:588} INFO - Filling up the DagBag from /home/airflow/.local/lib/python3.12/site-packages/airflow/example_dags/example_sensor_decorator.py
[2025-06-26T23:01:14.299+0000] {processor.py:925} INFO - DAG(s) 'example_sensor_decorator' retrieved from /home/airflow/.local/lib/python3.12/site-packages/airflow/example_dags/example_sensor_decorator.py
[2025-06-26T23:01:14.728+0000] {logging_mixin.py:190} INFO - [2025-06-26T23:01:14.721+0000] {dag.py:3239} INFO - Sync 1 DAGs
[2025-06-26T23:01:14.768+0000] {logging_mixin.py:190} INFO - [2025-06-26T23:01:14.767+0000] {dag.py:4180} INFO - Setting next_dagrun for example_sensor_decorator to None, run_after=None
[2025-06-26T23:01:14.795+0000] {processor.py:208} INFO - Processing /home/airflow/.local/lib/python3.12/site-packages/airflow/example_dags/example_sensor_decorator.py took 0.920 seconds
[2025-06-26T23:01:45.082+0000] {processor.py:186} INFO - Started process (PID=731) to work on /home/airflow/.local/lib/python3.12/site-packages/airflow/example_dags/example_sensor_decorator.py
[2025-06-26T23:01:45.091+0000] {processor.py:914} INFO - Processing file /home/airflow/.local/lib/python3.12/site-packages/airflow/example_dags/example_sensor_decorator.py for tasks to queue
[2025-06-26T23:01:45.102+0000] {logging_mixin.py:190} INFO - [2025-06-26T23:01:45.101+0000] {dagbag.py:588} INFO - Filling up the DagBag from /home/airflow/.local/lib/python3.12/site-packages/airflow/example_dags/example_sensor_decorator.py
[2025-06-26T23:01:45.134+0000] {processor.py:925} INFO - DAG(s) 'example_sensor_decorator' retrieved from /home/airflow/.local/lib/python3.12/site-packages/airflow/example_dags/example_sensor_decorator.py
[2025-06-26T23:01:45.180+0000] {logging_mixin.py:190} INFO - [2025-06-26T23:01:45.180+0000] {dag.py:3239} INFO - Sync 1 DAGs
[2025-06-26T23:01:45.200+0000] {logging_mixin.py:190} INFO - [2025-06-26T23:01:45.200+0000] {dag.py:4180} INFO - Setting next_dagrun for example_sensor_decorator to None, run_after=None
[2025-06-26T23:01:45.222+0000] {processor.py:208} INFO - Processing /home/airflow/.local/lib/python3.12/site-packages/airflow/example_dags/example_sensor_decorator.py took 0.170 seconds
[2025-06-26T23:02:15.979+0000] {processor.py:186} INFO - Started process (PID=793) to work on /home/airflow/.local/lib/python3.12/site-packages/airflow/example_dags/example_sensor_decorator.py
[2025-06-26T23:02:15.981+0000] {processor.py:914} INFO - Processing file /home/airflow/.local/lib/python3.12/site-packages/airflow/example_dags/example_sensor_decorator.py for tasks to queue
[2025-06-26T23:02:15.998+0000] {logging_mixin.py:190} INFO - [2025-06-26T23:02:15.997+0000] {dagbag.py:588} INFO - Filling up the DagBag from /home/airflow/.local/lib/python3.12/site-packages/airflow/example_dags/example_sensor_decorator.py
[2025-06-26T23:02:16.043+0000] {processor.py:925} INFO - DAG(s) 'example_sensor_decorator' retrieved from /home/airflow/.local/lib/python3.12/site-packages/airflow/example_dags/example_sensor_decorator.py
[2025-06-26T23:02:16.107+0000] {logging_mixin.py:190} INFO - [2025-06-26T23:02:16.107+0000] {dag.py:3239} INFO - Sync 1 DAGs
[2025-06-26T23:02:16.126+0000] {logging_mixin.py:190} INFO - [2025-06-26T23:02:16.126+0000] {dag.py:4180} INFO - Setting next_dagrun for example_sensor_decorator to None, run_after=None
[2025-06-26T23:02:16.145+0000] {processor.py:208} INFO - Processing /home/airflow/.local/lib/python3.12/site-packages/airflow/example_dags/example_sensor_decorator.py took 0.193 seconds
[2025-06-26T23:02:46.460+0000] {processor.py:186} INFO - Started process (PID=855) to work on /home/airflow/.local/lib/python3.12/site-packages/airflow/example_dags/example_sensor_decorator.py
[2025-06-26T23:02:46.464+0000] {processor.py:914} INFO - Processing file /home/airflow/.local/lib/python3.12/site-packages/airflow/example_dags/example_sensor_decorator.py for tasks to queue
[2025-06-26T23:02:46.478+0000] {logging_mixin.py:190} INFO - [2025-06-26T23:02:46.476+0000] {dagbag.py:588} INFO - Filling up the DagBag from /home/airflow/.local/lib/python3.12/site-packages/airflow/example_dags/example_sensor_decorator.py
[2025-06-26T23:02:46.539+0000] {processor.py:925} INFO - DAG(s) 'example_sensor_decorator' retrieved from /home/airflow/.local/lib/python3.12/site-packages/airflow/example_dags/example_sensor_decorator.py
[2025-06-26T23:02:46.660+0000] {logging_mixin.py:190} INFO - [2025-06-26T23:02:46.659+0000] {dag.py:3239} INFO - Sync 1 DAGs
[2025-06-26T23:02:46.693+0000] {logging_mixin.py:190} INFO - [2025-06-26T23:02:46.693+0000] {dag.py:4180} INFO - Setting next_dagrun for example_sensor_decorator to None, run_after=None
[2025-06-26T23:02:46.740+0000] {processor.py:208} INFO - Processing /home/airflow/.local/lib/python3.12/site-packages/airflow/example_dags/example_sensor_decorator.py took 0.322 seconds
[2025-06-26T23:03:17.713+0000] {processor.py:186} INFO - Started process (PID=917) to work on /home/airflow/.local/lib/python3.12/site-packages/airflow/example_dags/example_sensor_decorator.py
[2025-06-26T23:03:17.715+0000] {processor.py:914} INFO - Processing file /home/airflow/.local/lib/python3.12/site-packages/airflow/example_dags/example_sensor_decorator.py for tasks to queue
[2025-06-26T23:03:17.719+0000] {logging_mixin.py:190} INFO - [2025-06-26T23:03:17.718+0000] {dagbag.py:588} INFO - Filling up the DagBag from /home/airflow/.local/lib/python3.12/site-packages/airflow/example_dags/example_sensor_decorator.py
[2025-06-26T23:03:17.737+0000] {processor.py:925} INFO - DAG(s) 'example_sensor_decorator' retrieved from /home/airflow/.local/lib/python3.12/site-packages/airflow/example_dags/example_sensor_decorator.py
[2025-06-26T23:03:17.784+0000] {logging_mixin.py:190} INFO - [2025-06-26T23:03:17.783+0000] {dag.py:3239} INFO - Sync 1 DAGs
[2025-06-26T23:03:17.802+0000] {logging_mixin.py:190} INFO - [2025-06-26T23:03:17.802+0000] {dag.py:4180} INFO - Setting next_dagrun for example_sensor_decorator to None, run_after=None
[2025-06-26T23:03:17.817+0000] {processor.py:208} INFO - Processing /home/airflow/.local/lib/python3.12/site-packages/airflow/example_dags/example_sensor_decorator.py took 0.115 seconds
[2025-06-26T23:03:48.214+0000] {processor.py:186} INFO - Started process (PID=979) to work on /home/airflow/.local/lib/python3.12/site-packages/airflow/example_dags/example_sensor_decorator.py
[2025-06-26T23:03:48.218+0000] {processor.py:914} INFO - Processing file /home/airflow/.local/lib/python3.12/site-packages/airflow/example_dags/example_sensor_decorator.py for tasks to queue
[2025-06-26T23:03:48.228+0000] {logging_mixin.py:190} INFO - [2025-06-26T23:03:48.225+0000] {dagbag.py:588} INFO - Filling up the DagBag from /home/airflow/.local/lib/python3.12/site-packages/airflow/example_dags/example_sensor_decorator.py
[2025-06-26T23:03:48.268+0000] {processor.py:925} INFO - DAG(s) 'example_sensor_decorator' retrieved from /home/airflow/.local/lib/python3.12/site-packages/airflow/example_dags/example_sensor_decorator.py
[2025-06-26T23:03:48.364+0000] {logging_mixin.py:190} INFO - [2025-06-26T23:03:48.363+0000] {dag.py:3239} INFO - Sync 1 DAGs
[2025-06-26T23:03:48.389+0000] {logging_mixin.py:190} INFO - [2025-06-26T23:03:48.389+0000] {dag.py:4180} INFO - Setting next_dagrun for example_sensor_decorator to None, run_after=None
[2025-06-26T23:03:48.407+0000] {processor.py:208} INFO - Processing /home/airflow/.local/lib/python3.12/site-packages/airflow/example_dags/example_sensor_decorator.py took 0.228 seconds
[2025-06-26T23:04:33.368+0000] {processor.py:186} INFO - Started process (PID=997) to work on /home/airflow/.local/lib/python3.12/site-packages/airflow/example_dags/example_sensor_decorator.py
[2025-06-26T23:04:33.368+0000] {processor.py:914} INFO - Processing file /home/airflow/.local/lib/python3.12/site-packages/airflow/example_dags/example_sensor_decorator.py for tasks to queue
[2025-06-26T23:04:33.370+0000] {logging_mixin.py:190} INFO - [2025-06-26T23:04:33.370+0000] {dagbag.py:588} INFO - Filling up the DagBag from /home/airflow/.local/lib/python3.12/site-packages/airflow/example_dags/example_sensor_decorator.py
[2025-06-26T23:04:33.381+0000] {processor.py:925} INFO - DAG(s) 'example_sensor_decorator' retrieved from /home/airflow/.local/lib/python3.12/site-packages/airflow/example_dags/example_sensor_decorator.py
[2025-06-26T23:04:33.392+0000] {logging_mixin.py:190} INFO - [2025-06-26T23:04:33.392+0000] {dag.py:3239} INFO - Sync 1 DAGs
[2025-06-26T23:04:33.409+0000] {logging_mixin.py:190} INFO - [2025-06-26T23:04:33.409+0000] {dag.py:4180} INFO - Setting next_dagrun for example_sensor_decorator to None, run_after=None
[2025-06-26T23:04:33.421+0000] {processor.py:208} INFO - Processing /home/airflow/.local/lib/python3.12/site-packages/airflow/example_dags/example_sensor_decorator.py took 0.058 seconds
[2025-06-26T23:05:09.605+0000] {processor.py:186} INFO - Started process (PID=1055) to work on /home/airflow/.local/lib/python3.12/site-packages/airflow/example_dags/example_sensor_decorator.py
[2025-06-26T23:05:09.606+0000] {processor.py:914} INFO - Processing file /home/airflow/.local/lib/python3.12/site-packages/airflow/example_dags/example_sensor_decorator.py for tasks to queue
[2025-06-26T23:05:09.609+0000] {logging_mixin.py:190} INFO - [2025-06-26T23:05:09.609+0000] {dagbag.py:588} INFO - Filling up the DagBag from /home/airflow/.local/lib/python3.12/site-packages/airflow/example_dags/example_sensor_decorator.py
[2025-06-26T23:05:09.619+0000] {processor.py:925} INFO - DAG(s) 'example_sensor_decorator' retrieved from /home/airflow/.local/lib/python3.12/site-packages/airflow/example_dags/example_sensor_decorator.py
[2025-06-26T23:05:09.658+0000] {logging_mixin.py:190} INFO - [2025-06-26T23:05:09.657+0000] {dag.py:3239} INFO - Sync 1 DAGs
[2025-06-26T23:05:09.685+0000] {logging_mixin.py:190} INFO - [2025-06-26T23:05:09.684+0000] {dag.py:4180} INFO - Setting next_dagrun for example_sensor_decorator to None, run_after=None
[2025-06-26T23:05:09.720+0000] {processor.py:208} INFO - Processing /home/airflow/.local/lib/python3.12/site-packages/airflow/example_dags/example_sensor_decorator.py took 0.123 seconds
[2025-06-26T23:05:40.880+0000] {processor.py:186} INFO - Started process (PID=1117) to work on /home/airflow/.local/lib/python3.12/site-packages/airflow/example_dags/example_sensor_decorator.py
[2025-06-26T23:05:40.882+0000] {processor.py:914} INFO - Processing file /home/airflow/.local/lib/python3.12/site-packages/airflow/example_dags/example_sensor_decorator.py for tasks to queue
[2025-06-26T23:05:40.885+0000] {logging_mixin.py:190} INFO - [2025-06-26T23:05:40.885+0000] {dagbag.py:588} INFO - Filling up the DagBag from /home/airflow/.local/lib/python3.12/site-packages/airflow/example_dags/example_sensor_decorator.py
[2025-06-26T23:05:40.908+0000] {processor.py:925} INFO - DAG(s) 'example_sensor_decorator' retrieved from /home/airflow/.local/lib/python3.12/site-packages/airflow/example_dags/example_sensor_decorator.py
[2025-06-26T23:05:40.947+0000] {logging_mixin.py:190} INFO - [2025-06-26T23:05:40.947+0000] {dag.py:3239} INFO - Sync 1 DAGs
[2025-06-26T23:05:40.957+0000] {logging_mixin.py:190} INFO - [2025-06-26T23:05:40.957+0000] {dag.py:4180} INFO - Setting next_dagrun for example_sensor_decorator to None, run_after=None
[2025-06-26T23:05:40.975+0000] {processor.py:208} INFO - Processing /home/airflow/.local/lib/python3.12/site-packages/airflow/example_dags/example_sensor_decorator.py took 0.102 seconds
[2025-06-26T23:06:11.264+0000] {processor.py:186} INFO - Started process (PID=1173) to work on /home/airflow/.local/lib/python3.12/site-packages/airflow/example_dags/example_sensor_decorator.py
[2025-06-26T23:06:11.267+0000] {processor.py:914} INFO - Processing file /home/airflow/.local/lib/python3.12/site-packages/airflow/example_dags/example_sensor_decorator.py for tasks to queue
[2025-06-26T23:06:11.269+0000] {logging_mixin.py:190} INFO - [2025-06-26T23:06:11.269+0000] {dagbag.py:588} INFO - Filling up the DagBag from /home/airflow/.local/lib/python3.12/site-packages/airflow/example_dags/example_sensor_decorator.py
[2025-06-26T23:06:11.275+0000] {processor.py:925} INFO - DAG(s) 'example_sensor_decorator' retrieved from /home/airflow/.local/lib/python3.12/site-packages/airflow/example_dags/example_sensor_decorator.py
[2025-06-26T23:06:11.288+0000] {logging_mixin.py:190} INFO - [2025-06-26T23:06:11.288+0000] {dag.py:3239} INFO - Sync 1 DAGs
[2025-06-26T23:06:11.297+0000] {logging_mixin.py:190} INFO - [2025-06-26T23:06:11.297+0000] {dag.py:4180} INFO - Setting next_dagrun for example_sensor_decorator to None, run_after=None
[2025-06-26T23:06:11.306+0000] {processor.py:208} INFO - Processing /home/airflow/.local/lib/python3.12/site-packages/airflow/example_dags/example_sensor_decorator.py took 0.049 seconds
[2025-06-26T23:06:43.817+0000] {processor.py:186} INFO - Started process (PID=1241) to work on /home/airflow/.local/lib/python3.12/site-packages/airflow/example_dags/example_sensor_decorator.py
[2025-06-26T23:06:43.822+0000] {processor.py:914} INFO - Processing file /home/airflow/.local/lib/python3.12/site-packages/airflow/example_dags/example_sensor_decorator.py for tasks to queue
[2025-06-26T23:06:43.828+0000] {logging_mixin.py:190} INFO - [2025-06-26T23:06:43.827+0000] {dagbag.py:588} INFO - Filling up the DagBag from /home/airflow/.local/lib/python3.12/site-packages/airflow/example_dags/example_sensor_decorator.py
[2025-06-26T23:06:43.846+0000] {processor.py:925} INFO - DAG(s) 'example_sensor_decorator' retrieved from /home/airflow/.local/lib/python3.12/site-packages/airflow/example_dags/example_sensor_decorator.py
[2025-06-26T23:06:43.876+0000] {logging_mixin.py:190} INFO - [2025-06-26T23:06:43.876+0000] {dag.py:3239} INFO - Sync 1 DAGs
[2025-06-26T23:06:43.905+0000] {logging_mixin.py:190} INFO - [2025-06-26T23:06:43.904+0000] {dag.py:4180} INFO - Setting next_dagrun for example_sensor_decorator to None, run_after=None
[2025-06-26T23:06:43.924+0000] {processor.py:208} INFO - Processing /home/airflow/.local/lib/python3.12/site-packages/airflow/example_dags/example_sensor_decorator.py took 0.115 seconds
[2025-06-26T23:07:14.392+0000] {processor.py:186} INFO - Started process (PID=1303) to work on /home/airflow/.local/lib/python3.12/site-packages/airflow/example_dags/example_sensor_decorator.py
[2025-06-26T23:07:14.393+0000] {processor.py:914} INFO - Processing file /home/airflow/.local/lib/python3.12/site-packages/airflow/example_dags/example_sensor_decorator.py for tasks to queue
[2025-06-26T23:07:14.396+0000] {logging_mixin.py:190} INFO - [2025-06-26T23:07:14.395+0000] {dagbag.py:588} INFO - Filling up the DagBag from /home/airflow/.local/lib/python3.12/site-packages/airflow/example_dags/example_sensor_decorator.py
[2025-06-26T23:07:14.403+0000] {processor.py:925} INFO - DAG(s) 'example_sensor_decorator' retrieved from /home/airflow/.local/lib/python3.12/site-packages/airflow/example_dags/example_sensor_decorator.py
[2025-06-26T23:07:14.429+0000] {logging_mixin.py:190} INFO - [2025-06-26T23:07:14.428+0000] {dag.py:3239} INFO - Sync 1 DAGs
[2025-06-26T23:07:14.452+0000] {logging_mixin.py:190} INFO - [2025-06-26T23:07:14.452+0000] {dag.py:4180} INFO - Setting next_dagrun for example_sensor_decorator to None, run_after=None
[2025-06-26T23:07:14.496+0000] {processor.py:208} INFO - Processing /home/airflow/.local/lib/python3.12/site-packages/airflow/example_dags/example_sensor_decorator.py took 0.110 seconds
