[2025-06-26T22:55:33.919+0000] {processor.py:186} INFO - Started process (PID=82) to work on /home/airflow/.local/lib/python3.12/site-packages/airflow/example_dags/example_branch_python_dop_operator_3.py
[2025-06-26T22:55:33.922+0000] {processor.py:914} INFO - Processing file /home/airflow/.local/lib/python3.12/site-packages/airflow/example_dags/example_branch_python_dop_operator_3.py for tasks to queue
[2025-06-26T22:55:33.955+0000] {logging_mixin.py:190} INFO - [2025-06-26T22:55:33.951+0000] {dagbag.py:588} INFO - Filling up the DagBag from /home/airflow/.local/lib/python3.12/site-packages/airflow/example_dags/example_branch_python_dop_operator_3.py
[2025-06-26T22:55:34.047+0000] {processor.py:925} INFO - DAG(s) 'example_branch_dop_operator_v3' retrieved from /home/airflow/.local/lib/python3.12/site-packages/airflow/example_dags/example_branch_python_dop_operator_3.py
[2025-06-26T22:55:34.987+0000] {logging_mixin.py:190} INFO - [2025-06-26T22:55:34.858+0000] {override.py:1900} INFO - Created Permission View: can read on DAG:example_branch_dop_operator_v3
[2025-06-26T22:55:35.730+0000] {logging_mixin.py:190} INFO - [2025-06-26T22:55:35.696+0000] {override.py:1900} INFO - Created Permission View: can delete on DAG:example_branch_dop_operator_v3
[2025-06-26T22:55:35.773+0000] {logging_mixin.py:190} INFO - [2025-06-26T22:55:35.771+0000] {override.py:1900} INFO - Created Permission View: can edit on DAG:example_branch_dop_operator_v3
[2025-06-26T22:55:35.797+0000] {logging_mixin.py:190} INFO - [2025-06-26T22:55:35.796+0000] {override.py:1900} INFO - Created Permission View: can read on DAG Run:example_branch_dop_operator_v3
[2025-06-26T22:55:35.820+0000] {logging_mixin.py:190} INFO - [2025-06-26T22:55:35.820+0000] {override.py:1900} INFO - Created Permission View: menu access on DAG Run:example_branch_dop_operator_v3
[2025-06-26T22:55:35.851+0000] {logging_mixin.py:190} INFO - [2025-06-26T22:55:35.850+0000] {override.py:1900} INFO - Created Permission View: can delete on DAG Run:example_branch_dop_operator_v3
[2025-06-26T22:55:35.872+0000] {logging_mixin.py:190} INFO - [2025-06-26T22:55:35.871+0000] {override.py:1900} INFO - Created Permission View: can create on DAG Run:example_branch_dop_operator_v3
[2025-06-26T22:55:35.882+0000] {logging_mixin.py:190} INFO - [2025-06-26T22:55:35.882+0000] {dag.py:3239} INFO - Sync 1 DAGs
[2025-06-26T22:55:35.924+0000] {logging_mixin.py:190} INFO - [2025-06-26T22:55:35.924+0000] {dag.py:3262} INFO - Creating ORM DAG for example_branch_dop_operator_v3
[2025-06-26T22:55:36.006+0000] {logging_mixin.py:190} INFO - [2025-06-26T22:55:36.006+0000] {dag.py:4180} INFO - Setting next_dagrun for example_branch_dop_operator_v3 to 2025-06-26 22:54:00+00:00, run_after=2025-06-26 22:55:00+00:00
[2025-06-26T22:55:36.064+0000] {processor.py:208} INFO - Processing /home/airflow/.local/lib/python3.12/site-packages/airflow/example_dags/example_branch_python_dop_operator_3.py took 2.171 seconds
[2025-06-26T22:56:06.938+0000] {processor.py:186} INFO - Started process (PID=150) to work on /home/airflow/.local/lib/python3.12/site-packages/airflow/example_dags/example_branch_python_dop_operator_3.py
[2025-06-26T22:56:06.941+0000] {processor.py:914} INFO - Processing file /home/airflow/.local/lib/python3.12/site-packages/airflow/example_dags/example_branch_python_dop_operator_3.py for tasks to queue
[2025-06-26T22:56:06.951+0000] {logging_mixin.py:190} INFO - [2025-06-26T22:56:06.951+0000] {dagbag.py:588} INFO - Filling up the DagBag from /home/airflow/.local/lib/python3.12/site-packages/airflow/example_dags/example_branch_python_dop_operator_3.py
[2025-06-26T22:56:06.983+0000] {processor.py:925} INFO - DAG(s) 'example_branch_dop_operator_v3' retrieved from /home/airflow/.local/lib/python3.12/site-packages/airflow/example_dags/example_branch_python_dop_operator_3.py
[2025-06-26T22:56:07.049+0000] {logging_mixin.py:190} INFO - [2025-06-26T22:56:07.047+0000] {dag.py:3239} INFO - Sync 1 DAGs
[2025-06-26T22:56:07.089+0000] {logging_mixin.py:190} INFO - [2025-06-26T22:56:07.089+0000] {dag.py:4180} INFO - Setting next_dagrun for example_branch_dop_operator_v3 to 2025-06-26 22:55:00+00:00, run_after=2025-06-26 22:56:00+00:00
[2025-06-26T22:56:07.118+0000] {processor.py:208} INFO - Processing /home/airflow/.local/lib/python3.12/site-packages/airflow/example_dags/example_branch_python_dop_operator_3.py took 0.204 seconds
[2025-06-26T22:56:37.608+0000] {processor.py:186} INFO - Started process (PID=212) to work on /home/airflow/.local/lib/python3.12/site-packages/airflow/example_dags/example_branch_python_dop_operator_3.py
[2025-06-26T22:56:37.611+0000] {processor.py:914} INFO - Processing file /home/airflow/.local/lib/python3.12/site-packages/airflow/example_dags/example_branch_python_dop_operator_3.py for tasks to queue
[2025-06-26T22:56:37.616+0000] {logging_mixin.py:190} INFO - [2025-06-26T22:56:37.616+0000] {dagbag.py:588} INFO - Filling up the DagBag from /home/airflow/.local/lib/python3.12/site-packages/airflow/example_dags/example_branch_python_dop_operator_3.py
[2025-06-26T22:56:37.639+0000] {processor.py:925} INFO - DAG(s) 'example_branch_dop_operator_v3' retrieved from /home/airflow/.local/lib/python3.12/site-packages/airflow/example_dags/example_branch_python_dop_operator_3.py
[2025-06-26T22:56:37.699+0000] {logging_mixin.py:190} INFO - [2025-06-26T22:56:37.699+0000] {dag.py:3239} INFO - Sync 1 DAGs
[2025-06-26T22:56:37.758+0000] {logging_mixin.py:190} INFO - [2025-06-26T22:56:37.758+0000] {dag.py:4180} INFO - Setting next_dagrun for example_branch_dop_operator_v3 to 2025-06-26 22:55:00+00:00, run_after=2025-06-26 22:56:00+00:00
[2025-06-26T22:56:37.777+0000] {processor.py:208} INFO - Processing /home/airflow/.local/lib/python3.12/site-packages/airflow/example_dags/example_branch_python_dop_operator_3.py took 0.196 seconds
[2025-06-26T22:57:11.821+0000] {processor.py:186} INFO - Started process (PID=274) to work on /home/airflow/.local/lib/python3.12/site-packages/airflow/example_dags/example_branch_python_dop_operator_3.py
[2025-06-26T22:57:11.828+0000] {processor.py:914} INFO - Processing file /home/airflow/.local/lib/python3.12/site-packages/airflow/example_dags/example_branch_python_dop_operator_3.py for tasks to queue
[2025-06-26T22:57:11.859+0000] {logging_mixin.py:190} INFO - [2025-06-26T22:57:11.855+0000] {dagbag.py:588} INFO - Filling up the DagBag from /home/airflow/.local/lib/python3.12/site-packages/airflow/example_dags/example_branch_python_dop_operator_3.py
[2025-06-26T22:57:11.922+0000] {processor.py:925} INFO - DAG(s) 'example_branch_dop_operator_v3' retrieved from /home/airflow/.local/lib/python3.12/site-packages/airflow/example_dags/example_branch_python_dop_operator_3.py
[2025-06-26T22:57:12.002+0000] {logging_mixin.py:190} INFO - [2025-06-26T22:57:12.002+0000] {dag.py:3239} INFO - Sync 1 DAGs
[2025-06-26T22:57:12.065+0000] {logging_mixin.py:190} INFO - [2025-06-26T22:57:12.064+0000] {dag.py:4180} INFO - Setting next_dagrun for example_branch_dop_operator_v3 to 2025-06-26 22:56:00+00:00, run_after=2025-06-26 22:57:00+00:00
[2025-06-26T22:57:12.110+0000] {processor.py:208} INFO - Processing /home/airflow/.local/lib/python3.12/site-packages/airflow/example_dags/example_branch_python_dop_operator_3.py took 0.341 seconds
[2025-06-26T22:57:58.779+0000] {processor.py:186} INFO - Started process (PID=336) to work on /home/airflow/.local/lib/python3.12/site-packages/airflow/example_dags/example_branch_python_dop_operator_3.py
[2025-06-26T22:57:58.780+0000] {processor.py:914} INFO - Processing file /home/airflow/.local/lib/python3.12/site-packages/airflow/example_dags/example_branch_python_dop_operator_3.py for tasks to queue
[2025-06-26T22:57:58.784+0000] {logging_mixin.py:190} INFO - [2025-06-26T22:57:58.784+0000] {dagbag.py:588} INFO - Filling up the DagBag from /home/airflow/.local/lib/python3.12/site-packages/airflow/example_dags/example_branch_python_dop_operator_3.py
[2025-06-26T22:57:58.805+0000] {processor.py:925} INFO - DAG(s) 'example_branch_dop_operator_v3' retrieved from /home/airflow/.local/lib/python3.12/site-packages/airflow/example_dags/example_branch_python_dop_operator_3.py
[2025-06-26T22:57:58.858+0000] {logging_mixin.py:190} INFO - [2025-06-26T22:57:58.857+0000] {dag.py:3239} INFO - Sync 1 DAGs
[2025-06-26T22:57:58.926+0000] {logging_mixin.py:190} INFO - [2025-06-26T22:57:58.926+0000] {dag.py:4180} INFO - Setting next_dagrun for example_branch_dop_operator_v3 to 2025-06-26 22:56:00+00:00, run_after=2025-06-26 22:57:00+00:00
[2025-06-26T22:57:58.956+0000] {processor.py:208} INFO - Processing /home/airflow/.local/lib/python3.12/site-packages/airflow/example_dags/example_branch_python_dop_operator_3.py took 0.191 seconds
[2025-06-26T22:58:29.883+0000] {processor.py:186} INFO - Started process (PID=398) to work on /home/airflow/.local/lib/python3.12/site-packages/airflow/example_dags/example_branch_python_dop_operator_3.py
[2025-06-26T22:58:29.887+0000] {processor.py:914} INFO - Processing file /home/airflow/.local/lib/python3.12/site-packages/airflow/example_dags/example_branch_python_dop_operator_3.py for tasks to queue
[2025-06-26T22:58:29.890+0000] {logging_mixin.py:190} INFO - [2025-06-26T22:58:29.890+0000] {dagbag.py:588} INFO - Filling up the DagBag from /home/airflow/.local/lib/python3.12/site-packages/airflow/example_dags/example_branch_python_dop_operator_3.py
[2025-06-26T22:58:29.937+0000] {processor.py:925} INFO - DAG(s) 'example_branch_dop_operator_v3' retrieved from /home/airflow/.local/lib/python3.12/site-packages/airflow/example_dags/example_branch_python_dop_operator_3.py
[2025-06-26T22:58:30.017+0000] {logging_mixin.py:190} INFO - [2025-06-26T22:58:30.016+0000] {dag.py:3239} INFO - Sync 1 DAGs
[2025-06-26T22:58:30.126+0000] {logging_mixin.py:190} INFO - [2025-06-26T22:58:30.126+0000] {dag.py:4180} INFO - Setting next_dagrun for example_branch_dop_operator_v3 to 2025-06-26 22:57:00+00:00, run_after=2025-06-26 22:58:00+00:00
[2025-06-26T22:58:30.161+0000] {processor.py:208} INFO - Processing /home/airflow/.local/lib/python3.12/site-packages/airflow/example_dags/example_branch_python_dop_operator_3.py took 0.292 seconds
[2025-06-26T22:59:06.748+0000] {processor.py:186} INFO - Started process (PID=460) to work on /home/airflow/.local/lib/python3.12/site-packages/airflow/example_dags/example_branch_python_dop_operator_3.py
[2025-06-26T22:59:06.759+0000] {processor.py:914} INFO - Processing file /home/airflow/.local/lib/python3.12/site-packages/airflow/example_dags/example_branch_python_dop_operator_3.py for tasks to queue
[2025-06-26T22:59:06.766+0000] {logging_mixin.py:190} INFO - [2025-06-26T22:59:06.765+0000] {dagbag.py:588} INFO - Filling up the DagBag from /home/airflow/.local/lib/python3.12/site-packages/airflow/example_dags/example_branch_python_dop_operator_3.py
[2025-06-26T22:59:06.830+0000] {processor.py:925} INFO - DAG(s) 'example_branch_dop_operator_v3' retrieved from /home/airflow/.local/lib/python3.12/site-packages/airflow/example_dags/example_branch_python_dop_operator_3.py
[2025-06-26T22:59:07.095+0000] {logging_mixin.py:190} INFO - [2025-06-26T22:59:07.092+0000] {dag.py:3239} INFO - Sync 1 DAGs
[2025-06-26T22:59:07.312+0000] {logging_mixin.py:190} INFO - [2025-06-26T22:59:07.309+0000] {dag.py:4180} INFO - Setting next_dagrun for example_branch_dop_operator_v3 to 2025-06-26 22:58:00+00:00, run_after=2025-06-26 22:59:00+00:00
[2025-06-26T22:59:07.502+0000] {processor.py:208} INFO - Processing /home/airflow/.local/lib/python3.12/site-packages/airflow/example_dags/example_branch_python_dop_operator_3.py took 0.784 seconds
[2025-06-26T22:59:40.918+0000] {processor.py:186} INFO - Started process (PID=498) to work on /home/airflow/.local/lib/python3.12/site-packages/airflow/example_dags/example_branch_python_dop_operator_3.py
[2025-06-26T22:59:40.919+0000] {processor.py:914} INFO - Processing file /home/airflow/.local/lib/python3.12/site-packages/airflow/example_dags/example_branch_python_dop_operator_3.py for tasks to queue
[2025-06-26T22:59:40.922+0000] {logging_mixin.py:190} INFO - [2025-06-26T22:59:40.922+0000] {dagbag.py:588} INFO - Filling up the DagBag from /home/airflow/.local/lib/python3.12/site-packages/airflow/example_dags/example_branch_python_dop_operator_3.py
[2025-06-26T22:59:40.935+0000] {processor.py:925} INFO - DAG(s) 'example_branch_dop_operator_v3' retrieved from /home/airflow/.local/lib/python3.12/site-packages/airflow/example_dags/example_branch_python_dop_operator_3.py
[2025-06-26T22:59:40.961+0000] {logging_mixin.py:190} INFO - [2025-06-26T22:59:40.960+0000] {dag.py:3239} INFO - Sync 1 DAGs
[2025-06-26T22:59:41.002+0000] {logging_mixin.py:190} INFO - [2025-06-26T22:59:41.002+0000] {dag.py:4180} INFO - Setting next_dagrun for example_branch_dop_operator_v3 to 2025-06-26 22:58:00+00:00, run_after=2025-06-26 22:59:00+00:00
[2025-06-26T22:59:41.026+0000] {processor.py:208} INFO - Processing /home/airflow/.local/lib/python3.12/site-packages/airflow/example_dags/example_branch_python_dop_operator_3.py took 0.113 seconds
[2025-06-26T23:00:11.798+0000] {processor.py:186} INFO - Started process (PID=565) to work on /home/airflow/.local/lib/python3.12/site-packages/airflow/example_dags/example_branch_python_dop_operator_3.py
[2025-06-26T23:00:11.801+0000] {processor.py:914} INFO - Processing file /home/airflow/.local/lib/python3.12/site-packages/airflow/example_dags/example_branch_python_dop_operator_3.py for tasks to queue
[2025-06-26T23:00:11.805+0000] {logging_mixin.py:190} INFO - [2025-06-26T23:00:11.804+0000] {dagbag.py:588} INFO - Filling up the DagBag from /home/airflow/.local/lib/python3.12/site-packages/airflow/example_dags/example_branch_python_dop_operator_3.py
[2025-06-26T23:00:11.816+0000] {processor.py:925} INFO - DAG(s) 'example_branch_dop_operator_v3' retrieved from /home/airflow/.local/lib/python3.12/site-packages/airflow/example_dags/example_branch_python_dop_operator_3.py
[2025-06-26T23:00:11.832+0000] {logging_mixin.py:190} INFO - [2025-06-26T23:00:11.832+0000] {dag.py:3239} INFO - Sync 1 DAGs
[2025-06-26T23:00:11.873+0000] {logging_mixin.py:190} INFO - [2025-06-26T23:00:11.873+0000] {dag.py:4180} INFO - Setting next_dagrun for example_branch_dop_operator_v3 to 2025-06-26 22:59:00+00:00, run_after=2025-06-26 23:00:00+00:00
[2025-06-26T23:00:11.923+0000] {processor.py:208} INFO - Processing /home/airflow/.local/lib/python3.12/site-packages/airflow/example_dags/example_branch_python_dop_operator_3.py took 0.132 seconds
[2025-06-26T23:00:44.889+0000] {processor.py:186} INFO - Started process (PID=626) to work on /home/airflow/.local/lib/python3.12/site-packages/airflow/example_dags/example_branch_python_dop_operator_3.py
[2025-06-26T23:00:44.892+0000] {processor.py:914} INFO - Processing file /home/airflow/.local/lib/python3.12/site-packages/airflow/example_dags/example_branch_python_dop_operator_3.py for tasks to queue
[2025-06-26T23:00:44.894+0000] {logging_mixin.py:190} INFO - [2025-06-26T23:00:44.894+0000] {dagbag.py:588} INFO - Filling up the DagBag from /home/airflow/.local/lib/python3.12/site-packages/airflow/example_dags/example_branch_python_dop_operator_3.py
[2025-06-26T23:00:44.904+0000] {processor.py:925} INFO - DAG(s) 'example_branch_dop_operator_v3' retrieved from /home/airflow/.local/lib/python3.12/site-packages/airflow/example_dags/example_branch_python_dop_operator_3.py
[2025-06-26T23:00:44.920+0000] {logging_mixin.py:190} INFO - [2025-06-26T23:00:44.920+0000] {dag.py:3239} INFO - Sync 1 DAGs
[2025-06-26T23:00:44.944+0000] {logging_mixin.py:190} INFO - [2025-06-26T23:00:44.944+0000] {dag.py:4180} INFO - Setting next_dagrun for example_branch_dop_operator_v3 to 2025-06-26 22:59:00+00:00, run_after=2025-06-26 23:00:00+00:00
[2025-06-26T23:00:44.959+0000] {processor.py:208} INFO - Processing /home/airflow/.local/lib/python3.12/site-packages/airflow/example_dags/example_branch_python_dop_operator_3.py took 0.076 seconds
[2025-06-26T23:01:17.476+0000] {processor.py:186} INFO - Started process (PID=688) to work on /home/airflow/.local/lib/python3.12/site-packages/airflow/example_dags/example_branch_python_dop_operator_3.py
[2025-06-26T23:01:17.479+0000] {processor.py:914} INFO - Processing file /home/airflow/.local/lib/python3.12/site-packages/airflow/example_dags/example_branch_python_dop_operator_3.py for tasks to queue
[2025-06-26T23:01:17.480+0000] {logging_mixin.py:190} INFO - [2025-06-26T23:01:17.480+0000] {dagbag.py:588} INFO - Filling up the DagBag from /home/airflow/.local/lib/python3.12/site-packages/airflow/example_dags/example_branch_python_dop_operator_3.py
[2025-06-26T23:01:17.487+0000] {processor.py:925} INFO - DAG(s) 'example_branch_dop_operator_v3' retrieved from /home/airflow/.local/lib/python3.12/site-packages/airflow/example_dags/example_branch_python_dop_operator_3.py
[2025-06-26T23:01:17.506+0000] {logging_mixin.py:190} INFO - [2025-06-26T23:01:17.506+0000] {dag.py:3239} INFO - Sync 1 DAGs
[2025-06-26T23:01:17.530+0000] {logging_mixin.py:190} INFO - [2025-06-26T23:01:17.530+0000] {dag.py:4180} INFO - Setting next_dagrun for example_branch_dop_operator_v3 to 2025-06-26 23:00:00+00:00, run_after=2025-06-26 23:01:00+00:00
[2025-06-26T23:01:17.543+0000] {processor.py:208} INFO - Processing /home/airflow/.local/lib/python3.12/site-packages/airflow/example_dags/example_branch_python_dop_operator_3.py took 0.072 seconds
[2025-06-26T23:01:48.897+0000] {processor.py:186} INFO - Started process (PID=750) to work on /home/airflow/.local/lib/python3.12/site-packages/airflow/example_dags/example_branch_python_dop_operator_3.py
[2025-06-26T23:01:48.902+0000] {processor.py:914} INFO - Processing file /home/airflow/.local/lib/python3.12/site-packages/airflow/example_dags/example_branch_python_dop_operator_3.py for tasks to queue
[2025-06-26T23:01:48.912+0000] {logging_mixin.py:190} INFO - [2025-06-26T23:01:48.911+0000] {dagbag.py:588} INFO - Filling up the DagBag from /home/airflow/.local/lib/python3.12/site-packages/airflow/example_dags/example_branch_python_dop_operator_3.py
[2025-06-26T23:01:48.936+0000] {processor.py:925} INFO - DAG(s) 'example_branch_dop_operator_v3' retrieved from /home/airflow/.local/lib/python3.12/site-packages/airflow/example_dags/example_branch_python_dop_operator_3.py
[2025-06-26T23:01:49.061+0000] {logging_mixin.py:190} INFO - [2025-06-26T23:01:49.060+0000] {dag.py:3239} INFO - Sync 1 DAGs
[2025-06-26T23:01:49.132+0000] {logging_mixin.py:190} INFO - [2025-06-26T23:01:49.131+0000] {dag.py:4180} INFO - Setting next_dagrun for example_branch_dop_operator_v3 to 2025-06-26 23:00:00+00:00, run_after=2025-06-26 23:01:00+00:00
[2025-06-26T23:01:49.156+0000] {processor.py:208} INFO - Processing /home/airflow/.local/lib/python3.12/site-packages/airflow/example_dags/example_branch_python_dop_operator_3.py took 0.272 seconds
[2025-06-26T23:02:19.710+0000] {processor.py:186} INFO - Started process (PID=812) to work on /home/airflow/.local/lib/python3.12/site-packages/airflow/example_dags/example_branch_python_dop_operator_3.py
[2025-06-26T23:02:19.711+0000] {processor.py:914} INFO - Processing file /home/airflow/.local/lib/python3.12/site-packages/airflow/example_dags/example_branch_python_dop_operator_3.py for tasks to queue
[2025-06-26T23:02:19.713+0000] {logging_mixin.py:190} INFO - [2025-06-26T23:02:19.713+0000] {dagbag.py:588} INFO - Filling up the DagBag from /home/airflow/.local/lib/python3.12/site-packages/airflow/example_dags/example_branch_python_dop_operator_3.py
[2025-06-26T23:02:19.722+0000] {processor.py:925} INFO - DAG(s) 'example_branch_dop_operator_v3' retrieved from /home/airflow/.local/lib/python3.12/site-packages/airflow/example_dags/example_branch_python_dop_operator_3.py
[2025-06-26T23:02:19.742+0000] {logging_mixin.py:190} INFO - [2025-06-26T23:02:19.742+0000] {dag.py:3239} INFO - Sync 1 DAGs
[2025-06-26T23:02:19.765+0000] {logging_mixin.py:190} INFO - [2025-06-26T23:02:19.765+0000] {dag.py:4180} INFO - Setting next_dagrun for example_branch_dop_operator_v3 to 2025-06-26 23:01:00+00:00, run_after=2025-06-26 23:02:00+00:00
[2025-06-26T23:02:19.779+0000] {processor.py:208} INFO - Processing /home/airflow/.local/lib/python3.12/site-packages/airflow/example_dags/example_branch_python_dop_operator_3.py took 0.073 seconds
[2025-06-26T23:02:55.632+0000] {processor.py:186} INFO - Started process (PID=878) to work on /home/airflow/.local/lib/python3.12/site-packages/airflow/example_dags/example_branch_python_dop_operator_3.py
[2025-06-26T23:02:55.634+0000] {processor.py:914} INFO - Processing file /home/airflow/.local/lib/python3.12/site-packages/airflow/example_dags/example_branch_python_dop_operator_3.py for tasks to queue
[2025-06-26T23:02:55.637+0000] {logging_mixin.py:190} INFO - [2025-06-26T23:02:55.636+0000] {dagbag.py:588} INFO - Filling up the DagBag from /home/airflow/.local/lib/python3.12/site-packages/airflow/example_dags/example_branch_python_dop_operator_3.py
[2025-06-26T23:02:55.655+0000] {processor.py:925} INFO - DAG(s) 'example_branch_dop_operator_v3' retrieved from /home/airflow/.local/lib/python3.12/site-packages/airflow/example_dags/example_branch_python_dop_operator_3.py
[2025-06-26T23:02:55.679+0000] {logging_mixin.py:190} INFO - [2025-06-26T23:02:55.679+0000] {dag.py:3239} INFO - Sync 1 DAGs
[2025-06-26T23:02:55.709+0000] {logging_mixin.py:190} INFO - [2025-06-26T23:02:55.708+0000] {dag.py:4180} INFO - Setting next_dagrun for example_branch_dop_operator_v3 to 2025-06-26 23:01:00+00:00, run_after=2025-06-26 23:02:00+00:00
[2025-06-26T23:02:55.729+0000] {processor.py:208} INFO - Processing /home/airflow/.local/lib/python3.12/site-packages/airflow/example_dags/example_branch_python_dop_operator_3.py took 0.105 seconds
[2025-06-26T23:03:41.856+0000] {processor.py:186} INFO - Started process (PID=937) to work on /home/airflow/.local/lib/python3.12/site-packages/airflow/example_dags/example_branch_python_dop_operator_3.py
[2025-06-26T23:03:41.858+0000] {processor.py:914} INFO - Processing file /home/airflow/.local/lib/python3.12/site-packages/airflow/example_dags/example_branch_python_dop_operator_3.py for tasks to queue
[2025-06-26T23:03:41.864+0000] {logging_mixin.py:190} INFO - [2025-06-26T23:03:41.864+0000] {dagbag.py:588} INFO - Filling up the DagBag from /home/airflow/.local/lib/python3.12/site-packages/airflow/example_dags/example_branch_python_dop_operator_3.py
[2025-06-26T23:03:41.876+0000] {processor.py:925} INFO - DAG(s) 'example_branch_dop_operator_v3' retrieved from /home/airflow/.local/lib/python3.12/site-packages/airflow/example_dags/example_branch_python_dop_operator_3.py
[2025-06-26T23:03:41.897+0000] {logging_mixin.py:190} INFO - [2025-06-26T23:03:41.897+0000] {dag.py:3239} INFO - Sync 1 DAGs
[2025-06-26T23:03:41.928+0000] {logging_mixin.py:190} INFO - [2025-06-26T23:03:41.928+0000] {dag.py:4180} INFO - Setting next_dagrun for example_branch_dop_operator_v3 to 2025-06-26 23:02:00+00:00, run_after=2025-06-26 23:03:00+00:00
[2025-06-26T23:03:41.945+0000] {processor.py:208} INFO - Processing /home/airflow/.local/lib/python3.12/site-packages/airflow/example_dags/example_branch_python_dop_operator_3.py took 0.098 seconds
[2025-06-26T23:04:34.490+0000] {processor.py:186} INFO - Started process (PID=1010) to work on /home/airflow/.local/lib/python3.12/site-packages/airflow/example_dags/example_branch_python_dop_operator_3.py
[2025-06-26T23:04:34.491+0000] {processor.py:914} INFO - Processing file /home/airflow/.local/lib/python3.12/site-packages/airflow/example_dags/example_branch_python_dop_operator_3.py for tasks to queue
[2025-06-26T23:04:34.493+0000] {logging_mixin.py:190} INFO - [2025-06-26T23:04:34.493+0000] {dagbag.py:588} INFO - Filling up the DagBag from /home/airflow/.local/lib/python3.12/site-packages/airflow/example_dags/example_branch_python_dop_operator_3.py
[2025-06-26T23:04:34.504+0000] {processor.py:925} INFO - DAG(s) 'example_branch_dop_operator_v3' retrieved from /home/airflow/.local/lib/python3.12/site-packages/airflow/example_dags/example_branch_python_dop_operator_3.py
[2025-06-26T23:04:34.519+0000] {logging_mixin.py:190} INFO - [2025-06-26T23:04:34.519+0000] {dag.py:3239} INFO - Sync 1 DAGs
[2025-06-26T23:04:34.543+0000] {logging_mixin.py:190} INFO - [2025-06-26T23:04:34.543+0000] {dag.py:4180} INFO - Setting next_dagrun for example_branch_dop_operator_v3 to 2025-06-26 23:03:00+00:00, run_after=2025-06-26 23:04:00+00:00
[2025-06-26T23:04:34.555+0000] {processor.py:208} INFO - Processing /home/airflow/.local/lib/python3.12/site-packages/airflow/example_dags/example_branch_python_dop_operator_3.py took 0.070 seconds
[2025-06-26T23:05:11.028+0000] {processor.py:186} INFO - Started process (PID=1071) to work on /home/airflow/.local/lib/python3.12/site-packages/airflow/example_dags/example_branch_python_dop_operator_3.py
[2025-06-26T23:05:11.029+0000] {processor.py:914} INFO - Processing file /home/airflow/.local/lib/python3.12/site-packages/airflow/example_dags/example_branch_python_dop_operator_3.py for tasks to queue
[2025-06-26T23:05:11.030+0000] {logging_mixin.py:190} INFO - [2025-06-26T23:05:11.030+0000] {dagbag.py:588} INFO - Filling up the DagBag from /home/airflow/.local/lib/python3.12/site-packages/airflow/example_dags/example_branch_python_dop_operator_3.py
[2025-06-26T23:05:11.046+0000] {processor.py:925} INFO - DAG(s) 'example_branch_dop_operator_v3' retrieved from /home/airflow/.local/lib/python3.12/site-packages/airflow/example_dags/example_branch_python_dop_operator_3.py
[2025-06-26T23:05:11.080+0000] {logging_mixin.py:190} INFO - [2025-06-26T23:05:11.080+0000] {dag.py:3239} INFO - Sync 1 DAGs
[2025-06-26T23:05:11.117+0000] {logging_mixin.py:190} INFO - [2025-06-26T23:05:11.116+0000] {dag.py:4180} INFO - Setting next_dagrun for example_branch_dop_operator_v3 to 2025-06-26 23:04:00+00:00, run_after=2025-06-26 23:05:00+00:00
[2025-06-26T23:05:11.139+0000] {processor.py:208} INFO - Processing /home/airflow/.local/lib/python3.12/site-packages/airflow/example_dags/example_branch_python_dop_operator_3.py took 0.117 seconds
[2025-06-26T23:05:42.325+0000] {processor.py:186} INFO - Started process (PID=1133) to work on /home/airflow/.local/lib/python3.12/site-packages/airflow/example_dags/example_branch_python_dop_operator_3.py
[2025-06-26T23:05:42.329+0000] {processor.py:914} INFO - Processing file /home/airflow/.local/lib/python3.12/site-packages/airflow/example_dags/example_branch_python_dop_operator_3.py for tasks to queue
[2025-06-26T23:05:42.332+0000] {logging_mixin.py:190} INFO - [2025-06-26T23:05:42.331+0000] {dagbag.py:588} INFO - Filling up the DagBag from /home/airflow/.local/lib/python3.12/site-packages/airflow/example_dags/example_branch_python_dop_operator_3.py
[2025-06-26T23:05:42.342+0000] {processor.py:925} INFO - DAG(s) 'example_branch_dop_operator_v3' retrieved from /home/airflow/.local/lib/python3.12/site-packages/airflow/example_dags/example_branch_python_dop_operator_3.py
[2025-06-26T23:05:42.361+0000] {logging_mixin.py:190} INFO - [2025-06-26T23:05:42.361+0000] {dag.py:3239} INFO - Sync 1 DAGs
[2025-06-26T23:05:42.381+0000] {logging_mixin.py:190} INFO - [2025-06-26T23:05:42.381+0000] {dag.py:4180} INFO - Setting next_dagrun for example_branch_dop_operator_v3 to 2025-06-26 23:04:00+00:00, run_after=2025-06-26 23:05:00+00:00
[2025-06-26T23:05:42.393+0000] {processor.py:208} INFO - Processing /home/airflow/.local/lib/python3.12/site-packages/airflow/example_dags/example_branch_python_dop_operator_3.py took 0.074 seconds
[2025-06-26T23:06:17.771+0000] {processor.py:186} INFO - Started process (PID=1195) to work on /home/airflow/.local/lib/python3.12/site-packages/airflow/example_dags/example_branch_python_dop_operator_3.py
[2025-06-26T23:06:17.773+0000] {processor.py:914} INFO - Processing file /home/airflow/.local/lib/python3.12/site-packages/airflow/example_dags/example_branch_python_dop_operator_3.py for tasks to queue
[2025-06-26T23:06:17.777+0000] {logging_mixin.py:190} INFO - [2025-06-26T23:06:17.776+0000] {dagbag.py:588} INFO - Filling up the DagBag from /home/airflow/.local/lib/python3.12/site-packages/airflow/example_dags/example_branch_python_dop_operator_3.py
[2025-06-26T23:06:17.821+0000] {processor.py:925} INFO - DAG(s) 'example_branch_dop_operator_v3' retrieved from /home/airflow/.local/lib/python3.12/site-packages/airflow/example_dags/example_branch_python_dop_operator_3.py
[2025-06-26T23:06:17.910+0000] {logging_mixin.py:190} INFO - [2025-06-26T23:06:17.908+0000] {dag.py:3239} INFO - Sync 1 DAGs
[2025-06-26T23:06:17.938+0000] {logging_mixin.py:190} INFO - [2025-06-26T23:06:17.938+0000] {dag.py:4180} INFO - Setting next_dagrun for example_branch_dop_operator_v3 to 2025-06-26 23:05:00+00:00, run_after=2025-06-26 23:06:00+00:00
[2025-06-26T23:06:17.951+0000] {processor.py:208} INFO - Processing /home/airflow/.local/lib/python3.12/site-packages/airflow/example_dags/example_branch_python_dop_operator_3.py took 0.193 seconds
[2025-06-26T23:06:48.818+0000] {processor.py:186} INFO - Started process (PID=1257) to work on /home/airflow/.local/lib/python3.12/site-packages/airflow/example_dags/example_branch_python_dop_operator_3.py
[2025-06-26T23:06:48.820+0000] {processor.py:914} INFO - Processing file /home/airflow/.local/lib/python3.12/site-packages/airflow/example_dags/example_branch_python_dop_operator_3.py for tasks to queue
[2025-06-26T23:06:48.822+0000] {logging_mixin.py:190} INFO - [2025-06-26T23:06:48.822+0000] {dagbag.py:588} INFO - Filling up the DagBag from /home/airflow/.local/lib/python3.12/site-packages/airflow/example_dags/example_branch_python_dop_operator_3.py
[2025-06-26T23:06:48.830+0000] {processor.py:925} INFO - DAG(s) 'example_branch_dop_operator_v3' retrieved from /home/airflow/.local/lib/python3.12/site-packages/airflow/example_dags/example_branch_python_dop_operator_3.py
[2025-06-26T23:06:48.843+0000] {logging_mixin.py:190} INFO - [2025-06-26T23:06:48.843+0000] {dag.py:3239} INFO - Sync 1 DAGs
[2025-06-26T23:06:48.861+0000] {logging_mixin.py:190} INFO - [2025-06-26T23:06:48.861+0000] {dag.py:4180} INFO - Setting next_dagrun for example_branch_dop_operator_v3 to 2025-06-26 23:05:00+00:00, run_after=2025-06-26 23:06:00+00:00
[2025-06-26T23:06:48.872+0000] {processor.py:208} INFO - Processing /home/airflow/.local/lib/python3.12/site-packages/airflow/example_dags/example_branch_python_dop_operator_3.py took 0.062 seconds
[2025-06-26T23:07:19.092+0000] {processor.py:186} INFO - Started process (PID=1319) to work on /home/airflow/.local/lib/python3.12/site-packages/airflow/example_dags/example_branch_python_dop_operator_3.py
[2025-06-26T23:07:19.098+0000] {processor.py:914} INFO - Processing file /home/airflow/.local/lib/python3.12/site-packages/airflow/example_dags/example_branch_python_dop_operator_3.py for tasks to queue
[2025-06-26T23:07:19.101+0000] {logging_mixin.py:190} INFO - [2025-06-26T23:07:19.101+0000] {dagbag.py:588} INFO - Filling up the DagBag from /home/airflow/.local/lib/python3.12/site-packages/airflow/example_dags/example_branch_python_dop_operator_3.py
[2025-06-26T23:07:19.115+0000] {processor.py:925} INFO - DAG(s) 'example_branch_dop_operator_v3' retrieved from /home/airflow/.local/lib/python3.12/site-packages/airflow/example_dags/example_branch_python_dop_operator_3.py
[2025-06-26T23:07:19.142+0000] {logging_mixin.py:190} INFO - [2025-06-26T23:07:19.142+0000] {dag.py:3239} INFO - Sync 1 DAGs
[2025-06-26T23:07:19.169+0000] {logging_mixin.py:190} INFO - [2025-06-26T23:07:19.169+0000] {dag.py:4180} INFO - Setting next_dagrun for example_branch_dop_operator_v3 to 2025-06-26 23:06:00+00:00, run_after=2025-06-26 23:07:00+00:00
[2025-06-26T23:07:19.197+0000] {processor.py:208} INFO - Processing /home/airflow/.local/lib/python3.12/site-packages/airflow/example_dags/example_branch_python_dop_operator_3.py took 0.123 seconds
