[2025-06-26T22:55:31.599+0000] {processor.py:186} INFO - Started process (PID=75) to work on /home/airflow/.local/lib/python3.12/site-packages/airflow/example_dags/example_sensors.py
[2025-06-26T22:55:31.603+0000] {processor.py:914} INFO - Processing file /home/airflow/.local/lib/python3.12/site-packages/airflow/example_dags/example_sensors.py for tasks to queue
[2025-06-26T22:55:31.611+0000] {logging_mixin.py:190} INFO - [2025-06-26T22:55:31.610+0000] {dagbag.py:588} INFO - Filling up the DagBag from /home/airflow/.local/lib/python3.12/site-packages/airflow/example_dags/example_sensors.py
[2025-06-26T22:55:31.654+0000] {processor.py:925} INFO - DAG(s) 'example_sensors' retrieved from /home/airflow/.local/lib/python3.12/site-packages/airflow/example_dags/example_sensors.py
[2025-06-26T22:55:32.069+0000] {logging_mixin.py:190} INFO - [2025-06-26T22:55:32.062+0000] {override.py:1900} INFO - Created Permission View: can read on DAG:example_sensors
[2025-06-26T22:55:32.100+0000] {logging_mixin.py:190} INFO - [2025-06-26T22:55:32.100+0000] {override.py:1900} INFO - Created Permission View: can delete on DAG:example_sensors
[2025-06-26T22:55:32.106+0000] {logging_mixin.py:190} INFO - [2025-06-26T22:55:32.105+0000] {override.py:1900} INFO - Created Permission View: can edit on DAG:example_sensors
[2025-06-26T22:55:32.119+0000] {logging_mixin.py:190} INFO - [2025-06-26T22:55:32.119+0000] {override.py:1900} INFO - Created Permission View: can read on DAG Run:example_sensors
[2025-06-26T22:55:32.128+0000] {logging_mixin.py:190} INFO - [2025-06-26T22:55:32.128+0000] {override.py:1900} INFO - Created Permission View: menu access on DAG Run:example_sensors
[2025-06-26T22:55:32.132+0000] {logging_mixin.py:190} INFO - [2025-06-26T22:55:32.132+0000] {override.py:1900} INFO - Created Permission View: can delete on DAG Run:example_sensors
[2025-06-26T22:55:32.139+0000] {logging_mixin.py:190} INFO - [2025-06-26T22:55:32.138+0000] {override.py:1900} INFO - Created Permission View: can create on DAG Run:example_sensors
[2025-06-26T22:55:32.140+0000] {logging_mixin.py:190} INFO - [2025-06-26T22:55:32.140+0000] {dag.py:3239} INFO - Sync 1 DAGs
[2025-06-26T22:55:32.154+0000] {logging_mixin.py:190} INFO - [2025-06-26T22:55:32.154+0000] {dag.py:3262} INFO - Creating ORM DAG for example_sensors
[2025-06-26T22:55:32.155+0000] {logging_mixin.py:190} INFO - [2025-06-26T22:55:32.155+0000] {dag.py:4180} INFO - Setting next_dagrun for example_sensors to None, run_after=None
[2025-06-26T22:55:32.170+0000] {processor.py:208} INFO - Processing /home/airflow/.local/lib/python3.12/site-packages/airflow/example_dags/example_sensors.py took 0.583 seconds
[2025-06-26T22:56:03.003+0000] {processor.py:186} INFO - Started process (PID=137) to work on /home/airflow/.local/lib/python3.12/site-packages/airflow/example_dags/example_sensors.py
[2025-06-26T22:56:03.004+0000] {processor.py:914} INFO - Processing file /home/airflow/.local/lib/python3.12/site-packages/airflow/example_dags/example_sensors.py for tasks to queue
[2025-06-26T22:56:03.010+0000] {logging_mixin.py:190} INFO - [2025-06-26T22:56:03.009+0000] {dagbag.py:588} INFO - Filling up the DagBag from /home/airflow/.local/lib/python3.12/site-packages/airflow/example_dags/example_sensors.py
[2025-06-26T22:56:03.085+0000] {processor.py:925} INFO - DAG(s) 'example_sensors' retrieved from /home/airflow/.local/lib/python3.12/site-packages/airflow/example_dags/example_sensors.py
[2025-06-26T22:56:03.181+0000] {logging_mixin.py:190} INFO - [2025-06-26T22:56:03.181+0000] {dag.py:3239} INFO - Sync 1 DAGs
[2025-06-26T22:56:03.219+0000] {logging_mixin.py:190} INFO - [2025-06-26T22:56:03.218+0000] {dag.py:4180} INFO - Setting next_dagrun for example_sensors to None, run_after=None
[2025-06-26T22:56:03.240+0000] {processor.py:208} INFO - Processing /home/airflow/.local/lib/python3.12/site-packages/airflow/example_dags/example_sensors.py took 0.247 seconds
[2025-06-26T22:56:33.544+0000] {processor.py:186} INFO - Started process (PID=198) to work on /home/airflow/.local/lib/python3.12/site-packages/airflow/example_dags/example_sensors.py
[2025-06-26T22:56:33.546+0000] {processor.py:914} INFO - Processing file /home/airflow/.local/lib/python3.12/site-packages/airflow/example_dags/example_sensors.py for tasks to queue
[2025-06-26T22:56:33.553+0000] {logging_mixin.py:190} INFO - [2025-06-26T22:56:33.552+0000] {dagbag.py:588} INFO - Filling up the DagBag from /home/airflow/.local/lib/python3.12/site-packages/airflow/example_dags/example_sensors.py
[2025-06-26T22:56:33.567+0000] {processor.py:925} INFO - DAG(s) 'example_sensors' retrieved from /home/airflow/.local/lib/python3.12/site-packages/airflow/example_dags/example_sensors.py
[2025-06-26T22:56:33.609+0000] {logging_mixin.py:190} INFO - [2025-06-26T22:56:33.608+0000] {dag.py:3239} INFO - Sync 1 DAGs
[2025-06-26T22:56:33.621+0000] {logging_mixin.py:190} INFO - [2025-06-26T22:56:33.621+0000] {dag.py:4180} INFO - Setting next_dagrun for example_sensors to None, run_after=None
[2025-06-26T22:56:33.647+0000] {processor.py:208} INFO - Processing /home/airflow/.local/lib/python3.12/site-packages/airflow/example_dags/example_sensors.py took 0.111 seconds
[2025-06-26T22:57:04.356+0000] {processor.py:186} INFO - Started process (PID=260) to work on /home/airflow/.local/lib/python3.12/site-packages/airflow/example_dags/example_sensors.py
[2025-06-26T22:57:04.360+0000] {processor.py:914} INFO - Processing file /home/airflow/.local/lib/python3.12/site-packages/airflow/example_dags/example_sensors.py for tasks to queue
[2025-06-26T22:57:04.370+0000] {logging_mixin.py:190} INFO - [2025-06-26T22:57:04.368+0000] {dagbag.py:588} INFO - Filling up the DagBag from /home/airflow/.local/lib/python3.12/site-packages/airflow/example_dags/example_sensors.py
[2025-06-26T22:57:04.430+0000] {processor.py:925} INFO - DAG(s) 'example_sensors' retrieved from /home/airflow/.local/lib/python3.12/site-packages/airflow/example_dags/example_sensors.py
[2025-06-26T22:57:04.545+0000] {logging_mixin.py:190} INFO - [2025-06-26T22:57:04.544+0000] {dag.py:3239} INFO - Sync 1 DAGs
[2025-06-26T22:57:04.618+0000] {logging_mixin.py:190} INFO - [2025-06-26T22:57:04.617+0000] {dag.py:4180} INFO - Setting next_dagrun for example_sensors to None, run_after=None
[2025-06-26T22:57:04.686+0000] {processor.py:208} INFO - Processing /home/airflow/.local/lib/python3.12/site-packages/airflow/example_dags/example_sensors.py took 0.346 seconds
[2025-06-26T22:57:34.994+0000] {processor.py:186} INFO - Started process (PID=321) to work on /home/airflow/.local/lib/python3.12/site-packages/airflow/example_dags/example_sensors.py
[2025-06-26T22:57:34.996+0000] {processor.py:914} INFO - Processing file /home/airflow/.local/lib/python3.12/site-packages/airflow/example_dags/example_sensors.py for tasks to queue
[2025-06-26T22:57:35.001+0000] {logging_mixin.py:190} INFO - [2025-06-26T22:57:35.000+0000] {dagbag.py:588} INFO - Filling up the DagBag from /home/airflow/.local/lib/python3.12/site-packages/airflow/example_dags/example_sensors.py
[2025-06-26T22:57:35.047+0000] {processor.py:925} INFO - DAG(s) 'example_sensors' retrieved from /home/airflow/.local/lib/python3.12/site-packages/airflow/example_dags/example_sensors.py
[2025-06-26T22:57:35.214+0000] {logging_mixin.py:190} INFO - [2025-06-26T22:57:35.212+0000] {dag.py:3239} INFO - Sync 1 DAGs
[2025-06-26T22:57:35.297+0000] {logging_mixin.py:190} INFO - [2025-06-26T22:57:35.297+0000] {dag.py:4180} INFO - Setting next_dagrun for example_sensors to None, run_after=None
[2025-06-26T22:57:35.347+0000] {processor.py:208} INFO - Processing /home/airflow/.local/lib/python3.12/site-packages/airflow/example_dags/example_sensors.py took 0.366 seconds
[2025-06-26T22:58:26.400+0000] {processor.py:186} INFO - Started process (PID=383) to work on /home/airflow/.local/lib/python3.12/site-packages/airflow/example_dags/example_sensors.py
[2025-06-26T22:58:26.407+0000] {processor.py:914} INFO - Processing file /home/airflow/.local/lib/python3.12/site-packages/airflow/example_dags/example_sensors.py for tasks to queue
[2025-06-26T22:58:26.416+0000] {logging_mixin.py:190} INFO - [2025-06-26T22:58:26.415+0000] {dagbag.py:588} INFO - Filling up the DagBag from /home/airflow/.local/lib/python3.12/site-packages/airflow/example_dags/example_sensors.py
[2025-06-26T22:58:26.472+0000] {processor.py:925} INFO - DAG(s) 'example_sensors' retrieved from /home/airflow/.local/lib/python3.12/site-packages/airflow/example_dags/example_sensors.py
[2025-06-26T22:58:26.550+0000] {logging_mixin.py:190} INFO - [2025-06-26T22:58:26.549+0000] {dag.py:3239} INFO - Sync 1 DAGs
[2025-06-26T22:58:26.574+0000] {logging_mixin.py:190} INFO - [2025-06-26T22:58:26.574+0000] {dag.py:4180} INFO - Setting next_dagrun for example_sensors to None, run_after=None
[2025-06-26T22:58:26.608+0000] {processor.py:208} INFO - Processing /home/airflow/.local/lib/python3.12/site-packages/airflow/example_dags/example_sensors.py took 0.231 seconds
[2025-06-26T22:59:01.180+0000] {processor.py:186} INFO - Started process (PID=428) to work on /home/airflow/.local/lib/python3.12/site-packages/airflow/example_dags/example_sensors.py
[2025-06-26T22:59:01.185+0000] {processor.py:914} INFO - Processing file /home/airflow/.local/lib/python3.12/site-packages/airflow/example_dags/example_sensors.py for tasks to queue
[2025-06-26T22:59:01.198+0000] {logging_mixin.py:190} INFO - [2025-06-26T22:59:01.198+0000] {dagbag.py:588} INFO - Filling up the DagBag from /home/airflow/.local/lib/python3.12/site-packages/airflow/example_dags/example_sensors.py
[2025-06-26T22:59:01.234+0000] {processor.py:925} INFO - DAG(s) 'example_sensors' retrieved from /home/airflow/.local/lib/python3.12/site-packages/airflow/example_dags/example_sensors.py
[2025-06-26T22:59:01.292+0000] {logging_mixin.py:190} INFO - [2025-06-26T22:59:01.291+0000] {dag.py:3239} INFO - Sync 1 DAGs
[2025-06-26T22:59:01.318+0000] {logging_mixin.py:190} INFO - [2025-06-26T22:59:01.318+0000] {dag.py:4180} INFO - Setting next_dagrun for example_sensors to None, run_after=None
[2025-06-26T22:59:01.349+0000] {processor.py:208} INFO - Processing /home/airflow/.local/lib/python3.12/site-packages/airflow/example_dags/example_sensors.py took 0.180 seconds
[2025-06-26T22:59:40.054+0000] {processor.py:186} INFO - Started process (PID=491) to work on /home/airflow/.local/lib/python3.12/site-packages/airflow/example_dags/example_sensors.py
[2025-06-26T22:59:40.057+0000] {processor.py:914} INFO - Processing file /home/airflow/.local/lib/python3.12/site-packages/airflow/example_dags/example_sensors.py for tasks to queue
[2025-06-26T22:59:40.059+0000] {logging_mixin.py:190} INFO - [2025-06-26T22:59:40.059+0000] {dagbag.py:588} INFO - Filling up the DagBag from /home/airflow/.local/lib/python3.12/site-packages/airflow/example_dags/example_sensors.py
[2025-06-26T22:59:40.076+0000] {processor.py:925} INFO - DAG(s) 'example_sensors' retrieved from /home/airflow/.local/lib/python3.12/site-packages/airflow/example_dags/example_sensors.py
[2025-06-26T22:59:40.147+0000] {logging_mixin.py:190} INFO - [2025-06-26T22:59:40.147+0000] {dag.py:3239} INFO - Sync 1 DAGs
[2025-06-26T22:59:40.163+0000] {logging_mixin.py:190} INFO - [2025-06-26T22:59:40.163+0000] {dag.py:4180} INFO - Setting next_dagrun for example_sensors to None, run_after=None
[2025-06-26T22:59:40.185+0000] {processor.py:208} INFO - Processing /home/airflow/.local/lib/python3.12/site-packages/airflow/example_dags/example_sensors.py took 0.141 seconds
[2025-06-26T23:00:10.836+0000] {processor.py:186} INFO - Started process (PID=552) to work on /home/airflow/.local/lib/python3.12/site-packages/airflow/example_dags/example_sensors.py
[2025-06-26T23:00:10.837+0000] {processor.py:914} INFO - Processing file /home/airflow/.local/lib/python3.12/site-packages/airflow/example_dags/example_sensors.py for tasks to queue
[2025-06-26T23:00:10.839+0000] {logging_mixin.py:190} INFO - [2025-06-26T23:00:10.839+0000] {dagbag.py:588} INFO - Filling up the DagBag from /home/airflow/.local/lib/python3.12/site-packages/airflow/example_dags/example_sensors.py
[2025-06-26T23:00:10.847+0000] {processor.py:925} INFO - DAG(s) 'example_sensors' retrieved from /home/airflow/.local/lib/python3.12/site-packages/airflow/example_dags/example_sensors.py
[2025-06-26T23:00:10.870+0000] {logging_mixin.py:190} INFO - [2025-06-26T23:00:10.869+0000] {dag.py:3239} INFO - Sync 1 DAGs
[2025-06-26T23:00:10.880+0000] {logging_mixin.py:190} INFO - [2025-06-26T23:00:10.880+0000] {dag.py:4180} INFO - Setting next_dagrun for example_sensors to None, run_after=None
[2025-06-26T23:00:10.892+0000] {processor.py:208} INFO - Processing /home/airflow/.local/lib/python3.12/site-packages/airflow/example_dags/example_sensors.py took 0.061 seconds
[2025-06-26T23:00:44.113+0000] {processor.py:186} INFO - Started process (PID=619) to work on /home/airflow/.local/lib/python3.12/site-packages/airflow/example_dags/example_sensors.py
[2025-06-26T23:00:44.117+0000] {processor.py:914} INFO - Processing file /home/airflow/.local/lib/python3.12/site-packages/airflow/example_dags/example_sensors.py for tasks to queue
[2025-06-26T23:00:44.122+0000] {logging_mixin.py:190} INFO - [2025-06-26T23:00:44.122+0000] {dagbag.py:588} INFO - Filling up the DagBag from /home/airflow/.local/lib/python3.12/site-packages/airflow/example_dags/example_sensors.py
[2025-06-26T23:00:44.149+0000] {processor.py:925} INFO - DAG(s) 'example_sensors' retrieved from /home/airflow/.local/lib/python3.12/site-packages/airflow/example_dags/example_sensors.py
[2025-06-26T23:00:44.180+0000] {logging_mixin.py:190} INFO - [2025-06-26T23:00:44.179+0000] {dag.py:3239} INFO - Sync 1 DAGs
[2025-06-26T23:00:44.204+0000] {logging_mixin.py:190} INFO - [2025-06-26T23:00:44.204+0000] {dag.py:4180} INFO - Setting next_dagrun for example_sensors to None, run_after=None
[2025-06-26T23:00:44.235+0000] {processor.py:208} INFO - Processing /home/airflow/.local/lib/python3.12/site-packages/airflow/example_dags/example_sensors.py took 0.133 seconds
[2025-06-26T23:01:16.765+0000] {processor.py:186} INFO - Started process (PID=681) to work on /home/airflow/.local/lib/python3.12/site-packages/airflow/example_dags/example_sensors.py
[2025-06-26T23:01:16.768+0000] {processor.py:914} INFO - Processing file /home/airflow/.local/lib/python3.12/site-packages/airflow/example_dags/example_sensors.py for tasks to queue
[2025-06-26T23:01:16.772+0000] {logging_mixin.py:190} INFO - [2025-06-26T23:01:16.772+0000] {dagbag.py:588} INFO - Filling up the DagBag from /home/airflow/.local/lib/python3.12/site-packages/airflow/example_dags/example_sensors.py
[2025-06-26T23:01:16.804+0000] {processor.py:925} INFO - DAG(s) 'example_sensors' retrieved from /home/airflow/.local/lib/python3.12/site-packages/airflow/example_dags/example_sensors.py
[2025-06-26T23:01:16.852+0000] {logging_mixin.py:190} INFO - [2025-06-26T23:01:16.852+0000] {dag.py:3239} INFO - Sync 1 DAGs
[2025-06-26T23:01:16.867+0000] {logging_mixin.py:190} INFO - [2025-06-26T23:01:16.867+0000] {dag.py:4180} INFO - Setting next_dagrun for example_sensors to None, run_after=None
[2025-06-26T23:01:16.887+0000] {processor.py:208} INFO - Processing /home/airflow/.local/lib/python3.12/site-packages/airflow/example_dags/example_sensors.py took 0.131 seconds
[2025-06-26T23:01:47.057+0000] {processor.py:186} INFO - Started process (PID=742) to work on /home/airflow/.local/lib/python3.12/site-packages/airflow/example_dags/example_sensors.py
[2025-06-26T23:01:47.058+0000] {processor.py:914} INFO - Processing file /home/airflow/.local/lib/python3.12/site-packages/airflow/example_dags/example_sensors.py for tasks to queue
[2025-06-26T23:01:47.059+0000] {logging_mixin.py:190} INFO - [2025-06-26T23:01:47.059+0000] {dagbag.py:588} INFO - Filling up the DagBag from /home/airflow/.local/lib/python3.12/site-packages/airflow/example_dags/example_sensors.py
[2025-06-26T23:01:47.065+0000] {processor.py:925} INFO - DAG(s) 'example_sensors' retrieved from /home/airflow/.local/lib/python3.12/site-packages/airflow/example_dags/example_sensors.py
[2025-06-26T23:01:47.080+0000] {logging_mixin.py:190} INFO - [2025-06-26T23:01:47.080+0000] {dag.py:3239} INFO - Sync 1 DAGs
[2025-06-26T23:01:47.087+0000] {logging_mixin.py:190} INFO - [2025-06-26T23:01:47.087+0000] {dag.py:4180} INFO - Setting next_dagrun for example_sensors to None, run_after=None
[2025-06-26T23:01:47.097+0000] {processor.py:208} INFO - Processing /home/airflow/.local/lib/python3.12/site-packages/airflow/example_dags/example_sensors.py took 0.043 seconds
[2025-06-26T23:02:18.480+0000] {processor.py:186} INFO - Started process (PID=801) to work on /home/airflow/.local/lib/python3.12/site-packages/airflow/example_dags/example_sensors.py
[2025-06-26T23:02:18.482+0000] {processor.py:914} INFO - Processing file /home/airflow/.local/lib/python3.12/site-packages/airflow/example_dags/example_sensors.py for tasks to queue
[2025-06-26T23:02:18.486+0000] {logging_mixin.py:190} INFO - [2025-06-26T23:02:18.486+0000] {dagbag.py:588} INFO - Filling up the DagBag from /home/airflow/.local/lib/python3.12/site-packages/airflow/example_dags/example_sensors.py
[2025-06-26T23:02:18.507+0000] {processor.py:925} INFO - DAG(s) 'example_sensors' retrieved from /home/airflow/.local/lib/python3.12/site-packages/airflow/example_dags/example_sensors.py
[2025-06-26T23:02:18.556+0000] {logging_mixin.py:190} INFO - [2025-06-26T23:02:18.556+0000] {dag.py:3239} INFO - Sync 1 DAGs
[2025-06-26T23:02:18.578+0000] {logging_mixin.py:190} INFO - [2025-06-26T23:02:18.577+0000] {dag.py:4180} INFO - Setting next_dagrun for example_sensors to None, run_after=None
[2025-06-26T23:02:18.610+0000] {processor.py:208} INFO - Processing /home/airflow/.local/lib/python3.12/site-packages/airflow/example_dags/example_sensors.py took 0.144 seconds
[2025-06-26T23:02:53.873+0000] {processor.py:186} INFO - Started process (PID=863) to work on /home/airflow/.local/lib/python3.12/site-packages/airflow/example_dags/example_sensors.py
[2025-06-26T23:02:53.875+0000] {processor.py:914} INFO - Processing file /home/airflow/.local/lib/python3.12/site-packages/airflow/example_dags/example_sensors.py for tasks to queue
[2025-06-26T23:02:53.877+0000] {logging_mixin.py:190} INFO - [2025-06-26T23:02:53.877+0000] {dagbag.py:588} INFO - Filling up the DagBag from /home/airflow/.local/lib/python3.12/site-packages/airflow/example_dags/example_sensors.py
[2025-06-26T23:02:53.892+0000] {processor.py:925} INFO - DAG(s) 'example_sensors' retrieved from /home/airflow/.local/lib/python3.12/site-packages/airflow/example_dags/example_sensors.py
[2025-06-26T23:02:53.927+0000] {logging_mixin.py:190} INFO - [2025-06-26T23:02:53.927+0000] {dag.py:3239} INFO - Sync 1 DAGs
[2025-06-26T23:02:53.943+0000] {logging_mixin.py:190} INFO - [2025-06-26T23:02:53.943+0000] {dag.py:4180} INFO - Setting next_dagrun for example_sensors to None, run_after=None
[2025-06-26T23:02:54.009+0000] {processor.py:208} INFO - Processing /home/airflow/.local/lib/python3.12/site-packages/airflow/example_dags/example_sensors.py took 0.141 seconds
[2025-06-26T23:03:41.118+0000] {processor.py:186} INFO - Started process (PID=930) to work on /home/airflow/.local/lib/python3.12/site-packages/airflow/example_dags/example_sensors.py
[2025-06-26T23:03:41.120+0000] {processor.py:914} INFO - Processing file /home/airflow/.local/lib/python3.12/site-packages/airflow/example_dags/example_sensors.py for tasks to queue
[2025-06-26T23:03:41.122+0000] {logging_mixin.py:190} INFO - [2025-06-26T23:03:41.122+0000] {dagbag.py:588} INFO - Filling up the DagBag from /home/airflow/.local/lib/python3.12/site-packages/airflow/example_dags/example_sensors.py
[2025-06-26T23:03:41.133+0000] {processor.py:925} INFO - DAG(s) 'example_sensors' retrieved from /home/airflow/.local/lib/python3.12/site-packages/airflow/example_dags/example_sensors.py
[2025-06-26T23:03:41.181+0000] {logging_mixin.py:190} INFO - [2025-06-26T23:03:41.180+0000] {dag.py:3239} INFO - Sync 1 DAGs
[2025-06-26T23:03:41.208+0000] {logging_mixin.py:190} INFO - [2025-06-26T23:03:41.208+0000] {dag.py:4180} INFO - Setting next_dagrun for example_sensors to None, run_after=None
[2025-06-26T23:03:41.233+0000] {processor.py:208} INFO - Processing /home/airflow/.local/lib/python3.12/site-packages/airflow/example_dags/example_sensors.py took 0.125 seconds
[2025-06-26T23:04:33.874+0000] {processor.py:186} INFO - Started process (PID=1003) to work on /home/airflow/.local/lib/python3.12/site-packages/airflow/example_dags/example_sensors.py
[2025-06-26T23:04:33.878+0000] {processor.py:914} INFO - Processing file /home/airflow/.local/lib/python3.12/site-packages/airflow/example_dags/example_sensors.py for tasks to queue
[2025-06-26T23:04:33.881+0000] {logging_mixin.py:190} INFO - [2025-06-26T23:04:33.881+0000] {dagbag.py:588} INFO - Filling up the DagBag from /home/airflow/.local/lib/python3.12/site-packages/airflow/example_dags/example_sensors.py
[2025-06-26T23:04:33.895+0000] {processor.py:925} INFO - DAG(s) 'example_sensors' retrieved from /home/airflow/.local/lib/python3.12/site-packages/airflow/example_dags/example_sensors.py
[2025-06-26T23:04:33.936+0000] {logging_mixin.py:190} INFO - [2025-06-26T23:04:33.935+0000] {dag.py:3239} INFO - Sync 1 DAGs
[2025-06-26T23:04:33.951+0000] {logging_mixin.py:190} INFO - [2025-06-26T23:04:33.951+0000] {dag.py:4180} INFO - Setting next_dagrun for example_sensors to None, run_after=None
[2025-06-26T23:04:33.968+0000] {processor.py:208} INFO - Processing /home/airflow/.local/lib/python3.12/site-packages/airflow/example_dags/example_sensors.py took 0.100 seconds
[2025-06-26T23:05:10.470+0000] {processor.py:186} INFO - Started process (PID=1064) to work on /home/airflow/.local/lib/python3.12/site-packages/airflow/example_dags/example_sensors.py
[2025-06-26T23:05:10.471+0000] {processor.py:914} INFO - Processing file /home/airflow/.local/lib/python3.12/site-packages/airflow/example_dags/example_sensors.py for tasks to queue
[2025-06-26T23:05:10.473+0000] {logging_mixin.py:190} INFO - [2025-06-26T23:05:10.473+0000] {dagbag.py:588} INFO - Filling up the DagBag from /home/airflow/.local/lib/python3.12/site-packages/airflow/example_dags/example_sensors.py
[2025-06-26T23:05:10.486+0000] {processor.py:925} INFO - DAG(s) 'example_sensors' retrieved from /home/airflow/.local/lib/python3.12/site-packages/airflow/example_dags/example_sensors.py
[2025-06-26T23:05:10.512+0000] {logging_mixin.py:190} INFO - [2025-06-26T23:05:10.512+0000] {dag.py:3239} INFO - Sync 1 DAGs
[2025-06-26T23:05:10.528+0000] {logging_mixin.py:190} INFO - [2025-06-26T23:05:10.527+0000] {dag.py:4180} INFO - Setting next_dagrun for example_sensors to None, run_after=None
[2025-06-26T23:05:10.559+0000] {processor.py:208} INFO - Processing /home/airflow/.local/lib/python3.12/site-packages/airflow/example_dags/example_sensors.py took 0.094 seconds
[2025-06-26T23:05:41.857+0000] {processor.py:186} INFO - Started process (PID=1126) to work on /home/airflow/.local/lib/python3.12/site-packages/airflow/example_dags/example_sensors.py
[2025-06-26T23:05:41.859+0000] {processor.py:914} INFO - Processing file /home/airflow/.local/lib/python3.12/site-packages/airflow/example_dags/example_sensors.py for tasks to queue
[2025-06-26T23:05:41.862+0000] {logging_mixin.py:190} INFO - [2025-06-26T23:05:41.862+0000] {dagbag.py:588} INFO - Filling up the DagBag from /home/airflow/.local/lib/python3.12/site-packages/airflow/example_dags/example_sensors.py
[2025-06-26T23:05:41.885+0000] {processor.py:925} INFO - DAG(s) 'example_sensors' retrieved from /home/airflow/.local/lib/python3.12/site-packages/airflow/example_dags/example_sensors.py
[2025-06-26T23:05:41.935+0000] {logging_mixin.py:190} INFO - [2025-06-26T23:05:41.935+0000] {dag.py:3239} INFO - Sync 1 DAGs
[2025-06-26T23:05:41.958+0000] {logging_mixin.py:190} INFO - [2025-06-26T23:05:41.957+0000] {dag.py:4180} INFO - Setting next_dagrun for example_sensors to None, run_after=None
[2025-06-26T23:05:41.975+0000] {processor.py:208} INFO - Processing /home/airflow/.local/lib/python3.12/site-packages/airflow/example_dags/example_sensors.py took 0.130 seconds
[2025-06-26T23:06:12.494+0000] {processor.py:186} INFO - Started process (PID=1188) to work on /home/airflow/.local/lib/python3.12/site-packages/airflow/example_dags/example_sensors.py
[2025-06-26T23:06:12.495+0000] {processor.py:914} INFO - Processing file /home/airflow/.local/lib/python3.12/site-packages/airflow/example_dags/example_sensors.py for tasks to queue
[2025-06-26T23:06:12.498+0000] {logging_mixin.py:190} INFO - [2025-06-26T23:06:12.497+0000] {dagbag.py:588} INFO - Filling up the DagBag from /home/airflow/.local/lib/python3.12/site-packages/airflow/example_dags/example_sensors.py
[2025-06-26T23:06:12.512+0000] {processor.py:925} INFO - DAG(s) 'example_sensors' retrieved from /home/airflow/.local/lib/python3.12/site-packages/airflow/example_dags/example_sensors.py
[2025-06-26T23:06:12.693+0000] {logging_mixin.py:190} INFO - [2025-06-26T23:06:12.690+0000] {dag.py:3239} INFO - Sync 1 DAGs
[2025-06-26T23:06:12.747+0000] {logging_mixin.py:190} INFO - [2025-06-26T23:06:12.740+0000] {dag.py:4180} INFO - Setting next_dagrun for example_sensors to None, run_after=None
[2025-06-26T23:06:13.195+0000] {processor.py:208} INFO - Processing /home/airflow/.local/lib/python3.12/site-packages/airflow/example_dags/example_sensors.py took 0.708 seconds
[2025-06-26T23:06:44.762+0000] {processor.py:186} INFO - Started process (PID=1249) to work on /home/airflow/.local/lib/python3.12/site-packages/airflow/example_dags/example_sensors.py
[2025-06-26T23:06:44.763+0000] {processor.py:914} INFO - Processing file /home/airflow/.local/lib/python3.12/site-packages/airflow/example_dags/example_sensors.py for tasks to queue
[2025-06-26T23:06:44.764+0000] {logging_mixin.py:190} INFO - [2025-06-26T23:06:44.764+0000] {dagbag.py:588} INFO - Filling up the DagBag from /home/airflow/.local/lib/python3.12/site-packages/airflow/example_dags/example_sensors.py
[2025-06-26T23:06:44.774+0000] {processor.py:925} INFO - DAG(s) 'example_sensors' retrieved from /home/airflow/.local/lib/python3.12/site-packages/airflow/example_dags/example_sensors.py
[2025-06-26T23:06:44.797+0000] {logging_mixin.py:190} INFO - [2025-06-26T23:06:44.797+0000] {dag.py:3239} INFO - Sync 1 DAGs
[2025-06-26T23:06:44.816+0000] {logging_mixin.py:190} INFO - [2025-06-26T23:06:44.816+0000] {dag.py:4180} INFO - Setting next_dagrun for example_sensors to None, run_after=None
[2025-06-26T23:06:44.831+0000] {processor.py:208} INFO - Processing /home/airflow/.local/lib/python3.12/site-packages/airflow/example_dags/example_sensors.py took 0.073 seconds
[2025-06-26T23:07:17.079+0000] {processor.py:186} INFO - Started process (PID=1311) to work on /home/airflow/.local/lib/python3.12/site-packages/airflow/example_dags/example_sensors.py
[2025-06-26T23:07:17.080+0000] {processor.py:914} INFO - Processing file /home/airflow/.local/lib/python3.12/site-packages/airflow/example_dags/example_sensors.py for tasks to queue
[2025-06-26T23:07:17.082+0000] {logging_mixin.py:190} INFO - [2025-06-26T23:07:17.082+0000] {dagbag.py:588} INFO - Filling up the DagBag from /home/airflow/.local/lib/python3.12/site-packages/airflow/example_dags/example_sensors.py
[2025-06-26T23:07:17.092+0000] {processor.py:925} INFO - DAG(s) 'example_sensors' retrieved from /home/airflow/.local/lib/python3.12/site-packages/airflow/example_dags/example_sensors.py
[2025-06-26T23:07:17.116+0000] {logging_mixin.py:190} INFO - [2025-06-26T23:07:17.116+0000] {dag.py:3239} INFO - Sync 1 DAGs
[2025-06-26T23:07:17.129+0000] {logging_mixin.py:190} INFO - [2025-06-26T23:07:17.129+0000] {dag.py:4180} INFO - Setting next_dagrun for example_sensors to None, run_after=None
[2025-06-26T23:07:17.142+0000] {processor.py:208} INFO - Processing /home/airflow/.local/lib/python3.12/site-packages/airflow/example_dags/example_sensors.py took 0.068 seconds
