[2025-06-26T22:55:32.747+0000] {processor.py:186} INFO - Started process (PID=78) to work on /home/airflow/.local/lib/python3.12/site-packages/airflow/example_dags/example_branch_operator.py
[2025-06-26T22:55:32.750+0000] {processor.py:914} INFO - Processing file /home/airflow/.local/lib/python3.12/site-packages/airflow/example_dags/example_branch_operator.py for tasks to queue
[2025-06-26T22:55:32.755+0000] {logging_mixin.py:190} INFO - [2025-06-26T22:55:32.755+0000] {dagbag.py:588} INFO - Filling up the DagBag from /home/airflow/.local/lib/python3.12/site-packages/airflow/example_dags/example_branch_operator.py
[2025-06-26T22:55:32.790+0000] {processor.py:925} INFO - DAG(s) 'example_branch_operator' retrieved from /home/airflow/.local/lib/python3.12/site-packages/airflow/example_dags/example_branch_operator.py
[2025-06-26T22:55:32.951+0000] {logging_mixin.py:190} INFO - [2025-06-26T22:55:32.951+0000] {override.py:1900} INFO - Created Permission View: can read on DAG:example_branch_operator
[2025-06-26T22:55:32.959+0000] {logging_mixin.py:190} INFO - [2025-06-26T22:55:32.959+0000] {override.py:1900} INFO - Created Permission View: can delete on DAG:example_branch_operator
[2025-06-26T22:55:32.969+0000] {logging_mixin.py:190} INFO - [2025-06-26T22:55:32.969+0000] {override.py:1900} INFO - Created Permission View: can edit on DAG:example_branch_operator
[2025-06-26T22:55:32.974+0000] {logging_mixin.py:190} INFO - [2025-06-26T22:55:32.974+0000] {override.py:1900} INFO - Created Permission View: can read on DAG Run:example_branch_operator
[2025-06-26T22:55:32.979+0000] {logging_mixin.py:190} INFO - [2025-06-26T22:55:32.978+0000] {override.py:1900} INFO - Created Permission View: menu access on DAG Run:example_branch_operator
[2025-06-26T22:55:32.996+0000] {logging_mixin.py:190} INFO - [2025-06-26T22:55:32.996+0000] {override.py:1900} INFO - Created Permission View: can delete on DAG Run:example_branch_operator
[2025-06-26T22:55:33.001+0000] {logging_mixin.py:190} INFO - [2025-06-26T22:55:33.001+0000] {override.py:1900} INFO - Created Permission View: can create on DAG Run:example_branch_operator
[2025-06-26T22:55:33.001+0000] {logging_mixin.py:190} INFO - [2025-06-26T22:55:33.001+0000] {dag.py:3239} INFO - Sync 1 DAGs
[2025-06-26T22:55:33.018+0000] {logging_mixin.py:190} INFO - [2025-06-26T22:55:33.018+0000] {dag.py:3262} INFO - Creating ORM DAG for example_branch_operator
[2025-06-26T22:55:33.028+0000] {logging_mixin.py:190} INFO - [2025-06-26T22:55:33.027+0000] {dag.py:4180} INFO - Setting next_dagrun for example_branch_operator to 2025-06-25 00:00:00+00:00, run_after=2025-06-26 00:00:00+00:00
[2025-06-26T22:55:33.043+0000] {processor.py:208} INFO - Processing /home/airflow/.local/lib/python3.12/site-packages/airflow/example_dags/example_branch_operator.py took 0.317 seconds
[2025-06-26T22:56:03.963+0000] {processor.py:186} INFO - Started process (PID=140) to work on /home/airflow/.local/lib/python3.12/site-packages/airflow/example_dags/example_branch_operator.py
[2025-06-26T22:56:03.970+0000] {processor.py:914} INFO - Processing file /home/airflow/.local/lib/python3.12/site-packages/airflow/example_dags/example_branch_operator.py for tasks to queue
[2025-06-26T22:56:03.983+0000] {logging_mixin.py:190} INFO - [2025-06-26T22:56:03.982+0000] {dagbag.py:588} INFO - Filling up the DagBag from /home/airflow/.local/lib/python3.12/site-packages/airflow/example_dags/example_branch_operator.py
[2025-06-26T22:56:04.040+0000] {processor.py:925} INFO - DAG(s) 'example_branch_operator' retrieved from /home/airflow/.local/lib/python3.12/site-packages/airflow/example_dags/example_branch_operator.py
[2025-06-26T22:56:04.123+0000] {logging_mixin.py:190} INFO - [2025-06-26T22:56:04.123+0000] {dag.py:3239} INFO - Sync 1 DAGs
[2025-06-26T22:56:04.345+0000] {logging_mixin.py:190} INFO - [2025-06-26T22:56:04.341+0000] {dag.py:4180} INFO - Setting next_dagrun for example_branch_operator to 2025-06-25 00:00:00+00:00, run_after=2025-06-26 00:00:00+00:00
[2025-06-26T22:56:04.477+0000] {processor.py:208} INFO - Processing /home/airflow/.local/lib/python3.12/site-packages/airflow/example_dags/example_branch_operator.py took 0.551 seconds
[2025-06-26T22:56:35.202+0000] {processor.py:186} INFO - Started process (PID=202) to work on /home/airflow/.local/lib/python3.12/site-packages/airflow/example_dags/example_branch_operator.py
[2025-06-26T22:56:35.204+0000] {processor.py:914} INFO - Processing file /home/airflow/.local/lib/python3.12/site-packages/airflow/example_dags/example_branch_operator.py for tasks to queue
[2025-06-26T22:56:35.205+0000] {logging_mixin.py:190} INFO - [2025-06-26T22:56:35.205+0000] {dagbag.py:588} INFO - Filling up the DagBag from /home/airflow/.local/lib/python3.12/site-packages/airflow/example_dags/example_branch_operator.py
[2025-06-26T22:56:35.223+0000] {processor.py:925} INFO - DAG(s) 'example_branch_operator' retrieved from /home/airflow/.local/lib/python3.12/site-packages/airflow/example_dags/example_branch_operator.py
[2025-06-26T22:56:35.242+0000] {logging_mixin.py:190} INFO - [2025-06-26T22:56:35.241+0000] {dag.py:3239} INFO - Sync 1 DAGs
[2025-06-26T22:56:35.258+0000] {logging_mixin.py:190} INFO - [2025-06-26T22:56:35.258+0000] {dag.py:4180} INFO - Setting next_dagrun for example_branch_operator to 2025-06-25 00:00:00+00:00, run_after=2025-06-26 00:00:00+00:00
[2025-06-26T22:56:35.280+0000] {processor.py:208} INFO - Processing /home/airflow/.local/lib/python3.12/site-packages/airflow/example_dags/example_branch_operator.py took 0.082 seconds
[2025-06-26T22:57:09.084+0000] {processor.py:186} INFO - Started process (PID=270) to work on /home/airflow/.local/lib/python3.12/site-packages/airflow/example_dags/example_branch_operator.py
[2025-06-26T22:57:09.088+0000] {processor.py:914} INFO - Processing file /home/airflow/.local/lib/python3.12/site-packages/airflow/example_dags/example_branch_operator.py for tasks to queue
[2025-06-26T22:57:09.104+0000] {logging_mixin.py:190} INFO - [2025-06-26T22:57:09.103+0000] {dagbag.py:588} INFO - Filling up the DagBag from /home/airflow/.local/lib/python3.12/site-packages/airflow/example_dags/example_branch_operator.py
[2025-06-26T22:57:09.251+0000] {processor.py:925} INFO - DAG(s) 'example_branch_operator' retrieved from /home/airflow/.local/lib/python3.12/site-packages/airflow/example_dags/example_branch_operator.py
[2025-06-26T22:57:09.525+0000] {logging_mixin.py:190} INFO - [2025-06-26T22:57:09.520+0000] {dag.py:3239} INFO - Sync 1 DAGs
[2025-06-26T22:57:09.938+0000] {logging_mixin.py:190} INFO - [2025-06-26T22:57:09.901+0000] {dag.py:4180} INFO - Setting next_dagrun for example_branch_operator to 2025-06-25 00:00:00+00:00, run_after=2025-06-26 00:00:00+00:00
[2025-06-26T22:57:10.436+0000] {processor.py:208} INFO - Processing /home/airflow/.local/lib/python3.12/site-packages/airflow/example_dags/example_branch_operator.py took 1.396 seconds
[2025-06-26T22:57:44.641+0000] {processor.py:186} INFO - Started process (PID=332) to work on /home/airflow/.local/lib/python3.12/site-packages/airflow/example_dags/example_branch_operator.py
[2025-06-26T22:57:44.679+0000] {processor.py:914} INFO - Processing file /home/airflow/.local/lib/python3.12/site-packages/airflow/example_dags/example_branch_operator.py for tasks to queue
[2025-06-26T22:57:44.803+0000] {logging_mixin.py:190} INFO - [2025-06-26T22:57:44.782+0000] {dagbag.py:588} INFO - Filling up the DagBag from /home/airflow/.local/lib/python3.12/site-packages/airflow/example_dags/example_branch_operator.py
[2025-06-26T22:57:48.419+0000] {processor.py:925} INFO - DAG(s) 'example_branch_operator' retrieved from /home/airflow/.local/lib/python3.12/site-packages/airflow/example_dags/example_branch_operator.py
[2025-06-26T22:57:58.257+0000] {logging_mixin.py:190} INFO - [2025-06-26T22:57:58.250+0000] {dag.py:3239} INFO - Sync 1 DAGs
[2025-06-26T22:57:58.362+0000] {logging_mixin.py:190} INFO - [2025-06-26T22:57:58.361+0000] {dag.py:4180} INFO - Setting next_dagrun for example_branch_operator to 2025-06-25 00:00:00+00:00, run_after=2025-06-26 00:00:00+00:00
[2025-06-26T22:57:58.424+0000] {processor.py:208} INFO - Processing /home/airflow/.local/lib/python3.12/site-packages/airflow/example_dags/example_branch_operator.py took 14.209 seconds
[2025-06-26T22:58:28.951+0000] {processor.py:186} INFO - Started process (PID=394) to work on /home/airflow/.local/lib/python3.12/site-packages/airflow/example_dags/example_branch_operator.py
[2025-06-26T22:58:28.956+0000] {processor.py:914} INFO - Processing file /home/airflow/.local/lib/python3.12/site-packages/airflow/example_dags/example_branch_operator.py for tasks to queue
[2025-06-26T22:58:28.968+0000] {logging_mixin.py:190} INFO - [2025-06-26T22:58:28.966+0000] {dagbag.py:588} INFO - Filling up the DagBag from /home/airflow/.local/lib/python3.12/site-packages/airflow/example_dags/example_branch_operator.py
[2025-06-26T22:58:29.060+0000] {processor.py:925} INFO - DAG(s) 'example_branch_operator' retrieved from /home/airflow/.local/lib/python3.12/site-packages/airflow/example_dags/example_branch_operator.py
[2025-06-26T22:58:29.179+0000] {logging_mixin.py:190} INFO - [2025-06-26T22:58:29.178+0000] {dag.py:3239} INFO - Sync 1 DAGs
[2025-06-26T22:58:29.245+0000] {logging_mixin.py:190} INFO - [2025-06-26T22:58:29.245+0000] {dag.py:4180} INFO - Setting next_dagrun for example_branch_operator to 2025-06-25 00:00:00+00:00, run_after=2025-06-26 00:00:00+00:00
[2025-06-26T22:58:29.290+0000] {processor.py:208} INFO - Processing /home/airflow/.local/lib/python3.12/site-packages/airflow/example_dags/example_branch_operator.py took 0.366 seconds
[2025-06-26T22:59:06.041+0000] {processor.py:186} INFO - Started process (PID=456) to work on /home/airflow/.local/lib/python3.12/site-packages/airflow/example_dags/example_branch_operator.py
[2025-06-26T22:59:06.044+0000] {processor.py:914} INFO - Processing file /home/airflow/.local/lib/python3.12/site-packages/airflow/example_dags/example_branch_operator.py for tasks to queue
[2025-06-26T22:59:06.050+0000] {logging_mixin.py:190} INFO - [2025-06-26T22:59:06.049+0000] {dagbag.py:588} INFO - Filling up the DagBag from /home/airflow/.local/lib/python3.12/site-packages/airflow/example_dags/example_branch_operator.py
[2025-06-26T22:59:06.089+0000] {processor.py:925} INFO - DAG(s) 'example_branch_operator' retrieved from /home/airflow/.local/lib/python3.12/site-packages/airflow/example_dags/example_branch_operator.py
[2025-06-26T22:59:06.136+0000] {logging_mixin.py:190} INFO - [2025-06-26T22:59:06.136+0000] {dag.py:3239} INFO - Sync 1 DAGs
[2025-06-26T22:59:06.172+0000] {logging_mixin.py:190} INFO - [2025-06-26T22:59:06.172+0000] {dag.py:4180} INFO - Setting next_dagrun for example_branch_operator to 2025-06-25 00:00:00+00:00, run_after=2025-06-26 00:00:00+00:00
[2025-06-26T22:59:06.197+0000] {processor.py:208} INFO - Processing /home/airflow/.local/lib/python3.12/site-packages/airflow/example_dags/example_branch_operator.py took 0.165 seconds
[2025-06-26T22:59:40.540+0000] {processor.py:186} INFO - Started process (PID=494) to work on /home/airflow/.local/lib/python3.12/site-packages/airflow/example_dags/example_branch_operator.py
[2025-06-26T22:59:40.549+0000] {processor.py:914} INFO - Processing file /home/airflow/.local/lib/python3.12/site-packages/airflow/example_dags/example_branch_operator.py for tasks to queue
[2025-06-26T22:59:40.552+0000] {logging_mixin.py:190} INFO - [2025-06-26T22:59:40.551+0000] {dagbag.py:588} INFO - Filling up the DagBag from /home/airflow/.local/lib/python3.12/site-packages/airflow/example_dags/example_branch_operator.py
[2025-06-26T22:59:40.576+0000] {processor.py:925} INFO - DAG(s) 'example_branch_operator' retrieved from /home/airflow/.local/lib/python3.12/site-packages/airflow/example_dags/example_branch_operator.py
[2025-06-26T22:59:40.606+0000] {logging_mixin.py:190} INFO - [2025-06-26T22:59:40.606+0000] {dag.py:3239} INFO - Sync 1 DAGs
[2025-06-26T22:59:40.625+0000] {logging_mixin.py:190} INFO - [2025-06-26T22:59:40.625+0000] {dag.py:4180} INFO - Setting next_dagrun for example_branch_operator to 2025-06-25 00:00:00+00:00, run_after=2025-06-26 00:00:00+00:00
[2025-06-26T22:59:40.637+0000] {processor.py:208} INFO - Processing /home/airflow/.local/lib/python3.12/site-packages/airflow/example_dags/example_branch_operator.py took 0.104 seconds
[2025-06-26T23:00:11.144+0000] {processor.py:186} INFO - Started process (PID=554) to work on /home/airflow/.local/lib/python3.12/site-packages/airflow/example_dags/example_branch_operator.py
[2025-06-26T23:00:11.148+0000] {processor.py:914} INFO - Processing file /home/airflow/.local/lib/python3.12/site-packages/airflow/example_dags/example_branch_operator.py for tasks to queue
[2025-06-26T23:00:11.162+0000] {logging_mixin.py:190} INFO - [2025-06-26T23:00:11.161+0000] {dagbag.py:588} INFO - Filling up the DagBag from /home/airflow/.local/lib/python3.12/site-packages/airflow/example_dags/example_branch_operator.py
[2025-06-26T23:00:11.202+0000] {processor.py:925} INFO - DAG(s) 'example_branch_operator' retrieved from /home/airflow/.local/lib/python3.12/site-packages/airflow/example_dags/example_branch_operator.py
[2025-06-26T23:00:11.245+0000] {logging_mixin.py:190} INFO - [2025-06-26T23:00:11.245+0000] {dag.py:3239} INFO - Sync 1 DAGs
[2025-06-26T23:00:11.279+0000] {logging_mixin.py:190} INFO - [2025-06-26T23:00:11.279+0000] {dag.py:4180} INFO - Setting next_dagrun for example_branch_operator to 2025-06-25 00:00:00+00:00, run_after=2025-06-26 00:00:00+00:00
[2025-06-26T23:00:11.299+0000] {processor.py:208} INFO - Processing /home/airflow/.local/lib/python3.12/site-packages/airflow/example_dags/example_branch_operator.py took 0.179 seconds
[2025-06-26T23:00:44.516+0000] {processor.py:186} INFO - Started process (PID=622) to work on /home/airflow/.local/lib/python3.12/site-packages/airflow/example_dags/example_branch_operator.py
[2025-06-26T23:00:44.521+0000] {processor.py:914} INFO - Processing file /home/airflow/.local/lib/python3.12/site-packages/airflow/example_dags/example_branch_operator.py for tasks to queue
[2025-06-26T23:00:44.525+0000] {logging_mixin.py:190} INFO - [2025-06-26T23:00:44.525+0000] {dagbag.py:588} INFO - Filling up the DagBag from /home/airflow/.local/lib/python3.12/site-packages/airflow/example_dags/example_branch_operator.py
[2025-06-26T23:00:44.545+0000] {processor.py:925} INFO - DAG(s) 'example_branch_operator' retrieved from /home/airflow/.local/lib/python3.12/site-packages/airflow/example_dags/example_branch_operator.py
[2025-06-26T23:00:44.572+0000] {logging_mixin.py:190} INFO - [2025-06-26T23:00:44.571+0000] {dag.py:3239} INFO - Sync 1 DAGs
[2025-06-26T23:00:44.590+0000] {logging_mixin.py:190} INFO - [2025-06-26T23:00:44.590+0000] {dag.py:4180} INFO - Setting next_dagrun for example_branch_operator to 2025-06-25 00:00:00+00:00, run_after=2025-06-26 00:00:00+00:00
[2025-06-26T23:00:44.602+0000] {processor.py:208} INFO - Processing /home/airflow/.local/lib/python3.12/site-packages/airflow/example_dags/example_branch_operator.py took 0.092 seconds
[2025-06-26T23:01:17.286+0000] {processor.py:186} INFO - Started process (PID=684) to work on /home/airflow/.local/lib/python3.12/site-packages/airflow/example_dags/example_branch_operator.py
[2025-06-26T23:01:17.296+0000] {processor.py:914} INFO - Processing file /home/airflow/.local/lib/python3.12/site-packages/airflow/example_dags/example_branch_operator.py for tasks to queue
[2025-06-26T23:01:17.299+0000] {logging_mixin.py:190} INFO - [2025-06-26T23:01:17.299+0000] {dagbag.py:588} INFO - Filling up the DagBag from /home/airflow/.local/lib/python3.12/site-packages/airflow/example_dags/example_branch_operator.py
[2025-06-26T23:01:17.318+0000] {processor.py:925} INFO - DAG(s) 'example_branch_operator' retrieved from /home/airflow/.local/lib/python3.12/site-packages/airflow/example_dags/example_branch_operator.py
[2025-06-26T23:01:17.344+0000] {logging_mixin.py:190} INFO - [2025-06-26T23:01:17.344+0000] {dag.py:3239} INFO - Sync 1 DAGs
[2025-06-26T23:01:17.361+0000] {logging_mixin.py:190} INFO - [2025-06-26T23:01:17.361+0000] {dag.py:4180} INFO - Setting next_dagrun for example_branch_operator to 2025-06-25 00:00:00+00:00, run_after=2025-06-26 00:00:00+00:00
[2025-06-26T23:01:17.376+0000] {processor.py:208} INFO - Processing /home/airflow/.local/lib/python3.12/site-packages/airflow/example_dags/example_branch_operator.py took 0.096 seconds
[2025-06-26T23:01:47.970+0000] {processor.py:186} INFO - Started process (PID=746) to work on /home/airflow/.local/lib/python3.12/site-packages/airflow/example_dags/example_branch_operator.py
[2025-06-26T23:01:47.973+0000] {processor.py:914} INFO - Processing file /home/airflow/.local/lib/python3.12/site-packages/airflow/example_dags/example_branch_operator.py for tasks to queue
[2025-06-26T23:01:47.979+0000] {logging_mixin.py:190} INFO - [2025-06-26T23:01:47.979+0000] {dagbag.py:588} INFO - Filling up the DagBag from /home/airflow/.local/lib/python3.12/site-packages/airflow/example_dags/example_branch_operator.py
[2025-06-26T23:01:48.093+0000] {processor.py:925} INFO - DAG(s) 'example_branch_operator' retrieved from /home/airflow/.local/lib/python3.12/site-packages/airflow/example_dags/example_branch_operator.py
[2025-06-26T23:01:48.193+0000] {logging_mixin.py:190} INFO - [2025-06-26T23:01:48.192+0000] {dag.py:3239} INFO - Sync 1 DAGs
[2025-06-26T23:01:48.227+0000] {logging_mixin.py:190} INFO - [2025-06-26T23:01:48.226+0000] {dag.py:4180} INFO - Setting next_dagrun for example_branch_operator to 2025-06-25 00:00:00+00:00, run_after=2025-06-26 00:00:00+00:00
[2025-06-26T23:01:48.246+0000] {processor.py:208} INFO - Processing /home/airflow/.local/lib/python3.12/site-packages/airflow/example_dags/example_branch_operator.py took 0.291 seconds
[2025-06-26T23:02:19.446+0000] {processor.py:186} INFO - Started process (PID=808) to work on /home/airflow/.local/lib/python3.12/site-packages/airflow/example_dags/example_branch_operator.py
[2025-06-26T23:02:19.447+0000] {processor.py:914} INFO - Processing file /home/airflow/.local/lib/python3.12/site-packages/airflow/example_dags/example_branch_operator.py for tasks to queue
[2025-06-26T23:02:19.449+0000] {logging_mixin.py:190} INFO - [2025-06-26T23:02:19.449+0000] {dagbag.py:588} INFO - Filling up the DagBag from /home/airflow/.local/lib/python3.12/site-packages/airflow/example_dags/example_branch_operator.py
[2025-06-26T23:02:19.466+0000] {processor.py:925} INFO - DAG(s) 'example_branch_operator' retrieved from /home/airflow/.local/lib/python3.12/site-packages/airflow/example_dags/example_branch_operator.py
[2025-06-26T23:02:19.483+0000] {logging_mixin.py:190} INFO - [2025-06-26T23:02:19.483+0000] {dag.py:3239} INFO - Sync 1 DAGs
[2025-06-26T23:02:19.501+0000] {logging_mixin.py:190} INFO - [2025-06-26T23:02:19.501+0000] {dag.py:4180} INFO - Setting next_dagrun for example_branch_operator to 2025-06-25 00:00:00+00:00, run_after=2025-06-26 00:00:00+00:00
[2025-06-26T23:02:19.510+0000] {processor.py:208} INFO - Processing /home/airflow/.local/lib/python3.12/site-packages/airflow/example_dags/example_branch_operator.py took 0.069 seconds
[2025-06-26T23:02:55.376+0000] {processor.py:186} INFO - Started process (PID=874) to work on /home/airflow/.local/lib/python3.12/site-packages/airflow/example_dags/example_branch_operator.py
[2025-06-26T23:02:55.378+0000] {processor.py:914} INFO - Processing file /home/airflow/.local/lib/python3.12/site-packages/airflow/example_dags/example_branch_operator.py for tasks to queue
[2025-06-26T23:02:55.380+0000] {logging_mixin.py:190} INFO - [2025-06-26T23:02:55.380+0000] {dagbag.py:588} INFO - Filling up the DagBag from /home/airflow/.local/lib/python3.12/site-packages/airflow/example_dags/example_branch_operator.py
[2025-06-26T23:02:55.396+0000] {processor.py:925} INFO - DAG(s) 'example_branch_operator' retrieved from /home/airflow/.local/lib/python3.12/site-packages/airflow/example_dags/example_branch_operator.py
[2025-06-26T23:02:55.417+0000] {logging_mixin.py:190} INFO - [2025-06-26T23:02:55.416+0000] {dag.py:3239} INFO - Sync 1 DAGs
[2025-06-26T23:02:55.431+0000] {logging_mixin.py:190} INFO - [2025-06-26T23:02:55.431+0000] {dag.py:4180} INFO - Setting next_dagrun for example_branch_operator to 2025-06-25 00:00:00+00:00, run_after=2025-06-26 00:00:00+00:00
[2025-06-26T23:02:55.442+0000] {processor.py:208} INFO - Processing /home/airflow/.local/lib/python3.12/site-packages/airflow/example_dags/example_branch_operator.py took 0.072 seconds
[2025-06-26T23:03:41.476+0000] {processor.py:186} INFO - Started process (PID=933) to work on /home/airflow/.local/lib/python3.12/site-packages/airflow/example_dags/example_branch_operator.py
[2025-06-26T23:03:41.477+0000] {processor.py:914} INFO - Processing file /home/airflow/.local/lib/python3.12/site-packages/airflow/example_dags/example_branch_operator.py for tasks to queue
[2025-06-26T23:03:41.480+0000] {logging_mixin.py:190} INFO - [2025-06-26T23:03:41.480+0000] {dagbag.py:588} INFO - Filling up the DagBag from /home/airflow/.local/lib/python3.12/site-packages/airflow/example_dags/example_branch_operator.py
[2025-06-26T23:03:41.500+0000] {processor.py:925} INFO - DAG(s) 'example_branch_operator' retrieved from /home/airflow/.local/lib/python3.12/site-packages/airflow/example_dags/example_branch_operator.py
[2025-06-26T23:03:41.530+0000] {logging_mixin.py:190} INFO - [2025-06-26T23:03:41.529+0000] {dag.py:3239} INFO - Sync 1 DAGs
[2025-06-26T23:03:41.551+0000] {logging_mixin.py:190} INFO - [2025-06-26T23:03:41.551+0000] {dag.py:4180} INFO - Setting next_dagrun for example_branch_operator to 2025-06-25 00:00:00+00:00, run_after=2025-06-26 00:00:00+00:00
[2025-06-26T23:03:41.572+0000] {processor.py:208} INFO - Processing /home/airflow/.local/lib/python3.12/site-packages/airflow/example_dags/example_branch_operator.py took 0.102 seconds
[2025-06-26T23:04:34.207+0000] {processor.py:186} INFO - Started process (PID=1006) to work on /home/airflow/.local/lib/python3.12/site-packages/airflow/example_dags/example_branch_operator.py
[2025-06-26T23:04:34.208+0000] {processor.py:914} INFO - Processing file /home/airflow/.local/lib/python3.12/site-packages/airflow/example_dags/example_branch_operator.py for tasks to queue
[2025-06-26T23:04:34.210+0000] {logging_mixin.py:190} INFO - [2025-06-26T23:04:34.210+0000] {dagbag.py:588} INFO - Filling up the DagBag from /home/airflow/.local/lib/python3.12/site-packages/airflow/example_dags/example_branch_operator.py
[2025-06-26T23:04:34.224+0000] {processor.py:925} INFO - DAG(s) 'example_branch_operator' retrieved from /home/airflow/.local/lib/python3.12/site-packages/airflow/example_dags/example_branch_operator.py
[2025-06-26T23:04:34.246+0000] {logging_mixin.py:190} INFO - [2025-06-26T23:04:34.246+0000] {dag.py:3239} INFO - Sync 1 DAGs
[2025-06-26T23:04:34.265+0000] {logging_mixin.py:190} INFO - [2025-06-26T23:04:34.264+0000] {dag.py:4180} INFO - Setting next_dagrun for example_branch_operator to 2025-06-25 00:00:00+00:00, run_after=2025-06-26 00:00:00+00:00
[2025-06-26T23:04:34.278+0000] {processor.py:208} INFO - Processing /home/airflow/.local/lib/python3.12/site-packages/airflow/example_dags/example_branch_operator.py took 0.074 seconds
[2025-06-26T23:05:10.789+0000] {processor.py:186} INFO - Started process (PID=1067) to work on /home/airflow/.local/lib/python3.12/site-packages/airflow/example_dags/example_branch_operator.py
[2025-06-26T23:05:10.790+0000] {processor.py:914} INFO - Processing file /home/airflow/.local/lib/python3.12/site-packages/airflow/example_dags/example_branch_operator.py for tasks to queue
[2025-06-26T23:05:10.793+0000] {logging_mixin.py:190} INFO - [2025-06-26T23:05:10.792+0000] {dagbag.py:588} INFO - Filling up the DagBag from /home/airflow/.local/lib/python3.12/site-packages/airflow/example_dags/example_branch_operator.py
[2025-06-26T23:05:10.813+0000] {processor.py:925} INFO - DAG(s) 'example_branch_operator' retrieved from /home/airflow/.local/lib/python3.12/site-packages/airflow/example_dags/example_branch_operator.py
[2025-06-26T23:05:10.838+0000] {logging_mixin.py:190} INFO - [2025-06-26T23:05:10.838+0000] {dag.py:3239} INFO - Sync 1 DAGs
[2025-06-26T23:05:10.869+0000] {logging_mixin.py:190} INFO - [2025-06-26T23:05:10.869+0000] {dag.py:4180} INFO - Setting next_dagrun for example_branch_operator to 2025-06-25 00:00:00+00:00, run_after=2025-06-26 00:00:00+00:00
[2025-06-26T23:05:10.907+0000] {processor.py:208} INFO - Processing /home/airflow/.local/lib/python3.12/site-packages/airflow/example_dags/example_branch_operator.py took 0.125 seconds
[2025-06-26T23:05:42.118+0000] {processor.py:186} INFO - Started process (PID=1129) to work on /home/airflow/.local/lib/python3.12/site-packages/airflow/example_dags/example_branch_operator.py
[2025-06-26T23:05:42.123+0000] {processor.py:914} INFO - Processing file /home/airflow/.local/lib/python3.12/site-packages/airflow/example_dags/example_branch_operator.py for tasks to queue
[2025-06-26T23:05:42.130+0000] {logging_mixin.py:190} INFO - [2025-06-26T23:05:42.129+0000] {dagbag.py:588} INFO - Filling up the DagBag from /home/airflow/.local/lib/python3.12/site-packages/airflow/example_dags/example_branch_operator.py
[2025-06-26T23:05:42.154+0000] {processor.py:925} INFO - DAG(s) 'example_branch_operator' retrieved from /home/airflow/.local/lib/python3.12/site-packages/airflow/example_dags/example_branch_operator.py
[2025-06-26T23:05:42.182+0000] {logging_mixin.py:190} INFO - [2025-06-26T23:05:42.182+0000] {dag.py:3239} INFO - Sync 1 DAGs
[2025-06-26T23:05:42.201+0000] {logging_mixin.py:190} INFO - [2025-06-26T23:05:42.200+0000] {dag.py:4180} INFO - Setting next_dagrun for example_branch_operator to 2025-06-25 00:00:00+00:00, run_after=2025-06-26 00:00:00+00:00
[2025-06-26T23:05:42.221+0000] {processor.py:208} INFO - Processing /home/airflow/.local/lib/python3.12/site-packages/airflow/example_dags/example_branch_operator.py took 0.111 seconds
[2025-06-26T23:06:15.353+0000] {processor.py:186} INFO - Started process (PID=1191) to work on /home/airflow/.local/lib/python3.12/site-packages/airflow/example_dags/example_branch_operator.py
[2025-06-26T23:06:15.361+0000] {processor.py:914} INFO - Processing file /home/airflow/.local/lib/python3.12/site-packages/airflow/example_dags/example_branch_operator.py for tasks to queue
[2025-06-26T23:06:15.382+0000] {logging_mixin.py:190} INFO - [2025-06-26T23:06:15.378+0000] {dagbag.py:588} INFO - Filling up the DagBag from /home/airflow/.local/lib/python3.12/site-packages/airflow/example_dags/example_branch_operator.py
[2025-06-26T23:06:15.602+0000] {processor.py:925} INFO - DAG(s) 'example_branch_operator' retrieved from /home/airflow/.local/lib/python3.12/site-packages/airflow/example_dags/example_branch_operator.py
[2025-06-26T23:06:16.265+0000] {logging_mixin.py:190} INFO - [2025-06-26T23:06:16.258+0000] {dag.py:3239} INFO - Sync 1 DAGs
[2025-06-26T23:06:16.331+0000] {logging_mixin.py:190} INFO - [2025-06-26T23:06:16.331+0000] {dag.py:4180} INFO - Setting next_dagrun for example_branch_operator to 2025-06-25 00:00:00+00:00, run_after=2025-06-26 00:00:00+00:00
[2025-06-26T23:06:16.576+0000] {processor.py:208} INFO - Processing /home/airflow/.local/lib/python3.12/site-packages/airflow/example_dags/example_branch_operator.py took 1.241 seconds
[2025-06-26T23:06:47.498+0000] {processor.py:186} INFO - Started process (PID=1253) to work on /home/airflow/.local/lib/python3.12/site-packages/airflow/example_dags/example_branch_operator.py
[2025-06-26T23:06:47.502+0000] {processor.py:914} INFO - Processing file /home/airflow/.local/lib/python3.12/site-packages/airflow/example_dags/example_branch_operator.py for tasks to queue
[2025-06-26T23:06:47.513+0000] {logging_mixin.py:190} INFO - [2025-06-26T23:06:47.512+0000] {dagbag.py:588} INFO - Filling up the DagBag from /home/airflow/.local/lib/python3.12/site-packages/airflow/example_dags/example_branch_operator.py
[2025-06-26T23:06:47.551+0000] {processor.py:925} INFO - DAG(s) 'example_branch_operator' retrieved from /home/airflow/.local/lib/python3.12/site-packages/airflow/example_dags/example_branch_operator.py
[2025-06-26T23:06:47.589+0000] {logging_mixin.py:190} INFO - [2025-06-26T23:06:47.589+0000] {dag.py:3239} INFO - Sync 1 DAGs
[2025-06-26T23:06:47.622+0000] {logging_mixin.py:190} INFO - [2025-06-26T23:06:47.622+0000] {dag.py:4180} INFO - Setting next_dagrun for example_branch_operator to 2025-06-25 00:00:00+00:00, run_after=2025-06-26 00:00:00+00:00
[2025-06-26T23:06:47.656+0000] {processor.py:208} INFO - Processing /home/airflow/.local/lib/python3.12/site-packages/airflow/example_dags/example_branch_operator.py took 0.191 seconds
[2025-06-26T23:07:17.761+0000] {processor.py:186} INFO - Started process (PID=1315) to work on /home/airflow/.local/lib/python3.12/site-packages/airflow/example_dags/example_branch_operator.py
[2025-06-26T23:07:17.764+0000] {processor.py:914} INFO - Processing file /home/airflow/.local/lib/python3.12/site-packages/airflow/example_dags/example_branch_operator.py for tasks to queue
[2025-06-26T23:07:17.767+0000] {logging_mixin.py:190} INFO - [2025-06-26T23:07:17.766+0000] {dagbag.py:588} INFO - Filling up the DagBag from /home/airflow/.local/lib/python3.12/site-packages/airflow/example_dags/example_branch_operator.py
[2025-06-26T23:07:17.788+0000] {processor.py:925} INFO - DAG(s) 'example_branch_operator' retrieved from /home/airflow/.local/lib/python3.12/site-packages/airflow/example_dags/example_branch_operator.py
[2025-06-26T23:07:17.821+0000] {logging_mixin.py:190} INFO - [2025-06-26T23:07:17.821+0000] {dag.py:3239} INFO - Sync 1 DAGs
[2025-06-26T23:07:17.859+0000] {logging_mixin.py:190} INFO - [2025-06-26T23:07:17.859+0000] {dag.py:4180} INFO - Setting next_dagrun for example_branch_operator to 2025-06-25 00:00:00+00:00, run_after=2025-06-26 00:00:00+00:00
[2025-06-26T23:07:17.880+0000] {processor.py:208} INFO - Processing /home/airflow/.local/lib/python3.12/site-packages/airflow/example_dags/example_branch_operator.py took 0.133 seconds
