[2025-06-26T22:55:49.688+0000] {processor.py:186} INFO - Started process (PID=114) to work on /home/airflow/.local/lib/python3.12/site-packages/airflow/example_dags/example_latest_only_with_trigger.py
[2025-06-26T22:55:49.700+0000] {processor.py:914} INFO - Processing file /home/airflow/.local/lib/python3.12/site-packages/airflow/example_dags/example_latest_only_with_trigger.py for tasks to queue
[2025-06-26T22:55:49.735+0000] {logging_mixin.py:190} INFO - [2025-06-26T22:55:49.732+0000] {dagbag.py:588} INFO - Filling up the DagBag from /home/airflow/.local/lib/python3.12/site-packages/airflow/example_dags/example_latest_only_with_trigger.py
[2025-06-26T22:55:49.811+0000] {processor.py:925} INFO - DAG(s) 'latest_only_with_trigger' retrieved from /home/airflow/.local/lib/python3.12/site-packages/airflow/example_dags/example_latest_only_with_trigger.py
[2025-06-26T22:55:50.796+0000] {logging_mixin.py:190} INFO - [2025-06-26T22:55:50.774+0000] {override.py:1900} INFO - Created Permission View: can read on DAG:latest_only_with_trigger
[2025-06-26T22:55:50.886+0000] {logging_mixin.py:190} INFO - [2025-06-26T22:55:50.885+0000] {override.py:1900} INFO - Created Permission View: can delete on DAG:latest_only_with_trigger
[2025-06-26T22:55:50.909+0000] {logging_mixin.py:190} INFO - [2025-06-26T22:55:50.908+0000] {override.py:1900} INFO - Created Permission View: can edit on DAG:latest_only_with_trigger
[2025-06-26T22:55:50.946+0000] {logging_mixin.py:190} INFO - [2025-06-26T22:55:50.944+0000] {override.py:1900} INFO - Created Permission View: can read on DAG Run:latest_only_with_trigger
[2025-06-26T22:55:51.028+0000] {logging_mixin.py:190} INFO - [2025-06-26T22:55:51.028+0000] {override.py:1900} INFO - Created Permission View: menu access on DAG Run:latest_only_with_trigger
[2025-06-26T22:55:51.062+0000] {logging_mixin.py:190} INFO - [2025-06-26T22:55:51.061+0000] {override.py:1900} INFO - Created Permission View: can delete on DAG Run:latest_only_with_trigger
[2025-06-26T22:55:51.086+0000] {logging_mixin.py:190} INFO - [2025-06-26T22:55:51.085+0000] {override.py:1900} INFO - Created Permission View: can create on DAG Run:latest_only_with_trigger
[2025-06-26T22:55:51.097+0000] {logging_mixin.py:190} INFO - [2025-06-26T22:55:51.095+0000] {dag.py:3239} INFO - Sync 1 DAGs
[2025-06-26T22:55:51.145+0000] {logging_mixin.py:190} INFO - [2025-06-26T22:55:51.145+0000] {dag.py:3262} INFO - Creating ORM DAG for latest_only_with_trigger
[2025-06-26T22:55:51.192+0000] {logging_mixin.py:190} INFO - [2025-06-26T22:55:51.192+0000] {dag.py:4180} INFO - Setting next_dagrun for latest_only_with_trigger to 2025-06-26 16:00:00+00:00, run_after=2025-06-26 20:00:00+00:00
[2025-06-26T22:55:51.257+0000] {processor.py:208} INFO - Processing /home/airflow/.local/lib/python3.12/site-packages/airflow/example_dags/example_latest_only_with_trigger.py took 1.604 seconds
[2025-06-26T22:56:22.049+0000] {processor.py:186} INFO - Started process (PID=176) to work on /home/airflow/.local/lib/python3.12/site-packages/airflow/example_dags/example_latest_only_with_trigger.py
[2025-06-26T22:56:22.057+0000] {processor.py:914} INFO - Processing file /home/airflow/.local/lib/python3.12/site-packages/airflow/example_dags/example_latest_only_with_trigger.py for tasks to queue
[2025-06-26T22:56:22.080+0000] {logging_mixin.py:190} INFO - [2025-06-26T22:56:22.079+0000] {dagbag.py:588} INFO - Filling up the DagBag from /home/airflow/.local/lib/python3.12/site-packages/airflow/example_dags/example_latest_only_with_trigger.py
[2025-06-26T22:56:22.111+0000] {processor.py:925} INFO - DAG(s) 'latest_only_with_trigger' retrieved from /home/airflow/.local/lib/python3.12/site-packages/airflow/example_dags/example_latest_only_with_trigger.py
[2025-06-26T22:56:22.252+0000] {logging_mixin.py:190} INFO - [2025-06-26T22:56:22.250+0000] {dag.py:3239} INFO - Sync 1 DAGs
[2025-06-26T22:56:22.383+0000] {logging_mixin.py:190} INFO - [2025-06-26T22:56:22.382+0000] {dag.py:4180} INFO - Setting next_dagrun for latest_only_with_trigger to 2025-06-26 16:00:00+00:00, run_after=2025-06-26 20:00:00+00:00
[2025-06-26T22:56:22.510+0000] {processor.py:208} INFO - Processing /home/airflow/.local/lib/python3.12/site-packages/airflow/example_dags/example_latest_only_with_trigger.py took 0.516 seconds
[2025-06-26T22:56:53.176+0000] {processor.py:186} INFO - Started process (PID=238) to work on /home/airflow/.local/lib/python3.12/site-packages/airflow/example_dags/example_latest_only_with_trigger.py
[2025-06-26T22:56:53.179+0000] {processor.py:914} INFO - Processing file /home/airflow/.local/lib/python3.12/site-packages/airflow/example_dags/example_latest_only_with_trigger.py for tasks to queue
[2025-06-26T22:56:53.191+0000] {logging_mixin.py:190} INFO - [2025-06-26T22:56:53.190+0000] {dagbag.py:588} INFO - Filling up the DagBag from /home/airflow/.local/lib/python3.12/site-packages/airflow/example_dags/example_latest_only_with_trigger.py
[2025-06-26T22:56:53.259+0000] {processor.py:925} INFO - DAG(s) 'latest_only_with_trigger' retrieved from /home/airflow/.local/lib/python3.12/site-packages/airflow/example_dags/example_latest_only_with_trigger.py
[2025-06-26T22:56:53.396+0000] {logging_mixin.py:190} INFO - [2025-06-26T22:56:53.395+0000] {dag.py:3239} INFO - Sync 1 DAGs
[2025-06-26T22:56:53.474+0000] {logging_mixin.py:190} INFO - [2025-06-26T22:56:53.472+0000] {dag.py:4180} INFO - Setting next_dagrun for latest_only_with_trigger to 2025-06-26 16:00:00+00:00, run_after=2025-06-26 20:00:00+00:00
[2025-06-26T22:56:53.592+0000] {processor.py:208} INFO - Processing /home/airflow/.local/lib/python3.12/site-packages/airflow/example_dags/example_latest_only_with_trigger.py took 0.434 seconds
[2025-06-26T22:57:25.333+0000] {processor.py:186} INFO - Started process (PID=300) to work on /home/airflow/.local/lib/python3.12/site-packages/airflow/example_dags/example_latest_only_with_trigger.py
[2025-06-26T22:57:25.336+0000] {processor.py:914} INFO - Processing file /home/airflow/.local/lib/python3.12/site-packages/airflow/example_dags/example_latest_only_with_trigger.py for tasks to queue
[2025-06-26T22:57:25.346+0000] {logging_mixin.py:190} INFO - [2025-06-26T22:57:25.343+0000] {dagbag.py:588} INFO - Filling up the DagBag from /home/airflow/.local/lib/python3.12/site-packages/airflow/example_dags/example_latest_only_with_trigger.py
[2025-06-26T22:57:25.404+0000] {processor.py:925} INFO - DAG(s) 'latest_only_with_trigger' retrieved from /home/airflow/.local/lib/python3.12/site-packages/airflow/example_dags/example_latest_only_with_trigger.py
[2025-06-26T22:57:25.598+0000] {logging_mixin.py:190} INFO - [2025-06-26T22:57:25.593+0000] {dag.py:3239} INFO - Sync 1 DAGs
[2025-06-26T22:57:25.725+0000] {logging_mixin.py:190} INFO - [2025-06-26T22:57:25.724+0000] {dag.py:4180} INFO - Setting next_dagrun for latest_only_with_trigger to 2025-06-26 16:00:00+00:00, run_after=2025-06-26 20:00:00+00:00
[2025-06-26T22:57:25.752+0000] {processor.py:208} INFO - Processing /home/airflow/.local/lib/python3.12/site-packages/airflow/example_dags/example_latest_only_with_trigger.py took 0.439 seconds
[2025-06-26T22:58:19.378+0000] {processor.py:186} INFO - Started process (PID=372) to work on /home/airflow/.local/lib/python3.12/site-packages/airflow/example_dags/example_latest_only_with_trigger.py
[2025-06-26T22:58:19.392+0000] {processor.py:914} INFO - Processing file /home/airflow/.local/lib/python3.12/site-packages/airflow/example_dags/example_latest_only_with_trigger.py for tasks to queue
[2025-06-26T22:58:19.412+0000] {logging_mixin.py:190} INFO - [2025-06-26T22:58:19.411+0000] {dagbag.py:588} INFO - Filling up the DagBag from /home/airflow/.local/lib/python3.12/site-packages/airflow/example_dags/example_latest_only_with_trigger.py
[2025-06-26T22:58:19.469+0000] {processor.py:925} INFO - DAG(s) 'latest_only_with_trigger' retrieved from /home/airflow/.local/lib/python3.12/site-packages/airflow/example_dags/example_latest_only_with_trigger.py
[2025-06-26T22:58:19.617+0000] {logging_mixin.py:190} INFO - [2025-06-26T22:58:19.612+0000] {dag.py:3239} INFO - Sync 1 DAGs
[2025-06-26T22:58:19.667+0000] {logging_mixin.py:190} INFO - [2025-06-26T22:58:19.666+0000] {dag.py:4180} INFO - Setting next_dagrun for latest_only_with_trigger to 2025-06-26 16:00:00+00:00, run_after=2025-06-26 20:00:00+00:00
[2025-06-26T22:58:19.720+0000] {processor.py:208} INFO - Processing /home/airflow/.local/lib/python3.12/site-packages/airflow/example_dags/example_latest_only_with_trigger.py took 0.369 seconds
[2025-06-26T22:59:04.175+0000] {processor.py:186} INFO - Started process (PID=445) to work on /home/airflow/.local/lib/python3.12/site-packages/airflow/example_dags/example_latest_only_with_trigger.py
[2025-06-26T22:59:04.183+0000] {processor.py:914} INFO - Processing file /home/airflow/.local/lib/python3.12/site-packages/airflow/example_dags/example_latest_only_with_trigger.py for tasks to queue
[2025-06-26T22:59:04.195+0000] {logging_mixin.py:190} INFO - [2025-06-26T22:59:04.194+0000] {dagbag.py:588} INFO - Filling up the DagBag from /home/airflow/.local/lib/python3.12/site-packages/airflow/example_dags/example_latest_only_with_trigger.py
[2025-06-26T22:59:04.224+0000] {processor.py:925} INFO - DAG(s) 'latest_only_with_trigger' retrieved from /home/airflow/.local/lib/python3.12/site-packages/airflow/example_dags/example_latest_only_with_trigger.py
[2025-06-26T22:59:04.299+0000] {logging_mixin.py:190} INFO - [2025-06-26T22:59:04.299+0000] {dag.py:3239} INFO - Sync 1 DAGs
[2025-06-26T22:59:04.405+0000] {logging_mixin.py:190} INFO - [2025-06-26T22:59:04.405+0000] {dag.py:4180} INFO - Setting next_dagrun for latest_only_with_trigger to 2025-06-26 16:00:00+00:00, run_after=2025-06-26 20:00:00+00:00
[2025-06-26T22:59:04.458+0000] {processor.py:208} INFO - Processing /home/airflow/.local/lib/python3.12/site-packages/airflow/example_dags/example_latest_only_with_trigger.py took 0.312 seconds
[2025-06-26T22:59:42.658+0000] {processor.py:186} INFO - Started process (PID=519) to work on /home/airflow/.local/lib/python3.12/site-packages/airflow/example_dags/example_latest_only_with_trigger.py
[2025-06-26T22:59:42.659+0000] {processor.py:914} INFO - Processing file /home/airflow/.local/lib/python3.12/site-packages/airflow/example_dags/example_latest_only_with_trigger.py for tasks to queue
[2025-06-26T22:59:42.662+0000] {logging_mixin.py:190} INFO - [2025-06-26T22:59:42.662+0000] {dagbag.py:588} INFO - Filling up the DagBag from /home/airflow/.local/lib/python3.12/site-packages/airflow/example_dags/example_latest_only_with_trigger.py
[2025-06-26T22:59:42.672+0000] {processor.py:925} INFO - DAG(s) 'latest_only_with_trigger' retrieved from /home/airflow/.local/lib/python3.12/site-packages/airflow/example_dags/example_latest_only_with_trigger.py
[2025-06-26T22:59:42.708+0000] {logging_mixin.py:190} INFO - [2025-06-26T22:59:42.707+0000] {dag.py:3239} INFO - Sync 1 DAGs
[2025-06-26T22:59:42.737+0000] {logging_mixin.py:190} INFO - [2025-06-26T22:59:42.737+0000] {dag.py:4180} INFO - Setting next_dagrun for latest_only_with_trigger to 2025-06-26 16:00:00+00:00, run_after=2025-06-26 20:00:00+00:00
[2025-06-26T22:59:42.767+0000] {processor.py:208} INFO - Processing /home/airflow/.local/lib/python3.12/site-packages/airflow/example_dags/example_latest_only_with_trigger.py took 0.115 seconds
[2025-06-26T23:00:13.063+0000] {processor.py:186} INFO - Started process (PID=581) to work on /home/airflow/.local/lib/python3.12/site-packages/airflow/example_dags/example_latest_only_with_trigger.py
[2025-06-26T23:00:13.065+0000] {processor.py:914} INFO - Processing file /home/airflow/.local/lib/python3.12/site-packages/airflow/example_dags/example_latest_only_with_trigger.py for tasks to queue
[2025-06-26T23:00:13.066+0000] {logging_mixin.py:190} INFO - [2025-06-26T23:00:13.066+0000] {dagbag.py:588} INFO - Filling up the DagBag from /home/airflow/.local/lib/python3.12/site-packages/airflow/example_dags/example_latest_only_with_trigger.py
[2025-06-26T23:00:13.076+0000] {processor.py:925} INFO - DAG(s) 'latest_only_with_trigger' retrieved from /home/airflow/.local/lib/python3.12/site-packages/airflow/example_dags/example_latest_only_with_trigger.py
[2025-06-26T23:00:13.095+0000] {logging_mixin.py:190} INFO - [2025-06-26T23:00:13.095+0000] {dag.py:3239} INFO - Sync 1 DAGs
[2025-06-26T23:00:13.132+0000] {logging_mixin.py:190} INFO - [2025-06-26T23:00:13.132+0000] {dag.py:4180} INFO - Setting next_dagrun for latest_only_with_trigger to 2025-06-26 16:00:00+00:00, run_after=2025-06-26 20:00:00+00:00
[2025-06-26T23:00:13.159+0000] {processor.py:208} INFO - Processing /home/airflow/.local/lib/python3.12/site-packages/airflow/example_dags/example_latest_only_with_trigger.py took 0.099 seconds
[2025-06-26T23:00:46.543+0000] {processor.py:186} INFO - Started process (PID=648) to work on /home/airflow/.local/lib/python3.12/site-packages/airflow/example_dags/example_latest_only_with_trigger.py
[2025-06-26T23:00:46.544+0000] {processor.py:914} INFO - Processing file /home/airflow/.local/lib/python3.12/site-packages/airflow/example_dags/example_latest_only_with_trigger.py for tasks to queue
[2025-06-26T23:00:46.546+0000] {logging_mixin.py:190} INFO - [2025-06-26T23:00:46.545+0000] {dagbag.py:588} INFO - Filling up the DagBag from /home/airflow/.local/lib/python3.12/site-packages/airflow/example_dags/example_latest_only_with_trigger.py
[2025-06-26T23:00:46.553+0000] {processor.py:925} INFO - DAG(s) 'latest_only_with_trigger' retrieved from /home/airflow/.local/lib/python3.12/site-packages/airflow/example_dags/example_latest_only_with_trigger.py
[2025-06-26T23:00:46.575+0000] {logging_mixin.py:190} INFO - [2025-06-26T23:00:46.574+0000] {dag.py:3239} INFO - Sync 1 DAGs
[2025-06-26T23:00:46.590+0000] {logging_mixin.py:190} INFO - [2025-06-26T23:00:46.590+0000] {dag.py:4180} INFO - Setting next_dagrun for latest_only_with_trigger to 2025-06-26 16:00:00+00:00, run_after=2025-06-26 20:00:00+00:00
[2025-06-26T23:00:46.600+0000] {processor.py:208} INFO - Processing /home/airflow/.local/lib/python3.12/site-packages/airflow/example_dags/example_latest_only_with_trigger.py took 0.065 seconds
[2025-06-26T23:01:19.490+0000] {processor.py:186} INFO - Started process (PID=710) to work on /home/airflow/.local/lib/python3.12/site-packages/airflow/example_dags/example_latest_only_with_trigger.py
[2025-06-26T23:01:19.492+0000] {processor.py:914} INFO - Processing file /home/airflow/.local/lib/python3.12/site-packages/airflow/example_dags/example_latest_only_with_trigger.py for tasks to queue
[2025-06-26T23:01:19.495+0000] {logging_mixin.py:190} INFO - [2025-06-26T23:01:19.494+0000] {dagbag.py:588} INFO - Filling up the DagBag from /home/airflow/.local/lib/python3.12/site-packages/airflow/example_dags/example_latest_only_with_trigger.py
[2025-06-26T23:01:19.503+0000] {processor.py:925} INFO - DAG(s) 'latest_only_with_trigger' retrieved from /home/airflow/.local/lib/python3.12/site-packages/airflow/example_dags/example_latest_only_with_trigger.py
[2025-06-26T23:01:19.521+0000] {logging_mixin.py:190} INFO - [2025-06-26T23:01:19.521+0000] {dag.py:3239} INFO - Sync 1 DAGs
[2025-06-26T23:01:19.539+0000] {logging_mixin.py:190} INFO - [2025-06-26T23:01:19.538+0000] {dag.py:4180} INFO - Setting next_dagrun for latest_only_with_trigger to 2025-06-26 16:00:00+00:00, run_after=2025-06-26 20:00:00+00:00
[2025-06-26T23:01:19.553+0000] {processor.py:208} INFO - Processing /home/airflow/.local/lib/python3.12/site-packages/airflow/example_dags/example_latest_only_with_trigger.py took 0.073 seconds
[2025-06-26T23:01:53.965+0000] {processor.py:186} INFO - Started process (PID=777) to work on /home/airflow/.local/lib/python3.12/site-packages/airflow/example_dags/example_latest_only_with_trigger.py
[2025-06-26T23:01:53.967+0000] {processor.py:914} INFO - Processing file /home/airflow/.local/lib/python3.12/site-packages/airflow/example_dags/example_latest_only_with_trigger.py for tasks to queue
[2025-06-26T23:01:53.970+0000] {logging_mixin.py:190} INFO - [2025-06-26T23:01:53.970+0000] {dagbag.py:588} INFO - Filling up the DagBag from /home/airflow/.local/lib/python3.12/site-packages/airflow/example_dags/example_latest_only_with_trigger.py
[2025-06-26T23:01:53.984+0000] {processor.py:925} INFO - DAG(s) 'latest_only_with_trigger' retrieved from /home/airflow/.local/lib/python3.12/site-packages/airflow/example_dags/example_latest_only_with_trigger.py
[2025-06-26T23:01:54.027+0000] {logging_mixin.py:190} INFO - [2025-06-26T23:01:54.027+0000] {dag.py:3239} INFO - Sync 1 DAGs
[2025-06-26T23:01:54.064+0000] {logging_mixin.py:190} INFO - [2025-06-26T23:01:54.064+0000] {dag.py:4180} INFO - Setting next_dagrun for latest_only_with_trigger to 2025-06-26 16:00:00+00:00, run_after=2025-06-26 20:00:00+00:00
[2025-06-26T23:01:54.080+0000] {processor.py:208} INFO - Processing /home/airflow/.local/lib/python3.12/site-packages/airflow/example_dags/example_latest_only_with_trigger.py took 0.121 seconds
[2025-06-26T23:02:24.409+0000] {processor.py:186} INFO - Started process (PID=839) to work on /home/airflow/.local/lib/python3.12/site-packages/airflow/example_dags/example_latest_only_with_trigger.py
[2025-06-26T23:02:24.412+0000] {processor.py:914} INFO - Processing file /home/airflow/.local/lib/python3.12/site-packages/airflow/example_dags/example_latest_only_with_trigger.py for tasks to queue
[2025-06-26T23:02:24.415+0000] {logging_mixin.py:190} INFO - [2025-06-26T23:02:24.415+0000] {dagbag.py:588} INFO - Filling up the DagBag from /home/airflow/.local/lib/python3.12/site-packages/airflow/example_dags/example_latest_only_with_trigger.py
[2025-06-26T23:02:24.427+0000] {processor.py:925} INFO - DAG(s) 'latest_only_with_trigger' retrieved from /home/airflow/.local/lib/python3.12/site-packages/airflow/example_dags/example_latest_only_with_trigger.py
[2025-06-26T23:02:24.448+0000] {logging_mixin.py:190} INFO - [2025-06-26T23:02:24.448+0000] {dag.py:3239} INFO - Sync 1 DAGs
[2025-06-26T23:02:24.465+0000] {logging_mixin.py:190} INFO - [2025-06-26T23:02:24.465+0000] {dag.py:4180} INFO - Setting next_dagrun for latest_only_with_trigger to 2025-06-26 16:00:00+00:00, run_after=2025-06-26 20:00:00+00:00
[2025-06-26T23:02:24.475+0000] {processor.py:208} INFO - Processing /home/airflow/.local/lib/python3.12/site-packages/airflow/example_dags/example_latest_only_with_trigger.py took 0.073 seconds
[2025-06-26T23:02:57.767+0000] {processor.py:186} INFO - Started process (PID=901) to work on /home/airflow/.local/lib/python3.12/site-packages/airflow/example_dags/example_latest_only_with_trigger.py
[2025-06-26T23:02:57.768+0000] {processor.py:914} INFO - Processing file /home/airflow/.local/lib/python3.12/site-packages/airflow/example_dags/example_latest_only_with_trigger.py for tasks to queue
[2025-06-26T23:02:57.770+0000] {logging_mixin.py:190} INFO - [2025-06-26T23:02:57.770+0000] {dagbag.py:588} INFO - Filling up the DagBag from /home/airflow/.local/lib/python3.12/site-packages/airflow/example_dags/example_latest_only_with_trigger.py
[2025-06-26T23:02:57.780+0000] {processor.py:925} INFO - DAG(s) 'latest_only_with_trigger' retrieved from /home/airflow/.local/lib/python3.12/site-packages/airflow/example_dags/example_latest_only_with_trigger.py
[2025-06-26T23:02:57.837+0000] {logging_mixin.py:190} INFO - [2025-06-26T23:02:57.836+0000] {dag.py:3239} INFO - Sync 1 DAGs
[2025-06-26T23:02:57.868+0000] {logging_mixin.py:190} INFO - [2025-06-26T23:02:57.867+0000] {dag.py:4180} INFO - Setting next_dagrun for latest_only_with_trigger to 2025-06-26 16:00:00+00:00, run_after=2025-06-26 20:00:00+00:00
[2025-06-26T23:02:57.885+0000] {processor.py:208} INFO - Processing /home/airflow/.local/lib/python3.12/site-packages/airflow/example_dags/example_latest_only_with_trigger.py took 0.125 seconds
[2025-06-26T23:03:44.522+0000] {processor.py:186} INFO - Started process (PID=963) to work on /home/airflow/.local/lib/python3.12/site-packages/airflow/example_dags/example_latest_only_with_trigger.py
[2025-06-26T23:03:44.524+0000] {processor.py:914} INFO - Processing file /home/airflow/.local/lib/python3.12/site-packages/airflow/example_dags/example_latest_only_with_trigger.py for tasks to queue
[2025-06-26T23:03:44.526+0000] {logging_mixin.py:190} INFO - [2025-06-26T23:03:44.526+0000] {dagbag.py:588} INFO - Filling up the DagBag from /home/airflow/.local/lib/python3.12/site-packages/airflow/example_dags/example_latest_only_with_trigger.py
[2025-06-26T23:03:44.536+0000] {processor.py:925} INFO - DAG(s) 'latest_only_with_trigger' retrieved from /home/airflow/.local/lib/python3.12/site-packages/airflow/example_dags/example_latest_only_with_trigger.py
[2025-06-26T23:03:44.574+0000] {logging_mixin.py:190} INFO - [2025-06-26T23:03:44.574+0000] {dag.py:3239} INFO - Sync 1 DAGs
[2025-06-26T23:03:44.642+0000] {logging_mixin.py:190} INFO - [2025-06-26T23:03:44.641+0000] {dag.py:4180} INFO - Setting next_dagrun for latest_only_with_trigger to 2025-06-26 16:00:00+00:00, run_after=2025-06-26 20:00:00+00:00
[2025-06-26T23:03:44.701+0000] {processor.py:208} INFO - Processing /home/airflow/.local/lib/python3.12/site-packages/airflow/example_dags/example_latest_only_with_trigger.py took 0.184 seconds
[2025-06-26T23:04:36.291+0000] {processor.py:186} INFO - Started process (PID=1036) to work on /home/airflow/.local/lib/python3.12/site-packages/airflow/example_dags/example_latest_only_with_trigger.py
[2025-06-26T23:04:36.292+0000] {processor.py:914} INFO - Processing file /home/airflow/.local/lib/python3.12/site-packages/airflow/example_dags/example_latest_only_with_trigger.py for tasks to queue
[2025-06-26T23:04:36.295+0000] {logging_mixin.py:190} INFO - [2025-06-26T23:04:36.295+0000] {dagbag.py:588} INFO - Filling up the DagBag from /home/airflow/.local/lib/python3.12/site-packages/airflow/example_dags/example_latest_only_with_trigger.py
[2025-06-26T23:04:36.303+0000] {processor.py:925} INFO - DAG(s) 'latest_only_with_trigger' retrieved from /home/airflow/.local/lib/python3.12/site-packages/airflow/example_dags/example_latest_only_with_trigger.py
[2025-06-26T23:04:36.318+0000] {logging_mixin.py:190} INFO - [2025-06-26T23:04:36.318+0000] {dag.py:3239} INFO - Sync 1 DAGs
[2025-06-26T23:04:36.334+0000] {logging_mixin.py:190} INFO - [2025-06-26T23:04:36.333+0000] {dag.py:4180} INFO - Setting next_dagrun for latest_only_with_trigger to 2025-06-26 16:00:00+00:00, run_after=2025-06-26 20:00:00+00:00
[2025-06-26T23:04:36.345+0000] {processor.py:208} INFO - Processing /home/airflow/.local/lib/python3.12/site-packages/airflow/example_dags/example_latest_only_with_trigger.py took 0.059 seconds
[2025-06-26T23:05:13.241+0000] {processor.py:186} INFO - Started process (PID=1097) to work on /home/airflow/.local/lib/python3.12/site-packages/airflow/example_dags/example_latest_only_with_trigger.py
[2025-06-26T23:05:13.245+0000] {processor.py:914} INFO - Processing file /home/airflow/.local/lib/python3.12/site-packages/airflow/example_dags/example_latest_only_with_trigger.py for tasks to queue
[2025-06-26T23:05:13.253+0000] {logging_mixin.py:190} INFO - [2025-06-26T23:05:13.252+0000] {dagbag.py:588} INFO - Filling up the DagBag from /home/airflow/.local/lib/python3.12/site-packages/airflow/example_dags/example_latest_only_with_trigger.py
[2025-06-26T23:05:13.274+0000] {processor.py:925} INFO - DAG(s) 'latest_only_with_trigger' retrieved from /home/airflow/.local/lib/python3.12/site-packages/airflow/example_dags/example_latest_only_with_trigger.py
[2025-06-26T23:05:13.337+0000] {logging_mixin.py:190} INFO - [2025-06-26T23:05:13.337+0000] {dag.py:3239} INFO - Sync 1 DAGs
[2025-06-26T23:05:13.384+0000] {logging_mixin.py:190} INFO - [2025-06-26T23:05:13.383+0000] {dag.py:4180} INFO - Setting next_dagrun for latest_only_with_trigger to 2025-06-26 16:00:00+00:00, run_after=2025-06-26 20:00:00+00:00
[2025-06-26T23:05:13.420+0000] {processor.py:208} INFO - Processing /home/airflow/.local/lib/python3.12/site-packages/airflow/example_dags/example_latest_only_with_trigger.py took 0.189 seconds
[2025-06-26T23:05:44.111+0000] {processor.py:186} INFO - Started process (PID=1159) to work on /home/airflow/.local/lib/python3.12/site-packages/airflow/example_dags/example_latest_only_with_trigger.py
[2025-06-26T23:05:44.112+0000] {processor.py:914} INFO - Processing file /home/airflow/.local/lib/python3.12/site-packages/airflow/example_dags/example_latest_only_with_trigger.py for tasks to queue
[2025-06-26T23:05:44.113+0000] {logging_mixin.py:190} INFO - [2025-06-26T23:05:44.113+0000] {dagbag.py:588} INFO - Filling up the DagBag from /home/airflow/.local/lib/python3.12/site-packages/airflow/example_dags/example_latest_only_with_trigger.py
[2025-06-26T23:05:44.121+0000] {processor.py:925} INFO - DAG(s) 'latest_only_with_trigger' retrieved from /home/airflow/.local/lib/python3.12/site-packages/airflow/example_dags/example_latest_only_with_trigger.py
[2025-06-26T23:05:44.141+0000] {logging_mixin.py:190} INFO - [2025-06-26T23:05:44.141+0000] {dag.py:3239} INFO - Sync 1 DAGs
[2025-06-26T23:05:44.162+0000] {logging_mixin.py:190} INFO - [2025-06-26T23:05:44.162+0000] {dag.py:4180} INFO - Setting next_dagrun for latest_only_with_trigger to 2025-06-26 16:00:00+00:00, run_after=2025-06-26 20:00:00+00:00
[2025-06-26T23:05:44.182+0000] {processor.py:208} INFO - Processing /home/airflow/.local/lib/python3.12/site-packages/airflow/example_dags/example_latest_only_with_trigger.py took 0.075 seconds
[2025-06-26T23:06:20.520+0000] {processor.py:186} INFO - Started process (PID=1221) to work on /home/airflow/.local/lib/python3.12/site-packages/airflow/example_dags/example_latest_only_with_trigger.py
[2025-06-26T23:06:20.522+0000] {processor.py:914} INFO - Processing file /home/airflow/.local/lib/python3.12/site-packages/airflow/example_dags/example_latest_only_with_trigger.py for tasks to queue
[2025-06-26T23:06:20.524+0000] {logging_mixin.py:190} INFO - [2025-06-26T23:06:20.524+0000] {dagbag.py:588} INFO - Filling up the DagBag from /home/airflow/.local/lib/python3.12/site-packages/airflow/example_dags/example_latest_only_with_trigger.py
[2025-06-26T23:06:20.529+0000] {processor.py:925} INFO - DAG(s) 'latest_only_with_trigger' retrieved from /home/airflow/.local/lib/python3.12/site-packages/airflow/example_dags/example_latest_only_with_trigger.py
[2025-06-26T23:06:20.546+0000] {logging_mixin.py:190} INFO - [2025-06-26T23:06:20.546+0000] {dag.py:3239} INFO - Sync 1 DAGs
[2025-06-26T23:06:20.566+0000] {logging_mixin.py:190} INFO - [2025-06-26T23:06:20.566+0000] {dag.py:4180} INFO - Setting next_dagrun for latest_only_with_trigger to 2025-06-26 16:00:00+00:00, run_after=2025-06-26 20:00:00+00:00
[2025-06-26T23:06:20.583+0000] {processor.py:208} INFO - Processing /home/airflow/.local/lib/python3.12/site-packages/airflow/example_dags/example_latest_only_with_trigger.py took 0.070 seconds
[2025-06-26T23:06:51.324+0000] {processor.py:186} INFO - Started process (PID=1283) to work on /home/airflow/.local/lib/python3.12/site-packages/airflow/example_dags/example_latest_only_with_trigger.py
[2025-06-26T23:06:51.325+0000] {processor.py:914} INFO - Processing file /home/airflow/.local/lib/python3.12/site-packages/airflow/example_dags/example_latest_only_with_trigger.py for tasks to queue
[2025-06-26T23:06:51.327+0000] {logging_mixin.py:190} INFO - [2025-06-26T23:06:51.327+0000] {dagbag.py:588} INFO - Filling up the DagBag from /home/airflow/.local/lib/python3.12/site-packages/airflow/example_dags/example_latest_only_with_trigger.py
[2025-06-26T23:06:51.332+0000] {processor.py:925} INFO - DAG(s) 'latest_only_with_trigger' retrieved from /home/airflow/.local/lib/python3.12/site-packages/airflow/example_dags/example_latest_only_with_trigger.py
[2025-06-26T23:06:51.350+0000] {logging_mixin.py:190} INFO - [2025-06-26T23:06:51.350+0000] {dag.py:3239} INFO - Sync 1 DAGs
[2025-06-26T23:06:51.367+0000] {logging_mixin.py:190} INFO - [2025-06-26T23:06:51.367+0000] {dag.py:4180} INFO - Setting next_dagrun for latest_only_with_trigger to 2025-06-26 16:00:00+00:00, run_after=2025-06-26 20:00:00+00:00
[2025-06-26T23:06:51.378+0000] {processor.py:208} INFO - Processing /home/airflow/.local/lib/python3.12/site-packages/airflow/example_dags/example_latest_only_with_trigger.py took 0.057 seconds
[2025-06-26T23:07:23.318+0000] {processor.py:186} INFO - Started process (PID=1345) to work on /home/airflow/.local/lib/python3.12/site-packages/airflow/example_dags/example_latest_only_with_trigger.py
[2025-06-26T23:07:23.320+0000] {processor.py:914} INFO - Processing file /home/airflow/.local/lib/python3.12/site-packages/airflow/example_dags/example_latest_only_with_trigger.py for tasks to queue
[2025-06-26T23:07:23.322+0000] {logging_mixin.py:190} INFO - [2025-06-26T23:07:23.322+0000] {dagbag.py:588} INFO - Filling up the DagBag from /home/airflow/.local/lib/python3.12/site-packages/airflow/example_dags/example_latest_only_with_trigger.py
[2025-06-26T23:07:23.330+0000] {processor.py:925} INFO - DAG(s) 'latest_only_with_trigger' retrieved from /home/airflow/.local/lib/python3.12/site-packages/airflow/example_dags/example_latest_only_with_trigger.py
[2025-06-26T23:07:23.354+0000] {logging_mixin.py:190} INFO - [2025-06-26T23:07:23.354+0000] {dag.py:3239} INFO - Sync 1 DAGs
[2025-06-26T23:07:23.379+0000] {logging_mixin.py:190} INFO - [2025-06-26T23:07:23.379+0000] {dag.py:4180} INFO - Setting next_dagrun for latest_only_with_trigger to 2025-06-26 16:00:00+00:00, run_after=2025-06-26 20:00:00+00:00
[2025-06-26T23:07:23.396+0000] {processor.py:208} INFO - Processing /home/airflow/.local/lib/python3.12/site-packages/airflow/example_dags/example_latest_only_with_trigger.py took 0.083 seconds
