[2025-06-26T22:55:23.168+0000] {processor.py:186} INFO - Started process (PID=64) to work on /home/airflow/.local/lib/python3.12/site-packages/airflow/example_dags/example_skip_dag.py
[2025-06-26T22:55:23.172+0000] {processor.py:914} INFO - Processing file /home/airflow/.local/lib/python3.12/site-packages/airflow/example_dags/example_skip_dag.py for tasks to queue
[2025-06-26T22:55:23.212+0000] {logging_mixin.py:190} INFO - [2025-06-26T22:55:23.209+0000] {dagbag.py:588} INFO - Filling up the DagBag from /home/airflow/.local/lib/python3.12/site-packages/airflow/example_dags/example_skip_dag.py
[2025-06-26T22:55:23.271+0000] {processor.py:925} INFO - DAG(s) 'example_skip_dag' retrieved from /home/airflow/.local/lib/python3.12/site-packages/airflow/example_dags/example_skip_dag.py
[2025-06-26T22:55:24.579+0000] {logging_mixin.py:190} INFO - [2025-06-26T22:55:24.567+0000] {override.py:1900} INFO - Created Permission View: can read on DAG:example_skip_dag
[2025-06-26T22:55:24.605+0000] {logging_mixin.py:190} INFO - [2025-06-26T22:55:24.604+0000] {override.py:1900} INFO - Created Permission View: can delete on DAG:example_skip_dag
[2025-06-26T22:55:24.616+0000] {logging_mixin.py:190} INFO - [2025-06-26T22:55:24.616+0000] {override.py:1900} INFO - Created Permission View: can edit on DAG:example_skip_dag
[2025-06-26T22:55:24.625+0000] {logging_mixin.py:190} INFO - [2025-06-26T22:55:24.625+0000] {override.py:1900} INFO - Created Permission View: can read on DAG Run:example_skip_dag
[2025-06-26T22:55:24.634+0000] {logging_mixin.py:190} INFO - [2025-06-26T22:55:24.633+0000] {override.py:1900} INFO - Created Permission View: menu access on DAG Run:example_skip_dag
[2025-06-26T22:55:24.645+0000] {logging_mixin.py:190} INFO - [2025-06-26T22:55:24.644+0000] {override.py:1900} INFO - Created Permission View: can delete on DAG Run:example_skip_dag
[2025-06-26T22:55:24.656+0000] {logging_mixin.py:190} INFO - [2025-06-26T22:55:24.655+0000] {override.py:1900} INFO - Created Permission View: can create on DAG Run:example_skip_dag
[2025-06-26T22:55:24.660+0000] {logging_mixin.py:190} INFO - [2025-06-26T22:55:24.659+0000] {dag.py:3239} INFO - Sync 1 DAGs
[2025-06-26T22:55:24.740+0000] {logging_mixin.py:190} INFO - [2025-06-26T22:55:24.739+0000] {dag.py:3262} INFO - Creating ORM DAG for example_skip_dag
[2025-06-26T22:55:24.765+0000] {logging_mixin.py:190} INFO - [2025-06-26T22:55:24.765+0000] {dag.py:4180} INFO - Setting next_dagrun for example_skip_dag to 2025-06-25 00:00:00+00:00, run_after=2025-06-26 00:00:00+00:00
[2025-06-26T22:55:24.801+0000] {processor.py:208} INFO - Processing /home/airflow/.local/lib/python3.12/site-packages/airflow/example_dags/example_skip_dag.py took 1.701 seconds
[2025-06-26T22:55:55.327+0000] {processor.py:186} INFO - Started process (PID=126) to work on /home/airflow/.local/lib/python3.12/site-packages/airflow/example_dags/example_skip_dag.py
[2025-06-26T22:55:55.334+0000] {processor.py:914} INFO - Processing file /home/airflow/.local/lib/python3.12/site-packages/airflow/example_dags/example_skip_dag.py for tasks to queue
[2025-06-26T22:55:55.344+0000] {logging_mixin.py:190} INFO - [2025-06-26T22:55:55.342+0000] {dagbag.py:588} INFO - Filling up the DagBag from /home/airflow/.local/lib/python3.12/site-packages/airflow/example_dags/example_skip_dag.py
[2025-06-26T22:55:55.406+0000] {processor.py:925} INFO - DAG(s) 'example_skip_dag' retrieved from /home/airflow/.local/lib/python3.12/site-packages/airflow/example_dags/example_skip_dag.py
[2025-06-26T22:55:55.484+0000] {logging_mixin.py:190} INFO - [2025-06-26T22:55:55.483+0000] {dag.py:3239} INFO - Sync 1 DAGs
[2025-06-26T22:55:55.565+0000] {logging_mixin.py:190} INFO - [2025-06-26T22:55:55.565+0000] {dag.py:4180} INFO - Setting next_dagrun for example_skip_dag to 2025-06-25 00:00:00+00:00, run_after=2025-06-26 00:00:00+00:00
[2025-06-26T22:55:55.625+0000] {processor.py:208} INFO - Processing /home/airflow/.local/lib/python3.12/site-packages/airflow/example_dags/example_skip_dag.py took 0.312 seconds
[2025-06-26T22:56:25.754+0000] {processor.py:186} INFO - Started process (PID=188) to work on /home/airflow/.local/lib/python3.12/site-packages/airflow/example_dags/example_skip_dag.py
[2025-06-26T22:56:25.755+0000] {processor.py:914} INFO - Processing file /home/airflow/.local/lib/python3.12/site-packages/airflow/example_dags/example_skip_dag.py for tasks to queue
[2025-06-26T22:56:25.756+0000] {logging_mixin.py:190} INFO - [2025-06-26T22:56:25.756+0000] {dagbag.py:588} INFO - Filling up the DagBag from /home/airflow/.local/lib/python3.12/site-packages/airflow/example_dags/example_skip_dag.py
[2025-06-26T22:56:25.762+0000] {processor.py:925} INFO - DAG(s) 'example_skip_dag' retrieved from /home/airflow/.local/lib/python3.12/site-packages/airflow/example_dags/example_skip_dag.py
[2025-06-26T22:56:25.776+0000] {logging_mixin.py:190} INFO - [2025-06-26T22:56:25.776+0000] {dag.py:3239} INFO - Sync 1 DAGs
[2025-06-26T22:56:25.786+0000] {logging_mixin.py:190} INFO - [2025-06-26T22:56:25.786+0000] {dag.py:4180} INFO - Setting next_dagrun for example_skip_dag to 2025-06-25 00:00:00+00:00, run_after=2025-06-26 00:00:00+00:00
[2025-06-26T22:56:25.794+0000] {processor.py:208} INFO - Processing /home/airflow/.local/lib/python3.12/site-packages/airflow/example_dags/example_skip_dag.py took 0.052 seconds
[2025-06-26T22:56:57.413+0000] {processor.py:186} INFO - Started process (PID=243) to work on /home/airflow/.local/lib/python3.12/site-packages/airflow/example_dags/example_skip_dag.py
[2025-06-26T22:56:57.416+0000] {processor.py:914} INFO - Processing file /home/airflow/.local/lib/python3.12/site-packages/airflow/example_dags/example_skip_dag.py for tasks to queue
[2025-06-26T22:56:57.449+0000] {logging_mixin.py:190} INFO - [2025-06-26T22:56:57.447+0000] {dagbag.py:588} INFO - Filling up the DagBag from /home/airflow/.local/lib/python3.12/site-packages/airflow/example_dags/example_skip_dag.py
[2025-06-26T22:56:57.554+0000] {processor.py:925} INFO - DAG(s) 'example_skip_dag' retrieved from /home/airflow/.local/lib/python3.12/site-packages/airflow/example_dags/example_skip_dag.py
[2025-06-26T22:56:57.698+0000] {logging_mixin.py:190} INFO - [2025-06-26T22:56:57.698+0000] {dag.py:3239} INFO - Sync 1 DAGs
[2025-06-26T22:56:57.856+0000] {logging_mixin.py:190} INFO - [2025-06-26T22:56:57.855+0000] {dag.py:4180} INFO - Setting next_dagrun for example_skip_dag to 2025-06-25 00:00:00+00:00, run_after=2025-06-26 00:00:00+00:00
[2025-06-26T22:56:57.932+0000] {processor.py:208} INFO - Processing /home/airflow/.local/lib/python3.12/site-packages/airflow/example_dags/example_skip_dag.py took 0.614 seconds
[2025-06-26T22:57:28.311+0000] {processor.py:186} INFO - Started process (PID=305) to work on /home/airflow/.local/lib/python3.12/site-packages/airflow/example_dags/example_skip_dag.py
[2025-06-26T22:57:28.340+0000] {processor.py:914} INFO - Processing file /home/airflow/.local/lib/python3.12/site-packages/airflow/example_dags/example_skip_dag.py for tasks to queue
[2025-06-26T22:57:28.361+0000] {logging_mixin.py:190} INFO - [2025-06-26T22:57:28.358+0000] {dagbag.py:588} INFO - Filling up the DagBag from /home/airflow/.local/lib/python3.12/site-packages/airflow/example_dags/example_skip_dag.py
[2025-06-26T22:57:28.447+0000] {processor.py:925} INFO - DAG(s) 'example_skip_dag' retrieved from /home/airflow/.local/lib/python3.12/site-packages/airflow/example_dags/example_skip_dag.py
[2025-06-26T22:57:28.532+0000] {logging_mixin.py:190} INFO - [2025-06-26T22:57:28.531+0000] {dag.py:3239} INFO - Sync 1 DAGs
[2025-06-26T22:57:28.618+0000] {logging_mixin.py:190} INFO - [2025-06-26T22:57:28.618+0000] {dag.py:4180} INFO - Setting next_dagrun for example_skip_dag to 2025-06-25 00:00:00+00:00, run_after=2025-06-26 00:00:00+00:00
[2025-06-26T22:57:28.640+0000] {processor.py:208} INFO - Processing /home/airflow/.local/lib/python3.12/site-packages/airflow/example_dags/example_skip_dag.py took 0.404 seconds
[2025-06-26T22:58:08.062+0000] {processor.py:186} INFO - Started process (PID=342) to work on /home/airflow/.local/lib/python3.12/site-packages/airflow/example_dags/example_skip_dag.py
[2025-06-26T22:58:08.081+0000] {processor.py:914} INFO - Processing file /home/airflow/.local/lib/python3.12/site-packages/airflow/example_dags/example_skip_dag.py for tasks to queue
[2025-06-26T22:58:08.118+0000] {logging_mixin.py:190} INFO - [2025-06-26T22:58:08.114+0000] {dagbag.py:588} INFO - Filling up the DagBag from /home/airflow/.local/lib/python3.12/site-packages/airflow/example_dags/example_skip_dag.py
[2025-06-26T22:58:08.360+0000] {processor.py:925} INFO - DAG(s) 'example_skip_dag' retrieved from /home/airflow/.local/lib/python3.12/site-packages/airflow/example_dags/example_skip_dag.py
[2025-06-26T22:58:08.538+0000] {logging_mixin.py:190} INFO - [2025-06-26T22:58:08.538+0000] {dag.py:3239} INFO - Sync 1 DAGs
[2025-06-26T22:58:08.702+0000] {logging_mixin.py:190} INFO - [2025-06-26T22:58:08.700+0000] {dag.py:4180} INFO - Setting next_dagrun for example_skip_dag to 2025-06-25 00:00:00+00:00, run_after=2025-06-26 00:00:00+00:00
[2025-06-26T22:58:08.901+0000] {processor.py:208} INFO - Processing /home/airflow/.local/lib/python3.12/site-packages/airflow/example_dags/example_skip_dag.py took 0.990 seconds
[2025-06-26T22:58:39.734+0000] {processor.py:186} INFO - Started process (PID=404) to work on /home/airflow/.local/lib/python3.12/site-packages/airflow/example_dags/example_skip_dag.py
[2025-06-26T22:58:39.739+0000] {processor.py:914} INFO - Processing file /home/airflow/.local/lib/python3.12/site-packages/airflow/example_dags/example_skip_dag.py for tasks to queue
[2025-06-26T22:58:39.763+0000] {logging_mixin.py:190} INFO - [2025-06-26T22:58:39.755+0000] {dagbag.py:588} INFO - Filling up the DagBag from /home/airflow/.local/lib/python3.12/site-packages/airflow/example_dags/example_skip_dag.py
[2025-06-26T22:58:39.876+0000] {processor.py:925} INFO - DAG(s) 'example_skip_dag' retrieved from /home/airflow/.local/lib/python3.12/site-packages/airflow/example_dags/example_skip_dag.py
[2025-06-26T22:58:40.325+0000] {logging_mixin.py:190} INFO - [2025-06-26T22:58:40.301+0000] {dag.py:3239} INFO - Sync 1 DAGs
[2025-06-26T22:58:40.596+0000] {logging_mixin.py:190} INFO - [2025-06-26T22:58:40.583+0000] {dag.py:4180} INFO - Setting next_dagrun for example_skip_dag to 2025-06-25 00:00:00+00:00, run_after=2025-06-26 00:00:00+00:00
[2025-06-26T22:58:40.842+0000] {processor.py:208} INFO - Processing /home/airflow/.local/lib/python3.12/site-packages/airflow/example_dags/example_skip_dag.py took 1.176 seconds
[2025-06-26T22:59:11.351+0000] {processor.py:186} INFO - Started process (PID=472) to work on /home/airflow/.local/lib/python3.12/site-packages/airflow/example_dags/example_skip_dag.py
[2025-06-26T22:59:11.372+0000] {processor.py:914} INFO - Processing file /home/airflow/.local/lib/python3.12/site-packages/airflow/example_dags/example_skip_dag.py for tasks to queue
[2025-06-26T22:59:11.409+0000] {logging_mixin.py:190} INFO - [2025-06-26T22:59:11.405+0000] {dagbag.py:588} INFO - Filling up the DagBag from /home/airflow/.local/lib/python3.12/site-packages/airflow/example_dags/example_skip_dag.py
[2025-06-26T22:59:11.533+0000] {processor.py:925} INFO - DAG(s) 'example_skip_dag' retrieved from /home/airflow/.local/lib/python3.12/site-packages/airflow/example_dags/example_skip_dag.py
[2025-06-26T22:59:11.722+0000] {logging_mixin.py:190} INFO - [2025-06-26T22:59:11.719+0000] {dag.py:3239} INFO - Sync 1 DAGs
[2025-06-26T22:59:11.860+0000] {logging_mixin.py:190} INFO - [2025-06-26T22:59:11.860+0000] {dag.py:4180} INFO - Setting next_dagrun for example_skip_dag to 2025-06-25 00:00:00+00:00, run_after=2025-06-26 00:00:00+00:00
[2025-06-26T22:59:11.946+0000] {processor.py:208} INFO - Processing /home/airflow/.local/lib/python3.12/site-packages/airflow/example_dags/example_skip_dag.py took 0.666 seconds
[2025-06-26T22:59:43.226+0000] {processor.py:186} INFO - Started process (PID=531) to work on /home/airflow/.local/lib/python3.12/site-packages/airflow/example_dags/example_skip_dag.py
[2025-06-26T22:59:43.229+0000] {processor.py:914} INFO - Processing file /home/airflow/.local/lib/python3.12/site-packages/airflow/example_dags/example_skip_dag.py for tasks to queue
[2025-06-26T22:59:43.233+0000] {logging_mixin.py:190} INFO - [2025-06-26T22:59:43.232+0000] {dagbag.py:588} INFO - Filling up the DagBag from /home/airflow/.local/lib/python3.12/site-packages/airflow/example_dags/example_skip_dag.py
[2025-06-26T22:59:43.248+0000] {processor.py:925} INFO - DAG(s) 'example_skip_dag' retrieved from /home/airflow/.local/lib/python3.12/site-packages/airflow/example_dags/example_skip_dag.py
[2025-06-26T22:59:43.313+0000] {logging_mixin.py:190} INFO - [2025-06-26T22:59:43.313+0000] {dag.py:3239} INFO - Sync 1 DAGs
[2025-06-26T22:59:43.348+0000] {logging_mixin.py:190} INFO - [2025-06-26T22:59:43.348+0000] {dag.py:4180} INFO - Setting next_dagrun for example_skip_dag to 2025-06-25 00:00:00+00:00, run_after=2025-06-26 00:00:00+00:00
[2025-06-26T22:59:43.367+0000] {processor.py:208} INFO - Processing /home/airflow/.local/lib/python3.12/site-packages/airflow/example_dags/example_skip_dag.py took 0.154 seconds
[2025-06-26T23:00:13.581+0000] {processor.py:186} INFO - Started process (PID=591) to work on /home/airflow/.local/lib/python3.12/site-packages/airflow/example_dags/example_skip_dag.py
[2025-06-26T23:00:13.584+0000] {processor.py:914} INFO - Processing file /home/airflow/.local/lib/python3.12/site-packages/airflow/example_dags/example_skip_dag.py for tasks to queue
[2025-06-26T23:00:13.587+0000] {logging_mixin.py:190} INFO - [2025-06-26T23:00:13.587+0000] {dagbag.py:588} INFO - Filling up the DagBag from /home/airflow/.local/lib/python3.12/site-packages/airflow/example_dags/example_skip_dag.py
[2025-06-26T23:00:13.599+0000] {processor.py:925} INFO - DAG(s) 'example_skip_dag' retrieved from /home/airflow/.local/lib/python3.12/site-packages/airflow/example_dags/example_skip_dag.py
[2025-06-26T23:00:13.630+0000] {logging_mixin.py:190} INFO - [2025-06-26T23:00:13.629+0000] {dag.py:3239} INFO - Sync 1 DAGs
[2025-06-26T23:00:13.688+0000] {logging_mixin.py:190} INFO - [2025-06-26T23:00:13.688+0000] {dag.py:4180} INFO - Setting next_dagrun for example_skip_dag to 2025-06-25 00:00:00+00:00, run_after=2025-06-26 00:00:00+00:00
[2025-06-26T23:00:13.712+0000] {processor.py:208} INFO - Processing /home/airflow/.local/lib/python3.12/site-packages/airflow/example_dags/example_skip_dag.py took 0.142 seconds
[2025-06-26T23:00:46.193+0000] {processor.py:186} INFO - Started process (PID=643) to work on /home/airflow/.local/lib/python3.12/site-packages/airflow/example_dags/example_skip_dag.py
[2025-06-26T23:00:46.194+0000] {processor.py:914} INFO - Processing file /home/airflow/.local/lib/python3.12/site-packages/airflow/example_dags/example_skip_dag.py for tasks to queue
[2025-06-26T23:00:46.198+0000] {logging_mixin.py:190} INFO - [2025-06-26T23:00:46.198+0000] {dagbag.py:588} INFO - Filling up the DagBag from /home/airflow/.local/lib/python3.12/site-packages/airflow/example_dags/example_skip_dag.py
[2025-06-26T23:00:46.209+0000] {processor.py:925} INFO - DAG(s) 'example_skip_dag' retrieved from /home/airflow/.local/lib/python3.12/site-packages/airflow/example_dags/example_skip_dag.py
[2025-06-26T23:00:46.229+0000] {logging_mixin.py:190} INFO - [2025-06-26T23:00:46.229+0000] {dag.py:3239} INFO - Sync 1 DAGs
[2025-06-26T23:00:46.255+0000] {logging_mixin.py:190} INFO - [2025-06-26T23:00:46.254+0000] {dag.py:4180} INFO - Setting next_dagrun for example_skip_dag to 2025-06-25 00:00:00+00:00, run_after=2025-06-26 00:00:00+00:00
[2025-06-26T23:00:46.281+0000] {processor.py:208} INFO - Processing /home/airflow/.local/lib/python3.12/site-packages/airflow/example_dags/example_skip_dag.py took 0.098 seconds
[2025-06-26T23:01:18.569+0000] {processor.py:186} INFO - Started process (PID=704) to work on /home/airflow/.local/lib/python3.12/site-packages/airflow/example_dags/example_skip_dag.py
[2025-06-26T23:01:18.570+0000] {processor.py:914} INFO - Processing file /home/airflow/.local/lib/python3.12/site-packages/airflow/example_dags/example_skip_dag.py for tasks to queue
[2025-06-26T23:01:18.572+0000] {logging_mixin.py:190} INFO - [2025-06-26T23:01:18.572+0000] {dagbag.py:588} INFO - Filling up the DagBag from /home/airflow/.local/lib/python3.12/site-packages/airflow/example_dags/example_skip_dag.py
[2025-06-26T23:01:18.582+0000] {processor.py:925} INFO - DAG(s) 'example_skip_dag' retrieved from /home/airflow/.local/lib/python3.12/site-packages/airflow/example_dags/example_skip_dag.py
[2025-06-26T23:01:18.603+0000] {logging_mixin.py:190} INFO - [2025-06-26T23:01:18.603+0000] {dag.py:3239} INFO - Sync 1 DAGs
[2025-06-26T23:01:18.624+0000] {logging_mixin.py:190} INFO - [2025-06-26T23:01:18.624+0000] {dag.py:4180} INFO - Setting next_dagrun for example_skip_dag to 2025-06-25 00:00:00+00:00, run_after=2025-06-26 00:00:00+00:00
[2025-06-26T23:01:19.001+0000] {processor.py:208} INFO - Processing /home/airflow/.local/lib/python3.12/site-packages/airflow/example_dags/example_skip_dag.py took 0.437 seconds
[2025-06-26T23:01:51.740+0000] {processor.py:186} INFO - Started process (PID=757) to work on /home/airflow/.local/lib/python3.12/site-packages/airflow/example_dags/example_skip_dag.py
[2025-06-26T23:01:51.742+0000] {processor.py:914} INFO - Processing file /home/airflow/.local/lib/python3.12/site-packages/airflow/example_dags/example_skip_dag.py for tasks to queue
[2025-06-26T23:01:51.753+0000] {logging_mixin.py:190} INFO - [2025-06-26T23:01:51.750+0000] {dagbag.py:588} INFO - Filling up the DagBag from /home/airflow/.local/lib/python3.12/site-packages/airflow/example_dags/example_skip_dag.py
[2025-06-26T23:01:51.764+0000] {processor.py:925} INFO - DAG(s) 'example_skip_dag' retrieved from /home/airflow/.local/lib/python3.12/site-packages/airflow/example_dags/example_skip_dag.py
[2025-06-26T23:01:51.811+0000] {logging_mixin.py:190} INFO - [2025-06-26T23:01:51.811+0000] {dag.py:3239} INFO - Sync 1 DAGs
[2025-06-26T23:01:51.945+0000] {logging_mixin.py:190} INFO - [2025-06-26T23:01:51.945+0000] {dag.py:4180} INFO - Setting next_dagrun for example_skip_dag to 2025-06-25 00:00:00+00:00, run_after=2025-06-26 00:00:00+00:00
[2025-06-26T23:01:51.983+0000] {processor.py:208} INFO - Processing /home/airflow/.local/lib/python3.12/site-packages/airflow/example_dags/example_skip_dag.py took 0.248 seconds
[2025-06-26T23:02:23.202+0000] {processor.py:186} INFO - Started process (PID=819) to work on /home/airflow/.local/lib/python3.12/site-packages/airflow/example_dags/example_skip_dag.py
[2025-06-26T23:02:23.203+0000] {processor.py:914} INFO - Processing file /home/airflow/.local/lib/python3.12/site-packages/airflow/example_dags/example_skip_dag.py for tasks to queue
[2025-06-26T23:02:23.207+0000] {logging_mixin.py:190} INFO - [2025-06-26T23:02:23.206+0000] {dagbag.py:588} INFO - Filling up the DagBag from /home/airflow/.local/lib/python3.12/site-packages/airflow/example_dags/example_skip_dag.py
[2025-06-26T23:02:23.223+0000] {processor.py:925} INFO - DAG(s) 'example_skip_dag' retrieved from /home/airflow/.local/lib/python3.12/site-packages/airflow/example_dags/example_skip_dag.py
[2025-06-26T23:02:23.254+0000] {logging_mixin.py:190} INFO - [2025-06-26T23:02:23.254+0000] {dag.py:3239} INFO - Sync 1 DAGs
[2025-06-26T23:02:23.280+0000] {logging_mixin.py:190} INFO - [2025-06-26T23:02:23.280+0000] {dag.py:4180} INFO - Setting next_dagrun for example_skip_dag to 2025-06-25 00:00:00+00:00, run_after=2025-06-26 00:00:00+00:00
[2025-06-26T23:02:23.291+0000] {processor.py:208} INFO - Processing /home/airflow/.local/lib/python3.12/site-packages/airflow/example_dags/example_skip_dag.py took 0.095 seconds
[2025-06-26T23:02:54.962+0000] {processor.py:186} INFO - Started process (PID=870) to work on /home/airflow/.local/lib/python3.12/site-packages/airflow/example_dags/example_skip_dag.py
[2025-06-26T23:02:54.965+0000] {processor.py:914} INFO - Processing file /home/airflow/.local/lib/python3.12/site-packages/airflow/example_dags/example_skip_dag.py for tasks to queue
[2025-06-26T23:02:54.974+0000] {logging_mixin.py:190} INFO - [2025-06-26T23:02:54.973+0000] {dagbag.py:588} INFO - Filling up the DagBag from /home/airflow/.local/lib/python3.12/site-packages/airflow/example_dags/example_skip_dag.py
[2025-06-26T23:02:54.988+0000] {processor.py:925} INFO - DAG(s) 'example_skip_dag' retrieved from /home/airflow/.local/lib/python3.12/site-packages/airflow/example_dags/example_skip_dag.py
[2025-06-26T23:02:55.037+0000] {logging_mixin.py:190} INFO - [2025-06-26T23:02:55.037+0000] {dag.py:3239} INFO - Sync 1 DAGs
[2025-06-26T23:02:55.070+0000] {logging_mixin.py:190} INFO - [2025-06-26T23:02:55.069+0000] {dag.py:4180} INFO - Setting next_dagrun for example_skip_dag to 2025-06-25 00:00:00+00:00, run_after=2025-06-26 00:00:00+00:00
[2025-06-26T23:02:55.093+0000] {processor.py:208} INFO - Processing /home/airflow/.local/lib/python3.12/site-packages/airflow/example_dags/example_skip_dag.py took 0.150 seconds
[2025-06-26T23:03:40.837+0000] {processor.py:186} INFO - Started process (PID=927) to work on /home/airflow/.local/lib/python3.12/site-packages/airflow/example_dags/example_skip_dag.py
[2025-06-26T23:03:40.838+0000] {processor.py:914} INFO - Processing file /home/airflow/.local/lib/python3.12/site-packages/airflow/example_dags/example_skip_dag.py for tasks to queue
[2025-06-26T23:03:40.840+0000] {logging_mixin.py:190} INFO - [2025-06-26T23:03:40.840+0000] {dagbag.py:588} INFO - Filling up the DagBag from /home/airflow/.local/lib/python3.12/site-packages/airflow/example_dags/example_skip_dag.py
[2025-06-26T23:03:40.846+0000] {processor.py:925} INFO - DAG(s) 'example_skip_dag' retrieved from /home/airflow/.local/lib/python3.12/site-packages/airflow/example_dags/example_skip_dag.py
[2025-06-26T23:03:40.869+0000] {logging_mixin.py:190} INFO - [2025-06-26T23:03:40.868+0000] {dag.py:3239} INFO - Sync 1 DAGs
[2025-06-26T23:03:40.913+0000] {logging_mixin.py:190} INFO - [2025-06-26T23:03:40.913+0000] {dag.py:4180} INFO - Setting next_dagrun for example_skip_dag to 2025-06-25 00:00:00+00:00, run_after=2025-06-26 00:00:00+00:00
[2025-06-26T23:03:40.930+0000] {processor.py:208} INFO - Processing /home/airflow/.local/lib/python3.12/site-packages/airflow/example_dags/example_skip_dag.py took 0.098 seconds
[2025-06-26T23:04:32.663+0000] {processor.py:186} INFO - Started process (PID=992) to work on /home/airflow/.local/lib/python3.12/site-packages/airflow/example_dags/example_skip_dag.py
[2025-06-26T23:04:32.666+0000] {processor.py:914} INFO - Processing file /home/airflow/.local/lib/python3.12/site-packages/airflow/example_dags/example_skip_dag.py for tasks to queue
[2025-06-26T23:04:32.677+0000] {logging_mixin.py:190} INFO - [2025-06-26T23:04:32.677+0000] {dagbag.py:588} INFO - Filling up the DagBag from /home/airflow/.local/lib/python3.12/site-packages/airflow/example_dags/example_skip_dag.py
[2025-06-26T23:04:32.728+0000] {processor.py:925} INFO - DAG(s) 'example_skip_dag' retrieved from /home/airflow/.local/lib/python3.12/site-packages/airflow/example_dags/example_skip_dag.py
[2025-06-26T23:04:32.784+0000] {logging_mixin.py:190} INFO - [2025-06-26T23:04:32.783+0000] {dag.py:3239} INFO - Sync 1 DAGs
[2025-06-26T23:04:32.837+0000] {logging_mixin.py:190} INFO - [2025-06-26T23:04:32.837+0000] {dag.py:4180} INFO - Setting next_dagrun for example_skip_dag to 2025-06-25 00:00:00+00:00, run_after=2025-06-26 00:00:00+00:00
[2025-06-26T23:04:32.861+0000] {processor.py:208} INFO - Processing /home/airflow/.local/lib/python3.12/site-packages/airflow/example_dags/example_skip_dag.py took 0.220 seconds
[2025-06-26T23:05:09.336+0000] {processor.py:186} INFO - Started process (PID=1053) to work on /home/airflow/.local/lib/python3.12/site-packages/airflow/example_dags/example_skip_dag.py
[2025-06-26T23:05:09.338+0000] {processor.py:914} INFO - Processing file /home/airflow/.local/lib/python3.12/site-packages/airflow/example_dags/example_skip_dag.py for tasks to queue
[2025-06-26T23:05:09.339+0000] {logging_mixin.py:190} INFO - [2025-06-26T23:05:09.339+0000] {dagbag.py:588} INFO - Filling up the DagBag from /home/airflow/.local/lib/python3.12/site-packages/airflow/example_dags/example_skip_dag.py
[2025-06-26T23:05:09.351+0000] {processor.py:925} INFO - DAG(s) 'example_skip_dag' retrieved from /home/airflow/.local/lib/python3.12/site-packages/airflow/example_dags/example_skip_dag.py
[2025-06-26T23:05:09.389+0000] {logging_mixin.py:190} INFO - [2025-06-26T23:05:09.389+0000] {dag.py:3239} INFO - Sync 1 DAGs
[2025-06-26T23:05:09.474+0000] {logging_mixin.py:190} INFO - [2025-06-26T23:05:09.474+0000] {dag.py:4180} INFO - Setting next_dagrun for example_skip_dag to 2025-06-25 00:00:00+00:00, run_after=2025-06-26 00:00:00+00:00
[2025-06-26T23:05:09.573+0000] {processor.py:208} INFO - Processing /home/airflow/.local/lib/python3.12/site-packages/airflow/example_dags/example_skip_dag.py took 0.243 seconds
[2025-06-26T23:05:40.788+0000] {processor.py:186} INFO - Started process (PID=1115) to work on /home/airflow/.local/lib/python3.12/site-packages/airflow/example_dags/example_skip_dag.py
[2025-06-26T23:05:40.790+0000] {processor.py:914} INFO - Processing file /home/airflow/.local/lib/python3.12/site-packages/airflow/example_dags/example_skip_dag.py for tasks to queue
[2025-06-26T23:05:40.791+0000] {logging_mixin.py:190} INFO - [2025-06-26T23:05:40.791+0000] {dagbag.py:588} INFO - Filling up the DagBag from /home/airflow/.local/lib/python3.12/site-packages/airflow/example_dags/example_skip_dag.py
[2025-06-26T23:05:40.798+0000] {processor.py:925} INFO - DAG(s) 'example_skip_dag' retrieved from /home/airflow/.local/lib/python3.12/site-packages/airflow/example_dags/example_skip_dag.py
[2025-06-26T23:05:40.811+0000] {logging_mixin.py:190} INFO - [2025-06-26T23:05:40.811+0000] {dag.py:3239} INFO - Sync 1 DAGs
[2025-06-26T23:05:40.842+0000] {logging_mixin.py:190} INFO - [2025-06-26T23:05:40.841+0000] {dag.py:4180} INFO - Setting next_dagrun for example_skip_dag to 2025-06-25 00:00:00+00:00, run_after=2025-06-26 00:00:00+00:00
[2025-06-26T23:05:40.856+0000] {processor.py:208} INFO - Processing /home/airflow/.local/lib/python3.12/site-packages/airflow/example_dags/example_skip_dag.py took 0.075 seconds
[2025-06-26T23:06:11.175+0000] {processor.py:186} INFO - Started process (PID=1171) to work on /home/airflow/.local/lib/python3.12/site-packages/airflow/example_dags/example_skip_dag.py
[2025-06-26T23:06:11.179+0000] {processor.py:914} INFO - Processing file /home/airflow/.local/lib/python3.12/site-packages/airflow/example_dags/example_skip_dag.py for tasks to queue
[2025-06-26T23:06:11.182+0000] {logging_mixin.py:190} INFO - [2025-06-26T23:06:11.181+0000] {dagbag.py:588} INFO - Filling up the DagBag from /home/airflow/.local/lib/python3.12/site-packages/airflow/example_dags/example_skip_dag.py
[2025-06-26T23:06:11.197+0000] {processor.py:925} INFO - DAG(s) 'example_skip_dag' retrieved from /home/airflow/.local/lib/python3.12/site-packages/airflow/example_dags/example_skip_dag.py
[2025-06-26T23:06:11.215+0000] {logging_mixin.py:190} INFO - [2025-06-26T23:06:11.215+0000] {dag.py:3239} INFO - Sync 1 DAGs
[2025-06-26T23:06:11.228+0000] {logging_mixin.py:190} INFO - [2025-06-26T23:06:11.228+0000] {dag.py:4180} INFO - Setting next_dagrun for example_skip_dag to 2025-06-25 00:00:00+00:00, run_after=2025-06-26 00:00:00+00:00
[2025-06-26T23:06:11.240+0000] {processor.py:208} INFO - Processing /home/airflow/.local/lib/python3.12/site-packages/airflow/example_dags/example_skip_dag.py took 0.074 seconds
[2025-06-26T23:06:43.629+0000] {processor.py:186} INFO - Started process (PID=1239) to work on /home/airflow/.local/lib/python3.12/site-packages/airflow/example_dags/example_skip_dag.py
[2025-06-26T23:06:43.635+0000] {processor.py:914} INFO - Processing file /home/airflow/.local/lib/python3.12/site-packages/airflow/example_dags/example_skip_dag.py for tasks to queue
[2025-06-26T23:06:43.642+0000] {logging_mixin.py:190} INFO - [2025-06-26T23:06:43.641+0000] {dagbag.py:588} INFO - Filling up the DagBag from /home/airflow/.local/lib/python3.12/site-packages/airflow/example_dags/example_skip_dag.py
[2025-06-26T23:06:43.670+0000] {processor.py:925} INFO - DAG(s) 'example_skip_dag' retrieved from /home/airflow/.local/lib/python3.12/site-packages/airflow/example_dags/example_skip_dag.py
[2025-06-26T23:06:43.707+0000] {logging_mixin.py:190} INFO - [2025-06-26T23:06:43.706+0000] {dag.py:3239} INFO - Sync 1 DAGs
[2025-06-26T23:06:43.737+0000] {logging_mixin.py:190} INFO - [2025-06-26T23:06:43.736+0000] {dag.py:4180} INFO - Setting next_dagrun for example_skip_dag to 2025-06-25 00:00:00+00:00, run_after=2025-06-26 00:00:00+00:00
[2025-06-26T23:06:43.768+0000] {processor.py:208} INFO - Processing /home/airflow/.local/lib/python3.12/site-packages/airflow/example_dags/example_skip_dag.py took 0.151 seconds
[2025-06-26T23:07:14.273+0000] {processor.py:186} INFO - Started process (PID=1301) to work on /home/airflow/.local/lib/python3.12/site-packages/airflow/example_dags/example_skip_dag.py
[2025-06-26T23:07:14.275+0000] {processor.py:914} INFO - Processing file /home/airflow/.local/lib/python3.12/site-packages/airflow/example_dags/example_skip_dag.py for tasks to queue
[2025-06-26T23:07:14.281+0000] {logging_mixin.py:190} INFO - [2025-06-26T23:07:14.280+0000] {dagbag.py:588} INFO - Filling up the DagBag from /home/airflow/.local/lib/python3.12/site-packages/airflow/example_dags/example_skip_dag.py
[2025-06-26T23:07:14.298+0000] {processor.py:925} INFO - DAG(s) 'example_skip_dag' retrieved from /home/airflow/.local/lib/python3.12/site-packages/airflow/example_dags/example_skip_dag.py
[2025-06-26T23:07:14.323+0000] {logging_mixin.py:190} INFO - [2025-06-26T23:07:14.322+0000] {dag.py:3239} INFO - Sync 1 DAGs
[2025-06-26T23:07:14.342+0000] {logging_mixin.py:190} INFO - [2025-06-26T23:07:14.341+0000] {dag.py:4180} INFO - Setting next_dagrun for example_skip_dag to 2025-06-25 00:00:00+00:00, run_after=2025-06-26 00:00:00+00:00
[2025-06-26T23:07:14.355+0000] {processor.py:208} INFO - Processing /home/airflow/.local/lib/python3.12/site-packages/airflow/example_dags/example_skip_dag.py took 0.093 seconds
