[2025-06-26T22:55:33.366+0000] {processor.py:186} INFO - Started process (PID=81) to work on /home/airflow/.local/lib/python3.12/site-packages/airflow/example_dags/example_trigger_target_dag.py
[2025-06-26T22:55:33.367+0000] {processor.py:914} INFO - Processing file /home/airflow/.local/lib/python3.12/site-packages/airflow/example_dags/example_trigger_target_dag.py for tasks to queue
[2025-06-26T22:55:33.372+0000] {logging_mixin.py:190} INFO - [2025-06-26T22:55:33.372+0000] {dagbag.py:588} INFO - Filling up the DagBag from /home/airflow/.local/lib/python3.12/site-packages/airflow/example_dags/example_trigger_target_dag.py
[2025-06-26T22:55:33.396+0000] {processor.py:925} INFO - DAG(s) 'example_trigger_target_dag' retrieved from /home/airflow/.local/lib/python3.12/site-packages/airflow/example_dags/example_trigger_target_dag.py
[2025-06-26T22:55:33.700+0000] {logging_mixin.py:190} INFO - [2025-06-26T22:55:33.697+0000] {override.py:1900} INFO - Created Permission View: can read on DAG:example_trigger_target_dag
[2025-06-26T22:55:33.713+0000] {logging_mixin.py:190} INFO - [2025-06-26T22:55:33.713+0000] {override.py:1900} INFO - Created Permission View: can delete on DAG:example_trigger_target_dag
[2025-06-26T22:55:33.717+0000] {logging_mixin.py:190} INFO - [2025-06-26T22:55:33.717+0000] {override.py:1900} INFO - Created Permission View: can edit on DAG:example_trigger_target_dag
[2025-06-26T22:55:33.725+0000] {logging_mixin.py:190} INFO - [2025-06-26T22:55:33.725+0000] {override.py:1900} INFO - Created Permission View: can read on DAG Run:example_trigger_target_dag
[2025-06-26T22:55:33.731+0000] {logging_mixin.py:190} INFO - [2025-06-26T22:55:33.730+0000] {override.py:1900} INFO - Created Permission View: menu access on DAG Run:example_trigger_target_dag
[2025-06-26T22:55:33.733+0000] {logging_mixin.py:190} INFO - [2025-06-26T22:55:33.733+0000] {override.py:1900} INFO - Created Permission View: can delete on DAG Run:example_trigger_target_dag
[2025-06-26T22:55:33.735+0000] {logging_mixin.py:190} INFO - [2025-06-26T22:55:33.735+0000] {override.py:1900} INFO - Created Permission View: can create on DAG Run:example_trigger_target_dag
[2025-06-26T22:55:33.735+0000] {logging_mixin.py:190} INFO - [2025-06-26T22:55:33.735+0000] {dag.py:3239} INFO - Sync 1 DAGs
[2025-06-26T22:55:33.760+0000] {logging_mixin.py:190} INFO - [2025-06-26T22:55:33.759+0000] {dag.py:3262} INFO - Creating ORM DAG for example_trigger_target_dag
[2025-06-26T22:55:33.762+0000] {logging_mixin.py:190} INFO - [2025-06-26T22:55:33.762+0000] {dag.py:4180} INFO - Setting next_dagrun for example_trigger_target_dag to None, run_after=None
[2025-06-26T22:55:33.794+0000] {processor.py:208} INFO - Processing /home/airflow/.local/lib/python3.12/site-packages/airflow/example_dags/example_trigger_target_dag.py took 0.443 seconds
[2025-06-26T22:56:04.810+0000] {processor.py:186} INFO - Started process (PID=143) to work on /home/airflow/.local/lib/python3.12/site-packages/airflow/example_dags/example_trigger_target_dag.py
[2025-06-26T22:56:04.812+0000] {processor.py:914} INFO - Processing file /home/airflow/.local/lib/python3.12/site-packages/airflow/example_dags/example_trigger_target_dag.py for tasks to queue
[2025-06-26T22:56:04.814+0000] {logging_mixin.py:190} INFO - [2025-06-26T22:56:04.814+0000] {dagbag.py:588} INFO - Filling up the DagBag from /home/airflow/.local/lib/python3.12/site-packages/airflow/example_dags/example_trigger_target_dag.py
[2025-06-26T22:56:04.822+0000] {processor.py:925} INFO - DAG(s) 'example_trigger_target_dag' retrieved from /home/airflow/.local/lib/python3.12/site-packages/airflow/example_dags/example_trigger_target_dag.py
[2025-06-26T22:56:04.840+0000] {logging_mixin.py:190} INFO - [2025-06-26T22:56:04.840+0000] {dag.py:3239} INFO - Sync 1 DAGs
[2025-06-26T22:56:04.847+0000] {logging_mixin.py:190} INFO - [2025-06-26T22:56:04.847+0000] {dag.py:4180} INFO - Setting next_dagrun for example_trigger_target_dag to None, run_after=None
[2025-06-26T22:56:04.859+0000] {processor.py:208} INFO - Processing /home/airflow/.local/lib/python3.12/site-packages/airflow/example_dags/example_trigger_target_dag.py took 0.063 seconds
[2025-06-26T22:56:35.478+0000] {processor.py:186} INFO - Started process (PID=205) to work on /home/airflow/.local/lib/python3.12/site-packages/airflow/example_dags/example_trigger_target_dag.py
[2025-06-26T22:56:35.480+0000] {processor.py:914} INFO - Processing file /home/airflow/.local/lib/python3.12/site-packages/airflow/example_dags/example_trigger_target_dag.py for tasks to queue
[2025-06-26T22:56:35.482+0000] {logging_mixin.py:190} INFO - [2025-06-26T22:56:35.481+0000] {dagbag.py:588} INFO - Filling up the DagBag from /home/airflow/.local/lib/python3.12/site-packages/airflow/example_dags/example_trigger_target_dag.py
[2025-06-26T22:56:35.488+0000] {processor.py:925} INFO - DAG(s) 'example_trigger_target_dag' retrieved from /home/airflow/.local/lib/python3.12/site-packages/airflow/example_dags/example_trigger_target_dag.py
[2025-06-26T22:56:35.499+0000] {logging_mixin.py:190} INFO - [2025-06-26T22:56:35.499+0000] {dag.py:3239} INFO - Sync 1 DAGs
[2025-06-26T22:56:35.506+0000] {logging_mixin.py:190} INFO - [2025-06-26T22:56:35.506+0000] {dag.py:4180} INFO - Setting next_dagrun for example_trigger_target_dag to None, run_after=None
[2025-06-26T22:56:35.514+0000] {processor.py:208} INFO - Processing /home/airflow/.local/lib/python3.12/site-packages/airflow/example_dags/example_trigger_target_dag.py took 0.044 seconds
[2025-06-26T22:57:11.336+0000] {processor.py:186} INFO - Started process (PID=273) to work on /home/airflow/.local/lib/python3.12/site-packages/airflow/example_dags/example_trigger_target_dag.py
[2025-06-26T22:57:11.348+0000] {processor.py:914} INFO - Processing file /home/airflow/.local/lib/python3.12/site-packages/airflow/example_dags/example_trigger_target_dag.py for tasks to queue
[2025-06-26T22:57:11.375+0000] {logging_mixin.py:190} INFO - [2025-06-26T22:57:11.371+0000] {dagbag.py:588} INFO - Filling up the DagBag from /home/airflow/.local/lib/python3.12/site-packages/airflow/example_dags/example_trigger_target_dag.py
[2025-06-26T22:57:11.461+0000] {processor.py:925} INFO - DAG(s) 'example_trigger_target_dag' retrieved from /home/airflow/.local/lib/python3.12/site-packages/airflow/example_dags/example_trigger_target_dag.py
[2025-06-26T22:57:11.605+0000] {logging_mixin.py:190} INFO - [2025-06-26T22:57:11.603+0000] {dag.py:3239} INFO - Sync 1 DAGs
[2025-06-26T22:57:11.691+0000] {logging_mixin.py:190} INFO - [2025-06-26T22:57:11.690+0000] {dag.py:4180} INFO - Setting next_dagrun for example_trigger_target_dag to None, run_after=None
[2025-06-26T22:57:11.754+0000] {processor.py:208} INFO - Processing /home/airflow/.local/lib/python3.12/site-packages/airflow/example_dags/example_trigger_target_dag.py took 0.502 seconds
[2025-06-26T22:57:58.655+0000] {processor.py:186} INFO - Started process (PID=335) to work on /home/airflow/.local/lib/python3.12/site-packages/airflow/example_dags/example_trigger_target_dag.py
[2025-06-26T22:57:58.656+0000] {processor.py:914} INFO - Processing file /home/airflow/.local/lib/python3.12/site-packages/airflow/example_dags/example_trigger_target_dag.py for tasks to queue
[2025-06-26T22:57:58.662+0000] {logging_mixin.py:190} INFO - [2025-06-26T22:57:58.661+0000] {dagbag.py:588} INFO - Filling up the DagBag from /home/airflow/.local/lib/python3.12/site-packages/airflow/example_dags/example_trigger_target_dag.py
[2025-06-26T22:57:58.671+0000] {processor.py:925} INFO - DAG(s) 'example_trigger_target_dag' retrieved from /home/airflow/.local/lib/python3.12/site-packages/airflow/example_dags/example_trigger_target_dag.py
[2025-06-26T22:57:58.710+0000] {logging_mixin.py:190} INFO - [2025-06-26T22:57:58.709+0000] {dag.py:3239} INFO - Sync 1 DAGs
[2025-06-26T22:57:58.726+0000] {logging_mixin.py:190} INFO - [2025-06-26T22:57:58.726+0000] {dag.py:4180} INFO - Setting next_dagrun for example_trigger_target_dag to None, run_after=None
[2025-06-26T22:57:58.739+0000] {processor.py:208} INFO - Processing /home/airflow/.local/lib/python3.12/site-packages/airflow/example_dags/example_trigger_target_dag.py took 0.089 seconds
[2025-06-26T22:58:29.714+0000] {processor.py:186} INFO - Started process (PID=397) to work on /home/airflow/.local/lib/python3.12/site-packages/airflow/example_dags/example_trigger_target_dag.py
[2025-06-26T22:58:29.716+0000] {processor.py:914} INFO - Processing file /home/airflow/.local/lib/python3.12/site-packages/airflow/example_dags/example_trigger_target_dag.py for tasks to queue
[2025-06-26T22:58:29.719+0000] {logging_mixin.py:190} INFO - [2025-06-26T22:58:29.719+0000] {dagbag.py:588} INFO - Filling up the DagBag from /home/airflow/.local/lib/python3.12/site-packages/airflow/example_dags/example_trigger_target_dag.py
[2025-06-26T22:58:29.733+0000] {processor.py:925} INFO - DAG(s) 'example_trigger_target_dag' retrieved from /home/airflow/.local/lib/python3.12/site-packages/airflow/example_dags/example_trigger_target_dag.py
[2025-06-26T22:58:29.762+0000] {logging_mixin.py:190} INFO - [2025-06-26T22:58:29.762+0000] {dag.py:3239} INFO - Sync 1 DAGs
[2025-06-26T22:58:29.786+0000] {logging_mixin.py:190} INFO - [2025-06-26T22:58:29.786+0000] {dag.py:4180} INFO - Setting next_dagrun for example_trigger_target_dag to None, run_after=None
[2025-06-26T22:58:29.822+0000] {processor.py:208} INFO - Processing /home/airflow/.local/lib/python3.12/site-packages/airflow/example_dags/example_trigger_target_dag.py took 0.115 seconds
[2025-06-26T22:59:06.737+0000] {processor.py:186} INFO - Started process (PID=459) to work on /home/airflow/.local/lib/python3.12/site-packages/airflow/example_dags/example_trigger_target_dag.py
[2025-06-26T22:59:06.747+0000] {processor.py:914} INFO - Processing file /home/airflow/.local/lib/python3.12/site-packages/airflow/example_dags/example_trigger_target_dag.py for tasks to queue
[2025-06-26T22:59:06.766+0000] {logging_mixin.py:190} INFO - [2025-06-26T22:59:06.765+0000] {dagbag.py:588} INFO - Filling up the DagBag from /home/airflow/.local/lib/python3.12/site-packages/airflow/example_dags/example_trigger_target_dag.py
[2025-06-26T22:59:06.831+0000] {processor.py:925} INFO - DAG(s) 'example_trigger_target_dag' retrieved from /home/airflow/.local/lib/python3.12/site-packages/airflow/example_dags/example_trigger_target_dag.py
[2025-06-26T22:59:07.093+0000] {logging_mixin.py:190} INFO - [2025-06-26T22:59:07.089+0000] {dag.py:3239} INFO - Sync 1 DAGs
[2025-06-26T22:59:07.189+0000] {logging_mixin.py:190} INFO - [2025-06-26T22:59:07.188+0000] {dag.py:4180} INFO - Setting next_dagrun for example_trigger_target_dag to None, run_after=None
[2025-06-26T22:59:07.430+0000] {processor.py:208} INFO - Processing /home/airflow/.local/lib/python3.12/site-packages/airflow/example_dags/example_trigger_target_dag.py took 0.729 seconds
[2025-06-26T22:59:40.886+0000] {processor.py:186} INFO - Started process (PID=497) to work on /home/airflow/.local/lib/python3.12/site-packages/airflow/example_dags/example_trigger_target_dag.py
[2025-06-26T22:59:40.887+0000] {processor.py:914} INFO - Processing file /home/airflow/.local/lib/python3.12/site-packages/airflow/example_dags/example_trigger_target_dag.py for tasks to queue
[2025-06-26T22:59:40.889+0000] {logging_mixin.py:190} INFO - [2025-06-26T22:59:40.889+0000] {dagbag.py:588} INFO - Filling up the DagBag from /home/airflow/.local/lib/python3.12/site-packages/airflow/example_dags/example_trigger_target_dag.py
[2025-06-26T22:59:40.900+0000] {processor.py:925} INFO - DAG(s) 'example_trigger_target_dag' retrieved from /home/airflow/.local/lib/python3.12/site-packages/airflow/example_dags/example_trigger_target_dag.py
[2025-06-26T22:59:40.919+0000] {logging_mixin.py:190} INFO - [2025-06-26T22:59:40.919+0000] {dag.py:3239} INFO - Sync 1 DAGs
[2025-06-26T22:59:40.936+0000] {logging_mixin.py:190} INFO - [2025-06-26T22:59:40.936+0000] {dag.py:4180} INFO - Setting next_dagrun for example_trigger_target_dag to None, run_after=None
[2025-06-26T22:59:40.960+0000] {processor.py:208} INFO - Processing /home/airflow/.local/lib/python3.12/site-packages/airflow/example_dags/example_trigger_target_dag.py took 0.079 seconds
[2025-06-26T23:00:11.682+0000] {processor.py:186} INFO - Started process (PID=558) to work on /home/airflow/.local/lib/python3.12/site-packages/airflow/example_dags/example_trigger_target_dag.py
[2025-06-26T23:00:11.687+0000] {processor.py:914} INFO - Processing file /home/airflow/.local/lib/python3.12/site-packages/airflow/example_dags/example_trigger_target_dag.py for tasks to queue
[2025-06-26T23:00:11.691+0000] {logging_mixin.py:190} INFO - [2025-06-26T23:00:11.691+0000] {dagbag.py:588} INFO - Filling up the DagBag from /home/airflow/.local/lib/python3.12/site-packages/airflow/example_dags/example_trigger_target_dag.py
[2025-06-26T23:00:11.702+0000] {processor.py:925} INFO - DAG(s) 'example_trigger_target_dag' retrieved from /home/airflow/.local/lib/python3.12/site-packages/airflow/example_dags/example_trigger_target_dag.py
[2025-06-26T23:00:11.735+0000] {logging_mixin.py:190} INFO - [2025-06-26T23:00:11.735+0000] {dag.py:3239} INFO - Sync 1 DAGs
[2025-06-26T23:00:11.752+0000] {logging_mixin.py:190} INFO - [2025-06-26T23:00:11.752+0000] {dag.py:4180} INFO - Setting next_dagrun for example_trigger_target_dag to None, run_after=None
[2025-06-26T23:00:11.777+0000] {processor.py:208} INFO - Processing /home/airflow/.local/lib/python3.12/site-packages/airflow/example_dags/example_trigger_target_dag.py took 0.104 seconds
[2025-06-26T23:00:44.793+0000] {processor.py:186} INFO - Started process (PID=625) to work on /home/airflow/.local/lib/python3.12/site-packages/airflow/example_dags/example_trigger_target_dag.py
[2025-06-26T23:00:44.796+0000] {processor.py:914} INFO - Processing file /home/airflow/.local/lib/python3.12/site-packages/airflow/example_dags/example_trigger_target_dag.py for tasks to queue
[2025-06-26T23:00:44.799+0000] {logging_mixin.py:190} INFO - [2025-06-26T23:00:44.798+0000] {dagbag.py:588} INFO - Filling up the DagBag from /home/airflow/.local/lib/python3.12/site-packages/airflow/example_dags/example_trigger_target_dag.py
[2025-06-26T23:00:44.808+0000] {processor.py:925} INFO - DAG(s) 'example_trigger_target_dag' retrieved from /home/airflow/.local/lib/python3.12/site-packages/airflow/example_dags/example_trigger_target_dag.py
[2025-06-26T23:00:44.827+0000] {logging_mixin.py:190} INFO - [2025-06-26T23:00:44.826+0000] {dag.py:3239} INFO - Sync 1 DAGs
[2025-06-26T23:00:44.840+0000] {logging_mixin.py:190} INFO - [2025-06-26T23:00:44.840+0000] {dag.py:4180} INFO - Setting next_dagrun for example_trigger_target_dag to None, run_after=None
[2025-06-26T23:00:44.854+0000] {processor.py:208} INFO - Processing /home/airflow/.local/lib/python3.12/site-packages/airflow/example_dags/example_trigger_target_dag.py took 0.066 seconds
[2025-06-26T23:01:17.474+0000] {processor.py:186} INFO - Started process (PID=687) to work on /home/airflow/.local/lib/python3.12/site-packages/airflow/example_dags/example_trigger_target_dag.py
[2025-06-26T23:01:17.475+0000] {processor.py:914} INFO - Processing file /home/airflow/.local/lib/python3.12/site-packages/airflow/example_dags/example_trigger_target_dag.py for tasks to queue
[2025-06-26T23:01:17.477+0000] {logging_mixin.py:190} INFO - [2025-06-26T23:01:17.477+0000] {dagbag.py:588} INFO - Filling up the DagBag from /home/airflow/.local/lib/python3.12/site-packages/airflow/example_dags/example_trigger_target_dag.py
[2025-06-26T23:01:17.487+0000] {processor.py:925} INFO - DAG(s) 'example_trigger_target_dag' retrieved from /home/airflow/.local/lib/python3.12/site-packages/airflow/example_dags/example_trigger_target_dag.py
[2025-06-26T23:01:17.506+0000] {logging_mixin.py:190} INFO - [2025-06-26T23:01:17.506+0000] {dag.py:3239} INFO - Sync 1 DAGs
[2025-06-26T23:01:17.519+0000] {logging_mixin.py:190} INFO - [2025-06-26T23:01:17.519+0000] {dag.py:4180} INFO - Setting next_dagrun for example_trigger_target_dag to None, run_after=None
[2025-06-26T23:01:17.536+0000] {processor.py:208} INFO - Processing /home/airflow/.local/lib/python3.12/site-packages/airflow/example_dags/example_trigger_target_dag.py took 0.071 seconds
[2025-06-26T23:01:48.892+0000] {processor.py:186} INFO - Started process (PID=749) to work on /home/airflow/.local/lib/python3.12/site-packages/airflow/example_dags/example_trigger_target_dag.py
[2025-06-26T23:01:48.896+0000] {processor.py:914} INFO - Processing file /home/airflow/.local/lib/python3.12/site-packages/airflow/example_dags/example_trigger_target_dag.py for tasks to queue
[2025-06-26T23:01:48.905+0000] {logging_mixin.py:190} INFO - [2025-06-26T23:01:48.904+0000] {dagbag.py:588} INFO - Filling up the DagBag from /home/airflow/.local/lib/python3.12/site-packages/airflow/example_dags/example_trigger_target_dag.py
[2025-06-26T23:01:48.933+0000] {processor.py:925} INFO - DAG(s) 'example_trigger_target_dag' retrieved from /home/airflow/.local/lib/python3.12/site-packages/airflow/example_dags/example_trigger_target_dag.py
[2025-06-26T23:01:49.062+0000] {logging_mixin.py:190} INFO - [2025-06-26T23:01:49.061+0000] {dag.py:3239} INFO - Sync 1 DAGs
[2025-06-26T23:01:49.091+0000] {logging_mixin.py:190} INFO - [2025-06-26T23:01:49.091+0000] {dag.py:4180} INFO - Setting next_dagrun for example_trigger_target_dag to None, run_after=None
[2025-06-26T23:01:49.136+0000] {processor.py:208} INFO - Processing /home/airflow/.local/lib/python3.12/site-packages/airflow/example_dags/example_trigger_target_dag.py took 0.268 seconds
[2025-06-26T23:02:19.634+0000] {processor.py:186} INFO - Started process (PID=811) to work on /home/airflow/.local/lib/python3.12/site-packages/airflow/example_dags/example_trigger_target_dag.py
[2025-06-26T23:02:19.635+0000] {processor.py:914} INFO - Processing file /home/airflow/.local/lib/python3.12/site-packages/airflow/example_dags/example_trigger_target_dag.py for tasks to queue
[2025-06-26T23:02:19.637+0000] {logging_mixin.py:190} INFO - [2025-06-26T23:02:19.637+0000] {dagbag.py:588} INFO - Filling up the DagBag from /home/airflow/.local/lib/python3.12/site-packages/airflow/example_dags/example_trigger_target_dag.py
[2025-06-26T23:02:19.642+0000] {processor.py:925} INFO - DAG(s) 'example_trigger_target_dag' retrieved from /home/airflow/.local/lib/python3.12/site-packages/airflow/example_dags/example_trigger_target_dag.py
[2025-06-26T23:02:19.663+0000] {logging_mixin.py:190} INFO - [2025-06-26T23:02:19.663+0000] {dag.py:3239} INFO - Sync 1 DAGs
[2025-06-26T23:02:19.678+0000] {logging_mixin.py:190} INFO - [2025-06-26T23:02:19.678+0000] {dag.py:4180} INFO - Setting next_dagrun for example_trigger_target_dag to None, run_after=None
[2025-06-26T23:02:19.688+0000] {processor.py:208} INFO - Processing /home/airflow/.local/lib/python3.12/site-packages/airflow/example_dags/example_trigger_target_dag.py took 0.058 seconds
[2025-06-26T23:02:55.600+0000] {processor.py:186} INFO - Started process (PID=877) to work on /home/airflow/.local/lib/python3.12/site-packages/airflow/example_dags/example_trigger_target_dag.py
[2025-06-26T23:02:55.602+0000] {processor.py:914} INFO - Processing file /home/airflow/.local/lib/python3.12/site-packages/airflow/example_dags/example_trigger_target_dag.py for tasks to queue
[2025-06-26T23:02:55.605+0000] {logging_mixin.py:190} INFO - [2025-06-26T23:02:55.604+0000] {dagbag.py:588} INFO - Filling up the DagBag from /home/airflow/.local/lib/python3.12/site-packages/airflow/example_dags/example_trigger_target_dag.py
[2025-06-26T23:02:55.618+0000] {processor.py:925} INFO - DAG(s) 'example_trigger_target_dag' retrieved from /home/airflow/.local/lib/python3.12/site-packages/airflow/example_dags/example_trigger_target_dag.py
[2025-06-26T23:02:55.652+0000] {logging_mixin.py:190} INFO - [2025-06-26T23:02:55.652+0000] {dag.py:3239} INFO - Sync 1 DAGs
[2025-06-26T23:02:55.667+0000] {logging_mixin.py:190} INFO - [2025-06-26T23:02:55.667+0000] {dag.py:4180} INFO - Setting next_dagrun for example_trigger_target_dag to None, run_after=None
[2025-06-26T23:02:55.696+0000] {processor.py:208} INFO - Processing /home/airflow/.local/lib/python3.12/site-packages/airflow/example_dags/example_trigger_target_dag.py took 0.106 seconds
[2025-06-26T23:03:41.843+0000] {processor.py:186} INFO - Started process (PID=936) to work on /home/airflow/.local/lib/python3.12/site-packages/airflow/example_dags/example_trigger_target_dag.py
[2025-06-26T23:03:41.845+0000] {processor.py:914} INFO - Processing file /home/airflow/.local/lib/python3.12/site-packages/airflow/example_dags/example_trigger_target_dag.py for tasks to queue
[2025-06-26T23:03:41.848+0000] {logging_mixin.py:190} INFO - [2025-06-26T23:03:41.848+0000] {dagbag.py:588} INFO - Filling up the DagBag from /home/airflow/.local/lib/python3.12/site-packages/airflow/example_dags/example_trigger_target_dag.py
[2025-06-26T23:03:41.860+0000] {processor.py:925} INFO - DAG(s) 'example_trigger_target_dag' retrieved from /home/airflow/.local/lib/python3.12/site-packages/airflow/example_dags/example_trigger_target_dag.py
[2025-06-26T23:03:41.887+0000] {logging_mixin.py:190} INFO - [2025-06-26T23:03:41.886+0000] {dag.py:3239} INFO - Sync 1 DAGs
[2025-06-26T23:03:41.904+0000] {logging_mixin.py:190} INFO - [2025-06-26T23:03:41.903+0000] {dag.py:4180} INFO - Setting next_dagrun for example_trigger_target_dag to None, run_after=None
[2025-06-26T23:03:41.932+0000] {processor.py:208} INFO - Processing /home/airflow/.local/lib/python3.12/site-packages/airflow/example_dags/example_trigger_target_dag.py took 0.096 seconds
[2025-06-26T23:04:34.489+0000] {processor.py:186} INFO - Started process (PID=1009) to work on /home/airflow/.local/lib/python3.12/site-packages/airflow/example_dags/example_trigger_target_dag.py
[2025-06-26T23:04:34.491+0000] {processor.py:914} INFO - Processing file /home/airflow/.local/lib/python3.12/site-packages/airflow/example_dags/example_trigger_target_dag.py for tasks to queue
[2025-06-26T23:04:34.493+0000] {logging_mixin.py:190} INFO - [2025-06-26T23:04:34.493+0000] {dagbag.py:588} INFO - Filling up the DagBag from /home/airflow/.local/lib/python3.12/site-packages/airflow/example_dags/example_trigger_target_dag.py
[2025-06-26T23:04:34.504+0000] {processor.py:925} INFO - DAG(s) 'example_trigger_target_dag' retrieved from /home/airflow/.local/lib/python3.12/site-packages/airflow/example_dags/example_trigger_target_dag.py
[2025-06-26T23:04:34.520+0000] {logging_mixin.py:190} INFO - [2025-06-26T23:04:34.520+0000] {dag.py:3239} INFO - Sync 1 DAGs
[2025-06-26T23:04:34.538+0000] {logging_mixin.py:190} INFO - [2025-06-26T23:04:34.537+0000] {dag.py:4180} INFO - Setting next_dagrun for example_trigger_target_dag to None, run_after=None
[2025-06-26T23:04:34.551+0000] {processor.py:208} INFO - Processing /home/airflow/.local/lib/python3.12/site-packages/airflow/example_dags/example_trigger_target_dag.py took 0.069 seconds
[2025-06-26T23:05:10.941+0000] {processor.py:186} INFO - Started process (PID=1070) to work on /home/airflow/.local/lib/python3.12/site-packages/airflow/example_dags/example_trigger_target_dag.py
[2025-06-26T23:05:10.943+0000] {processor.py:914} INFO - Processing file /home/airflow/.local/lib/python3.12/site-packages/airflow/example_dags/example_trigger_target_dag.py for tasks to queue
[2025-06-26T23:05:10.945+0000] {logging_mixin.py:190} INFO - [2025-06-26T23:05:10.945+0000] {dagbag.py:588} INFO - Filling up the DagBag from /home/airflow/.local/lib/python3.12/site-packages/airflow/example_dags/example_trigger_target_dag.py
[2025-06-26T23:05:10.957+0000] {processor.py:925} INFO - DAG(s) 'example_trigger_target_dag' retrieved from /home/airflow/.local/lib/python3.12/site-packages/airflow/example_dags/example_trigger_target_dag.py
[2025-06-26T23:05:10.977+0000] {logging_mixin.py:190} INFO - [2025-06-26T23:05:10.977+0000] {dag.py:3239} INFO - Sync 1 DAGs
[2025-06-26T23:05:10.994+0000] {logging_mixin.py:190} INFO - [2025-06-26T23:05:10.994+0000] {dag.py:4180} INFO - Setting next_dagrun for example_trigger_target_dag to None, run_after=None
[2025-06-26T23:05:11.011+0000] {processor.py:208} INFO - Processing /home/airflow/.local/lib/python3.12/site-packages/airflow/example_dags/example_trigger_target_dag.py took 0.076 seconds
[2025-06-26T23:05:42.293+0000] {processor.py:186} INFO - Started process (PID=1132) to work on /home/airflow/.local/lib/python3.12/site-packages/airflow/example_dags/example_trigger_target_dag.py
[2025-06-26T23:05:42.294+0000] {processor.py:914} INFO - Processing file /home/airflow/.local/lib/python3.12/site-packages/airflow/example_dags/example_trigger_target_dag.py for tasks to queue
[2025-06-26T23:05:42.296+0000] {logging_mixin.py:190} INFO - [2025-06-26T23:05:42.296+0000] {dagbag.py:588} INFO - Filling up the DagBag from /home/airflow/.local/lib/python3.12/site-packages/airflow/example_dags/example_trigger_target_dag.py
[2025-06-26T23:05:42.302+0000] {processor.py:925} INFO - DAG(s) 'example_trigger_target_dag' retrieved from /home/airflow/.local/lib/python3.12/site-packages/airflow/example_dags/example_trigger_target_dag.py
[2025-06-26T23:05:42.319+0000] {logging_mixin.py:190} INFO - [2025-06-26T23:05:42.319+0000] {dag.py:3239} INFO - Sync 1 DAGs
[2025-06-26T23:05:42.333+0000] {logging_mixin.py:190} INFO - [2025-06-26T23:05:42.333+0000] {dag.py:4180} INFO - Setting next_dagrun for example_trigger_target_dag to None, run_after=None
[2025-06-26T23:05:42.352+0000] {processor.py:208} INFO - Processing /home/airflow/.local/lib/python3.12/site-packages/airflow/example_dags/example_trigger_target_dag.py took 0.063 seconds
[2025-06-26T23:06:16.875+0000] {processor.py:186} INFO - Started process (PID=1194) to work on /home/airflow/.local/lib/python3.12/site-packages/airflow/example_dags/example_trigger_target_dag.py
[2025-06-26T23:06:16.877+0000] {processor.py:914} INFO - Processing file /home/airflow/.local/lib/python3.12/site-packages/airflow/example_dags/example_trigger_target_dag.py for tasks to queue
[2025-06-26T23:06:16.881+0000] {logging_mixin.py:190} INFO - [2025-06-26T23:06:16.880+0000] {dagbag.py:588} INFO - Filling up the DagBag from /home/airflow/.local/lib/python3.12/site-packages/airflow/example_dags/example_trigger_target_dag.py
[2025-06-26T23:06:16.900+0000] {processor.py:925} INFO - DAG(s) 'example_trigger_target_dag' retrieved from /home/airflow/.local/lib/python3.12/site-packages/airflow/example_dags/example_trigger_target_dag.py
[2025-06-26T23:06:17.366+0000] {logging_mixin.py:190} INFO - [2025-06-26T23:06:17.332+0000] {dag.py:3239} INFO - Sync 1 DAGs
[2025-06-26T23:06:17.451+0000] {logging_mixin.py:190} INFO - [2025-06-26T23:06:17.447+0000] {dag.py:4180} INFO - Setting next_dagrun for example_trigger_target_dag to None, run_after=None
[2025-06-26T23:06:17.722+0000] {processor.py:208} INFO - Processing /home/airflow/.local/lib/python3.12/site-packages/airflow/example_dags/example_trigger_target_dag.py took 0.852 seconds
[2025-06-26T23:06:48.727+0000] {processor.py:186} INFO - Started process (PID=1256) to work on /home/airflow/.local/lib/python3.12/site-packages/airflow/example_dags/example_trigger_target_dag.py
[2025-06-26T23:06:48.731+0000] {processor.py:914} INFO - Processing file /home/airflow/.local/lib/python3.12/site-packages/airflow/example_dags/example_trigger_target_dag.py for tasks to queue
[2025-06-26T23:06:48.735+0000] {logging_mixin.py:190} INFO - [2025-06-26T23:06:48.734+0000] {dagbag.py:588} INFO - Filling up the DagBag from /home/airflow/.local/lib/python3.12/site-packages/airflow/example_dags/example_trigger_target_dag.py
[2025-06-26T23:06:48.748+0000] {processor.py:925} INFO - DAG(s) 'example_trigger_target_dag' retrieved from /home/airflow/.local/lib/python3.12/site-packages/airflow/example_dags/example_trigger_target_dag.py
[2025-06-26T23:06:48.772+0000] {logging_mixin.py:190} INFO - [2025-06-26T23:06:48.772+0000] {dag.py:3239} INFO - Sync 1 DAGs
[2025-06-26T23:06:48.783+0000] {logging_mixin.py:190} INFO - [2025-06-26T23:06:48.783+0000] {dag.py:4180} INFO - Setting next_dagrun for example_trigger_target_dag to None, run_after=None
[2025-06-26T23:06:48.793+0000] {processor.py:208} INFO - Processing /home/airflow/.local/lib/python3.12/site-packages/airflow/example_dags/example_trigger_target_dag.py took 0.080 seconds
[2025-06-26T23:07:18.953+0000] {processor.py:186} INFO - Started process (PID=1318) to work on /home/airflow/.local/lib/python3.12/site-packages/airflow/example_dags/example_trigger_target_dag.py
[2025-06-26T23:07:18.957+0000] {processor.py:914} INFO - Processing file /home/airflow/.local/lib/python3.12/site-packages/airflow/example_dags/example_trigger_target_dag.py for tasks to queue
[2025-06-26T23:07:18.967+0000] {logging_mixin.py:190} INFO - [2025-06-26T23:07:18.966+0000] {dagbag.py:588} INFO - Filling up the DagBag from /home/airflow/.local/lib/python3.12/site-packages/airflow/example_dags/example_trigger_target_dag.py
[2025-06-26T23:07:18.981+0000] {processor.py:925} INFO - DAG(s) 'example_trigger_target_dag' retrieved from /home/airflow/.local/lib/python3.12/site-packages/airflow/example_dags/example_trigger_target_dag.py
[2025-06-26T23:07:19.015+0000] {logging_mixin.py:190} INFO - [2025-06-26T23:07:19.015+0000] {dag.py:3239} INFO - Sync 1 DAGs
[2025-06-26T23:07:19.031+0000] {logging_mixin.py:190} INFO - [2025-06-26T23:07:19.030+0000] {dag.py:4180} INFO - Setting next_dagrun for example_trigger_target_dag to None, run_after=None
[2025-06-26T23:07:19.048+0000] {processor.py:208} INFO - Processing /home/airflow/.local/lib/python3.12/site-packages/airflow/example_dags/example_trigger_target_dag.py took 0.119 seconds
