[2025-06-26T22:55:28.302+0000] {processor.py:186} INFO - Started process (PID=71) to work on /home/airflow/.local/lib/python3.12/site-packages/airflow/example_dags/example_params_trigger_ui.py
[2025-06-26T22:55:28.312+0000] {processor.py:914} INFO - Processing file /home/airflow/.local/lib/python3.12/site-packages/airflow/example_dags/example_params_trigger_ui.py for tasks to queue
[2025-06-26T22:55:28.331+0000] {logging_mixin.py:190} INFO - [2025-06-26T22:55:28.328+0000] {dagbag.py:588} INFO - Filling up the DagBag from /home/airflow/.local/lib/python3.12/site-packages/airflow/example_dags/example_params_trigger_ui.py
[2025-06-26T22:55:28.401+0000] {processor.py:925} INFO - DAG(s) 'example_params_trigger_ui' retrieved from /home/airflow/.local/lib/python3.12/site-packages/airflow/example_dags/example_params_trigger_ui.py
[2025-06-26T22:55:29.060+0000] {logging_mixin.py:190} INFO - [2025-06-26T22:55:29.037+0000] {override.py:1900} INFO - Created Permission View: can read on DAG:example_params_trigger_ui
[2025-06-26T22:55:29.081+0000] {logging_mixin.py:190} INFO - [2025-06-26T22:55:29.081+0000] {override.py:1900} INFO - Created Permission View: can delete on DAG:example_params_trigger_ui
[2025-06-26T22:55:29.097+0000] {logging_mixin.py:190} INFO - [2025-06-26T22:55:29.096+0000] {override.py:1900} INFO - Created Permission View: can edit on DAG:example_params_trigger_ui
[2025-06-26T22:55:29.176+0000] {logging_mixin.py:190} INFO - [2025-06-26T22:55:29.175+0000] {override.py:1900} INFO - Created Permission View: can read on DAG Run:example_params_trigger_ui
[2025-06-26T22:55:29.269+0000] {logging_mixin.py:190} INFO - [2025-06-26T22:55:29.264+0000] {override.py:1900} INFO - Created Permission View: menu access on DAG Run:example_params_trigger_ui
[2025-06-26T22:55:29.317+0000] {logging_mixin.py:190} INFO - [2025-06-26T22:55:29.313+0000] {override.py:1900} INFO - Created Permission View: can delete on DAG Run:example_params_trigger_ui
[2025-06-26T22:55:29.389+0000] {logging_mixin.py:190} INFO - [2025-06-26T22:55:29.388+0000] {override.py:1900} INFO - Created Permission View: can create on DAG Run:example_params_trigger_ui
[2025-06-26T22:55:29.406+0000] {logging_mixin.py:190} INFO - [2025-06-26T22:55:29.402+0000] {dag.py:3239} INFO - Sync 1 DAGs
[2025-06-26T22:55:29.566+0000] {logging_mixin.py:190} INFO - [2025-06-26T22:55:29.563+0000] {dag.py:3262} INFO - Creating ORM DAG for example_params_trigger_ui
[2025-06-26T22:55:29.570+0000] {logging_mixin.py:190} INFO - [2025-06-26T22:55:29.570+0000] {dag.py:4180} INFO - Setting next_dagrun for example_params_trigger_ui to None, run_after=None
[2025-06-26T22:55:29.686+0000] {processor.py:208} INFO - Processing /home/airflow/.local/lib/python3.12/site-packages/airflow/example_dags/example_params_trigger_ui.py took 1.410 seconds
[2025-06-26T22:56:00.804+0000] {processor.py:186} INFO - Started process (PID=133) to work on /home/airflow/.local/lib/python3.12/site-packages/airflow/example_dags/example_params_trigger_ui.py
[2025-06-26T22:56:00.811+0000] {processor.py:914} INFO - Processing file /home/airflow/.local/lib/python3.12/site-packages/airflow/example_dags/example_params_trigger_ui.py for tasks to queue
[2025-06-26T22:56:00.819+0000] {logging_mixin.py:190} INFO - [2025-06-26T22:56:00.818+0000] {dagbag.py:588} INFO - Filling up the DagBag from /home/airflow/.local/lib/python3.12/site-packages/airflow/example_dags/example_params_trigger_ui.py
[2025-06-26T22:56:00.853+0000] {processor.py:925} INFO - DAG(s) 'example_params_trigger_ui' retrieved from /home/airflow/.local/lib/python3.12/site-packages/airflow/example_dags/example_params_trigger_ui.py
[2025-06-26T22:56:01.147+0000] {logging_mixin.py:190} INFO - [2025-06-26T22:56:01.145+0000] {dag.py:3239} INFO - Sync 1 DAGs
[2025-06-26T22:56:01.257+0000] {logging_mixin.py:190} INFO - [2025-06-26T22:56:01.255+0000] {dag.py:4180} INFO - Setting next_dagrun for example_params_trigger_ui to None, run_after=None
[2025-06-26T22:56:01.299+0000] {processor.py:208} INFO - Processing /home/airflow/.local/lib/python3.12/site-packages/airflow/example_dags/example_params_trigger_ui.py took 0.509 seconds
[2025-06-26T22:56:31.464+0000] {processor.py:186} INFO - Started process (PID=194) to work on /home/airflow/.local/lib/python3.12/site-packages/airflow/example_dags/example_params_trigger_ui.py
[2025-06-26T22:56:31.472+0000] {processor.py:914} INFO - Processing file /home/airflow/.local/lib/python3.12/site-packages/airflow/example_dags/example_params_trigger_ui.py for tasks to queue
[2025-06-26T22:56:31.478+0000] {logging_mixin.py:190} INFO - [2025-06-26T22:56:31.476+0000] {dagbag.py:588} INFO - Filling up the DagBag from /home/airflow/.local/lib/python3.12/site-packages/airflow/example_dags/example_params_trigger_ui.py
[2025-06-26T22:56:31.529+0000] {processor.py:925} INFO - DAG(s) 'example_params_trigger_ui' retrieved from /home/airflow/.local/lib/python3.12/site-packages/airflow/example_dags/example_params_trigger_ui.py
[2025-06-26T22:56:31.676+0000] {logging_mixin.py:190} INFO - [2025-06-26T22:56:31.668+0000] {dag.py:3239} INFO - Sync 1 DAGs
[2025-06-26T22:56:31.767+0000] {logging_mixin.py:190} INFO - [2025-06-26T22:56:31.766+0000] {dag.py:4180} INFO - Setting next_dagrun for example_params_trigger_ui to None, run_after=None
[2025-06-26T22:56:31.836+0000] {processor.py:208} INFO - Processing /home/airflow/.local/lib/python3.12/site-packages/airflow/example_dags/example_params_trigger_ui.py took 0.388 seconds
[2025-06-26T22:57:02.609+0000] {processor.py:186} INFO - Started process (PID=256) to work on /home/airflow/.local/lib/python3.12/site-packages/airflow/example_dags/example_params_trigger_ui.py
[2025-06-26T22:57:02.627+0000] {processor.py:914} INFO - Processing file /home/airflow/.local/lib/python3.12/site-packages/airflow/example_dags/example_params_trigger_ui.py for tasks to queue
[2025-06-26T22:57:02.718+0000] {logging_mixin.py:190} INFO - [2025-06-26T22:57:02.681+0000] {dagbag.py:588} INFO - Filling up the DagBag from /home/airflow/.local/lib/python3.12/site-packages/airflow/example_dags/example_params_trigger_ui.py
[2025-06-26T22:57:02.961+0000] {processor.py:925} INFO - DAG(s) 'example_params_trigger_ui' retrieved from /home/airflow/.local/lib/python3.12/site-packages/airflow/example_dags/example_params_trigger_ui.py
[2025-06-26T22:57:03.187+0000] {logging_mixin.py:190} INFO - [2025-06-26T22:57:03.183+0000] {dag.py:3239} INFO - Sync 1 DAGs
[2025-06-26T22:57:03.316+0000] {logging_mixin.py:190} INFO - [2025-06-26T22:57:03.312+0000] {dag.py:4180} INFO - Setting next_dagrun for example_params_trigger_ui to None, run_after=None
[2025-06-26T22:57:03.443+0000] {processor.py:208} INFO - Processing /home/airflow/.local/lib/python3.12/site-packages/airflow/example_dags/example_params_trigger_ui.py took 0.918 seconds
[2025-06-26T22:57:33.661+0000] {processor.py:186} INFO - Started process (PID=318) to work on /home/airflow/.local/lib/python3.12/site-packages/airflow/example_dags/example_params_trigger_ui.py
[2025-06-26T22:57:33.675+0000] {processor.py:914} INFO - Processing file /home/airflow/.local/lib/python3.12/site-packages/airflow/example_dags/example_params_trigger_ui.py for tasks to queue
[2025-06-26T22:57:33.682+0000] {logging_mixin.py:190} INFO - [2025-06-26T22:57:33.682+0000] {dagbag.py:588} INFO - Filling up the DagBag from /home/airflow/.local/lib/python3.12/site-packages/airflow/example_dags/example_params_trigger_ui.py
[2025-06-26T22:57:33.711+0000] {processor.py:925} INFO - DAG(s) 'example_params_trigger_ui' retrieved from /home/airflow/.local/lib/python3.12/site-packages/airflow/example_dags/example_params_trigger_ui.py
[2025-06-26T22:57:33.796+0000] {logging_mixin.py:190} INFO - [2025-06-26T22:57:33.796+0000] {dag.py:3239} INFO - Sync 1 DAGs
[2025-06-26T22:57:33.840+0000] {logging_mixin.py:190} INFO - [2025-06-26T22:57:33.839+0000] {dag.py:4180} INFO - Setting next_dagrun for example_params_trigger_ui to None, run_after=None
[2025-06-26T22:57:33.873+0000] {processor.py:208} INFO - Processing /home/airflow/.local/lib/python3.12/site-packages/airflow/example_dags/example_params_trigger_ui.py took 0.248 seconds
[2025-06-26T22:58:25.518+0000] {processor.py:186} INFO - Started process (PID=380) to work on /home/airflow/.local/lib/python3.12/site-packages/airflow/example_dags/example_params_trigger_ui.py
[2025-06-26T22:58:25.523+0000] {processor.py:914} INFO - Processing file /home/airflow/.local/lib/python3.12/site-packages/airflow/example_dags/example_params_trigger_ui.py for tasks to queue
[2025-06-26T22:58:25.551+0000] {logging_mixin.py:190} INFO - [2025-06-26T22:58:25.547+0000] {dagbag.py:588} INFO - Filling up the DagBag from /home/airflow/.local/lib/python3.12/site-packages/airflow/example_dags/example_params_trigger_ui.py
[2025-06-26T22:58:25.705+0000] {processor.py:925} INFO - DAG(s) 'example_params_trigger_ui' retrieved from /home/airflow/.local/lib/python3.12/site-packages/airflow/example_dags/example_params_trigger_ui.py
[2025-06-26T22:58:25.877+0000] {logging_mixin.py:190} INFO - [2025-06-26T22:58:25.877+0000] {dag.py:3239} INFO - Sync 1 DAGs
[2025-06-26T22:58:25.927+0000] {logging_mixin.py:190} INFO - [2025-06-26T22:58:25.926+0000] {dag.py:4180} INFO - Setting next_dagrun for example_params_trigger_ui to None, run_after=None
[2025-06-26T22:58:26.008+0000] {processor.py:208} INFO - Processing /home/airflow/.local/lib/python3.12/site-packages/airflow/example_dags/example_params_trigger_ui.py took 0.549 seconds
[2025-06-26T22:58:59.870+0000] {processor.py:186} INFO - Started process (PID=425) to work on /home/airflow/.local/lib/python3.12/site-packages/airflow/example_dags/example_params_trigger_ui.py
[2025-06-26T22:58:59.872+0000] {processor.py:914} INFO - Processing file /home/airflow/.local/lib/python3.12/site-packages/airflow/example_dags/example_params_trigger_ui.py for tasks to queue
[2025-06-26T22:58:59.875+0000] {logging_mixin.py:190} INFO - [2025-06-26T22:58:59.874+0000] {dagbag.py:588} INFO - Filling up the DagBag from /home/airflow/.local/lib/python3.12/site-packages/airflow/example_dags/example_params_trigger_ui.py
[2025-06-26T22:58:59.889+0000] {processor.py:925} INFO - DAG(s) 'example_params_trigger_ui' retrieved from /home/airflow/.local/lib/python3.12/site-packages/airflow/example_dags/example_params_trigger_ui.py
[2025-06-26T22:58:59.944+0000] {logging_mixin.py:190} INFO - [2025-06-26T22:58:59.941+0000] {dag.py:3239} INFO - Sync 1 DAGs
[2025-06-26T22:59:00.017+0000] {logging_mixin.py:190} INFO - [2025-06-26T22:59:00.015+0000] {dag.py:4180} INFO - Setting next_dagrun for example_params_trigger_ui to None, run_after=None
[2025-06-26T22:59:00.091+0000] {processor.py:208} INFO - Processing /home/airflow/.local/lib/python3.12/site-packages/airflow/example_dags/example_params_trigger_ui.py took 0.231 seconds
[2025-06-26T22:59:39.499+0000] {processor.py:186} INFO - Started process (PID=487) to work on /home/airflow/.local/lib/python3.12/site-packages/airflow/example_dags/example_params_trigger_ui.py
[2025-06-26T22:59:39.501+0000] {processor.py:914} INFO - Processing file /home/airflow/.local/lib/python3.12/site-packages/airflow/example_dags/example_params_trigger_ui.py for tasks to queue
[2025-06-26T22:59:39.504+0000] {logging_mixin.py:190} INFO - [2025-06-26T22:59:39.504+0000] {dagbag.py:588} INFO - Filling up the DagBag from /home/airflow/.local/lib/python3.12/site-packages/airflow/example_dags/example_params_trigger_ui.py
[2025-06-26T22:59:39.523+0000] {processor.py:925} INFO - DAG(s) 'example_params_trigger_ui' retrieved from /home/airflow/.local/lib/python3.12/site-packages/airflow/example_dags/example_params_trigger_ui.py
[2025-06-26T22:59:39.579+0000] {logging_mixin.py:190} INFO - [2025-06-26T22:59:39.579+0000] {dag.py:3239} INFO - Sync 1 DAGs
[2025-06-26T22:59:39.591+0000] {logging_mixin.py:190} INFO - [2025-06-26T22:59:39.591+0000] {dag.py:4180} INFO - Setting next_dagrun for example_params_trigger_ui to None, run_after=None
[2025-06-26T22:59:39.613+0000] {processor.py:208} INFO - Processing /home/airflow/.local/lib/python3.12/site-packages/airflow/example_dags/example_params_trigger_ui.py took 0.124 seconds
[2025-06-26T23:00:10.445+0000] {processor.py:186} INFO - Started process (PID=548) to work on /home/airflow/.local/lib/python3.12/site-packages/airflow/example_dags/example_params_trigger_ui.py
[2025-06-26T23:00:10.446+0000] {processor.py:914} INFO - Processing file /home/airflow/.local/lib/python3.12/site-packages/airflow/example_dags/example_params_trigger_ui.py for tasks to queue
[2025-06-26T23:00:10.450+0000] {logging_mixin.py:190} INFO - [2025-06-26T23:00:10.449+0000] {dagbag.py:588} INFO - Filling up the DagBag from /home/airflow/.local/lib/python3.12/site-packages/airflow/example_dags/example_params_trigger_ui.py
[2025-06-26T23:00:10.458+0000] {processor.py:925} INFO - DAG(s) 'example_params_trigger_ui' retrieved from /home/airflow/.local/lib/python3.12/site-packages/airflow/example_dags/example_params_trigger_ui.py
[2025-06-26T23:00:10.499+0000] {logging_mixin.py:190} INFO - [2025-06-26T23:00:10.498+0000] {dag.py:3239} INFO - Sync 1 DAGs
[2025-06-26T23:00:10.514+0000] {logging_mixin.py:190} INFO - [2025-06-26T23:00:10.514+0000] {dag.py:4180} INFO - Setting next_dagrun for example_params_trigger_ui to None, run_after=None
[2025-06-26T23:00:10.552+0000] {processor.py:208} INFO - Processing /home/airflow/.local/lib/python3.12/site-packages/airflow/example_dags/example_params_trigger_ui.py took 0.114 seconds
[2025-06-26T23:00:43.451+0000] {processor.py:186} INFO - Started process (PID=615) to work on /home/airflow/.local/lib/python3.12/site-packages/airflow/example_dags/example_params_trigger_ui.py
[2025-06-26T23:00:43.455+0000] {processor.py:914} INFO - Processing file /home/airflow/.local/lib/python3.12/site-packages/airflow/example_dags/example_params_trigger_ui.py for tasks to queue
[2025-06-26T23:00:43.458+0000] {logging_mixin.py:190} INFO - [2025-06-26T23:00:43.458+0000] {dagbag.py:588} INFO - Filling up the DagBag from /home/airflow/.local/lib/python3.12/site-packages/airflow/example_dags/example_params_trigger_ui.py
[2025-06-26T23:00:43.486+0000] {processor.py:925} INFO - DAG(s) 'example_params_trigger_ui' retrieved from /home/airflow/.local/lib/python3.12/site-packages/airflow/example_dags/example_params_trigger_ui.py
[2025-06-26T23:00:43.578+0000] {logging_mixin.py:190} INFO - [2025-06-26T23:00:43.577+0000] {dag.py:3239} INFO - Sync 1 DAGs
[2025-06-26T23:00:43.601+0000] {logging_mixin.py:190} INFO - [2025-06-26T23:00:43.600+0000] {dag.py:4180} INFO - Setting next_dagrun for example_params_trigger_ui to None, run_after=None
[2025-06-26T23:00:43.625+0000] {processor.py:208} INFO - Processing /home/airflow/.local/lib/python3.12/site-packages/airflow/example_dags/example_params_trigger_ui.py took 0.185 seconds
[2025-06-26T23:01:16.238+0000] {processor.py:186} INFO - Started process (PID=677) to work on /home/airflow/.local/lib/python3.12/site-packages/airflow/example_dags/example_params_trigger_ui.py
[2025-06-26T23:01:16.242+0000] {processor.py:914} INFO - Processing file /home/airflow/.local/lib/python3.12/site-packages/airflow/example_dags/example_params_trigger_ui.py for tasks to queue
[2025-06-26T23:01:16.247+0000] {logging_mixin.py:190} INFO - [2025-06-26T23:01:16.246+0000] {dagbag.py:588} INFO - Filling up the DagBag from /home/airflow/.local/lib/python3.12/site-packages/airflow/example_dags/example_params_trigger_ui.py
[2025-06-26T23:01:16.261+0000] {processor.py:925} INFO - DAG(s) 'example_params_trigger_ui' retrieved from /home/airflow/.local/lib/python3.12/site-packages/airflow/example_dags/example_params_trigger_ui.py
[2025-06-26T23:01:16.338+0000] {logging_mixin.py:190} INFO - [2025-06-26T23:01:16.338+0000] {dag.py:3239} INFO - Sync 1 DAGs
[2025-06-26T23:01:16.357+0000] {logging_mixin.py:190} INFO - [2025-06-26T23:01:16.357+0000] {dag.py:4180} INFO - Setting next_dagrun for example_params_trigger_ui to None, run_after=None
[2025-06-26T23:01:16.375+0000] {processor.py:208} INFO - Processing /home/airflow/.local/lib/python3.12/site-packages/airflow/example_dags/example_params_trigger_ui.py took 0.159 seconds
[2025-06-26T23:01:46.570+0000] {processor.py:186} INFO - Started process (PID=736) to work on /home/airflow/.local/lib/python3.12/site-packages/airflow/example_dags/example_params_trigger_ui.py
[2025-06-26T23:01:46.573+0000] {processor.py:914} INFO - Processing file /home/airflow/.local/lib/python3.12/site-packages/airflow/example_dags/example_params_trigger_ui.py for tasks to queue
[2025-06-26T23:01:46.580+0000] {logging_mixin.py:190} INFO - [2025-06-26T23:01:46.580+0000] {dagbag.py:588} INFO - Filling up the DagBag from /home/airflow/.local/lib/python3.12/site-packages/airflow/example_dags/example_params_trigger_ui.py
[2025-06-26T23:01:46.597+0000] {processor.py:925} INFO - DAG(s) 'example_params_trigger_ui' retrieved from /home/airflow/.local/lib/python3.12/site-packages/airflow/example_dags/example_params_trigger_ui.py
[2025-06-26T23:01:46.636+0000] {logging_mixin.py:190} INFO - [2025-06-26T23:01:46.636+0000] {dag.py:3239} INFO - Sync 1 DAGs
[2025-06-26T23:01:46.661+0000] {logging_mixin.py:190} INFO - [2025-06-26T23:01:46.661+0000] {dag.py:4180} INFO - Setting next_dagrun for example_params_trigger_ui to None, run_after=None
[2025-06-26T23:01:46.679+0000] {processor.py:208} INFO - Processing /home/airflow/.local/lib/python3.12/site-packages/airflow/example_dags/example_params_trigger_ui.py took 0.118 seconds
[2025-06-26T23:02:17.763+0000] {processor.py:186} INFO - Started process (PID=798) to work on /home/airflow/.local/lib/python3.12/site-packages/airflow/example_dags/example_params_trigger_ui.py
[2025-06-26T23:02:17.766+0000] {processor.py:914} INFO - Processing file /home/airflow/.local/lib/python3.12/site-packages/airflow/example_dags/example_params_trigger_ui.py for tasks to queue
[2025-06-26T23:02:17.773+0000] {logging_mixin.py:190} INFO - [2025-06-26T23:02:17.772+0000] {dagbag.py:588} INFO - Filling up the DagBag from /home/airflow/.local/lib/python3.12/site-packages/airflow/example_dags/example_params_trigger_ui.py
[2025-06-26T23:02:17.796+0000] {processor.py:925} INFO - DAG(s) 'example_params_trigger_ui' retrieved from /home/airflow/.local/lib/python3.12/site-packages/airflow/example_dags/example_params_trigger_ui.py
[2025-06-26T23:02:17.860+0000] {logging_mixin.py:190} INFO - [2025-06-26T23:02:17.859+0000] {dag.py:3239} INFO - Sync 1 DAGs
[2025-06-26T23:02:17.888+0000] {logging_mixin.py:190} INFO - [2025-06-26T23:02:17.888+0000] {dag.py:4180} INFO - Setting next_dagrun for example_params_trigger_ui to None, run_after=None
[2025-06-26T23:02:17.932+0000] {processor.py:208} INFO - Processing /home/airflow/.local/lib/python3.12/site-packages/airflow/example_dags/example_params_trigger_ui.py took 0.185 seconds
[2025-06-26T23:02:48.040+0000] {processor.py:186} INFO - Started process (PID=859) to work on /home/airflow/.local/lib/python3.12/site-packages/airflow/example_dags/example_params_trigger_ui.py
[2025-06-26T23:02:48.044+0000] {processor.py:914} INFO - Processing file /home/airflow/.local/lib/python3.12/site-packages/airflow/example_dags/example_params_trigger_ui.py for tasks to queue
[2025-06-26T23:02:48.049+0000] {logging_mixin.py:190} INFO - [2025-06-26T23:02:48.048+0000] {dagbag.py:588} INFO - Filling up the DagBag from /home/airflow/.local/lib/python3.12/site-packages/airflow/example_dags/example_params_trigger_ui.py
[2025-06-26T23:02:48.076+0000] {processor.py:925} INFO - DAG(s) 'example_params_trigger_ui' retrieved from /home/airflow/.local/lib/python3.12/site-packages/airflow/example_dags/example_params_trigger_ui.py
[2025-06-26T23:02:48.148+0000] {logging_mixin.py:190} INFO - [2025-06-26T23:02:48.148+0000] {dag.py:3239} INFO - Sync 1 DAGs
[2025-06-26T23:02:48.166+0000] {logging_mixin.py:190} INFO - [2025-06-26T23:02:48.166+0000] {dag.py:4180} INFO - Setting next_dagrun for example_params_trigger_ui to None, run_after=None
[2025-06-26T23:02:48.193+0000] {processor.py:208} INFO - Processing /home/airflow/.local/lib/python3.12/site-packages/airflow/example_dags/example_params_trigger_ui.py took 0.166 seconds
[2025-06-26T23:03:18.959+0000] {processor.py:186} INFO - Started process (PID=921) to work on /home/airflow/.local/lib/python3.12/site-packages/airflow/example_dags/example_params_trigger_ui.py
[2025-06-26T23:03:18.961+0000] {processor.py:914} INFO - Processing file /home/airflow/.local/lib/python3.12/site-packages/airflow/example_dags/example_params_trigger_ui.py for tasks to queue
[2025-06-26T23:03:18.969+0000] {logging_mixin.py:190} INFO - [2025-06-26T23:03:18.968+0000] {dagbag.py:588} INFO - Filling up the DagBag from /home/airflow/.local/lib/python3.12/site-packages/airflow/example_dags/example_params_trigger_ui.py
[2025-06-26T23:03:18.984+0000] {processor.py:925} INFO - DAG(s) 'example_params_trigger_ui' retrieved from /home/airflow/.local/lib/python3.12/site-packages/airflow/example_dags/example_params_trigger_ui.py
[2025-06-26T23:03:19.036+0000] {logging_mixin.py:190} INFO - [2025-06-26T23:03:19.036+0000] {dag.py:3239} INFO - Sync 1 DAGs
[2025-06-26T23:03:19.052+0000] {logging_mixin.py:190} INFO - [2025-06-26T23:03:19.052+0000] {dag.py:4180} INFO - Setting next_dagrun for example_params_trigger_ui to None, run_after=None
[2025-06-26T23:03:19.072+0000] {processor.py:208} INFO - Processing /home/airflow/.local/lib/python3.12/site-packages/airflow/example_dags/example_params_trigger_ui.py took 0.117 seconds
[2025-06-26T23:03:49.553+0000] {processor.py:186} INFO - Started process (PID=983) to work on /home/airflow/.local/lib/python3.12/site-packages/airflow/example_dags/example_params_trigger_ui.py
[2025-06-26T23:03:49.563+0000] {processor.py:914} INFO - Processing file /home/airflow/.local/lib/python3.12/site-packages/airflow/example_dags/example_params_trigger_ui.py for tasks to queue
[2025-06-26T23:03:49.571+0000] {logging_mixin.py:190} INFO - [2025-06-26T23:03:49.568+0000] {dagbag.py:588} INFO - Filling up the DagBag from /home/airflow/.local/lib/python3.12/site-packages/airflow/example_dags/example_params_trigger_ui.py
[2025-06-26T23:03:49.608+0000] {processor.py:925} INFO - DAG(s) 'example_params_trigger_ui' retrieved from /home/airflow/.local/lib/python3.12/site-packages/airflow/example_dags/example_params_trigger_ui.py
[2025-06-26T23:03:49.686+0000] {logging_mixin.py:190} INFO - [2025-06-26T23:03:49.686+0000] {dag.py:3239} INFO - Sync 1 DAGs
[2025-06-26T23:03:49.698+0000] {logging_mixin.py:190} INFO - [2025-06-26T23:03:49.698+0000] {dag.py:4180} INFO - Setting next_dagrun for example_params_trigger_ui to None, run_after=None
[2025-06-26T23:03:49.709+0000] {processor.py:208} INFO - Processing /home/airflow/.local/lib/python3.12/site-packages/airflow/example_dags/example_params_trigger_ui.py took 0.187 seconds
[2025-06-26T23:04:33.763+0000] {processor.py:186} INFO - Started process (PID=1001) to work on /home/airflow/.local/lib/python3.12/site-packages/airflow/example_dags/example_params_trigger_ui.py
[2025-06-26T23:04:33.764+0000] {processor.py:914} INFO - Processing file /home/airflow/.local/lib/python3.12/site-packages/airflow/example_dags/example_params_trigger_ui.py for tasks to queue
[2025-06-26T23:04:33.767+0000] {logging_mixin.py:190} INFO - [2025-06-26T23:04:33.767+0000] {dagbag.py:588} INFO - Filling up the DagBag from /home/airflow/.local/lib/python3.12/site-packages/airflow/example_dags/example_params_trigger_ui.py
[2025-06-26T23:04:33.777+0000] {processor.py:925} INFO - DAG(s) 'example_params_trigger_ui' retrieved from /home/airflow/.local/lib/python3.12/site-packages/airflow/example_dags/example_params_trigger_ui.py
[2025-06-26T23:04:33.804+0000] {logging_mixin.py:190} INFO - [2025-06-26T23:04:33.804+0000] {dag.py:3239} INFO - Sync 1 DAGs
[2025-06-26T23:04:33.816+0000] {logging_mixin.py:190} INFO - [2025-06-26T23:04:33.815+0000] {dag.py:4180} INFO - Setting next_dagrun for example_params_trigger_ui to None, run_after=None
[2025-06-26T23:04:33.833+0000] {processor.py:208} INFO - Processing /home/airflow/.local/lib/python3.12/site-packages/airflow/example_dags/example_params_trigger_ui.py took 0.074 seconds
[2025-06-26T23:05:10.058+0000] {processor.py:186} INFO - Started process (PID=1060) to work on /home/airflow/.local/lib/python3.12/site-packages/airflow/example_dags/example_params_trigger_ui.py
[2025-06-26T23:05:10.059+0000] {processor.py:914} INFO - Processing file /home/airflow/.local/lib/python3.12/site-packages/airflow/example_dags/example_params_trigger_ui.py for tasks to queue
[2025-06-26T23:05:10.060+0000] {logging_mixin.py:190} INFO - [2025-06-26T23:05:10.060+0000] {dagbag.py:588} INFO - Filling up the DagBag from /home/airflow/.local/lib/python3.12/site-packages/airflow/example_dags/example_params_trigger_ui.py
[2025-06-26T23:05:10.070+0000] {processor.py:925} INFO - DAG(s) 'example_params_trigger_ui' retrieved from /home/airflow/.local/lib/python3.12/site-packages/airflow/example_dags/example_params_trigger_ui.py
[2025-06-26T23:05:10.109+0000] {logging_mixin.py:190} INFO - [2025-06-26T23:05:10.109+0000] {dag.py:3239} INFO - Sync 1 DAGs
[2025-06-26T23:05:10.126+0000] {logging_mixin.py:190} INFO - [2025-06-26T23:05:10.126+0000] {dag.py:4180} INFO - Setting next_dagrun for example_params_trigger_ui to None, run_after=None
[2025-06-26T23:05:10.148+0000] {processor.py:208} INFO - Processing /home/airflow/.local/lib/python3.12/site-packages/airflow/example_dags/example_params_trigger_ui.py took 0.100 seconds
[2025-06-26T23:05:41.231+0000] {processor.py:186} INFO - Started process (PID=1122) to work on /home/airflow/.local/lib/python3.12/site-packages/airflow/example_dags/example_params_trigger_ui.py
[2025-06-26T23:05:41.232+0000] {processor.py:914} INFO - Processing file /home/airflow/.local/lib/python3.12/site-packages/airflow/example_dags/example_params_trigger_ui.py for tasks to queue
[2025-06-26T23:05:41.233+0000] {logging_mixin.py:190} INFO - [2025-06-26T23:05:41.233+0000] {dagbag.py:588} INFO - Filling up the DagBag from /home/airflow/.local/lib/python3.12/site-packages/airflow/example_dags/example_params_trigger_ui.py
[2025-06-26T23:05:41.242+0000] {processor.py:925} INFO - DAG(s) 'example_params_trigger_ui' retrieved from /home/airflow/.local/lib/python3.12/site-packages/airflow/example_dags/example_params_trigger_ui.py
[2025-06-26T23:05:41.264+0000] {logging_mixin.py:190} INFO - [2025-06-26T23:05:41.264+0000] {dag.py:3239} INFO - Sync 1 DAGs
[2025-06-26T23:05:41.280+0000] {logging_mixin.py:190} INFO - [2025-06-26T23:05:41.279+0000] {dag.py:4180} INFO - Setting next_dagrun for example_params_trigger_ui to None, run_after=None
[2025-06-26T23:05:41.292+0000] {processor.py:208} INFO - Processing /home/airflow/.local/lib/python3.12/site-packages/airflow/example_dags/example_params_trigger_ui.py took 0.065 seconds
[2025-06-26T23:06:11.548+0000] {processor.py:186} INFO - Started process (PID=1183) to work on /home/airflow/.local/lib/python3.12/site-packages/airflow/example_dags/example_params_trigger_ui.py
[2025-06-26T23:06:11.549+0000] {processor.py:914} INFO - Processing file /home/airflow/.local/lib/python3.12/site-packages/airflow/example_dags/example_params_trigger_ui.py for tasks to queue
[2025-06-26T23:06:11.551+0000] {logging_mixin.py:190} INFO - [2025-06-26T23:06:11.550+0000] {dagbag.py:588} INFO - Filling up the DagBag from /home/airflow/.local/lib/python3.12/site-packages/airflow/example_dags/example_params_trigger_ui.py
[2025-06-26T23:06:11.565+0000] {processor.py:925} INFO - DAG(s) 'example_params_trigger_ui' retrieved from /home/airflow/.local/lib/python3.12/site-packages/airflow/example_dags/example_params_trigger_ui.py
[2025-06-26T23:06:11.603+0000] {logging_mixin.py:190} INFO - [2025-06-26T23:06:11.602+0000] {dag.py:3239} INFO - Sync 1 DAGs
[2025-06-26T23:06:11.613+0000] {logging_mixin.py:190} INFO - [2025-06-26T23:06:11.613+0000] {dag.py:4180} INFO - Setting next_dagrun for example_params_trigger_ui to None, run_after=None
[2025-06-26T23:06:11.626+0000] {processor.py:208} INFO - Processing /home/airflow/.local/lib/python3.12/site-packages/airflow/example_dags/example_params_trigger_ui.py took 0.083 seconds
[2025-06-26T23:06:44.173+0000] {processor.py:186} INFO - Started process (PID=1245) to work on /home/airflow/.local/lib/python3.12/site-packages/airflow/example_dags/example_params_trigger_ui.py
[2025-06-26T23:06:44.173+0000] {processor.py:914} INFO - Processing file /home/airflow/.local/lib/python3.12/site-packages/airflow/example_dags/example_params_trigger_ui.py for tasks to queue
[2025-06-26T23:06:44.175+0000] {logging_mixin.py:190} INFO - [2025-06-26T23:06:44.175+0000] {dagbag.py:588} INFO - Filling up the DagBag from /home/airflow/.local/lib/python3.12/site-packages/airflow/example_dags/example_params_trigger_ui.py
[2025-06-26T23:06:44.186+0000] {processor.py:925} INFO - DAG(s) 'example_params_trigger_ui' retrieved from /home/airflow/.local/lib/python3.12/site-packages/airflow/example_dags/example_params_trigger_ui.py
[2025-06-26T23:06:44.212+0000] {logging_mixin.py:190} INFO - [2025-06-26T23:06:44.212+0000] {dag.py:3239} INFO - Sync 1 DAGs
[2025-06-26T23:06:44.220+0000] {logging_mixin.py:190} INFO - [2025-06-26T23:06:44.220+0000] {dag.py:4180} INFO - Setting next_dagrun for example_params_trigger_ui to None, run_after=None
[2025-06-26T23:06:44.231+0000] {processor.py:208} INFO - Processing /home/airflow/.local/lib/python3.12/site-packages/airflow/example_dags/example_params_trigger_ui.py took 0.062 seconds
[2025-06-26T23:07:14.996+0000] {processor.py:186} INFO - Started process (PID=1307) to work on /home/airflow/.local/lib/python3.12/site-packages/airflow/example_dags/example_params_trigger_ui.py
[2025-06-26T23:07:14.999+0000] {processor.py:914} INFO - Processing file /home/airflow/.local/lib/python3.12/site-packages/airflow/example_dags/example_params_trigger_ui.py for tasks to queue
[2025-06-26T23:07:15.006+0000] {logging_mixin.py:190} INFO - [2025-06-26T23:07:15.005+0000] {dagbag.py:588} INFO - Filling up the DagBag from /home/airflow/.local/lib/python3.12/site-packages/airflow/example_dags/example_params_trigger_ui.py
[2025-06-26T23:07:15.030+0000] {processor.py:925} INFO - DAG(s) 'example_params_trigger_ui' retrieved from /home/airflow/.local/lib/python3.12/site-packages/airflow/example_dags/example_params_trigger_ui.py
[2025-06-26T23:07:15.121+0000] {logging_mixin.py:190} INFO - [2025-06-26T23:07:15.120+0000] {dag.py:3239} INFO - Sync 1 DAGs
[2025-06-26T23:07:15.155+0000] {logging_mixin.py:190} INFO - [2025-06-26T23:07:15.155+0000] {dag.py:4180} INFO - Setting next_dagrun for example_params_trigger_ui to None, run_after=None
[2025-06-26T23:07:15.251+0000] {processor.py:208} INFO - Processing /home/airflow/.local/lib/python3.12/site-packages/airflow/example_dags/example_params_trigger_ui.py took 0.272 seconds
