[2025-06-26T22:55:32.697+0000] {processor.py:186} INFO - Started process (PID=77) to work on /home/airflow/.local/lib/python3.12/site-packages/airflow/example_dags/example_dag_decorator.py
[2025-06-26T22:55:32.699+0000] {processor.py:914} INFO - Processing file /home/airflow/.local/lib/python3.12/site-packages/airflow/example_dags/example_dag_decorator.py for tasks to queue
[2025-06-26T22:55:32.701+0000] {logging_mixin.py:190} INFO - [2025-06-26T22:55:32.701+0000] {dagbag.py:588} INFO - Filling up the DagBag from /home/airflow/.local/lib/python3.12/site-packages/airflow/example_dags/example_dag_decorator.py
[2025-06-26T22:55:32.718+0000] {processor.py:925} INFO - DAG(s) 'example_dag_decorator' retrieved from /home/airflow/.local/lib/python3.12/site-packages/airflow/example_dags/example_dag_decorator.py
[2025-06-26T22:55:32.922+0000] {logging_mixin.py:190} INFO - [2025-06-26T22:55:32.921+0000] {override.py:1900} INFO - Created Permission View: can read on DAG:example_dag_decorator
[2025-06-26T22:55:32.928+0000] {logging_mixin.py:190} INFO - [2025-06-26T22:55:32.928+0000] {override.py:1900} INFO - Created Permission View: can delete on DAG:example_dag_decorator
[2025-06-26T22:55:32.937+0000] {logging_mixin.py:190} INFO - [2025-06-26T22:55:32.936+0000] {override.py:1900} INFO - Created Permission View: can edit on DAG:example_dag_decorator
[2025-06-26T22:55:32.945+0000] {logging_mixin.py:190} INFO - [2025-06-26T22:55:32.945+0000] {override.py:1900} INFO - Created Permission View: can read on DAG Run:example_dag_decorator
[2025-06-26T22:55:32.948+0000] {logging_mixin.py:190} INFO - [2025-06-26T22:55:32.948+0000] {override.py:1900} INFO - Created Permission View: menu access on DAG Run:example_dag_decorator
[2025-06-26T22:55:32.953+0000] {logging_mixin.py:190} INFO - [2025-06-26T22:55:32.953+0000] {override.py:1900} INFO - Created Permission View: can delete on DAG Run:example_dag_decorator
[2025-06-26T22:55:32.957+0000] {logging_mixin.py:190} INFO - [2025-06-26T22:55:32.957+0000] {override.py:1900} INFO - Created Permission View: can create on DAG Run:example_dag_decorator
[2025-06-26T22:55:32.957+0000] {logging_mixin.py:190} INFO - [2025-06-26T22:55:32.957+0000] {dag.py:3239} INFO - Sync 1 DAGs
[2025-06-26T22:55:32.969+0000] {logging_mixin.py:190} INFO - [2025-06-26T22:55:32.969+0000] {dag.py:3262} INFO - Creating ORM DAG for example_dag_decorator
[2025-06-26T22:55:32.969+0000] {logging_mixin.py:190} INFO - [2025-06-26T22:55:32.969+0000] {dag.py:4180} INFO - Setting next_dagrun for example_dag_decorator to None, run_after=None
[2025-06-26T22:55:32.981+0000] {processor.py:208} INFO - Processing /home/airflow/.local/lib/python3.12/site-packages/airflow/example_dags/example_dag_decorator.py took 0.291 seconds
[2025-06-26T22:56:03.688+0000] {processor.py:186} INFO - Started process (PID=139) to work on /home/airflow/.local/lib/python3.12/site-packages/airflow/example_dags/example_dag_decorator.py
[2025-06-26T22:56:03.692+0000] {processor.py:914} INFO - Processing file /home/airflow/.local/lib/python3.12/site-packages/airflow/example_dags/example_dag_decorator.py for tasks to queue
[2025-06-26T22:56:03.697+0000] {logging_mixin.py:190} INFO - [2025-06-26T22:56:03.697+0000] {dagbag.py:588} INFO - Filling up the DagBag from /home/airflow/.local/lib/python3.12/site-packages/airflow/example_dags/example_dag_decorator.py
[2025-06-26T22:56:03.752+0000] {processor.py:925} INFO - DAG(s) 'example_dag_decorator' retrieved from /home/airflow/.local/lib/python3.12/site-packages/airflow/example_dags/example_dag_decorator.py
[2025-06-26T22:56:03.914+0000] {logging_mixin.py:190} INFO - [2025-06-26T22:56:03.911+0000] {dag.py:3239} INFO - Sync 1 DAGs
[2025-06-26T22:56:04.002+0000] {logging_mixin.py:190} INFO - [2025-06-26T22:56:04.002+0000] {dag.py:4180} INFO - Setting next_dagrun for example_dag_decorator to None, run_after=None
[2025-06-26T22:56:04.038+0000] {processor.py:208} INFO - Processing /home/airflow/.local/lib/python3.12/site-packages/airflow/example_dags/example_dag_decorator.py took 0.379 seconds
[2025-06-26T22:56:34.798+0000] {processor.py:186} INFO - Started process (PID=201) to work on /home/airflow/.local/lib/python3.12/site-packages/airflow/example_dags/example_dag_decorator.py
[2025-06-26T22:56:34.809+0000] {processor.py:914} INFO - Processing file /home/airflow/.local/lib/python3.12/site-packages/airflow/example_dags/example_dag_decorator.py for tasks to queue
[2025-06-26T22:56:34.824+0000] {logging_mixin.py:190} INFO - [2025-06-26T22:56:34.823+0000] {dagbag.py:588} INFO - Filling up the DagBag from /home/airflow/.local/lib/python3.12/site-packages/airflow/example_dags/example_dag_decorator.py
[2025-06-26T22:56:34.857+0000] {processor.py:925} INFO - DAG(s) 'example_dag_decorator' retrieved from /home/airflow/.local/lib/python3.12/site-packages/airflow/example_dags/example_dag_decorator.py
[2025-06-26T22:56:35.101+0000] {logging_mixin.py:190} INFO - [2025-06-26T22:56:35.101+0000] {dag.py:3239} INFO - Sync 1 DAGs
[2025-06-26T22:56:35.114+0000] {logging_mixin.py:190} INFO - [2025-06-26T22:56:35.114+0000] {dag.py:4180} INFO - Setting next_dagrun for example_dag_decorator to None, run_after=None
[2025-06-26T22:56:35.163+0000] {processor.py:208} INFO - Processing /home/airflow/.local/lib/python3.12/site-packages/airflow/example_dags/example_dag_decorator.py took 0.402 seconds
[2025-06-26T22:57:06.463+0000] {processor.py:186} INFO - Started process (PID=263) to work on /home/airflow/.local/lib/python3.12/site-packages/airflow/example_dags/example_dag_decorator.py
[2025-06-26T22:57:06.467+0000] {processor.py:914} INFO - Processing file /home/airflow/.local/lib/python3.12/site-packages/airflow/example_dags/example_dag_decorator.py for tasks to queue
[2025-06-26T22:57:06.488+0000] {logging_mixin.py:190} INFO - [2025-06-26T22:57:06.486+0000] {dagbag.py:588} INFO - Filling up the DagBag from /home/airflow/.local/lib/python3.12/site-packages/airflow/example_dags/example_dag_decorator.py
[2025-06-26T22:57:06.566+0000] {processor.py:925} INFO - DAG(s) 'example_dag_decorator' retrieved from /home/airflow/.local/lib/python3.12/site-packages/airflow/example_dags/example_dag_decorator.py
[2025-06-26T22:57:08.648+0000] {logging_mixin.py:190} INFO - [2025-06-26T22:57:08.638+0000] {dag.py:3239} INFO - Sync 1 DAGs
[2025-06-26T22:57:08.724+0000] {logging_mixin.py:190} INFO - [2025-06-26T22:57:08.723+0000] {dag.py:4180} INFO - Setting next_dagrun for example_dag_decorator to None, run_after=None
[2025-06-26T22:57:08.868+0000] {processor.py:208} INFO - Processing /home/airflow/.local/lib/python3.12/site-packages/airflow/example_dags/example_dag_decorator.py took 2.435 seconds
[2025-06-26T22:57:39.494+0000] {processor.py:186} INFO - Started process (PID=331) to work on /home/airflow/.local/lib/python3.12/site-packages/airflow/example_dags/example_dag_decorator.py
[2025-06-26T22:57:39.500+0000] {processor.py:914} INFO - Processing file /home/airflow/.local/lib/python3.12/site-packages/airflow/example_dags/example_dag_decorator.py for tasks to queue
[2025-06-26T22:57:39.512+0000] {logging_mixin.py:190} INFO - [2025-06-26T22:57:39.507+0000] {dagbag.py:588} INFO - Filling up the DagBag from /home/airflow/.local/lib/python3.12/site-packages/airflow/example_dags/example_dag_decorator.py
[2025-06-26T22:57:39.582+0000] {processor.py:925} INFO - DAG(s) 'example_dag_decorator' retrieved from /home/airflow/.local/lib/python3.12/site-packages/airflow/example_dags/example_dag_decorator.py
[2025-06-26T22:57:41.739+0000] {logging_mixin.py:190} INFO - [2025-06-26T22:57:41.687+0000] {dag.py:3239} INFO - Sync 1 DAGs
[2025-06-26T22:57:42.107+0000] {logging_mixin.py:190} INFO - [2025-06-26T22:57:42.078+0000] {dag.py:4180} INFO - Setting next_dagrun for example_dag_decorator to None, run_after=None
[2025-06-26T22:57:43.489+0000] {processor.py:208} INFO - Processing /home/airflow/.local/lib/python3.12/site-packages/airflow/example_dags/example_dag_decorator.py took 3.997 seconds
[2025-06-26T22:58:26.737+0000] {processor.py:186} INFO - Started process (PID=385) to work on /home/airflow/.local/lib/python3.12/site-packages/airflow/example_dags/example_dag_decorator.py
[2025-06-26T22:58:26.741+0000] {processor.py:914} INFO - Processing file /home/airflow/.local/lib/python3.12/site-packages/airflow/example_dags/example_dag_decorator.py for tasks to queue
[2025-06-26T22:58:26.746+0000] {logging_mixin.py:190} INFO - [2025-06-26T22:58:26.745+0000] {dagbag.py:588} INFO - Filling up the DagBag from /home/airflow/.local/lib/python3.12/site-packages/airflow/example_dags/example_dag_decorator.py
[2025-06-26T22:58:26.795+0000] {processor.py:925} INFO - DAG(s) 'example_dag_decorator' retrieved from /home/airflow/.local/lib/python3.12/site-packages/airflow/example_dags/example_dag_decorator.py
[2025-06-26T22:58:27.388+0000] {logging_mixin.py:190} INFO - [2025-06-26T22:58:27.384+0000] {dag.py:3239} INFO - Sync 1 DAGs
[2025-06-26T22:58:27.426+0000] {logging_mixin.py:190} INFO - [2025-06-26T22:58:27.425+0000] {dag.py:4180} INFO - Setting next_dagrun for example_dag_decorator to None, run_after=None
[2025-06-26T22:58:27.489+0000] {processor.py:208} INFO - Processing /home/airflow/.local/lib/python3.12/site-packages/airflow/example_dags/example_dag_decorator.py took 0.760 seconds
[2025-06-26T22:59:01.442+0000] {processor.py:186} INFO - Started process (PID=430) to work on /home/airflow/.local/lib/python3.12/site-packages/airflow/example_dags/example_dag_decorator.py
[2025-06-26T22:59:01.448+0000] {processor.py:914} INFO - Processing file /home/airflow/.local/lib/python3.12/site-packages/airflow/example_dags/example_dag_decorator.py for tasks to queue
[2025-06-26T22:59:01.453+0000] {logging_mixin.py:190} INFO - [2025-06-26T22:59:01.452+0000] {dagbag.py:588} INFO - Filling up the DagBag from /home/airflow/.local/lib/python3.12/site-packages/airflow/example_dags/example_dag_decorator.py
[2025-06-26T22:59:01.484+0000] {processor.py:925} INFO - DAG(s) 'example_dag_decorator' retrieved from /home/airflow/.local/lib/python3.12/site-packages/airflow/example_dags/example_dag_decorator.py
[2025-06-26T22:59:02.074+0000] {logging_mixin.py:190} INFO - [2025-06-26T22:59:02.071+0000] {dag.py:3239} INFO - Sync 1 DAGs
[2025-06-26T22:59:02.133+0000] {logging_mixin.py:190} INFO - [2025-06-26T22:59:02.132+0000] {dag.py:4180} INFO - Setting next_dagrun for example_dag_decorator to None, run_after=None
[2025-06-26T22:59:02.184+0000] {processor.py:208} INFO - Processing /home/airflow/.local/lib/python3.12/site-packages/airflow/example_dags/example_dag_decorator.py took 0.774 seconds
[2025-06-26T22:59:40.525+0000] {processor.py:186} INFO - Started process (PID=493) to work on /home/airflow/.local/lib/python3.12/site-packages/airflow/example_dags/example_dag_decorator.py
[2025-06-26T22:59:40.527+0000] {processor.py:914} INFO - Processing file /home/airflow/.local/lib/python3.12/site-packages/airflow/example_dags/example_dag_decorator.py for tasks to queue
[2025-06-26T22:59:40.529+0000] {logging_mixin.py:190} INFO - [2025-06-26T22:59:40.529+0000] {dagbag.py:588} INFO - Filling up the DagBag from /home/airflow/.local/lib/python3.12/site-packages/airflow/example_dags/example_dag_decorator.py
[2025-06-26T22:59:40.548+0000] {processor.py:925} INFO - DAG(s) 'example_dag_decorator' retrieved from /home/airflow/.local/lib/python3.12/site-packages/airflow/example_dags/example_dag_decorator.py
[2025-06-26T22:59:40.847+0000] {logging_mixin.py:190} INFO - [2025-06-26T22:59:40.847+0000] {dag.py:3239} INFO - Sync 1 DAGs
[2025-06-26T22:59:40.869+0000] {logging_mixin.py:190} INFO - [2025-06-26T22:59:40.869+0000] {dag.py:4180} INFO - Setting next_dagrun for example_dag_decorator to None, run_after=None
[2025-06-26T22:59:40.887+0000] {processor.py:208} INFO - Processing /home/airflow/.local/lib/python3.12/site-packages/airflow/example_dags/example_dag_decorator.py took 0.370 seconds
[2025-06-26T23:00:11.331+0000] {processor.py:186} INFO - Started process (PID=556) to work on /home/airflow/.local/lib/python3.12/site-packages/airflow/example_dags/example_dag_decorator.py
[2025-06-26T23:00:11.333+0000] {processor.py:914} INFO - Processing file /home/airflow/.local/lib/python3.12/site-packages/airflow/example_dags/example_dag_decorator.py for tasks to queue
[2025-06-26T23:00:11.334+0000] {logging_mixin.py:190} INFO - [2025-06-26T23:00:11.334+0000] {dagbag.py:588} INFO - Filling up the DagBag from /home/airflow/.local/lib/python3.12/site-packages/airflow/example_dags/example_dag_decorator.py
[2025-06-26T23:00:11.350+0000] {processor.py:925} INFO - DAG(s) 'example_dag_decorator' retrieved from /home/airflow/.local/lib/python3.12/site-packages/airflow/example_dags/example_dag_decorator.py
[2025-06-26T23:00:11.569+0000] {logging_mixin.py:190} INFO - [2025-06-26T23:00:11.569+0000] {dag.py:3239} INFO - Sync 1 DAGs
[2025-06-26T23:00:11.583+0000] {logging_mixin.py:190} INFO - [2025-06-26T23:00:11.583+0000] {dag.py:4180} INFO - Setting next_dagrun for example_dag_decorator to None, run_after=None
[2025-06-26T23:00:11.622+0000] {processor.py:208} INFO - Processing /home/airflow/.local/lib/python3.12/site-packages/airflow/example_dags/example_dag_decorator.py took 0.299 seconds
[2025-06-26T23:00:44.515+0000] {processor.py:186} INFO - Started process (PID=621) to work on /home/airflow/.local/lib/python3.12/site-packages/airflow/example_dags/example_dag_decorator.py
[2025-06-26T23:00:44.521+0000] {processor.py:914} INFO - Processing file /home/airflow/.local/lib/python3.12/site-packages/airflow/example_dags/example_dag_decorator.py for tasks to queue
[2025-06-26T23:00:44.525+0000] {logging_mixin.py:190} INFO - [2025-06-26T23:00:44.525+0000] {dagbag.py:588} INFO - Filling up the DagBag from /home/airflow/.local/lib/python3.12/site-packages/airflow/example_dags/example_dag_decorator.py
[2025-06-26T23:00:44.545+0000] {processor.py:925} INFO - DAG(s) 'example_dag_decorator' retrieved from /home/airflow/.local/lib/python3.12/site-packages/airflow/example_dags/example_dag_decorator.py
[2025-06-26T23:00:44.745+0000] {logging_mixin.py:190} INFO - [2025-06-26T23:00:44.745+0000] {dag.py:3239} INFO - Sync 1 DAGs
[2025-06-26T23:00:44.752+0000] {logging_mixin.py:190} INFO - [2025-06-26T23:00:44.752+0000] {dag.py:4180} INFO - Setting next_dagrun for example_dag_decorator to None, run_after=None
[2025-06-26T23:00:44.772+0000] {processor.py:208} INFO - Processing /home/airflow/.local/lib/python3.12/site-packages/airflow/example_dags/example_dag_decorator.py took 0.267 seconds
[2025-06-26T23:01:17.042+0000] {processor.py:186} INFO - Started process (PID=683) to work on /home/airflow/.local/lib/python3.12/site-packages/airflow/example_dags/example_dag_decorator.py
[2025-06-26T23:01:17.045+0000] {processor.py:914} INFO - Processing file /home/airflow/.local/lib/python3.12/site-packages/airflow/example_dags/example_dag_decorator.py for tasks to queue
[2025-06-26T23:01:17.047+0000] {logging_mixin.py:190} INFO - [2025-06-26T23:01:17.047+0000] {dagbag.py:588} INFO - Filling up the DagBag from /home/airflow/.local/lib/python3.12/site-packages/airflow/example_dags/example_dag_decorator.py
[2025-06-26T23:01:17.056+0000] {processor.py:925} INFO - DAG(s) 'example_dag_decorator' retrieved from /home/airflow/.local/lib/python3.12/site-packages/airflow/example_dags/example_dag_decorator.py
[2025-06-26T23:01:17.231+0000] {logging_mixin.py:190} INFO - [2025-06-26T23:01:17.230+0000] {dag.py:3239} INFO - Sync 1 DAGs
[2025-06-26T23:01:17.241+0000] {logging_mixin.py:190} INFO - [2025-06-26T23:01:17.240+0000] {dag.py:4180} INFO - Setting next_dagrun for example_dag_decorator to None, run_after=None
[2025-06-26T23:01:17.256+0000] {processor.py:208} INFO - Processing /home/airflow/.local/lib/python3.12/site-packages/airflow/example_dags/example_dag_decorator.py took 0.218 seconds
[2025-06-26T23:01:47.415+0000] {processor.py:186} INFO - Started process (PID=745) to work on /home/airflow/.local/lib/python3.12/site-packages/airflow/example_dags/example_dag_decorator.py
[2025-06-26T23:01:47.418+0000] {processor.py:914} INFO - Processing file /home/airflow/.local/lib/python3.12/site-packages/airflow/example_dags/example_dag_decorator.py for tasks to queue
[2025-06-26T23:01:47.424+0000] {logging_mixin.py:190} INFO - [2025-06-26T23:01:47.423+0000] {dagbag.py:588} INFO - Filling up the DagBag from /home/airflow/.local/lib/python3.12/site-packages/airflow/example_dags/example_dag_decorator.py
[2025-06-26T23:01:47.447+0000] {processor.py:925} INFO - DAG(s) 'example_dag_decorator' retrieved from /home/airflow/.local/lib/python3.12/site-packages/airflow/example_dags/example_dag_decorator.py
[2025-06-26T23:01:47.706+0000] {logging_mixin.py:190} INFO - [2025-06-26T23:01:47.700+0000] {dag.py:3239} INFO - Sync 1 DAGs
[2025-06-26T23:01:47.791+0000] {logging_mixin.py:190} INFO - [2025-06-26T23:01:47.789+0000] {dag.py:4180} INFO - Setting next_dagrun for example_dag_decorator to None, run_after=None
[2025-06-26T23:01:47.832+0000] {processor.py:208} INFO - Processing /home/airflow/.local/lib/python3.12/site-packages/airflow/example_dags/example_dag_decorator.py took 0.433 seconds
[2025-06-26T23:02:19.140+0000] {processor.py:186} INFO - Started process (PID=807) to work on /home/airflow/.local/lib/python3.12/site-packages/airflow/example_dags/example_dag_decorator.py
[2025-06-26T23:02:19.143+0000] {processor.py:914} INFO - Processing file /home/airflow/.local/lib/python3.12/site-packages/airflow/example_dags/example_dag_decorator.py for tasks to queue
[2025-06-26T23:02:19.148+0000] {logging_mixin.py:190} INFO - [2025-06-26T23:02:19.148+0000] {dagbag.py:588} INFO - Filling up the DagBag from /home/airflow/.local/lib/python3.12/site-packages/airflow/example_dags/example_dag_decorator.py
[2025-06-26T23:02:19.171+0000] {processor.py:925} INFO - DAG(s) 'example_dag_decorator' retrieved from /home/airflow/.local/lib/python3.12/site-packages/airflow/example_dags/example_dag_decorator.py
[2025-06-26T23:02:19.379+0000] {logging_mixin.py:190} INFO - [2025-06-26T23:02:19.379+0000] {dag.py:3239} INFO - Sync 1 DAGs
[2025-06-26T23:02:19.402+0000] {logging_mixin.py:190} INFO - [2025-06-26T23:02:19.402+0000] {dag.py:4180} INFO - Setting next_dagrun for example_dag_decorator to None, run_after=None
[2025-06-26T23:02:19.425+0000] {processor.py:208} INFO - Processing /home/airflow/.local/lib/python3.12/site-packages/airflow/example_dags/example_dag_decorator.py took 0.290 seconds
[2025-06-26T23:02:55.176+0000] {processor.py:186} INFO - Started process (PID=873) to work on /home/airflow/.local/lib/python3.12/site-packages/airflow/example_dags/example_dag_decorator.py
[2025-06-26T23:02:55.177+0000] {processor.py:914} INFO - Processing file /home/airflow/.local/lib/python3.12/site-packages/airflow/example_dags/example_dag_decorator.py for tasks to queue
[2025-06-26T23:02:55.179+0000] {logging_mixin.py:190} INFO - [2025-06-26T23:02:55.179+0000] {dagbag.py:588} INFO - Filling up the DagBag from /home/airflow/.local/lib/python3.12/site-packages/airflow/example_dags/example_dag_decorator.py
[2025-06-26T23:02:55.193+0000] {processor.py:925} INFO - DAG(s) 'example_dag_decorator' retrieved from /home/airflow/.local/lib/python3.12/site-packages/airflow/example_dags/example_dag_decorator.py
[2025-06-26T23:02:55.442+0000] {logging_mixin.py:190} INFO - [2025-06-26T23:02:55.442+0000] {dag.py:3239} INFO - Sync 1 DAGs
[2025-06-26T23:02:55.451+0000] {logging_mixin.py:190} INFO - [2025-06-26T23:02:55.451+0000] {dag.py:4180} INFO - Setting next_dagrun for example_dag_decorator to None, run_after=None
[2025-06-26T23:02:55.465+0000] {processor.py:208} INFO - Processing /home/airflow/.local/lib/python3.12/site-packages/airflow/example_dags/example_dag_decorator.py took 0.295 seconds
[2025-06-26T23:03:41.423+0000] {processor.py:186} INFO - Started process (PID=932) to work on /home/airflow/.local/lib/python3.12/site-packages/airflow/example_dags/example_dag_decorator.py
[2025-06-26T23:03:41.425+0000] {processor.py:914} INFO - Processing file /home/airflow/.local/lib/python3.12/site-packages/airflow/example_dags/example_dag_decorator.py for tasks to queue
[2025-06-26T23:03:41.430+0000] {logging_mixin.py:190} INFO - [2025-06-26T23:03:41.429+0000] {dagbag.py:588} INFO - Filling up the DagBag from /home/airflow/.local/lib/python3.12/site-packages/airflow/example_dags/example_dag_decorator.py
[2025-06-26T23:03:41.449+0000] {processor.py:925} INFO - DAG(s) 'example_dag_decorator' retrieved from /home/airflow/.local/lib/python3.12/site-packages/airflow/example_dags/example_dag_decorator.py
[2025-06-26T23:03:41.653+0000] {logging_mixin.py:190} INFO - [2025-06-26T23:03:41.652+0000] {dag.py:3239} INFO - Sync 1 DAGs
[2025-06-26T23:03:41.670+0000] {logging_mixin.py:190} INFO - [2025-06-26T23:03:41.669+0000] {dag.py:4180} INFO - Setting next_dagrun for example_dag_decorator to None, run_after=None
[2025-06-26T23:03:41.695+0000] {processor.py:208} INFO - Processing /home/airflow/.local/lib/python3.12/site-packages/airflow/example_dags/example_dag_decorator.py took 0.289 seconds
[2025-06-26T23:04:34.137+0000] {processor.py:186} INFO - Started process (PID=1005) to work on /home/airflow/.local/lib/python3.12/site-packages/airflow/example_dags/example_dag_decorator.py
[2025-06-26T23:04:34.140+0000] {processor.py:914} INFO - Processing file /home/airflow/.local/lib/python3.12/site-packages/airflow/example_dags/example_dag_decorator.py for tasks to queue
[2025-06-26T23:04:34.142+0000] {logging_mixin.py:190} INFO - [2025-06-26T23:04:34.141+0000] {dagbag.py:588} INFO - Filling up the DagBag from /home/airflow/.local/lib/python3.12/site-packages/airflow/example_dags/example_dag_decorator.py
[2025-06-26T23:04:34.153+0000] {processor.py:925} INFO - DAG(s) 'example_dag_decorator' retrieved from /home/airflow/.local/lib/python3.12/site-packages/airflow/example_dags/example_dag_decorator.py
[2025-06-26T23:04:34.343+0000] {logging_mixin.py:190} INFO - [2025-06-26T23:04:34.343+0000] {dag.py:3239} INFO - Sync 1 DAGs
[2025-06-26T23:04:34.357+0000] {logging_mixin.py:190} INFO - [2025-06-26T23:04:34.357+0000] {dag.py:4180} INFO - Setting next_dagrun for example_dag_decorator to None, run_after=None
[2025-06-26T23:04:34.373+0000] {processor.py:208} INFO - Processing /home/airflow/.local/lib/python3.12/site-packages/airflow/example_dags/example_dag_decorator.py took 0.242 seconds
[2025-06-26T23:05:10.697+0000] {processor.py:186} INFO - Started process (PID=1066) to work on /home/airflow/.local/lib/python3.12/site-packages/airflow/example_dags/example_dag_decorator.py
[2025-06-26T23:05:10.698+0000] {processor.py:914} INFO - Processing file /home/airflow/.local/lib/python3.12/site-packages/airflow/example_dags/example_dag_decorator.py for tasks to queue
[2025-06-26T23:05:10.700+0000] {logging_mixin.py:190} INFO - [2025-06-26T23:05:10.699+0000] {dagbag.py:588} INFO - Filling up the DagBag from /home/airflow/.local/lib/python3.12/site-packages/airflow/example_dags/example_dag_decorator.py
[2025-06-26T23:05:10.711+0000] {processor.py:925} INFO - DAG(s) 'example_dag_decorator' retrieved from /home/airflow/.local/lib/python3.12/site-packages/airflow/example_dags/example_dag_decorator.py
[2025-06-26T23:05:10.742+0000] {logging_mixin.py:190} INFO - [2025-06-26T23:05:10.741+0000] {dag.py:3239} INFO - Sync 1 DAGs
[2025-06-26T23:05:10.755+0000] {logging_mixin.py:190} INFO - [2025-06-26T23:05:10.754+0000] {dag.py:4180} INFO - Setting next_dagrun for example_dag_decorator to None, run_after=None
[2025-06-26T23:05:10.767+0000] {processor.py:208} INFO - Processing /home/airflow/.local/lib/python3.12/site-packages/airflow/example_dags/example_dag_decorator.py took 0.077 seconds
[2025-06-26T23:05:42.043+0000] {processor.py:186} INFO - Started process (PID=1128) to work on /home/airflow/.local/lib/python3.12/site-packages/airflow/example_dags/example_dag_decorator.py
[2025-06-26T23:05:42.048+0000] {processor.py:914} INFO - Processing file /home/airflow/.local/lib/python3.12/site-packages/airflow/example_dags/example_dag_decorator.py for tasks to queue
[2025-06-26T23:05:42.051+0000] {logging_mixin.py:190} INFO - [2025-06-26T23:05:42.050+0000] {dagbag.py:588} INFO - Filling up the DagBag from /home/airflow/.local/lib/python3.12/site-packages/airflow/example_dags/example_dag_decorator.py
[2025-06-26T23:05:42.066+0000] {processor.py:925} INFO - DAG(s) 'example_dag_decorator' retrieved from /home/airflow/.local/lib/python3.12/site-packages/airflow/example_dags/example_dag_decorator.py
[2025-06-26T23:05:42.103+0000] {logging_mixin.py:190} INFO - [2025-06-26T23:05:42.103+0000] {dag.py:3239} INFO - Sync 1 DAGs
[2025-06-26T23:05:42.122+0000] {logging_mixin.py:190} INFO - [2025-06-26T23:05:42.121+0000] {dag.py:4180} INFO - Setting next_dagrun for example_dag_decorator to None, run_after=None
[2025-06-26T23:05:42.151+0000] {processor.py:208} INFO - Processing /home/airflow/.local/lib/python3.12/site-packages/airflow/example_dags/example_dag_decorator.py took 0.114 seconds
[2025-06-26T23:06:14.559+0000] {processor.py:186} INFO - Started process (PID=1190) to work on /home/airflow/.local/lib/python3.12/site-packages/airflow/example_dags/example_dag_decorator.py
[2025-06-26T23:06:14.561+0000] {processor.py:914} INFO - Processing file /home/airflow/.local/lib/python3.12/site-packages/airflow/example_dags/example_dag_decorator.py for tasks to queue
[2025-06-26T23:06:14.564+0000] {logging_mixin.py:190} INFO - [2025-06-26T23:06:14.564+0000] {dagbag.py:588} INFO - Filling up the DagBag from /home/airflow/.local/lib/python3.12/site-packages/airflow/example_dags/example_dag_decorator.py
[2025-06-26T23:06:14.675+0000] {processor.py:925} INFO - DAG(s) 'example_dag_decorator' retrieved from /home/airflow/.local/lib/python3.12/site-packages/airflow/example_dags/example_dag_decorator.py
[2025-06-26T23:06:15.545+0000] {logging_mixin.py:190} INFO - [2025-06-26T23:06:15.531+0000] {dag.py:3239} INFO - Sync 1 DAGs
[2025-06-26T23:06:15.604+0000] {logging_mixin.py:190} INFO - [2025-06-26T23:06:15.600+0000] {dag.py:4180} INFO - Setting next_dagrun for example_dag_decorator to None, run_after=None
[2025-06-26T23:06:16.218+0000] {processor.py:208} INFO - Processing /home/airflow/.local/lib/python3.12/site-packages/airflow/example_dags/example_dag_decorator.py took 1.681 seconds
[2025-06-26T23:06:46.316+0000] {processor.py:186} INFO - Started process (PID=1252) to work on /home/airflow/.local/lib/python3.12/site-packages/airflow/example_dags/example_dag_decorator.py
[2025-06-26T23:06:46.318+0000] {processor.py:914} INFO - Processing file /home/airflow/.local/lib/python3.12/site-packages/airflow/example_dags/example_dag_decorator.py for tasks to queue
[2025-06-26T23:06:46.324+0000] {logging_mixin.py:190} INFO - [2025-06-26T23:06:46.323+0000] {dagbag.py:588} INFO - Filling up the DagBag from /home/airflow/.local/lib/python3.12/site-packages/airflow/example_dags/example_dag_decorator.py
[2025-06-26T23:06:46.349+0000] {processor.py:925} INFO - DAG(s) 'example_dag_decorator' retrieved from /home/airflow/.local/lib/python3.12/site-packages/airflow/example_dags/example_dag_decorator.py
[2025-06-26T23:06:46.618+0000] {logging_mixin.py:190} INFO - [2025-06-26T23:06:46.618+0000] {dag.py:3239} INFO - Sync 1 DAGs
[2025-06-26T23:06:46.635+0000] {logging_mixin.py:190} INFO - [2025-06-26T23:06:46.634+0000] {dag.py:4180} INFO - Setting next_dagrun for example_dag_decorator to None, run_after=None
[2025-06-26T23:06:46.648+0000] {processor.py:208} INFO - Processing /home/airflow/.local/lib/python3.12/site-packages/airflow/example_dags/example_dag_decorator.py took 0.344 seconds
[2025-06-26T23:07:17.376+0000] {processor.py:186} INFO - Started process (PID=1314) to work on /home/airflow/.local/lib/python3.12/site-packages/airflow/example_dags/example_dag_decorator.py
[2025-06-26T23:07:17.380+0000] {processor.py:914} INFO - Processing file /home/airflow/.local/lib/python3.12/site-packages/airflow/example_dags/example_dag_decorator.py for tasks to queue
[2025-06-26T23:07:17.389+0000] {logging_mixin.py:190} INFO - [2025-06-26T23:07:17.388+0000] {dagbag.py:588} INFO - Filling up the DagBag from /home/airflow/.local/lib/python3.12/site-packages/airflow/example_dags/example_dag_decorator.py
[2025-06-26T23:07:17.415+0000] {processor.py:925} INFO - DAG(s) 'example_dag_decorator' retrieved from /home/airflow/.local/lib/python3.12/site-packages/airflow/example_dags/example_dag_decorator.py
[2025-06-26T23:07:17.690+0000] {logging_mixin.py:190} INFO - [2025-06-26T23:07:17.689+0000] {dag.py:3239} INFO - Sync 1 DAGs
[2025-06-26T23:07:17.701+0000] {logging_mixin.py:190} INFO - [2025-06-26T23:07:17.701+0000] {dag.py:4180} INFO - Setting next_dagrun for example_dag_decorator to None, run_after=None
[2025-06-26T23:07:17.716+0000] {processor.py:208} INFO - Processing /home/airflow/.local/lib/python3.12/site-packages/airflow/example_dags/example_dag_decorator.py took 0.350 seconds
