[2025-06-26T22:55:48.022+0000] {processor.py:186} INFO - Started process (PID=111) to work on /home/airflow/.local/lib/python3.12/site-packages/airflow/example_dags/example_branch_operator_decorator.py
[2025-06-26T22:55:48.031+0000] {processor.py:914} INFO - Processing file /home/airflow/.local/lib/python3.12/site-packages/airflow/example_dags/example_branch_operator_decorator.py for tasks to queue
[2025-06-26T22:55:48.049+0000] {logging_mixin.py:190} INFO - [2025-06-26T22:55:48.049+0000] {dagbag.py:588} INFO - Filling up the DagBag from /home/airflow/.local/lib/python3.12/site-packages/airflow/example_dags/example_branch_operator_decorator.py
[2025-06-26T22:55:48.106+0000] {processor.py:925} INFO - DAG(s) 'example_branch_python_operator_decorator' retrieved from /home/airflow/.local/lib/python3.12/site-packages/airflow/example_dags/example_branch_operator_decorator.py
[2025-06-26T22:55:48.315+0000] {logging_mixin.py:190} INFO - [2025-06-26T22:55:48.312+0000] {override.py:1900} INFO - Created Permission View: can read on DAG:example_branch_python_operator_decorator
[2025-06-26T22:55:48.347+0000] {logging_mixin.py:190} INFO - [2025-06-26T22:55:48.347+0000] {override.py:1900} INFO - Created Permission View: can delete on DAG:example_branch_python_operator_decorator
[2025-06-26T22:55:48.356+0000] {logging_mixin.py:190} INFO - [2025-06-26T22:55:48.355+0000] {override.py:1900} INFO - Created Permission View: can edit on DAG:example_branch_python_operator_decorator
[2025-06-26T22:55:48.363+0000] {logging_mixin.py:190} INFO - [2025-06-26T22:55:48.362+0000] {override.py:1900} INFO - Created Permission View: can read on DAG Run:example_branch_python_operator_decorator
[2025-06-26T22:55:48.369+0000] {logging_mixin.py:190} INFO - [2025-06-26T22:55:48.369+0000] {override.py:1900} INFO - Created Permission View: menu access on DAG Run:example_branch_python_operator_decorator
[2025-06-26T22:55:48.383+0000] {logging_mixin.py:190} INFO - [2025-06-26T22:55:48.383+0000] {override.py:1900} INFO - Created Permission View: can delete on DAG Run:example_branch_python_operator_decorator
[2025-06-26T22:55:48.395+0000] {logging_mixin.py:190} INFO - [2025-06-26T22:55:48.394+0000] {override.py:1900} INFO - Created Permission View: can create on DAG Run:example_branch_python_operator_decorator
[2025-06-26T22:55:48.396+0000] {logging_mixin.py:190} INFO - [2025-06-26T22:55:48.396+0000] {dag.py:3239} INFO - Sync 1 DAGs
[2025-06-26T22:55:48.460+0000] {logging_mixin.py:190} INFO - [2025-06-26T22:55:48.459+0000] {dag.py:3262} INFO - Creating ORM DAG for example_branch_python_operator_decorator
[2025-06-26T22:55:48.507+0000] {logging_mixin.py:190} INFO - [2025-06-26T22:55:48.506+0000] {dag.py:4180} INFO - Setting next_dagrun for example_branch_python_operator_decorator to 2025-06-25 00:00:00+00:00, run_after=2025-06-26 00:00:00+00:00
[2025-06-26T22:55:48.579+0000] {processor.py:208} INFO - Processing /home/airflow/.local/lib/python3.12/site-packages/airflow/example_dags/example_branch_operator_decorator.py took 0.578 seconds
[2025-06-26T22:56:19.420+0000] {processor.py:186} INFO - Started process (PID=173) to work on /home/airflow/.local/lib/python3.12/site-packages/airflow/example_dags/example_branch_operator_decorator.py
[2025-06-26T22:56:19.425+0000] {processor.py:914} INFO - Processing file /home/airflow/.local/lib/python3.12/site-packages/airflow/example_dags/example_branch_operator_decorator.py for tasks to queue
[2025-06-26T22:56:19.438+0000] {logging_mixin.py:190} INFO - [2025-06-26T22:56:19.436+0000] {dagbag.py:588} INFO - Filling up the DagBag from /home/airflow/.local/lib/python3.12/site-packages/airflow/example_dags/example_branch_operator_decorator.py
[2025-06-26T22:56:19.618+0000] {processor.py:925} INFO - DAG(s) 'example_branch_python_operator_decorator' retrieved from /home/airflow/.local/lib/python3.12/site-packages/airflow/example_dags/example_branch_operator_decorator.py
[2025-06-26T22:56:20.104+0000] {logging_mixin.py:190} INFO - [2025-06-26T22:56:20.100+0000] {dag.py:3239} INFO - Sync 1 DAGs
[2025-06-26T22:56:20.866+0000] {logging_mixin.py:190} INFO - [2025-06-26T22:56:20.858+0000] {dag.py:4180} INFO - Setting next_dagrun for example_branch_python_operator_decorator to 2025-06-25 00:00:00+00:00, run_after=2025-06-26 00:00:00+00:00
[2025-06-26T22:56:21.058+0000] {processor.py:208} INFO - Processing /home/airflow/.local/lib/python3.12/site-packages/airflow/example_dags/example_branch_operator_decorator.py took 1.713 seconds
[2025-06-26T22:56:51.425+0000] {processor.py:186} INFO - Started process (PID=234) to work on /home/airflow/.local/lib/python3.12/site-packages/airflow/example_dags/example_branch_operator_decorator.py
[2025-06-26T22:56:51.436+0000] {processor.py:914} INFO - Processing file /home/airflow/.local/lib/python3.12/site-packages/airflow/example_dags/example_branch_operator_decorator.py for tasks to queue
[2025-06-26T22:56:51.452+0000] {logging_mixin.py:190} INFO - [2025-06-26T22:56:51.448+0000] {dagbag.py:588} INFO - Filling up the DagBag from /home/airflow/.local/lib/python3.12/site-packages/airflow/example_dags/example_branch_operator_decorator.py
[2025-06-26T22:56:51.607+0000] {processor.py:925} INFO - DAG(s) 'example_branch_python_operator_decorator' retrieved from /home/airflow/.local/lib/python3.12/site-packages/airflow/example_dags/example_branch_operator_decorator.py
[2025-06-26T22:56:51.699+0000] {logging_mixin.py:190} INFO - [2025-06-26T22:56:51.699+0000] {dag.py:3239} INFO - Sync 1 DAGs
[2025-06-26T22:56:51.739+0000] {logging_mixin.py:190} INFO - [2025-06-26T22:56:51.739+0000] {dag.py:4180} INFO - Setting next_dagrun for example_branch_python_operator_decorator to 2025-06-25 00:00:00+00:00, run_after=2025-06-26 00:00:00+00:00
[2025-06-26T22:56:51.897+0000] {processor.py:208} INFO - Processing /home/airflow/.local/lib/python3.12/site-packages/airflow/example_dags/example_branch_operator_decorator.py took 0.508 seconds
[2025-06-26T22:57:22.081+0000] {processor.py:186} INFO - Started process (PID=297) to work on /home/airflow/.local/lib/python3.12/site-packages/airflow/example_dags/example_branch_operator_decorator.py
[2025-06-26T22:57:22.082+0000] {processor.py:914} INFO - Processing file /home/airflow/.local/lib/python3.12/site-packages/airflow/example_dags/example_branch_operator_decorator.py for tasks to queue
[2025-06-26T22:57:22.091+0000] {logging_mixin.py:190} INFO - [2025-06-26T22:57:22.090+0000] {dagbag.py:588} INFO - Filling up the DagBag from /home/airflow/.local/lib/python3.12/site-packages/airflow/example_dags/example_branch_operator_decorator.py
[2025-06-26T22:57:22.179+0000] {processor.py:925} INFO - DAG(s) 'example_branch_python_operator_decorator' retrieved from /home/airflow/.local/lib/python3.12/site-packages/airflow/example_dags/example_branch_operator_decorator.py
[2025-06-26T22:57:22.324+0000] {logging_mixin.py:190} INFO - [2025-06-26T22:57:22.324+0000] {dag.py:3239} INFO - Sync 1 DAGs
[2025-06-26T22:57:22.396+0000] {logging_mixin.py:190} INFO - [2025-06-26T22:57:22.395+0000] {dag.py:4180} INFO - Setting next_dagrun for example_branch_python_operator_decorator to 2025-06-25 00:00:00+00:00, run_after=2025-06-26 00:00:00+00:00
[2025-06-26T22:57:22.428+0000] {processor.py:208} INFO - Processing /home/airflow/.local/lib/python3.12/site-packages/airflow/example_dags/example_branch_operator_decorator.py took 0.369 seconds
[2025-06-26T22:58:17.957+0000] {processor.py:186} INFO - Started process (PID=369) to work on /home/airflow/.local/lib/python3.12/site-packages/airflow/example_dags/example_branch_operator_decorator.py
[2025-06-26T22:58:17.973+0000] {processor.py:914} INFO - Processing file /home/airflow/.local/lib/python3.12/site-packages/airflow/example_dags/example_branch_operator_decorator.py for tasks to queue
[2025-06-26T22:58:18.012+0000] {logging_mixin.py:190} INFO - [2025-06-26T22:58:18.007+0000] {dagbag.py:588} INFO - Filling up the DagBag from /home/airflow/.local/lib/python3.12/site-packages/airflow/example_dags/example_branch_operator_decorator.py
[2025-06-26T22:58:18.257+0000] {processor.py:925} INFO - DAG(s) 'example_branch_python_operator_decorator' retrieved from /home/airflow/.local/lib/python3.12/site-packages/airflow/example_dags/example_branch_operator_decorator.py
[2025-06-26T22:58:18.481+0000] {logging_mixin.py:190} INFO - [2025-06-26T22:58:18.480+0000] {dag.py:3239} INFO - Sync 1 DAGs
[2025-06-26T22:58:18.607+0000] {logging_mixin.py:190} INFO - [2025-06-26T22:58:18.606+0000] {dag.py:4180} INFO - Setting next_dagrun for example_branch_python_operator_decorator to 2025-06-25 00:00:00+00:00, run_after=2025-06-26 00:00:00+00:00
[2025-06-26T22:58:18.697+0000] {processor.py:208} INFO - Processing /home/airflow/.local/lib/python3.12/site-packages/airflow/example_dags/example_branch_operator_decorator.py took 0.834 seconds
[2025-06-26T22:59:03.595+0000] {processor.py:186} INFO - Started process (PID=442) to work on /home/airflow/.local/lib/python3.12/site-packages/airflow/example_dags/example_branch_operator_decorator.py
[2025-06-26T22:59:03.599+0000] {processor.py:914} INFO - Processing file /home/airflow/.local/lib/python3.12/site-packages/airflow/example_dags/example_branch_operator_decorator.py for tasks to queue
[2025-06-26T22:59:03.602+0000] {logging_mixin.py:190} INFO - [2025-06-26T22:59:03.601+0000] {dagbag.py:588} INFO - Filling up the DagBag from /home/airflow/.local/lib/python3.12/site-packages/airflow/example_dags/example_branch_operator_decorator.py
[2025-06-26T22:59:03.640+0000] {processor.py:925} INFO - DAG(s) 'example_branch_python_operator_decorator' retrieved from /home/airflow/.local/lib/python3.12/site-packages/airflow/example_dags/example_branch_operator_decorator.py
[2025-06-26T22:59:03.702+0000] {logging_mixin.py:190} INFO - [2025-06-26T22:59:03.702+0000] {dag.py:3239} INFO - Sync 1 DAGs
[2025-06-26T22:59:03.790+0000] {logging_mixin.py:190} INFO - [2025-06-26T22:59:03.790+0000] {dag.py:4180} INFO - Setting next_dagrun for example_branch_python_operator_decorator to 2025-06-25 00:00:00+00:00, run_after=2025-06-26 00:00:00+00:00
[2025-06-26T22:59:03.856+0000] {processor.py:208} INFO - Processing /home/airflow/.local/lib/python3.12/site-packages/airflow/example_dags/example_branch_operator_decorator.py took 0.282 seconds
[2025-06-26T22:59:42.367+0000] {processor.py:186} INFO - Started process (PID=516) to work on /home/airflow/.local/lib/python3.12/site-packages/airflow/example_dags/example_branch_operator_decorator.py
[2025-06-26T22:59:42.368+0000] {processor.py:914} INFO - Processing file /home/airflow/.local/lib/python3.12/site-packages/airflow/example_dags/example_branch_operator_decorator.py for tasks to queue
[2025-06-26T22:59:42.374+0000] {logging_mixin.py:190} INFO - [2025-06-26T22:59:42.373+0000] {dagbag.py:588} INFO - Filling up the DagBag from /home/airflow/.local/lib/python3.12/site-packages/airflow/example_dags/example_branch_operator_decorator.py
[2025-06-26T22:59:42.414+0000] {processor.py:925} INFO - DAG(s) 'example_branch_python_operator_decorator' retrieved from /home/airflow/.local/lib/python3.12/site-packages/airflow/example_dags/example_branch_operator_decorator.py
[2025-06-26T22:59:42.473+0000] {logging_mixin.py:190} INFO - [2025-06-26T22:59:42.473+0000] {dag.py:3239} INFO - Sync 1 DAGs
[2025-06-26T22:59:42.511+0000] {logging_mixin.py:190} INFO - [2025-06-26T22:59:42.511+0000] {dag.py:4180} INFO - Setting next_dagrun for example_branch_python_operator_decorator to 2025-06-25 00:00:00+00:00, run_after=2025-06-26 00:00:00+00:00
[2025-06-26T22:59:42.539+0000] {processor.py:208} INFO - Processing /home/airflow/.local/lib/python3.12/site-packages/airflow/example_dags/example_branch_operator_decorator.py took 0.180 seconds
[2025-06-26T23:00:12.905+0000] {processor.py:186} INFO - Started process (PID=578) to work on /home/airflow/.local/lib/python3.12/site-packages/airflow/example_dags/example_branch_operator_decorator.py
[2025-06-26T23:00:12.906+0000] {processor.py:914} INFO - Processing file /home/airflow/.local/lib/python3.12/site-packages/airflow/example_dags/example_branch_operator_decorator.py for tasks to queue
[2025-06-26T23:00:12.908+0000] {logging_mixin.py:190} INFO - [2025-06-26T23:00:12.908+0000] {dagbag.py:588} INFO - Filling up the DagBag from /home/airflow/.local/lib/python3.12/site-packages/airflow/example_dags/example_branch_operator_decorator.py
[2025-06-26T23:00:12.926+0000] {processor.py:925} INFO - DAG(s) 'example_branch_python_operator_decorator' retrieved from /home/airflow/.local/lib/python3.12/site-packages/airflow/example_dags/example_branch_operator_decorator.py
[2025-06-26T23:00:12.947+0000] {logging_mixin.py:190} INFO - [2025-06-26T23:00:12.947+0000] {dag.py:3239} INFO - Sync 1 DAGs
[2025-06-26T23:00:12.965+0000] {logging_mixin.py:190} INFO - [2025-06-26T23:00:12.965+0000] {dag.py:4180} INFO - Setting next_dagrun for example_branch_python_operator_decorator to 2025-06-25 00:00:00+00:00, run_after=2025-06-26 00:00:00+00:00
[2025-06-26T23:00:12.977+0000] {processor.py:208} INFO - Processing /home/airflow/.local/lib/python3.12/site-packages/airflow/example_dags/example_branch_operator_decorator.py took 0.076 seconds
[2025-06-26T23:00:45.914+0000] {processor.py:186} INFO - Started process (PID=640) to work on /home/airflow/.local/lib/python3.12/site-packages/airflow/example_dags/example_branch_operator_decorator.py
[2025-06-26T23:00:45.915+0000] {processor.py:914} INFO - Processing file /home/airflow/.local/lib/python3.12/site-packages/airflow/example_dags/example_branch_operator_decorator.py for tasks to queue
[2025-06-26T23:00:45.920+0000] {logging_mixin.py:190} INFO - [2025-06-26T23:00:45.919+0000] {dagbag.py:588} INFO - Filling up the DagBag from /home/airflow/.local/lib/python3.12/site-packages/airflow/example_dags/example_branch_operator_decorator.py
[2025-06-26T23:00:45.943+0000] {processor.py:925} INFO - DAG(s) 'example_branch_python_operator_decorator' retrieved from /home/airflow/.local/lib/python3.12/site-packages/airflow/example_dags/example_branch_operator_decorator.py
[2025-06-26T23:00:46.004+0000] {logging_mixin.py:190} INFO - [2025-06-26T23:00:46.003+0000] {dag.py:3239} INFO - Sync 1 DAGs
[2025-06-26T23:00:46.065+0000] {logging_mixin.py:190} INFO - [2025-06-26T23:00:46.064+0000] {dag.py:4180} INFO - Setting next_dagrun for example_branch_python_operator_decorator to 2025-06-25 00:00:00+00:00, run_after=2025-06-26 00:00:00+00:00
[2025-06-26T23:00:46.097+0000] {processor.py:208} INFO - Processing /home/airflow/.local/lib/python3.12/site-packages/airflow/example_dags/example_branch_operator_decorator.py took 0.189 seconds
[2025-06-26T23:01:19.242+0000] {processor.py:186} INFO - Started process (PID=707) to work on /home/airflow/.local/lib/python3.12/site-packages/airflow/example_dags/example_branch_operator_decorator.py
[2025-06-26T23:01:19.248+0000] {processor.py:914} INFO - Processing file /home/airflow/.local/lib/python3.12/site-packages/airflow/example_dags/example_branch_operator_decorator.py for tasks to queue
[2025-06-26T23:01:19.253+0000] {logging_mixin.py:190} INFO - [2025-06-26T23:01:19.253+0000] {dagbag.py:588} INFO - Filling up the DagBag from /home/airflow/.local/lib/python3.12/site-packages/airflow/example_dags/example_branch_operator_decorator.py
[2025-06-26T23:01:19.289+0000] {processor.py:925} INFO - DAG(s) 'example_branch_python_operator_decorator' retrieved from /home/airflow/.local/lib/python3.12/site-packages/airflow/example_dags/example_branch_operator_decorator.py
[2025-06-26T23:01:19.321+0000] {logging_mixin.py:190} INFO - [2025-06-26T23:01:19.321+0000] {dag.py:3239} INFO - Sync 1 DAGs
[2025-06-26T23:01:19.345+0000] {logging_mixin.py:190} INFO - [2025-06-26T23:01:19.345+0000] {dag.py:4180} INFO - Setting next_dagrun for example_branch_python_operator_decorator to 2025-06-25 00:00:00+00:00, run_after=2025-06-26 00:00:00+00:00
[2025-06-26T23:01:19.360+0000] {processor.py:208} INFO - Processing /home/airflow/.local/lib/python3.12/site-packages/airflow/example_dags/example_branch_operator_decorator.py took 0.134 seconds
[2025-06-26T23:01:53.678+0000] {processor.py:186} INFO - Started process (PID=774) to work on /home/airflow/.local/lib/python3.12/site-packages/airflow/example_dags/example_branch_operator_decorator.py
[2025-06-26T23:01:53.684+0000] {processor.py:914} INFO - Processing file /home/airflow/.local/lib/python3.12/site-packages/airflow/example_dags/example_branch_operator_decorator.py for tasks to queue
[2025-06-26T23:01:53.686+0000] {logging_mixin.py:190} INFO - [2025-06-26T23:01:53.686+0000] {dagbag.py:588} INFO - Filling up the DagBag from /home/airflow/.local/lib/python3.12/site-packages/airflow/example_dags/example_branch_operator_decorator.py
[2025-06-26T23:01:53.724+0000] {processor.py:925} INFO - DAG(s) 'example_branch_python_operator_decorator' retrieved from /home/airflow/.local/lib/python3.12/site-packages/airflow/example_dags/example_branch_operator_decorator.py
[2025-06-26T23:01:53.756+0000] {logging_mixin.py:190} INFO - [2025-06-26T23:01:53.756+0000] {dag.py:3239} INFO - Sync 1 DAGs
[2025-06-26T23:01:53.798+0000] {logging_mixin.py:190} INFO - [2025-06-26T23:01:53.798+0000] {dag.py:4180} INFO - Setting next_dagrun for example_branch_python_operator_decorator to 2025-06-25 00:00:00+00:00, run_after=2025-06-26 00:00:00+00:00
[2025-06-26T23:01:53.831+0000] {processor.py:208} INFO - Processing /home/airflow/.local/lib/python3.12/site-packages/airflow/example_dags/example_branch_operator_decorator.py took 0.161 seconds
[2025-06-26T23:02:24.231+0000] {processor.py:186} INFO - Started process (PID=836) to work on /home/airflow/.local/lib/python3.12/site-packages/airflow/example_dags/example_branch_operator_decorator.py
[2025-06-26T23:02:24.233+0000] {processor.py:914} INFO - Processing file /home/airflow/.local/lib/python3.12/site-packages/airflow/example_dags/example_branch_operator_decorator.py for tasks to queue
[2025-06-26T23:02:24.236+0000] {logging_mixin.py:190} INFO - [2025-06-26T23:02:24.236+0000] {dagbag.py:588} INFO - Filling up the DagBag from /home/airflow/.local/lib/python3.12/site-packages/airflow/example_dags/example_branch_operator_decorator.py
[2025-06-26T23:02:24.254+0000] {processor.py:925} INFO - DAG(s) 'example_branch_python_operator_decorator' retrieved from /home/airflow/.local/lib/python3.12/site-packages/airflow/example_dags/example_branch_operator_decorator.py
[2025-06-26T23:02:24.280+0000] {logging_mixin.py:190} INFO - [2025-06-26T23:02:24.280+0000] {dag.py:3239} INFO - Sync 1 DAGs
[2025-06-26T23:02:24.298+0000] {logging_mixin.py:190} INFO - [2025-06-26T23:02:24.298+0000] {dag.py:4180} INFO - Setting next_dagrun for example_branch_python_operator_decorator to 2025-06-25 00:00:00+00:00, run_after=2025-06-26 00:00:00+00:00
[2025-06-26T23:02:24.331+0000] {processor.py:208} INFO - Processing /home/airflow/.local/lib/python3.12/site-packages/airflow/example_dags/example_branch_operator_decorator.py took 0.105 seconds
[2025-06-26T23:02:57.624+0000] {processor.py:186} INFO - Started process (PID=898) to work on /home/airflow/.local/lib/python3.12/site-packages/airflow/example_dags/example_branch_operator_decorator.py
[2025-06-26T23:02:57.625+0000] {processor.py:914} INFO - Processing file /home/airflow/.local/lib/python3.12/site-packages/airflow/example_dags/example_branch_operator_decorator.py for tasks to queue
[2025-06-26T23:02:57.626+0000] {logging_mixin.py:190} INFO - [2025-06-26T23:02:57.626+0000] {dagbag.py:588} INFO - Filling up the DagBag from /home/airflow/.local/lib/python3.12/site-packages/airflow/example_dags/example_branch_operator_decorator.py
[2025-06-26T23:02:57.648+0000] {processor.py:925} INFO - DAG(s) 'example_branch_python_operator_decorator' retrieved from /home/airflow/.local/lib/python3.12/site-packages/airflow/example_dags/example_branch_operator_decorator.py
[2025-06-26T23:02:57.687+0000] {logging_mixin.py:190} INFO - [2025-06-26T23:02:57.687+0000] {dag.py:3239} INFO - Sync 1 DAGs
[2025-06-26T23:02:57.716+0000] {logging_mixin.py:190} INFO - [2025-06-26T23:02:57.716+0000] {dag.py:4180} INFO - Setting next_dagrun for example_branch_python_operator_decorator to 2025-06-25 00:00:00+00:00, run_after=2025-06-26 00:00:00+00:00
[2025-06-26T23:02:57.732+0000] {processor.py:208} INFO - Processing /home/airflow/.local/lib/python3.12/site-packages/airflow/example_dags/example_branch_operator_decorator.py took 0.113 seconds
[2025-06-26T23:03:44.124+0000] {processor.py:186} INFO - Started process (PID=960) to work on /home/airflow/.local/lib/python3.12/site-packages/airflow/example_dags/example_branch_operator_decorator.py
[2025-06-26T23:03:44.129+0000] {processor.py:914} INFO - Processing file /home/airflow/.local/lib/python3.12/site-packages/airflow/example_dags/example_branch_operator_decorator.py for tasks to queue
[2025-06-26T23:03:44.136+0000] {logging_mixin.py:190} INFO - [2025-06-26T23:03:44.135+0000] {dagbag.py:588} INFO - Filling up the DagBag from /home/airflow/.local/lib/python3.12/site-packages/airflow/example_dags/example_branch_operator_decorator.py
[2025-06-26T23:03:44.199+0000] {processor.py:925} INFO - DAG(s) 'example_branch_python_operator_decorator' retrieved from /home/airflow/.local/lib/python3.12/site-packages/airflow/example_dags/example_branch_operator_decorator.py
[2025-06-26T23:03:44.299+0000] {logging_mixin.py:190} INFO - [2025-06-26T23:03:44.298+0000] {dag.py:3239} INFO - Sync 1 DAGs
[2025-06-26T23:03:44.340+0000] {logging_mixin.py:190} INFO - [2025-06-26T23:03:44.340+0000] {dag.py:4180} INFO - Setting next_dagrun for example_branch_python_operator_decorator to 2025-06-25 00:00:00+00:00, run_after=2025-06-26 00:00:00+00:00
[2025-06-26T23:03:44.367+0000] {processor.py:208} INFO - Processing /home/airflow/.local/lib/python3.12/site-packages/airflow/example_dags/example_branch_operator_decorator.py took 0.265 seconds
[2025-06-26T23:04:36.109+0000] {processor.py:186} INFO - Started process (PID=1033) to work on /home/airflow/.local/lib/python3.12/site-packages/airflow/example_dags/example_branch_operator_decorator.py
[2025-06-26T23:04:36.114+0000] {processor.py:914} INFO - Processing file /home/airflow/.local/lib/python3.12/site-packages/airflow/example_dags/example_branch_operator_decorator.py for tasks to queue
[2025-06-26T23:04:36.117+0000] {logging_mixin.py:190} INFO - [2025-06-26T23:04:36.116+0000] {dagbag.py:588} INFO - Filling up the DagBag from /home/airflow/.local/lib/python3.12/site-packages/airflow/example_dags/example_branch_operator_decorator.py
[2025-06-26T23:04:36.133+0000] {processor.py:925} INFO - DAG(s) 'example_branch_python_operator_decorator' retrieved from /home/airflow/.local/lib/python3.12/site-packages/airflow/example_dags/example_branch_operator_decorator.py
[2025-06-26T23:04:36.159+0000] {logging_mixin.py:190} INFO - [2025-06-26T23:04:36.159+0000] {dag.py:3239} INFO - Sync 1 DAGs
[2025-06-26T23:04:36.177+0000] {logging_mixin.py:190} INFO - [2025-06-26T23:04:36.177+0000] {dag.py:4180} INFO - Setting next_dagrun for example_branch_python_operator_decorator to 2025-06-25 00:00:00+00:00, run_after=2025-06-26 00:00:00+00:00
[2025-06-26T23:04:36.190+0000] {processor.py:208} INFO - Processing /home/airflow/.local/lib/python3.12/site-packages/airflow/example_dags/example_branch_operator_decorator.py took 0.085 seconds
[2025-06-26T23:05:12.945+0000] {processor.py:186} INFO - Started process (PID=1094) to work on /home/airflow/.local/lib/python3.12/site-packages/airflow/example_dags/example_branch_operator_decorator.py
[2025-06-26T23:05:12.948+0000] {processor.py:914} INFO - Processing file /home/airflow/.local/lib/python3.12/site-packages/airflow/example_dags/example_branch_operator_decorator.py for tasks to queue
[2025-06-26T23:05:12.951+0000] {logging_mixin.py:190} INFO - [2025-06-26T23:05:12.951+0000] {dagbag.py:588} INFO - Filling up the DagBag from /home/airflow/.local/lib/python3.12/site-packages/airflow/example_dags/example_branch_operator_decorator.py
[2025-06-26T23:05:12.974+0000] {processor.py:925} INFO - DAG(s) 'example_branch_python_operator_decorator' retrieved from /home/airflow/.local/lib/python3.12/site-packages/airflow/example_dags/example_branch_operator_decorator.py
[2025-06-26T23:05:13.030+0000] {logging_mixin.py:190} INFO - [2025-06-26T23:05:13.030+0000] {dag.py:3239} INFO - Sync 1 DAGs
[2025-06-26T23:05:13.067+0000] {logging_mixin.py:190} INFO - [2025-06-26T23:05:13.066+0000] {dag.py:4180} INFO - Setting next_dagrun for example_branch_python_operator_decorator to 2025-06-25 00:00:00+00:00, run_after=2025-06-26 00:00:00+00:00
[2025-06-26T23:05:13.090+0000] {processor.py:208} INFO - Processing /home/airflow/.local/lib/python3.12/site-packages/airflow/example_dags/example_branch_operator_decorator.py took 0.151 seconds
[2025-06-26T23:05:43.884+0000] {processor.py:186} INFO - Started process (PID=1156) to work on /home/airflow/.local/lib/python3.12/site-packages/airflow/example_dags/example_branch_operator_decorator.py
[2025-06-26T23:05:43.887+0000] {processor.py:914} INFO - Processing file /home/airflow/.local/lib/python3.12/site-packages/airflow/example_dags/example_branch_operator_decorator.py for tasks to queue
[2025-06-26T23:05:43.891+0000] {logging_mixin.py:190} INFO - [2025-06-26T23:05:43.890+0000] {dagbag.py:588} INFO - Filling up the DagBag from /home/airflow/.local/lib/python3.12/site-packages/airflow/example_dags/example_branch_operator_decorator.py
[2025-06-26T23:05:43.921+0000] {processor.py:925} INFO - DAG(s) 'example_branch_python_operator_decorator' retrieved from /home/airflow/.local/lib/python3.12/site-packages/airflow/example_dags/example_branch_operator_decorator.py
[2025-06-26T23:05:43.966+0000] {logging_mixin.py:190} INFO - [2025-06-26T23:05:43.965+0000] {dag.py:3239} INFO - Sync 1 DAGs
[2025-06-26T23:05:43.990+0000] {logging_mixin.py:190} INFO - [2025-06-26T23:05:43.990+0000] {dag.py:4180} INFO - Setting next_dagrun for example_branch_python_operator_decorator to 2025-06-25 00:00:00+00:00, run_after=2025-06-26 00:00:00+00:00
[2025-06-26T23:05:44.012+0000] {processor.py:208} INFO - Processing /home/airflow/.local/lib/python3.12/site-packages/airflow/example_dags/example_branch_operator_decorator.py took 0.136 seconds
[2025-06-26T23:06:20.327+0000] {processor.py:186} INFO - Started process (PID=1218) to work on /home/airflow/.local/lib/python3.12/site-packages/airflow/example_dags/example_branch_operator_decorator.py
[2025-06-26T23:06:20.328+0000] {processor.py:914} INFO - Processing file /home/airflow/.local/lib/python3.12/site-packages/airflow/example_dags/example_branch_operator_decorator.py for tasks to queue
[2025-06-26T23:06:20.331+0000] {logging_mixin.py:190} INFO - [2025-06-26T23:06:20.331+0000] {dagbag.py:588} INFO - Filling up the DagBag from /home/airflow/.local/lib/python3.12/site-packages/airflow/example_dags/example_branch_operator_decorator.py
[2025-06-26T23:06:20.354+0000] {processor.py:925} INFO - DAG(s) 'example_branch_python_operator_decorator' retrieved from /home/airflow/.local/lib/python3.12/site-packages/airflow/example_dags/example_branch_operator_decorator.py
[2025-06-26T23:06:20.388+0000] {logging_mixin.py:190} INFO - [2025-06-26T23:06:20.388+0000] {dag.py:3239} INFO - Sync 1 DAGs
[2025-06-26T23:06:20.405+0000] {logging_mixin.py:190} INFO - [2025-06-26T23:06:20.405+0000] {dag.py:4180} INFO - Setting next_dagrun for example_branch_python_operator_decorator to 2025-06-25 00:00:00+00:00, run_after=2025-06-26 00:00:00+00:00
[2025-06-26T23:06:20.425+0000] {processor.py:208} INFO - Processing /home/airflow/.local/lib/python3.12/site-packages/airflow/example_dags/example_branch_operator_decorator.py took 0.104 seconds
[2025-06-26T23:06:51.216+0000] {processor.py:186} INFO - Started process (PID=1280) to work on /home/airflow/.local/lib/python3.12/site-packages/airflow/example_dags/example_branch_operator_decorator.py
[2025-06-26T23:06:51.218+0000] {processor.py:914} INFO - Processing file /home/airflow/.local/lib/python3.12/site-packages/airflow/example_dags/example_branch_operator_decorator.py for tasks to queue
[2025-06-26T23:06:51.220+0000] {logging_mixin.py:190} INFO - [2025-06-26T23:06:51.220+0000] {dagbag.py:588} INFO - Filling up the DagBag from /home/airflow/.local/lib/python3.12/site-packages/airflow/example_dags/example_branch_operator_decorator.py
[2025-06-26T23:06:51.230+0000] {processor.py:925} INFO - DAG(s) 'example_branch_python_operator_decorator' retrieved from /home/airflow/.local/lib/python3.12/site-packages/airflow/example_dags/example_branch_operator_decorator.py
[2025-06-26T23:06:51.245+0000] {logging_mixin.py:190} INFO - [2025-06-26T23:06:51.244+0000] {dag.py:3239} INFO - Sync 1 DAGs
[2025-06-26T23:06:51.256+0000] {logging_mixin.py:190} INFO - [2025-06-26T23:06:51.256+0000] {dag.py:4180} INFO - Setting next_dagrun for example_branch_python_operator_decorator to 2025-06-25 00:00:00+00:00, run_after=2025-06-26 00:00:00+00:00
[2025-06-26T23:06:51.264+0000] {processor.py:208} INFO - Processing /home/airflow/.local/lib/python3.12/site-packages/airflow/example_dags/example_branch_operator_decorator.py took 0.052 seconds
[2025-06-26T23:07:23.014+0000] {processor.py:186} INFO - Started process (PID=1342) to work on /home/airflow/.local/lib/python3.12/site-packages/airflow/example_dags/example_branch_operator_decorator.py
[2025-06-26T23:07:23.016+0000] {processor.py:914} INFO - Processing file /home/airflow/.local/lib/python3.12/site-packages/airflow/example_dags/example_branch_operator_decorator.py for tasks to queue
[2025-06-26T23:07:23.019+0000] {logging_mixin.py:190} INFO - [2025-06-26T23:07:23.019+0000] {dagbag.py:588} INFO - Filling up the DagBag from /home/airflow/.local/lib/python3.12/site-packages/airflow/example_dags/example_branch_operator_decorator.py
[2025-06-26T23:07:23.049+0000] {processor.py:925} INFO - DAG(s) 'example_branch_python_operator_decorator' retrieved from /home/airflow/.local/lib/python3.12/site-packages/airflow/example_dags/example_branch_operator_decorator.py
[2025-06-26T23:07:23.078+0000] {logging_mixin.py:190} INFO - [2025-06-26T23:07:23.077+0000] {dag.py:3239} INFO - Sync 1 DAGs
[2025-06-26T23:07:23.092+0000] {logging_mixin.py:190} INFO - [2025-06-26T23:07:23.092+0000] {dag.py:4180} INFO - Setting next_dagrun for example_branch_python_operator_decorator to 2025-06-25 00:00:00+00:00, run_after=2025-06-26 00:00:00+00:00
[2025-06-26T23:07:23.101+0000] {processor.py:208} INFO - Processing /home/airflow/.local/lib/python3.12/site-packages/airflow/example_dags/example_branch_operator_decorator.py took 0.110 seconds
