[2025-06-26T22:55:32.319+0000] {processor.py:186} INFO - Started process (PID=76) to work on /home/airflow/.local/lib/python3.12/site-packages/airflow/example_dags/example_external_task_marker_dag.py
[2025-06-26T22:55:32.321+0000] {processor.py:914} INFO - Processing file /home/airflow/.local/lib/python3.12/site-packages/airflow/example_dags/example_external_task_marker_dag.py for tasks to queue
[2025-06-26T22:55:32.328+0000] {logging_mixin.py:190} INFO - [2025-06-26T22:55:32.328+0000] {dagbag.py:588} INFO - Filling up the DagBag from /home/airflow/.local/lib/python3.12/site-packages/airflow/example_dags/example_external_task_marker_dag.py
[2025-06-26T22:55:32.349+0000] {processor.py:925} INFO - DAG(s) 'example_external_task_marker_parent', 'example_external_task_marker_child' retrieved from /home/airflow/.local/lib/python3.12/site-packages/airflow/example_dags/example_external_task_marker_dag.py
[2025-06-26T22:55:32.523+0000] {logging_mixin.py:190} INFO - [2025-06-26T22:55:32.522+0000] {override.py:1900} INFO - Created Permission View: can read on DAG:example_external_task_marker_parent
[2025-06-26T22:55:32.530+0000] {logging_mixin.py:190} INFO - [2025-06-26T22:55:32.530+0000] {override.py:1900} INFO - Created Permission View: can delete on DAG:example_external_task_marker_parent
[2025-06-26T22:55:32.533+0000] {logging_mixin.py:190} INFO - [2025-06-26T22:55:32.533+0000] {override.py:1900} INFO - Created Permission View: can edit on DAG:example_external_task_marker_parent
[2025-06-26T22:55:32.538+0000] {logging_mixin.py:190} INFO - [2025-06-26T22:55:32.537+0000] {override.py:1900} INFO - Created Permission View: can read on DAG Run:example_external_task_marker_parent
[2025-06-26T22:55:32.542+0000] {logging_mixin.py:190} INFO - [2025-06-26T22:55:32.542+0000] {override.py:1900} INFO - Created Permission View: menu access on DAG Run:example_external_task_marker_parent
[2025-06-26T22:55:32.544+0000] {logging_mixin.py:190} INFO - [2025-06-26T22:55:32.544+0000] {override.py:1900} INFO - Created Permission View: can delete on DAG Run:example_external_task_marker_parent
[2025-06-26T22:55:32.548+0000] {logging_mixin.py:190} INFO - [2025-06-26T22:55:32.548+0000] {override.py:1900} INFO - Created Permission View: can create on DAG Run:example_external_task_marker_parent
[2025-06-26T22:55:32.573+0000] {logging_mixin.py:190} INFO - [2025-06-26T22:55:32.571+0000] {override.py:1900} INFO - Created Permission View: can read on DAG:example_external_task_marker_child
[2025-06-26T22:55:32.589+0000] {logging_mixin.py:190} INFO - [2025-06-26T22:55:32.588+0000] {override.py:1900} INFO - Created Permission View: can delete on DAG:example_external_task_marker_child
[2025-06-26T22:55:32.598+0000] {logging_mixin.py:190} INFO - [2025-06-26T22:55:32.598+0000] {override.py:1900} INFO - Created Permission View: can edit on DAG:example_external_task_marker_child
[2025-06-26T22:55:32.602+0000] {logging_mixin.py:190} INFO - [2025-06-26T22:55:32.602+0000] {override.py:1900} INFO - Created Permission View: can read on DAG Run:example_external_task_marker_child
[2025-06-26T22:55:32.612+0000] {logging_mixin.py:190} INFO - [2025-06-26T22:55:32.612+0000] {override.py:1900} INFO - Created Permission View: menu access on DAG Run:example_external_task_marker_child
[2025-06-26T22:55:32.617+0000] {logging_mixin.py:190} INFO - [2025-06-26T22:55:32.617+0000] {override.py:1900} INFO - Created Permission View: can delete on DAG Run:example_external_task_marker_child
[2025-06-26T22:55:32.622+0000] {logging_mixin.py:190} INFO - [2025-06-26T22:55:32.622+0000] {override.py:1900} INFO - Created Permission View: can create on DAG Run:example_external_task_marker_child
[2025-06-26T22:55:32.623+0000] {logging_mixin.py:190} INFO - [2025-06-26T22:55:32.623+0000] {dag.py:3239} INFO - Sync 2 DAGs
[2025-06-26T22:55:32.650+0000] {logging_mixin.py:190} INFO - [2025-06-26T22:55:32.650+0000] {dag.py:3262} INFO - Creating ORM DAG for example_external_task_marker_parent
[2025-06-26T22:55:32.655+0000] {logging_mixin.py:190} INFO - [2025-06-26T22:55:32.654+0000] {dag.py:3262} INFO - Creating ORM DAG for example_external_task_marker_child
[2025-06-26T22:55:32.656+0000] {logging_mixin.py:190} INFO - [2025-06-26T22:55:32.656+0000] {dag.py:4180} INFO - Setting next_dagrun for example_external_task_marker_child to None, run_after=None
[2025-06-26T22:55:32.658+0000] {logging_mixin.py:190} INFO - [2025-06-26T22:55:32.658+0000] {dag.py:4180} INFO - Setting next_dagrun for example_external_task_marker_parent to None, run_after=None
[2025-06-26T22:55:32.690+0000] {processor.py:208} INFO - Processing /home/airflow/.local/lib/python3.12/site-packages/airflow/example_dags/example_external_task_marker_dag.py took 0.384 seconds
[2025-06-26T22:56:03.273+0000] {processor.py:186} INFO - Started process (PID=138) to work on /home/airflow/.local/lib/python3.12/site-packages/airflow/example_dags/example_external_task_marker_dag.py
[2025-06-26T22:56:03.274+0000] {processor.py:914} INFO - Processing file /home/airflow/.local/lib/python3.12/site-packages/airflow/example_dags/example_external_task_marker_dag.py for tasks to queue
[2025-06-26T22:56:03.277+0000] {logging_mixin.py:190} INFO - [2025-06-26T22:56:03.276+0000] {dagbag.py:588} INFO - Filling up the DagBag from /home/airflow/.local/lib/python3.12/site-packages/airflow/example_dags/example_external_task_marker_dag.py
[2025-06-26T22:56:03.286+0000] {processor.py:925} INFO - DAG(s) 'example_external_task_marker_child', 'example_external_task_marker_parent' retrieved from /home/airflow/.local/lib/python3.12/site-packages/airflow/example_dags/example_external_task_marker_dag.py
[2025-06-26T22:56:03.408+0000] {logging_mixin.py:190} INFO - [2025-06-26T22:56:03.406+0000] {dag.py:3239} INFO - Sync 2 DAGs
[2025-06-26T22:56:03.503+0000] {logging_mixin.py:190} INFO - [2025-06-26T22:56:03.503+0000] {dag.py:4180} INFO - Setting next_dagrun for example_external_task_marker_child to None, run_after=None
[2025-06-26T22:56:03.514+0000] {logging_mixin.py:190} INFO - [2025-06-26T22:56:03.513+0000] {dag.py:4180} INFO - Setting next_dagrun for example_external_task_marker_parent to None, run_after=None
[2025-06-26T22:56:03.558+0000] {processor.py:208} INFO - Processing /home/airflow/.local/lib/python3.12/site-packages/airflow/example_dags/example_external_task_marker_dag.py took 0.291 seconds
[2025-06-26T22:56:33.626+0000] {processor.py:186} INFO - Started process (PID=199) to work on /home/airflow/.local/lib/python3.12/site-packages/airflow/example_dags/example_external_task_marker_dag.py
[2025-06-26T22:56:33.629+0000] {processor.py:914} INFO - Processing file /home/airflow/.local/lib/python3.12/site-packages/airflow/example_dags/example_external_task_marker_dag.py for tasks to queue
[2025-06-26T22:56:33.636+0000] {logging_mixin.py:190} INFO - [2025-06-26T22:56:33.636+0000] {dagbag.py:588} INFO - Filling up the DagBag from /home/airflow/.local/lib/python3.12/site-packages/airflow/example_dags/example_external_task_marker_dag.py
[2025-06-26T22:56:33.647+0000] {processor.py:925} INFO - DAG(s) 'example_external_task_marker_parent', 'example_external_task_marker_child' retrieved from /home/airflow/.local/lib/python3.12/site-packages/airflow/example_dags/example_external_task_marker_dag.py
[2025-06-26T22:56:33.667+0000] {logging_mixin.py:190} INFO - [2025-06-26T22:56:33.667+0000] {dag.py:3239} INFO - Sync 2 DAGs
[2025-06-26T22:56:33.682+0000] {logging_mixin.py:190} INFO - [2025-06-26T22:56:33.682+0000] {dag.py:4180} INFO - Setting next_dagrun for example_external_task_marker_child to None, run_after=None
[2025-06-26T22:56:33.684+0000] {logging_mixin.py:190} INFO - [2025-06-26T22:56:33.684+0000] {dag.py:4180} INFO - Setting next_dagrun for example_external_task_marker_parent to None, run_after=None
[2025-06-26T22:56:33.692+0000] {processor.py:208} INFO - Processing /home/airflow/.local/lib/python3.12/site-packages/airflow/example_dags/example_external_task_marker_dag.py took 0.075 seconds
[2025-06-26T22:57:04.825+0000] {processor.py:186} INFO - Started process (PID=261) to work on /home/airflow/.local/lib/python3.12/site-packages/airflow/example_dags/example_external_task_marker_dag.py
[2025-06-26T22:57:04.827+0000] {processor.py:914} INFO - Processing file /home/airflow/.local/lib/python3.12/site-packages/airflow/example_dags/example_external_task_marker_dag.py for tasks to queue
[2025-06-26T22:57:04.836+0000] {logging_mixin.py:190} INFO - [2025-06-26T22:57:04.835+0000] {dagbag.py:588} INFO - Filling up the DagBag from /home/airflow/.local/lib/python3.12/site-packages/airflow/example_dags/example_external_task_marker_dag.py
[2025-06-26T22:57:04.863+0000] {processor.py:925} INFO - DAG(s) 'example_external_task_marker_parent', 'example_external_task_marker_child' retrieved from /home/airflow/.local/lib/python3.12/site-packages/airflow/example_dags/example_external_task_marker_dag.py
[2025-06-26T22:57:04.947+0000] {logging_mixin.py:190} INFO - [2025-06-26T22:57:04.946+0000] {dag.py:3239} INFO - Sync 2 DAGs
[2025-06-26T22:57:04.986+0000] {logging_mixin.py:190} INFO - [2025-06-26T22:57:04.986+0000] {dag.py:4180} INFO - Setting next_dagrun for example_external_task_marker_child to None, run_after=None
[2025-06-26T22:57:05.001+0000] {logging_mixin.py:190} INFO - [2025-06-26T22:57:05.001+0000] {dag.py:4180} INFO - Setting next_dagrun for example_external_task_marker_parent to None, run_after=None
[2025-06-26T22:57:05.042+0000] {processor.py:208} INFO - Processing /home/airflow/.local/lib/python3.12/site-packages/airflow/example_dags/example_external_task_marker_dag.py took 0.240 seconds
[2025-06-26T22:57:36.147+0000] {processor.py:186} INFO - Started process (PID=323) to work on /home/airflow/.local/lib/python3.12/site-packages/airflow/example_dags/example_external_task_marker_dag.py
[2025-06-26T22:57:36.155+0000] {processor.py:914} INFO - Processing file /home/airflow/.local/lib/python3.12/site-packages/airflow/example_dags/example_external_task_marker_dag.py for tasks to queue
[2025-06-26T22:57:36.163+0000] {logging_mixin.py:190} INFO - [2025-06-26T22:57:36.161+0000] {dagbag.py:588} INFO - Filling up the DagBag from /home/airflow/.local/lib/python3.12/site-packages/airflow/example_dags/example_external_task_marker_dag.py
[2025-06-26T22:57:36.191+0000] {processor.py:925} INFO - DAG(s) 'example_external_task_marker_child', 'example_external_task_marker_parent' retrieved from /home/airflow/.local/lib/python3.12/site-packages/airflow/example_dags/example_external_task_marker_dag.py
[2025-06-26T22:57:36.259+0000] {logging_mixin.py:190} INFO - [2025-06-26T22:57:36.259+0000] {dag.py:3239} INFO - Sync 2 DAGs
[2025-06-26T22:57:36.294+0000] {logging_mixin.py:190} INFO - [2025-06-26T22:57:36.294+0000] {dag.py:4180} INFO - Setting next_dagrun for example_external_task_marker_child to None, run_after=None
[2025-06-26T22:57:36.300+0000] {logging_mixin.py:190} INFO - [2025-06-26T22:57:36.299+0000] {dag.py:4180} INFO - Setting next_dagrun for example_external_task_marker_parent to None, run_after=None
[2025-06-26T22:57:36.325+0000] {processor.py:208} INFO - Processing /home/airflow/.local/lib/python3.12/site-packages/airflow/example_dags/example_external_task_marker_dag.py took 0.195 seconds
[2025-06-26T22:58:26.689+0000] {processor.py:186} INFO - Started process (PID=384) to work on /home/airflow/.local/lib/python3.12/site-packages/airflow/example_dags/example_external_task_marker_dag.py
[2025-06-26T22:58:26.694+0000] {processor.py:914} INFO - Processing file /home/airflow/.local/lib/python3.12/site-packages/airflow/example_dags/example_external_task_marker_dag.py for tasks to queue
[2025-06-26T22:58:26.701+0000] {logging_mixin.py:190} INFO - [2025-06-26T22:58:26.700+0000] {dagbag.py:588} INFO - Filling up the DagBag from /home/airflow/.local/lib/python3.12/site-packages/airflow/example_dags/example_external_task_marker_dag.py
[2025-06-26T22:58:26.716+0000] {processor.py:925} INFO - DAG(s) 'example_external_task_marker_child', 'example_external_task_marker_parent' retrieved from /home/airflow/.local/lib/python3.12/site-packages/airflow/example_dags/example_external_task_marker_dag.py
[2025-06-26T22:58:26.766+0000] {logging_mixin.py:190} INFO - [2025-06-26T22:58:26.766+0000] {dag.py:3239} INFO - Sync 2 DAGs
[2025-06-26T22:58:26.835+0000] {logging_mixin.py:190} INFO - [2025-06-26T22:58:26.834+0000] {dag.py:4180} INFO - Setting next_dagrun for example_external_task_marker_child to None, run_after=None
[2025-06-26T22:58:26.841+0000] {logging_mixin.py:190} INFO - [2025-06-26T22:58:26.840+0000] {dag.py:4180} INFO - Setting next_dagrun for example_external_task_marker_parent to None, run_after=None
[2025-06-26T22:58:26.906+0000] {processor.py:208} INFO - Processing /home/airflow/.local/lib/python3.12/site-packages/airflow/example_dags/example_external_task_marker_dag.py took 0.239 seconds
[2025-06-26T22:59:01.396+0000] {processor.py:186} INFO - Started process (PID=429) to work on /home/airflow/.local/lib/python3.12/site-packages/airflow/example_dags/example_external_task_marker_dag.py
[2025-06-26T22:59:01.400+0000] {processor.py:914} INFO - Processing file /home/airflow/.local/lib/python3.12/site-packages/airflow/example_dags/example_external_task_marker_dag.py for tasks to queue
[2025-06-26T22:59:01.411+0000] {logging_mixin.py:190} INFO - [2025-06-26T22:59:01.410+0000] {dagbag.py:588} INFO - Filling up the DagBag from /home/airflow/.local/lib/python3.12/site-packages/airflow/example_dags/example_external_task_marker_dag.py
[2025-06-26T22:59:01.430+0000] {processor.py:925} INFO - DAG(s) 'example_external_task_marker_child', 'example_external_task_marker_parent' retrieved from /home/airflow/.local/lib/python3.12/site-packages/airflow/example_dags/example_external_task_marker_dag.py
[2025-06-26T22:59:01.486+0000] {logging_mixin.py:190} INFO - [2025-06-26T22:59:01.486+0000] {dag.py:3239} INFO - Sync 2 DAGs
[2025-06-26T22:59:01.545+0000] {logging_mixin.py:190} INFO - [2025-06-26T22:59:01.544+0000] {dag.py:4180} INFO - Setting next_dagrun for example_external_task_marker_child to None, run_after=None
[2025-06-26T22:59:01.555+0000] {logging_mixin.py:190} INFO - [2025-06-26T22:59:01.554+0000] {dag.py:4180} INFO - Setting next_dagrun for example_external_task_marker_parent to None, run_after=None
[2025-06-26T22:59:01.579+0000] {processor.py:208} INFO - Processing /home/airflow/.local/lib/python3.12/site-packages/airflow/example_dags/example_external_task_marker_dag.py took 0.202 seconds
[2025-06-26T22:59:40.245+0000] {processor.py:186} INFO - Started process (PID=492) to work on /home/airflow/.local/lib/python3.12/site-packages/airflow/example_dags/example_external_task_marker_dag.py
[2025-06-26T22:59:40.247+0000] {processor.py:914} INFO - Processing file /home/airflow/.local/lib/python3.12/site-packages/airflow/example_dags/example_external_task_marker_dag.py for tasks to queue
[2025-06-26T22:59:40.251+0000] {logging_mixin.py:190} INFO - [2025-06-26T22:59:40.250+0000] {dagbag.py:588} INFO - Filling up the DagBag from /home/airflow/.local/lib/python3.12/site-packages/airflow/example_dags/example_external_task_marker_dag.py
[2025-06-26T22:59:40.285+0000] {processor.py:925} INFO - DAG(s) 'example_external_task_marker_child', 'example_external_task_marker_parent' retrieved from /home/airflow/.local/lib/python3.12/site-packages/airflow/example_dags/example_external_task_marker_dag.py
[2025-06-26T22:59:40.364+0000] {logging_mixin.py:190} INFO - [2025-06-26T22:59:40.363+0000] {dag.py:3239} INFO - Sync 2 DAGs
[2025-06-26T22:59:40.428+0000] {logging_mixin.py:190} INFO - [2025-06-26T22:59:40.427+0000] {dag.py:4180} INFO - Setting next_dagrun for example_external_task_marker_child to None, run_after=None
[2025-06-26T22:59:40.437+0000] {logging_mixin.py:190} INFO - [2025-06-26T22:59:40.436+0000] {dag.py:4180} INFO - Setting next_dagrun for example_external_task_marker_parent to None, run_after=None
[2025-06-26T22:59:40.479+0000] {processor.py:208} INFO - Processing /home/airflow/.local/lib/python3.12/site-packages/airflow/example_dags/example_external_task_marker_dag.py took 0.245 seconds
[2025-06-26T23:00:10.916+0000] {processor.py:186} INFO - Started process (PID=553) to work on /home/airflow/.local/lib/python3.12/site-packages/airflow/example_dags/example_external_task_marker_dag.py
[2025-06-26T23:00:10.917+0000] {processor.py:914} INFO - Processing file /home/airflow/.local/lib/python3.12/site-packages/airflow/example_dags/example_external_task_marker_dag.py for tasks to queue
[2025-06-26T23:00:10.919+0000] {logging_mixin.py:190} INFO - [2025-06-26T23:00:10.919+0000] {dagbag.py:588} INFO - Filling up the DagBag from /home/airflow/.local/lib/python3.12/site-packages/airflow/example_dags/example_external_task_marker_dag.py
[2025-06-26T23:00:10.925+0000] {processor.py:925} INFO - DAG(s) 'example_external_task_marker_child', 'example_external_task_marker_parent' retrieved from /home/airflow/.local/lib/python3.12/site-packages/airflow/example_dags/example_external_task_marker_dag.py
[2025-06-26T23:00:10.963+0000] {logging_mixin.py:190} INFO - [2025-06-26T23:00:10.962+0000] {dag.py:3239} INFO - Sync 2 DAGs
[2025-06-26T23:00:10.995+0000] {logging_mixin.py:190} INFO - [2025-06-26T23:00:10.995+0000] {dag.py:4180} INFO - Setting next_dagrun for example_external_task_marker_child to None, run_after=None
[2025-06-26T23:00:11.006+0000] {logging_mixin.py:190} INFO - [2025-06-26T23:00:11.006+0000] {dag.py:4180} INFO - Setting next_dagrun for example_external_task_marker_parent to None, run_after=None
[2025-06-26T23:00:11.055+0000] {processor.py:208} INFO - Processing /home/airflow/.local/lib/python3.12/site-packages/airflow/example_dags/example_external_task_marker_dag.py took 0.144 seconds
[2025-06-26T23:00:44.292+0000] {processor.py:186} INFO - Started process (PID=620) to work on /home/airflow/.local/lib/python3.12/site-packages/airflow/example_dags/example_external_task_marker_dag.py
[2025-06-26T23:00:44.313+0000] {processor.py:914} INFO - Processing file /home/airflow/.local/lib/python3.12/site-packages/airflow/example_dags/example_external_task_marker_dag.py for tasks to queue
[2025-06-26T23:00:44.322+0000] {logging_mixin.py:190} INFO - [2025-06-26T23:00:44.321+0000] {dagbag.py:588} INFO - Filling up the DagBag from /home/airflow/.local/lib/python3.12/site-packages/airflow/example_dags/example_external_task_marker_dag.py
[2025-06-26T23:00:44.359+0000] {processor.py:925} INFO - DAG(s) 'example_external_task_marker_child', 'example_external_task_marker_parent' retrieved from /home/airflow/.local/lib/python3.12/site-packages/airflow/example_dags/example_external_task_marker_dag.py
[2025-06-26T23:00:44.420+0000] {logging_mixin.py:190} INFO - [2025-06-26T23:00:44.420+0000] {dag.py:3239} INFO - Sync 2 DAGs
[2025-06-26T23:00:44.437+0000] {logging_mixin.py:190} INFO - [2025-06-26T23:00:44.437+0000] {dag.py:4180} INFO - Setting next_dagrun for example_external_task_marker_child to None, run_after=None
[2025-06-26T23:00:44.440+0000] {logging_mixin.py:190} INFO - [2025-06-26T23:00:44.440+0000] {dag.py:4180} INFO - Setting next_dagrun for example_external_task_marker_parent to None, run_after=None
[2025-06-26T23:00:44.453+0000] {processor.py:208} INFO - Processing /home/airflow/.local/lib/python3.12/site-packages/airflow/example_dags/example_external_task_marker_dag.py took 0.172 seconds
[2025-06-26T23:01:16.937+0000] {processor.py:186} INFO - Started process (PID=682) to work on /home/airflow/.local/lib/python3.12/site-packages/airflow/example_dags/example_external_task_marker_dag.py
[2025-06-26T23:01:16.941+0000] {processor.py:914} INFO - Processing file /home/airflow/.local/lib/python3.12/site-packages/airflow/example_dags/example_external_task_marker_dag.py for tasks to queue
[2025-06-26T23:01:16.945+0000] {logging_mixin.py:190} INFO - [2025-06-26T23:01:16.945+0000] {dagbag.py:588} INFO - Filling up the DagBag from /home/airflow/.local/lib/python3.12/site-packages/airflow/example_dags/example_external_task_marker_dag.py
[2025-06-26T23:01:16.962+0000] {processor.py:925} INFO - DAG(s) 'example_external_task_marker_parent', 'example_external_task_marker_child' retrieved from /home/airflow/.local/lib/python3.12/site-packages/airflow/example_dags/example_external_task_marker_dag.py
[2025-06-26T23:01:16.983+0000] {logging_mixin.py:190} INFO - [2025-06-26T23:01:16.983+0000] {dag.py:3239} INFO - Sync 2 DAGs
[2025-06-26T23:01:16.992+0000] {logging_mixin.py:190} INFO - [2025-06-26T23:01:16.992+0000] {dag.py:4180} INFO - Setting next_dagrun for example_external_task_marker_child to None, run_after=None
[2025-06-26T23:01:16.998+0000] {logging_mixin.py:190} INFO - [2025-06-26T23:01:16.997+0000] {dag.py:4180} INFO - Setting next_dagrun for example_external_task_marker_parent to None, run_after=None
[2025-06-26T23:01:17.010+0000] {processor.py:208} INFO - Processing /home/airflow/.local/lib/python3.12/site-packages/airflow/example_dags/example_external_task_marker_dag.py took 0.085 seconds
[2025-06-26T23:01:47.153+0000] {processor.py:186} INFO - Started process (PID=744) to work on /home/airflow/.local/lib/python3.12/site-packages/airflow/example_dags/example_external_task_marker_dag.py
[2025-06-26T23:01:47.154+0000] {processor.py:914} INFO - Processing file /home/airflow/.local/lib/python3.12/site-packages/airflow/example_dags/example_external_task_marker_dag.py for tasks to queue
[2025-06-26T23:01:47.156+0000] {logging_mixin.py:190} INFO - [2025-06-26T23:01:47.156+0000] {dagbag.py:588} INFO - Filling up the DagBag from /home/airflow/.local/lib/python3.12/site-packages/airflow/example_dags/example_external_task_marker_dag.py
[2025-06-26T23:01:47.167+0000] {processor.py:925} INFO - DAG(s) 'example_external_task_marker_parent', 'example_external_task_marker_child' retrieved from /home/airflow/.local/lib/python3.12/site-packages/airflow/example_dags/example_external_task_marker_dag.py
[2025-06-26T23:01:47.195+0000] {logging_mixin.py:190} INFO - [2025-06-26T23:01:47.195+0000] {dag.py:3239} INFO - Sync 2 DAGs
[2025-06-26T23:01:47.208+0000] {logging_mixin.py:190} INFO - [2025-06-26T23:01:47.207+0000] {dag.py:4180} INFO - Setting next_dagrun for example_external_task_marker_child to None, run_after=None
[2025-06-26T23:01:47.210+0000] {logging_mixin.py:190} INFO - [2025-06-26T23:01:47.210+0000] {dag.py:4180} INFO - Setting next_dagrun for example_external_task_marker_parent to None, run_after=None
[2025-06-26T23:01:47.225+0000] {processor.py:208} INFO - Processing /home/airflow/.local/lib/python3.12/site-packages/airflow/example_dags/example_external_task_marker_dag.py took 0.076 seconds
[2025-06-26T23:02:18.590+0000] {processor.py:186} INFO - Started process (PID=802) to work on /home/airflow/.local/lib/python3.12/site-packages/airflow/example_dags/example_external_task_marker_dag.py
[2025-06-26T23:02:18.593+0000] {processor.py:914} INFO - Processing file /home/airflow/.local/lib/python3.12/site-packages/airflow/example_dags/example_external_task_marker_dag.py for tasks to queue
[2025-06-26T23:02:18.596+0000] {logging_mixin.py:190} INFO - [2025-06-26T23:02:18.596+0000] {dagbag.py:588} INFO - Filling up the DagBag from /home/airflow/.local/lib/python3.12/site-packages/airflow/example_dags/example_external_task_marker_dag.py
[2025-06-26T23:02:18.612+0000] {processor.py:925} INFO - DAG(s) 'example_external_task_marker_parent', 'example_external_task_marker_child' retrieved from /home/airflow/.local/lib/python3.12/site-packages/airflow/example_dags/example_external_task_marker_dag.py
[2025-06-26T23:02:18.651+0000] {logging_mixin.py:190} INFO - [2025-06-26T23:02:18.650+0000] {dag.py:3239} INFO - Sync 2 DAGs
[2025-06-26T23:02:18.675+0000] {logging_mixin.py:190} INFO - [2025-06-26T23:02:18.675+0000] {dag.py:4180} INFO - Setting next_dagrun for example_external_task_marker_child to None, run_after=None
[2025-06-26T23:02:18.696+0000] {logging_mixin.py:190} INFO - [2025-06-26T23:02:18.695+0000] {dag.py:4180} INFO - Setting next_dagrun for example_external_task_marker_parent to None, run_after=None
[2025-06-26T23:02:18.742+0000] {processor.py:208} INFO - Processing /home/airflow/.local/lib/python3.12/site-packages/airflow/example_dags/example_external_task_marker_dag.py took 0.161 seconds
[2025-06-26T23:02:53.922+0000] {processor.py:186} INFO - Started process (PID=864) to work on /home/airflow/.local/lib/python3.12/site-packages/airflow/example_dags/example_external_task_marker_dag.py
[2025-06-26T23:02:53.925+0000] {processor.py:914} INFO - Processing file /home/airflow/.local/lib/python3.12/site-packages/airflow/example_dags/example_external_task_marker_dag.py for tasks to queue
[2025-06-26T23:02:53.929+0000] {logging_mixin.py:190} INFO - [2025-06-26T23:02:53.929+0000] {dagbag.py:588} INFO - Filling up the DagBag from /home/airflow/.local/lib/python3.12/site-packages/airflow/example_dags/example_external_task_marker_dag.py
[2025-06-26T23:02:53.941+0000] {processor.py:925} INFO - DAG(s) 'example_external_task_marker_parent', 'example_external_task_marker_child' retrieved from /home/airflow/.local/lib/python3.12/site-packages/airflow/example_dags/example_external_task_marker_dag.py
[2025-06-26T23:02:54.052+0000] {logging_mixin.py:190} INFO - [2025-06-26T23:02:54.049+0000] {dag.py:3239} INFO - Sync 2 DAGs
[2025-06-26T23:02:54.101+0000] {logging_mixin.py:190} INFO - [2025-06-26T23:02:54.100+0000] {dag.py:4180} INFO - Setting next_dagrun for example_external_task_marker_child to None, run_after=None
[2025-06-26T23:02:54.113+0000] {logging_mixin.py:190} INFO - [2025-06-26T23:02:54.113+0000] {dag.py:4180} INFO - Setting next_dagrun for example_external_task_marker_parent to None, run_after=None
[2025-06-26T23:02:54.148+0000] {processor.py:208} INFO - Processing /home/airflow/.local/lib/python3.12/site-packages/airflow/example_dags/example_external_task_marker_dag.py took 0.235 seconds
[2025-06-26T23:03:41.289+0000] {processor.py:186} INFO - Started process (PID=931) to work on /home/airflow/.local/lib/python3.12/site-packages/airflow/example_dags/example_external_task_marker_dag.py
[2025-06-26T23:03:41.294+0000] {processor.py:914} INFO - Processing file /home/airflow/.local/lib/python3.12/site-packages/airflow/example_dags/example_external_task_marker_dag.py for tasks to queue
[2025-06-26T23:03:41.304+0000] {logging_mixin.py:190} INFO - [2025-06-26T23:03:41.303+0000] {dagbag.py:588} INFO - Filling up the DagBag from /home/airflow/.local/lib/python3.12/site-packages/airflow/example_dags/example_external_task_marker_dag.py
[2025-06-26T23:03:41.322+0000] {processor.py:925} INFO - DAG(s) 'example_external_task_marker_parent', 'example_external_task_marker_child' retrieved from /home/airflow/.local/lib/python3.12/site-packages/airflow/example_dags/example_external_task_marker_dag.py
[2025-06-26T23:03:41.366+0000] {logging_mixin.py:190} INFO - [2025-06-26T23:03:41.366+0000] {dag.py:3239} INFO - Sync 2 DAGs
[2025-06-26T23:03:41.407+0000] {logging_mixin.py:190} INFO - [2025-06-26T23:03:41.406+0000] {dag.py:4180} INFO - Setting next_dagrun for example_external_task_marker_child to None, run_after=None
[2025-06-26T23:03:41.416+0000] {logging_mixin.py:190} INFO - [2025-06-26T23:03:41.415+0000] {dag.py:4180} INFO - Setting next_dagrun for example_external_task_marker_parent to None, run_after=None
[2025-06-26T23:03:41.442+0000] {processor.py:208} INFO - Processing /home/airflow/.local/lib/python3.12/site-packages/airflow/example_dags/example_external_task_marker_dag.py took 0.168 seconds
[2025-06-26T23:04:34.003+0000] {processor.py:186} INFO - Started process (PID=1004) to work on /home/airflow/.local/lib/python3.12/site-packages/airflow/example_dags/example_external_task_marker_dag.py
[2025-06-26T23:04:34.005+0000] {processor.py:914} INFO - Processing file /home/airflow/.local/lib/python3.12/site-packages/airflow/example_dags/example_external_task_marker_dag.py for tasks to queue
[2025-06-26T23:04:34.008+0000] {logging_mixin.py:190} INFO - [2025-06-26T23:04:34.007+0000] {dagbag.py:588} INFO - Filling up the DagBag from /home/airflow/.local/lib/python3.12/site-packages/airflow/example_dags/example_external_task_marker_dag.py
[2025-06-26T23:04:34.015+0000] {processor.py:925} INFO - DAG(s) 'example_external_task_marker_parent', 'example_external_task_marker_child' retrieved from /home/airflow/.local/lib/python3.12/site-packages/airflow/example_dags/example_external_task_marker_dag.py
[2025-06-26T23:04:34.046+0000] {logging_mixin.py:190} INFO - [2025-06-26T23:04:34.045+0000] {dag.py:3239} INFO - Sync 2 DAGs
[2025-06-26T23:04:34.065+0000] {logging_mixin.py:190} INFO - [2025-06-26T23:04:34.065+0000] {dag.py:4180} INFO - Setting next_dagrun for example_external_task_marker_child to None, run_after=None
[2025-06-26T23:04:34.069+0000] {logging_mixin.py:190} INFO - [2025-06-26T23:04:34.068+0000] {dag.py:4180} INFO - Setting next_dagrun for example_external_task_marker_parent to None, run_after=None
[2025-06-26T23:04:34.088+0000] {processor.py:208} INFO - Processing /home/airflow/.local/lib/python3.12/site-packages/airflow/example_dags/example_external_task_marker_dag.py took 0.097 seconds
[2025-06-26T23:05:10.598+0000] {processor.py:186} INFO - Started process (PID=1065) to work on /home/airflow/.local/lib/python3.12/site-packages/airflow/example_dags/example_external_task_marker_dag.py
[2025-06-26T23:05:10.600+0000] {processor.py:914} INFO - Processing file /home/airflow/.local/lib/python3.12/site-packages/airflow/example_dags/example_external_task_marker_dag.py for tasks to queue
[2025-06-26T23:05:10.605+0000] {logging_mixin.py:190} INFO - [2025-06-26T23:05:10.605+0000] {dagbag.py:588} INFO - Filling up the DagBag from /home/airflow/.local/lib/python3.12/site-packages/airflow/example_dags/example_external_task_marker_dag.py
[2025-06-26T23:05:10.612+0000] {processor.py:925} INFO - DAG(s) 'example_external_task_marker_child', 'example_external_task_marker_parent' retrieved from /home/airflow/.local/lib/python3.12/site-packages/airflow/example_dags/example_external_task_marker_dag.py
[2025-06-26T23:05:10.639+0000] {logging_mixin.py:190} INFO - [2025-06-26T23:05:10.639+0000] {dag.py:3239} INFO - Sync 2 DAGs
[2025-06-26T23:05:10.650+0000] {logging_mixin.py:190} INFO - [2025-06-26T23:05:10.650+0000] {dag.py:4180} INFO - Setting next_dagrun for example_external_task_marker_child to None, run_after=None
[2025-06-26T23:05:10.654+0000] {logging_mixin.py:190} INFO - [2025-06-26T23:05:10.654+0000] {dag.py:4180} INFO - Setting next_dagrun for example_external_task_marker_parent to None, run_after=None
[2025-06-26T23:05:10.670+0000] {processor.py:208} INFO - Processing /home/airflow/.local/lib/python3.12/site-packages/airflow/example_dags/example_external_task_marker_dag.py took 0.079 seconds
[2025-06-26T23:05:42.009+0000] {processor.py:186} INFO - Started process (PID=1127) to work on /home/airflow/.local/lib/python3.12/site-packages/airflow/example_dags/example_external_task_marker_dag.py
[2025-06-26T23:05:42.010+0000] {processor.py:914} INFO - Processing file /home/airflow/.local/lib/python3.12/site-packages/airflow/example_dags/example_external_task_marker_dag.py for tasks to queue
[2025-06-26T23:05:42.012+0000] {logging_mixin.py:190} INFO - [2025-06-26T23:05:42.012+0000] {dagbag.py:588} INFO - Filling up the DagBag from /home/airflow/.local/lib/python3.12/site-packages/airflow/example_dags/example_external_task_marker_dag.py
[2025-06-26T23:05:42.020+0000] {processor.py:925} INFO - DAG(s) 'example_external_task_marker_child', 'example_external_task_marker_parent' retrieved from /home/airflow/.local/lib/python3.12/site-packages/airflow/example_dags/example_external_task_marker_dag.py
[2025-06-26T23:05:42.041+0000] {logging_mixin.py:190} INFO - [2025-06-26T23:05:42.040+0000] {dag.py:3239} INFO - Sync 2 DAGs
[2025-06-26T23:05:42.052+0000] {logging_mixin.py:190} INFO - [2025-06-26T23:05:42.052+0000] {dag.py:4180} INFO - Setting next_dagrun for example_external_task_marker_child to None, run_after=None
[2025-06-26T23:05:42.057+0000] {logging_mixin.py:190} INFO - [2025-06-26T23:05:42.057+0000] {dag.py:4180} INFO - Setting next_dagrun for example_external_task_marker_parent to None, run_after=None
[2025-06-26T23:05:42.071+0000] {processor.py:208} INFO - Processing /home/airflow/.local/lib/python3.12/site-packages/airflow/example_dags/example_external_task_marker_dag.py took 0.069 seconds
[2025-06-26T23:06:13.301+0000] {processor.py:186} INFO - Started process (PID=1189) to work on /home/airflow/.local/lib/python3.12/site-packages/airflow/example_dags/example_external_task_marker_dag.py
[2025-06-26T23:06:13.303+0000] {processor.py:914} INFO - Processing file /home/airflow/.local/lib/python3.12/site-packages/airflow/example_dags/example_external_task_marker_dag.py for tasks to queue
[2025-06-26T23:06:13.310+0000] {logging_mixin.py:190} INFO - [2025-06-26T23:06:13.307+0000] {dagbag.py:588} INFO - Filling up the DagBag from /home/airflow/.local/lib/python3.12/site-packages/airflow/example_dags/example_external_task_marker_dag.py
[2025-06-26T23:06:13.387+0000] {processor.py:925} INFO - DAG(s) 'example_external_task_marker_parent', 'example_external_task_marker_child' retrieved from /home/airflow/.local/lib/python3.12/site-packages/airflow/example_dags/example_external_task_marker_dag.py
[2025-06-26T23:06:14.216+0000] {logging_mixin.py:190} INFO - [2025-06-26T23:06:14.200+0000] {dag.py:3239} INFO - Sync 2 DAGs
[2025-06-26T23:06:14.474+0000] {logging_mixin.py:190} INFO - [2025-06-26T23:06:14.469+0000] {dag.py:4180} INFO - Setting next_dagrun for example_external_task_marker_child to None, run_after=None
[2025-06-26T23:06:14.543+0000] {logging_mixin.py:190} INFO - [2025-06-26T23:06:14.537+0000] {dag.py:4180} INFO - Setting next_dagrun for example_external_task_marker_parent to None, run_after=None
[2025-06-26T23:06:15.108+0000] {processor.py:208} INFO - Processing /home/airflow/.local/lib/python3.12/site-packages/airflow/example_dags/example_external_task_marker_dag.py took 1.822 seconds
[2025-06-26T23:06:45.278+0000] {processor.py:186} INFO - Started process (PID=1251) to work on /home/airflow/.local/lib/python3.12/site-packages/airflow/example_dags/example_external_task_marker_dag.py
[2025-06-26T23:06:45.281+0000] {processor.py:914} INFO - Processing file /home/airflow/.local/lib/python3.12/site-packages/airflow/example_dags/example_external_task_marker_dag.py for tasks to queue
[2025-06-26T23:06:45.285+0000] {logging_mixin.py:190} INFO - [2025-06-26T23:06:45.284+0000] {dagbag.py:588} INFO - Filling up the DagBag from /home/airflow/.local/lib/python3.12/site-packages/airflow/example_dags/example_external_task_marker_dag.py
[2025-06-26T23:06:45.296+0000] {processor.py:925} INFO - DAG(s) 'example_external_task_marker_child', 'example_external_task_marker_parent' retrieved from /home/airflow/.local/lib/python3.12/site-packages/airflow/example_dags/example_external_task_marker_dag.py
[2025-06-26T23:06:45.337+0000] {logging_mixin.py:190} INFO - [2025-06-26T23:06:45.336+0000] {dag.py:3239} INFO - Sync 2 DAGs
[2025-06-26T23:06:45.354+0000] {logging_mixin.py:190} INFO - [2025-06-26T23:06:45.354+0000] {dag.py:4180} INFO - Setting next_dagrun for example_external_task_marker_child to None, run_after=None
[2025-06-26T23:06:45.358+0000] {logging_mixin.py:190} INFO - [2025-06-26T23:06:45.358+0000] {dag.py:4180} INFO - Setting next_dagrun for example_external_task_marker_parent to None, run_after=None
[2025-06-26T23:06:45.370+0000] {processor.py:208} INFO - Processing /home/airflow/.local/lib/python3.12/site-packages/airflow/example_dags/example_external_task_marker_dag.py took 0.102 seconds
[2025-06-26T23:07:17.172+0000] {processor.py:186} INFO - Started process (PID=1313) to work on /home/airflow/.local/lib/python3.12/site-packages/airflow/example_dags/example_external_task_marker_dag.py
[2025-06-26T23:07:17.177+0000] {processor.py:914} INFO - Processing file /home/airflow/.local/lib/python3.12/site-packages/airflow/example_dags/example_external_task_marker_dag.py for tasks to queue
[2025-06-26T23:07:17.182+0000] {logging_mixin.py:190} INFO - [2025-06-26T23:07:17.182+0000] {dagbag.py:588} INFO - Filling up the DagBag from /home/airflow/.local/lib/python3.12/site-packages/airflow/example_dags/example_external_task_marker_dag.py
[2025-06-26T23:07:17.204+0000] {processor.py:925} INFO - DAG(s) 'example_external_task_marker_child', 'example_external_task_marker_parent' retrieved from /home/airflow/.local/lib/python3.12/site-packages/airflow/example_dags/example_external_task_marker_dag.py
[2025-06-26T23:07:17.260+0000] {logging_mixin.py:190} INFO - [2025-06-26T23:07:17.259+0000] {dag.py:3239} INFO - Sync 2 DAGs
[2025-06-26T23:07:17.292+0000] {logging_mixin.py:190} INFO - [2025-06-26T23:07:17.291+0000] {dag.py:4180} INFO - Setting next_dagrun for example_external_task_marker_child to None, run_after=None
[2025-06-26T23:07:17.301+0000] {logging_mixin.py:190} INFO - [2025-06-26T23:07:17.301+0000] {dag.py:4180} INFO - Setting next_dagrun for example_external_task_marker_parent to None, run_after=None
[2025-06-26T23:07:17.326+0000] {processor.py:208} INFO - Processing /home/airflow/.local/lib/python3.12/site-packages/airflow/example_dags/example_external_task_marker_dag.py took 0.158 seconds
