[2025-06-26T22:55:36.873+0000] {processor.py:186} INFO - Started process (PID=91) to work on /home/airflow/.local/lib/python3.12/site-packages/airflow/example_dags/example_datasets.py
[2025-06-26T22:55:36.880+0000] {processor.py:914} INFO - Processing file /home/airflow/.local/lib/python3.12/site-packages/airflow/example_dags/example_datasets.py for tasks to queue
[2025-06-26T22:55:36.897+0000] {logging_mixin.py:190} INFO - [2025-06-26T22:55:36.895+0000] {dagbag.py:588} INFO - Filling up the DagBag from /home/airflow/.local/lib/python3.12/site-packages/airflow/example_dags/example_datasets.py
[2025-06-26T22:55:38.158+0000] {processor.py:925} INFO - DAG(s) 'dataset_consumes_1', 'dataset_produces_2', 'dataset_consumes_1_and_2', 'dataset_consumes_1_never_scheduled', 'conditional_dataset_and_time_based_timetable', 'consume_1_and_2_with_dataset_expressions', 'dataset_consumes_unknown_never_scheduled', 'dataset_produces_1', 'consume_1_or_both_2_and_3_with_dataset_expressions', 'consume_1_or_2_with_dataset_expressions' retrieved from /home/airflow/.local/lib/python3.12/site-packages/airflow/example_dags/example_datasets.py
[2025-06-26T22:55:38.468+0000] {logging_mixin.py:190} INFO - [2025-06-26T22:55:38.466+0000] {override.py:1900} INFO - Created Permission View: can read on DAG:dataset_consumes_1
[2025-06-26T22:55:38.491+0000] {logging_mixin.py:190} INFO - [2025-06-26T22:55:38.491+0000] {override.py:1900} INFO - Created Permission View: can delete on DAG:dataset_consumes_1
[2025-06-26T22:55:38.505+0000] {logging_mixin.py:190} INFO - [2025-06-26T22:55:38.504+0000] {override.py:1900} INFO - Created Permission View: can edit on DAG:dataset_consumes_1
[2025-06-26T22:55:38.517+0000] {logging_mixin.py:190} INFO - [2025-06-26T22:55:38.515+0000] {override.py:1900} INFO - Created Permission View: can read on DAG Run:dataset_consumes_1
[2025-06-26T22:55:38.558+0000] {logging_mixin.py:190} INFO - [2025-06-26T22:55:38.557+0000] {override.py:1900} INFO - Created Permission View: menu access on DAG Run:dataset_consumes_1
[2025-06-26T22:55:38.579+0000] {logging_mixin.py:190} INFO - [2025-06-26T22:55:38.578+0000] {override.py:1900} INFO - Created Permission View: can delete on DAG Run:dataset_consumes_1
[2025-06-26T22:55:38.586+0000] {logging_mixin.py:190} INFO - [2025-06-26T22:55:38.585+0000] {override.py:1900} INFO - Created Permission View: can create on DAG Run:dataset_consumes_1
[2025-06-26T22:55:38.603+0000] {logging_mixin.py:190} INFO - [2025-06-26T22:55:38.603+0000] {override.py:1900} INFO - Created Permission View: can read on DAG:dataset_produces_2
[2025-06-26T22:55:38.609+0000] {logging_mixin.py:190} INFO - [2025-06-26T22:55:38.609+0000] {override.py:1900} INFO - Created Permission View: can delete on DAG:dataset_produces_2
[2025-06-26T22:55:38.616+0000] {logging_mixin.py:190} INFO - [2025-06-26T22:55:38.616+0000] {override.py:1900} INFO - Created Permission View: can edit on DAG:dataset_produces_2
[2025-06-26T22:55:38.628+0000] {logging_mixin.py:190} INFO - [2025-06-26T22:55:38.627+0000] {override.py:1900} INFO - Created Permission View: can read on DAG Run:dataset_produces_2
[2025-06-26T22:55:38.639+0000] {logging_mixin.py:190} INFO - [2025-06-26T22:55:38.639+0000] {override.py:1900} INFO - Created Permission View: menu access on DAG Run:dataset_produces_2
[2025-06-26T22:55:38.647+0000] {logging_mixin.py:190} INFO - [2025-06-26T22:55:38.647+0000] {override.py:1900} INFO - Created Permission View: can delete on DAG Run:dataset_produces_2
[2025-06-26T22:55:38.657+0000] {logging_mixin.py:190} INFO - [2025-06-26T22:55:38.657+0000] {override.py:1900} INFO - Created Permission View: can create on DAG Run:dataset_produces_2
[2025-06-26T22:55:38.672+0000] {logging_mixin.py:190} INFO - [2025-06-26T22:55:38.672+0000] {override.py:1900} INFO - Created Permission View: can read on DAG:dataset_consumes_1_and_2
[2025-06-26T22:55:38.681+0000] {logging_mixin.py:190} INFO - [2025-06-26T22:55:38.681+0000] {override.py:1900} INFO - Created Permission View: can delete on DAG:dataset_consumes_1_and_2
[2025-06-26T22:55:38.695+0000] {logging_mixin.py:190} INFO - [2025-06-26T22:55:38.695+0000] {override.py:1900} INFO - Created Permission View: can edit on DAG:dataset_consumes_1_and_2
[2025-06-26T22:55:38.718+0000] {logging_mixin.py:190} INFO - [2025-06-26T22:55:38.718+0000] {override.py:1900} INFO - Created Permission View: can read on DAG Run:dataset_consumes_1_and_2
[2025-06-26T22:55:38.733+0000] {logging_mixin.py:190} INFO - [2025-06-26T22:55:38.733+0000] {override.py:1900} INFO - Created Permission View: menu access on DAG Run:dataset_consumes_1_and_2
[2025-06-26T22:55:38.746+0000] {logging_mixin.py:190} INFO - [2025-06-26T22:55:38.745+0000] {override.py:1900} INFO - Created Permission View: can delete on DAG Run:dataset_consumes_1_and_2
[2025-06-26T22:55:38.754+0000] {logging_mixin.py:190} INFO - [2025-06-26T22:55:38.754+0000] {override.py:1900} INFO - Created Permission View: can create on DAG Run:dataset_consumes_1_and_2
[2025-06-26T22:55:38.777+0000] {logging_mixin.py:190} INFO - [2025-06-26T22:55:38.776+0000] {override.py:1900} INFO - Created Permission View: can read on DAG:dataset_consumes_1_never_scheduled
[2025-06-26T22:55:38.783+0000] {logging_mixin.py:190} INFO - [2025-06-26T22:55:38.782+0000] {override.py:1900} INFO - Created Permission View: can delete on DAG:dataset_consumes_1_never_scheduled
[2025-06-26T22:55:38.790+0000] {logging_mixin.py:190} INFO - [2025-06-26T22:55:38.790+0000] {override.py:1900} INFO - Created Permission View: can edit on DAG:dataset_consumes_1_never_scheduled
[2025-06-26T22:55:38.797+0000] {logging_mixin.py:190} INFO - [2025-06-26T22:55:38.797+0000] {override.py:1900} INFO - Created Permission View: can read on DAG Run:dataset_consumes_1_never_scheduled
[2025-06-26T22:55:38.803+0000] {logging_mixin.py:190} INFO - [2025-06-26T22:55:38.803+0000] {override.py:1900} INFO - Created Permission View: menu access on DAG Run:dataset_consumes_1_never_scheduled
[2025-06-26T22:55:38.809+0000] {logging_mixin.py:190} INFO - [2025-06-26T22:55:38.809+0000] {override.py:1900} INFO - Created Permission View: can delete on DAG Run:dataset_consumes_1_never_scheduled
[2025-06-26T22:55:38.818+0000] {logging_mixin.py:190} INFO - [2025-06-26T22:55:38.818+0000] {override.py:1900} INFO - Created Permission View: can create on DAG Run:dataset_consumes_1_never_scheduled
[2025-06-26T22:55:38.837+0000] {logging_mixin.py:190} INFO - [2025-06-26T22:55:38.837+0000] {override.py:1900} INFO - Created Permission View: can read on DAG:conditional_dataset_and_time_based_timetable
[2025-06-26T22:55:38.843+0000] {logging_mixin.py:190} INFO - [2025-06-26T22:55:38.843+0000] {override.py:1900} INFO - Created Permission View: can delete on DAG:conditional_dataset_and_time_based_timetable
[2025-06-26T22:55:38.850+0000] {logging_mixin.py:190} INFO - [2025-06-26T22:55:38.850+0000] {override.py:1900} INFO - Created Permission View: can edit on DAG:conditional_dataset_and_time_based_timetable
[2025-06-26T22:55:38.854+0000] {logging_mixin.py:190} INFO - [2025-06-26T22:55:38.854+0000] {override.py:1900} INFO - Created Permission View: can read on DAG Run:conditional_dataset_and_time_based_timetable
[2025-06-26T22:55:38.864+0000] {logging_mixin.py:190} INFO - [2025-06-26T22:55:38.864+0000] {override.py:1900} INFO - Created Permission View: menu access on DAG Run:conditional_dataset_and_time_based_timetable
[2025-06-26T22:55:38.870+0000] {logging_mixin.py:190} INFO - [2025-06-26T22:55:38.870+0000] {override.py:1900} INFO - Created Permission View: can delete on DAG Run:conditional_dataset_and_time_based_timetable
[2025-06-26T22:55:38.885+0000] {logging_mixin.py:190} INFO - [2025-06-26T22:55:38.885+0000] {override.py:1900} INFO - Created Permission View: can create on DAG Run:conditional_dataset_and_time_based_timetable
[2025-06-26T22:55:38.899+0000] {logging_mixin.py:190} INFO - [2025-06-26T22:55:38.898+0000] {override.py:1900} INFO - Created Permission View: can read on DAG:consume_1_and_2_with_dataset_expressions
[2025-06-26T22:55:38.906+0000] {logging_mixin.py:190} INFO - [2025-06-26T22:55:38.905+0000] {override.py:1900} INFO - Created Permission View: can delete on DAG:consume_1_and_2_with_dataset_expressions
[2025-06-26T22:55:38.911+0000] {logging_mixin.py:190} INFO - [2025-06-26T22:55:38.910+0000] {override.py:1900} INFO - Created Permission View: can edit on DAG:consume_1_and_2_with_dataset_expressions
[2025-06-26T22:55:38.915+0000] {logging_mixin.py:190} INFO - [2025-06-26T22:55:38.915+0000] {override.py:1900} INFO - Created Permission View: can read on DAG Run:consume_1_and_2_with_dataset_expressions
[2025-06-26T22:55:38.919+0000] {logging_mixin.py:190} INFO - [2025-06-26T22:55:38.919+0000] {override.py:1900} INFO - Created Permission View: menu access on DAG Run:consume_1_and_2_with_dataset_expressions
[2025-06-26T22:55:38.941+0000] {logging_mixin.py:190} INFO - [2025-06-26T22:55:38.941+0000] {override.py:1900} INFO - Created Permission View: can delete on DAG Run:consume_1_and_2_with_dataset_expressions
[2025-06-26T22:55:38.964+0000] {logging_mixin.py:190} INFO - [2025-06-26T22:55:38.964+0000] {override.py:1900} INFO - Created Permission View: can create on DAG Run:consume_1_and_2_with_dataset_expressions
[2025-06-26T22:55:39.126+0000] {logging_mixin.py:190} INFO - [2025-06-26T22:55:39.126+0000] {override.py:1900} INFO - Created Permission View: can read on DAG:dataset_consumes_unknown_never_scheduled
[2025-06-26T22:55:39.137+0000] {logging_mixin.py:190} INFO - [2025-06-26T22:55:39.136+0000] {override.py:1900} INFO - Created Permission View: can delete on DAG:dataset_consumes_unknown_never_scheduled
[2025-06-26T22:55:39.147+0000] {logging_mixin.py:190} INFO - [2025-06-26T22:55:39.147+0000] {override.py:1900} INFO - Created Permission View: can edit on DAG:dataset_consumes_unknown_never_scheduled
[2025-06-26T22:55:39.154+0000] {logging_mixin.py:190} INFO - [2025-06-26T22:55:39.154+0000] {override.py:1900} INFO - Created Permission View: can read on DAG Run:dataset_consumes_unknown_never_scheduled
[2025-06-26T22:55:39.159+0000] {logging_mixin.py:190} INFO - [2025-06-26T22:55:39.159+0000] {override.py:1900} INFO - Created Permission View: menu access on DAG Run:dataset_consumes_unknown_never_scheduled
[2025-06-26T22:55:39.169+0000] {logging_mixin.py:190} INFO - [2025-06-26T22:55:39.169+0000] {override.py:1900} INFO - Created Permission View: can delete on DAG Run:dataset_consumes_unknown_never_scheduled
[2025-06-26T22:55:39.175+0000] {logging_mixin.py:190} INFO - [2025-06-26T22:55:39.175+0000] {override.py:1900} INFO - Created Permission View: can create on DAG Run:dataset_consumes_unknown_never_scheduled
[2025-06-26T22:55:39.189+0000] {logging_mixin.py:190} INFO - [2025-06-26T22:55:39.189+0000] {override.py:1900} INFO - Created Permission View: can read on DAG:dataset_produces_1
[2025-06-26T22:55:39.196+0000] {logging_mixin.py:190} INFO - [2025-06-26T22:55:39.195+0000] {override.py:1900} INFO - Created Permission View: can delete on DAG:dataset_produces_1
[2025-06-26T22:55:39.203+0000] {logging_mixin.py:190} INFO - [2025-06-26T22:55:39.203+0000] {override.py:1900} INFO - Created Permission View: can edit on DAG:dataset_produces_1
[2025-06-26T22:55:39.210+0000] {logging_mixin.py:190} INFO - [2025-06-26T22:55:39.210+0000] {override.py:1900} INFO - Created Permission View: can read on DAG Run:dataset_produces_1
[2025-06-26T22:55:39.218+0000] {logging_mixin.py:190} INFO - [2025-06-26T22:55:39.218+0000] {override.py:1900} INFO - Created Permission View: menu access on DAG Run:dataset_produces_1
[2025-06-26T22:55:39.228+0000] {logging_mixin.py:190} INFO - [2025-06-26T22:55:39.228+0000] {override.py:1900} INFO - Created Permission View: can delete on DAG Run:dataset_produces_1
[2025-06-26T22:55:39.238+0000] {logging_mixin.py:190} INFO - [2025-06-26T22:55:39.237+0000] {override.py:1900} INFO - Created Permission View: can create on DAG Run:dataset_produces_1
[2025-06-26T22:55:39.264+0000] {logging_mixin.py:190} INFO - [2025-06-26T22:55:39.263+0000] {override.py:1900} INFO - Created Permission View: can read on DAG:consume_1_or_both_2_and_3_with_dataset_expressions
[2025-06-26T22:55:39.271+0000] {logging_mixin.py:190} INFO - [2025-06-26T22:55:39.270+0000] {override.py:1900} INFO - Created Permission View: can delete on DAG:consume_1_or_both_2_and_3_with_dataset_expressions
[2025-06-26T22:55:39.276+0000] {logging_mixin.py:190} INFO - [2025-06-26T22:55:39.276+0000] {override.py:1900} INFO - Created Permission View: can edit on DAG:consume_1_or_both_2_and_3_with_dataset_expressions
[2025-06-26T22:55:39.286+0000] {logging_mixin.py:190} INFO - [2025-06-26T22:55:39.285+0000] {override.py:1900} INFO - Created Permission View: can read on DAG Run:consume_1_or_both_2_and_3_with_dataset_expressions
[2025-06-26T22:55:39.296+0000] {logging_mixin.py:190} INFO - [2025-06-26T22:55:39.295+0000] {override.py:1900} INFO - Created Permission View: menu access on DAG Run:consume_1_or_both_2_and_3_with_dataset_expressions
[2025-06-26T22:55:39.314+0000] {logging_mixin.py:190} INFO - [2025-06-26T22:55:39.314+0000] {override.py:1900} INFO - Created Permission View: can delete on DAG Run:consume_1_or_both_2_and_3_with_dataset_expressions
[2025-06-26T22:55:39.330+0000] {logging_mixin.py:190} INFO - [2025-06-26T22:55:39.329+0000] {override.py:1900} INFO - Created Permission View: can create on DAG Run:consume_1_or_both_2_and_3_with_dataset_expressions
[2025-06-26T22:55:39.473+0000] {logging_mixin.py:190} INFO - [2025-06-26T22:55:39.473+0000] {override.py:1900} INFO - Created Permission View: can read on DAG:consume_1_or_2_with_dataset_expressions
[2025-06-26T22:55:39.505+0000] {logging_mixin.py:190} INFO - [2025-06-26T22:55:39.505+0000] {override.py:1900} INFO - Created Permission View: can delete on DAG:consume_1_or_2_with_dataset_expressions
[2025-06-26T22:55:39.534+0000] {logging_mixin.py:190} INFO - [2025-06-26T22:55:39.533+0000] {override.py:1900} INFO - Created Permission View: can edit on DAG:consume_1_or_2_with_dataset_expressions
[2025-06-26T22:55:39.570+0000] {logging_mixin.py:190} INFO - [2025-06-26T22:55:39.569+0000] {override.py:1900} INFO - Created Permission View: can read on DAG Run:consume_1_or_2_with_dataset_expressions
[2025-06-26T22:55:39.602+0000] {logging_mixin.py:190} INFO - [2025-06-26T22:55:39.602+0000] {override.py:1900} INFO - Created Permission View: menu access on DAG Run:consume_1_or_2_with_dataset_expressions
[2025-06-26T22:55:39.631+0000] {logging_mixin.py:190} INFO - [2025-06-26T22:55:39.630+0000] {override.py:1900} INFO - Created Permission View: can delete on DAG Run:consume_1_or_2_with_dataset_expressions
[2025-06-26T22:55:39.651+0000] {logging_mixin.py:190} INFO - [2025-06-26T22:55:39.651+0000] {override.py:1900} INFO - Created Permission View: can create on DAG Run:consume_1_or_2_with_dataset_expressions
[2025-06-26T22:55:39.656+0000] {logging_mixin.py:190} INFO - [2025-06-26T22:55:39.655+0000] {dag.py:3239} INFO - Sync 10 DAGs
[2025-06-26T22:55:39.896+0000] {logging_mixin.py:190} INFO - [2025-06-26T22:55:39.891+0000] {dag.py:3262} INFO - Creating ORM DAG for dataset_produces_1
[2025-06-26T22:55:39.902+0000] {logging_mixin.py:190} INFO - [2025-06-26T22:55:39.902+0000] {dag.py:3262} INFO - Creating ORM DAG for conditional_dataset_and_time_based_timetable
[2025-06-26T22:55:39.903+0000] {logging_mixin.py:190} INFO - [2025-06-26T22:55:39.903+0000] {dag.py:3262} INFO - Creating ORM DAG for dataset_consumes_1
[2025-06-26T22:55:39.904+0000] {logging_mixin.py:190} INFO - [2025-06-26T22:55:39.903+0000] {dag.py:3262} INFO - Creating ORM DAG for dataset_consumes_1_never_scheduled
[2025-06-26T22:55:39.904+0000] {logging_mixin.py:190} INFO - [2025-06-26T22:55:39.904+0000] {dag.py:3262} INFO - Creating ORM DAG for dataset_produces_2
[2025-06-26T22:55:39.905+0000] {logging_mixin.py:190} INFO - [2025-06-26T22:55:39.905+0000] {dag.py:3262} INFO - Creating ORM DAG for consume_1_and_2_with_dataset_expressions
[2025-06-26T22:55:39.911+0000] {logging_mixin.py:190} INFO - [2025-06-26T22:55:39.910+0000] {dag.py:3262} INFO - Creating ORM DAG for dataset_consumes_unknown_never_scheduled
[2025-06-26T22:55:39.922+0000] {logging_mixin.py:190} INFO - [2025-06-26T22:55:39.918+0000] {dag.py:3262} INFO - Creating ORM DAG for consume_1_or_2_with_dataset_expressions
[2025-06-26T22:55:39.925+0000] {logging_mixin.py:190} INFO - [2025-06-26T22:55:39.924+0000] {dag.py:3262} INFO - Creating ORM DAG for consume_1_or_both_2_and_3_with_dataset_expressions
[2025-06-26T22:55:39.928+0000] {logging_mixin.py:190} INFO - [2025-06-26T22:55:39.928+0000] {dag.py:3262} INFO - Creating ORM DAG for dataset_consumes_1_and_2
[2025-06-26T22:55:40.060+0000] {logging_mixin.py:190} INFO - [2025-06-26T22:55:40.057+0000] {dag.py:4180} INFO - Setting next_dagrun for conditional_dataset_and_time_based_timetable to 2025-06-25 01:00:00+00:00, run_after=2025-06-25 01:00:00+00:00
[2025-06-26T22:55:40.062+0000] {logging_mixin.py:190} INFO - [2025-06-26T22:55:40.061+0000] {dag.py:4180} INFO - Setting next_dagrun for consume_1_and_2_with_dataset_expressions to None, run_after=None
[2025-06-26T22:55:40.062+0000] {logging_mixin.py:190} INFO - [2025-06-26T22:55:40.062+0000] {dag.py:4180} INFO - Setting next_dagrun for consume_1_or_2_with_dataset_expressions to None, run_after=None
[2025-06-26T22:55:40.063+0000] {logging_mixin.py:190} INFO - [2025-06-26T22:55:40.063+0000] {dag.py:4180} INFO - Setting next_dagrun for consume_1_or_both_2_and_3_with_dataset_expressions to None, run_after=None
[2025-06-26T22:55:40.064+0000] {logging_mixin.py:190} INFO - [2025-06-26T22:55:40.063+0000] {dag.py:4180} INFO - Setting next_dagrun for dataset_consumes_1 to None, run_after=None
[2025-06-26T22:55:40.065+0000] {logging_mixin.py:190} INFO - [2025-06-26T22:55:40.064+0000] {dag.py:4180} INFO - Setting next_dagrun for dataset_consumes_1_and_2 to None, run_after=None
[2025-06-26T22:55:40.066+0000] {logging_mixin.py:190} INFO - [2025-06-26T22:55:40.066+0000] {dag.py:4180} INFO - Setting next_dagrun for dataset_consumes_1_never_scheduled to None, run_after=None
[2025-06-26T22:55:40.068+0000] {logging_mixin.py:190} INFO - [2025-06-26T22:55:40.067+0000] {dag.py:4180} INFO - Setting next_dagrun for dataset_consumes_unknown_never_scheduled to None, run_after=None
[2025-06-26T22:55:40.074+0000] {logging_mixin.py:190} INFO - [2025-06-26T22:55:40.073+0000] {dag.py:4180} INFO - Setting next_dagrun for dataset_produces_1 to 2025-06-25 00:00:00+00:00, run_after=2025-06-26 00:00:00+00:00
[2025-06-26T22:55:40.076+0000] {logging_mixin.py:190} INFO - [2025-06-26T22:55:40.075+0000] {dag.py:4180} INFO - Setting next_dagrun for dataset_produces_2 to None, run_after=None
[2025-06-26T22:55:40.368+0000] {processor.py:208} INFO - Processing /home/airflow/.local/lib/python3.12/site-packages/airflow/example_dags/example_datasets.py took 3.558 seconds
[2025-06-26T22:56:11.329+0000] {processor.py:186} INFO - Started process (PID=155) to work on /home/airflow/.local/lib/python3.12/site-packages/airflow/example_dags/example_datasets.py
[2025-06-26T22:56:11.330+0000] {processor.py:914} INFO - Processing file /home/airflow/.local/lib/python3.12/site-packages/airflow/example_dags/example_datasets.py for tasks to queue
[2025-06-26T22:56:11.332+0000] {logging_mixin.py:190} INFO - [2025-06-26T22:56:11.332+0000] {dagbag.py:588} INFO - Filling up the DagBag from /home/airflow/.local/lib/python3.12/site-packages/airflow/example_dags/example_datasets.py
[2025-06-26T22:56:11.624+0000] {processor.py:925} INFO - DAG(s) 'dataset_consumes_1_and_2', 'consume_1_and_2_with_dataset_expressions', 'dataset_produces_1', 'dataset_consumes_unknown_never_scheduled', 'dataset_produces_2', 'dataset_consumes_1_never_scheduled', 'consume_1_or_both_2_and_3_with_dataset_expressions', 'conditional_dataset_and_time_based_timetable', 'consume_1_or_2_with_dataset_expressions', 'dataset_consumes_1' retrieved from /home/airflow/.local/lib/python3.12/site-packages/airflow/example_dags/example_datasets.py
[2025-06-26T22:56:11.661+0000] {logging_mixin.py:190} INFO - [2025-06-26T22:56:11.660+0000] {dag.py:3239} INFO - Sync 10 DAGs
[2025-06-26T22:56:11.702+0000] {logging_mixin.py:190} INFO - [2025-06-26T22:56:11.702+0000] {dag.py:4180} INFO - Setting next_dagrun for conditional_dataset_and_time_based_timetable to 2025-06-25 01:00:00+00:00, run_after=2025-06-25 01:00:00+00:00
[2025-06-26T22:56:11.705+0000] {logging_mixin.py:190} INFO - [2025-06-26T22:56:11.705+0000] {dag.py:4180} INFO - Setting next_dagrun for consume_1_and_2_with_dataset_expressions to None, run_after=None
[2025-06-26T22:56:11.707+0000] {logging_mixin.py:190} INFO - [2025-06-26T22:56:11.707+0000] {dag.py:4180} INFO - Setting next_dagrun for consume_1_or_2_with_dataset_expressions to None, run_after=None
[2025-06-26T22:56:11.709+0000] {logging_mixin.py:190} INFO - [2025-06-26T22:56:11.709+0000] {dag.py:4180} INFO - Setting next_dagrun for consume_1_or_both_2_and_3_with_dataset_expressions to None, run_after=None
[2025-06-26T22:56:11.710+0000] {logging_mixin.py:190} INFO - [2025-06-26T22:56:11.710+0000] {dag.py:4180} INFO - Setting next_dagrun for dataset_consumes_1 to None, run_after=None
[2025-06-26T22:56:11.711+0000] {logging_mixin.py:190} INFO - [2025-06-26T22:56:11.711+0000] {dag.py:4180} INFO - Setting next_dagrun for dataset_consumes_1_and_2 to None, run_after=None
[2025-06-26T22:56:11.712+0000] {logging_mixin.py:190} INFO - [2025-06-26T22:56:11.712+0000] {dag.py:4180} INFO - Setting next_dagrun for dataset_consumes_1_never_scheduled to None, run_after=None
[2025-06-26T22:56:11.714+0000] {logging_mixin.py:190} INFO - [2025-06-26T22:56:11.714+0000] {dag.py:4180} INFO - Setting next_dagrun for dataset_consumes_unknown_never_scheduled to None, run_after=None
[2025-06-26T22:56:11.720+0000] {logging_mixin.py:190} INFO - [2025-06-26T22:56:11.719+0000] {dag.py:4180} INFO - Setting next_dagrun for dataset_produces_1 to 2025-06-25 00:00:00+00:00, run_after=2025-06-26 00:00:00+00:00
[2025-06-26T22:56:11.720+0000] {logging_mixin.py:190} INFO - [2025-06-26T22:56:11.720+0000] {dag.py:4180} INFO - Setting next_dagrun for dataset_produces_2 to None, run_after=None
[2025-06-26T22:56:11.790+0000] {processor.py:208} INFO - Processing /home/airflow/.local/lib/python3.12/site-packages/airflow/example_dags/example_datasets.py took 0.467 seconds
[2025-06-26T22:56:45.141+0000] {processor.py:186} INFO - Started process (PID=217) to work on /home/airflow/.local/lib/python3.12/site-packages/airflow/example_dags/example_datasets.py
[2025-06-26T22:56:45.151+0000] {processor.py:914} INFO - Processing file /home/airflow/.local/lib/python3.12/site-packages/airflow/example_dags/example_datasets.py for tasks to queue
[2025-06-26T22:56:45.172+0000] {logging_mixin.py:190} INFO - [2025-06-26T22:56:45.171+0000] {dagbag.py:588} INFO - Filling up the DagBag from /home/airflow/.local/lib/python3.12/site-packages/airflow/example_dags/example_datasets.py
[2025-06-26T22:56:46.181+0000] {processor.py:925} INFO - DAG(s) 'conditional_dataset_and_time_based_timetable', 'dataset_consumes_1', 'dataset_produces_1', 'dataset_produces_2', 'consume_1_or_both_2_and_3_with_dataset_expressions', 'dataset_consumes_1_never_scheduled', 'dataset_consumes_1_and_2', 'dataset_consumes_unknown_never_scheduled', 'consume_1_and_2_with_dataset_expressions', 'consume_1_or_2_with_dataset_expressions' retrieved from /home/airflow/.local/lib/python3.12/site-packages/airflow/example_dags/example_datasets.py
[2025-06-26T22:56:46.291+0000] {logging_mixin.py:190} INFO - [2025-06-26T22:56:46.290+0000] {dag.py:3239} INFO - Sync 10 DAGs
[2025-06-26T22:56:46.472+0000] {logging_mixin.py:190} INFO - [2025-06-26T22:56:46.468+0000] {dag.py:4180} INFO - Setting next_dagrun for conditional_dataset_and_time_based_timetable to 2025-06-25 01:00:00+00:00, run_after=2025-06-25 01:00:00+00:00
[2025-06-26T22:56:46.489+0000] {logging_mixin.py:190} INFO - [2025-06-26T22:56:46.489+0000] {dag.py:4180} INFO - Setting next_dagrun for consume_1_and_2_with_dataset_expressions to None, run_after=None
[2025-06-26T22:56:46.494+0000] {logging_mixin.py:190} INFO - [2025-06-26T22:56:46.493+0000] {dag.py:4180} INFO - Setting next_dagrun for consume_1_or_2_with_dataset_expressions to None, run_after=None
[2025-06-26T22:56:46.497+0000] {logging_mixin.py:190} INFO - [2025-06-26T22:56:46.497+0000] {dag.py:4180} INFO - Setting next_dagrun for consume_1_or_both_2_and_3_with_dataset_expressions to None, run_after=None
[2025-06-26T22:56:46.503+0000] {logging_mixin.py:190} INFO - [2025-06-26T22:56:46.502+0000] {dag.py:4180} INFO - Setting next_dagrun for dataset_consumes_1 to None, run_after=None
[2025-06-26T22:56:46.516+0000] {logging_mixin.py:190} INFO - [2025-06-26T22:56:46.515+0000] {dag.py:4180} INFO - Setting next_dagrun for dataset_consumes_1_and_2 to None, run_after=None
[2025-06-26T22:56:46.523+0000] {logging_mixin.py:190} INFO - [2025-06-26T22:56:46.523+0000] {dag.py:4180} INFO - Setting next_dagrun for dataset_consumes_1_never_scheduled to None, run_after=None
[2025-06-26T22:56:46.529+0000] {logging_mixin.py:190} INFO - [2025-06-26T22:56:46.529+0000] {dag.py:4180} INFO - Setting next_dagrun for dataset_consumes_unknown_never_scheduled to None, run_after=None
[2025-06-26T22:56:46.541+0000] {logging_mixin.py:190} INFO - [2025-06-26T22:56:46.536+0000] {dag.py:4180} INFO - Setting next_dagrun for dataset_produces_1 to 2025-06-25 00:00:00+00:00, run_after=2025-06-26 00:00:00+00:00
[2025-06-26T22:56:46.547+0000] {logging_mixin.py:190} INFO - [2025-06-26T22:56:46.546+0000] {dag.py:4180} INFO - Setting next_dagrun for dataset_produces_2 to None, run_after=None
[2025-06-26T22:56:46.640+0000] {processor.py:208} INFO - Processing /home/airflow/.local/lib/python3.12/site-packages/airflow/example_dags/example_datasets.py took 1.542 seconds
[2025-06-26T22:57:16.978+0000] {processor.py:186} INFO - Started process (PID=281) to work on /home/airflow/.local/lib/python3.12/site-packages/airflow/example_dags/example_datasets.py
[2025-06-26T22:57:16.979+0000] {processor.py:914} INFO - Processing file /home/airflow/.local/lib/python3.12/site-packages/airflow/example_dags/example_datasets.py for tasks to queue
[2025-06-26T22:57:16.980+0000] {logging_mixin.py:190} INFO - [2025-06-26T22:57:16.980+0000] {dagbag.py:588} INFO - Filling up the DagBag from /home/airflow/.local/lib/python3.12/site-packages/airflow/example_dags/example_datasets.py
[2025-06-26T22:57:17.424+0000] {processor.py:925} INFO - DAG(s) 'consume_1_and_2_with_dataset_expressions', 'dataset_consumes_1_and_2', 'dataset_consumes_1', 'consume_1_or_2_with_dataset_expressions', 'dataset_produces_2', 'conditional_dataset_and_time_based_timetable', 'consume_1_or_both_2_and_3_with_dataset_expressions', 'dataset_consumes_unknown_never_scheduled', 'dataset_produces_1', 'dataset_consumes_1_never_scheduled' retrieved from /home/airflow/.local/lib/python3.12/site-packages/airflow/example_dags/example_datasets.py
[2025-06-26T22:57:17.507+0000] {logging_mixin.py:190} INFO - [2025-06-26T22:57:17.506+0000] {dag.py:3239} INFO - Sync 10 DAGs
[2025-06-26T22:57:17.555+0000] {logging_mixin.py:190} INFO - [2025-06-26T22:57:17.554+0000] {dag.py:4180} INFO - Setting next_dagrun for conditional_dataset_and_time_based_timetable to 2025-06-25 01:00:00+00:00, run_after=2025-06-25 01:00:00+00:00
[2025-06-26T22:57:17.560+0000] {logging_mixin.py:190} INFO - [2025-06-26T22:57:17.560+0000] {dag.py:4180} INFO - Setting next_dagrun for consume_1_and_2_with_dataset_expressions to None, run_after=None
[2025-06-26T22:57:17.561+0000] {logging_mixin.py:190} INFO - [2025-06-26T22:57:17.561+0000] {dag.py:4180} INFO - Setting next_dagrun for consume_1_or_2_with_dataset_expressions to None, run_after=None
[2025-06-26T22:57:17.562+0000] {logging_mixin.py:190} INFO - [2025-06-26T22:57:17.562+0000] {dag.py:4180} INFO - Setting next_dagrun for consume_1_or_both_2_and_3_with_dataset_expressions to None, run_after=None
[2025-06-26T22:57:17.562+0000] {logging_mixin.py:190} INFO - [2025-06-26T22:57:17.562+0000] {dag.py:4180} INFO - Setting next_dagrun for dataset_consumes_1 to None, run_after=None
[2025-06-26T22:57:17.563+0000] {logging_mixin.py:190} INFO - [2025-06-26T22:57:17.563+0000] {dag.py:4180} INFO - Setting next_dagrun for dataset_consumes_1_and_2 to None, run_after=None
[2025-06-26T22:57:17.564+0000] {logging_mixin.py:190} INFO - [2025-06-26T22:57:17.563+0000] {dag.py:4180} INFO - Setting next_dagrun for dataset_consumes_1_never_scheduled to None, run_after=None
[2025-06-26T22:57:17.564+0000] {logging_mixin.py:190} INFO - [2025-06-26T22:57:17.564+0000] {dag.py:4180} INFO - Setting next_dagrun for dataset_consumes_unknown_never_scheduled to None, run_after=None
[2025-06-26T22:57:17.565+0000] {logging_mixin.py:190} INFO - [2025-06-26T22:57:17.565+0000] {dag.py:4180} INFO - Setting next_dagrun for dataset_produces_1 to 2025-06-25 00:00:00+00:00, run_after=2025-06-26 00:00:00+00:00
[2025-06-26T22:57:17.566+0000] {logging_mixin.py:190} INFO - [2025-06-26T22:57:17.566+0000] {dag.py:4180} INFO - Setting next_dagrun for dataset_produces_2 to None, run_after=None
[2025-06-26T22:57:17.625+0000] {processor.py:208} INFO - Processing /home/airflow/.local/lib/python3.12/site-packages/airflow/example_dags/example_datasets.py took 0.654 seconds
[2025-06-26T22:58:10.257+0000] {processor.py:186} INFO - Started process (PID=350) to work on /home/airflow/.local/lib/python3.12/site-packages/airflow/example_dags/example_datasets.py
[2025-06-26T22:58:10.275+0000] {processor.py:914} INFO - Processing file /home/airflow/.local/lib/python3.12/site-packages/airflow/example_dags/example_datasets.py for tasks to queue
[2025-06-26T22:58:10.283+0000] {logging_mixin.py:190} INFO - [2025-06-26T22:58:10.282+0000] {dagbag.py:588} INFO - Filling up the DagBag from /home/airflow/.local/lib/python3.12/site-packages/airflow/example_dags/example_datasets.py
[2025-06-26T22:58:12.260+0000] {processor.py:925} INFO - DAG(s) 'dataset_produces_2', 'dataset_consumes_1_never_scheduled', 'dataset_consumes_1_and_2', 'conditional_dataset_and_time_based_timetable', 'consume_1_and_2_with_dataset_expressions', 'dataset_consumes_unknown_never_scheduled', 'consume_1_or_2_with_dataset_expressions', 'consume_1_or_both_2_and_3_with_dataset_expressions', 'dataset_produces_1', 'dataset_consumes_1' retrieved from /home/airflow/.local/lib/python3.12/site-packages/airflow/example_dags/example_datasets.py
[2025-06-26T22:58:12.336+0000] {logging_mixin.py:190} INFO - [2025-06-26T22:58:12.335+0000] {dag.py:3239} INFO - Sync 10 DAGs
[2025-06-26T22:58:12.564+0000] {logging_mixin.py:190} INFO - [2025-06-26T22:58:12.563+0000] {dag.py:4180} INFO - Setting next_dagrun for conditional_dataset_and_time_based_timetable to 2025-06-25 01:00:00+00:00, run_after=2025-06-25 01:00:00+00:00
[2025-06-26T22:58:12.580+0000] {logging_mixin.py:190} INFO - [2025-06-26T22:58:12.580+0000] {dag.py:4180} INFO - Setting next_dagrun for consume_1_and_2_with_dataset_expressions to None, run_after=None
[2025-06-26T22:58:12.581+0000] {logging_mixin.py:190} INFO - [2025-06-26T22:58:12.581+0000] {dag.py:4180} INFO - Setting next_dagrun for consume_1_or_2_with_dataset_expressions to None, run_after=None
[2025-06-26T22:58:12.583+0000] {logging_mixin.py:190} INFO - [2025-06-26T22:58:12.582+0000] {dag.py:4180} INFO - Setting next_dagrun for consume_1_or_both_2_and_3_with_dataset_expressions to None, run_after=None
[2025-06-26T22:58:12.584+0000] {logging_mixin.py:190} INFO - [2025-06-26T22:58:12.583+0000] {dag.py:4180} INFO - Setting next_dagrun for dataset_consumes_1 to None, run_after=None
[2025-06-26T22:58:12.589+0000] {logging_mixin.py:190} INFO - [2025-06-26T22:58:12.589+0000] {dag.py:4180} INFO - Setting next_dagrun for dataset_consumes_1_and_2 to None, run_after=None
[2025-06-26T22:58:12.591+0000] {logging_mixin.py:190} INFO - [2025-06-26T22:58:12.591+0000] {dag.py:4180} INFO - Setting next_dagrun for dataset_consumes_1_never_scheduled to None, run_after=None
[2025-06-26T22:58:12.593+0000] {logging_mixin.py:190} INFO - [2025-06-26T22:58:12.593+0000] {dag.py:4180} INFO - Setting next_dagrun for dataset_consumes_unknown_never_scheduled to None, run_after=None
[2025-06-26T22:58:12.594+0000] {logging_mixin.py:190} INFO - [2025-06-26T22:58:12.594+0000] {dag.py:4180} INFO - Setting next_dagrun for dataset_produces_1 to 2025-06-25 00:00:00+00:00, run_after=2025-06-26 00:00:00+00:00
[2025-06-26T22:58:12.595+0000] {logging_mixin.py:190} INFO - [2025-06-26T22:58:12.595+0000] {dag.py:4180} INFO - Setting next_dagrun for dataset_produces_2 to None, run_after=None
[2025-06-26T22:58:12.747+0000] {processor.py:208} INFO - Processing /home/airflow/.local/lib/python3.12/site-packages/airflow/example_dags/example_datasets.py took 2.585 seconds
[2025-06-26T22:58:43.153+0000] {processor.py:186} INFO - Started process (PID=415) to work on /home/airflow/.local/lib/python3.12/site-packages/airflow/example_dags/example_datasets.py
[2025-06-26T22:58:43.157+0000] {processor.py:914} INFO - Processing file /home/airflow/.local/lib/python3.12/site-packages/airflow/example_dags/example_datasets.py for tasks to queue
[2025-06-26T22:58:43.160+0000] {logging_mixin.py:190} INFO - [2025-06-26T22:58:43.159+0000] {dagbag.py:588} INFO - Filling up the DagBag from /home/airflow/.local/lib/python3.12/site-packages/airflow/example_dags/example_datasets.py
[2025-06-26T22:58:48.080+0000] {processor.py:925} INFO - DAG(s) 'dataset_consumes_1_never_scheduled', 'consume_1_or_both_2_and_3_with_dataset_expressions', 'dataset_produces_2', 'dataset_produces_1', 'dataset_consumes_1', 'conditional_dataset_and_time_based_timetable', 'consume_1_or_2_with_dataset_expressions', 'consume_1_and_2_with_dataset_expressions', 'dataset_consumes_1_and_2', 'dataset_consumes_unknown_never_scheduled' retrieved from /home/airflow/.local/lib/python3.12/site-packages/airflow/example_dags/example_datasets.py
[2025-06-26T22:58:48.871+0000] {logging_mixin.py:190} INFO - [2025-06-26T22:58:48.850+0000] {dag.py:3239} INFO - Sync 10 DAGs
[2025-06-26T22:58:49.688+0000] {logging_mixin.py:190} INFO - [2025-06-26T22:58:49.680+0000] {dag.py:4180} INFO - Setting next_dagrun for conditional_dataset_and_time_based_timetable to 2025-06-25 01:00:00+00:00, run_after=2025-06-25 01:00:00+00:00
[2025-06-26T22:58:49.873+0000] {logging_mixin.py:190} INFO - [2025-06-26T22:58:49.849+0000] {dag.py:4180} INFO - Setting next_dagrun for consume_1_and_2_with_dataset_expressions to None, run_after=None
[2025-06-26T22:58:50.642+0000] {logging_mixin.py:190} INFO - [2025-06-26T22:58:50.557+0000] {dag.py:4180} INFO - Setting next_dagrun for consume_1_or_2_with_dataset_expressions to None, run_after=None
[2025-06-26T22:58:51.089+0000] {logging_mixin.py:190} INFO - [2025-06-26T22:58:51.053+0000] {dag.py:4180} INFO - Setting next_dagrun for consume_1_or_both_2_and_3_with_dataset_expressions to None, run_after=None
[2025-06-26T22:58:51.537+0000] {logging_mixin.py:190} INFO - [2025-06-26T22:58:51.394+0000] {dag.py:4180} INFO - Setting next_dagrun for dataset_consumes_1 to None, run_after=None
[2025-06-26T22:58:52.501+0000] {logging_mixin.py:190} INFO - [2025-06-26T22:58:51.970+0000] {dag.py:4180} INFO - Setting next_dagrun for dataset_consumes_1_and_2 to None, run_after=None
[2025-06-26T22:58:54.582+0000] {logging_mixin.py:190} INFO - [2025-06-26T22:58:53.877+0000] {dag.py:4180} INFO - Setting next_dagrun for dataset_consumes_1_never_scheduled to None, run_after=None
[2025-06-26T22:58:55.578+0000] {logging_mixin.py:190} INFO - [2025-06-26T22:58:55.340+0000] {dag.py:4180} INFO - Setting next_dagrun for dataset_consumes_unknown_never_scheduled to None, run_after=None
[2025-06-26T22:58:57.785+0000] {logging_mixin.py:190} INFO - [2025-06-26T22:58:57.726+0000] {dag.py:4180} INFO - Setting next_dagrun for dataset_produces_1 to 2025-06-25 00:00:00+00:00, run_after=2025-06-26 00:00:00+00:00
[2025-06-26T22:58:57.945+0000] {logging_mixin.py:190} INFO - [2025-06-26T22:58:57.931+0000] {dag.py:4180} INFO - Setting next_dagrun for dataset_produces_2 to None, run_after=None
[2025-06-26T22:58:58.312+0000] {processor.py:208} INFO - Processing /home/airflow/.local/lib/python3.12/site-packages/airflow/example_dags/example_datasets.py took 15.186 seconds
[2025-06-26T22:59:28.706+0000] {processor.py:186} INFO - Started process (PID=478) to work on /home/airflow/.local/lib/python3.12/site-packages/airflow/example_dags/example_datasets.py
[2025-06-26T22:59:28.820+0000] {processor.py:914} INFO - Processing file /home/airflow/.local/lib/python3.12/site-packages/airflow/example_dags/example_datasets.py for tasks to queue
[2025-06-26T22:59:29.179+0000] {logging_mixin.py:190} INFO - [2025-06-26T22:59:29.166+0000] {dagbag.py:588} INFO - Filling up the DagBag from /home/airflow/.local/lib/python3.12/site-packages/airflow/example_dags/example_datasets.py
[2025-06-26T22:59:35.949+0000] {processor.py:925} INFO - DAG(s) 'dataset_consumes_1_and_2', 'consume_1_or_both_2_and_3_with_dataset_expressions', 'consume_1_or_2_with_dataset_expressions', 'conditional_dataset_and_time_based_timetable', 'dataset_consumes_1_never_scheduled', 'dataset_produces_2', 'dataset_consumes_unknown_never_scheduled', 'dataset_produces_1', 'consume_1_and_2_with_dataset_expressions', 'dataset_consumes_1' retrieved from /home/airflow/.local/lib/python3.12/site-packages/airflow/example_dags/example_datasets.py
[2025-06-26T22:59:36.229+0000] {logging_mixin.py:190} INFO - [2025-06-26T22:59:36.225+0000] {dag.py:3239} INFO - Sync 10 DAGs
[2025-06-26T22:59:36.368+0000] {logging_mixin.py:190} INFO - [2025-06-26T22:59:36.366+0000] {dag.py:4180} INFO - Setting next_dagrun for conditional_dataset_and_time_based_timetable to 2025-06-25 01:00:00+00:00, run_after=2025-06-25 01:00:00+00:00
[2025-06-26T22:59:36.389+0000] {logging_mixin.py:190} INFO - [2025-06-26T22:59:36.388+0000] {dag.py:4180} INFO - Setting next_dagrun for consume_1_and_2_with_dataset_expressions to None, run_after=None
[2025-06-26T22:59:36.393+0000] {logging_mixin.py:190} INFO - [2025-06-26T22:59:36.393+0000] {dag.py:4180} INFO - Setting next_dagrun for consume_1_or_2_with_dataset_expressions to None, run_after=None
[2025-06-26T22:59:36.396+0000] {logging_mixin.py:190} INFO - [2025-06-26T22:59:36.396+0000] {dag.py:4180} INFO - Setting next_dagrun for consume_1_or_both_2_and_3_with_dataset_expressions to None, run_after=None
[2025-06-26T22:59:36.403+0000] {logging_mixin.py:190} INFO - [2025-06-26T22:59:36.402+0000] {dag.py:4180} INFO - Setting next_dagrun for dataset_consumes_1 to None, run_after=None
[2025-06-26T22:59:36.406+0000] {logging_mixin.py:190} INFO - [2025-06-26T22:59:36.406+0000] {dag.py:4180} INFO - Setting next_dagrun for dataset_consumes_1_and_2 to None, run_after=None
[2025-06-26T22:59:36.408+0000] {logging_mixin.py:190} INFO - [2025-06-26T22:59:36.408+0000] {dag.py:4180} INFO - Setting next_dagrun for dataset_consumes_1_never_scheduled to None, run_after=None
[2025-06-26T22:59:36.412+0000] {logging_mixin.py:190} INFO - [2025-06-26T22:59:36.412+0000] {dag.py:4180} INFO - Setting next_dagrun for dataset_consumes_unknown_never_scheduled to None, run_after=None
[2025-06-26T22:59:36.416+0000] {logging_mixin.py:190} INFO - [2025-06-26T22:59:36.416+0000] {dag.py:4180} INFO - Setting next_dagrun for dataset_produces_1 to 2025-06-25 00:00:00+00:00, run_after=2025-06-26 00:00:00+00:00
[2025-06-26T22:59:36.417+0000] {logging_mixin.py:190} INFO - [2025-06-26T22:59:36.417+0000] {dag.py:4180} INFO - Setting next_dagrun for dataset_produces_2 to None, run_after=None
[2025-06-26T22:59:36.961+0000] {processor.py:208} INFO - Processing /home/airflow/.local/lib/python3.12/site-packages/airflow/example_dags/example_datasets.py took 8.385 seconds
[2025-06-26T23:00:07.249+0000] {processor.py:186} INFO - Started process (PID=541) to work on /home/airflow/.local/lib/python3.12/site-packages/airflow/example_dags/example_datasets.py
[2025-06-26T23:00:07.251+0000] {processor.py:914} INFO - Processing file /home/airflow/.local/lib/python3.12/site-packages/airflow/example_dags/example_datasets.py for tasks to queue
[2025-06-26T23:00:07.258+0000] {logging_mixin.py:190} INFO - [2025-06-26T23:00:07.256+0000] {dagbag.py:588} INFO - Filling up the DagBag from /home/airflow/.local/lib/python3.12/site-packages/airflow/example_dags/example_datasets.py
[2025-06-26T23:00:07.630+0000] {processor.py:925} INFO - DAG(s) 'dataset_consumes_1_and_2', 'consume_1_or_2_with_dataset_expressions', 'conditional_dataset_and_time_based_timetable', 'dataset_produces_1', 'dataset_consumes_1', 'dataset_consumes_1_never_scheduled', 'consume_1_or_both_2_and_3_with_dataset_expressions', 'dataset_produces_2', 'dataset_consumes_unknown_never_scheduled', 'consume_1_and_2_with_dataset_expressions' retrieved from /home/airflow/.local/lib/python3.12/site-packages/airflow/example_dags/example_datasets.py
[2025-06-26T23:00:07.674+0000] {logging_mixin.py:190} INFO - [2025-06-26T23:00:07.674+0000] {dag.py:3239} INFO - Sync 10 DAGs
[2025-06-26T23:00:07.709+0000] {logging_mixin.py:190} INFO - [2025-06-26T23:00:07.709+0000] {dag.py:4180} INFO - Setting next_dagrun for conditional_dataset_and_time_based_timetable to 2025-06-25 01:00:00+00:00, run_after=2025-06-25 01:00:00+00:00
[2025-06-26T23:00:07.715+0000] {logging_mixin.py:190} INFO - [2025-06-26T23:00:07.715+0000] {dag.py:4180} INFO - Setting next_dagrun for consume_1_and_2_with_dataset_expressions to None, run_after=None
[2025-06-26T23:00:07.716+0000] {logging_mixin.py:190} INFO - [2025-06-26T23:00:07.716+0000] {dag.py:4180} INFO - Setting next_dagrun for consume_1_or_2_with_dataset_expressions to None, run_after=None
[2025-06-26T23:00:07.717+0000] {logging_mixin.py:190} INFO - [2025-06-26T23:00:07.717+0000] {dag.py:4180} INFO - Setting next_dagrun for consume_1_or_both_2_and_3_with_dataset_expressions to None, run_after=None
[2025-06-26T23:00:07.719+0000] {logging_mixin.py:190} INFO - [2025-06-26T23:00:07.719+0000] {dag.py:4180} INFO - Setting next_dagrun for dataset_consumes_1 to None, run_after=None
[2025-06-26T23:00:07.720+0000] {logging_mixin.py:190} INFO - [2025-06-26T23:00:07.719+0000] {dag.py:4180} INFO - Setting next_dagrun for dataset_consumes_1_and_2 to None, run_after=None
[2025-06-26T23:00:07.720+0000] {logging_mixin.py:190} INFO - [2025-06-26T23:00:07.720+0000] {dag.py:4180} INFO - Setting next_dagrun for dataset_consumes_1_never_scheduled to None, run_after=None
[2025-06-26T23:00:07.723+0000] {logging_mixin.py:190} INFO - [2025-06-26T23:00:07.723+0000] {dag.py:4180} INFO - Setting next_dagrun for dataset_consumes_unknown_never_scheduled to None, run_after=None
[2025-06-26T23:00:07.726+0000] {logging_mixin.py:190} INFO - [2025-06-26T23:00:07.726+0000] {dag.py:4180} INFO - Setting next_dagrun for dataset_produces_1 to 2025-06-25 00:00:00+00:00, run_after=2025-06-26 00:00:00+00:00
[2025-06-26T23:00:07.727+0000] {logging_mixin.py:190} INFO - [2025-06-26T23:00:07.726+0000] {dag.py:4180} INFO - Setting next_dagrun for dataset_produces_2 to None, run_after=None
[2025-06-26T23:00:07.771+0000] {processor.py:208} INFO - Processing /home/airflow/.local/lib/python3.12/site-packages/airflow/example_dags/example_datasets.py took 0.533 seconds
[2025-06-26T23:00:42.835+0000] {processor.py:186} INFO - Started process (PID=611) to work on /home/airflow/.local/lib/python3.12/site-packages/airflow/example_dags/example_datasets.py
[2025-06-26T23:00:42.837+0000] {processor.py:914} INFO - Processing file /home/airflow/.local/lib/python3.12/site-packages/airflow/example_dags/example_datasets.py for tasks to queue
[2025-06-26T23:00:42.840+0000] {logging_mixin.py:190} INFO - [2025-06-26T23:00:42.840+0000] {dagbag.py:588} INFO - Filling up the DagBag from /home/airflow/.local/lib/python3.12/site-packages/airflow/example_dags/example_datasets.py
[2025-06-26T23:00:43.145+0000] {processor.py:925} INFO - DAG(s) 'dataset_consumes_1_never_scheduled', 'consume_1_and_2_with_dataset_expressions', 'dataset_produces_2', 'consume_1_or_2_with_dataset_expressions', 'conditional_dataset_and_time_based_timetable', 'consume_1_or_both_2_and_3_with_dataset_expressions', 'dataset_consumes_1', 'dataset_consumes_unknown_never_scheduled', 'dataset_produces_1', 'dataset_consumes_1_and_2' retrieved from /home/airflow/.local/lib/python3.12/site-packages/airflow/example_dags/example_datasets.py
[2025-06-26T23:00:43.197+0000] {logging_mixin.py:190} INFO - [2025-06-26T23:00:43.197+0000] {dag.py:3239} INFO - Sync 10 DAGs
[2025-06-26T23:00:43.303+0000] {logging_mixin.py:190} INFO - [2025-06-26T23:00:43.303+0000] {dag.py:4180} INFO - Setting next_dagrun for conditional_dataset_and_time_based_timetable to 2025-06-25 01:00:00+00:00, run_after=2025-06-25 01:00:00+00:00
[2025-06-26T23:00:43.311+0000] {logging_mixin.py:190} INFO - [2025-06-26T23:00:43.311+0000] {dag.py:4180} INFO - Setting next_dagrun for consume_1_and_2_with_dataset_expressions to None, run_after=None
[2025-06-26T23:00:43.316+0000] {logging_mixin.py:190} INFO - [2025-06-26T23:00:43.316+0000] {dag.py:4180} INFO - Setting next_dagrun for consume_1_or_2_with_dataset_expressions to None, run_after=None
[2025-06-26T23:00:43.318+0000] {logging_mixin.py:190} INFO - [2025-06-26T23:00:43.318+0000] {dag.py:4180} INFO - Setting next_dagrun for consume_1_or_both_2_and_3_with_dataset_expressions to None, run_after=None
[2025-06-26T23:00:43.319+0000] {logging_mixin.py:190} INFO - [2025-06-26T23:00:43.319+0000] {dag.py:4180} INFO - Setting next_dagrun for dataset_consumes_1 to None, run_after=None
[2025-06-26T23:00:43.320+0000] {logging_mixin.py:190} INFO - [2025-06-26T23:00:43.320+0000] {dag.py:4180} INFO - Setting next_dagrun for dataset_consumes_1_and_2 to None, run_after=None
[2025-06-26T23:00:43.320+0000] {logging_mixin.py:190} INFO - [2025-06-26T23:00:43.320+0000] {dag.py:4180} INFO - Setting next_dagrun for dataset_consumes_1_never_scheduled to None, run_after=None
[2025-06-26T23:00:43.321+0000] {logging_mixin.py:190} INFO - [2025-06-26T23:00:43.321+0000] {dag.py:4180} INFO - Setting next_dagrun for dataset_consumes_unknown_never_scheduled to None, run_after=None
[2025-06-26T23:00:43.323+0000] {logging_mixin.py:190} INFO - [2025-06-26T23:00:43.322+0000] {dag.py:4180} INFO - Setting next_dagrun for dataset_produces_1 to 2025-06-25 00:00:00+00:00, run_after=2025-06-26 00:00:00+00:00
[2025-06-26T23:00:43.325+0000] {logging_mixin.py:190} INFO - [2025-06-26T23:00:43.324+0000] {dag.py:4180} INFO - Setting next_dagrun for dataset_produces_2 to None, run_after=None
[2025-06-26T23:00:43.368+0000] {processor.py:208} INFO - Processing /home/airflow/.local/lib/python3.12/site-packages/airflow/example_dags/example_datasets.py took 0.540 seconds
[2025-06-26T23:01:15.251+0000] {processor.py:186} INFO - Started process (PID=673) to work on /home/airflow/.local/lib/python3.12/site-packages/airflow/example_dags/example_datasets.py
[2025-06-26T23:01:15.253+0000] {processor.py:914} INFO - Processing file /home/airflow/.local/lib/python3.12/site-packages/airflow/example_dags/example_datasets.py for tasks to queue
[2025-06-26T23:01:15.256+0000] {logging_mixin.py:190} INFO - [2025-06-26T23:01:15.256+0000] {dagbag.py:588} INFO - Filling up the DagBag from /home/airflow/.local/lib/python3.12/site-packages/airflow/example_dags/example_datasets.py
[2025-06-26T23:01:15.634+0000] {processor.py:925} INFO - DAG(s) 'consume_1_or_2_with_dataset_expressions', 'consume_1_or_both_2_and_3_with_dataset_expressions', 'dataset_consumes_1', 'dataset_consumes_1_and_2', 'dataset_produces_2', 'dataset_produces_1', 'dataset_consumes_unknown_never_scheduled', 'dataset_consumes_1_never_scheduled', 'conditional_dataset_and_time_based_timetable', 'consume_1_and_2_with_dataset_expressions' retrieved from /home/airflow/.local/lib/python3.12/site-packages/airflow/example_dags/example_datasets.py
[2025-06-26T23:01:15.678+0000] {logging_mixin.py:190} INFO - [2025-06-26T23:01:15.677+0000] {dag.py:3239} INFO - Sync 10 DAGs
[2025-06-26T23:01:15.702+0000] {logging_mixin.py:190} INFO - [2025-06-26T23:01:15.702+0000] {dag.py:4180} INFO - Setting next_dagrun for conditional_dataset_and_time_based_timetable to 2025-06-25 01:00:00+00:00, run_after=2025-06-25 01:00:00+00:00
[2025-06-26T23:01:15.704+0000] {logging_mixin.py:190} INFO - [2025-06-26T23:01:15.704+0000] {dag.py:4180} INFO - Setting next_dagrun for consume_1_and_2_with_dataset_expressions to None, run_after=None
[2025-06-26T23:01:15.705+0000] {logging_mixin.py:190} INFO - [2025-06-26T23:01:15.705+0000] {dag.py:4180} INFO - Setting next_dagrun for consume_1_or_2_with_dataset_expressions to None, run_after=None
[2025-06-26T23:01:15.706+0000] {logging_mixin.py:190} INFO - [2025-06-26T23:01:15.706+0000] {dag.py:4180} INFO - Setting next_dagrun for consume_1_or_both_2_and_3_with_dataset_expressions to None, run_after=None
[2025-06-26T23:01:15.707+0000] {logging_mixin.py:190} INFO - [2025-06-26T23:01:15.707+0000] {dag.py:4180} INFO - Setting next_dagrun for dataset_consumes_1 to None, run_after=None
[2025-06-26T23:01:15.709+0000] {logging_mixin.py:190} INFO - [2025-06-26T23:01:15.709+0000] {dag.py:4180} INFO - Setting next_dagrun for dataset_consumes_1_and_2 to None, run_after=None
[2025-06-26T23:01:15.710+0000] {logging_mixin.py:190} INFO - [2025-06-26T23:01:15.709+0000] {dag.py:4180} INFO - Setting next_dagrun for dataset_consumes_1_never_scheduled to None, run_after=None
[2025-06-26T23:01:15.710+0000] {logging_mixin.py:190} INFO - [2025-06-26T23:01:15.710+0000] {dag.py:4180} INFO - Setting next_dagrun for dataset_consumes_unknown_never_scheduled to None, run_after=None
[2025-06-26T23:01:15.712+0000] {logging_mixin.py:190} INFO - [2025-06-26T23:01:15.712+0000] {dag.py:4180} INFO - Setting next_dagrun for dataset_produces_1 to 2025-06-25 00:00:00+00:00, run_after=2025-06-26 00:00:00+00:00
[2025-06-26T23:01:15.712+0000] {logging_mixin.py:190} INFO - [2025-06-26T23:01:15.712+0000] {dag.py:4180} INFO - Setting next_dagrun for dataset_produces_2 to None, run_after=None
[2025-06-26T23:01:15.759+0000] {processor.py:208} INFO - Processing /home/airflow/.local/lib/python3.12/site-packages/airflow/example_dags/example_datasets.py took 0.515 seconds
[2025-06-26T23:01:46.703+0000] {processor.py:186} INFO - Started process (PID=737) to work on /home/airflow/.local/lib/python3.12/site-packages/airflow/example_dags/example_datasets.py
[2025-06-26T23:01:46.704+0000] {processor.py:914} INFO - Processing file /home/airflow/.local/lib/python3.12/site-packages/airflow/example_dags/example_datasets.py for tasks to queue
[2025-06-26T23:01:46.705+0000] {logging_mixin.py:190} INFO - [2025-06-26T23:01:46.705+0000] {dagbag.py:588} INFO - Filling up the DagBag from /home/airflow/.local/lib/python3.12/site-packages/airflow/example_dags/example_datasets.py
[2025-06-26T23:01:46.826+0000] {processor.py:925} INFO - DAG(s) 'dataset_produces_2', 'consume_1_and_2_with_dataset_expressions', 'dataset_consumes_1_never_scheduled', 'conditional_dataset_and_time_based_timetable', 'dataset_produces_1', 'dataset_consumes_1', 'dataset_consumes_unknown_never_scheduled', 'dataset_consumes_1_and_2', 'consume_1_or_2_with_dataset_expressions', 'consume_1_or_both_2_and_3_with_dataset_expressions' retrieved from /home/airflow/.local/lib/python3.12/site-packages/airflow/example_dags/example_datasets.py
[2025-06-26T23:01:46.858+0000] {logging_mixin.py:190} INFO - [2025-06-26T23:01:46.858+0000] {dag.py:3239} INFO - Sync 10 DAGs
[2025-06-26T23:01:46.878+0000] {logging_mixin.py:190} INFO - [2025-06-26T23:01:46.878+0000] {dag.py:4180} INFO - Setting next_dagrun for conditional_dataset_and_time_based_timetable to 2025-06-25 01:00:00+00:00, run_after=2025-06-25 01:00:00+00:00
[2025-06-26T23:01:46.883+0000] {logging_mixin.py:190} INFO - [2025-06-26T23:01:46.883+0000] {dag.py:4180} INFO - Setting next_dagrun for consume_1_and_2_with_dataset_expressions to None, run_after=None
[2025-06-26T23:01:46.887+0000] {logging_mixin.py:190} INFO - [2025-06-26T23:01:46.886+0000] {dag.py:4180} INFO - Setting next_dagrun for consume_1_or_2_with_dataset_expressions to None, run_after=None
[2025-06-26T23:01:46.887+0000] {logging_mixin.py:190} INFO - [2025-06-26T23:01:46.887+0000] {dag.py:4180} INFO - Setting next_dagrun for consume_1_or_both_2_and_3_with_dataset_expressions to None, run_after=None
[2025-06-26T23:01:46.888+0000] {logging_mixin.py:190} INFO - [2025-06-26T23:01:46.888+0000] {dag.py:4180} INFO - Setting next_dagrun for dataset_consumes_1 to None, run_after=None
[2025-06-26T23:01:46.888+0000] {logging_mixin.py:190} INFO - [2025-06-26T23:01:46.888+0000] {dag.py:4180} INFO - Setting next_dagrun for dataset_consumes_1_and_2 to None, run_after=None
[2025-06-26T23:01:46.889+0000] {logging_mixin.py:190} INFO - [2025-06-26T23:01:46.889+0000] {dag.py:4180} INFO - Setting next_dagrun for dataset_consumes_1_never_scheduled to None, run_after=None
[2025-06-26T23:01:46.889+0000] {logging_mixin.py:190} INFO - [2025-06-26T23:01:46.889+0000] {dag.py:4180} INFO - Setting next_dagrun for dataset_consumes_unknown_never_scheduled to None, run_after=None
[2025-06-26T23:01:46.893+0000] {logging_mixin.py:190} INFO - [2025-06-26T23:01:46.893+0000] {dag.py:4180} INFO - Setting next_dagrun for dataset_produces_1 to 2025-06-25 00:00:00+00:00, run_after=2025-06-26 00:00:00+00:00
[2025-06-26T23:01:46.895+0000] {logging_mixin.py:190} INFO - [2025-06-26T23:01:46.895+0000] {dag.py:4180} INFO - Setting next_dagrun for dataset_produces_2 to None, run_after=None
[2025-06-26T23:01:46.910+0000] {processor.py:208} INFO - Processing /home/airflow/.local/lib/python3.12/site-packages/airflow/example_dags/example_datasets.py took 0.211 seconds
[2025-06-26T23:02:18.652+0000] {processor.py:186} INFO - Started process (PID=803) to work on /home/airflow/.local/lib/python3.12/site-packages/airflow/example_dags/example_datasets.py
[2025-06-26T23:02:18.655+0000] {processor.py:914} INFO - Processing file /home/airflow/.local/lib/python3.12/site-packages/airflow/example_dags/example_datasets.py for tasks to queue
[2025-06-26T23:02:18.658+0000] {logging_mixin.py:190} INFO - [2025-06-26T23:02:18.657+0000] {dagbag.py:588} INFO - Filling up the DagBag from /home/airflow/.local/lib/python3.12/site-packages/airflow/example_dags/example_datasets.py
[2025-06-26T23:02:18.996+0000] {processor.py:925} INFO - DAG(s) 'dataset_produces_1', 'consume_1_or_2_with_dataset_expressions', 'dataset_consumes_unknown_never_scheduled', 'consume_1_or_both_2_and_3_with_dataset_expressions', 'dataset_consumes_1_and_2', 'consume_1_and_2_with_dataset_expressions', 'dataset_produces_2', 'dataset_consumes_1_never_scheduled', 'conditional_dataset_and_time_based_timetable', 'dataset_consumes_1' retrieved from /home/airflow/.local/lib/python3.12/site-packages/airflow/example_dags/example_datasets.py
[2025-06-26T23:02:19.063+0000] {logging_mixin.py:190} INFO - [2025-06-26T23:02:19.062+0000] {dag.py:3239} INFO - Sync 10 DAGs
[2025-06-26T23:02:19.084+0000] {logging_mixin.py:190} INFO - [2025-06-26T23:02:19.083+0000] {dag.py:4180} INFO - Setting next_dagrun for conditional_dataset_and_time_based_timetable to 2025-06-25 01:00:00+00:00, run_after=2025-06-25 01:00:00+00:00
[2025-06-26T23:02:19.085+0000] {logging_mixin.py:190} INFO - [2025-06-26T23:02:19.085+0000] {dag.py:4180} INFO - Setting next_dagrun for consume_1_and_2_with_dataset_expressions to None, run_after=None
[2025-06-26T23:02:19.086+0000] {logging_mixin.py:190} INFO - [2025-06-26T23:02:19.086+0000] {dag.py:4180} INFO - Setting next_dagrun for consume_1_or_2_with_dataset_expressions to None, run_after=None
[2025-06-26T23:02:19.087+0000] {logging_mixin.py:190} INFO - [2025-06-26T23:02:19.087+0000] {dag.py:4180} INFO - Setting next_dagrun for consume_1_or_both_2_and_3_with_dataset_expressions to None, run_after=None
[2025-06-26T23:02:19.087+0000] {logging_mixin.py:190} INFO - [2025-06-26T23:02:19.087+0000] {dag.py:4180} INFO - Setting next_dagrun for dataset_consumes_1 to None, run_after=None
[2025-06-26T23:02:19.089+0000] {logging_mixin.py:190} INFO - [2025-06-26T23:02:19.089+0000] {dag.py:4180} INFO - Setting next_dagrun for dataset_consumes_1_and_2 to None, run_after=None
[2025-06-26T23:02:19.090+0000] {logging_mixin.py:190} INFO - [2025-06-26T23:02:19.090+0000] {dag.py:4180} INFO - Setting next_dagrun for dataset_consumes_1_never_scheduled to None, run_after=None
[2025-06-26T23:02:19.090+0000] {logging_mixin.py:190} INFO - [2025-06-26T23:02:19.090+0000] {dag.py:4180} INFO - Setting next_dagrun for dataset_consumes_unknown_never_scheduled to None, run_after=None
[2025-06-26T23:02:19.091+0000] {logging_mixin.py:190} INFO - [2025-06-26T23:02:19.091+0000] {dag.py:4180} INFO - Setting next_dagrun for dataset_produces_1 to 2025-06-25 00:00:00+00:00, run_after=2025-06-26 00:00:00+00:00
[2025-06-26T23:02:19.092+0000] {logging_mixin.py:190} INFO - [2025-06-26T23:02:19.092+0000] {dag.py:4180} INFO - Setting next_dagrun for dataset_produces_2 to None, run_after=None
[2025-06-26T23:02:19.116+0000] {processor.py:208} INFO - Processing /home/airflow/.local/lib/python3.12/site-packages/airflow/example_dags/example_datasets.py took 0.471 seconds
[2025-06-26T23:02:54.096+0000] {processor.py:186} INFO - Started process (PID=865) to work on /home/airflow/.local/lib/python3.12/site-packages/airflow/example_dags/example_datasets.py
[2025-06-26T23:02:54.108+0000] {processor.py:914} INFO - Processing file /home/airflow/.local/lib/python3.12/site-packages/airflow/example_dags/example_datasets.py for tasks to queue
[2025-06-26T23:02:54.113+0000] {logging_mixin.py:190} INFO - [2025-06-26T23:02:54.113+0000] {dagbag.py:588} INFO - Filling up the DagBag from /home/airflow/.local/lib/python3.12/site-packages/airflow/example_dags/example_datasets.py
[2025-06-26T23:02:54.791+0000] {processor.py:925} INFO - DAG(s) 'dataset_produces_2', 'consume_1_or_2_with_dataset_expressions', 'dataset_consumes_1_never_scheduled', 'consume_1_or_both_2_and_3_with_dataset_expressions', 'consume_1_and_2_with_dataset_expressions', 'conditional_dataset_and_time_based_timetable', 'dataset_produces_1', 'dataset_consumes_1_and_2', 'dataset_consumes_unknown_never_scheduled', 'dataset_consumes_1' retrieved from /home/airflow/.local/lib/python3.12/site-packages/airflow/example_dags/example_datasets.py
[2025-06-26T23:02:54.874+0000] {logging_mixin.py:190} INFO - [2025-06-26T23:02:54.873+0000] {dag.py:3239} INFO - Sync 10 DAGs
[2025-06-26T23:02:54.921+0000] {logging_mixin.py:190} INFO - [2025-06-26T23:02:54.920+0000] {dag.py:4180} INFO - Setting next_dagrun for conditional_dataset_and_time_based_timetable to 2025-06-25 01:00:00+00:00, run_after=2025-06-25 01:00:00+00:00
[2025-06-26T23:02:54.926+0000] {logging_mixin.py:190} INFO - [2025-06-26T23:02:54.926+0000] {dag.py:4180} INFO - Setting next_dagrun for consume_1_and_2_with_dataset_expressions to None, run_after=None
[2025-06-26T23:02:54.929+0000] {logging_mixin.py:190} INFO - [2025-06-26T23:02:54.928+0000] {dag.py:4180} INFO - Setting next_dagrun for consume_1_or_2_with_dataset_expressions to None, run_after=None
[2025-06-26T23:02:54.932+0000] {logging_mixin.py:190} INFO - [2025-06-26T23:02:54.931+0000] {dag.py:4180} INFO - Setting next_dagrun for consume_1_or_both_2_and_3_with_dataset_expressions to None, run_after=None
[2025-06-26T23:02:54.933+0000] {logging_mixin.py:190} INFO - [2025-06-26T23:02:54.933+0000] {dag.py:4180} INFO - Setting next_dagrun for dataset_consumes_1 to None, run_after=None
[2025-06-26T23:02:54.936+0000] {logging_mixin.py:190} INFO - [2025-06-26T23:02:54.936+0000] {dag.py:4180} INFO - Setting next_dagrun for dataset_consumes_1_and_2 to None, run_after=None
[2025-06-26T23:02:54.938+0000] {logging_mixin.py:190} INFO - [2025-06-26T23:02:54.938+0000] {dag.py:4180} INFO - Setting next_dagrun for dataset_consumes_1_never_scheduled to None, run_after=None
[2025-06-26T23:02:54.940+0000] {logging_mixin.py:190} INFO - [2025-06-26T23:02:54.939+0000] {dag.py:4180} INFO - Setting next_dagrun for dataset_consumes_unknown_never_scheduled to None, run_after=None
[2025-06-26T23:02:54.943+0000] {logging_mixin.py:190} INFO - [2025-06-26T23:02:54.943+0000] {dag.py:4180} INFO - Setting next_dagrun for dataset_produces_1 to 2025-06-25 00:00:00+00:00, run_after=2025-06-26 00:00:00+00:00
[2025-06-26T23:02:54.945+0000] {logging_mixin.py:190} INFO - [2025-06-26T23:02:54.945+0000] {dag.py:4180} INFO - Setting next_dagrun for dataset_produces_2 to None, run_after=None
[2025-06-26T23:02:54.996+0000] {processor.py:208} INFO - Processing /home/airflow/.local/lib/python3.12/site-packages/airflow/example_dags/example_datasets.py took 0.922 seconds
[2025-06-26T23:03:42.082+0000] {processor.py:186} INFO - Started process (PID=940) to work on /home/airflow/.local/lib/python3.12/site-packages/airflow/example_dags/example_datasets.py
[2025-06-26T23:03:42.088+0000] {processor.py:914} INFO - Processing file /home/airflow/.local/lib/python3.12/site-packages/airflow/example_dags/example_datasets.py for tasks to queue
[2025-06-26T23:03:42.091+0000] {logging_mixin.py:190} INFO - [2025-06-26T23:03:42.091+0000] {dagbag.py:588} INFO - Filling up the DagBag from /home/airflow/.local/lib/python3.12/site-packages/airflow/example_dags/example_datasets.py
[2025-06-26T23:03:42.291+0000] {processor.py:925} INFO - DAG(s) 'dataset_consumes_1', 'conditional_dataset_and_time_based_timetable', 'dataset_produces_1', 'dataset_consumes_1_never_scheduled', 'consume_1_or_both_2_and_3_with_dataset_expressions', 'dataset_consumes_1_and_2', 'dataset_produces_2', 'consume_1_or_2_with_dataset_expressions', 'consume_1_and_2_with_dataset_expressions', 'dataset_consumes_unknown_never_scheduled' retrieved from /home/airflow/.local/lib/python3.12/site-packages/airflow/example_dags/example_datasets.py
[2025-06-26T23:03:42.331+0000] {logging_mixin.py:190} INFO - [2025-06-26T23:03:42.331+0000] {dag.py:3239} INFO - Sync 10 DAGs
[2025-06-26T23:03:42.353+0000] {logging_mixin.py:190} INFO - [2025-06-26T23:03:42.353+0000] {dag.py:4180} INFO - Setting next_dagrun for conditional_dataset_and_time_based_timetable to 2025-06-25 01:00:00+00:00, run_after=2025-06-25 01:00:00+00:00
[2025-06-26T23:03:42.356+0000] {logging_mixin.py:190} INFO - [2025-06-26T23:03:42.356+0000] {dag.py:4180} INFO - Setting next_dagrun for consume_1_and_2_with_dataset_expressions to None, run_after=None
[2025-06-26T23:03:42.357+0000] {logging_mixin.py:190} INFO - [2025-06-26T23:03:42.357+0000] {dag.py:4180} INFO - Setting next_dagrun for consume_1_or_2_with_dataset_expressions to None, run_after=None
[2025-06-26T23:03:42.357+0000] {logging_mixin.py:190} INFO - [2025-06-26T23:03:42.357+0000] {dag.py:4180} INFO - Setting next_dagrun for consume_1_or_both_2_and_3_with_dataset_expressions to None, run_after=None
[2025-06-26T23:03:42.358+0000] {logging_mixin.py:190} INFO - [2025-06-26T23:03:42.358+0000] {dag.py:4180} INFO - Setting next_dagrun for dataset_consumes_1 to None, run_after=None
[2025-06-26T23:03:42.359+0000] {logging_mixin.py:190} INFO - [2025-06-26T23:03:42.359+0000] {dag.py:4180} INFO - Setting next_dagrun for dataset_consumes_1_and_2 to None, run_after=None
[2025-06-26T23:03:42.360+0000] {logging_mixin.py:190} INFO - [2025-06-26T23:03:42.360+0000] {dag.py:4180} INFO - Setting next_dagrun for dataset_consumes_1_never_scheduled to None, run_after=None
[2025-06-26T23:03:42.360+0000] {logging_mixin.py:190} INFO - [2025-06-26T23:03:42.360+0000] {dag.py:4180} INFO - Setting next_dagrun for dataset_consumes_unknown_never_scheduled to None, run_after=None
[2025-06-26T23:03:42.362+0000] {logging_mixin.py:190} INFO - [2025-06-26T23:03:42.362+0000] {dag.py:4180} INFO - Setting next_dagrun for dataset_produces_1 to 2025-06-25 00:00:00+00:00, run_after=2025-06-26 00:00:00+00:00
[2025-06-26T23:03:42.363+0000] {logging_mixin.py:190} INFO - [2025-06-26T23:03:42.363+0000] {dag.py:4180} INFO - Setting next_dagrun for dataset_produces_2 to None, run_after=None
[2025-06-26T23:03:42.391+0000] {processor.py:208} INFO - Processing /home/airflow/.local/lib/python3.12/site-packages/airflow/example_dags/example_datasets.py took 0.317 seconds
[2025-06-26T23:04:34.666+0000] {processor.py:186} INFO - Started process (PID=1013) to work on /home/airflow/.local/lib/python3.12/site-packages/airflow/example_dags/example_datasets.py
[2025-06-26T23:04:34.667+0000] {processor.py:914} INFO - Processing file /home/airflow/.local/lib/python3.12/site-packages/airflow/example_dags/example_datasets.py for tasks to queue
[2025-06-26T23:04:34.668+0000] {logging_mixin.py:190} INFO - [2025-06-26T23:04:34.668+0000] {dagbag.py:588} INFO - Filling up the DagBag from /home/airflow/.local/lib/python3.12/site-packages/airflow/example_dags/example_datasets.py
[2025-06-26T23:04:34.840+0000] {processor.py:925} INFO - DAG(s) 'consume_1_or_both_2_and_3_with_dataset_expressions', 'dataset_produces_2', 'dataset_consumes_unknown_never_scheduled', 'dataset_consumes_1_never_scheduled', 'consume_1_or_2_with_dataset_expressions', 'dataset_consumes_1', 'dataset_consumes_1_and_2', 'conditional_dataset_and_time_based_timetable', 'consume_1_and_2_with_dataset_expressions', 'dataset_produces_1' retrieved from /home/airflow/.local/lib/python3.12/site-packages/airflow/example_dags/example_datasets.py
[2025-06-26T23:04:34.897+0000] {logging_mixin.py:190} INFO - [2025-06-26T23:04:34.897+0000] {dag.py:3239} INFO - Sync 10 DAGs
[2025-06-26T23:04:34.920+0000] {logging_mixin.py:190} INFO - [2025-06-26T23:04:34.920+0000] {dag.py:4180} INFO - Setting next_dagrun for conditional_dataset_and_time_based_timetable to 2025-06-25 01:00:00+00:00, run_after=2025-06-25 01:00:00+00:00
[2025-06-26T23:04:34.924+0000] {logging_mixin.py:190} INFO - [2025-06-26T23:04:34.923+0000] {dag.py:4180} INFO - Setting next_dagrun for consume_1_and_2_with_dataset_expressions to None, run_after=None
[2025-06-26T23:04:34.925+0000] {logging_mixin.py:190} INFO - [2025-06-26T23:04:34.925+0000] {dag.py:4180} INFO - Setting next_dagrun for consume_1_or_2_with_dataset_expressions to None, run_after=None
[2025-06-26T23:04:34.926+0000] {logging_mixin.py:190} INFO - [2025-06-26T23:04:34.926+0000] {dag.py:4180} INFO - Setting next_dagrun for consume_1_or_both_2_and_3_with_dataset_expressions to None, run_after=None
[2025-06-26T23:04:34.927+0000] {logging_mixin.py:190} INFO - [2025-06-26T23:04:34.927+0000] {dag.py:4180} INFO - Setting next_dagrun for dataset_consumes_1 to None, run_after=None
[2025-06-26T23:04:34.929+0000] {logging_mixin.py:190} INFO - [2025-06-26T23:04:34.929+0000] {dag.py:4180} INFO - Setting next_dagrun for dataset_consumes_1_and_2 to None, run_after=None
[2025-06-26T23:04:34.933+0000] {logging_mixin.py:190} INFO - [2025-06-26T23:04:34.933+0000] {dag.py:4180} INFO - Setting next_dagrun for dataset_consumes_1_never_scheduled to None, run_after=None
[2025-06-26T23:04:34.934+0000] {logging_mixin.py:190} INFO - [2025-06-26T23:04:34.934+0000] {dag.py:4180} INFO - Setting next_dagrun for dataset_consumes_unknown_never_scheduled to None, run_after=None
[2025-06-26T23:04:34.935+0000] {logging_mixin.py:190} INFO - [2025-06-26T23:04:34.935+0000] {dag.py:4180} INFO - Setting next_dagrun for dataset_produces_1 to 2025-06-25 00:00:00+00:00, run_after=2025-06-26 00:00:00+00:00
[2025-06-26T23:04:34.939+0000] {logging_mixin.py:190} INFO - [2025-06-26T23:04:34.939+0000] {dag.py:4180} INFO - Setting next_dagrun for dataset_produces_2 to None, run_after=None
[2025-06-26T23:04:34.964+0000] {processor.py:208} INFO - Processing /home/airflow/.local/lib/python3.12/site-packages/airflow/example_dags/example_datasets.py took 0.302 seconds
[2025-06-26T23:05:11.293+0000] {processor.py:186} INFO - Started process (PID=1074) to work on /home/airflow/.local/lib/python3.12/site-packages/airflow/example_dags/example_datasets.py
[2025-06-26T23:05:11.294+0000] {processor.py:914} INFO - Processing file /home/airflow/.local/lib/python3.12/site-packages/airflow/example_dags/example_datasets.py for tasks to queue
[2025-06-26T23:05:11.297+0000] {logging_mixin.py:190} INFO - [2025-06-26T23:05:11.296+0000] {dagbag.py:588} INFO - Filling up the DagBag from /home/airflow/.local/lib/python3.12/site-packages/airflow/example_dags/example_datasets.py
[2025-06-26T23:05:11.468+0000] {processor.py:925} INFO - DAG(s) 'conditional_dataset_and_time_based_timetable', 'dataset_produces_2', 'dataset_consumes_1_and_2', 'dataset_produces_1', 'consume_1_or_both_2_and_3_with_dataset_expressions', 'dataset_consumes_1', 'consume_1_and_2_with_dataset_expressions', 'dataset_consumes_1_never_scheduled', 'consume_1_or_2_with_dataset_expressions', 'dataset_consumes_unknown_never_scheduled' retrieved from /home/airflow/.local/lib/python3.12/site-packages/airflow/example_dags/example_datasets.py
[2025-06-26T23:05:11.505+0000] {logging_mixin.py:190} INFO - [2025-06-26T23:05:11.504+0000] {dag.py:3239} INFO - Sync 10 DAGs
[2025-06-26T23:05:11.526+0000] {logging_mixin.py:190} INFO - [2025-06-26T23:05:11.526+0000] {dag.py:4180} INFO - Setting next_dagrun for conditional_dataset_and_time_based_timetable to 2025-06-25 01:00:00+00:00, run_after=2025-06-25 01:00:00+00:00
[2025-06-26T23:05:11.529+0000] {logging_mixin.py:190} INFO - [2025-06-26T23:05:11.529+0000] {dag.py:4180} INFO - Setting next_dagrun for consume_1_and_2_with_dataset_expressions to None, run_after=None
[2025-06-26T23:05:11.531+0000] {logging_mixin.py:190} INFO - [2025-06-26T23:05:11.531+0000] {dag.py:4180} INFO - Setting next_dagrun for consume_1_or_2_with_dataset_expressions to None, run_after=None
[2025-06-26T23:05:11.532+0000] {logging_mixin.py:190} INFO - [2025-06-26T23:05:11.532+0000] {dag.py:4180} INFO - Setting next_dagrun for consume_1_or_both_2_and_3_with_dataset_expressions to None, run_after=None
[2025-06-26T23:05:11.533+0000] {logging_mixin.py:190} INFO - [2025-06-26T23:05:11.533+0000] {dag.py:4180} INFO - Setting next_dagrun for dataset_consumes_1 to None, run_after=None
[2025-06-26T23:05:11.535+0000] {logging_mixin.py:190} INFO - [2025-06-26T23:05:11.535+0000] {dag.py:4180} INFO - Setting next_dagrun for dataset_consumes_1_and_2 to None, run_after=None
[2025-06-26T23:05:11.536+0000] {logging_mixin.py:190} INFO - [2025-06-26T23:05:11.536+0000] {dag.py:4180} INFO - Setting next_dagrun for dataset_consumes_1_never_scheduled to None, run_after=None
[2025-06-26T23:05:11.537+0000] {logging_mixin.py:190} INFO - [2025-06-26T23:05:11.537+0000] {dag.py:4180} INFO - Setting next_dagrun for dataset_consumes_unknown_never_scheduled to None, run_after=None
[2025-06-26T23:05:11.538+0000] {logging_mixin.py:190} INFO - [2025-06-26T23:05:11.538+0000] {dag.py:4180} INFO - Setting next_dagrun for dataset_produces_1 to 2025-06-25 00:00:00+00:00, run_after=2025-06-26 00:00:00+00:00
[2025-06-26T23:05:11.539+0000] {logging_mixin.py:190} INFO - [2025-06-26T23:05:11.539+0000] {dag.py:4180} INFO - Setting next_dagrun for dataset_produces_2 to None, run_after=None
[2025-06-26T23:05:11.565+0000] {processor.py:208} INFO - Processing /home/airflow/.local/lib/python3.12/site-packages/airflow/example_dags/example_datasets.py took 0.280 seconds
[2025-06-26T23:05:42.471+0000] {processor.py:186} INFO - Started process (PID=1136) to work on /home/airflow/.local/lib/python3.12/site-packages/airflow/example_dags/example_datasets.py
[2025-06-26T23:05:42.474+0000] {processor.py:914} INFO - Processing file /home/airflow/.local/lib/python3.12/site-packages/airflow/example_dags/example_datasets.py for tasks to queue
[2025-06-26T23:05:42.476+0000] {logging_mixin.py:190} INFO - [2025-06-26T23:05:42.476+0000] {dagbag.py:588} INFO - Filling up the DagBag from /home/airflow/.local/lib/python3.12/site-packages/airflow/example_dags/example_datasets.py
[2025-06-26T23:05:42.621+0000] {processor.py:925} INFO - DAG(s) 'dataset_consumes_1_never_scheduled', 'dataset_consumes_1_and_2', 'consume_1_or_2_with_dataset_expressions', 'dataset_produces_1', 'consume_1_and_2_with_dataset_expressions', 'conditional_dataset_and_time_based_timetable', 'dataset_consumes_unknown_never_scheduled', 'consume_1_or_both_2_and_3_with_dataset_expressions', 'dataset_produces_2', 'dataset_consumes_1' retrieved from /home/airflow/.local/lib/python3.12/site-packages/airflow/example_dags/example_datasets.py
[2025-06-26T23:05:42.652+0000] {logging_mixin.py:190} INFO - [2025-06-26T23:05:42.652+0000] {dag.py:3239} INFO - Sync 10 DAGs
[2025-06-26T23:05:42.675+0000] {logging_mixin.py:190} INFO - [2025-06-26T23:05:42.675+0000] {dag.py:4180} INFO - Setting next_dagrun for conditional_dataset_and_time_based_timetable to 2025-06-25 01:00:00+00:00, run_after=2025-06-25 01:00:00+00:00
[2025-06-26T23:05:42.680+0000] {logging_mixin.py:190} INFO - [2025-06-26T23:05:42.680+0000] {dag.py:4180} INFO - Setting next_dagrun for consume_1_and_2_with_dataset_expressions to None, run_after=None
[2025-06-26T23:05:42.681+0000] {logging_mixin.py:190} INFO - [2025-06-26T23:05:42.681+0000] {dag.py:4180} INFO - Setting next_dagrun for consume_1_or_2_with_dataset_expressions to None, run_after=None
[2025-06-26T23:05:42.682+0000] {logging_mixin.py:190} INFO - [2025-06-26T23:05:42.682+0000] {dag.py:4180} INFO - Setting next_dagrun for consume_1_or_both_2_and_3_with_dataset_expressions to None, run_after=None
[2025-06-26T23:05:42.682+0000] {logging_mixin.py:190} INFO - [2025-06-26T23:05:42.682+0000] {dag.py:4180} INFO - Setting next_dagrun for dataset_consumes_1 to None, run_after=None
[2025-06-26T23:05:42.683+0000] {logging_mixin.py:190} INFO - [2025-06-26T23:05:42.683+0000] {dag.py:4180} INFO - Setting next_dagrun for dataset_consumes_1_and_2 to None, run_after=None
[2025-06-26T23:05:42.684+0000] {logging_mixin.py:190} INFO - [2025-06-26T23:05:42.684+0000] {dag.py:4180} INFO - Setting next_dagrun for dataset_consumes_1_never_scheduled to None, run_after=None
[2025-06-26T23:05:42.688+0000] {logging_mixin.py:190} INFO - [2025-06-26T23:05:42.688+0000] {dag.py:4180} INFO - Setting next_dagrun for dataset_consumes_unknown_never_scheduled to None, run_after=None
[2025-06-26T23:05:42.690+0000] {logging_mixin.py:190} INFO - [2025-06-26T23:05:42.690+0000] {dag.py:4180} INFO - Setting next_dagrun for dataset_produces_1 to 2025-06-25 00:00:00+00:00, run_after=2025-06-26 00:00:00+00:00
[2025-06-26T23:05:42.690+0000] {logging_mixin.py:190} INFO - [2025-06-26T23:05:42.690+0000] {dag.py:4180} INFO - Setting next_dagrun for dataset_produces_2 to None, run_after=None
[2025-06-26T23:05:42.715+0000] {processor.py:208} INFO - Processing /home/airflow/.local/lib/python3.12/site-packages/airflow/example_dags/example_datasets.py took 0.251 seconds
[2025-06-26T23:06:18.408+0000] {processor.py:186} INFO - Started process (PID=1198) to work on /home/airflow/.local/lib/python3.12/site-packages/airflow/example_dags/example_datasets.py
[2025-06-26T23:06:18.411+0000] {processor.py:914} INFO - Processing file /home/airflow/.local/lib/python3.12/site-packages/airflow/example_dags/example_datasets.py for tasks to queue
[2025-06-26T23:06:18.414+0000] {logging_mixin.py:190} INFO - [2025-06-26T23:06:18.413+0000] {dagbag.py:588} INFO - Filling up the DagBag from /home/airflow/.local/lib/python3.12/site-packages/airflow/example_dags/example_datasets.py
[2025-06-26T23:06:18.705+0000] {processor.py:925} INFO - DAG(s) 'dataset_consumes_1', 'consume_1_and_2_with_dataset_expressions', 'dataset_produces_2', 'dataset_consumes_unknown_never_scheduled', 'consume_1_or_both_2_and_3_with_dataset_expressions', 'dataset_consumes_1_never_scheduled', 'dataset_produces_1', 'conditional_dataset_and_time_based_timetable', 'consume_1_or_2_with_dataset_expressions', 'dataset_consumes_1_and_2' retrieved from /home/airflow/.local/lib/python3.12/site-packages/airflow/example_dags/example_datasets.py
[2025-06-26T23:06:18.814+0000] {logging_mixin.py:190} INFO - [2025-06-26T23:06:18.813+0000] {dag.py:3239} INFO - Sync 10 DAGs
[2025-06-26T23:06:18.840+0000] {logging_mixin.py:190} INFO - [2025-06-26T23:06:18.840+0000] {dag.py:4180} INFO - Setting next_dagrun for conditional_dataset_and_time_based_timetable to 2025-06-25 01:00:00+00:00, run_after=2025-06-25 01:00:00+00:00
[2025-06-26T23:06:18.843+0000] {logging_mixin.py:190} INFO - [2025-06-26T23:06:18.842+0000] {dag.py:4180} INFO - Setting next_dagrun for consume_1_and_2_with_dataset_expressions to None, run_after=None
[2025-06-26T23:06:18.844+0000] {logging_mixin.py:190} INFO - [2025-06-26T23:06:18.843+0000] {dag.py:4180} INFO - Setting next_dagrun for consume_1_or_2_with_dataset_expressions to None, run_after=None
[2025-06-26T23:06:18.845+0000] {logging_mixin.py:190} INFO - [2025-06-26T23:06:18.844+0000] {dag.py:4180} INFO - Setting next_dagrun for consume_1_or_both_2_and_3_with_dataset_expressions to None, run_after=None
[2025-06-26T23:06:18.845+0000] {logging_mixin.py:190} INFO - [2025-06-26T23:06:18.845+0000] {dag.py:4180} INFO - Setting next_dagrun for dataset_consumes_1 to None, run_after=None
[2025-06-26T23:06:18.846+0000] {logging_mixin.py:190} INFO - [2025-06-26T23:06:18.846+0000] {dag.py:4180} INFO - Setting next_dagrun for dataset_consumes_1_and_2 to None, run_after=None
[2025-06-26T23:06:18.847+0000] {logging_mixin.py:190} INFO - [2025-06-26T23:06:18.847+0000] {dag.py:4180} INFO - Setting next_dagrun for dataset_consumes_1_never_scheduled to None, run_after=None
[2025-06-26T23:06:18.848+0000] {logging_mixin.py:190} INFO - [2025-06-26T23:06:18.848+0000] {dag.py:4180} INFO - Setting next_dagrun for dataset_consumes_unknown_never_scheduled to None, run_after=None
[2025-06-26T23:06:18.849+0000] {logging_mixin.py:190} INFO - [2025-06-26T23:06:18.849+0000] {dag.py:4180} INFO - Setting next_dagrun for dataset_produces_1 to 2025-06-25 00:00:00+00:00, run_after=2025-06-26 00:00:00+00:00
[2025-06-26T23:06:18.850+0000] {logging_mixin.py:190} INFO - [2025-06-26T23:06:18.850+0000] {dag.py:4180} INFO - Setting next_dagrun for dataset_produces_2 to None, run_after=None
[2025-06-26T23:06:18.880+0000] {processor.py:208} INFO - Processing /home/airflow/.local/lib/python3.12/site-packages/airflow/example_dags/example_datasets.py took 0.485 seconds
[2025-06-26T23:06:48.968+0000] {processor.py:186} INFO - Started process (PID=1260) to work on /home/airflow/.local/lib/python3.12/site-packages/airflow/example_dags/example_datasets.py
[2025-06-26T23:06:48.970+0000] {processor.py:914} INFO - Processing file /home/airflow/.local/lib/python3.12/site-packages/airflow/example_dags/example_datasets.py for tasks to queue
[2025-06-26T23:06:48.974+0000] {logging_mixin.py:190} INFO - [2025-06-26T23:06:48.974+0000] {dagbag.py:588} INFO - Filling up the DagBag from /home/airflow/.local/lib/python3.12/site-packages/airflow/example_dags/example_datasets.py
[2025-06-26T23:06:49.087+0000] {processor.py:925} INFO - DAG(s) 'conditional_dataset_and_time_based_timetable', 'dataset_produces_1', 'dataset_consumes_1_never_scheduled', 'dataset_consumes_1_and_2', 'dataset_produces_2', 'consume_1_and_2_with_dataset_expressions', 'consume_1_or_2_with_dataset_expressions', 'consume_1_or_both_2_and_3_with_dataset_expressions', 'dataset_consumes_unknown_never_scheduled', 'dataset_consumes_1' retrieved from /home/airflow/.local/lib/python3.12/site-packages/airflow/example_dags/example_datasets.py
[2025-06-26T23:06:49.108+0000] {logging_mixin.py:190} INFO - [2025-06-26T23:06:49.107+0000] {dag.py:3239} INFO - Sync 10 DAGs
[2025-06-26T23:06:49.122+0000] {logging_mixin.py:190} INFO - [2025-06-26T23:06:49.122+0000] {dag.py:4180} INFO - Setting next_dagrun for conditional_dataset_and_time_based_timetable to 2025-06-25 01:00:00+00:00, run_after=2025-06-25 01:00:00+00:00
[2025-06-26T23:06:49.124+0000] {logging_mixin.py:190} INFO - [2025-06-26T23:06:49.124+0000] {dag.py:4180} INFO - Setting next_dagrun for consume_1_and_2_with_dataset_expressions to None, run_after=None
[2025-06-26T23:06:49.124+0000] {logging_mixin.py:190} INFO - [2025-06-26T23:06:49.124+0000] {dag.py:4180} INFO - Setting next_dagrun for consume_1_or_2_with_dataset_expressions to None, run_after=None
[2025-06-26T23:06:49.125+0000] {logging_mixin.py:190} INFO - [2025-06-26T23:06:49.125+0000] {dag.py:4180} INFO - Setting next_dagrun for consume_1_or_both_2_and_3_with_dataset_expressions to None, run_after=None
[2025-06-26T23:06:49.125+0000] {logging_mixin.py:190} INFO - [2025-06-26T23:06:49.125+0000] {dag.py:4180} INFO - Setting next_dagrun for dataset_consumes_1 to None, run_after=None
[2025-06-26T23:06:49.126+0000] {logging_mixin.py:190} INFO - [2025-06-26T23:06:49.126+0000] {dag.py:4180} INFO - Setting next_dagrun for dataset_consumes_1_and_2 to None, run_after=None
[2025-06-26T23:06:49.126+0000] {logging_mixin.py:190} INFO - [2025-06-26T23:06:49.126+0000] {dag.py:4180} INFO - Setting next_dagrun for dataset_consumes_1_never_scheduled to None, run_after=None
[2025-06-26T23:06:49.126+0000] {logging_mixin.py:190} INFO - [2025-06-26T23:06:49.126+0000] {dag.py:4180} INFO - Setting next_dagrun for dataset_consumes_unknown_never_scheduled to None, run_after=None
[2025-06-26T23:06:49.127+0000] {logging_mixin.py:190} INFO - [2025-06-26T23:06:49.127+0000] {dag.py:4180} INFO - Setting next_dagrun for dataset_produces_1 to 2025-06-25 00:00:00+00:00, run_after=2025-06-26 00:00:00+00:00
[2025-06-26T23:06:49.128+0000] {logging_mixin.py:190} INFO - [2025-06-26T23:06:49.128+0000] {dag.py:4180} INFO - Setting next_dagrun for dataset_produces_2 to None, run_after=None
[2025-06-26T23:06:49.142+0000] {processor.py:208} INFO - Processing /home/airflow/.local/lib/python3.12/site-packages/airflow/example_dags/example_datasets.py took 0.179 seconds
[2025-06-26T23:07:19.352+0000] {processor.py:186} INFO - Started process (PID=1322) to work on /home/airflow/.local/lib/python3.12/site-packages/airflow/example_dags/example_datasets.py
[2025-06-26T23:07:19.355+0000] {processor.py:914} INFO - Processing file /home/airflow/.local/lib/python3.12/site-packages/airflow/example_dags/example_datasets.py for tasks to queue
[2025-06-26T23:07:19.363+0000] {logging_mixin.py:190} INFO - [2025-06-26T23:07:19.363+0000] {dagbag.py:588} INFO - Filling up the DagBag from /home/airflow/.local/lib/python3.12/site-packages/airflow/example_dags/example_datasets.py
[2025-06-26T23:07:19.588+0000] {processor.py:925} INFO - DAG(s) 'dataset_produces_1', 'dataset_produces_2', 'dataset_consumes_1', 'conditional_dataset_and_time_based_timetable', 'consume_1_and_2_with_dataset_expressions', 'dataset_consumes_1_and_2', 'consume_1_or_2_with_dataset_expressions', 'consume_1_or_both_2_and_3_with_dataset_expressions', 'dataset_consumes_unknown_never_scheduled', 'dataset_consumes_1_never_scheduled' retrieved from /home/airflow/.local/lib/python3.12/site-packages/airflow/example_dags/example_datasets.py
[2025-06-26T23:07:19.657+0000] {logging_mixin.py:190} INFO - [2025-06-26T23:07:19.657+0000] {dag.py:3239} INFO - Sync 10 DAGs
[2025-06-26T23:07:19.691+0000] {logging_mixin.py:190} INFO - [2025-06-26T23:07:19.691+0000] {dag.py:4180} INFO - Setting next_dagrun for conditional_dataset_and_time_based_timetable to 2025-06-25 01:00:00+00:00, run_after=2025-06-25 01:00:00+00:00
[2025-06-26T23:07:19.698+0000] {logging_mixin.py:190} INFO - [2025-06-26T23:07:19.697+0000] {dag.py:4180} INFO - Setting next_dagrun for consume_1_and_2_with_dataset_expressions to None, run_after=None
[2025-06-26T23:07:19.701+0000] {logging_mixin.py:190} INFO - [2025-06-26T23:07:19.700+0000] {dag.py:4180} INFO - Setting next_dagrun for consume_1_or_2_with_dataset_expressions to None, run_after=None
[2025-06-26T23:07:19.705+0000] {logging_mixin.py:190} INFO - [2025-06-26T23:07:19.705+0000] {dag.py:4180} INFO - Setting next_dagrun for consume_1_or_both_2_and_3_with_dataset_expressions to None, run_after=None
[2025-06-26T23:07:19.708+0000] {logging_mixin.py:190} INFO - [2025-06-26T23:07:19.708+0000] {dag.py:4180} INFO - Setting next_dagrun for dataset_consumes_1 to None, run_after=None
[2025-06-26T23:07:19.709+0000] {logging_mixin.py:190} INFO - [2025-06-26T23:07:19.709+0000] {dag.py:4180} INFO - Setting next_dagrun for dataset_consumes_1_and_2 to None, run_after=None
[2025-06-26T23:07:19.710+0000] {logging_mixin.py:190} INFO - [2025-06-26T23:07:19.710+0000] {dag.py:4180} INFO - Setting next_dagrun for dataset_consumes_1_never_scheduled to None, run_after=None
[2025-06-26T23:07:19.711+0000] {logging_mixin.py:190} INFO - [2025-06-26T23:07:19.711+0000] {dag.py:4180} INFO - Setting next_dagrun for dataset_consumes_unknown_never_scheduled to None, run_after=None
[2025-06-26T23:07:19.714+0000] {logging_mixin.py:190} INFO - [2025-06-26T23:07:19.714+0000] {dag.py:4180} INFO - Setting next_dagrun for dataset_produces_1 to 2025-06-25 00:00:00+00:00, run_after=2025-06-26 00:00:00+00:00
[2025-06-26T23:07:19.716+0000] {logging_mixin.py:190} INFO - [2025-06-26T23:07:19.716+0000] {dag.py:4180} INFO - Setting next_dagrun for dataset_produces_2 to None, run_after=None
[2025-06-26T23:07:19.746+0000] {processor.py:208} INFO - Processing /home/airflow/.local/lib/python3.12/site-packages/airflow/example_dags/example_datasets.py took 0.412 seconds
