[2025-06-26T22:55:31.520+0000] {processor.py:186} INFO - Started process (PID=74) to work on /home/airflow/.local/lib/python3.12/site-packages/airflow/example_dags/example_dataset_alias.py
[2025-06-26T22:55:31.526+0000] {processor.py:914} INFO - Processing file /home/airflow/.local/lib/python3.12/site-packages/airflow/example_dags/example_dataset_alias.py for tasks to queue
[2025-06-26T22:55:31.531+0000] {logging_mixin.py:190} INFO - [2025-06-26T22:55:31.530+0000] {dagbag.py:588} INFO - Filling up the DagBag from /home/airflow/.local/lib/python3.12/site-packages/airflow/example_dags/example_dataset_alias.py
[2025-06-26T22:55:32.055+0000] {processor.py:925} INFO - DAG(s) 'dataset_alias_example_alias_consumer', 'dataset_s3_bucket_producer', 'dataset_alias_example_alias_producer', 'dataset_s3_bucket_consumer' retrieved from /home/airflow/.local/lib/python3.12/site-packages/airflow/example_dags/example_dataset_alias.py
[2025-06-26T22:55:32.266+0000] {logging_mixin.py:190} INFO - [2025-06-26T22:55:32.257+0000] {override.py:1900} INFO - Created Permission View: can read on DAG:dataset_alias_example_alias_consumer
[2025-06-26T22:55:32.279+0000] {logging_mixin.py:190} INFO - [2025-06-26T22:55:32.278+0000] {override.py:1900} INFO - Created Permission View: can delete on DAG:dataset_alias_example_alias_consumer
[2025-06-26T22:55:32.286+0000] {logging_mixin.py:190} INFO - [2025-06-26T22:55:32.285+0000] {override.py:1900} INFO - Created Permission View: can edit on DAG:dataset_alias_example_alias_consumer
[2025-06-26T22:55:32.298+0000] {logging_mixin.py:190} INFO - [2025-06-26T22:55:32.298+0000] {override.py:1900} INFO - Created Permission View: can read on DAG Run:dataset_alias_example_alias_consumer
[2025-06-26T22:55:32.306+0000] {logging_mixin.py:190} INFO - [2025-06-26T22:55:32.306+0000] {override.py:1900} INFO - Created Permission View: menu access on DAG Run:dataset_alias_example_alias_consumer
[2025-06-26T22:55:32.312+0000] {logging_mixin.py:190} INFO - [2025-06-26T22:55:32.312+0000] {override.py:1900} INFO - Created Permission View: can delete on DAG Run:dataset_alias_example_alias_consumer
[2025-06-26T22:55:32.320+0000] {logging_mixin.py:190} INFO - [2025-06-26T22:55:32.320+0000] {override.py:1900} INFO - Created Permission View: can create on DAG Run:dataset_alias_example_alias_consumer
[2025-06-26T22:55:32.347+0000] {logging_mixin.py:190} INFO - [2025-06-26T22:55:32.346+0000] {override.py:1900} INFO - Created Permission View: can read on DAG:dataset_s3_bucket_producer
[2025-06-26T22:55:32.356+0000] {logging_mixin.py:190} INFO - [2025-06-26T22:55:32.356+0000] {override.py:1900} INFO - Created Permission View: can delete on DAG:dataset_s3_bucket_producer
[2025-06-26T22:55:32.365+0000] {logging_mixin.py:190} INFO - [2025-06-26T22:55:32.365+0000] {override.py:1900} INFO - Created Permission View: can edit on DAG:dataset_s3_bucket_producer
[2025-06-26T22:55:32.384+0000] {logging_mixin.py:190} INFO - [2025-06-26T22:55:32.383+0000] {override.py:1900} INFO - Created Permission View: can read on DAG Run:dataset_s3_bucket_producer
[2025-06-26T22:55:32.407+0000] {logging_mixin.py:190} INFO - [2025-06-26T22:55:32.406+0000] {override.py:1900} INFO - Created Permission View: menu access on DAG Run:dataset_s3_bucket_producer
[2025-06-26T22:55:32.419+0000] {logging_mixin.py:190} INFO - [2025-06-26T22:55:32.418+0000] {override.py:1900} INFO - Created Permission View: can delete on DAG Run:dataset_s3_bucket_producer
[2025-06-26T22:55:32.429+0000] {logging_mixin.py:190} INFO - [2025-06-26T22:55:32.429+0000] {override.py:1900} INFO - Created Permission View: can create on DAG Run:dataset_s3_bucket_producer
[2025-06-26T22:55:32.453+0000] {logging_mixin.py:190} INFO - [2025-06-26T22:55:32.452+0000] {override.py:1900} INFO - Created Permission View: can read on DAG:dataset_alias_example_alias_producer
[2025-06-26T22:55:32.457+0000] {logging_mixin.py:190} INFO - [2025-06-26T22:55:32.457+0000] {override.py:1900} INFO - Created Permission View: can delete on DAG:dataset_alias_example_alias_producer
[2025-06-26T22:55:32.462+0000] {logging_mixin.py:190} INFO - [2025-06-26T22:55:32.462+0000] {override.py:1900} INFO - Created Permission View: can edit on DAG:dataset_alias_example_alias_producer
[2025-06-26T22:55:32.468+0000] {logging_mixin.py:190} INFO - [2025-06-26T22:55:32.468+0000] {override.py:1900} INFO - Created Permission View: can read on DAG Run:dataset_alias_example_alias_producer
[2025-06-26T22:55:32.471+0000] {logging_mixin.py:190} INFO - [2025-06-26T22:55:32.471+0000] {override.py:1900} INFO - Created Permission View: menu access on DAG Run:dataset_alias_example_alias_producer
[2025-06-26T22:55:32.498+0000] {logging_mixin.py:190} INFO - [2025-06-26T22:55:32.497+0000] {override.py:1900} INFO - Created Permission View: can delete on DAG Run:dataset_alias_example_alias_producer
[2025-06-26T22:55:32.501+0000] {logging_mixin.py:190} INFO - [2025-06-26T22:55:32.500+0000] {override.py:1900} INFO - Created Permission View: can create on DAG Run:dataset_alias_example_alias_producer
[2025-06-26T22:55:32.512+0000] {logging_mixin.py:190} INFO - [2025-06-26T22:55:32.512+0000] {override.py:1900} INFO - Created Permission View: can read on DAG:dataset_s3_bucket_consumer
[2025-06-26T22:55:32.517+0000] {logging_mixin.py:190} INFO - [2025-06-26T22:55:32.517+0000] {override.py:1900} INFO - Created Permission View: can delete on DAG:dataset_s3_bucket_consumer
[2025-06-26T22:55:32.522+0000] {logging_mixin.py:190} INFO - [2025-06-26T22:55:32.522+0000] {override.py:1900} INFO - Created Permission View: can edit on DAG:dataset_s3_bucket_consumer
[2025-06-26T22:55:32.530+0000] {logging_mixin.py:190} INFO - [2025-06-26T22:55:32.529+0000] {override.py:1900} INFO - Created Permission View: can read on DAG Run:dataset_s3_bucket_consumer
[2025-06-26T22:55:32.533+0000] {logging_mixin.py:190} INFO - [2025-06-26T22:55:32.533+0000] {override.py:1900} INFO - Created Permission View: menu access on DAG Run:dataset_s3_bucket_consumer
[2025-06-26T22:55:32.536+0000] {logging_mixin.py:190} INFO - [2025-06-26T22:55:32.536+0000] {override.py:1900} INFO - Created Permission View: can delete on DAG Run:dataset_s3_bucket_consumer
[2025-06-26T22:55:32.540+0000] {logging_mixin.py:190} INFO - [2025-06-26T22:55:32.540+0000] {override.py:1900} INFO - Created Permission View: can create on DAG Run:dataset_s3_bucket_consumer
[2025-06-26T22:55:32.540+0000] {logging_mixin.py:190} INFO - [2025-06-26T22:55:32.540+0000] {dag.py:3239} INFO - Sync 4 DAGs
[2025-06-26T22:55:32.561+0000] {logging_mixin.py:190} INFO - [2025-06-26T22:55:32.561+0000] {dag.py:3262} INFO - Creating ORM DAG for dataset_alias_example_alias_producer
[2025-06-26T22:55:32.562+0000] {logging_mixin.py:190} INFO - [2025-06-26T22:55:32.562+0000] {dag.py:3262} INFO - Creating ORM DAG for dataset_s3_bucket_consumer
[2025-06-26T22:55:32.564+0000] {logging_mixin.py:190} INFO - [2025-06-26T22:55:32.563+0000] {dag.py:3262} INFO - Creating ORM DAG for dataset_s3_bucket_producer
[2025-06-26T22:55:32.564+0000] {logging_mixin.py:190} INFO - [2025-06-26T22:55:32.564+0000] {dag.py:3262} INFO - Creating ORM DAG for dataset_alias_example_alias_consumer
[2025-06-26T22:55:32.589+0000] {logging_mixin.py:190} INFO - [2025-06-26T22:55:32.589+0000] {dag.py:4180} INFO - Setting next_dagrun for dataset_alias_example_alias_consumer to None, run_after=None
[2025-06-26T22:55:32.590+0000] {logging_mixin.py:190} INFO - [2025-06-26T22:55:32.590+0000] {dag.py:4180} INFO - Setting next_dagrun for dataset_alias_example_alias_producer to None, run_after=None
[2025-06-26T22:55:32.591+0000] {logging_mixin.py:190} INFO - [2025-06-26T22:55:32.591+0000] {dag.py:4180} INFO - Setting next_dagrun for dataset_s3_bucket_consumer to None, run_after=None
[2025-06-26T22:55:32.591+0000] {logging_mixin.py:190} INFO - [2025-06-26T22:55:32.591+0000] {dag.py:4180} INFO - Setting next_dagrun for dataset_s3_bucket_producer to None, run_after=None
[2025-06-26T22:55:32.638+0000] {processor.py:208} INFO - Processing /home/airflow/.local/lib/python3.12/site-packages/airflow/example_dags/example_dataset_alias.py took 1.141 seconds
[2025-06-26T22:56:02.984+0000] {processor.py:186} INFO - Started process (PID=136) to work on /home/airflow/.local/lib/python3.12/site-packages/airflow/example_dags/example_dataset_alias.py
[2025-06-26T22:56:02.987+0000] {processor.py:914} INFO - Processing file /home/airflow/.local/lib/python3.12/site-packages/airflow/example_dags/example_dataset_alias.py for tasks to queue
[2025-06-26T22:56:02.996+0000] {logging_mixin.py:190} INFO - [2025-06-26T22:56:02.995+0000] {dagbag.py:588} INFO - Filling up the DagBag from /home/airflow/.local/lib/python3.12/site-packages/airflow/example_dags/example_dataset_alias.py
[2025-06-26T22:56:03.556+0000] {processor.py:925} INFO - DAG(s) 'dataset_alias_example_alias_producer', 'dataset_s3_bucket_producer', 'dataset_s3_bucket_consumer', 'dataset_alias_example_alias_consumer' retrieved from /home/airflow/.local/lib/python3.12/site-packages/airflow/example_dags/example_dataset_alias.py
[2025-06-26T22:56:03.595+0000] {logging_mixin.py:190} INFO - [2025-06-26T22:56:03.593+0000] {dag.py:3239} INFO - Sync 4 DAGs
[2025-06-26T22:56:03.676+0000] {logging_mixin.py:190} INFO - [2025-06-26T22:56:03.676+0000] {dag.py:4180} INFO - Setting next_dagrun for dataset_alias_example_alias_consumer to None, run_after=None
[2025-06-26T22:56:03.684+0000] {logging_mixin.py:190} INFO - [2025-06-26T22:56:03.683+0000] {dag.py:4180} INFO - Setting next_dagrun for dataset_alias_example_alias_producer to None, run_after=None
[2025-06-26T22:56:03.687+0000] {logging_mixin.py:190} INFO - [2025-06-26T22:56:03.687+0000] {dag.py:4180} INFO - Setting next_dagrun for dataset_s3_bucket_consumer to None, run_after=None
[2025-06-26T22:56:03.689+0000] {logging_mixin.py:190} INFO - [2025-06-26T22:56:03.688+0000] {dag.py:4180} INFO - Setting next_dagrun for dataset_s3_bucket_producer to None, run_after=None
[2025-06-26T22:56:03.761+0000] {processor.py:208} INFO - Processing /home/airflow/.local/lib/python3.12/site-packages/airflow/example_dags/example_dataset_alias.py took 0.790 seconds
[2025-06-26T22:56:34.791+0000] {processor.py:186} INFO - Started process (PID=200) to work on /home/airflow/.local/lib/python3.12/site-packages/airflow/example_dags/example_dataset_alias.py
[2025-06-26T22:56:34.799+0000] {processor.py:914} INFO - Processing file /home/airflow/.local/lib/python3.12/site-packages/airflow/example_dags/example_dataset_alias.py for tasks to queue
[2025-06-26T22:56:34.824+0000] {logging_mixin.py:190} INFO - [2025-06-26T22:56:34.822+0000] {dagbag.py:588} INFO - Filling up the DagBag from /home/airflow/.local/lib/python3.12/site-packages/airflow/example_dags/example_dataset_alias.py
[2025-06-26T22:56:35.087+0000] {processor.py:925} INFO - DAG(s) 'dataset_s3_bucket_producer', 'dataset_alias_example_alias_producer', 'dataset_alias_example_alias_consumer', 'dataset_s3_bucket_consumer' retrieved from /home/airflow/.local/lib/python3.12/site-packages/airflow/example_dags/example_dataset_alias.py
[2025-06-26T22:56:35.111+0000] {logging_mixin.py:190} INFO - [2025-06-26T22:56:35.110+0000] {dag.py:3239} INFO - Sync 4 DAGs
[2025-06-26T22:56:35.140+0000] {logging_mixin.py:190} INFO - [2025-06-26T22:56:35.140+0000] {dag.py:4180} INFO - Setting next_dagrun for dataset_alias_example_alias_consumer to None, run_after=None
[2025-06-26T22:56:35.146+0000] {logging_mixin.py:190} INFO - [2025-06-26T22:56:35.146+0000] {dag.py:4180} INFO - Setting next_dagrun for dataset_alias_example_alias_producer to None, run_after=None
[2025-06-26T22:56:35.148+0000] {logging_mixin.py:190} INFO - [2025-06-26T22:56:35.148+0000] {dag.py:4180} INFO - Setting next_dagrun for dataset_s3_bucket_consumer to None, run_after=None
[2025-06-26T22:56:35.149+0000] {logging_mixin.py:190} INFO - [2025-06-26T22:56:35.149+0000] {dag.py:4180} INFO - Setting next_dagrun for dataset_s3_bucket_producer to None, run_after=None
[2025-06-26T22:56:35.185+0000] {processor.py:208} INFO - Processing /home/airflow/.local/lib/python3.12/site-packages/airflow/example_dags/example_dataset_alias.py took 0.444 seconds
[2025-06-26T22:57:06.459+0000] {processor.py:186} INFO - Started process (PID=262) to work on /home/airflow/.local/lib/python3.12/site-packages/airflow/example_dags/example_dataset_alias.py
[2025-06-26T22:57:06.467+0000] {processor.py:914} INFO - Processing file /home/airflow/.local/lib/python3.12/site-packages/airflow/example_dags/example_dataset_alias.py for tasks to queue
[2025-06-26T22:57:06.487+0000] {logging_mixin.py:190} INFO - [2025-06-26T22:57:06.483+0000] {dagbag.py:588} INFO - Filling up the DagBag from /home/airflow/.local/lib/python3.12/site-packages/airflow/example_dags/example_dataset_alias.py
[2025-06-26T22:57:08.109+0000] {processor.py:925} INFO - DAG(s) 'dataset_alias_example_alias_consumer', 'dataset_alias_example_alias_producer', 'dataset_s3_bucket_consumer', 'dataset_s3_bucket_producer' retrieved from /home/airflow/.local/lib/python3.12/site-packages/airflow/example_dags/example_dataset_alias.py
[2025-06-26T22:57:08.336+0000] {logging_mixin.py:190} INFO - [2025-06-26T22:57:08.334+0000] {dag.py:3239} INFO - Sync 4 DAGs
[2025-06-26T22:57:08.647+0000] {logging_mixin.py:190} INFO - [2025-06-26T22:57:08.643+0000] {dag.py:4180} INFO - Setting next_dagrun for dataset_alias_example_alias_consumer to None, run_after=None
[2025-06-26T22:57:08.660+0000] {logging_mixin.py:190} INFO - [2025-06-26T22:57:08.660+0000] {dag.py:4180} INFO - Setting next_dagrun for dataset_alias_example_alias_producer to None, run_after=None
[2025-06-26T22:57:08.670+0000] {logging_mixin.py:190} INFO - [2025-06-26T22:57:08.669+0000] {dag.py:4180} INFO - Setting next_dagrun for dataset_s3_bucket_consumer to None, run_after=None
[2025-06-26T22:57:08.674+0000] {logging_mixin.py:190} INFO - [2025-06-26T22:57:08.674+0000] {dag.py:4180} INFO - Setting next_dagrun for dataset_s3_bucket_producer to None, run_after=None
[2025-06-26T22:57:08.851+0000] {processor.py:208} INFO - Processing /home/airflow/.local/lib/python3.12/site-packages/airflow/example_dags/example_dataset_alias.py took 2.440 seconds
[2025-06-26T22:57:39.491+0000] {processor.py:186} INFO - Started process (PID=330) to work on /home/airflow/.local/lib/python3.12/site-packages/airflow/example_dags/example_dataset_alias.py
[2025-06-26T22:57:39.493+0000] {processor.py:914} INFO - Processing file /home/airflow/.local/lib/python3.12/site-packages/airflow/example_dags/example_dataset_alias.py for tasks to queue
[2025-06-26T22:57:39.512+0000] {logging_mixin.py:190} INFO - [2025-06-26T22:57:39.508+0000] {dagbag.py:588} INFO - Filling up the DagBag from /home/airflow/.local/lib/python3.12/site-packages/airflow/example_dags/example_dataset_alias.py
[2025-06-26T22:57:41.710+0000] {processor.py:925} INFO - DAG(s) 'dataset_s3_bucket_producer', 'dataset_alias_example_alias_producer', 'dataset_alias_example_alias_consumer', 'dataset_s3_bucket_consumer' retrieved from /home/airflow/.local/lib/python3.12/site-packages/airflow/example_dags/example_dataset_alias.py
[2025-06-26T22:57:42.819+0000] {logging_mixin.py:190} INFO - [2025-06-26T22:57:42.782+0000] {dag.py:3239} INFO - Sync 4 DAGs
[2025-06-26T22:57:44.313+0000] {logging_mixin.py:190} INFO - [2025-06-26T22:57:44.293+0000] {dag.py:4180} INFO - Setting next_dagrun for dataset_alias_example_alias_consumer to None, run_after=None
[2025-06-26T22:57:44.442+0000] {logging_mixin.py:190} INFO - [2025-06-26T22:57:44.397+0000] {dag.py:4180} INFO - Setting next_dagrun for dataset_alias_example_alias_producer to None, run_after=None
[2025-06-26T22:57:44.524+0000] {logging_mixin.py:190} INFO - [2025-06-26T22:57:44.497+0000] {dag.py:4180} INFO - Setting next_dagrun for dataset_s3_bucket_consumer to None, run_after=None
[2025-06-26T22:57:44.619+0000] {logging_mixin.py:190} INFO - [2025-06-26T22:57:44.605+0000] {dag.py:4180} INFO - Setting next_dagrun for dataset_s3_bucket_producer to None, run_after=None
[2025-06-26T22:57:58.017+0000] {processor.py:208} INFO - Processing /home/airflow/.local/lib/python3.12/site-packages/airflow/example_dags/example_dataset_alias.py took 18.806 seconds
[2025-06-26T22:58:28.941+0000] {processor.py:186} INFO - Started process (PID=393) to work on /home/airflow/.local/lib/python3.12/site-packages/airflow/example_dags/example_dataset_alias.py
[2025-06-26T22:58:28.948+0000] {processor.py:914} INFO - Processing file /home/airflow/.local/lib/python3.12/site-packages/airflow/example_dags/example_dataset_alias.py for tasks to queue
[2025-06-26T22:58:28.969+0000] {logging_mixin.py:190} INFO - [2025-06-26T22:58:28.966+0000] {dagbag.py:588} INFO - Filling up the DagBag from /home/airflow/.local/lib/python3.12/site-packages/airflow/example_dags/example_dataset_alias.py
[2025-06-26T22:58:29.381+0000] {processor.py:925} INFO - DAG(s) 'dataset_alias_example_alias_consumer', 'dataset_alias_example_alias_producer', 'dataset_s3_bucket_consumer', 'dataset_s3_bucket_producer' retrieved from /home/airflow/.local/lib/python3.12/site-packages/airflow/example_dags/example_dataset_alias.py
[2025-06-26T22:58:29.431+0000] {logging_mixin.py:190} INFO - [2025-06-26T22:58:29.431+0000] {dag.py:3239} INFO - Sync 4 DAGs
[2025-06-26T22:58:29.485+0000] {logging_mixin.py:190} INFO - [2025-06-26T22:58:29.484+0000] {dag.py:4180} INFO - Setting next_dagrun for dataset_alias_example_alias_consumer to None, run_after=None
[2025-06-26T22:58:29.492+0000] {logging_mixin.py:190} INFO - [2025-06-26T22:58:29.492+0000] {dag.py:4180} INFO - Setting next_dagrun for dataset_alias_example_alias_producer to None, run_after=None
[2025-06-26T22:58:29.495+0000] {logging_mixin.py:190} INFO - [2025-06-26T22:58:29.495+0000] {dag.py:4180} INFO - Setting next_dagrun for dataset_s3_bucket_consumer to None, run_after=None
[2025-06-26T22:58:29.498+0000] {logging_mixin.py:190} INFO - [2025-06-26T22:58:29.498+0000] {dag.py:4180} INFO - Setting next_dagrun for dataset_s3_bucket_producer to None, run_after=None
[2025-06-26T22:58:29.534+0000] {processor.py:208} INFO - Processing /home/airflow/.local/lib/python3.12/site-packages/airflow/example_dags/example_dataset_alias.py took 0.647 seconds
[2025-06-26T22:59:05.524+0000] {processor.py:186} INFO - Started process (PID=455) to work on /home/airflow/.local/lib/python3.12/site-packages/airflow/example_dags/example_dataset_alias.py
[2025-06-26T22:59:05.525+0000] {processor.py:914} INFO - Processing file /home/airflow/.local/lib/python3.12/site-packages/airflow/example_dags/example_dataset_alias.py for tasks to queue
[2025-06-26T22:59:05.527+0000] {logging_mixin.py:190} INFO - [2025-06-26T22:59:05.527+0000] {dagbag.py:588} INFO - Filling up the DagBag from /home/airflow/.local/lib/python3.12/site-packages/airflow/example_dags/example_dataset_alias.py
[2025-06-26T22:59:05.881+0000] {processor.py:925} INFO - DAG(s) 'dataset_alias_example_alias_consumer', 'dataset_s3_bucket_consumer', 'dataset_alias_example_alias_producer', 'dataset_s3_bucket_producer' retrieved from /home/airflow/.local/lib/python3.12/site-packages/airflow/example_dags/example_dataset_alias.py
[2025-06-26T22:59:05.915+0000] {logging_mixin.py:190} INFO - [2025-06-26T22:59:05.915+0000] {dag.py:3239} INFO - Sync 4 DAGs
[2025-06-26T22:59:05.956+0000] {logging_mixin.py:190} INFO - [2025-06-26T22:59:05.956+0000] {dag.py:4180} INFO - Setting next_dagrun for dataset_alias_example_alias_consumer to None, run_after=None
[2025-06-26T22:59:05.960+0000] {logging_mixin.py:190} INFO - [2025-06-26T22:59:05.960+0000] {dag.py:4180} INFO - Setting next_dagrun for dataset_alias_example_alias_producer to None, run_after=None
[2025-06-26T22:59:05.962+0000] {logging_mixin.py:190} INFO - [2025-06-26T22:59:05.962+0000] {dag.py:4180} INFO - Setting next_dagrun for dataset_s3_bucket_consumer to None, run_after=None
[2025-06-26T22:59:05.963+0000] {logging_mixin.py:190} INFO - [2025-06-26T22:59:05.963+0000] {dag.py:4180} INFO - Setting next_dagrun for dataset_s3_bucket_producer to None, run_after=None
[2025-06-26T22:59:05.986+0000] {processor.py:208} INFO - Processing /home/airflow/.local/lib/python3.12/site-packages/airflow/example_dags/example_dataset_alias.py took 0.467 seconds
[2025-06-26T22:59:39.821+0000] {processor.py:186} INFO - Started process (PID=490) to work on /home/airflow/.local/lib/python3.12/site-packages/airflow/example_dags/example_dataset_alias.py
[2025-06-26T22:59:39.823+0000] {processor.py:914} INFO - Processing file /home/airflow/.local/lib/python3.12/site-packages/airflow/example_dags/example_dataset_alias.py for tasks to queue
[2025-06-26T22:59:39.825+0000] {logging_mixin.py:190} INFO - [2025-06-26T22:59:39.824+0000] {dagbag.py:588} INFO - Filling up the DagBag from /home/airflow/.local/lib/python3.12/site-packages/airflow/example_dags/example_dataset_alias.py
[2025-06-26T22:59:40.066+0000] {processor.py:925} INFO - DAG(s) 'dataset_s3_bucket_consumer', 'dataset_alias_example_alias_producer', 'dataset_s3_bucket_producer', 'dataset_alias_example_alias_consumer' retrieved from /home/airflow/.local/lib/python3.12/site-packages/airflow/example_dags/example_dataset_alias.py
[2025-06-26T22:59:40.137+0000] {logging_mixin.py:190} INFO - [2025-06-26T22:59:40.136+0000] {dag.py:3239} INFO - Sync 4 DAGs
[2025-06-26T22:59:40.162+0000] {logging_mixin.py:190} INFO - [2025-06-26T22:59:40.162+0000] {dag.py:4180} INFO - Setting next_dagrun for dataset_alias_example_alias_consumer to None, run_after=None
[2025-06-26T22:59:40.165+0000] {logging_mixin.py:190} INFO - [2025-06-26T22:59:40.165+0000] {dag.py:4180} INFO - Setting next_dagrun for dataset_alias_example_alias_producer to None, run_after=None
[2025-06-26T22:59:40.166+0000] {logging_mixin.py:190} INFO - [2025-06-26T22:59:40.166+0000] {dag.py:4180} INFO - Setting next_dagrun for dataset_s3_bucket_consumer to None, run_after=None
[2025-06-26T22:59:40.167+0000] {logging_mixin.py:190} INFO - [2025-06-26T22:59:40.167+0000] {dag.py:4180} INFO - Setting next_dagrun for dataset_s3_bucket_producer to None, run_after=None
[2025-06-26T22:59:40.196+0000] {processor.py:208} INFO - Processing /home/airflow/.local/lib/python3.12/site-packages/airflow/example_dags/example_dataset_alias.py took 0.385 seconds
[2025-06-26T23:00:10.813+0000] {processor.py:186} INFO - Started process (PID=551) to work on /home/airflow/.local/lib/python3.12/site-packages/airflow/example_dags/example_dataset_alias.py
[2025-06-26T23:00:10.814+0000] {processor.py:914} INFO - Processing file /home/airflow/.local/lib/python3.12/site-packages/airflow/example_dags/example_dataset_alias.py for tasks to queue
[2025-06-26T23:00:10.817+0000] {logging_mixin.py:190} INFO - [2025-06-26T23:00:10.817+0000] {dagbag.py:588} INFO - Filling up the DagBag from /home/airflow/.local/lib/python3.12/site-packages/airflow/example_dags/example_dataset_alias.py
[2025-06-26T23:00:10.982+0000] {processor.py:925} INFO - DAG(s) 'dataset_s3_bucket_consumer', 'dataset_alias_example_alias_producer', 'dataset_alias_example_alias_consumer', 'dataset_s3_bucket_producer' retrieved from /home/airflow/.local/lib/python3.12/site-packages/airflow/example_dags/example_dataset_alias.py
[2025-06-26T23:00:11.052+0000] {logging_mixin.py:190} INFO - [2025-06-26T23:00:11.052+0000] {dag.py:3239} INFO - Sync 4 DAGs
[2025-06-26T23:00:11.096+0000] {logging_mixin.py:190} INFO - [2025-06-26T23:00:11.096+0000] {dag.py:4180} INFO - Setting next_dagrun for dataset_alias_example_alias_consumer to None, run_after=None
[2025-06-26T23:00:11.101+0000] {logging_mixin.py:190} INFO - [2025-06-26T23:00:11.100+0000] {dag.py:4180} INFO - Setting next_dagrun for dataset_alias_example_alias_producer to None, run_after=None
[2025-06-26T23:00:11.103+0000] {logging_mixin.py:190} INFO - [2025-06-26T23:00:11.103+0000] {dag.py:4180} INFO - Setting next_dagrun for dataset_s3_bucket_consumer to None, run_after=None
[2025-06-26T23:00:11.104+0000] {logging_mixin.py:190} INFO - [2025-06-26T23:00:11.104+0000] {dag.py:4180} INFO - Setting next_dagrun for dataset_s3_bucket_producer to None, run_after=None
[2025-06-26T23:00:11.132+0000] {processor.py:208} INFO - Processing /home/airflow/.local/lib/python3.12/site-packages/airflow/example_dags/example_dataset_alias.py took 0.323 seconds
[2025-06-26T23:00:43.836+0000] {processor.py:186} INFO - Started process (PID=618) to work on /home/airflow/.local/lib/python3.12/site-packages/airflow/example_dags/example_dataset_alias.py
[2025-06-26T23:00:43.843+0000] {processor.py:914} INFO - Processing file /home/airflow/.local/lib/python3.12/site-packages/airflow/example_dags/example_dataset_alias.py for tasks to queue
[2025-06-26T23:00:43.847+0000] {logging_mixin.py:190} INFO - [2025-06-26T23:00:43.846+0000] {dagbag.py:588} INFO - Filling up the DagBag from /home/airflow/.local/lib/python3.12/site-packages/airflow/example_dags/example_dataset_alias.py
[2025-06-26T23:00:44.104+0000] {processor.py:925} INFO - DAG(s) 'dataset_s3_bucket_producer', 'dataset_s3_bucket_consumer', 'dataset_alias_example_alias_producer', 'dataset_alias_example_alias_consumer' retrieved from /home/airflow/.local/lib/python3.12/site-packages/airflow/example_dags/example_dataset_alias.py
[2025-06-26T23:00:44.133+0000] {logging_mixin.py:190} INFO - [2025-06-26T23:00:44.133+0000] {dag.py:3239} INFO - Sync 4 DAGs
[2025-06-26T23:00:44.189+0000] {logging_mixin.py:190} INFO - [2025-06-26T23:00:44.189+0000] {dag.py:4180} INFO - Setting next_dagrun for dataset_alias_example_alias_consumer to None, run_after=None
[2025-06-26T23:00:44.194+0000] {logging_mixin.py:190} INFO - [2025-06-26T23:00:44.194+0000] {dag.py:4180} INFO - Setting next_dagrun for dataset_alias_example_alias_producer to None, run_after=None
[2025-06-26T23:00:44.195+0000] {logging_mixin.py:190} INFO - [2025-06-26T23:00:44.195+0000] {dag.py:4180} INFO - Setting next_dagrun for dataset_s3_bucket_consumer to None, run_after=None
[2025-06-26T23:00:44.195+0000] {logging_mixin.py:190} INFO - [2025-06-26T23:00:44.195+0000] {dag.py:4180} INFO - Setting next_dagrun for dataset_s3_bucket_producer to None, run_after=None
[2025-06-26T23:00:44.221+0000] {processor.py:208} INFO - Processing /home/airflow/.local/lib/python3.12/site-packages/airflow/example_dags/example_dataset_alias.py took 0.395 seconds
[2025-06-26T23:01:16.685+0000] {processor.py:186} INFO - Started process (PID=680) to work on /home/airflow/.local/lib/python3.12/site-packages/airflow/example_dags/example_dataset_alias.py
[2025-06-26T23:01:16.687+0000] {processor.py:914} INFO - Processing file /home/airflow/.local/lib/python3.12/site-packages/airflow/example_dags/example_dataset_alias.py for tasks to queue
[2025-06-26T23:01:16.692+0000] {logging_mixin.py:190} INFO - [2025-06-26T23:01:16.691+0000] {dagbag.py:588} INFO - Filling up the DagBag from /home/airflow/.local/lib/python3.12/site-packages/airflow/example_dags/example_dataset_alias.py
[2025-06-26T23:01:16.930+0000] {processor.py:925} INFO - DAG(s) 'dataset_s3_bucket_consumer', 'dataset_s3_bucket_producer', 'dataset_alias_example_alias_consumer', 'dataset_alias_example_alias_producer' retrieved from /home/airflow/.local/lib/python3.12/site-packages/airflow/example_dags/example_dataset_alias.py
[2025-06-26T23:01:16.954+0000] {logging_mixin.py:190} INFO - [2025-06-26T23:01:16.954+0000] {dag.py:3239} INFO - Sync 4 DAGs
[2025-06-26T23:01:16.979+0000] {logging_mixin.py:190} INFO - [2025-06-26T23:01:16.979+0000] {dag.py:4180} INFO - Setting next_dagrun for dataset_alias_example_alias_consumer to None, run_after=None
[2025-06-26T23:01:16.981+0000] {logging_mixin.py:190} INFO - [2025-06-26T23:01:16.981+0000] {dag.py:4180} INFO - Setting next_dagrun for dataset_alias_example_alias_producer to None, run_after=None
[2025-06-26T23:01:16.983+0000] {logging_mixin.py:190} INFO - [2025-06-26T23:01:16.983+0000] {dag.py:4180} INFO - Setting next_dagrun for dataset_s3_bucket_consumer to None, run_after=None
[2025-06-26T23:01:16.988+0000] {logging_mixin.py:190} INFO - [2025-06-26T23:01:16.987+0000] {dag.py:4180} INFO - Setting next_dagrun for dataset_s3_bucket_producer to None, run_after=None
[2025-06-26T23:01:17.011+0000] {processor.py:208} INFO - Processing /home/airflow/.local/lib/python3.12/site-packages/airflow/example_dags/example_dataset_alias.py took 0.347 seconds
[2025-06-26T23:01:47.126+0000] {processor.py:186} INFO - Started process (PID=743) to work on /home/airflow/.local/lib/python3.12/site-packages/airflow/example_dags/example_dataset_alias.py
[2025-06-26T23:01:47.128+0000] {processor.py:914} INFO - Processing file /home/airflow/.local/lib/python3.12/site-packages/airflow/example_dags/example_dataset_alias.py for tasks to queue
[2025-06-26T23:01:47.130+0000] {logging_mixin.py:190} INFO - [2025-06-26T23:01:47.129+0000] {dagbag.py:588} INFO - Filling up the DagBag from /home/airflow/.local/lib/python3.12/site-packages/airflow/example_dags/example_dataset_alias.py
[2025-06-26T23:01:47.267+0000] {processor.py:925} INFO - DAG(s) 'dataset_alias_example_alias_consumer', 'dataset_s3_bucket_producer', 'dataset_s3_bucket_consumer', 'dataset_alias_example_alias_producer' retrieved from /home/airflow/.local/lib/python3.12/site-packages/airflow/example_dags/example_dataset_alias.py
[2025-06-26T23:01:47.291+0000] {logging_mixin.py:190} INFO - [2025-06-26T23:01:47.291+0000] {dag.py:3239} INFO - Sync 4 DAGs
[2025-06-26T23:01:47.309+0000] {logging_mixin.py:190} INFO - [2025-06-26T23:01:47.309+0000] {dag.py:4180} INFO - Setting next_dagrun for dataset_alias_example_alias_consumer to None, run_after=None
[2025-06-26T23:01:47.312+0000] {logging_mixin.py:190} INFO - [2025-06-26T23:01:47.312+0000] {dag.py:4180} INFO - Setting next_dagrun for dataset_alias_example_alias_producer to None, run_after=None
[2025-06-26T23:01:47.312+0000] {logging_mixin.py:190} INFO - [2025-06-26T23:01:47.312+0000] {dag.py:4180} INFO - Setting next_dagrun for dataset_s3_bucket_consumer to None, run_after=None
[2025-06-26T23:01:47.313+0000] {logging_mixin.py:190} INFO - [2025-06-26T23:01:47.313+0000] {dag.py:4180} INFO - Setting next_dagrun for dataset_s3_bucket_producer to None, run_after=None
[2025-06-26T23:01:47.337+0000] {processor.py:208} INFO - Processing /home/airflow/.local/lib/python3.12/site-packages/airflow/example_dags/example_dataset_alias.py took 0.215 seconds
[2025-06-26T23:02:19.135+0000] {processor.py:186} INFO - Started process (PID=806) to work on /home/airflow/.local/lib/python3.12/site-packages/airflow/example_dags/example_dataset_alias.py
[2025-06-26T23:02:19.136+0000] {processor.py:914} INFO - Processing file /home/airflow/.local/lib/python3.12/site-packages/airflow/example_dags/example_dataset_alias.py for tasks to queue
[2025-06-26T23:02:19.138+0000] {logging_mixin.py:190} INFO - [2025-06-26T23:02:19.137+0000] {dagbag.py:588} INFO - Filling up the DagBag from /home/airflow/.local/lib/python3.12/site-packages/airflow/example_dags/example_dataset_alias.py
[2025-06-26T23:02:19.338+0000] {processor.py:925} INFO - DAG(s) 'dataset_alias_example_alias_consumer', 'dataset_alias_example_alias_producer', 'dataset_s3_bucket_consumer', 'dataset_s3_bucket_producer' retrieved from /home/airflow/.local/lib/python3.12/site-packages/airflow/example_dags/example_dataset_alias.py
[2025-06-26T23:02:19.353+0000] {logging_mixin.py:190} INFO - [2025-06-26T23:02:19.353+0000] {dag.py:3239} INFO - Sync 4 DAGs
[2025-06-26T23:02:19.380+0000] {logging_mixin.py:190} INFO - [2025-06-26T23:02:19.379+0000] {dag.py:4180} INFO - Setting next_dagrun for dataset_alias_example_alias_consumer to None, run_after=None
[2025-06-26T23:02:19.383+0000] {logging_mixin.py:190} INFO - [2025-06-26T23:02:19.383+0000] {dag.py:4180} INFO - Setting next_dagrun for dataset_alias_example_alias_producer to None, run_after=None
[2025-06-26T23:02:19.386+0000] {logging_mixin.py:190} INFO - [2025-06-26T23:02:19.385+0000] {dag.py:4180} INFO - Setting next_dagrun for dataset_s3_bucket_consumer to None, run_after=None
[2025-06-26T23:02:19.387+0000] {logging_mixin.py:190} INFO - [2025-06-26T23:02:19.387+0000] {dag.py:4180} INFO - Setting next_dagrun for dataset_s3_bucket_producer to None, run_after=None
[2025-06-26T23:02:19.413+0000] {processor.py:208} INFO - Processing /home/airflow/.local/lib/python3.12/site-packages/airflow/example_dags/example_dataset_alias.py took 0.282 seconds
[2025-06-26T23:02:55.120+0000] {processor.py:186} INFO - Started process (PID=872) to work on /home/airflow/.local/lib/python3.12/site-packages/airflow/example_dags/example_dataset_alias.py
[2025-06-26T23:02:55.121+0000] {processor.py:914} INFO - Processing file /home/airflow/.local/lib/python3.12/site-packages/airflow/example_dags/example_dataset_alias.py for tasks to queue
[2025-06-26T23:02:55.123+0000] {logging_mixin.py:190} INFO - [2025-06-26T23:02:55.123+0000] {dagbag.py:588} INFO - Filling up the DagBag from /home/airflow/.local/lib/python3.12/site-packages/airflow/example_dags/example_dataset_alias.py
[2025-06-26T23:02:55.281+0000] {processor.py:925} INFO - DAG(s) 'dataset_alias_example_alias_consumer', 'dataset_s3_bucket_consumer', 'dataset_s3_bucket_producer', 'dataset_alias_example_alias_producer' retrieved from /home/airflow/.local/lib/python3.12/site-packages/airflow/example_dags/example_dataset_alias.py
[2025-06-26T23:02:55.304+0000] {logging_mixin.py:190} INFO - [2025-06-26T23:02:55.303+0000] {dag.py:3239} INFO - Sync 4 DAGs
[2025-06-26T23:02:55.319+0000] {logging_mixin.py:190} INFO - [2025-06-26T23:02:55.319+0000] {dag.py:4180} INFO - Setting next_dagrun for dataset_alias_example_alias_consumer to None, run_after=None
[2025-06-26T23:02:55.322+0000] {logging_mixin.py:190} INFO - [2025-06-26T23:02:55.321+0000] {dag.py:4180} INFO - Setting next_dagrun for dataset_alias_example_alias_producer to None, run_after=None
[2025-06-26T23:02:55.322+0000] {logging_mixin.py:190} INFO - [2025-06-26T23:02:55.322+0000] {dag.py:4180} INFO - Setting next_dagrun for dataset_s3_bucket_consumer to None, run_after=None
[2025-06-26T23:02:55.323+0000] {logging_mixin.py:190} INFO - [2025-06-26T23:02:55.323+0000] {dag.py:4180} INFO - Setting next_dagrun for dataset_s3_bucket_producer to None, run_after=None
[2025-06-26T23:02:55.334+0000] {processor.py:208} INFO - Processing /home/airflow/.local/lib/python3.12/site-packages/airflow/example_dags/example_dataset_alias.py took 0.219 seconds
[2025-06-26T23:03:40.971+0000] {processor.py:186} INFO - Started process (PID=929) to work on /home/airflow/.local/lib/python3.12/site-packages/airflow/example_dags/example_dataset_alias.py
[2025-06-26T23:03:40.975+0000] {processor.py:914} INFO - Processing file /home/airflow/.local/lib/python3.12/site-packages/airflow/example_dags/example_dataset_alias.py for tasks to queue
[2025-06-26T23:03:40.979+0000] {logging_mixin.py:190} INFO - [2025-06-26T23:03:40.979+0000] {dagbag.py:588} INFO - Filling up the DagBag from /home/airflow/.local/lib/python3.12/site-packages/airflow/example_dags/example_dataset_alias.py
[2025-06-26T23:03:41.227+0000] {processor.py:925} INFO - DAG(s) 'dataset_alias_example_alias_consumer', 'dataset_s3_bucket_producer', 'dataset_s3_bucket_consumer', 'dataset_alias_example_alias_producer' retrieved from /home/airflow/.local/lib/python3.12/site-packages/airflow/example_dags/example_dataset_alias.py
[2025-06-26T23:03:41.254+0000] {logging_mixin.py:190} INFO - [2025-06-26T23:03:41.253+0000] {dag.py:3239} INFO - Sync 4 DAGs
[2025-06-26T23:03:41.315+0000] {logging_mixin.py:190} INFO - [2025-06-26T23:03:41.314+0000] {dag.py:4180} INFO - Setting next_dagrun for dataset_alias_example_alias_consumer to None, run_after=None
[2025-06-26T23:03:41.318+0000] {logging_mixin.py:190} INFO - [2025-06-26T23:03:41.318+0000] {dag.py:4180} INFO - Setting next_dagrun for dataset_alias_example_alias_producer to None, run_after=None
[2025-06-26T23:03:41.320+0000] {logging_mixin.py:190} INFO - [2025-06-26T23:03:41.319+0000] {dag.py:4180} INFO - Setting next_dagrun for dataset_s3_bucket_consumer to None, run_after=None
[2025-06-26T23:03:41.321+0000] {logging_mixin.py:190} INFO - [2025-06-26T23:03:41.321+0000] {dag.py:4180} INFO - Setting next_dagrun for dataset_s3_bucket_producer to None, run_after=None
[2025-06-26T23:03:41.352+0000] {processor.py:208} INFO - Processing /home/airflow/.local/lib/python3.12/site-packages/airflow/example_dags/example_dataset_alias.py took 0.392 seconds
[2025-06-26T23:04:33.868+0000] {processor.py:186} INFO - Started process (PID=1002) to work on /home/airflow/.local/lib/python3.12/site-packages/airflow/example_dags/example_dataset_alias.py
[2025-06-26T23:04:33.869+0000] {processor.py:914} INFO - Processing file /home/airflow/.local/lib/python3.12/site-packages/airflow/example_dags/example_dataset_alias.py for tasks to queue
[2025-06-26T23:04:33.871+0000] {logging_mixin.py:190} INFO - [2025-06-26T23:04:33.871+0000] {dagbag.py:588} INFO - Filling up the DagBag from /home/airflow/.local/lib/python3.12/site-packages/airflow/example_dags/example_dataset_alias.py
[2025-06-26T23:04:34.101+0000] {processor.py:925} INFO - DAG(s) 'dataset_s3_bucket_consumer', 'dataset_alias_example_alias_consumer', 'dataset_alias_example_alias_producer', 'dataset_s3_bucket_producer' retrieved from /home/airflow/.local/lib/python3.12/site-packages/airflow/example_dags/example_dataset_alias.py
[2025-06-26T23:04:34.135+0000] {logging_mixin.py:190} INFO - [2025-06-26T23:04:34.135+0000] {dag.py:3239} INFO - Sync 4 DAGs
[2025-06-26T23:04:34.161+0000] {logging_mixin.py:190} INFO - [2025-06-26T23:04:34.160+0000] {dag.py:4180} INFO - Setting next_dagrun for dataset_alias_example_alias_consumer to None, run_after=None
[2025-06-26T23:04:34.163+0000] {logging_mixin.py:190} INFO - [2025-06-26T23:04:34.163+0000] {dag.py:4180} INFO - Setting next_dagrun for dataset_alias_example_alias_producer to None, run_after=None
[2025-06-26T23:04:34.164+0000] {logging_mixin.py:190} INFO - [2025-06-26T23:04:34.164+0000] {dag.py:4180} INFO - Setting next_dagrun for dataset_s3_bucket_consumer to None, run_after=None
[2025-06-26T23:04:34.165+0000] {logging_mixin.py:190} INFO - [2025-06-26T23:04:34.165+0000] {dag.py:4180} INFO - Setting next_dagrun for dataset_s3_bucket_producer to None, run_after=None
[2025-06-26T23:04:34.180+0000] {processor.py:208} INFO - Processing /home/airflow/.local/lib/python3.12/site-packages/airflow/example_dags/example_dataset_alias.py took 0.319 seconds
[2025-06-26T23:05:10.444+0000] {processor.py:186} INFO - Started process (PID=1063) to work on /home/airflow/.local/lib/python3.12/site-packages/airflow/example_dags/example_dataset_alias.py
[2025-06-26T23:05:10.445+0000] {processor.py:914} INFO - Processing file /home/airflow/.local/lib/python3.12/site-packages/airflow/example_dags/example_dataset_alias.py for tasks to queue
[2025-06-26T23:05:10.450+0000] {logging_mixin.py:190} INFO - [2025-06-26T23:05:10.450+0000] {dagbag.py:588} INFO - Filling up the DagBag from /home/airflow/.local/lib/python3.12/site-packages/airflow/example_dags/example_dataset_alias.py
[2025-06-26T23:05:10.594+0000] {processor.py:925} INFO - DAG(s) 'dataset_alias_example_alias_consumer', 'dataset_s3_bucket_producer', 'dataset_s3_bucket_consumer', 'dataset_alias_example_alias_producer' retrieved from /home/airflow/.local/lib/python3.12/site-packages/airflow/example_dags/example_dataset_alias.py
[2025-06-26T23:05:10.611+0000] {logging_mixin.py:190} INFO - [2025-06-26T23:05:10.611+0000] {dag.py:3239} INFO - Sync 4 DAGs
[2025-06-26T23:05:10.639+0000] {logging_mixin.py:190} INFO - [2025-06-26T23:05:10.638+0000] {dag.py:4180} INFO - Setting next_dagrun for dataset_alias_example_alias_consumer to None, run_after=None
[2025-06-26T23:05:10.640+0000] {logging_mixin.py:190} INFO - [2025-06-26T23:05:10.640+0000] {dag.py:4180} INFO - Setting next_dagrun for dataset_alias_example_alias_producer to None, run_after=None
[2025-06-26T23:05:10.643+0000] {logging_mixin.py:190} INFO - [2025-06-26T23:05:10.643+0000] {dag.py:4180} INFO - Setting next_dagrun for dataset_s3_bucket_consumer to None, run_after=None
[2025-06-26T23:05:10.643+0000] {logging_mixin.py:190} INFO - [2025-06-26T23:05:10.643+0000] {dag.py:4180} INFO - Setting next_dagrun for dataset_s3_bucket_producer to None, run_after=None
[2025-06-26T23:05:10.661+0000] {processor.py:208} INFO - Processing /home/airflow/.local/lib/python3.12/site-packages/airflow/example_dags/example_dataset_alias.py took 0.221 seconds
[2025-06-26T23:05:41.651+0000] {processor.py:186} INFO - Started process (PID=1125) to work on /home/airflow/.local/lib/python3.12/site-packages/airflow/example_dags/example_dataset_alias.py
[2025-06-26T23:05:41.653+0000] {processor.py:914} INFO - Processing file /home/airflow/.local/lib/python3.12/site-packages/airflow/example_dags/example_dataset_alias.py for tasks to queue
[2025-06-26T23:05:41.655+0000] {logging_mixin.py:190} INFO - [2025-06-26T23:05:41.655+0000] {dagbag.py:588} INFO - Filling up the DagBag from /home/airflow/.local/lib/python3.12/site-packages/airflow/example_dags/example_dataset_alias.py
[2025-06-26T23:05:41.944+0000] {processor.py:925} INFO - DAG(s) 'dataset_s3_bucket_producer', 'dataset_s3_bucket_consumer', 'dataset_alias_example_alias_producer', 'dataset_alias_example_alias_consumer' retrieved from /home/airflow/.local/lib/python3.12/site-packages/airflow/example_dags/example_dataset_alias.py
[2025-06-26T23:05:41.967+0000] {logging_mixin.py:190} INFO - [2025-06-26T23:05:41.966+0000] {dag.py:3239} INFO - Sync 4 DAGs
[2025-06-26T23:05:41.990+0000] {logging_mixin.py:190} INFO - [2025-06-26T23:05:41.989+0000] {dag.py:4180} INFO - Setting next_dagrun for dataset_alias_example_alias_consumer to None, run_after=None
[2025-06-26T23:05:41.992+0000] {logging_mixin.py:190} INFO - [2025-06-26T23:05:41.992+0000] {dag.py:4180} INFO - Setting next_dagrun for dataset_alias_example_alias_producer to None, run_after=None
[2025-06-26T23:05:41.993+0000] {logging_mixin.py:190} INFO - [2025-06-26T23:05:41.993+0000] {dag.py:4180} INFO - Setting next_dagrun for dataset_s3_bucket_consumer to None, run_after=None
[2025-06-26T23:05:41.993+0000] {logging_mixin.py:190} INFO - [2025-06-26T23:05:41.993+0000] {dag.py:4180} INFO - Setting next_dagrun for dataset_s3_bucket_producer to None, run_after=None
[2025-06-26T23:05:42.013+0000] {processor.py:208} INFO - Processing /home/airflow/.local/lib/python3.12/site-packages/airflow/example_dags/example_dataset_alias.py took 0.373 seconds
[2025-06-26T23:06:12.306+0000] {processor.py:186} INFO - Started process (PID=1187) to work on /home/airflow/.local/lib/python3.12/site-packages/airflow/example_dags/example_dataset_alias.py
[2025-06-26T23:06:12.309+0000] {processor.py:914} INFO - Processing file /home/airflow/.local/lib/python3.12/site-packages/airflow/example_dags/example_dataset_alias.py for tasks to queue
[2025-06-26T23:06:12.314+0000] {logging_mixin.py:190} INFO - [2025-06-26T23:06:12.313+0000] {dagbag.py:588} INFO - Filling up the DagBag from /home/airflow/.local/lib/python3.12/site-packages/airflow/example_dags/example_dataset_alias.py
[2025-06-26T23:06:12.893+0000] {processor.py:925} INFO - DAG(s) 'dataset_s3_bucket_producer', 'dataset_s3_bucket_consumer', 'dataset_alias_example_alias_producer', 'dataset_alias_example_alias_consumer' retrieved from /home/airflow/.local/lib/python3.12/site-packages/airflow/example_dags/example_dataset_alias.py
[2025-06-26T23:06:13.218+0000] {logging_mixin.py:190} INFO - [2025-06-26T23:06:13.214+0000] {dag.py:3239} INFO - Sync 4 DAGs
[2025-06-26T23:06:13.500+0000] {logging_mixin.py:190} INFO - [2025-06-26T23:06:13.471+0000] {dag.py:4180} INFO - Setting next_dagrun for dataset_alias_example_alias_consumer to None, run_after=None
[2025-06-26T23:06:13.656+0000] {logging_mixin.py:190} INFO - [2025-06-26T23:06:13.604+0000] {dag.py:4180} INFO - Setting next_dagrun for dataset_alias_example_alias_producer to None, run_after=None
[2025-06-26T23:06:13.678+0000] {logging_mixin.py:190} INFO - [2025-06-26T23:06:13.673+0000] {dag.py:4180} INFO - Setting next_dagrun for dataset_s3_bucket_consumer to None, run_after=None
[2025-06-26T23:06:13.723+0000] {logging_mixin.py:190} INFO - [2025-06-26T23:06:13.719+0000] {dag.py:4180} INFO - Setting next_dagrun for dataset_s3_bucket_producer to None, run_after=None
[2025-06-26T23:06:14.428+0000] {processor.py:208} INFO - Processing /home/airflow/.local/lib/python3.12/site-packages/airflow/example_dags/example_dataset_alias.py took 2.130 seconds
[2025-06-26T23:06:44.856+0000] {processor.py:186} INFO - Started process (PID=1250) to work on /home/airflow/.local/lib/python3.12/site-packages/airflow/example_dags/example_dataset_alias.py
[2025-06-26T23:06:44.859+0000] {processor.py:914} INFO - Processing file /home/airflow/.local/lib/python3.12/site-packages/airflow/example_dags/example_dataset_alias.py for tasks to queue
[2025-06-26T23:06:44.860+0000] {logging_mixin.py:190} INFO - [2025-06-26T23:06:44.860+0000] {dagbag.py:588} INFO - Filling up the DagBag from /home/airflow/.local/lib/python3.12/site-packages/airflow/example_dags/example_dataset_alias.py
[2025-06-26T23:06:45.120+0000] {processor.py:925} INFO - DAG(s) 'dataset_alias_example_alias_producer', 'dataset_s3_bucket_producer', 'dataset_alias_example_alias_consumer', 'dataset_s3_bucket_consumer' retrieved from /home/airflow/.local/lib/python3.12/site-packages/airflow/example_dags/example_dataset_alias.py
[2025-06-26T23:06:45.141+0000] {logging_mixin.py:190} INFO - [2025-06-26T23:06:45.140+0000] {dag.py:3239} INFO - Sync 4 DAGs
[2025-06-26T23:06:45.166+0000] {logging_mixin.py:190} INFO - [2025-06-26T23:06:45.166+0000] {dag.py:4180} INFO - Setting next_dagrun for dataset_alias_example_alias_consumer to None, run_after=None
[2025-06-26T23:06:45.169+0000] {logging_mixin.py:190} INFO - [2025-06-26T23:06:45.169+0000] {dag.py:4180} INFO - Setting next_dagrun for dataset_alias_example_alias_producer to None, run_after=None
[2025-06-26T23:06:45.170+0000] {logging_mixin.py:190} INFO - [2025-06-26T23:06:45.170+0000] {dag.py:4180} INFO - Setting next_dagrun for dataset_s3_bucket_consumer to None, run_after=None
[2025-06-26T23:06:45.170+0000] {logging_mixin.py:190} INFO - [2025-06-26T23:06:45.170+0000] {dag.py:4180} INFO - Setting next_dagrun for dataset_s3_bucket_producer to None, run_after=None
[2025-06-26T23:06:45.201+0000] {processor.py:208} INFO - Processing /home/airflow/.local/lib/python3.12/site-packages/airflow/example_dags/example_dataset_alias.py took 0.350 seconds
[2025-06-26T23:07:17.167+0000] {processor.py:186} INFO - Started process (PID=1312) to work on /home/airflow/.local/lib/python3.12/site-packages/airflow/example_dags/example_dataset_alias.py
[2025-06-26T23:07:17.169+0000] {processor.py:914} INFO - Processing file /home/airflow/.local/lib/python3.12/site-packages/airflow/example_dags/example_dataset_alias.py for tasks to queue
[2025-06-26T23:07:17.171+0000] {logging_mixin.py:190} INFO - [2025-06-26T23:07:17.171+0000] {dagbag.py:588} INFO - Filling up the DagBag from /home/airflow/.local/lib/python3.12/site-packages/airflow/example_dags/example_dataset_alias.py
[2025-06-26T23:07:17.462+0000] {processor.py:925} INFO - DAG(s) 'dataset_s3_bucket_consumer', 'dataset_s3_bucket_producer', 'dataset_alias_example_alias_producer', 'dataset_alias_example_alias_consumer' retrieved from /home/airflow/.local/lib/python3.12/site-packages/airflow/example_dags/example_dataset_alias.py
[2025-06-26T23:07:17.488+0000] {logging_mixin.py:190} INFO - [2025-06-26T23:07:17.488+0000] {dag.py:3239} INFO - Sync 4 DAGs
[2025-06-26T23:07:17.525+0000] {logging_mixin.py:190} INFO - [2025-06-26T23:07:17.525+0000] {dag.py:4180} INFO - Setting next_dagrun for dataset_alias_example_alias_consumer to None, run_after=None
[2025-06-26T23:07:17.532+0000] {logging_mixin.py:190} INFO - [2025-06-26T23:07:17.532+0000] {dag.py:4180} INFO - Setting next_dagrun for dataset_alias_example_alias_producer to None, run_after=None
[2025-06-26T23:07:17.540+0000] {logging_mixin.py:190} INFO - [2025-06-26T23:07:17.539+0000] {dag.py:4180} INFO - Setting next_dagrun for dataset_s3_bucket_consumer to None, run_after=None
[2025-06-26T23:07:17.545+0000] {logging_mixin.py:190} INFO - [2025-06-26T23:07:17.545+0000] {dag.py:4180} INFO - Setting next_dagrun for dataset_s3_bucket_producer to None, run_after=None
[2025-06-26T23:07:17.587+0000] {processor.py:208} INFO - Processing /home/airflow/.local/lib/python3.12/site-packages/airflow/example_dags/example_dataset_alias.py took 0.425 seconds
