[2025-06-26T22:55:43.180+0000] {processor.py:186} INFO - Started process (PID=99) to work on /home/airflow/.local/lib/python3.12/site-packages/airflow/example_dags/example_latest_only.py
[2025-06-26T22:55:43.186+0000] {processor.py:914} INFO - Processing file /home/airflow/.local/lib/python3.12/site-packages/airflow/example_dags/example_latest_only.py for tasks to queue
[2025-06-26T22:55:43.199+0000] {logging_mixin.py:190} INFO - [2025-06-26T22:55:43.197+0000] {dagbag.py:588} INFO - Filling up the DagBag from /home/airflow/.local/lib/python3.12/site-packages/airflow/example_dags/example_latest_only.py
[2025-06-26T22:55:43.236+0000] {processor.py:925} INFO - DAG(s) 'latest_only' retrieved from /home/airflow/.local/lib/python3.12/site-packages/airflow/example_dags/example_latest_only.py
[2025-06-26T22:55:43.698+0000] {logging_mixin.py:190} INFO - [2025-06-26T22:55:43.688+0000] {override.py:1900} INFO - Created Permission View: can read on DAG:latest_only
[2025-06-26T22:55:43.722+0000] {logging_mixin.py:190} INFO - [2025-06-26T22:55:43.721+0000] {override.py:1900} INFO - Created Permission View: can delete on DAG:latest_only
[2025-06-26T22:55:43.731+0000] {logging_mixin.py:190} INFO - [2025-06-26T22:55:43.730+0000] {override.py:1900} INFO - Created Permission View: can edit on DAG:latest_only
[2025-06-26T22:55:43.753+0000] {logging_mixin.py:190} INFO - [2025-06-26T22:55:43.753+0000] {override.py:1900} INFO - Created Permission View: can read on DAG Run:latest_only
[2025-06-26T22:55:43.769+0000] {logging_mixin.py:190} INFO - [2025-06-26T22:55:43.768+0000] {override.py:1900} INFO - Created Permission View: menu access on DAG Run:latest_only
[2025-06-26T22:55:43.787+0000] {logging_mixin.py:190} INFO - [2025-06-26T22:55:43.786+0000] {override.py:1900} INFO - Created Permission View: can delete on DAG Run:latest_only
[2025-06-26T22:55:43.801+0000] {logging_mixin.py:190} INFO - [2025-06-26T22:55:43.800+0000] {override.py:1900} INFO - Created Permission View: can create on DAG Run:latest_only
[2025-06-26T22:55:43.803+0000] {logging_mixin.py:190} INFO - [2025-06-26T22:55:43.803+0000] {dag.py:3239} INFO - Sync 1 DAGs
[2025-06-26T22:55:43.880+0000] {logging_mixin.py:190} INFO - [2025-06-26T22:55:43.879+0000] {dag.py:3262} INFO - Creating ORM DAG for latest_only
[2025-06-26T22:55:43.919+0000] {logging_mixin.py:190} INFO - [2025-06-26T22:55:43.919+0000] {dag.py:4180} INFO - Setting next_dagrun for latest_only to 2025-06-26 16:00:00+00:00, run_after=2025-06-26 20:00:00+00:00
[2025-06-26T22:55:43.976+0000] {processor.py:208} INFO - Processing /home/airflow/.local/lib/python3.12/site-packages/airflow/example_dags/example_latest_only.py took 0.833 seconds
[2025-06-26T22:56:14.911+0000] {processor.py:186} INFO - Started process (PID=161) to work on /home/airflow/.local/lib/python3.12/site-packages/airflow/example_dags/example_latest_only.py
[2025-06-26T22:56:14.927+0000] {processor.py:914} INFO - Processing file /home/airflow/.local/lib/python3.12/site-packages/airflow/example_dags/example_latest_only.py for tasks to queue
[2025-06-26T22:56:14.934+0000] {logging_mixin.py:190} INFO - [2025-06-26T22:56:14.934+0000] {dagbag.py:588} INFO - Filling up the DagBag from /home/airflow/.local/lib/python3.12/site-packages/airflow/example_dags/example_latest_only.py
[2025-06-26T22:56:14.951+0000] {processor.py:925} INFO - DAG(s) 'latest_only' retrieved from /home/airflow/.local/lib/python3.12/site-packages/airflow/example_dags/example_latest_only.py
[2025-06-26T22:56:15.031+0000] {logging_mixin.py:190} INFO - [2025-06-26T22:56:15.031+0000] {dag.py:3239} INFO - Sync 1 DAGs
[2025-06-26T22:56:15.064+0000] {logging_mixin.py:190} INFO - [2025-06-26T22:56:15.064+0000] {dag.py:4180} INFO - Setting next_dagrun for latest_only to 2025-06-26 16:00:00+00:00, run_after=2025-06-26 20:00:00+00:00
[2025-06-26T22:56:15.081+0000] {processor.py:208} INFO - Processing /home/airflow/.local/lib/python3.12/site-packages/airflow/example_dags/example_latest_only.py took 0.182 seconds
[2025-06-26T22:56:46.937+0000] {processor.py:186} INFO - Started process (PID=223) to work on /home/airflow/.local/lib/python3.12/site-packages/airflow/example_dags/example_latest_only.py
[2025-06-26T22:56:46.938+0000] {processor.py:914} INFO - Processing file /home/airflow/.local/lib/python3.12/site-packages/airflow/example_dags/example_latest_only.py for tasks to queue
[2025-06-26T22:56:46.943+0000] {logging_mixin.py:190} INFO - [2025-06-26T22:56:46.942+0000] {dagbag.py:588} INFO - Filling up the DagBag from /home/airflow/.local/lib/python3.12/site-packages/airflow/example_dags/example_latest_only.py
[2025-06-26T22:56:46.950+0000] {processor.py:925} INFO - DAG(s) 'latest_only' retrieved from /home/airflow/.local/lib/python3.12/site-packages/airflow/example_dags/example_latest_only.py
[2025-06-26T22:56:46.971+0000] {logging_mixin.py:190} INFO - [2025-06-26T22:56:46.971+0000] {dag.py:3239} INFO - Sync 1 DAGs
[2025-06-26T22:56:47.001+0000] {logging_mixin.py:190} INFO - [2025-06-26T22:56:47.000+0000] {dag.py:4180} INFO - Setting next_dagrun for latest_only to 2025-06-26 16:00:00+00:00, run_after=2025-06-26 20:00:00+00:00
[2025-06-26T22:56:47.061+0000] {processor.py:208} INFO - Processing /home/airflow/.local/lib/python3.12/site-packages/airflow/example_dags/example_latest_only.py took 0.131 seconds
[2025-06-26T22:57:18.550+0000] {processor.py:186} INFO - Started process (PID=285) to work on /home/airflow/.local/lib/python3.12/site-packages/airflow/example_dags/example_latest_only.py
[2025-06-26T22:57:18.560+0000] {processor.py:914} INFO - Processing file /home/airflow/.local/lib/python3.12/site-packages/airflow/example_dags/example_latest_only.py for tasks to queue
[2025-06-26T22:57:18.583+0000] {logging_mixin.py:190} INFO - [2025-06-26T22:57:18.577+0000] {dagbag.py:588} INFO - Filling up the DagBag from /home/airflow/.local/lib/python3.12/site-packages/airflow/example_dags/example_latest_only.py
[2025-06-26T22:57:18.617+0000] {processor.py:925} INFO - DAG(s) 'latest_only' retrieved from /home/airflow/.local/lib/python3.12/site-packages/airflow/example_dags/example_latest_only.py
[2025-06-26T22:57:18.740+0000] {logging_mixin.py:190} INFO - [2025-06-26T22:57:18.739+0000] {dag.py:3239} INFO - Sync 1 DAGs
[2025-06-26T22:57:18.772+0000] {logging_mixin.py:190} INFO - [2025-06-26T22:57:18.771+0000] {dag.py:4180} INFO - Setting next_dagrun for latest_only to 2025-06-26 16:00:00+00:00, run_after=2025-06-26 20:00:00+00:00
[2025-06-26T22:57:18.821+0000] {processor.py:208} INFO - Processing /home/airflow/.local/lib/python3.12/site-packages/airflow/example_dags/example_latest_only.py took 0.304 seconds
[2025-06-26T22:58:13.320+0000] {processor.py:186} INFO - Started process (PID=357) to work on /home/airflow/.local/lib/python3.12/site-packages/airflow/example_dags/example_latest_only.py
[2025-06-26T22:58:13.326+0000] {processor.py:914} INFO - Processing file /home/airflow/.local/lib/python3.12/site-packages/airflow/example_dags/example_latest_only.py for tasks to queue
[2025-06-26T22:58:13.343+0000] {logging_mixin.py:190} INFO - [2025-06-26T22:58:13.343+0000] {dagbag.py:588} INFO - Filling up the DagBag from /home/airflow/.local/lib/python3.12/site-packages/airflow/example_dags/example_latest_only.py
[2025-06-26T22:58:13.385+0000] {processor.py:925} INFO - DAG(s) 'latest_only' retrieved from /home/airflow/.local/lib/python3.12/site-packages/airflow/example_dags/example_latest_only.py
[2025-06-26T22:58:13.446+0000] {logging_mixin.py:190} INFO - [2025-06-26T22:58:13.446+0000] {dag.py:3239} INFO - Sync 1 DAGs
[2025-06-26T22:58:13.494+0000] {logging_mixin.py:190} INFO - [2025-06-26T22:58:13.494+0000] {dag.py:4180} INFO - Setting next_dagrun for latest_only to 2025-06-26 16:00:00+00:00, run_after=2025-06-26 20:00:00+00:00
[2025-06-26T22:58:13.548+0000] {processor.py:208} INFO - Processing /home/airflow/.local/lib/python3.12/site-packages/airflow/example_dags/example_latest_only.py took 0.269 seconds
[2025-06-26T22:58:58.152+0000] {processor.py:186} INFO - Started process (PID=418) to work on /home/airflow/.local/lib/python3.12/site-packages/airflow/example_dags/example_latest_only.py
[2025-06-26T22:58:58.166+0000] {processor.py:914} INFO - Processing file /home/airflow/.local/lib/python3.12/site-packages/airflow/example_dags/example_latest_only.py for tasks to queue
[2025-06-26T22:58:58.199+0000] {logging_mixin.py:190} INFO - [2025-06-26T22:58:58.193+0000] {dagbag.py:588} INFO - Filling up the DagBag from /home/airflow/.local/lib/python3.12/site-packages/airflow/example_dags/example_latest_only.py
[2025-06-26T22:58:58.292+0000] {processor.py:925} INFO - DAG(s) 'latest_only' retrieved from /home/airflow/.local/lib/python3.12/site-packages/airflow/example_dags/example_latest_only.py
[2025-06-26T22:58:58.527+0000] {logging_mixin.py:190} INFO - [2025-06-26T22:58:58.526+0000] {dag.py:3239} INFO - Sync 1 DAGs
[2025-06-26T22:58:58.632+0000] {logging_mixin.py:190} INFO - [2025-06-26T22:58:58.631+0000] {dag.py:4180} INFO - Setting next_dagrun for latest_only to 2025-06-26 16:00:00+00:00, run_after=2025-06-26 20:00:00+00:00
[2025-06-26T22:58:58.671+0000] {processor.py:208} INFO - Processing /home/airflow/.local/lib/python3.12/site-packages/airflow/example_dags/example_latest_only.py took 0.565 seconds
[2025-06-26T22:59:37.484+0000] {processor.py:186} INFO - Started process (PID=483) to work on /home/airflow/.local/lib/python3.12/site-packages/airflow/example_dags/example_latest_only.py
[2025-06-26T22:59:37.486+0000] {processor.py:914} INFO - Processing file /home/airflow/.local/lib/python3.12/site-packages/airflow/example_dags/example_latest_only.py for tasks to queue
[2025-06-26T22:59:37.489+0000] {logging_mixin.py:190} INFO - [2025-06-26T22:59:37.489+0000] {dagbag.py:588} INFO - Filling up the DagBag from /home/airflow/.local/lib/python3.12/site-packages/airflow/example_dags/example_latest_only.py
[2025-06-26T22:59:37.509+0000] {processor.py:925} INFO - DAG(s) 'latest_only' retrieved from /home/airflow/.local/lib/python3.12/site-packages/airflow/example_dags/example_latest_only.py
[2025-06-26T22:59:37.528+0000] {logging_mixin.py:190} INFO - [2025-06-26T22:59:37.528+0000] {dag.py:3239} INFO - Sync 1 DAGs
[2025-06-26T22:59:37.567+0000] {logging_mixin.py:190} INFO - [2025-06-26T22:59:37.567+0000] {dag.py:4180} INFO - Setting next_dagrun for latest_only to 2025-06-26 16:00:00+00:00, run_after=2025-06-26 20:00:00+00:00
[2025-06-26T22:59:37.585+0000] {processor.py:208} INFO - Processing /home/airflow/.local/lib/python3.12/site-packages/airflow/example_dags/example_latest_only.py took 0.108 seconds
[2025-06-26T23:00:07.992+0000] {processor.py:186} INFO - Started process (PID=544) to work on /home/airflow/.local/lib/python3.12/site-packages/airflow/example_dags/example_latest_only.py
[2025-06-26T23:00:07.994+0000] {processor.py:914} INFO - Processing file /home/airflow/.local/lib/python3.12/site-packages/airflow/example_dags/example_latest_only.py for tasks to queue
[2025-06-26T23:00:07.996+0000] {logging_mixin.py:190} INFO - [2025-06-26T23:00:07.996+0000] {dagbag.py:588} INFO - Filling up the DagBag from /home/airflow/.local/lib/python3.12/site-packages/airflow/example_dags/example_latest_only.py
[2025-06-26T23:00:08.005+0000] {processor.py:925} INFO - DAG(s) 'latest_only' retrieved from /home/airflow/.local/lib/python3.12/site-packages/airflow/example_dags/example_latest_only.py
[2025-06-26T23:00:08.040+0000] {logging_mixin.py:190} INFO - [2025-06-26T23:00:08.039+0000] {dag.py:3239} INFO - Sync 1 DAGs
[2025-06-26T23:00:08.083+0000] {logging_mixin.py:190} INFO - [2025-06-26T23:00:08.083+0000] {dag.py:4180} INFO - Setting next_dagrun for latest_only to 2025-06-26 16:00:00+00:00, run_after=2025-06-26 20:00:00+00:00
[2025-06-26T23:00:08.108+0000] {processor.py:208} INFO - Processing /home/airflow/.local/lib/python3.12/site-packages/airflow/example_dags/example_latest_only.py took 0.122 seconds
[2025-06-26T23:00:42.943+0000] {processor.py:186} INFO - Started process (PID=612) to work on /home/airflow/.local/lib/python3.12/site-packages/airflow/example_dags/example_latest_only.py
[2025-06-26T23:00:42.945+0000] {processor.py:914} INFO - Processing file /home/airflow/.local/lib/python3.12/site-packages/airflow/example_dags/example_latest_only.py for tasks to queue
[2025-06-26T23:00:42.947+0000] {logging_mixin.py:190} INFO - [2025-06-26T23:00:42.947+0000] {dagbag.py:588} INFO - Filling up the DagBag from /home/airflow/.local/lib/python3.12/site-packages/airflow/example_dags/example_latest_only.py
[2025-06-26T23:00:42.956+0000] {processor.py:925} INFO - DAG(s) 'latest_only' retrieved from /home/airflow/.local/lib/python3.12/site-packages/airflow/example_dags/example_latest_only.py
[2025-06-26T23:00:42.974+0000] {logging_mixin.py:190} INFO - [2025-06-26T23:00:42.973+0000] {dag.py:3239} INFO - Sync 1 DAGs
[2025-06-26T23:00:43.003+0000] {logging_mixin.py:190} INFO - [2025-06-26T23:00:43.003+0000] {dag.py:4180} INFO - Setting next_dagrun for latest_only to 2025-06-26 16:00:00+00:00, run_after=2025-06-26 20:00:00+00:00
[2025-06-26T23:00:43.023+0000] {processor.py:208} INFO - Processing /home/airflow/.local/lib/python3.12/site-packages/airflow/example_dags/example_latest_only.py took 0.084 seconds
[2025-06-26T23:01:15.816+0000] {processor.py:186} INFO - Started process (PID=675) to work on /home/airflow/.local/lib/python3.12/site-packages/airflow/example_dags/example_latest_only.py
[2025-06-26T23:01:15.818+0000] {processor.py:914} INFO - Processing file /home/airflow/.local/lib/python3.12/site-packages/airflow/example_dags/example_latest_only.py for tasks to queue
[2025-06-26T23:01:15.822+0000] {logging_mixin.py:190} INFO - [2025-06-26T23:01:15.821+0000] {dagbag.py:588} INFO - Filling up the DagBag from /home/airflow/.local/lib/python3.12/site-packages/airflow/example_dags/example_latest_only.py
[2025-06-26T23:01:15.848+0000] {processor.py:925} INFO - DAG(s) 'latest_only' retrieved from /home/airflow/.local/lib/python3.12/site-packages/airflow/example_dags/example_latest_only.py
[2025-06-26T23:01:15.914+0000] {logging_mixin.py:190} INFO - [2025-06-26T23:01:15.913+0000] {dag.py:3239} INFO - Sync 1 DAGs
[2025-06-26T23:01:15.969+0000] {logging_mixin.py:190} INFO - [2025-06-26T23:01:15.968+0000] {dag.py:4180} INFO - Setting next_dagrun for latest_only to 2025-06-26 16:00:00+00:00, run_after=2025-06-26 20:00:00+00:00
[2025-06-26T23:01:15.992+0000] {processor.py:208} INFO - Processing /home/airflow/.local/lib/python3.12/site-packages/airflow/example_dags/example_latest_only.py took 0.189 seconds
[2025-06-26T23:01:46.923+0000] {processor.py:186} INFO - Started process (PID=739) to work on /home/airflow/.local/lib/python3.12/site-packages/airflow/example_dags/example_latest_only.py
[2025-06-26T23:01:46.924+0000] {processor.py:914} INFO - Processing file /home/airflow/.local/lib/python3.12/site-packages/airflow/example_dags/example_latest_only.py for tasks to queue
[2025-06-26T23:01:46.926+0000] {logging_mixin.py:190} INFO - [2025-06-26T23:01:46.925+0000] {dagbag.py:588} INFO - Filling up the DagBag from /home/airflow/.local/lib/python3.12/site-packages/airflow/example_dags/example_latest_only.py
[2025-06-26T23:01:46.930+0000] {processor.py:925} INFO - DAG(s) 'latest_only' retrieved from /home/airflow/.local/lib/python3.12/site-packages/airflow/example_dags/example_latest_only.py
[2025-06-26T23:01:46.942+0000] {logging_mixin.py:190} INFO - [2025-06-26T23:01:46.942+0000] {dag.py:3239} INFO - Sync 1 DAGs
[2025-06-26T23:01:46.955+0000] {logging_mixin.py:190} INFO - [2025-06-26T23:01:46.955+0000] {dag.py:4180} INFO - Setting next_dagrun for latest_only to 2025-06-26 16:00:00+00:00, run_after=2025-06-26 20:00:00+00:00
[2025-06-26T23:01:46.963+0000] {processor.py:208} INFO - Processing /home/airflow/.local/lib/python3.12/site-packages/airflow/example_dags/example_latest_only.py took 0.047 seconds
[2025-06-26T23:02:19.049+0000] {processor.py:186} INFO - Started process (PID=805) to work on /home/airflow/.local/lib/python3.12/site-packages/airflow/example_dags/example_latest_only.py
[2025-06-26T23:02:19.051+0000] {processor.py:914} INFO - Processing file /home/airflow/.local/lib/python3.12/site-packages/airflow/example_dags/example_latest_only.py for tasks to queue
[2025-06-26T23:02:19.059+0000] {logging_mixin.py:190} INFO - [2025-06-26T23:02:19.059+0000] {dagbag.py:588} INFO - Filling up the DagBag from /home/airflow/.local/lib/python3.12/site-packages/airflow/example_dags/example_latest_only.py
[2025-06-26T23:02:19.069+0000] {processor.py:925} INFO - DAG(s) 'latest_only' retrieved from /home/airflow/.local/lib/python3.12/site-packages/airflow/example_dags/example_latest_only.py
[2025-06-26T23:02:19.085+0000] {logging_mixin.py:190} INFO - [2025-06-26T23:02:19.085+0000] {dag.py:3239} INFO - Sync 1 DAGs
[2025-06-26T23:02:19.104+0000] {logging_mixin.py:190} INFO - [2025-06-26T23:02:19.104+0000] {dag.py:4180} INFO - Setting next_dagrun for latest_only to 2025-06-26 16:00:00+00:00, run_after=2025-06-26 20:00:00+00:00
[2025-06-26T23:02:19.115+0000] {processor.py:208} INFO - Processing /home/airflow/.local/lib/python3.12/site-packages/airflow/example_dags/example_latest_only.py took 0.075 seconds
[2025-06-26T23:02:54.355+0000] {processor.py:186} INFO - Started process (PID=867) to work on /home/airflow/.local/lib/python3.12/site-packages/airflow/example_dags/example_latest_only.py
[2025-06-26T23:02:54.358+0000] {processor.py:914} INFO - Processing file /home/airflow/.local/lib/python3.12/site-packages/airflow/example_dags/example_latest_only.py for tasks to queue
[2025-06-26T23:02:54.359+0000] {logging_mixin.py:190} INFO - [2025-06-26T23:02:54.359+0000] {dagbag.py:588} INFO - Filling up the DagBag from /home/airflow/.local/lib/python3.12/site-packages/airflow/example_dags/example_latest_only.py
[2025-06-26T23:02:54.372+0000] {processor.py:925} INFO - DAG(s) 'latest_only' retrieved from /home/airflow/.local/lib/python3.12/site-packages/airflow/example_dags/example_latest_only.py
[2025-06-26T23:02:54.386+0000] {logging_mixin.py:190} INFO - [2025-06-26T23:02:54.386+0000] {dag.py:3239} INFO - Sync 1 DAGs
[2025-06-26T23:02:54.424+0000] {logging_mixin.py:190} INFO - [2025-06-26T23:02:54.423+0000] {dag.py:4180} INFO - Setting next_dagrun for latest_only to 2025-06-26 16:00:00+00:00, run_after=2025-06-26 20:00:00+00:00
[2025-06-26T23:02:54.452+0000] {processor.py:208} INFO - Processing /home/airflow/.local/lib/python3.12/site-packages/airflow/example_dags/example_latest_only.py took 0.101 seconds
[2025-06-26T23:03:42.628+0000] {processor.py:186} INFO - Started process (PID=948) to work on /home/airflow/.local/lib/python3.12/site-packages/airflow/example_dags/example_latest_only.py
[2025-06-26T23:03:42.630+0000] {processor.py:914} INFO - Processing file /home/airflow/.local/lib/python3.12/site-packages/airflow/example_dags/example_latest_only.py for tasks to queue
[2025-06-26T23:03:42.632+0000] {logging_mixin.py:190} INFO - [2025-06-26T23:03:42.632+0000] {dagbag.py:588} INFO - Filling up the DagBag from /home/airflow/.local/lib/python3.12/site-packages/airflow/example_dags/example_latest_only.py
[2025-06-26T23:03:42.639+0000] {processor.py:925} INFO - DAG(s) 'latest_only' retrieved from /home/airflow/.local/lib/python3.12/site-packages/airflow/example_dags/example_latest_only.py
[2025-06-26T23:03:42.655+0000] {logging_mixin.py:190} INFO - [2025-06-26T23:03:42.655+0000] {dag.py:3239} INFO - Sync 1 DAGs
[2025-06-26T23:03:42.672+0000] {logging_mixin.py:190} INFO - [2025-06-26T23:03:42.672+0000] {dag.py:4180} INFO - Setting next_dagrun for latest_only to 2025-06-26 16:00:00+00:00, run_after=2025-06-26 20:00:00+00:00
[2025-06-26T23:03:42.688+0000] {processor.py:208} INFO - Processing /home/airflow/.local/lib/python3.12/site-packages/airflow/example_dags/example_latest_only.py took 0.065 seconds
[2025-06-26T23:04:35.315+0000] {processor.py:186} INFO - Started process (PID=1021) to work on /home/airflow/.local/lib/python3.12/site-packages/airflow/example_dags/example_latest_only.py
[2025-06-26T23:04:35.316+0000] {processor.py:914} INFO - Processing file /home/airflow/.local/lib/python3.12/site-packages/airflow/example_dags/example_latest_only.py for tasks to queue
[2025-06-26T23:04:35.319+0000] {logging_mixin.py:190} INFO - [2025-06-26T23:04:35.318+0000] {dagbag.py:588} INFO - Filling up the DagBag from /home/airflow/.local/lib/python3.12/site-packages/airflow/example_dags/example_latest_only.py
[2025-06-26T23:04:35.326+0000] {processor.py:925} INFO - DAG(s) 'latest_only' retrieved from /home/airflow/.local/lib/python3.12/site-packages/airflow/example_dags/example_latest_only.py
[2025-06-26T23:04:35.351+0000] {logging_mixin.py:190} INFO - [2025-06-26T23:04:35.350+0000] {dag.py:3239} INFO - Sync 1 DAGs
[2025-06-26T23:04:35.380+0000] {logging_mixin.py:190} INFO - [2025-06-26T23:04:35.380+0000] {dag.py:4180} INFO - Setting next_dagrun for latest_only to 2025-06-26 16:00:00+00:00, run_after=2025-06-26 20:00:00+00:00
[2025-06-26T23:04:35.396+0000] {processor.py:208} INFO - Processing /home/airflow/.local/lib/python3.12/site-packages/airflow/example_dags/example_latest_only.py took 0.087 seconds
[2025-06-26T23:05:12.001+0000] {processor.py:186} INFO - Started process (PID=1082) to work on /home/airflow/.local/lib/python3.12/site-packages/airflow/example_dags/example_latest_only.py
[2025-06-26T23:05:12.002+0000] {processor.py:914} INFO - Processing file /home/airflow/.local/lib/python3.12/site-packages/airflow/example_dags/example_latest_only.py for tasks to queue
[2025-06-26T23:05:12.006+0000] {logging_mixin.py:190} INFO - [2025-06-26T23:05:12.005+0000] {dagbag.py:588} INFO - Filling up the DagBag from /home/airflow/.local/lib/python3.12/site-packages/airflow/example_dags/example_latest_only.py
[2025-06-26T23:05:12.017+0000] {processor.py:925} INFO - DAG(s) 'latest_only' retrieved from /home/airflow/.local/lib/python3.12/site-packages/airflow/example_dags/example_latest_only.py
[2025-06-26T23:05:12.039+0000] {logging_mixin.py:190} INFO - [2025-06-26T23:05:12.038+0000] {dag.py:3239} INFO - Sync 1 DAGs
[2025-06-26T23:05:12.081+0000] {logging_mixin.py:190} INFO - [2025-06-26T23:05:12.080+0000] {dag.py:4180} INFO - Setting next_dagrun for latest_only to 2025-06-26 16:00:00+00:00, run_after=2025-06-26 20:00:00+00:00
[2025-06-26T23:05:12.114+0000] {processor.py:208} INFO - Processing /home/airflow/.local/lib/python3.12/site-packages/airflow/example_dags/example_latest_only.py took 0.118 seconds
[2025-06-26T23:05:43.041+0000] {processor.py:186} INFO - Started process (PID=1144) to work on /home/airflow/.local/lib/python3.12/site-packages/airflow/example_dags/example_latest_only.py
[2025-06-26T23:05:43.042+0000] {processor.py:914} INFO - Processing file /home/airflow/.local/lib/python3.12/site-packages/airflow/example_dags/example_latest_only.py for tasks to queue
[2025-06-26T23:05:43.044+0000] {logging_mixin.py:190} INFO - [2025-06-26T23:05:43.043+0000] {dagbag.py:588} INFO - Filling up the DagBag from /home/airflow/.local/lib/python3.12/site-packages/airflow/example_dags/example_latest_only.py
[2025-06-26T23:05:43.050+0000] {processor.py:925} INFO - DAG(s) 'latest_only' retrieved from /home/airflow/.local/lib/python3.12/site-packages/airflow/example_dags/example_latest_only.py
[2025-06-26T23:05:43.079+0000] {logging_mixin.py:190} INFO - [2025-06-26T23:05:43.079+0000] {dag.py:3239} INFO - Sync 1 DAGs
[2025-06-26T23:05:43.105+0000] {logging_mixin.py:190} INFO - [2025-06-26T23:05:43.104+0000] {dag.py:4180} INFO - Setting next_dagrun for latest_only to 2025-06-26 16:00:00+00:00, run_after=2025-06-26 20:00:00+00:00
[2025-06-26T23:05:43.118+0000] {processor.py:208} INFO - Processing /home/airflow/.local/lib/python3.12/site-packages/airflow/example_dags/example_latest_only.py took 0.083 seconds
[2025-06-26T23:06:19.353+0000] {processor.py:186} INFO - Started process (PID=1206) to work on /home/airflow/.local/lib/python3.12/site-packages/airflow/example_dags/example_latest_only.py
[2025-06-26T23:06:19.354+0000] {processor.py:914} INFO - Processing file /home/airflow/.local/lib/python3.12/site-packages/airflow/example_dags/example_latest_only.py for tasks to queue
[2025-06-26T23:06:19.357+0000] {logging_mixin.py:190} INFO - [2025-06-26T23:06:19.357+0000] {dagbag.py:588} INFO - Filling up the DagBag from /home/airflow/.local/lib/python3.12/site-packages/airflow/example_dags/example_latest_only.py
[2025-06-26T23:06:19.371+0000] {processor.py:925} INFO - DAG(s) 'latest_only' retrieved from /home/airflow/.local/lib/python3.12/site-packages/airflow/example_dags/example_latest_only.py
[2025-06-26T23:06:19.409+0000] {logging_mixin.py:190} INFO - [2025-06-26T23:06:19.409+0000] {dag.py:3239} INFO - Sync 1 DAGs
[2025-06-26T23:06:19.454+0000] {logging_mixin.py:190} INFO - [2025-06-26T23:06:19.454+0000] {dag.py:4180} INFO - Setting next_dagrun for latest_only to 2025-06-26 16:00:00+00:00, run_after=2025-06-26 20:00:00+00:00
[2025-06-26T23:06:19.478+0000] {processor.py:208} INFO - Processing /home/airflow/.local/lib/python3.12/site-packages/airflow/example_dags/example_latest_only.py took 0.134 seconds
[2025-06-26T23:06:50.461+0000] {processor.py:186} INFO - Started process (PID=1268) to work on /home/airflow/.local/lib/python3.12/site-packages/airflow/example_dags/example_latest_only.py
[2025-06-26T23:06:50.465+0000] {processor.py:914} INFO - Processing file /home/airflow/.local/lib/python3.12/site-packages/airflow/example_dags/example_latest_only.py for tasks to queue
[2025-06-26T23:06:50.470+0000] {logging_mixin.py:190} INFO - [2025-06-26T23:06:50.468+0000] {dagbag.py:588} INFO - Filling up the DagBag from /home/airflow/.local/lib/python3.12/site-packages/airflow/example_dags/example_latest_only.py
[2025-06-26T23:06:50.498+0000] {processor.py:925} INFO - DAG(s) 'latest_only' retrieved from /home/airflow/.local/lib/python3.12/site-packages/airflow/example_dags/example_latest_only.py
[2025-06-26T23:06:50.583+0000] {logging_mixin.py:190} INFO - [2025-06-26T23:06:50.582+0000] {dag.py:3239} INFO - Sync 1 DAGs
[2025-06-26T23:06:50.630+0000] {logging_mixin.py:190} INFO - [2025-06-26T23:06:50.630+0000] {dag.py:4180} INFO - Setting next_dagrun for latest_only to 2025-06-26 16:00:00+00:00, run_after=2025-06-26 20:00:00+00:00
[2025-06-26T23:06:50.659+0000] {processor.py:208} INFO - Processing /home/airflow/.local/lib/python3.12/site-packages/airflow/example_dags/example_latest_only.py took 0.214 seconds
[2025-06-26T23:07:21.190+0000] {processor.py:186} INFO - Started process (PID=1330) to work on /home/airflow/.local/lib/python3.12/site-packages/airflow/example_dags/example_latest_only.py
[2025-06-26T23:07:21.197+0000] {processor.py:914} INFO - Processing file /home/airflow/.local/lib/python3.12/site-packages/airflow/example_dags/example_latest_only.py for tasks to queue
[2025-06-26T23:07:21.211+0000] {logging_mixin.py:190} INFO - [2025-06-26T23:07:21.210+0000] {dagbag.py:588} INFO - Filling up the DagBag from /home/airflow/.local/lib/python3.12/site-packages/airflow/example_dags/example_latest_only.py
[2025-06-26T23:07:21.302+0000] {processor.py:925} INFO - DAG(s) 'latest_only' retrieved from /home/airflow/.local/lib/python3.12/site-packages/airflow/example_dags/example_latest_only.py
[2025-06-26T23:07:21.470+0000] {logging_mixin.py:190} INFO - [2025-06-26T23:07:21.470+0000] {dag.py:3239} INFO - Sync 1 DAGs
[2025-06-26T23:07:21.548+0000] {logging_mixin.py:190} INFO - [2025-06-26T23:07:21.547+0000] {dag.py:4180} INFO - Setting next_dagrun for latest_only to 2025-06-26 16:00:00+00:00, run_after=2025-06-26 20:00:00+00:00
[2025-06-26T23:07:21.615+0000] {processor.py:208} INFO - Processing /home/airflow/.local/lib/python3.12/site-packages/airflow/example_dags/example_latest_only.py took 0.487 seconds
