[2025-06-26T22:55:38.363+0000] {processor.py:186} INFO - Started process (PID=92) to work on /home/airflow/.local/lib/python3.12/site-packages/airflow/example_dags/example_python_operator.py
[2025-06-26T22:55:38.367+0000] {processor.py:914} INFO - Processing file /home/airflow/.local/lib/python3.12/site-packages/airflow/example_dags/example_python_operator.py for tasks to queue
[2025-06-26T22:55:38.380+0000] {logging_mixin.py:190} INFO - [2025-06-26T22:55:38.379+0000] {dagbag.py:588} INFO - Filling up the DagBag from /home/airflow/.local/lib/python3.12/site-packages/airflow/example_dags/example_python_operator.py
[2025-06-26T22:55:38.454+0000] {processor.py:925} INFO - DAG(s) 'example_python_operator' retrieved from /home/airflow/.local/lib/python3.12/site-packages/airflow/example_dags/example_python_operator.py
[2025-06-26T22:55:38.619+0000] {logging_mixin.py:190} INFO - [2025-06-26T22:55:38.618+0000] {override.py:1900} INFO - Created Permission View: can read on DAG:example_python_operator
[2025-06-26T22:55:38.637+0000] {logging_mixin.py:190} INFO - [2025-06-26T22:55:38.636+0000] {override.py:1900} INFO - Created Permission View: can delete on DAG:example_python_operator
[2025-06-26T22:55:38.646+0000] {logging_mixin.py:190} INFO - [2025-06-26T22:55:38.646+0000] {override.py:1900} INFO - Created Permission View: can edit on DAG:example_python_operator
[2025-06-26T22:55:38.656+0000] {logging_mixin.py:190} INFO - [2025-06-26T22:55:38.656+0000] {override.py:1900} INFO - Created Permission View: can read on DAG Run:example_python_operator
[2025-06-26T22:55:38.665+0000] {logging_mixin.py:190} INFO - [2025-06-26T22:55:38.664+0000] {override.py:1900} INFO - Created Permission View: menu access on DAG Run:example_python_operator
[2025-06-26T22:55:38.676+0000] {logging_mixin.py:190} INFO - [2025-06-26T22:55:38.676+0000] {override.py:1900} INFO - Created Permission View: can delete on DAG Run:example_python_operator
[2025-06-26T22:55:38.683+0000] {logging_mixin.py:190} INFO - [2025-06-26T22:55:38.683+0000] {override.py:1900} INFO - Created Permission View: can create on DAG Run:example_python_operator
[2025-06-26T22:55:38.685+0000] {logging_mixin.py:190} INFO - [2025-06-26T22:55:38.684+0000] {dag.py:3239} INFO - Sync 1 DAGs
[2025-06-26T22:55:38.717+0000] {logging_mixin.py:190} INFO - [2025-06-26T22:55:38.716+0000] {dag.py:3262} INFO - Creating ORM DAG for example_python_operator
[2025-06-26T22:55:38.719+0000] {logging_mixin.py:190} INFO - [2025-06-26T22:55:38.719+0000] {dag.py:4180} INFO - Setting next_dagrun for example_python_operator to None, run_after=None
[2025-06-26T22:55:38.759+0000] {processor.py:208} INFO - Processing /home/airflow/.local/lib/python3.12/site-packages/airflow/example_dags/example_python_operator.py took 0.416 seconds
[2025-06-26T22:56:09.073+0000] {processor.py:186} INFO - Started process (PID=153) to work on /home/airflow/.local/lib/python3.12/site-packages/airflow/example_dags/example_python_operator.py
[2025-06-26T22:56:09.080+0000] {processor.py:914} INFO - Processing file /home/airflow/.local/lib/python3.12/site-packages/airflow/example_dags/example_python_operator.py for tasks to queue
[2025-06-26T22:56:09.084+0000] {logging_mixin.py:190} INFO - [2025-06-26T22:56:09.084+0000] {dagbag.py:588} INFO - Filling up the DagBag from /home/airflow/.local/lib/python3.12/site-packages/airflow/example_dags/example_python_operator.py
[2025-06-26T22:56:09.110+0000] {processor.py:925} INFO - DAG(s) 'example_python_operator' retrieved from /home/airflow/.local/lib/python3.12/site-packages/airflow/example_dags/example_python_operator.py
[2025-06-26T22:56:09.152+0000] {logging_mixin.py:190} INFO - [2025-06-26T22:56:09.151+0000] {dag.py:3239} INFO - Sync 1 DAGs
[2025-06-26T22:56:09.167+0000] {logging_mixin.py:190} INFO - [2025-06-26T22:56:09.167+0000] {dag.py:4180} INFO - Setting next_dagrun for example_python_operator to None, run_after=None
[2025-06-26T22:56:09.194+0000] {processor.py:208} INFO - Processing /home/airflow/.local/lib/python3.12/site-packages/airflow/example_dags/example_python_operator.py took 0.142 seconds
[2025-06-26T22:56:40.063+0000] {processor.py:186} INFO - Started process (PID=215) to work on /home/airflow/.local/lib/python3.12/site-packages/airflow/example_dags/example_python_operator.py
[2025-06-26T22:56:40.113+0000] {processor.py:914} INFO - Processing file /home/airflow/.local/lib/python3.12/site-packages/airflow/example_dags/example_python_operator.py for tasks to queue
[2025-06-26T22:56:40.217+0000] {logging_mixin.py:190} INFO - [2025-06-26T22:56:40.212+0000] {dagbag.py:588} INFO - Filling up the DagBag from /home/airflow/.local/lib/python3.12/site-packages/airflow/example_dags/example_python_operator.py
[2025-06-26T22:56:40.858+0000] {processor.py:925} INFO - DAG(s) 'example_python_operator' retrieved from /home/airflow/.local/lib/python3.12/site-packages/airflow/example_dags/example_python_operator.py
[2025-06-26T22:56:41.667+0000] {logging_mixin.py:190} INFO - [2025-06-26T22:56:41.593+0000] {dag.py:3239} INFO - Sync 1 DAGs
[2025-06-26T22:56:42.479+0000] {logging_mixin.py:190} INFO - [2025-06-26T22:56:42.433+0000] {dag.py:4180} INFO - Setting next_dagrun for example_python_operator to None, run_after=None
[2025-06-26T22:56:43.462+0000] {processor.py:208} INFO - Processing /home/airflow/.local/lib/python3.12/site-packages/airflow/example_dags/example_python_operator.py took 3.523 seconds
[2025-06-26T22:57:14.075+0000] {processor.py:186} INFO - Started process (PID=277) to work on /home/airflow/.local/lib/python3.12/site-packages/airflow/example_dags/example_python_operator.py
[2025-06-26T22:57:14.079+0000] {processor.py:914} INFO - Processing file /home/airflow/.local/lib/python3.12/site-packages/airflow/example_dags/example_python_operator.py for tasks to queue
[2025-06-26T22:57:14.088+0000] {logging_mixin.py:190} INFO - [2025-06-26T22:57:14.087+0000] {dagbag.py:588} INFO - Filling up the DagBag from /home/airflow/.local/lib/python3.12/site-packages/airflow/example_dags/example_python_operator.py
[2025-06-26T22:57:14.199+0000] {processor.py:925} INFO - DAG(s) 'example_python_operator' retrieved from /home/airflow/.local/lib/python3.12/site-packages/airflow/example_dags/example_python_operator.py
[2025-06-26T22:57:14.291+0000] {logging_mixin.py:190} INFO - [2025-06-26T22:57:14.291+0000] {dag.py:3239} INFO - Sync 1 DAGs
[2025-06-26T22:57:14.367+0000] {logging_mixin.py:190} INFO - [2025-06-26T22:57:14.366+0000] {dag.py:4180} INFO - Setting next_dagrun for example_python_operator to None, run_after=None
[2025-06-26T22:57:14.426+0000] {processor.py:208} INFO - Processing /home/airflow/.local/lib/python3.12/site-packages/airflow/example_dags/example_python_operator.py took 0.371 seconds
[2025-06-26T22:57:59.286+0000] {processor.py:186} INFO - Started process (PID=339) to work on /home/airflow/.local/lib/python3.12/site-packages/airflow/example_dags/example_python_operator.py
[2025-06-26T22:57:59.287+0000] {processor.py:914} INFO - Processing file /home/airflow/.local/lib/python3.12/site-packages/airflow/example_dags/example_python_operator.py for tasks to queue
[2025-06-26T22:57:59.290+0000] {logging_mixin.py:190} INFO - [2025-06-26T22:57:59.289+0000] {dagbag.py:588} INFO - Filling up the DagBag from /home/airflow/.local/lib/python3.12/site-packages/airflow/example_dags/example_python_operator.py
[2025-06-26T22:57:59.313+0000] {processor.py:925} INFO - DAG(s) 'example_python_operator' retrieved from /home/airflow/.local/lib/python3.12/site-packages/airflow/example_dags/example_python_operator.py
[2025-06-26T22:57:59.387+0000] {logging_mixin.py:190} INFO - [2025-06-26T22:57:59.382+0000] {dag.py:3239} INFO - Sync 1 DAGs
[2025-06-26T22:57:59.410+0000] {logging_mixin.py:190} INFO - [2025-06-26T22:57:59.410+0000] {dag.py:4180} INFO - Setting next_dagrun for example_python_operator to None, run_after=None
[2025-06-26T22:57:59.453+0000] {processor.py:208} INFO - Processing /home/airflow/.local/lib/python3.12/site-packages/airflow/example_dags/example_python_operator.py took 0.175 seconds
[2025-06-26T22:58:30.636+0000] {processor.py:186} INFO - Started process (PID=401) to work on /home/airflow/.local/lib/python3.12/site-packages/airflow/example_dags/example_python_operator.py
[2025-06-26T22:58:30.638+0000] {processor.py:914} INFO - Processing file /home/airflow/.local/lib/python3.12/site-packages/airflow/example_dags/example_python_operator.py for tasks to queue
[2025-06-26T22:58:30.648+0000] {logging_mixin.py:190} INFO - [2025-06-26T22:58:30.647+0000] {dagbag.py:588} INFO - Filling up the DagBag from /home/airflow/.local/lib/python3.12/site-packages/airflow/example_dags/example_python_operator.py
[2025-06-26T22:58:30.691+0000] {processor.py:925} INFO - DAG(s) 'example_python_operator' retrieved from /home/airflow/.local/lib/python3.12/site-packages/airflow/example_dags/example_python_operator.py
[2025-06-26T22:58:30.798+0000] {logging_mixin.py:190} INFO - [2025-06-26T22:58:30.797+0000] {dag.py:3239} INFO - Sync 1 DAGs
[2025-06-26T22:58:30.829+0000] {logging_mixin.py:190} INFO - [2025-06-26T22:58:30.829+0000] {dag.py:4180} INFO - Setting next_dagrun for example_python_operator to None, run_after=None
[2025-06-26T22:58:30.881+0000] {processor.py:208} INFO - Processing /home/airflow/.local/lib/python3.12/site-packages/airflow/example_dags/example_python_operator.py took 0.258 seconds
[2025-06-26T22:59:08.307+0000] {processor.py:186} INFO - Started process (PID=463) to work on /home/airflow/.local/lib/python3.12/site-packages/airflow/example_dags/example_python_operator.py
[2025-06-26T22:59:08.315+0000] {processor.py:914} INFO - Processing file /home/airflow/.local/lib/python3.12/site-packages/airflow/example_dags/example_python_operator.py for tasks to queue
[2025-06-26T22:59:08.320+0000] {logging_mixin.py:190} INFO - [2025-06-26T22:59:08.319+0000] {dagbag.py:588} INFO - Filling up the DagBag from /home/airflow/.local/lib/python3.12/site-packages/airflow/example_dags/example_python_operator.py
[2025-06-26T22:59:08.411+0000] {processor.py:925} INFO - DAG(s) 'example_python_operator' retrieved from /home/airflow/.local/lib/python3.12/site-packages/airflow/example_dags/example_python_operator.py
[2025-06-26T22:59:08.511+0000] {logging_mixin.py:190} INFO - [2025-06-26T22:59:08.511+0000] {dag.py:3239} INFO - Sync 1 DAGs
[2025-06-26T22:59:08.573+0000] {logging_mixin.py:190} INFO - [2025-06-26T22:59:08.572+0000] {dag.py:4180} INFO - Setting next_dagrun for example_python_operator to None, run_after=None
[2025-06-26T22:59:08.640+0000] {processor.py:208} INFO - Processing /home/airflow/.local/lib/python3.12/site-packages/airflow/example_dags/example_python_operator.py took 0.353 seconds
[2025-06-26T22:59:43.509+0000] {processor.py:186} INFO - Started process (PID=533) to work on /home/airflow/.local/lib/python3.12/site-packages/airflow/example_dags/example_python_operator.py
[2025-06-26T22:59:43.515+0000] {processor.py:914} INFO - Processing file /home/airflow/.local/lib/python3.12/site-packages/airflow/example_dags/example_python_operator.py for tasks to queue
[2025-06-26T22:59:43.520+0000] {logging_mixin.py:190} INFO - [2025-06-26T22:59:43.519+0000] {dagbag.py:588} INFO - Filling up the DagBag from /home/airflow/.local/lib/python3.12/site-packages/airflow/example_dags/example_python_operator.py
[2025-06-26T22:59:43.565+0000] {processor.py:925} INFO - DAG(s) 'example_python_operator' retrieved from /home/airflow/.local/lib/python3.12/site-packages/airflow/example_dags/example_python_operator.py
[2025-06-26T22:59:43.632+0000] {logging_mixin.py:190} INFO - [2025-06-26T22:59:43.630+0000] {dag.py:3239} INFO - Sync 1 DAGs
[2025-06-26T22:59:43.683+0000] {logging_mixin.py:190} INFO - [2025-06-26T22:59:43.683+0000] {dag.py:4180} INFO - Setting next_dagrun for example_python_operator to None, run_after=None
[2025-06-26T22:59:43.805+0000] {processor.py:208} INFO - Processing /home/airflow/.local/lib/python3.12/site-packages/airflow/example_dags/example_python_operator.py took 0.312 seconds
[2025-06-26T23:00:14.880+0000] {processor.py:186} INFO - Started process (PID=595) to work on /home/airflow/.local/lib/python3.12/site-packages/airflow/example_dags/example_python_operator.py
[2025-06-26T23:00:14.885+0000] {processor.py:914} INFO - Processing file /home/airflow/.local/lib/python3.12/site-packages/airflow/example_dags/example_python_operator.py for tasks to queue
[2025-06-26T23:00:14.899+0000] {logging_mixin.py:190} INFO - [2025-06-26T23:00:14.896+0000] {dagbag.py:588} INFO - Filling up the DagBag from /home/airflow/.local/lib/python3.12/site-packages/airflow/example_dags/example_python_operator.py
[2025-06-26T23:00:15.063+0000] {processor.py:925} INFO - DAG(s) 'example_python_operator' retrieved from /home/airflow/.local/lib/python3.12/site-packages/airflow/example_dags/example_python_operator.py
[2025-06-26T23:00:15.272+0000] {logging_mixin.py:190} INFO - [2025-06-26T23:00:15.267+0000] {dag.py:3239} INFO - Sync 1 DAGs
[2025-06-26T23:00:15.329+0000] {logging_mixin.py:190} INFO - [2025-06-26T23:00:15.325+0000] {dag.py:4180} INFO - Setting next_dagrun for example_python_operator to None, run_after=None
[2025-06-26T23:00:15.755+0000] {processor.py:208} INFO - Processing /home/airflow/.local/lib/python3.12/site-packages/airflow/example_dags/example_python_operator.py took 0.895 seconds
[2025-06-26T23:00:46.312+0000] {processor.py:186} INFO - Started process (PID=645) to work on /home/airflow/.local/lib/python3.12/site-packages/airflow/example_dags/example_python_operator.py
[2025-06-26T23:00:46.314+0000] {processor.py:914} INFO - Processing file /home/airflow/.local/lib/python3.12/site-packages/airflow/example_dags/example_python_operator.py for tasks to queue
[2025-06-26T23:00:46.316+0000] {logging_mixin.py:190} INFO - [2025-06-26T23:00:46.316+0000] {dagbag.py:588} INFO - Filling up the DagBag from /home/airflow/.local/lib/python3.12/site-packages/airflow/example_dags/example_python_operator.py
[2025-06-26T23:00:46.329+0000] {processor.py:925} INFO - DAG(s) 'example_python_operator' retrieved from /home/airflow/.local/lib/python3.12/site-packages/airflow/example_dags/example_python_operator.py
[2025-06-26T23:00:46.353+0000] {logging_mixin.py:190} INFO - [2025-06-26T23:00:46.353+0000] {dag.py:3239} INFO - Sync 1 DAGs
[2025-06-26T23:00:46.365+0000] {logging_mixin.py:190} INFO - [2025-06-26T23:00:46.365+0000] {dag.py:4180} INFO - Setting next_dagrun for example_python_operator to None, run_after=None
[2025-06-26T23:00:46.382+0000] {processor.py:208} INFO - Processing /home/airflow/.local/lib/python3.12/site-packages/airflow/example_dags/example_python_operator.py took 0.078 seconds
[2025-06-26T23:01:19.163+0000] {processor.py:186} INFO - Started process (PID=706) to work on /home/airflow/.local/lib/python3.12/site-packages/airflow/example_dags/example_python_operator.py
[2025-06-26T23:01:19.172+0000] {processor.py:914} INFO - Processing file /home/airflow/.local/lib/python3.12/site-packages/airflow/example_dags/example_python_operator.py for tasks to queue
[2025-06-26T23:01:19.185+0000] {logging_mixin.py:190} INFO - [2025-06-26T23:01:19.184+0000] {dagbag.py:588} INFO - Filling up the DagBag from /home/airflow/.local/lib/python3.12/site-packages/airflow/example_dags/example_python_operator.py
[2025-06-26T23:01:19.248+0000] {processor.py:925} INFO - DAG(s) 'example_python_operator' retrieved from /home/airflow/.local/lib/python3.12/site-packages/airflow/example_dags/example_python_operator.py
[2025-06-26T23:01:19.288+0000] {logging_mixin.py:190} INFO - [2025-06-26T23:01:19.288+0000] {dag.py:3239} INFO - Sync 1 DAGs
[2025-06-26T23:01:19.300+0000] {logging_mixin.py:190} INFO - [2025-06-26T23:01:19.300+0000] {dag.py:4180} INFO - Setting next_dagrun for example_python_operator to None, run_after=None
[2025-06-26T23:01:19.320+0000] {processor.py:208} INFO - Processing /home/airflow/.local/lib/python3.12/site-packages/airflow/example_dags/example_python_operator.py took 0.177 seconds
[2025-06-26T23:01:52.054+0000] {processor.py:186} INFO - Started process (PID=760) to work on /home/airflow/.local/lib/python3.12/site-packages/airflow/example_dags/example_python_operator.py
[2025-06-26T23:01:52.056+0000] {processor.py:914} INFO - Processing file /home/airflow/.local/lib/python3.12/site-packages/airflow/example_dags/example_python_operator.py for tasks to queue
[2025-06-26T23:01:52.060+0000] {logging_mixin.py:190} INFO - [2025-06-26T23:01:52.059+0000] {dagbag.py:588} INFO - Filling up the DagBag from /home/airflow/.local/lib/python3.12/site-packages/airflow/example_dags/example_python_operator.py
[2025-06-26T23:01:52.085+0000] {processor.py:925} INFO - DAG(s) 'example_python_operator' retrieved from /home/airflow/.local/lib/python3.12/site-packages/airflow/example_dags/example_python_operator.py
[2025-06-26T23:01:52.116+0000] {logging_mixin.py:190} INFO - [2025-06-26T23:01:52.116+0000] {dag.py:3239} INFO - Sync 1 DAGs
[2025-06-26T23:01:52.147+0000] {logging_mixin.py:190} INFO - [2025-06-26T23:01:52.147+0000] {dag.py:4180} INFO - Setting next_dagrun for example_python_operator to None, run_after=None
[2025-06-26T23:01:52.185+0000] {processor.py:208} INFO - Processing /home/airflow/.local/lib/python3.12/site-packages/airflow/example_dags/example_python_operator.py took 0.137 seconds
[2025-06-26T23:02:23.406+0000] {processor.py:186} INFO - Started process (PID=822) to work on /home/airflow/.local/lib/python3.12/site-packages/airflow/example_dags/example_python_operator.py
[2025-06-26T23:02:23.408+0000] {processor.py:914} INFO - Processing file /home/airflow/.local/lib/python3.12/site-packages/airflow/example_dags/example_python_operator.py for tasks to queue
[2025-06-26T23:02:23.411+0000] {logging_mixin.py:190} INFO - [2025-06-26T23:02:23.411+0000] {dagbag.py:588} INFO - Filling up the DagBag from /home/airflow/.local/lib/python3.12/site-packages/airflow/example_dags/example_python_operator.py
[2025-06-26T23:02:23.436+0000] {processor.py:925} INFO - DAG(s) 'example_python_operator' retrieved from /home/airflow/.local/lib/python3.12/site-packages/airflow/example_dags/example_python_operator.py
[2025-06-26T23:02:23.455+0000] {logging_mixin.py:190} INFO - [2025-06-26T23:02:23.455+0000] {dag.py:3239} INFO - Sync 1 DAGs
[2025-06-26T23:02:23.466+0000] {logging_mixin.py:190} INFO - [2025-06-26T23:02:23.466+0000] {dag.py:4180} INFO - Setting next_dagrun for example_python_operator to None, run_after=None
[2025-06-26T23:02:23.484+0000] {processor.py:208} INFO - Processing /home/airflow/.local/lib/python3.12/site-packages/airflow/example_dags/example_python_operator.py took 0.081 seconds
[2025-06-26T23:02:55.848+0000] {processor.py:186} INFO - Started process (PID=881) to work on /home/airflow/.local/lib/python3.12/site-packages/airflow/example_dags/example_python_operator.py
[2025-06-26T23:02:55.849+0000] {processor.py:914} INFO - Processing file /home/airflow/.local/lib/python3.12/site-packages/airflow/example_dags/example_python_operator.py for tasks to queue
[2025-06-26T23:02:55.851+0000] {logging_mixin.py:190} INFO - [2025-06-26T23:02:55.850+0000] {dagbag.py:588} INFO - Filling up the DagBag from /home/airflow/.local/lib/python3.12/site-packages/airflow/example_dags/example_python_operator.py
[2025-06-26T23:02:55.864+0000] {processor.py:925} INFO - DAG(s) 'example_python_operator' retrieved from /home/airflow/.local/lib/python3.12/site-packages/airflow/example_dags/example_python_operator.py
[2025-06-26T23:02:55.886+0000] {logging_mixin.py:190} INFO - [2025-06-26T23:02:55.886+0000] {dag.py:3239} INFO - Sync 1 DAGs
[2025-06-26T23:02:55.900+0000] {logging_mixin.py:190} INFO - [2025-06-26T23:02:55.900+0000] {dag.py:4180} INFO - Setting next_dagrun for example_python_operator to None, run_after=None
[2025-06-26T23:02:55.925+0000] {processor.py:208} INFO - Processing /home/airflow/.local/lib/python3.12/site-packages/airflow/example_dags/example_python_operator.py took 0.083 seconds
[2025-06-26T23:03:42.097+0000] {processor.py:186} INFO - Started process (PID=941) to work on /home/airflow/.local/lib/python3.12/site-packages/airflow/example_dags/example_python_operator.py
[2025-06-26T23:03:42.098+0000] {processor.py:914} INFO - Processing file /home/airflow/.local/lib/python3.12/site-packages/airflow/example_dags/example_python_operator.py for tasks to queue
[2025-06-26T23:03:42.101+0000] {logging_mixin.py:190} INFO - [2025-06-26T23:03:42.101+0000] {dagbag.py:588} INFO - Filling up the DagBag from /home/airflow/.local/lib/python3.12/site-packages/airflow/example_dags/example_python_operator.py
[2025-06-26T23:03:42.116+0000] {processor.py:925} INFO - DAG(s) 'example_python_operator' retrieved from /home/airflow/.local/lib/python3.12/site-packages/airflow/example_dags/example_python_operator.py
[2025-06-26T23:03:42.140+0000] {logging_mixin.py:190} INFO - [2025-06-26T23:03:42.139+0000] {dag.py:3239} INFO - Sync 1 DAGs
[2025-06-26T23:03:42.153+0000] {logging_mixin.py:190} INFO - [2025-06-26T23:03:42.152+0000] {dag.py:4180} INFO - Setting next_dagrun for example_python_operator to None, run_after=None
[2025-06-26T23:03:42.166+0000] {processor.py:208} INFO - Processing /home/airflow/.local/lib/python3.12/site-packages/airflow/example_dags/example_python_operator.py took 0.074 seconds
[2025-06-26T23:04:34.794+0000] {processor.py:186} INFO - Started process (PID=1014) to work on /home/airflow/.local/lib/python3.12/site-packages/airflow/example_dags/example_python_operator.py
[2025-06-26T23:04:34.797+0000] {processor.py:914} INFO - Processing file /home/airflow/.local/lib/python3.12/site-packages/airflow/example_dags/example_python_operator.py for tasks to queue
[2025-06-26T23:04:34.801+0000] {logging_mixin.py:190} INFO - [2025-06-26T23:04:34.800+0000] {dagbag.py:588} INFO - Filling up the DagBag from /home/airflow/.local/lib/python3.12/site-packages/airflow/example_dags/example_python_operator.py
[2025-06-26T23:04:34.817+0000] {processor.py:925} INFO - DAG(s) 'example_python_operator' retrieved from /home/airflow/.local/lib/python3.12/site-packages/airflow/example_dags/example_python_operator.py
[2025-06-26T23:04:34.844+0000] {logging_mixin.py:190} INFO - [2025-06-26T23:04:34.844+0000] {dag.py:3239} INFO - Sync 1 DAGs
[2025-06-26T23:04:34.859+0000] {logging_mixin.py:190} INFO - [2025-06-26T23:04:34.858+0000] {dag.py:4180} INFO - Setting next_dagrun for example_python_operator to None, run_after=None
[2025-06-26T23:04:34.873+0000] {processor.py:208} INFO - Processing /home/airflow/.local/lib/python3.12/site-packages/airflow/example_dags/example_python_operator.py took 0.089 seconds
[2025-06-26T23:05:11.595+0000] {processor.py:186} INFO - Started process (PID=1075) to work on /home/airflow/.local/lib/python3.12/site-packages/airflow/example_dags/example_python_operator.py
[2025-06-26T23:05:11.596+0000] {processor.py:914} INFO - Processing file /home/airflow/.local/lib/python3.12/site-packages/airflow/example_dags/example_python_operator.py for tasks to queue
[2025-06-26T23:05:11.598+0000] {logging_mixin.py:190} INFO - [2025-06-26T23:05:11.598+0000] {dagbag.py:588} INFO - Filling up the DagBag from /home/airflow/.local/lib/python3.12/site-packages/airflow/example_dags/example_python_operator.py
[2025-06-26T23:05:11.613+0000] {processor.py:925} INFO - DAG(s) 'example_python_operator' retrieved from /home/airflow/.local/lib/python3.12/site-packages/airflow/example_dags/example_python_operator.py
[2025-06-26T23:05:11.633+0000] {logging_mixin.py:190} INFO - [2025-06-26T23:05:11.633+0000] {dag.py:3239} INFO - Sync 1 DAGs
[2025-06-26T23:05:11.647+0000] {logging_mixin.py:190} INFO - [2025-06-26T23:05:11.647+0000] {dag.py:4180} INFO - Setting next_dagrun for example_python_operator to None, run_after=None
[2025-06-26T23:05:11.663+0000] {processor.py:208} INFO - Processing /home/airflow/.local/lib/python3.12/site-packages/airflow/example_dags/example_python_operator.py took 0.074 seconds
[2025-06-26T23:05:42.523+0000] {processor.py:186} INFO - Started process (PID=1137) to work on /home/airflow/.local/lib/python3.12/site-packages/airflow/example_dags/example_python_operator.py
[2025-06-26T23:05:42.524+0000] {processor.py:914} INFO - Processing file /home/airflow/.local/lib/python3.12/site-packages/airflow/example_dags/example_python_operator.py for tasks to queue
[2025-06-26T23:05:42.527+0000] {logging_mixin.py:190} INFO - [2025-06-26T23:05:42.526+0000] {dagbag.py:588} INFO - Filling up the DagBag from /home/airflow/.local/lib/python3.12/site-packages/airflow/example_dags/example_python_operator.py
[2025-06-26T23:05:42.566+0000] {processor.py:925} INFO - DAG(s) 'example_python_operator' retrieved from /home/airflow/.local/lib/python3.12/site-packages/airflow/example_dags/example_python_operator.py
[2025-06-26T23:05:42.594+0000] {logging_mixin.py:190} INFO - [2025-06-26T23:05:42.594+0000] {dag.py:3239} INFO - Sync 1 DAGs
[2025-06-26T23:05:42.606+0000] {logging_mixin.py:190} INFO - [2025-06-26T23:05:42.606+0000] {dag.py:4180} INFO - Setting next_dagrun for example_python_operator to None, run_after=None
[2025-06-26T23:05:42.618+0000] {processor.py:208} INFO - Processing /home/airflow/.local/lib/python3.12/site-packages/airflow/example_dags/example_python_operator.py took 0.101 seconds
[2025-06-26T23:06:18.940+0000] {processor.py:186} INFO - Started process (PID=1199) to work on /home/airflow/.local/lib/python3.12/site-packages/airflow/example_dags/example_python_operator.py
[2025-06-26T23:06:18.943+0000] {processor.py:914} INFO - Processing file /home/airflow/.local/lib/python3.12/site-packages/airflow/example_dags/example_python_operator.py for tasks to queue
[2025-06-26T23:06:18.945+0000] {logging_mixin.py:190} INFO - [2025-06-26T23:06:18.945+0000] {dagbag.py:588} INFO - Filling up the DagBag from /home/airflow/.local/lib/python3.12/site-packages/airflow/example_dags/example_python_operator.py
[2025-06-26T23:06:18.959+0000] {processor.py:925} INFO - DAG(s) 'example_python_operator' retrieved from /home/airflow/.local/lib/python3.12/site-packages/airflow/example_dags/example_python_operator.py
[2025-06-26T23:06:18.981+0000] {logging_mixin.py:190} INFO - [2025-06-26T23:06:18.981+0000] {dag.py:3239} INFO - Sync 1 DAGs
[2025-06-26T23:06:18.993+0000] {logging_mixin.py:190} INFO - [2025-06-26T23:06:18.993+0000] {dag.py:4180} INFO - Setting next_dagrun for example_python_operator to None, run_after=None
[2025-06-26T23:06:19.006+0000] {processor.py:208} INFO - Processing /home/airflow/.local/lib/python3.12/site-packages/airflow/example_dags/example_python_operator.py took 0.074 seconds
[2025-06-26T23:06:49.159+0000] {processor.py:186} INFO - Started process (PID=1261) to work on /home/airflow/.local/lib/python3.12/site-packages/airflow/example_dags/example_python_operator.py
[2025-06-26T23:06:49.161+0000] {processor.py:914} INFO - Processing file /home/airflow/.local/lib/python3.12/site-packages/airflow/example_dags/example_python_operator.py for tasks to queue
[2025-06-26T23:06:49.162+0000] {logging_mixin.py:190} INFO - [2025-06-26T23:06:49.162+0000] {dagbag.py:588} INFO - Filling up the DagBag from /home/airflow/.local/lib/python3.12/site-packages/airflow/example_dags/example_python_operator.py
[2025-06-26T23:06:49.170+0000] {processor.py:925} INFO - DAG(s) 'example_python_operator' retrieved from /home/airflow/.local/lib/python3.12/site-packages/airflow/example_dags/example_python_operator.py
[2025-06-26T23:06:49.181+0000] {logging_mixin.py:190} INFO - [2025-06-26T23:06:49.181+0000] {dag.py:3239} INFO - Sync 1 DAGs
[2025-06-26T23:06:49.194+0000] {logging_mixin.py:190} INFO - [2025-06-26T23:06:49.194+0000] {dag.py:4180} INFO - Setting next_dagrun for example_python_operator to None, run_after=None
[2025-06-26T23:06:49.205+0000] {processor.py:208} INFO - Processing /home/airflow/.local/lib/python3.12/site-packages/airflow/example_dags/example_python_operator.py took 0.049 seconds
[2025-06-26T23:07:19.400+0000] {processor.py:186} INFO - Started process (PID=1323) to work on /home/airflow/.local/lib/python3.12/site-packages/airflow/example_dags/example_python_operator.py
[2025-06-26T23:07:19.401+0000] {processor.py:914} INFO - Processing file /home/airflow/.local/lib/python3.12/site-packages/airflow/example_dags/example_python_operator.py for tasks to queue
[2025-06-26T23:07:19.403+0000] {logging_mixin.py:190} INFO - [2025-06-26T23:07:19.402+0000] {dagbag.py:588} INFO - Filling up the DagBag from /home/airflow/.local/lib/python3.12/site-packages/airflow/example_dags/example_python_operator.py
[2025-06-26T23:07:19.417+0000] {processor.py:925} INFO - DAG(s) 'example_python_operator' retrieved from /home/airflow/.local/lib/python3.12/site-packages/airflow/example_dags/example_python_operator.py
[2025-06-26T23:07:19.443+0000] {logging_mixin.py:190} INFO - [2025-06-26T23:07:19.443+0000] {dag.py:3239} INFO - Sync 1 DAGs
[2025-06-26T23:07:19.461+0000] {logging_mixin.py:190} INFO - [2025-06-26T23:07:19.460+0000] {dag.py:4180} INFO - Setting next_dagrun for example_python_operator to None, run_after=None
[2025-06-26T23:07:19.479+0000] {processor.py:208} INFO - Processing /home/airflow/.local/lib/python3.12/site-packages/airflow/example_dags/example_python_operator.py took 0.086 seconds
