[2025-06-26T22:55:40.524+0000] {processor.py:186} INFO - Started process (PID=95) to work on /home/airflow/.local/lib/python3.12/site-packages/airflow/example_dags/example_setup_teardown.py
[2025-06-26T22:55:40.527+0000] {processor.py:914} INFO - Processing file /home/airflow/.local/lib/python3.12/site-packages/airflow/example_dags/example_setup_teardown.py for tasks to queue
[2025-06-26T22:55:40.541+0000] {logging_mixin.py:190} INFO - [2025-06-26T22:55:40.540+0000] {dagbag.py:588} INFO - Filling up the DagBag from /home/airflow/.local/lib/python3.12/site-packages/airflow/example_dags/example_setup_teardown.py
[2025-06-26T22:55:40.585+0000] {processor.py:925} INFO - DAG(s) 'example_setup_teardown' retrieved from /home/airflow/.local/lib/python3.12/site-packages/airflow/example_dags/example_setup_teardown.py
[2025-06-26T22:55:40.988+0000] {logging_mixin.py:190} INFO - [2025-06-26T22:55:40.984+0000] {override.py:1900} INFO - Created Permission View: can read on DAG:example_setup_teardown
[2025-06-26T22:55:41.010+0000] {logging_mixin.py:190} INFO - [2025-06-26T22:55:41.009+0000] {override.py:1900} INFO - Created Permission View: can delete on DAG:example_setup_teardown
[2025-06-26T22:55:41.019+0000] {logging_mixin.py:190} INFO - [2025-06-26T22:55:41.019+0000] {override.py:1900} INFO - Created Permission View: can edit on DAG:example_setup_teardown
[2025-06-26T22:55:41.030+0000] {logging_mixin.py:190} INFO - [2025-06-26T22:55:41.029+0000] {override.py:1900} INFO - Created Permission View: can read on DAG Run:example_setup_teardown
[2025-06-26T22:55:41.043+0000] {logging_mixin.py:190} INFO - [2025-06-26T22:55:41.043+0000] {override.py:1900} INFO - Created Permission View: menu access on DAG Run:example_setup_teardown
[2025-06-26T22:55:41.054+0000] {logging_mixin.py:190} INFO - [2025-06-26T22:55:41.053+0000] {override.py:1900} INFO - Created Permission View: can delete on DAG Run:example_setup_teardown
[2025-06-26T22:55:41.061+0000] {logging_mixin.py:190} INFO - [2025-06-26T22:55:41.060+0000] {override.py:1900} INFO - Created Permission View: can create on DAG Run:example_setup_teardown
[2025-06-26T22:55:41.061+0000] {logging_mixin.py:190} INFO - [2025-06-26T22:55:41.061+0000] {dag.py:3239} INFO - Sync 1 DAGs
[2025-06-26T22:55:41.099+0000] {logging_mixin.py:190} INFO - [2025-06-26T22:55:41.099+0000] {dag.py:3262} INFO - Creating ORM DAG for example_setup_teardown
[2025-06-26T22:55:41.106+0000] {logging_mixin.py:190} INFO - [2025-06-26T22:55:41.104+0000] {dag.py:4180} INFO - Setting next_dagrun for example_setup_teardown to None, run_after=None
[2025-06-26T22:55:41.140+0000] {processor.py:208} INFO - Processing /home/airflow/.local/lib/python3.12/site-packages/airflow/example_dags/example_setup_teardown.py took 0.642 seconds
[2025-06-26T22:56:11.504+0000] {processor.py:186} INFO - Started process (PID=157) to work on /home/airflow/.local/lib/python3.12/site-packages/airflow/example_dags/example_setup_teardown.py
[2025-06-26T22:56:11.506+0000] {processor.py:914} INFO - Processing file /home/airflow/.local/lib/python3.12/site-packages/airflow/example_dags/example_setup_teardown.py for tasks to queue
[2025-06-26T22:56:11.512+0000] {logging_mixin.py:190} INFO - [2025-06-26T22:56:11.510+0000] {dagbag.py:588} INFO - Filling up the DagBag from /home/airflow/.local/lib/python3.12/site-packages/airflow/example_dags/example_setup_teardown.py
[2025-06-26T22:56:11.527+0000] {processor.py:925} INFO - DAG(s) 'example_setup_teardown' retrieved from /home/airflow/.local/lib/python3.12/site-packages/airflow/example_dags/example_setup_teardown.py
[2025-06-26T22:56:11.558+0000] {logging_mixin.py:190} INFO - [2025-06-26T22:56:11.557+0000] {dag.py:3239} INFO - Sync 1 DAGs
[2025-06-26T22:56:11.591+0000] {logging_mixin.py:190} INFO - [2025-06-26T22:56:11.591+0000] {dag.py:4180} INFO - Setting next_dagrun for example_setup_teardown to None, run_after=None
[2025-06-26T22:56:11.611+0000] {processor.py:208} INFO - Processing /home/airflow/.local/lib/python3.12/site-packages/airflow/example_dags/example_setup_teardown.py took 0.117 seconds
[2025-06-26T22:56:45.724+0000] {processor.py:186} INFO - Started process (PID=219) to work on /home/airflow/.local/lib/python3.12/site-packages/airflow/example_dags/example_setup_teardown.py
[2025-06-26T22:56:45.730+0000] {processor.py:914} INFO - Processing file /home/airflow/.local/lib/python3.12/site-packages/airflow/example_dags/example_setup_teardown.py for tasks to queue
[2025-06-26T22:56:45.743+0000] {logging_mixin.py:190} INFO - [2025-06-26T22:56:45.741+0000] {dagbag.py:588} INFO - Filling up the DagBag from /home/airflow/.local/lib/python3.12/site-packages/airflow/example_dags/example_setup_teardown.py
[2025-06-26T22:56:45.805+0000] {processor.py:925} INFO - DAG(s) 'example_setup_teardown' retrieved from /home/airflow/.local/lib/python3.12/site-packages/airflow/example_dags/example_setup_teardown.py
[2025-06-26T22:56:45.894+0000] {logging_mixin.py:190} INFO - [2025-06-26T22:56:45.893+0000] {dag.py:3239} INFO - Sync 1 DAGs
[2025-06-26T22:56:45.951+0000] {logging_mixin.py:190} INFO - [2025-06-26T22:56:45.950+0000] {dag.py:4180} INFO - Setting next_dagrun for example_setup_teardown to None, run_after=None
[2025-06-26T22:56:45.981+0000] {processor.py:208} INFO - Processing /home/airflow/.local/lib/python3.12/site-packages/airflow/example_dags/example_setup_teardown.py took 0.289 seconds
[2025-06-26T22:57:16.649+0000] {processor.py:186} INFO - Started process (PID=280) to work on /home/airflow/.local/lib/python3.12/site-packages/airflow/example_dags/example_setup_teardown.py
[2025-06-26T22:57:16.656+0000] {processor.py:914} INFO - Processing file /home/airflow/.local/lib/python3.12/site-packages/airflow/example_dags/example_setup_teardown.py for tasks to queue
[2025-06-26T22:57:16.667+0000] {logging_mixin.py:190} INFO - [2025-06-26T22:57:16.666+0000] {dagbag.py:588} INFO - Filling up the DagBag from /home/airflow/.local/lib/python3.12/site-packages/airflow/example_dags/example_setup_teardown.py
[2025-06-26T22:57:16.734+0000] {processor.py:925} INFO - DAG(s) 'example_setup_teardown' retrieved from /home/airflow/.local/lib/python3.12/site-packages/airflow/example_dags/example_setup_teardown.py
[2025-06-26T22:57:16.848+0000] {logging_mixin.py:190} INFO - [2025-06-26T22:57:16.847+0000] {dag.py:3239} INFO - Sync 1 DAGs
[2025-06-26T22:57:16.873+0000] {logging_mixin.py:190} INFO - [2025-06-26T22:57:16.872+0000] {dag.py:4180} INFO - Setting next_dagrun for example_setup_teardown to None, run_after=None
[2025-06-26T22:57:16.930+0000] {processor.py:208} INFO - Processing /home/airflow/.local/lib/python3.12/site-packages/airflow/example_dags/example_setup_teardown.py took 0.308 seconds
[2025-06-26T22:58:11.711+0000] {processor.py:186} INFO - Started process (PID=353) to work on /home/airflow/.local/lib/python3.12/site-packages/airflow/example_dags/example_setup_teardown.py
[2025-06-26T22:58:11.716+0000] {processor.py:914} INFO - Processing file /home/airflow/.local/lib/python3.12/site-packages/airflow/example_dags/example_setup_teardown.py for tasks to queue
[2025-06-26T22:58:11.723+0000] {logging_mixin.py:190} INFO - [2025-06-26T22:58:11.721+0000] {dagbag.py:588} INFO - Filling up the DagBag from /home/airflow/.local/lib/python3.12/site-packages/airflow/example_dags/example_setup_teardown.py
[2025-06-26T22:58:11.790+0000] {processor.py:925} INFO - DAG(s) 'example_setup_teardown' retrieved from /home/airflow/.local/lib/python3.12/site-packages/airflow/example_dags/example_setup_teardown.py
[2025-06-26T22:58:11.923+0000] {logging_mixin.py:190} INFO - [2025-06-26T22:58:11.922+0000] {dag.py:3239} INFO - Sync 1 DAGs
[2025-06-26T22:58:11.998+0000] {logging_mixin.py:190} INFO - [2025-06-26T22:58:11.998+0000] {dag.py:4180} INFO - Setting next_dagrun for example_setup_teardown to None, run_after=None
[2025-06-26T22:58:12.073+0000] {processor.py:208} INFO - Processing /home/airflow/.local/lib/python3.12/site-packages/airflow/example_dags/example_setup_teardown.py took 0.389 seconds
[2025-06-26T22:58:42.809+0000] {processor.py:186} INFO - Started process (PID=414) to work on /home/airflow/.local/lib/python3.12/site-packages/airflow/example_dags/example_setup_teardown.py
[2025-06-26T22:58:42.810+0000] {processor.py:914} INFO - Processing file /home/airflow/.local/lib/python3.12/site-packages/airflow/example_dags/example_setup_teardown.py for tasks to queue
[2025-06-26T22:58:42.814+0000] {logging_mixin.py:190} INFO - [2025-06-26T22:58:42.813+0000] {dagbag.py:588} INFO - Filling up the DagBag from /home/airflow/.local/lib/python3.12/site-packages/airflow/example_dags/example_setup_teardown.py
[2025-06-26T22:58:42.848+0000] {processor.py:925} INFO - DAG(s) 'example_setup_teardown' retrieved from /home/airflow/.local/lib/python3.12/site-packages/airflow/example_dags/example_setup_teardown.py
[2025-06-26T22:58:42.954+0000] {logging_mixin.py:190} INFO - [2025-06-26T22:58:42.951+0000] {dag.py:3239} INFO - Sync 1 DAGs
[2025-06-26T22:58:42.985+0000] {logging_mixin.py:190} INFO - [2025-06-26T22:58:42.984+0000] {dag.py:4180} INFO - Setting next_dagrun for example_setup_teardown to None, run_after=None
[2025-06-26T22:58:43.083+0000] {processor.py:208} INFO - Processing /home/airflow/.local/lib/python3.12/site-packages/airflow/example_dags/example_setup_teardown.py took 0.292 seconds
[2025-06-26T22:59:13.740+0000] {processor.py:186} INFO - Started process (PID=476) to work on /home/airflow/.local/lib/python3.12/site-packages/airflow/example_dags/example_setup_teardown.py
[2025-06-26T22:59:13.741+0000] {processor.py:914} INFO - Processing file /home/airflow/.local/lib/python3.12/site-packages/airflow/example_dags/example_setup_teardown.py for tasks to queue
[2025-06-26T22:59:13.743+0000] {logging_mixin.py:190} INFO - [2025-06-26T22:59:13.743+0000] {dagbag.py:588} INFO - Filling up the DagBag from /home/airflow/.local/lib/python3.12/site-packages/airflow/example_dags/example_setup_teardown.py
[2025-06-26T22:59:13.751+0000] {processor.py:925} INFO - DAG(s) 'example_setup_teardown' retrieved from /home/airflow/.local/lib/python3.12/site-packages/airflow/example_dags/example_setup_teardown.py
[2025-06-26T22:59:13.788+0000] {logging_mixin.py:190} INFO - [2025-06-26T22:59:13.786+0000] {dag.py:3239} INFO - Sync 1 DAGs
[2025-06-26T22:59:13.812+0000] {logging_mixin.py:190} INFO - [2025-06-26T22:59:13.812+0000] {dag.py:4180} INFO - Setting next_dagrun for example_setup_teardown to None, run_after=None
[2025-06-26T22:59:13.847+0000] {processor.py:208} INFO - Processing /home/airflow/.local/lib/python3.12/site-packages/airflow/example_dags/example_setup_teardown.py took 0.118 seconds
[2025-06-26T22:59:45.204+0000] {processor.py:186} INFO - Started process (PID=537) to work on /home/airflow/.local/lib/python3.12/site-packages/airflow/example_dags/example_setup_teardown.py
[2025-06-26T22:59:45.211+0000] {processor.py:914} INFO - Processing file /home/airflow/.local/lib/python3.12/site-packages/airflow/example_dags/example_setup_teardown.py for tasks to queue
[2025-06-26T22:59:45.219+0000] {logging_mixin.py:190} INFO - [2025-06-26T22:59:45.219+0000] {dagbag.py:588} INFO - Filling up the DagBag from /home/airflow/.local/lib/python3.12/site-packages/airflow/example_dags/example_setup_teardown.py
[2025-06-26T22:59:45.282+0000] {processor.py:925} INFO - DAG(s) 'example_setup_teardown' retrieved from /home/airflow/.local/lib/python3.12/site-packages/airflow/example_dags/example_setup_teardown.py
[2025-06-26T22:59:45.393+0000] {logging_mixin.py:190} INFO - [2025-06-26T22:59:45.392+0000] {dag.py:3239} INFO - Sync 1 DAGs
[2025-06-26T22:59:45.473+0000] {logging_mixin.py:190} INFO - [2025-06-26T22:59:45.472+0000] {dag.py:4180} INFO - Setting next_dagrun for example_setup_teardown to None, run_after=None
[2025-06-26T22:59:45.691+0000] {processor.py:208} INFO - Processing /home/airflow/.local/lib/python3.12/site-packages/airflow/example_dags/example_setup_teardown.py took 0.499 seconds
[2025-06-26T23:00:18.777+0000] {processor.py:186} INFO - Started process (PID=599) to work on /home/airflow/.local/lib/python3.12/site-packages/airflow/example_dags/example_setup_teardown.py
[2025-06-26T23:00:18.779+0000] {processor.py:914} INFO - Processing file /home/airflow/.local/lib/python3.12/site-packages/airflow/example_dags/example_setup_teardown.py for tasks to queue
[2025-06-26T23:00:18.781+0000] {logging_mixin.py:190} INFO - [2025-06-26T23:00:18.781+0000] {dagbag.py:588} INFO - Filling up the DagBag from /home/airflow/.local/lib/python3.12/site-packages/airflow/example_dags/example_setup_teardown.py
[2025-06-26T23:00:18.788+0000] {processor.py:925} INFO - DAG(s) 'example_setup_teardown' retrieved from /home/airflow/.local/lib/python3.12/site-packages/airflow/example_dags/example_setup_teardown.py
[2025-06-26T23:00:18.869+0000] {logging_mixin.py:190} INFO - [2025-06-26T23:00:18.868+0000] {dag.py:3239} INFO - Sync 1 DAGs
[2025-06-26T23:00:18.902+0000] {logging_mixin.py:190} INFO - [2025-06-26T23:00:18.902+0000] {dag.py:4180} INFO - Setting next_dagrun for example_setup_teardown to None, run_after=None
[2025-06-26T23:00:18.984+0000] {processor.py:208} INFO - Processing /home/airflow/.local/lib/python3.12/site-packages/airflow/example_dags/example_setup_teardown.py took 0.212 seconds
[2025-06-26T23:00:49.384+0000] {processor.py:186} INFO - Started process (PID=661) to work on /home/airflow/.local/lib/python3.12/site-packages/airflow/example_dags/example_setup_teardown.py
[2025-06-26T23:00:49.385+0000] {processor.py:914} INFO - Processing file /home/airflow/.local/lib/python3.12/site-packages/airflow/example_dags/example_setup_teardown.py for tasks to queue
[2025-06-26T23:00:49.388+0000] {logging_mixin.py:190} INFO - [2025-06-26T23:00:49.387+0000] {dagbag.py:588} INFO - Filling up the DagBag from /home/airflow/.local/lib/python3.12/site-packages/airflow/example_dags/example_setup_teardown.py
[2025-06-26T23:00:49.397+0000] {processor.py:925} INFO - DAG(s) 'example_setup_teardown' retrieved from /home/airflow/.local/lib/python3.12/site-packages/airflow/example_dags/example_setup_teardown.py
[2025-06-26T23:00:49.413+0000] {logging_mixin.py:190} INFO - [2025-06-26T23:00:49.412+0000] {dag.py:3239} INFO - Sync 1 DAGs
[2025-06-26T23:00:49.421+0000] {logging_mixin.py:190} INFO - [2025-06-26T23:00:49.421+0000] {dag.py:4180} INFO - Setting next_dagrun for example_setup_teardown to None, run_after=None
[2025-06-26T23:00:49.438+0000] {processor.py:208} INFO - Processing /home/airflow/.local/lib/python3.12/site-packages/airflow/example_dags/example_setup_teardown.py took 0.059 seconds
[2025-06-26T23:01:20.049+0000] {processor.py:186} INFO - Started process (PID=723) to work on /home/airflow/.local/lib/python3.12/site-packages/airflow/example_dags/example_setup_teardown.py
[2025-06-26T23:01:20.050+0000] {processor.py:914} INFO - Processing file /home/airflow/.local/lib/python3.12/site-packages/airflow/example_dags/example_setup_teardown.py for tasks to queue
[2025-06-26T23:01:20.051+0000] {logging_mixin.py:190} INFO - [2025-06-26T23:01:20.051+0000] {dagbag.py:588} INFO - Filling up the DagBag from /home/airflow/.local/lib/python3.12/site-packages/airflow/example_dags/example_setup_teardown.py
[2025-06-26T23:01:20.059+0000] {processor.py:925} INFO - DAG(s) 'example_setup_teardown' retrieved from /home/airflow/.local/lib/python3.12/site-packages/airflow/example_dags/example_setup_teardown.py
[2025-06-26T23:01:20.083+0000] {logging_mixin.py:190} INFO - [2025-06-26T23:01:20.083+0000] {dag.py:3239} INFO - Sync 1 DAGs
[2025-06-26T23:01:20.096+0000] {logging_mixin.py:190} INFO - [2025-06-26T23:01:20.096+0000] {dag.py:4180} INFO - Setting next_dagrun for example_setup_teardown to None, run_after=None
[2025-06-26T23:01:20.106+0000] {processor.py:208} INFO - Processing /home/airflow/.local/lib/python3.12/site-packages/airflow/example_dags/example_setup_teardown.py took 0.064 seconds
[2025-06-26T23:01:52.398+0000] {processor.py:186} INFO - Started process (PID=763) to work on /home/airflow/.local/lib/python3.12/site-packages/airflow/example_dags/example_setup_teardown.py
[2025-06-26T23:01:52.401+0000] {processor.py:914} INFO - Processing file /home/airflow/.local/lib/python3.12/site-packages/airflow/example_dags/example_setup_teardown.py for tasks to queue
[2025-06-26T23:01:52.405+0000] {logging_mixin.py:190} INFO - [2025-06-26T23:01:52.405+0000] {dagbag.py:588} INFO - Filling up the DagBag from /home/airflow/.local/lib/python3.12/site-packages/airflow/example_dags/example_setup_teardown.py
[2025-06-26T23:01:52.426+0000] {processor.py:925} INFO - DAG(s) 'example_setup_teardown' retrieved from /home/airflow/.local/lib/python3.12/site-packages/airflow/example_dags/example_setup_teardown.py
[2025-06-26T23:01:52.446+0000] {logging_mixin.py:190} INFO - [2025-06-26T23:01:52.446+0000] {dag.py:3239} INFO - Sync 1 DAGs
[2025-06-26T23:01:52.462+0000] {logging_mixin.py:190} INFO - [2025-06-26T23:01:52.462+0000] {dag.py:4180} INFO - Setting next_dagrun for example_setup_teardown to None, run_after=None
[2025-06-26T23:01:52.489+0000] {processor.py:208} INFO - Processing /home/airflow/.local/lib/python3.12/site-packages/airflow/example_dags/example_setup_teardown.py took 0.096 seconds
[2025-06-26T23:02:23.643+0000] {processor.py:186} INFO - Started process (PID=825) to work on /home/airflow/.local/lib/python3.12/site-packages/airflow/example_dags/example_setup_teardown.py
[2025-06-26T23:02:23.644+0000] {processor.py:914} INFO - Processing file /home/airflow/.local/lib/python3.12/site-packages/airflow/example_dags/example_setup_teardown.py for tasks to queue
[2025-06-26T23:02:23.648+0000] {logging_mixin.py:190} INFO - [2025-06-26T23:02:23.647+0000] {dagbag.py:588} INFO - Filling up the DagBag from /home/airflow/.local/lib/python3.12/site-packages/airflow/example_dags/example_setup_teardown.py
[2025-06-26T23:02:23.666+0000] {processor.py:925} INFO - DAG(s) 'example_setup_teardown' retrieved from /home/airflow/.local/lib/python3.12/site-packages/airflow/example_dags/example_setup_teardown.py
[2025-06-26T23:02:23.723+0000] {logging_mixin.py:190} INFO - [2025-06-26T23:02:23.723+0000] {dag.py:3239} INFO - Sync 1 DAGs
[2025-06-26T23:02:23.744+0000] {logging_mixin.py:190} INFO - [2025-06-26T23:02:23.743+0000] {dag.py:4180} INFO - Setting next_dagrun for example_setup_teardown to None, run_after=None
[2025-06-26T23:02:23.760+0000] {processor.py:208} INFO - Processing /home/airflow/.local/lib/python3.12/site-packages/airflow/example_dags/example_setup_teardown.py took 0.126 seconds
[2025-06-26T23:02:55.987+0000] {processor.py:186} INFO - Started process (PID=884) to work on /home/airflow/.local/lib/python3.12/site-packages/airflow/example_dags/example_setup_teardown.py
[2025-06-26T23:02:55.988+0000] {processor.py:914} INFO - Processing file /home/airflow/.local/lib/python3.12/site-packages/airflow/example_dags/example_setup_teardown.py for tasks to queue
[2025-06-26T23:02:55.992+0000] {logging_mixin.py:190} INFO - [2025-06-26T23:02:55.992+0000] {dagbag.py:588} INFO - Filling up the DagBag from /home/airflow/.local/lib/python3.12/site-packages/airflow/example_dags/example_setup_teardown.py
[2025-06-26T23:02:56.000+0000] {processor.py:925} INFO - DAG(s) 'example_setup_teardown' retrieved from /home/airflow/.local/lib/python3.12/site-packages/airflow/example_dags/example_setup_teardown.py
[2025-06-26T23:02:56.018+0000] {logging_mixin.py:190} INFO - [2025-06-26T23:02:56.018+0000] {dag.py:3239} INFO - Sync 1 DAGs
[2025-06-26T23:02:56.029+0000] {logging_mixin.py:190} INFO - [2025-06-26T23:02:56.028+0000] {dag.py:4180} INFO - Setting next_dagrun for example_setup_teardown to None, run_after=None
[2025-06-26T23:02:56.042+0000] {processor.py:208} INFO - Processing /home/airflow/.local/lib/python3.12/site-packages/airflow/example_dags/example_setup_teardown.py took 0.059 seconds
[2025-06-26T23:03:42.395+0000] {processor.py:186} INFO - Started process (PID=944) to work on /home/airflow/.local/lib/python3.12/site-packages/airflow/example_dags/example_setup_teardown.py
[2025-06-26T23:03:42.399+0000] {processor.py:914} INFO - Processing file /home/airflow/.local/lib/python3.12/site-packages/airflow/example_dags/example_setup_teardown.py for tasks to queue
[2025-06-26T23:03:42.401+0000] {logging_mixin.py:190} INFO - [2025-06-26T23:03:42.401+0000] {dagbag.py:588} INFO - Filling up the DagBag from /home/airflow/.local/lib/python3.12/site-packages/airflow/example_dags/example_setup_teardown.py
[2025-06-26T23:03:42.412+0000] {processor.py:925} INFO - DAG(s) 'example_setup_teardown' retrieved from /home/airflow/.local/lib/python3.12/site-packages/airflow/example_dags/example_setup_teardown.py
[2025-06-26T23:03:42.445+0000] {logging_mixin.py:190} INFO - [2025-06-26T23:03:42.444+0000] {dag.py:3239} INFO - Sync 1 DAGs
[2025-06-26T23:03:42.482+0000] {logging_mixin.py:190} INFO - [2025-06-26T23:03:42.482+0000] {dag.py:4180} INFO - Setting next_dagrun for example_setup_teardown to None, run_after=None
[2025-06-26T23:03:42.505+0000] {processor.py:208} INFO - Processing /home/airflow/.local/lib/python3.12/site-packages/airflow/example_dags/example_setup_teardown.py took 0.114 seconds
[2025-06-26T23:04:35.068+0000] {processor.py:186} INFO - Started process (PID=1017) to work on /home/airflow/.local/lib/python3.12/site-packages/airflow/example_dags/example_setup_teardown.py
[2025-06-26T23:04:35.070+0000] {processor.py:914} INFO - Processing file /home/airflow/.local/lib/python3.12/site-packages/airflow/example_dags/example_setup_teardown.py for tasks to queue
[2025-06-26T23:04:35.072+0000] {logging_mixin.py:190} INFO - [2025-06-26T23:04:35.072+0000] {dagbag.py:588} INFO - Filling up the DagBag from /home/airflow/.local/lib/python3.12/site-packages/airflow/example_dags/example_setup_teardown.py
[2025-06-26T23:04:35.081+0000] {processor.py:925} INFO - DAG(s) 'example_setup_teardown' retrieved from /home/airflow/.local/lib/python3.12/site-packages/airflow/example_dags/example_setup_teardown.py
[2025-06-26T23:04:35.112+0000] {logging_mixin.py:190} INFO - [2025-06-26T23:04:35.112+0000] {dag.py:3239} INFO - Sync 1 DAGs
[2025-06-26T23:04:35.135+0000] {logging_mixin.py:190} INFO - [2025-06-26T23:04:35.135+0000] {dag.py:4180} INFO - Setting next_dagrun for example_setup_teardown to None, run_after=None
[2025-06-26T23:04:35.155+0000] {processor.py:208} INFO - Processing /home/airflow/.local/lib/python3.12/site-packages/airflow/example_dags/example_setup_teardown.py took 0.092 seconds
[2025-06-26T23:05:11.771+0000] {processor.py:186} INFO - Started process (PID=1078) to work on /home/airflow/.local/lib/python3.12/site-packages/airflow/example_dags/example_setup_teardown.py
[2025-06-26T23:05:11.772+0000] {processor.py:914} INFO - Processing file /home/airflow/.local/lib/python3.12/site-packages/airflow/example_dags/example_setup_teardown.py for tasks to queue
[2025-06-26T23:05:11.777+0000] {logging_mixin.py:190} INFO - [2025-06-26T23:05:11.776+0000] {dagbag.py:588} INFO - Filling up the DagBag from /home/airflow/.local/lib/python3.12/site-packages/airflow/example_dags/example_setup_teardown.py
[2025-06-26T23:05:11.787+0000] {processor.py:925} INFO - DAG(s) 'example_setup_teardown' retrieved from /home/airflow/.local/lib/python3.12/site-packages/airflow/example_dags/example_setup_teardown.py
[2025-06-26T23:05:11.808+0000] {logging_mixin.py:190} INFO - [2025-06-26T23:05:11.808+0000] {dag.py:3239} INFO - Sync 1 DAGs
[2025-06-26T23:05:11.821+0000] {logging_mixin.py:190} INFO - [2025-06-26T23:05:11.821+0000] {dag.py:4180} INFO - Setting next_dagrun for example_setup_teardown to None, run_after=None
[2025-06-26T23:05:11.840+0000] {processor.py:208} INFO - Processing /home/airflow/.local/lib/python3.12/site-packages/airflow/example_dags/example_setup_teardown.py took 0.076 seconds
[2025-06-26T23:05:42.824+0000] {processor.py:186} INFO - Started process (PID=1140) to work on /home/airflow/.local/lib/python3.12/site-packages/airflow/example_dags/example_setup_teardown.py
[2025-06-26T23:05:42.825+0000] {processor.py:914} INFO - Processing file /home/airflow/.local/lib/python3.12/site-packages/airflow/example_dags/example_setup_teardown.py for tasks to queue
[2025-06-26T23:05:42.827+0000] {logging_mixin.py:190} INFO - [2025-06-26T23:05:42.827+0000] {dagbag.py:588} INFO - Filling up the DagBag from /home/airflow/.local/lib/python3.12/site-packages/airflow/example_dags/example_setup_teardown.py
[2025-06-26T23:05:42.837+0000] {processor.py:925} INFO - DAG(s) 'example_setup_teardown' retrieved from /home/airflow/.local/lib/python3.12/site-packages/airflow/example_dags/example_setup_teardown.py
[2025-06-26T23:05:42.856+0000] {logging_mixin.py:190} INFO - [2025-06-26T23:05:42.856+0000] {dag.py:3239} INFO - Sync 1 DAGs
[2025-06-26T23:05:42.869+0000] {logging_mixin.py:190} INFO - [2025-06-26T23:05:42.869+0000] {dag.py:4180} INFO - Setting next_dagrun for example_setup_teardown to None, run_after=None
[2025-06-26T23:05:42.889+0000] {processor.py:208} INFO - Processing /home/airflow/.local/lib/python3.12/site-packages/airflow/example_dags/example_setup_teardown.py took 0.072 seconds
[2025-06-26T23:06:19.102+0000] {processor.py:186} INFO - Started process (PID=1202) to work on /home/airflow/.local/lib/python3.12/site-packages/airflow/example_dags/example_setup_teardown.py
[2025-06-26T23:06:19.103+0000] {processor.py:914} INFO - Processing file /home/airflow/.local/lib/python3.12/site-packages/airflow/example_dags/example_setup_teardown.py for tasks to queue
[2025-06-26T23:06:19.106+0000] {logging_mixin.py:190} INFO - [2025-06-26T23:06:19.105+0000] {dagbag.py:588} INFO - Filling up the DagBag from /home/airflow/.local/lib/python3.12/site-packages/airflow/example_dags/example_setup_teardown.py
[2025-06-26T23:06:19.112+0000] {processor.py:925} INFO - DAG(s) 'example_setup_teardown' retrieved from /home/airflow/.local/lib/python3.12/site-packages/airflow/example_dags/example_setup_teardown.py
[2025-06-26T23:06:19.132+0000] {logging_mixin.py:190} INFO - [2025-06-26T23:06:19.132+0000] {dag.py:3239} INFO - Sync 1 DAGs
[2025-06-26T23:06:19.150+0000] {logging_mixin.py:190} INFO - [2025-06-26T23:06:19.150+0000] {dag.py:4180} INFO - Setting next_dagrun for example_setup_teardown to None, run_after=None
[2025-06-26T23:06:19.173+0000] {processor.py:208} INFO - Processing /home/airflow/.local/lib/python3.12/site-packages/airflow/example_dags/example_setup_teardown.py took 0.076 seconds
[2025-06-26T23:06:49.292+0000] {processor.py:186} INFO - Started process (PID=1264) to work on /home/airflow/.local/lib/python3.12/site-packages/airflow/example_dags/example_setup_teardown.py
[2025-06-26T23:06:49.293+0000] {processor.py:914} INFO - Processing file /home/airflow/.local/lib/python3.12/site-packages/airflow/example_dags/example_setup_teardown.py for tasks to queue
[2025-06-26T23:06:49.294+0000] {logging_mixin.py:190} INFO - [2025-06-26T23:06:49.294+0000] {dagbag.py:588} INFO - Filling up the DagBag from /home/airflow/.local/lib/python3.12/site-packages/airflow/example_dags/example_setup_teardown.py
[2025-06-26T23:06:49.300+0000] {processor.py:925} INFO - DAG(s) 'example_setup_teardown' retrieved from /home/airflow/.local/lib/python3.12/site-packages/airflow/example_dags/example_setup_teardown.py
[2025-06-26T23:06:49.315+0000] {logging_mixin.py:190} INFO - [2025-06-26T23:06:49.315+0000] {dag.py:3239} INFO - Sync 1 DAGs
[2025-06-26T23:06:49.326+0000] {logging_mixin.py:190} INFO - [2025-06-26T23:06:49.326+0000] {dag.py:4180} INFO - Setting next_dagrun for example_setup_teardown to None, run_after=None
[2025-06-26T23:06:49.342+0000] {processor.py:208} INFO - Processing /home/airflow/.local/lib/python3.12/site-packages/airflow/example_dags/example_setup_teardown.py took 0.055 seconds
[2025-06-26T23:07:19.757+0000] {processor.py:186} INFO - Started process (PID=1326) to work on /home/airflow/.local/lib/python3.12/site-packages/airflow/example_dags/example_setup_teardown.py
[2025-06-26T23:07:19.759+0000] {processor.py:914} INFO - Processing file /home/airflow/.local/lib/python3.12/site-packages/airflow/example_dags/example_setup_teardown.py for tasks to queue
[2025-06-26T23:07:19.761+0000] {logging_mixin.py:190} INFO - [2025-06-26T23:07:19.761+0000] {dagbag.py:588} INFO - Filling up the DagBag from /home/airflow/.local/lib/python3.12/site-packages/airflow/example_dags/example_setup_teardown.py
[2025-06-26T23:07:19.772+0000] {processor.py:925} INFO - DAG(s) 'example_setup_teardown' retrieved from /home/airflow/.local/lib/python3.12/site-packages/airflow/example_dags/example_setup_teardown.py
[2025-06-26T23:07:19.792+0000] {logging_mixin.py:190} INFO - [2025-06-26T23:07:19.792+0000] {dag.py:3239} INFO - Sync 1 DAGs
[2025-06-26T23:07:19.807+0000] {logging_mixin.py:190} INFO - [2025-06-26T23:07:19.806+0000] {dag.py:4180} INFO - Setting next_dagrun for example_setup_teardown to None, run_after=None
[2025-06-26T23:07:19.826+0000] {processor.py:208} INFO - Processing /home/airflow/.local/lib/python3.12/site-packages/airflow/example_dags/example_setup_teardown.py took 0.080 seconds
