[2025-06-26T22:55:33.029+0000] {processor.py:186} INFO - Started process (PID=79) to work on /home/airflow/.local/lib/python3.12/site-packages/airflow/example_dags/example_nested_branch_dag.py
[2025-06-26T22:55:33.032+0000] {processor.py:914} INFO - Processing file /home/airflow/.local/lib/python3.12/site-packages/airflow/example_dags/example_nested_branch_dag.py for tasks to queue
[2025-06-26T22:55:33.035+0000] {logging_mixin.py:190} INFO - [2025-06-26T22:55:33.034+0000] {dagbag.py:588} INFO - Filling up the DagBag from /home/airflow/.local/lib/python3.12/site-packages/airflow/example_dags/example_nested_branch_dag.py
[2025-06-26T22:55:33.052+0000] {processor.py:925} INFO - DAG(s) 'example_nested_branch_dag' retrieved from /home/airflow/.local/lib/python3.12/site-packages/airflow/example_dags/example_nested_branch_dag.py
[2025-06-26T22:55:33.200+0000] {logging_mixin.py:190} INFO - [2025-06-26T22:55:33.199+0000] {override.py:1900} INFO - Created Permission View: can read on DAG:example_nested_branch_dag
[2025-06-26T22:55:33.207+0000] {logging_mixin.py:190} INFO - [2025-06-26T22:55:33.206+0000] {override.py:1900} INFO - Created Permission View: can delete on DAG:example_nested_branch_dag
[2025-06-26T22:55:33.212+0000] {logging_mixin.py:190} INFO - [2025-06-26T22:55:33.212+0000] {override.py:1900} INFO - Created Permission View: can edit on DAG:example_nested_branch_dag
[2025-06-26T22:55:33.216+0000] {logging_mixin.py:190} INFO - [2025-06-26T22:55:33.216+0000] {override.py:1900} INFO - Created Permission View: can read on DAG Run:example_nested_branch_dag
[2025-06-26T22:55:33.221+0000] {logging_mixin.py:190} INFO - [2025-06-26T22:55:33.221+0000] {override.py:1900} INFO - Created Permission View: menu access on DAG Run:example_nested_branch_dag
[2025-06-26T22:55:33.226+0000] {logging_mixin.py:190} INFO - [2025-06-26T22:55:33.225+0000] {override.py:1900} INFO - Created Permission View: can delete on DAG Run:example_nested_branch_dag
[2025-06-26T22:55:33.235+0000] {logging_mixin.py:190} INFO - [2025-06-26T22:55:33.234+0000] {override.py:1900} INFO - Created Permission View: can create on DAG Run:example_nested_branch_dag
[2025-06-26T22:55:33.237+0000] {logging_mixin.py:190} INFO - [2025-06-26T22:55:33.236+0000] {dag.py:3239} INFO - Sync 1 DAGs
[2025-06-26T22:55:33.269+0000] {logging_mixin.py:190} INFO - [2025-06-26T22:55:33.269+0000] {dag.py:3262} INFO - Creating ORM DAG for example_nested_branch_dag
[2025-06-26T22:55:33.281+0000] {logging_mixin.py:190} INFO - [2025-06-26T22:55:33.281+0000] {dag.py:4180} INFO - Setting next_dagrun for example_nested_branch_dag to 2025-06-25 00:00:00+00:00, run_after=2025-06-26 00:00:00+00:00
[2025-06-26T22:55:33.306+0000] {processor.py:208} INFO - Processing /home/airflow/.local/lib/python3.12/site-packages/airflow/example_dags/example_nested_branch_dag.py took 0.286 seconds
[2025-06-26T22:56:04.130+0000] {processor.py:186} INFO - Started process (PID=141) to work on /home/airflow/.local/lib/python3.12/site-packages/airflow/example_dags/example_nested_branch_dag.py
[2025-06-26T22:56:04.140+0000] {processor.py:914} INFO - Processing file /home/airflow/.local/lib/python3.12/site-packages/airflow/example_dags/example_nested_branch_dag.py for tasks to queue
[2025-06-26T22:56:04.185+0000] {logging_mixin.py:190} INFO - [2025-06-26T22:56:04.179+0000] {dagbag.py:588} INFO - Filling up the DagBag from /home/airflow/.local/lib/python3.12/site-packages/airflow/example_dags/example_nested_branch_dag.py
[2025-06-26T22:56:04.413+0000] {processor.py:925} INFO - DAG(s) 'example_nested_branch_dag' retrieved from /home/airflow/.local/lib/python3.12/site-packages/airflow/example_dags/example_nested_branch_dag.py
[2025-06-26T22:56:04.590+0000] {logging_mixin.py:190} INFO - [2025-06-26T22:56:04.588+0000] {dag.py:3239} INFO - Sync 1 DAGs
[2025-06-26T22:56:04.685+0000] {logging_mixin.py:190} INFO - [2025-06-26T22:56:04.684+0000] {dag.py:4180} INFO - Setting next_dagrun for example_nested_branch_dag to 2025-06-25 00:00:00+00:00, run_after=2025-06-26 00:00:00+00:00
[2025-06-26T22:56:04.734+0000] {processor.py:208} INFO - Processing /home/airflow/.local/lib/python3.12/site-packages/airflow/example_dags/example_nested_branch_dag.py took 0.626 seconds
[2025-06-26T22:56:35.348+0000] {processor.py:186} INFO - Started process (PID=203) to work on /home/airflow/.local/lib/python3.12/site-packages/airflow/example_dags/example_nested_branch_dag.py
[2025-06-26T22:56:35.350+0000] {processor.py:914} INFO - Processing file /home/airflow/.local/lib/python3.12/site-packages/airflow/example_dags/example_nested_branch_dag.py for tasks to queue
[2025-06-26T22:56:35.355+0000] {logging_mixin.py:190} INFO - [2025-06-26T22:56:35.354+0000] {dagbag.py:588} INFO - Filling up the DagBag from /home/airflow/.local/lib/python3.12/site-packages/airflow/example_dags/example_nested_branch_dag.py
[2025-06-26T22:56:35.367+0000] {processor.py:925} INFO - DAG(s) 'example_nested_branch_dag' retrieved from /home/airflow/.local/lib/python3.12/site-packages/airflow/example_dags/example_nested_branch_dag.py
[2025-06-26T22:56:35.397+0000] {logging_mixin.py:190} INFO - [2025-06-26T22:56:35.397+0000] {dag.py:3239} INFO - Sync 1 DAGs
[2025-06-26T22:56:35.432+0000] {logging_mixin.py:190} INFO - [2025-06-26T22:56:35.432+0000] {dag.py:4180} INFO - Setting next_dagrun for example_nested_branch_dag to 2025-06-25 00:00:00+00:00, run_after=2025-06-26 00:00:00+00:00
[2025-06-26T22:56:35.456+0000] {processor.py:208} INFO - Processing /home/airflow/.local/lib/python3.12/site-packages/airflow/example_dags/example_nested_branch_dag.py took 0.127 seconds
[2025-06-26T22:57:10.305+0000] {processor.py:186} INFO - Started process (PID=271) to work on /home/airflow/.local/lib/python3.12/site-packages/airflow/example_dags/example_nested_branch_dag.py
[2025-06-26T22:57:10.321+0000] {processor.py:914} INFO - Processing file /home/airflow/.local/lib/python3.12/site-packages/airflow/example_dags/example_nested_branch_dag.py for tasks to queue
[2025-06-26T22:57:10.361+0000] {logging_mixin.py:190} INFO - [2025-06-26T22:57:10.348+0000] {dagbag.py:588} INFO - Filling up the DagBag from /home/airflow/.local/lib/python3.12/site-packages/airflow/example_dags/example_nested_branch_dag.py
[2025-06-26T22:57:10.513+0000] {processor.py:925} INFO - DAG(s) 'example_nested_branch_dag' retrieved from /home/airflow/.local/lib/python3.12/site-packages/airflow/example_dags/example_nested_branch_dag.py
[2025-06-26T22:57:10.754+0000] {logging_mixin.py:190} INFO - [2025-06-26T22:57:10.746+0000] {dag.py:3239} INFO - Sync 1 DAGs
[2025-06-26T22:57:10.871+0000] {logging_mixin.py:190} INFO - [2025-06-26T22:57:10.870+0000] {dag.py:4180} INFO - Setting next_dagrun for example_nested_branch_dag to 2025-06-25 00:00:00+00:00, run_after=2025-06-26 00:00:00+00:00
[2025-06-26T22:57:10.993+0000] {processor.py:208} INFO - Processing /home/airflow/.local/lib/python3.12/site-packages/airflow/example_dags/example_nested_branch_dag.py took 0.797 seconds
[2025-06-26T22:57:58.277+0000] {processor.py:186} INFO - Started process (PID=333) to work on /home/airflow/.local/lib/python3.12/site-packages/airflow/example_dags/example_nested_branch_dag.py
[2025-06-26T22:57:58.280+0000] {processor.py:914} INFO - Processing file /home/airflow/.local/lib/python3.12/site-packages/airflow/example_dags/example_nested_branch_dag.py for tasks to queue
[2025-06-26T22:57:58.294+0000] {logging_mixin.py:190} INFO - [2025-06-26T22:57:58.292+0000] {dagbag.py:588} INFO - Filling up the DagBag from /home/airflow/.local/lib/python3.12/site-packages/airflow/example_dags/example_nested_branch_dag.py
[2025-06-26T22:57:58.423+0000] {processor.py:925} INFO - DAG(s) 'example_nested_branch_dag' retrieved from /home/airflow/.local/lib/python3.12/site-packages/airflow/example_dags/example_nested_branch_dag.py
[2025-06-26T22:57:58.539+0000] {logging_mixin.py:190} INFO - [2025-06-26T22:57:58.537+0000] {dag.py:3239} INFO - Sync 1 DAGs
[2025-06-26T22:57:58.602+0000] {logging_mixin.py:190} INFO - [2025-06-26T22:57:58.602+0000] {dag.py:4180} INFO - Setting next_dagrun for example_nested_branch_dag to 2025-06-25 00:00:00+00:00, run_after=2025-06-26 00:00:00+00:00
[2025-06-26T22:57:58.629+0000] {processor.py:208} INFO - Processing /home/airflow/.local/lib/python3.12/site-packages/airflow/example_dags/example_nested_branch_dag.py took 0.393 seconds
[2025-06-26T22:58:29.376+0000] {processor.py:186} INFO - Started process (PID=395) to work on /home/airflow/.local/lib/python3.12/site-packages/airflow/example_dags/example_nested_branch_dag.py
[2025-06-26T22:58:29.382+0000] {processor.py:914} INFO - Processing file /home/airflow/.local/lib/python3.12/site-packages/airflow/example_dags/example_nested_branch_dag.py for tasks to queue
[2025-06-26T22:58:29.389+0000] {logging_mixin.py:190} INFO - [2025-06-26T22:58:29.388+0000] {dagbag.py:588} INFO - Filling up the DagBag from /home/airflow/.local/lib/python3.12/site-packages/airflow/example_dags/example_nested_branch_dag.py
[2025-06-26T22:58:29.427+0000] {processor.py:925} INFO - DAG(s) 'example_nested_branch_dag' retrieved from /home/airflow/.local/lib/python3.12/site-packages/airflow/example_dags/example_nested_branch_dag.py
[2025-06-26T22:58:29.469+0000] {logging_mixin.py:190} INFO - [2025-06-26T22:58:29.468+0000] {dag.py:3239} INFO - Sync 1 DAGs
[2025-06-26T22:58:29.516+0000] {logging_mixin.py:190} INFO - [2025-06-26T22:58:29.516+0000] {dag.py:4180} INFO - Setting next_dagrun for example_nested_branch_dag to 2025-06-25 00:00:00+00:00, run_after=2025-06-26 00:00:00+00:00
[2025-06-26T22:58:29.551+0000] {processor.py:208} INFO - Processing /home/airflow/.local/lib/python3.12/site-packages/airflow/example_dags/example_nested_branch_dag.py took 0.186 seconds
[2025-06-26T22:59:06.050+0000] {processor.py:186} INFO - Started process (PID=457) to work on /home/airflow/.local/lib/python3.12/site-packages/airflow/example_dags/example_nested_branch_dag.py
[2025-06-26T22:59:06.056+0000] {processor.py:914} INFO - Processing file /home/airflow/.local/lib/python3.12/site-packages/airflow/example_dags/example_nested_branch_dag.py for tasks to queue
[2025-06-26T22:59:06.062+0000] {logging_mixin.py:190} INFO - [2025-06-26T22:59:06.061+0000] {dagbag.py:588} INFO - Filling up the DagBag from /home/airflow/.local/lib/python3.12/site-packages/airflow/example_dags/example_nested_branch_dag.py
[2025-06-26T22:59:06.082+0000] {processor.py:925} INFO - DAG(s) 'example_nested_branch_dag' retrieved from /home/airflow/.local/lib/python3.12/site-packages/airflow/example_dags/example_nested_branch_dag.py
[2025-06-26T22:59:06.129+0000] {logging_mixin.py:190} INFO - [2025-06-26T22:59:06.129+0000] {dag.py:3239} INFO - Sync 1 DAGs
[2025-06-26T22:59:06.168+0000] {logging_mixin.py:190} INFO - [2025-06-26T22:59:06.168+0000] {dag.py:4180} INFO - Setting next_dagrun for example_nested_branch_dag to 2025-06-25 00:00:00+00:00, run_after=2025-06-26 00:00:00+00:00
[2025-06-26T22:59:06.210+0000] {processor.py:208} INFO - Processing /home/airflow/.local/lib/python3.12/site-packages/airflow/example_dags/example_nested_branch_dag.py took 0.167 seconds
[2025-06-26T22:59:40.658+0000] {processor.py:186} INFO - Started process (PID=495) to work on /home/airflow/.local/lib/python3.12/site-packages/airflow/example_dags/example_nested_branch_dag.py
[2025-06-26T22:59:40.660+0000] {processor.py:914} INFO - Processing file /home/airflow/.local/lib/python3.12/site-packages/airflow/example_dags/example_nested_branch_dag.py for tasks to queue
[2025-06-26T22:59:40.662+0000] {logging_mixin.py:190} INFO - [2025-06-26T22:59:40.662+0000] {dagbag.py:588} INFO - Filling up the DagBag from /home/airflow/.local/lib/python3.12/site-packages/airflow/example_dags/example_nested_branch_dag.py
[2025-06-26T22:59:40.672+0000] {processor.py:925} INFO - DAG(s) 'example_nested_branch_dag' retrieved from /home/airflow/.local/lib/python3.12/site-packages/airflow/example_dags/example_nested_branch_dag.py
[2025-06-26T22:59:40.695+0000] {logging_mixin.py:190} INFO - [2025-06-26T22:59:40.694+0000] {dag.py:3239} INFO - Sync 1 DAGs
[2025-06-26T22:59:40.715+0000] {logging_mixin.py:190} INFO - [2025-06-26T22:59:40.715+0000] {dag.py:4180} INFO - Setting next_dagrun for example_nested_branch_dag to 2025-06-25 00:00:00+00:00, run_after=2025-06-26 00:00:00+00:00
[2025-06-26T22:59:40.731+0000] {processor.py:208} INFO - Processing /home/airflow/.local/lib/python3.12/site-packages/airflow/example_dags/example_nested_branch_dag.py took 0.077 seconds
[2025-06-26T23:00:11.191+0000] {processor.py:186} INFO - Started process (PID=555) to work on /home/airflow/.local/lib/python3.12/site-packages/airflow/example_dags/example_nested_branch_dag.py
[2025-06-26T23:00:11.194+0000] {processor.py:914} INFO - Processing file /home/airflow/.local/lib/python3.12/site-packages/airflow/example_dags/example_nested_branch_dag.py for tasks to queue
[2025-06-26T23:00:11.197+0000] {logging_mixin.py:190} INFO - [2025-06-26T23:00:11.197+0000] {dagbag.py:588} INFO - Filling up the DagBag from /home/airflow/.local/lib/python3.12/site-packages/airflow/example_dags/example_nested_branch_dag.py
[2025-06-26T23:00:11.213+0000] {processor.py:925} INFO - DAG(s) 'example_nested_branch_dag' retrieved from /home/airflow/.local/lib/python3.12/site-packages/airflow/example_dags/example_nested_branch_dag.py
[2025-06-26T23:00:11.246+0000] {logging_mixin.py:190} INFO - [2025-06-26T23:00:11.246+0000] {dag.py:3239} INFO - Sync 1 DAGs
[2025-06-26T23:00:11.278+0000] {logging_mixin.py:190} INFO - [2025-06-26T23:00:11.277+0000] {dag.py:4180} INFO - Setting next_dagrun for example_nested_branch_dag to 2025-06-25 00:00:00+00:00, run_after=2025-06-26 00:00:00+00:00
[2025-06-26T23:00:11.303+0000] {processor.py:208} INFO - Processing /home/airflow/.local/lib/python3.12/site-packages/airflow/example_dags/example_nested_branch_dag.py took 0.120 seconds
[2025-06-26T23:00:44.626+0000] {processor.py:186} INFO - Started process (PID=623) to work on /home/airflow/.local/lib/python3.12/site-packages/airflow/example_dags/example_nested_branch_dag.py
[2025-06-26T23:00:44.630+0000] {processor.py:914} INFO - Processing file /home/airflow/.local/lib/python3.12/site-packages/airflow/example_dags/example_nested_branch_dag.py for tasks to queue
[2025-06-26T23:00:44.632+0000] {logging_mixin.py:190} INFO - [2025-06-26T23:00:44.632+0000] {dagbag.py:588} INFO - Filling up the DagBag from /home/airflow/.local/lib/python3.12/site-packages/airflow/example_dags/example_nested_branch_dag.py
[2025-06-26T23:00:44.642+0000] {processor.py:925} INFO - DAG(s) 'example_nested_branch_dag' retrieved from /home/airflow/.local/lib/python3.12/site-packages/airflow/example_dags/example_nested_branch_dag.py
[2025-06-26T23:00:44.657+0000] {logging_mixin.py:190} INFO - [2025-06-26T23:00:44.656+0000] {dag.py:3239} INFO - Sync 1 DAGs
[2025-06-26T23:00:44.673+0000] {logging_mixin.py:190} INFO - [2025-06-26T23:00:44.673+0000] {dag.py:4180} INFO - Setting next_dagrun for example_nested_branch_dag to 2025-06-25 00:00:00+00:00, run_after=2025-06-26 00:00:00+00:00
[2025-06-26T23:00:44.686+0000] {processor.py:208} INFO - Processing /home/airflow/.local/lib/python3.12/site-packages/airflow/example_dags/example_nested_branch_dag.py took 0.064 seconds
[2025-06-26T23:01:17.304+0000] {processor.py:186} INFO - Started process (PID=685) to work on /home/airflow/.local/lib/python3.12/site-packages/airflow/example_dags/example_nested_branch_dag.py
[2025-06-26T23:01:17.305+0000] {processor.py:914} INFO - Processing file /home/airflow/.local/lib/python3.12/site-packages/airflow/example_dags/example_nested_branch_dag.py for tasks to queue
[2025-06-26T23:01:17.307+0000] {logging_mixin.py:190} INFO - [2025-06-26T23:01:17.307+0000] {dagbag.py:588} INFO - Filling up the DagBag from /home/airflow/.local/lib/python3.12/site-packages/airflow/example_dags/example_nested_branch_dag.py
[2025-06-26T23:01:17.322+0000] {processor.py:925} INFO - DAG(s) 'example_nested_branch_dag' retrieved from /home/airflow/.local/lib/python3.12/site-packages/airflow/example_dags/example_nested_branch_dag.py
[2025-06-26T23:01:17.344+0000] {logging_mixin.py:190} INFO - [2025-06-26T23:01:17.344+0000] {dag.py:3239} INFO - Sync 1 DAGs
[2025-06-26T23:01:17.362+0000] {logging_mixin.py:190} INFO - [2025-06-26T23:01:17.361+0000] {dag.py:4180} INFO - Setting next_dagrun for example_nested_branch_dag to 2025-06-25 00:00:00+00:00, run_after=2025-06-26 00:00:00+00:00
[2025-06-26T23:01:17.376+0000] {processor.py:208} INFO - Processing /home/airflow/.local/lib/python3.12/site-packages/airflow/example_dags/example_nested_branch_dag.py took 0.077 seconds
[2025-06-26T23:01:47.971+0000] {processor.py:186} INFO - Started process (PID=747) to work on /home/airflow/.local/lib/python3.12/site-packages/airflow/example_dags/example_nested_branch_dag.py
[2025-06-26T23:01:47.973+0000] {processor.py:914} INFO - Processing file /home/airflow/.local/lib/python3.12/site-packages/airflow/example_dags/example_nested_branch_dag.py for tasks to queue
[2025-06-26T23:01:47.976+0000] {logging_mixin.py:190} INFO - [2025-06-26T23:01:47.976+0000] {dagbag.py:588} INFO - Filling up the DagBag from /home/airflow/.local/lib/python3.12/site-packages/airflow/example_dags/example_nested_branch_dag.py
[2025-06-26T23:01:48.071+0000] {processor.py:925} INFO - DAG(s) 'example_nested_branch_dag' retrieved from /home/airflow/.local/lib/python3.12/site-packages/airflow/example_dags/example_nested_branch_dag.py
[2025-06-26T23:01:48.192+0000] {logging_mixin.py:190} INFO - [2025-06-26T23:01:48.192+0000] {dag.py:3239} INFO - Sync 1 DAGs
[2025-06-26T23:01:48.227+0000] {logging_mixin.py:190} INFO - [2025-06-26T23:01:48.226+0000] {dag.py:4180} INFO - Setting next_dagrun for example_nested_branch_dag to 2025-06-25 00:00:00+00:00, run_after=2025-06-26 00:00:00+00:00
[2025-06-26T23:01:48.245+0000] {processor.py:208} INFO - Processing /home/airflow/.local/lib/python3.12/site-packages/airflow/example_dags/example_nested_branch_dag.py took 0.289 seconds
[2025-06-26T23:02:19.532+0000] {processor.py:186} INFO - Started process (PID=809) to work on /home/airflow/.local/lib/python3.12/site-packages/airflow/example_dags/example_nested_branch_dag.py
[2025-06-26T23:02:19.534+0000] {processor.py:914} INFO - Processing file /home/airflow/.local/lib/python3.12/site-packages/airflow/example_dags/example_nested_branch_dag.py for tasks to queue
[2025-06-26T23:02:19.536+0000] {logging_mixin.py:190} INFO - [2025-06-26T23:02:19.536+0000] {dagbag.py:588} INFO - Filling up the DagBag from /home/airflow/.local/lib/python3.12/site-packages/airflow/example_dags/example_nested_branch_dag.py
[2025-06-26T23:02:19.550+0000] {processor.py:925} INFO - DAG(s) 'example_nested_branch_dag' retrieved from /home/airflow/.local/lib/python3.12/site-packages/airflow/example_dags/example_nested_branch_dag.py
[2025-06-26T23:02:19.571+0000] {logging_mixin.py:190} INFO - [2025-06-26T23:02:19.571+0000] {dag.py:3239} INFO - Sync 1 DAGs
[2025-06-26T23:02:19.601+0000] {logging_mixin.py:190} INFO - [2025-06-26T23:02:19.600+0000] {dag.py:4180} INFO - Setting next_dagrun for example_nested_branch_dag to 2025-06-25 00:00:00+00:00, run_after=2025-06-26 00:00:00+00:00
[2025-06-26T23:02:19.612+0000] {processor.py:208} INFO - Processing /home/airflow/.local/lib/python3.12/site-packages/airflow/example_dags/example_nested_branch_dag.py took 0.086 seconds
[2025-06-26T23:02:55.469+0000] {processor.py:186} INFO - Started process (PID=875) to work on /home/airflow/.local/lib/python3.12/site-packages/airflow/example_dags/example_nested_branch_dag.py
[2025-06-26T23:02:55.472+0000] {processor.py:914} INFO - Processing file /home/airflow/.local/lib/python3.12/site-packages/airflow/example_dags/example_nested_branch_dag.py for tasks to queue
[2025-06-26T23:02:55.474+0000] {logging_mixin.py:190} INFO - [2025-06-26T23:02:55.474+0000] {dagbag.py:588} INFO - Filling up the DagBag from /home/airflow/.local/lib/python3.12/site-packages/airflow/example_dags/example_nested_branch_dag.py
[2025-06-26T23:02:55.482+0000] {processor.py:925} INFO - DAG(s) 'example_nested_branch_dag' retrieved from /home/airflow/.local/lib/python3.12/site-packages/airflow/example_dags/example_nested_branch_dag.py
[2025-06-26T23:02:55.505+0000] {logging_mixin.py:190} INFO - [2025-06-26T23:02:55.505+0000] {dag.py:3239} INFO - Sync 1 DAGs
[2025-06-26T23:02:55.531+0000] {logging_mixin.py:190} INFO - [2025-06-26T23:02:55.531+0000] {dag.py:4180} INFO - Setting next_dagrun for example_nested_branch_dag to 2025-06-25 00:00:00+00:00, run_after=2025-06-26 00:00:00+00:00
[2025-06-26T23:02:55.562+0000] {processor.py:208} INFO - Processing /home/airflow/.local/lib/python3.12/site-packages/airflow/example_dags/example_nested_branch_dag.py took 0.096 seconds
[2025-06-26T23:03:41.600+0000] {processor.py:186} INFO - Started process (PID=934) to work on /home/airflow/.local/lib/python3.12/site-packages/airflow/example_dags/example_nested_branch_dag.py
[2025-06-26T23:03:41.603+0000] {processor.py:914} INFO - Processing file /home/airflow/.local/lib/python3.12/site-packages/airflow/example_dags/example_nested_branch_dag.py for tasks to queue
[2025-06-26T23:03:41.605+0000] {logging_mixin.py:190} INFO - [2025-06-26T23:03:41.605+0000] {dagbag.py:588} INFO - Filling up the DagBag from /home/airflow/.local/lib/python3.12/site-packages/airflow/example_dags/example_nested_branch_dag.py
[2025-06-26T23:03:41.620+0000] {processor.py:925} INFO - DAG(s) 'example_nested_branch_dag' retrieved from /home/airflow/.local/lib/python3.12/site-packages/airflow/example_dags/example_nested_branch_dag.py
[2025-06-26T23:03:41.649+0000] {logging_mixin.py:190} INFO - [2025-06-26T23:03:41.649+0000] {dag.py:3239} INFO - Sync 1 DAGs
[2025-06-26T23:03:41.676+0000] {logging_mixin.py:190} INFO - [2025-06-26T23:03:41.676+0000] {dag.py:4180} INFO - Setting next_dagrun for example_nested_branch_dag to 2025-06-25 00:00:00+00:00, run_after=2025-06-26 00:00:00+00:00
[2025-06-26T23:03:41.702+0000] {processor.py:208} INFO - Processing /home/airflow/.local/lib/python3.12/site-packages/airflow/example_dags/example_nested_branch_dag.py took 0.109 seconds
[2025-06-26T23:04:34.300+0000] {processor.py:186} INFO - Started process (PID=1007) to work on /home/airflow/.local/lib/python3.12/site-packages/airflow/example_dags/example_nested_branch_dag.py
[2025-06-26T23:04:34.301+0000] {processor.py:914} INFO - Processing file /home/airflow/.local/lib/python3.12/site-packages/airflow/example_dags/example_nested_branch_dag.py for tasks to queue
[2025-06-26T23:04:34.303+0000] {logging_mixin.py:190} INFO - [2025-06-26T23:04:34.303+0000] {dagbag.py:588} INFO - Filling up the DagBag from /home/airflow/.local/lib/python3.12/site-packages/airflow/example_dags/example_nested_branch_dag.py
[2025-06-26T23:04:34.319+0000] {processor.py:925} INFO - DAG(s) 'example_nested_branch_dag' retrieved from /home/airflow/.local/lib/python3.12/site-packages/airflow/example_dags/example_nested_branch_dag.py
[2025-06-26T23:04:34.340+0000] {logging_mixin.py:190} INFO - [2025-06-26T23:04:34.339+0000] {dag.py:3239} INFO - Sync 1 DAGs
[2025-06-26T23:04:34.362+0000] {logging_mixin.py:190} INFO - [2025-06-26T23:04:34.362+0000] {dag.py:4180} INFO - Setting next_dagrun for example_nested_branch_dag to 2025-06-25 00:00:00+00:00, run_after=2025-06-26 00:00:00+00:00
[2025-06-26T23:04:34.378+0000] {processor.py:208} INFO - Processing /home/airflow/.local/lib/python3.12/site-packages/airflow/example_dags/example_nested_branch_dag.py took 0.085 seconds
[2025-06-26T23:05:10.794+0000] {processor.py:186} INFO - Started process (PID=1068) to work on /home/airflow/.local/lib/python3.12/site-packages/airflow/example_dags/example_nested_branch_dag.py
[2025-06-26T23:05:10.795+0000] {processor.py:914} INFO - Processing file /home/airflow/.local/lib/python3.12/site-packages/airflow/example_dags/example_nested_branch_dag.py for tasks to queue
[2025-06-26T23:05:10.800+0000] {logging_mixin.py:190} INFO - [2025-06-26T23:05:10.800+0000] {dagbag.py:588} INFO - Filling up the DagBag from /home/airflow/.local/lib/python3.12/site-packages/airflow/example_dags/example_nested_branch_dag.py
[2025-06-26T23:05:10.810+0000] {processor.py:925} INFO - DAG(s) 'example_nested_branch_dag' retrieved from /home/airflow/.local/lib/python3.12/site-packages/airflow/example_dags/example_nested_branch_dag.py
[2025-06-26T23:05:10.830+0000] {logging_mixin.py:190} INFO - [2025-06-26T23:05:10.830+0000] {dag.py:3239} INFO - Sync 1 DAGs
[2025-06-26T23:05:10.855+0000] {logging_mixin.py:190} INFO - [2025-06-26T23:05:10.855+0000] {dag.py:4180} INFO - Setting next_dagrun for example_nested_branch_dag to 2025-06-25 00:00:00+00:00, run_after=2025-06-26 00:00:00+00:00
[2025-06-26T23:05:10.879+0000] {processor.py:208} INFO - Processing /home/airflow/.local/lib/python3.12/site-packages/airflow/example_dags/example_nested_branch_dag.py took 0.089 seconds
[2025-06-26T23:05:42.182+0000] {processor.py:186} INFO - Started process (PID=1130) to work on /home/airflow/.local/lib/python3.12/site-packages/airflow/example_dags/example_nested_branch_dag.py
[2025-06-26T23:05:42.190+0000] {processor.py:914} INFO - Processing file /home/airflow/.local/lib/python3.12/site-packages/airflow/example_dags/example_nested_branch_dag.py for tasks to queue
[2025-06-26T23:05:42.193+0000] {logging_mixin.py:190} INFO - [2025-06-26T23:05:42.192+0000] {dagbag.py:588} INFO - Filling up the DagBag from /home/airflow/.local/lib/python3.12/site-packages/airflow/example_dags/example_nested_branch_dag.py
[2025-06-26T23:05:42.207+0000] {processor.py:925} INFO - DAG(s) 'example_nested_branch_dag' retrieved from /home/airflow/.local/lib/python3.12/site-packages/airflow/example_dags/example_nested_branch_dag.py
[2025-06-26T23:05:42.233+0000] {logging_mixin.py:190} INFO - [2025-06-26T23:05:42.233+0000] {dag.py:3239} INFO - Sync 1 DAGs
[2025-06-26T23:05:42.255+0000] {logging_mixin.py:190} INFO - [2025-06-26T23:05:42.255+0000] {dag.py:4180} INFO - Setting next_dagrun for example_nested_branch_dag to 2025-06-25 00:00:00+00:00, run_after=2025-06-26 00:00:00+00:00
[2025-06-26T23:05:42.270+0000] {processor.py:208} INFO - Processing /home/airflow/.local/lib/python3.12/site-packages/airflow/example_dags/example_nested_branch_dag.py took 0.093 seconds
[2025-06-26T23:06:16.316+0000] {processor.py:186} INFO - Started process (PID=1192) to work on /home/airflow/.local/lib/python3.12/site-packages/airflow/example_dags/example_nested_branch_dag.py
[2025-06-26T23:06:16.322+0000] {processor.py:914} INFO - Processing file /home/airflow/.local/lib/python3.12/site-packages/airflow/example_dags/example_nested_branch_dag.py for tasks to queue
[2025-06-26T23:06:16.327+0000] {logging_mixin.py:190} INFO - [2025-06-26T23:06:16.326+0000] {dagbag.py:588} INFO - Filling up the DagBag from /home/airflow/.local/lib/python3.12/site-packages/airflow/example_dags/example_nested_branch_dag.py
[2025-06-26T23:06:16.433+0000] {processor.py:925} INFO - DAG(s) 'example_nested_branch_dag' retrieved from /home/airflow/.local/lib/python3.12/site-packages/airflow/example_dags/example_nested_branch_dag.py
[2025-06-26T23:06:16.727+0000] {logging_mixin.py:190} INFO - [2025-06-26T23:06:16.721+0000] {dag.py:3239} INFO - Sync 1 DAGs
[2025-06-26T23:06:16.798+0000] {logging_mixin.py:190} INFO - [2025-06-26T23:06:16.796+0000] {dag.py:4180} INFO - Setting next_dagrun for example_nested_branch_dag to 2025-06-25 00:00:00+00:00, run_after=2025-06-26 00:00:00+00:00
[2025-06-26T23:06:16.840+0000] {processor.py:208} INFO - Processing /home/airflow/.local/lib/python3.12/site-packages/airflow/example_dags/example_nested_branch_dag.py took 0.537 seconds
[2025-06-26T23:06:47.498+0000] {processor.py:186} INFO - Started process (PID=1254) to work on /home/airflow/.local/lib/python3.12/site-packages/airflow/example_dags/example_nested_branch_dag.py
[2025-06-26T23:06:47.502+0000] {processor.py:914} INFO - Processing file /home/airflow/.local/lib/python3.12/site-packages/airflow/example_dags/example_nested_branch_dag.py for tasks to queue
[2025-06-26T23:06:47.513+0000] {logging_mixin.py:190} INFO - [2025-06-26T23:06:47.512+0000] {dagbag.py:588} INFO - Filling up the DagBag from /home/airflow/.local/lib/python3.12/site-packages/airflow/example_dags/example_nested_branch_dag.py
[2025-06-26T23:06:47.544+0000] {processor.py:925} INFO - DAG(s) 'example_nested_branch_dag' retrieved from /home/airflow/.local/lib/python3.12/site-packages/airflow/example_dags/example_nested_branch_dag.py
[2025-06-26T23:06:47.587+0000] {logging_mixin.py:190} INFO - [2025-06-26T23:06:47.587+0000] {dag.py:3239} INFO - Sync 1 DAGs
[2025-06-26T23:06:47.622+0000] {logging_mixin.py:190} INFO - [2025-06-26T23:06:47.622+0000] {dag.py:4180} INFO - Setting next_dagrun for example_nested_branch_dag to 2025-06-25 00:00:00+00:00, run_after=2025-06-26 00:00:00+00:00
[2025-06-26T23:06:47.654+0000] {processor.py:208} INFO - Processing /home/airflow/.local/lib/python3.12/site-packages/airflow/example_dags/example_nested_branch_dag.py took 0.178 seconds
[2025-06-26T23:07:17.761+0000] {processor.py:186} INFO - Started process (PID=1316) to work on /home/airflow/.local/lib/python3.12/site-packages/airflow/example_dags/example_nested_branch_dag.py
[2025-06-26T23:07:17.764+0000] {processor.py:914} INFO - Processing file /home/airflow/.local/lib/python3.12/site-packages/airflow/example_dags/example_nested_branch_dag.py for tasks to queue
[2025-06-26T23:07:17.767+0000] {logging_mixin.py:190} INFO - [2025-06-26T23:07:17.766+0000] {dagbag.py:588} INFO - Filling up the DagBag from /home/airflow/.local/lib/python3.12/site-packages/airflow/example_dags/example_nested_branch_dag.py
[2025-06-26T23:07:17.785+0000] {processor.py:925} INFO - DAG(s) 'example_nested_branch_dag' retrieved from /home/airflow/.local/lib/python3.12/site-packages/airflow/example_dags/example_nested_branch_dag.py
[2025-06-26T23:07:17.813+0000] {logging_mixin.py:190} INFO - [2025-06-26T23:07:17.813+0000] {dag.py:3239} INFO - Sync 1 DAGs
[2025-06-26T23:07:17.859+0000] {logging_mixin.py:190} INFO - [2025-06-26T23:07:17.859+0000] {dag.py:4180} INFO - Setting next_dagrun for example_nested_branch_dag to 2025-06-25 00:00:00+00:00, run_after=2025-06-26 00:00:00+00:00
[2025-06-26T23:07:17.882+0000] {processor.py:208} INFO - Processing /home/airflow/.local/lib/python3.12/site-packages/airflow/example_dags/example_nested_branch_dag.py took 0.131 seconds
