[2025-06-26T22:55:25.275+0000] {processor.py:186} INFO - Started process (PID=67) to work on /home/airflow/.local/lib/python3.12/site-packages/airflow/example_dags/example_workday_timetable.py
[2025-06-26T22:55:25.277+0000] {processor.py:914} INFO - Processing file /home/airflow/.local/lib/python3.12/site-packages/airflow/example_dags/example_workday_timetable.py for tasks to queue
[2025-06-26T22:55:25.288+0000] {logging_mixin.py:190} INFO - [2025-06-26T22:55:25.287+0000] {dagbag.py:588} INFO - Filling up the DagBag from /home/airflow/.local/lib/python3.12/site-packages/airflow/example_dags/example_workday_timetable.py
[2025-06-26T22:55:25.315+0000] {processor.py:925} INFO - DAG(s) 'example_workday_timetable' retrieved from /home/airflow/.local/lib/python3.12/site-packages/airflow/example_dags/example_workday_timetable.py
[2025-06-26T22:55:25.769+0000] {logging_mixin.py:190} INFO - [2025-06-26T22:55:25.753+0000] {override.py:1900} INFO - Created Permission View: can read on DAG:example_workday_timetable
[2025-06-26T22:55:25.799+0000] {logging_mixin.py:190} INFO - [2025-06-26T22:55:25.799+0000] {override.py:1900} INFO - Created Permission View: can delete on DAG:example_workday_timetable
[2025-06-26T22:55:25.816+0000] {logging_mixin.py:190} INFO - [2025-06-26T22:55:25.815+0000] {override.py:1900} INFO - Created Permission View: can edit on DAG:example_workday_timetable
[2025-06-26T22:55:25.830+0000] {logging_mixin.py:190} INFO - [2025-06-26T22:55:25.829+0000] {override.py:1900} INFO - Created Permission View: can read on DAG Run:example_workday_timetable
[2025-06-26T22:55:25.844+0000] {logging_mixin.py:190} INFO - [2025-06-26T22:55:25.843+0000] {override.py:1900} INFO - Created Permission View: menu access on DAG Run:example_workday_timetable
[2025-06-26T22:55:25.857+0000] {logging_mixin.py:190} INFO - [2025-06-26T22:55:25.857+0000] {override.py:1900} INFO - Created Permission View: can delete on DAG Run:example_workday_timetable
[2025-06-26T22:55:25.872+0000] {logging_mixin.py:190} INFO - [2025-06-26T22:55:25.871+0000] {override.py:1900} INFO - Created Permission View: can create on DAG Run:example_workday_timetable
[2025-06-26T22:55:25.875+0000] {logging_mixin.py:190} INFO - [2025-06-26T22:55:25.874+0000] {dag.py:3239} INFO - Sync 1 DAGs
[2025-06-26T22:55:25.934+0000] {logging_mixin.py:190} INFO - [2025-06-26T22:55:25.934+0000] {dag.py:3262} INFO - Creating ORM DAG for example_workday_timetable
[2025-06-26T22:55:26.364+0000] {logging_mixin.py:190} INFO - [2025-06-26T22:55:26.361+0000] {dag.py:4180} INFO - Setting next_dagrun for example_workday_timetable to 2021-01-04 00:00:00+00:00, run_after=2021-01-05 00:00:00+00:00
[2025-06-26T22:55:26.469+0000] {processor.py:208} INFO - Processing /home/airflow/.local/lib/python3.12/site-packages/airflow/example_dags/example_workday_timetable.py took 1.237 seconds
[2025-06-26T22:55:56.759+0000] {processor.py:186} INFO - Started process (PID=129) to work on /home/airflow/.local/lib/python3.12/site-packages/airflow/example_dags/example_workday_timetable.py
[2025-06-26T22:55:56.761+0000] {processor.py:914} INFO - Processing file /home/airflow/.local/lib/python3.12/site-packages/airflow/example_dags/example_workday_timetable.py for tasks to queue
[2025-06-26T22:55:56.769+0000] {logging_mixin.py:190} INFO - [2025-06-26T22:55:56.769+0000] {dagbag.py:588} INFO - Filling up the DagBag from /home/airflow/.local/lib/python3.12/site-packages/airflow/example_dags/example_workday_timetable.py
[2025-06-26T22:55:56.777+0000] {processor.py:925} INFO - DAG(s) 'example_workday_timetable' retrieved from /home/airflow/.local/lib/python3.12/site-packages/airflow/example_dags/example_workday_timetable.py
[2025-06-26T22:55:56.801+0000] {logging_mixin.py:190} INFO - [2025-06-26T22:55:56.801+0000] {dag.py:3239} INFO - Sync 1 DAGs
[2025-06-26T22:55:57.073+0000] {logging_mixin.py:190} INFO - [2025-06-26T22:55:57.071+0000] {dag.py:4180} INFO - Setting next_dagrun for example_workday_timetable to 2021-01-04 00:00:00+00:00, run_after=2021-01-05 00:00:00+00:00
[2025-06-26T22:55:57.118+0000] {processor.py:208} INFO - Processing /home/airflow/.local/lib/python3.12/site-packages/airflow/example_dags/example_workday_timetable.py took 0.365 seconds
[2025-06-26T22:56:27.965+0000] {processor.py:186} INFO - Started process (PID=191) to work on /home/airflow/.local/lib/python3.12/site-packages/airflow/example_dags/example_workday_timetable.py
[2025-06-26T22:56:27.973+0000] {processor.py:914} INFO - Processing file /home/airflow/.local/lib/python3.12/site-packages/airflow/example_dags/example_workday_timetable.py for tasks to queue
[2025-06-26T22:56:27.986+0000] {logging_mixin.py:190} INFO - [2025-06-26T22:56:27.983+0000] {dagbag.py:588} INFO - Filling up the DagBag from /home/airflow/.local/lib/python3.12/site-packages/airflow/example_dags/example_workday_timetable.py
[2025-06-26T22:56:28.004+0000] {processor.py:925} INFO - DAG(s) 'example_workday_timetable' retrieved from /home/airflow/.local/lib/python3.12/site-packages/airflow/example_dags/example_workday_timetable.py
[2025-06-26T22:56:28.054+0000] {logging_mixin.py:190} INFO - [2025-06-26T22:56:28.053+0000] {dag.py:3239} INFO - Sync 1 DAGs
[2025-06-26T22:56:28.175+0000] {logging_mixin.py:190} INFO - [2025-06-26T22:56:28.175+0000] {dag.py:4180} INFO - Setting next_dagrun for example_workday_timetable to 2021-01-04 00:00:00+00:00, run_after=2021-01-05 00:00:00+00:00
[2025-06-26T22:56:28.203+0000] {processor.py:208} INFO - Processing /home/airflow/.local/lib/python3.12/site-packages/airflow/example_dags/example_workday_timetable.py took 0.268 seconds
[2025-06-26T22:56:59.805+0000] {processor.py:186} INFO - Started process (PID=253) to work on /home/airflow/.local/lib/python3.12/site-packages/airflow/example_dags/example_workday_timetable.py
[2025-06-26T22:56:59.822+0000] {processor.py:914} INFO - Processing file /home/airflow/.local/lib/python3.12/site-packages/airflow/example_dags/example_workday_timetable.py for tasks to queue
[2025-06-26T22:56:59.865+0000] {logging_mixin.py:190} INFO - [2025-06-26T22:56:59.860+0000] {dagbag.py:588} INFO - Filling up the DagBag from /home/airflow/.local/lib/python3.12/site-packages/airflow/example_dags/example_workday_timetable.py
[2025-06-26T22:56:59.924+0000] {processor.py:925} INFO - DAG(s) 'example_workday_timetable' retrieved from /home/airflow/.local/lib/python3.12/site-packages/airflow/example_dags/example_workday_timetable.py
[2025-06-26T22:57:00.065+0000] {logging_mixin.py:190} INFO - [2025-06-26T22:57:00.064+0000] {dag.py:3239} INFO - Sync 1 DAGs
[2025-06-26T22:57:00.927+0000] {logging_mixin.py:190} INFO - [2025-06-26T22:57:00.908+0000] {dag.py:4180} INFO - Setting next_dagrun for example_workday_timetable to 2021-01-04 00:00:00+00:00, run_after=2021-01-05 00:00:00+00:00
[2025-06-26T22:57:01.062+0000] {processor.py:208} INFO - Processing /home/airflow/.local/lib/python3.12/site-packages/airflow/example_dags/example_workday_timetable.py took 1.361 seconds
[2025-06-26T22:57:31.681+0000] {processor.py:186} INFO - Started process (PID=315) to work on /home/airflow/.local/lib/python3.12/site-packages/airflow/example_dags/example_workday_timetable.py
[2025-06-26T22:57:31.689+0000] {processor.py:914} INFO - Processing file /home/airflow/.local/lib/python3.12/site-packages/airflow/example_dags/example_workday_timetable.py for tasks to queue
[2025-06-26T22:57:31.730+0000] {logging_mixin.py:190} INFO - [2025-06-26T22:57:31.728+0000] {dagbag.py:588} INFO - Filling up the DagBag from /home/airflow/.local/lib/python3.12/site-packages/airflow/example_dags/example_workday_timetable.py
[2025-06-26T22:57:31.795+0000] {processor.py:925} INFO - DAG(s) 'example_workday_timetable' retrieved from /home/airflow/.local/lib/python3.12/site-packages/airflow/example_dags/example_workday_timetable.py
[2025-06-26T22:57:31.899+0000] {logging_mixin.py:190} INFO - [2025-06-26T22:57:31.898+0000] {dag.py:3239} INFO - Sync 1 DAGs
[2025-06-26T22:57:32.177+0000] {logging_mixin.py:190} INFO - [2025-06-26T22:57:32.176+0000] {dag.py:4180} INFO - Setting next_dagrun for example_workday_timetable to 2021-01-04 00:00:00+00:00, run_after=2021-01-05 00:00:00+00:00
[2025-06-26T22:57:32.298+0000] {processor.py:208} INFO - Processing /home/airflow/.local/lib/python3.12/site-packages/airflow/example_dags/example_workday_timetable.py took 0.678 seconds
[2025-06-26T22:58:21.156+0000] {processor.py:186} INFO - Started process (PID=376) to work on /home/airflow/.local/lib/python3.12/site-packages/airflow/example_dags/example_workday_timetable.py
[2025-06-26T22:58:21.182+0000] {processor.py:914} INFO - Processing file /home/airflow/.local/lib/python3.12/site-packages/airflow/example_dags/example_workday_timetable.py for tasks to queue
[2025-06-26T22:58:21.218+0000] {logging_mixin.py:190} INFO - [2025-06-26T22:58:21.216+0000] {dagbag.py:588} INFO - Filling up the DagBag from /home/airflow/.local/lib/python3.12/site-packages/airflow/example_dags/example_workday_timetable.py
[2025-06-26T22:58:21.325+0000] {processor.py:925} INFO - DAG(s) 'example_workday_timetable' retrieved from /home/airflow/.local/lib/python3.12/site-packages/airflow/example_dags/example_workday_timetable.py
[2025-06-26T22:58:21.547+0000] {logging_mixin.py:190} INFO - [2025-06-26T22:58:21.543+0000] {dag.py:3239} INFO - Sync 1 DAGs
[2025-06-26T22:58:22.704+0000] {logging_mixin.py:190} INFO - [2025-06-26T22:58:22.687+0000] {dag.py:4180} INFO - Setting next_dagrun for example_workday_timetable to 2021-01-04 00:00:00+00:00, run_after=2021-01-05 00:00:00+00:00
[2025-06-26T22:58:23.082+0000] {processor.py:208} INFO - Processing /home/airflow/.local/lib/python3.12/site-packages/airflow/example_dags/example_workday_timetable.py took 1.979 seconds
[2025-06-26T22:58:58.906+0000] {processor.py:186} INFO - Started process (PID=421) to work on /home/airflow/.local/lib/python3.12/site-packages/airflow/example_dags/example_workday_timetable.py
[2025-06-26T22:58:58.917+0000] {processor.py:914} INFO - Processing file /home/airflow/.local/lib/python3.12/site-packages/airflow/example_dags/example_workday_timetable.py for tasks to queue
[2025-06-26T22:58:58.951+0000] {logging_mixin.py:190} INFO - [2025-06-26T22:58:58.947+0000] {dagbag.py:588} INFO - Filling up the DagBag from /home/airflow/.local/lib/python3.12/site-packages/airflow/example_dags/example_workday_timetable.py
[2025-06-26T22:58:58.974+0000] {processor.py:925} INFO - DAG(s) 'example_workday_timetable' retrieved from /home/airflow/.local/lib/python3.12/site-packages/airflow/example_dags/example_workday_timetable.py
[2025-06-26T22:58:59.043+0000] {logging_mixin.py:190} INFO - [2025-06-26T22:58:59.042+0000] {dag.py:3239} INFO - Sync 1 DAGs
[2025-06-26T22:58:59.506+0000] {logging_mixin.py:190} INFO - [2025-06-26T22:58:59.497+0000] {dag.py:4180} INFO - Setting next_dagrun for example_workday_timetable to 2021-01-04 00:00:00+00:00, run_after=2021-01-05 00:00:00+00:00
[2025-06-26T22:58:59.561+0000] {processor.py:208} INFO - Processing /home/airflow/.local/lib/python3.12/site-packages/airflow/example_dags/example_workday_timetable.py took 0.673 seconds
[2025-06-26T22:59:36.239+0000] {processor.py:186} INFO - Started process (PID=481) to work on /home/airflow/.local/lib/python3.12/site-packages/airflow/example_dags/example_workday_timetable.py
[2025-06-26T22:59:36.248+0000] {processor.py:914} INFO - Processing file /home/airflow/.local/lib/python3.12/site-packages/airflow/example_dags/example_workday_timetable.py for tasks to queue
[2025-06-26T22:59:36.270+0000] {logging_mixin.py:190} INFO - [2025-06-26T22:59:36.268+0000] {dagbag.py:588} INFO - Filling up the DagBag from /home/airflow/.local/lib/python3.12/site-packages/airflow/example_dags/example_workday_timetable.py
[2025-06-26T22:59:36.320+0000] {processor.py:925} INFO - DAG(s) 'example_workday_timetable' retrieved from /home/airflow/.local/lib/python3.12/site-packages/airflow/example_dags/example_workday_timetable.py
[2025-06-26T22:59:36.454+0000] {logging_mixin.py:190} INFO - [2025-06-26T22:59:36.450+0000] {dag.py:3239} INFO - Sync 1 DAGs
[2025-06-26T22:59:37.358+0000] {logging_mixin.py:190} INFO - [2025-06-26T22:59:37.357+0000] {dag.py:4180} INFO - Setting next_dagrun for example_workday_timetable to 2021-01-04 00:00:00+00:00, run_after=2021-01-05 00:00:00+00:00
[2025-06-26T22:59:37.423+0000] {processor.py:208} INFO - Processing /home/airflow/.local/lib/python3.12/site-packages/airflow/example_dags/example_workday_timetable.py took 1.225 seconds
[2025-06-26T23:00:07.822+0000] {processor.py:186} INFO - Started process (PID=542) to work on /home/airflow/.local/lib/python3.12/site-packages/airflow/example_dags/example_workday_timetable.py
[2025-06-26T23:00:07.825+0000] {processor.py:914} INFO - Processing file /home/airflow/.local/lib/python3.12/site-packages/airflow/example_dags/example_workday_timetable.py for tasks to queue
[2025-06-26T23:00:07.829+0000] {logging_mixin.py:190} INFO - [2025-06-26T23:00:07.828+0000] {dagbag.py:588} INFO - Filling up the DagBag from /home/airflow/.local/lib/python3.12/site-packages/airflow/example_dags/example_workday_timetable.py
[2025-06-26T23:00:07.842+0000] {processor.py:925} INFO - DAG(s) 'example_workday_timetable' retrieved from /home/airflow/.local/lib/python3.12/site-packages/airflow/example_dags/example_workday_timetable.py
[2025-06-26T23:00:07.904+0000] {logging_mixin.py:190} INFO - [2025-06-26T23:00:07.904+0000] {dag.py:3239} INFO - Sync 1 DAGs
[2025-06-26T23:00:08.119+0000] {logging_mixin.py:190} INFO - [2025-06-26T23:00:08.118+0000] {dag.py:4180} INFO - Setting next_dagrun for example_workday_timetable to 2021-01-04 00:00:00+00:00, run_after=2021-01-05 00:00:00+00:00
[2025-06-26T23:00:08.135+0000] {processor.py:208} INFO - Processing /home/airflow/.local/lib/python3.12/site-packages/airflow/example_dags/example_workday_timetable.py took 0.326 seconds
[2025-06-26T23:00:42.497+0000] {processor.py:186} INFO - Started process (PID=609) to work on /home/airflow/.local/lib/python3.12/site-packages/airflow/example_dags/example_workday_timetable.py
[2025-06-26T23:00:42.500+0000] {processor.py:914} INFO - Processing file /home/airflow/.local/lib/python3.12/site-packages/airflow/example_dags/example_workday_timetable.py for tasks to queue
[2025-06-26T23:00:42.504+0000] {logging_mixin.py:190} INFO - [2025-06-26T23:00:42.503+0000] {dagbag.py:588} INFO - Filling up the DagBag from /home/airflow/.local/lib/python3.12/site-packages/airflow/example_dags/example_workday_timetable.py
[2025-06-26T23:00:42.533+0000] {processor.py:925} INFO - DAG(s) 'example_workday_timetable' retrieved from /home/airflow/.local/lib/python3.12/site-packages/airflow/example_dags/example_workday_timetable.py
[2025-06-26T23:00:42.563+0000] {logging_mixin.py:190} INFO - [2025-06-26T23:00:42.563+0000] {dag.py:3239} INFO - Sync 1 DAGs
[2025-06-26T23:00:42.736+0000] {logging_mixin.py:190} INFO - [2025-06-26T23:00:42.735+0000] {dag.py:4180} INFO - Setting next_dagrun for example_workday_timetable to 2021-01-04 00:00:00+00:00, run_after=2021-01-05 00:00:00+00:00
[2025-06-26T23:00:42.754+0000] {processor.py:208} INFO - Processing /home/airflow/.local/lib/python3.12/site-packages/airflow/example_dags/example_workday_timetable.py took 0.270 seconds
[2025-06-26T23:01:13.963+0000] {processor.py:186} INFO - Started process (PID=670) to work on /home/airflow/.local/lib/python3.12/site-packages/airflow/example_dags/example_workday_timetable.py
[2025-06-26T23:01:13.972+0000] {processor.py:914} INFO - Processing file /home/airflow/.local/lib/python3.12/site-packages/airflow/example_dags/example_workday_timetable.py for tasks to queue
[2025-06-26T23:01:14.025+0000] {logging_mixin.py:190} INFO - [2025-06-26T23:01:14.002+0000] {dagbag.py:588} INFO - Filling up the DagBag from /home/airflow/.local/lib/python3.12/site-packages/airflow/example_dags/example_workday_timetable.py
[2025-06-26T23:01:14.317+0000] {processor.py:925} INFO - DAG(s) 'example_workday_timetable' retrieved from /home/airflow/.local/lib/python3.12/site-packages/airflow/example_dags/example_workday_timetable.py
[2025-06-26T23:01:14.728+0000] {logging_mixin.py:190} INFO - [2025-06-26T23:01:14.723+0000] {dag.py:3239} INFO - Sync 1 DAGs
[2025-06-26T23:01:15.128+0000] {logging_mixin.py:190} INFO - [2025-06-26T23:01:15.127+0000] {dag.py:4180} INFO - Setting next_dagrun for example_workday_timetable to 2021-01-04 00:00:00+00:00, run_after=2021-01-05 00:00:00+00:00
[2025-06-26T23:01:15.179+0000] {processor.py:208} INFO - Processing /home/airflow/.local/lib/python3.12/site-packages/airflow/example_dags/example_workday_timetable.py took 1.297 seconds
[2025-06-26T23:01:45.253+0000] {processor.py:186} INFO - Started process (PID=732) to work on /home/airflow/.local/lib/python3.12/site-packages/airflow/example_dags/example_workday_timetable.py
[2025-06-26T23:01:45.254+0000] {processor.py:914} INFO - Processing file /home/airflow/.local/lib/python3.12/site-packages/airflow/example_dags/example_workday_timetable.py for tasks to queue
[2025-06-26T23:01:45.258+0000] {logging_mixin.py:190} INFO - [2025-06-26T23:01:45.257+0000] {dagbag.py:588} INFO - Filling up the DagBag from /home/airflow/.local/lib/python3.12/site-packages/airflow/example_dags/example_workday_timetable.py
[2025-06-26T23:01:45.275+0000] {processor.py:925} INFO - DAG(s) 'example_workday_timetable' retrieved from /home/airflow/.local/lib/python3.12/site-packages/airflow/example_dags/example_workday_timetable.py
[2025-06-26T23:01:45.307+0000] {logging_mixin.py:190} INFO - [2025-06-26T23:01:45.306+0000] {dag.py:3239} INFO - Sync 1 DAGs
[2025-06-26T23:01:45.422+0000] {logging_mixin.py:190} INFO - [2025-06-26T23:01:45.421+0000] {dag.py:4180} INFO - Setting next_dagrun for example_workday_timetable to 2021-01-04 00:00:00+00:00, run_after=2021-01-05 00:00:00+00:00
[2025-06-26T23:01:45.431+0000] {processor.py:208} INFO - Processing /home/airflow/.local/lib/python3.12/site-packages/airflow/example_dags/example_workday_timetable.py took 0.186 seconds
[2025-06-26T23:02:15.979+0000] {processor.py:186} INFO - Started process (PID=794) to work on /home/airflow/.local/lib/python3.12/site-packages/airflow/example_dags/example_workday_timetable.py
[2025-06-26T23:02:15.981+0000] {processor.py:914} INFO - Processing file /home/airflow/.local/lib/python3.12/site-packages/airflow/example_dags/example_workday_timetable.py for tasks to queue
[2025-06-26T23:02:15.998+0000] {logging_mixin.py:190} INFO - [2025-06-26T23:02:15.997+0000] {dagbag.py:588} INFO - Filling up the DagBag from /home/airflow/.local/lib/python3.12/site-packages/airflow/example_dags/example_workday_timetable.py
[2025-06-26T23:02:16.043+0000] {processor.py:925} INFO - DAG(s) 'example_workday_timetable' retrieved from /home/airflow/.local/lib/python3.12/site-packages/airflow/example_dags/example_workday_timetable.py
[2025-06-26T23:02:16.107+0000] {logging_mixin.py:190} INFO - [2025-06-26T23:02:16.107+0000] {dag.py:3239} INFO - Sync 1 DAGs
[2025-06-26T23:02:16.271+0000] {logging_mixin.py:190} INFO - [2025-06-26T23:02:16.270+0000] {dag.py:4180} INFO - Setting next_dagrun for example_workday_timetable to 2021-01-04 00:00:00+00:00, run_after=2021-01-05 00:00:00+00:00
[2025-06-26T23:02:16.296+0000] {processor.py:208} INFO - Processing /home/airflow/.local/lib/python3.12/site-packages/airflow/example_dags/example_workday_timetable.py took 0.333 seconds
[2025-06-26T23:02:46.461+0000] {processor.py:186} INFO - Started process (PID=856) to work on /home/airflow/.local/lib/python3.12/site-packages/airflow/example_dags/example_workday_timetable.py
[2025-06-26T23:02:46.464+0000] {processor.py:914} INFO - Processing file /home/airflow/.local/lib/python3.12/site-packages/airflow/example_dags/example_workday_timetable.py for tasks to queue
[2025-06-26T23:02:46.478+0000] {logging_mixin.py:190} INFO - [2025-06-26T23:02:46.477+0000] {dagbag.py:588} INFO - Filling up the DagBag from /home/airflow/.local/lib/python3.12/site-packages/airflow/example_dags/example_workday_timetable.py
[2025-06-26T23:02:46.540+0000] {processor.py:925} INFO - DAG(s) 'example_workday_timetable' retrieved from /home/airflow/.local/lib/python3.12/site-packages/airflow/example_dags/example_workday_timetable.py
[2025-06-26T23:02:46.660+0000] {logging_mixin.py:190} INFO - [2025-06-26T23:02:46.659+0000] {dag.py:3239} INFO - Sync 1 DAGs
[2025-06-26T23:02:46.902+0000] {logging_mixin.py:190} INFO - [2025-06-26T23:02:46.901+0000] {dag.py:4180} INFO - Setting next_dagrun for example_workday_timetable to 2021-01-04 00:00:00+00:00, run_after=2021-01-05 00:00:00+00:00
[2025-06-26T23:02:46.943+0000] {processor.py:208} INFO - Processing /home/airflow/.local/lib/python3.12/site-packages/airflow/example_dags/example_workday_timetable.py took 0.502 seconds
[2025-06-26T23:03:17.713+0000] {processor.py:186} INFO - Started process (PID=918) to work on /home/airflow/.local/lib/python3.12/site-packages/airflow/example_dags/example_workday_timetable.py
[2025-06-26T23:03:17.715+0000] {processor.py:914} INFO - Processing file /home/airflow/.local/lib/python3.12/site-packages/airflow/example_dags/example_workday_timetable.py for tasks to queue
[2025-06-26T23:03:17.719+0000] {logging_mixin.py:190} INFO - [2025-06-26T23:03:17.718+0000] {dagbag.py:588} INFO - Filling up the DagBag from /home/airflow/.local/lib/python3.12/site-packages/airflow/example_dags/example_workday_timetable.py
[2025-06-26T23:03:17.737+0000] {processor.py:925} INFO - DAG(s) 'example_workday_timetable' retrieved from /home/airflow/.local/lib/python3.12/site-packages/airflow/example_dags/example_workday_timetable.py
[2025-06-26T23:03:17.783+0000] {logging_mixin.py:190} INFO - [2025-06-26T23:03:17.783+0000] {dag.py:3239} INFO - Sync 1 DAGs
[2025-06-26T23:03:17.930+0000] {logging_mixin.py:190} INFO - [2025-06-26T23:03:17.930+0000] {dag.py:4180} INFO - Setting next_dagrun for example_workday_timetable to 2021-01-04 00:00:00+00:00, run_after=2021-01-05 00:00:00+00:00
[2025-06-26T23:03:17.938+0000] {processor.py:208} INFO - Processing /home/airflow/.local/lib/python3.12/site-packages/airflow/example_dags/example_workday_timetable.py took 0.235 seconds
[2025-06-26T23:03:48.486+0000] {processor.py:186} INFO - Started process (PID=981) to work on /home/airflow/.local/lib/python3.12/site-packages/airflow/example_dags/example_workday_timetable.py
[2025-06-26T23:03:48.487+0000] {processor.py:914} INFO - Processing file /home/airflow/.local/lib/python3.12/site-packages/airflow/example_dags/example_workday_timetable.py for tasks to queue
[2025-06-26T23:03:48.490+0000] {logging_mixin.py:190} INFO - [2025-06-26T23:03:48.490+0000] {dagbag.py:588} INFO - Filling up the DagBag from /home/airflow/.local/lib/python3.12/site-packages/airflow/example_dags/example_workday_timetable.py
[2025-06-26T23:03:48.499+0000] {processor.py:925} INFO - DAG(s) 'example_workday_timetable' retrieved from /home/airflow/.local/lib/python3.12/site-packages/airflow/example_dags/example_workday_timetable.py
[2025-06-26T23:03:48.536+0000] {logging_mixin.py:190} INFO - [2025-06-26T23:03:48.536+0000] {dag.py:3239} INFO - Sync 1 DAGs
[2025-06-26T23:03:48.681+0000] {logging_mixin.py:190} INFO - [2025-06-26T23:03:48.681+0000] {dag.py:4180} INFO - Setting next_dagrun for example_workday_timetable to 2021-01-04 00:00:00+00:00, run_after=2021-01-05 00:00:00+00:00
[2025-06-26T23:03:48.701+0000] {processor.py:208} INFO - Processing /home/airflow/.local/lib/python3.12/site-packages/airflow/example_dags/example_workday_timetable.py took 0.230 seconds
[2025-06-26T23:04:33.447+0000] {processor.py:186} INFO - Started process (PID=998) to work on /home/airflow/.local/lib/python3.12/site-packages/airflow/example_dags/example_workday_timetable.py
[2025-06-26T23:04:33.448+0000] {processor.py:914} INFO - Processing file /home/airflow/.local/lib/python3.12/site-packages/airflow/example_dags/example_workday_timetable.py for tasks to queue
[2025-06-26T23:04:33.450+0000] {logging_mixin.py:190} INFO - [2025-06-26T23:04:33.450+0000] {dagbag.py:588} INFO - Filling up the DagBag from /home/airflow/.local/lib/python3.12/site-packages/airflow/example_dags/example_workday_timetable.py
[2025-06-26T23:04:33.458+0000] {processor.py:925} INFO - DAG(s) 'example_workday_timetable' retrieved from /home/airflow/.local/lib/python3.12/site-packages/airflow/example_dags/example_workday_timetable.py
[2025-06-26T23:04:33.474+0000] {logging_mixin.py:190} INFO - [2025-06-26T23:04:33.474+0000] {dag.py:3239} INFO - Sync 1 DAGs
[2025-06-26T23:04:33.578+0000] {logging_mixin.py:190} INFO - [2025-06-26T23:04:33.578+0000] {dag.py:4180} INFO - Setting next_dagrun for example_workday_timetable to 2021-01-04 00:00:00+00:00, run_after=2021-01-05 00:00:00+00:00
[2025-06-26T23:04:33.597+0000] {processor.py:208} INFO - Processing /home/airflow/.local/lib/python3.12/site-packages/airflow/example_dags/example_workday_timetable.py took 0.154 seconds
[2025-06-26T23:05:09.697+0000] {processor.py:186} INFO - Started process (PID=1056) to work on /home/airflow/.local/lib/python3.12/site-packages/airflow/example_dags/example_workday_timetable.py
[2025-06-26T23:05:09.699+0000] {processor.py:914} INFO - Processing file /home/airflow/.local/lib/python3.12/site-packages/airflow/example_dags/example_workday_timetable.py for tasks to queue
[2025-06-26T23:05:09.702+0000] {logging_mixin.py:190} INFO - [2025-06-26T23:05:09.701+0000] {dagbag.py:588} INFO - Filling up the DagBag from /home/airflow/.local/lib/python3.12/site-packages/airflow/example_dags/example_workday_timetable.py
[2025-06-26T23:05:09.710+0000] {processor.py:925} INFO - DAG(s) 'example_workday_timetable' retrieved from /home/airflow/.local/lib/python3.12/site-packages/airflow/example_dags/example_workday_timetable.py
[2025-06-26T23:05:09.748+0000] {logging_mixin.py:190} INFO - [2025-06-26T23:05:09.747+0000] {dag.py:3239} INFO - Sync 1 DAGs
[2025-06-26T23:05:09.915+0000] {logging_mixin.py:190} INFO - [2025-06-26T23:05:09.915+0000] {dag.py:4180} INFO - Setting next_dagrun for example_workday_timetable to 2021-01-04 00:00:00+00:00, run_after=2021-01-05 00:00:00+00:00
[2025-06-26T23:05:09.938+0000] {processor.py:208} INFO - Processing /home/airflow/.local/lib/python3.12/site-packages/airflow/example_dags/example_workday_timetable.py took 0.255 seconds
[2025-06-26T23:05:40.904+0000] {processor.py:186} INFO - Started process (PID=1118) to work on /home/airflow/.local/lib/python3.12/site-packages/airflow/example_dags/example_workday_timetable.py
[2025-06-26T23:05:40.906+0000] {processor.py:914} INFO - Processing file /home/airflow/.local/lib/python3.12/site-packages/airflow/example_dags/example_workday_timetable.py for tasks to queue
[2025-06-26T23:05:40.912+0000] {logging_mixin.py:190} INFO - [2025-06-26T23:05:40.912+0000] {dagbag.py:588} INFO - Filling up the DagBag from /home/airflow/.local/lib/python3.12/site-packages/airflow/example_dags/example_workday_timetable.py
[2025-06-26T23:05:40.923+0000] {processor.py:925} INFO - DAG(s) 'example_workday_timetable' retrieved from /home/airflow/.local/lib/python3.12/site-packages/airflow/example_dags/example_workday_timetable.py
[2025-06-26T23:05:40.952+0000] {logging_mixin.py:190} INFO - [2025-06-26T23:05:40.951+0000] {dag.py:3239} INFO - Sync 1 DAGs
[2025-06-26T23:05:41.109+0000] {logging_mixin.py:190} INFO - [2025-06-26T23:05:41.108+0000] {dag.py:4180} INFO - Setting next_dagrun for example_workday_timetable to 2021-01-04 00:00:00+00:00, run_after=2021-01-05 00:00:00+00:00
[2025-06-26T23:05:41.124+0000] {processor.py:208} INFO - Processing /home/airflow/.local/lib/python3.12/site-packages/airflow/example_dags/example_workday_timetable.py took 0.238 seconds
[2025-06-26T23:06:11.284+0000] {processor.py:186} INFO - Started process (PID=1174) to work on /home/airflow/.local/lib/python3.12/site-packages/airflow/example_dags/example_workday_timetable.py
[2025-06-26T23:06:11.287+0000] {processor.py:914} INFO - Processing file /home/airflow/.local/lib/python3.12/site-packages/airflow/example_dags/example_workday_timetable.py for tasks to queue
[2025-06-26T23:06:11.293+0000] {logging_mixin.py:190} INFO - [2025-06-26T23:06:11.292+0000] {dagbag.py:588} INFO - Filling up the DagBag from /home/airflow/.local/lib/python3.12/site-packages/airflow/example_dags/example_workday_timetable.py
[2025-06-26T23:06:11.297+0000] {processor.py:925} INFO - DAG(s) 'example_workday_timetable' retrieved from /home/airflow/.local/lib/python3.12/site-packages/airflow/example_dags/example_workday_timetable.py
[2025-06-26T23:06:11.313+0000] {logging_mixin.py:190} INFO - [2025-06-26T23:06:11.312+0000] {dag.py:3239} INFO - Sync 1 DAGs
[2025-06-26T23:06:11.493+0000] {logging_mixin.py:190} INFO - [2025-06-26T23:06:11.493+0000] {dag.py:4180} INFO - Setting next_dagrun for example_workday_timetable to 2021-01-04 00:00:00+00:00, run_after=2021-01-05 00:00:00+00:00
[2025-06-26T23:06:11.513+0000] {processor.py:208} INFO - Processing /home/airflow/.local/lib/python3.12/site-packages/airflow/example_dags/example_workday_timetable.py took 0.233 seconds
[2025-06-26T23:06:43.947+0000] {processor.py:186} INFO - Started process (PID=1242) to work on /home/airflow/.local/lib/python3.12/site-packages/airflow/example_dags/example_workday_timetable.py
[2025-06-26T23:06:43.948+0000] {processor.py:914} INFO - Processing file /home/airflow/.local/lib/python3.12/site-packages/airflow/example_dags/example_workday_timetable.py for tasks to queue
[2025-06-26T23:06:43.949+0000] {logging_mixin.py:190} INFO - [2025-06-26T23:06:43.949+0000] {dagbag.py:588} INFO - Filling up the DagBag from /home/airflow/.local/lib/python3.12/site-packages/airflow/example_dags/example_workday_timetable.py
[2025-06-26T23:06:43.952+0000] {processor.py:925} INFO - DAG(s) 'example_workday_timetable' retrieved from /home/airflow/.local/lib/python3.12/site-packages/airflow/example_dags/example_workday_timetable.py
[2025-06-26T23:06:43.965+0000] {logging_mixin.py:190} INFO - [2025-06-26T23:06:43.964+0000] {dag.py:3239} INFO - Sync 1 DAGs
[2025-06-26T23:06:44.056+0000] {logging_mixin.py:190} INFO - [2025-06-26T23:06:44.056+0000] {dag.py:4180} INFO - Setting next_dagrun for example_workday_timetable to 2021-01-04 00:00:00+00:00, run_after=2021-01-05 00:00:00+00:00
[2025-06-26T23:06:44.066+0000] {processor.py:208} INFO - Processing /home/airflow/.local/lib/python3.12/site-packages/airflow/example_dags/example_workday_timetable.py took 0.123 seconds
[2025-06-26T23:07:14.575+0000] {processor.py:186} INFO - Started process (PID=1304) to work on /home/airflow/.local/lib/python3.12/site-packages/airflow/example_dags/example_workday_timetable.py
[2025-06-26T23:07:14.577+0000] {processor.py:914} INFO - Processing file /home/airflow/.local/lib/python3.12/site-packages/airflow/example_dags/example_workday_timetable.py for tasks to queue
[2025-06-26T23:07:14.583+0000] {logging_mixin.py:190} INFO - [2025-06-26T23:07:14.583+0000] {dagbag.py:588} INFO - Filling up the DagBag from /home/airflow/.local/lib/python3.12/site-packages/airflow/example_dags/example_workday_timetable.py
[2025-06-26T23:07:14.595+0000] {processor.py:925} INFO - DAG(s) 'example_workday_timetable' retrieved from /home/airflow/.local/lib/python3.12/site-packages/airflow/example_dags/example_workday_timetable.py
[2025-06-26T23:07:14.624+0000] {logging_mixin.py:190} INFO - [2025-06-26T23:07:14.623+0000] {dag.py:3239} INFO - Sync 1 DAGs
[2025-06-26T23:07:14.824+0000] {logging_mixin.py:190} INFO - [2025-06-26T23:07:14.821+0000] {dag.py:4180} INFO - Setting next_dagrun for example_workday_timetable to 2021-01-04 00:00:00+00:00, run_after=2021-01-05 00:00:00+00:00
[2025-06-26T23:07:14.886+0000] {processor.py:208} INFO - Processing /home/airflow/.local/lib/python3.12/site-packages/airflow/example_dags/example_workday_timetable.py took 0.329 seconds
