[2025-06-26T22:55:26.620+0000] {processor.py:186} INFO - Started process (PID=69) to work on /home/airflow/.local/lib/python3.12/site-packages/airflow/example_dags/example_dataset_alias_with_no_taskflow.py
[2025-06-26T22:55:26.625+0000] {processor.py:914} INFO - Processing file /home/airflow/.local/lib/python3.12/site-packages/airflow/example_dags/example_dataset_alias_with_no_taskflow.py for tasks to queue
[2025-06-26T22:55:26.639+0000] {logging_mixin.py:190} INFO - [2025-06-26T22:55:26.638+0000] {dagbag.py:588} INFO - Filling up the DagBag from /home/airflow/.local/lib/python3.12/site-packages/airflow/example_dags/example_dataset_alias_with_no_taskflow.py
[2025-06-26T22:55:29.092+0000] {processor.py:925} INFO - DAG(s) 'dataset_s3_bucket_consumer_with_no_taskflow', 'dataset_alias_example_alias_producer_with_no_taskflow', 'dataset_s3_bucket_producer_with_no_taskflow', 'dataset_alias_example_alias_consumer_with_no_taskflow' retrieved from /home/airflow/.local/lib/python3.12/site-packages/airflow/example_dags/example_dataset_alias_with_no_taskflow.py
[2025-06-26T22:55:29.770+0000] {logging_mixin.py:190} INFO - [2025-06-26T22:55:29.747+0000] {override.py:1900} INFO - Created Permission View: can read on DAG:dataset_s3_bucket_consumer_with_no_taskflow
[2025-06-26T22:55:29.852+0000] {logging_mixin.py:190} INFO - [2025-06-26T22:55:29.852+0000] {override.py:1900} INFO - Created Permission View: can delete on DAG:dataset_s3_bucket_consumer_with_no_taskflow
[2025-06-26T22:55:29.868+0000] {logging_mixin.py:190} INFO - [2025-06-26T22:55:29.868+0000] {override.py:1900} INFO - Created Permission View: can edit on DAG:dataset_s3_bucket_consumer_with_no_taskflow
[2025-06-26T22:55:29.887+0000] {logging_mixin.py:190} INFO - [2025-06-26T22:55:29.887+0000] {override.py:1900} INFO - Created Permission View: can read on DAG Run:dataset_s3_bucket_consumer_with_no_taskflow
[2025-06-26T22:55:29.893+0000] {logging_mixin.py:190} INFO - [2025-06-26T22:55:29.892+0000] {override.py:1900} INFO - Created Permission View: menu access on DAG Run:dataset_s3_bucket_consumer_with_no_taskflow
[2025-06-26T22:55:29.917+0000] {logging_mixin.py:190} INFO - [2025-06-26T22:55:29.916+0000] {override.py:1900} INFO - Created Permission View: can delete on DAG Run:dataset_s3_bucket_consumer_with_no_taskflow
[2025-06-26T22:55:29.922+0000] {logging_mixin.py:190} INFO - [2025-06-26T22:55:29.922+0000] {override.py:1900} INFO - Created Permission View: can create on DAG Run:dataset_s3_bucket_consumer_with_no_taskflow
[2025-06-26T22:55:29.988+0000] {logging_mixin.py:190} INFO - [2025-06-26T22:55:29.988+0000] {override.py:1900} INFO - Created Permission View: can read on DAG:dataset_alias_example_alias_producer_with_no_taskflow
[2025-06-26T22:55:30.014+0000] {logging_mixin.py:190} INFO - [2025-06-26T22:55:30.013+0000] {override.py:1900} INFO - Created Permission View: can delete on DAG:dataset_alias_example_alias_producer_with_no_taskflow
[2025-06-26T22:55:30.052+0000] {logging_mixin.py:190} INFO - [2025-06-26T22:55:30.050+0000] {override.py:1900} INFO - Created Permission View: can edit on DAG:dataset_alias_example_alias_producer_with_no_taskflow
[2025-06-26T22:55:30.098+0000] {logging_mixin.py:190} INFO - [2025-06-26T22:55:30.096+0000] {override.py:1900} INFO - Created Permission View: can read on DAG Run:dataset_alias_example_alias_producer_with_no_taskflow
[2025-06-26T22:55:30.117+0000] {logging_mixin.py:190} INFO - [2025-06-26T22:55:30.116+0000] {override.py:1900} INFO - Created Permission View: menu access on DAG Run:dataset_alias_example_alias_producer_with_no_taskflow
[2025-06-26T22:55:30.130+0000] {logging_mixin.py:190} INFO - [2025-06-26T22:55:30.130+0000] {override.py:1900} INFO - Created Permission View: can delete on DAG Run:dataset_alias_example_alias_producer_with_no_taskflow
[2025-06-26T22:55:30.141+0000] {logging_mixin.py:190} INFO - [2025-06-26T22:55:30.141+0000] {override.py:1900} INFO - Created Permission View: can create on DAG Run:dataset_alias_example_alias_producer_with_no_taskflow
[2025-06-26T22:55:30.170+0000] {logging_mixin.py:190} INFO - [2025-06-26T22:55:30.170+0000] {override.py:1900} INFO - Created Permission View: can read on DAG:dataset_s3_bucket_producer_with_no_taskflow
[2025-06-26T22:55:30.181+0000] {logging_mixin.py:190} INFO - [2025-06-26T22:55:30.180+0000] {override.py:1900} INFO - Created Permission View: can delete on DAG:dataset_s3_bucket_producer_with_no_taskflow
[2025-06-26T22:55:30.191+0000] {logging_mixin.py:190} INFO - [2025-06-26T22:55:30.190+0000] {override.py:1900} INFO - Created Permission View: can edit on DAG:dataset_s3_bucket_producer_with_no_taskflow
[2025-06-26T22:55:30.200+0000] {logging_mixin.py:190} INFO - [2025-06-26T22:55:30.200+0000] {override.py:1900} INFO - Created Permission View: can read on DAG Run:dataset_s3_bucket_producer_with_no_taskflow
[2025-06-26T22:55:30.205+0000] {logging_mixin.py:190} INFO - [2025-06-26T22:55:30.205+0000] {override.py:1900} INFO - Created Permission View: menu access on DAG Run:dataset_s3_bucket_producer_with_no_taskflow
[2025-06-26T22:55:30.209+0000] {logging_mixin.py:190} INFO - [2025-06-26T22:55:30.209+0000] {override.py:1900} INFO - Created Permission View: can delete on DAG Run:dataset_s3_bucket_producer_with_no_taskflow
[2025-06-26T22:55:30.213+0000] {logging_mixin.py:190} INFO - [2025-06-26T22:55:30.213+0000] {override.py:1900} INFO - Created Permission View: can create on DAG Run:dataset_s3_bucket_producer_with_no_taskflow
[2025-06-26T22:55:30.228+0000] {logging_mixin.py:190} INFO - [2025-06-26T22:55:30.227+0000] {override.py:1900} INFO - Created Permission View: can read on DAG:dataset_alias_example_alias_consumer_with_no_taskflow
[2025-06-26T22:55:30.234+0000] {logging_mixin.py:190} INFO - [2025-06-26T22:55:30.234+0000] {override.py:1900} INFO - Created Permission View: can delete on DAG:dataset_alias_example_alias_consumer_with_no_taskflow
[2025-06-26T22:55:30.245+0000] {logging_mixin.py:190} INFO - [2025-06-26T22:55:30.244+0000] {override.py:1900} INFO - Created Permission View: can edit on DAG:dataset_alias_example_alias_consumer_with_no_taskflow
[2025-06-26T22:55:30.274+0000] {logging_mixin.py:190} INFO - [2025-06-26T22:55:30.274+0000] {override.py:1900} INFO - Created Permission View: can read on DAG Run:dataset_alias_example_alias_consumer_with_no_taskflow
[2025-06-26T22:55:30.289+0000] {logging_mixin.py:190} INFO - [2025-06-26T22:55:30.288+0000] {override.py:1900} INFO - Created Permission View: menu access on DAG Run:dataset_alias_example_alias_consumer_with_no_taskflow
[2025-06-26T22:55:30.298+0000] {logging_mixin.py:190} INFO - [2025-06-26T22:55:30.297+0000] {override.py:1900} INFO - Created Permission View: can delete on DAG Run:dataset_alias_example_alias_consumer_with_no_taskflow
[2025-06-26T22:55:30.303+0000] {logging_mixin.py:190} INFO - [2025-06-26T22:55:30.303+0000] {override.py:1900} INFO - Created Permission View: can create on DAG Run:dataset_alias_example_alias_consumer_with_no_taskflow
[2025-06-26T22:55:30.304+0000] {logging_mixin.py:190} INFO - [2025-06-26T22:55:30.304+0000] {dag.py:3239} INFO - Sync 4 DAGs
[2025-06-26T22:55:30.338+0000] {logging_mixin.py:190} INFO - [2025-06-26T22:55:30.337+0000] {dag.py:3262} INFO - Creating ORM DAG for dataset_s3_bucket_consumer_with_no_taskflow
[2025-06-26T22:55:30.341+0000] {logging_mixin.py:190} INFO - [2025-06-26T22:55:30.341+0000] {dag.py:3262} INFO - Creating ORM DAG for dataset_alias_example_alias_producer_with_no_taskflow
[2025-06-26T22:55:30.343+0000] {logging_mixin.py:190} INFO - [2025-06-26T22:55:30.343+0000] {dag.py:3262} INFO - Creating ORM DAG for dataset_s3_bucket_producer_with_no_taskflow
[2025-06-26T22:55:30.343+0000] {logging_mixin.py:190} INFO - [2025-06-26T22:55:30.343+0000] {dag.py:3262} INFO - Creating ORM DAG for dataset_alias_example_alias_consumer_with_no_taskflow
[2025-06-26T22:55:30.367+0000] {logging_mixin.py:190} INFO - [2025-06-26T22:55:30.366+0000] {dag.py:4180} INFO - Setting next_dagrun for dataset_alias_example_alias_consumer_with_no_taskflow to None, run_after=None
[2025-06-26T22:55:30.368+0000] {logging_mixin.py:190} INFO - [2025-06-26T22:55:30.367+0000] {dag.py:4180} INFO - Setting next_dagrun for dataset_alias_example_alias_producer_with_no_taskflow to None, run_after=None
[2025-06-26T22:55:30.368+0000] {logging_mixin.py:190} INFO - [2025-06-26T22:55:30.368+0000] {dag.py:4180} INFO - Setting next_dagrun for dataset_s3_bucket_consumer_with_no_taskflow to None, run_after=None
[2025-06-26T22:55:30.368+0000] {logging_mixin.py:190} INFO - [2025-06-26T22:55:30.368+0000] {dag.py:4180} INFO - Setting next_dagrun for dataset_s3_bucket_producer_with_no_taskflow to None, run_after=None
[2025-06-26T22:55:30.410+0000] {processor.py:208} INFO - Processing /home/airflow/.local/lib/python3.12/site-packages/airflow/example_dags/example_dataset_alias_with_no_taskflow.py took 3.815 seconds
[2025-06-26T22:56:00.791+0000] {processor.py:186} INFO - Started process (PID=132) to work on /home/airflow/.local/lib/python3.12/site-packages/airflow/example_dags/example_dataset_alias_with_no_taskflow.py
[2025-06-26T22:56:00.795+0000] {processor.py:914} INFO - Processing file /home/airflow/.local/lib/python3.12/site-packages/airflow/example_dags/example_dataset_alias_with_no_taskflow.py for tasks to queue
[2025-06-26T22:56:00.802+0000] {logging_mixin.py:190} INFO - [2025-06-26T22:56:00.801+0000] {dagbag.py:588} INFO - Filling up the DagBag from /home/airflow/.local/lib/python3.12/site-packages/airflow/example_dags/example_dataset_alias_with_no_taskflow.py
[2025-06-26T22:56:01.509+0000] {processor.py:925} INFO - DAG(s) 'dataset_s3_bucket_consumer_with_no_taskflow', 'dataset_alias_example_alias_consumer_with_no_taskflow', 'dataset_s3_bucket_producer_with_no_taskflow', 'dataset_alias_example_alias_producer_with_no_taskflow' retrieved from /home/airflow/.local/lib/python3.12/site-packages/airflow/example_dags/example_dataset_alias_with_no_taskflow.py
[2025-06-26T22:56:01.526+0000] {logging_mixin.py:190} INFO - [2025-06-26T22:56:01.524+0000] {dag.py:3239} INFO - Sync 4 DAGs
[2025-06-26T22:56:01.546+0000] {logging_mixin.py:190} INFO - [2025-06-26T22:56:01.546+0000] {dag.py:4180} INFO - Setting next_dagrun for dataset_alias_example_alias_consumer_with_no_taskflow to None, run_after=None
[2025-06-26T22:56:01.548+0000] {logging_mixin.py:190} INFO - [2025-06-26T22:56:01.547+0000] {dag.py:4180} INFO - Setting next_dagrun for dataset_alias_example_alias_producer_with_no_taskflow to None, run_after=None
[2025-06-26T22:56:01.548+0000] {logging_mixin.py:190} INFO - [2025-06-26T22:56:01.548+0000] {dag.py:4180} INFO - Setting next_dagrun for dataset_s3_bucket_consumer_with_no_taskflow to None, run_after=None
[2025-06-26T22:56:01.549+0000] {logging_mixin.py:190} INFO - [2025-06-26T22:56:01.548+0000] {dag.py:4180} INFO - Setting next_dagrun for dataset_s3_bucket_producer_with_no_taskflow to None, run_after=None
[2025-06-26T22:56:01.562+0000] {processor.py:208} INFO - Processing /home/airflow/.local/lib/python3.12/site-packages/airflow/example_dags/example_dataset_alias_with_no_taskflow.py took 0.827 seconds
[2025-06-26T22:56:31.916+0000] {processor.py:186} INFO - Started process (PID=195) to work on /home/airflow/.local/lib/python3.12/site-packages/airflow/example_dags/example_dataset_alias_with_no_taskflow.py
[2025-06-26T22:56:31.917+0000] {processor.py:914} INFO - Processing file /home/airflow/.local/lib/python3.12/site-packages/airflow/example_dags/example_dataset_alias_with_no_taskflow.py for tasks to queue
[2025-06-26T22:56:31.919+0000] {logging_mixin.py:190} INFO - [2025-06-26T22:56:31.919+0000] {dagbag.py:588} INFO - Filling up the DagBag from /home/airflow/.local/lib/python3.12/site-packages/airflow/example_dags/example_dataset_alias_with_no_taskflow.py
[2025-06-26T22:56:32.239+0000] {processor.py:925} INFO - DAG(s) 'dataset_s3_bucket_producer_with_no_taskflow', 'dataset_alias_example_alias_producer_with_no_taskflow', 'dataset_s3_bucket_consumer_with_no_taskflow', 'dataset_alias_example_alias_consumer_with_no_taskflow' retrieved from /home/airflow/.local/lib/python3.12/site-packages/airflow/example_dags/example_dataset_alias_with_no_taskflow.py
[2025-06-26T22:56:32.273+0000] {logging_mixin.py:190} INFO - [2025-06-26T22:56:32.272+0000] {dag.py:3239} INFO - Sync 4 DAGs
[2025-06-26T22:56:32.306+0000] {logging_mixin.py:190} INFO - [2025-06-26T22:56:32.305+0000] {dag.py:4180} INFO - Setting next_dagrun for dataset_alias_example_alias_consumer_with_no_taskflow to None, run_after=None
[2025-06-26T22:56:32.313+0000] {logging_mixin.py:190} INFO - [2025-06-26T22:56:32.313+0000] {dag.py:4180} INFO - Setting next_dagrun for dataset_alias_example_alias_producer_with_no_taskflow to None, run_after=None
[2025-06-26T22:56:32.315+0000] {logging_mixin.py:190} INFO - [2025-06-26T22:56:32.315+0000] {dag.py:4180} INFO - Setting next_dagrun for dataset_s3_bucket_consumer_with_no_taskflow to None, run_after=None
[2025-06-26T22:56:32.316+0000] {logging_mixin.py:190} INFO - [2025-06-26T22:56:32.316+0000] {dag.py:4180} INFO - Setting next_dagrun for dataset_s3_bucket_producer_with_no_taskflow to None, run_after=None
[2025-06-26T22:56:32.339+0000] {processor.py:208} INFO - Processing /home/airflow/.local/lib/python3.12/site-packages/airflow/example_dags/example_dataset_alias_with_no_taskflow.py took 0.431 seconds
[2025-06-26T22:57:02.789+0000] {processor.py:186} INFO - Started process (PID=257) to work on /home/airflow/.local/lib/python3.12/site-packages/airflow/example_dags/example_dataset_alias_with_no_taskflow.py
[2025-06-26T22:57:02.813+0000] {processor.py:914} INFO - Processing file /home/airflow/.local/lib/python3.12/site-packages/airflow/example_dags/example_dataset_alias_with_no_taskflow.py for tasks to queue
[2025-06-26T22:57:02.859+0000] {logging_mixin.py:190} INFO - [2025-06-26T22:57:02.854+0000] {dagbag.py:588} INFO - Filling up the DagBag from /home/airflow/.local/lib/python3.12/site-packages/airflow/example_dags/example_dataset_alias_with_no_taskflow.py
[2025-06-26T22:57:03.945+0000] {processor.py:925} INFO - DAG(s) 'dataset_alias_example_alias_producer_with_no_taskflow', 'dataset_alias_example_alias_consumer_with_no_taskflow', 'dataset_s3_bucket_consumer_with_no_taskflow', 'dataset_s3_bucket_producer_with_no_taskflow' retrieved from /home/airflow/.local/lib/python3.12/site-packages/airflow/example_dags/example_dataset_alias_with_no_taskflow.py
[2025-06-26T22:57:04.005+0000] {logging_mixin.py:190} INFO - [2025-06-26T22:57:04.004+0000] {dag.py:3239} INFO - Sync 4 DAGs
[2025-06-26T22:57:04.156+0000] {logging_mixin.py:190} INFO - [2025-06-26T22:57:04.155+0000] {dag.py:4180} INFO - Setting next_dagrun for dataset_alias_example_alias_consumer_with_no_taskflow to None, run_after=None
[2025-06-26T22:57:04.162+0000] {logging_mixin.py:190} INFO - [2025-06-26T22:57:04.161+0000] {dag.py:4180} INFO - Setting next_dagrun for dataset_alias_example_alias_producer_with_no_taskflow to None, run_after=None
[2025-06-26T22:57:04.164+0000] {logging_mixin.py:190} INFO - [2025-06-26T22:57:04.164+0000] {dag.py:4180} INFO - Setting next_dagrun for dataset_s3_bucket_consumer_with_no_taskflow to None, run_after=None
[2025-06-26T22:57:04.168+0000] {logging_mixin.py:190} INFO - [2025-06-26T22:57:04.167+0000] {dag.py:4180} INFO - Setting next_dagrun for dataset_s3_bucket_producer_with_no_taskflow to None, run_after=None
[2025-06-26T22:57:04.253+0000] {processor.py:208} INFO - Processing /home/airflow/.local/lib/python3.12/site-packages/airflow/example_dags/example_dataset_alias_with_no_taskflow.py took 1.571 seconds
[2025-06-26T22:57:34.718+0000] {processor.py:186} INFO - Started process (PID=319) to work on /home/airflow/.local/lib/python3.12/site-packages/airflow/example_dags/example_dataset_alias_with_no_taskflow.py
[2025-06-26T22:57:34.722+0000] {processor.py:914} INFO - Processing file /home/airflow/.local/lib/python3.12/site-packages/airflow/example_dags/example_dataset_alias_with_no_taskflow.py for tasks to queue
[2025-06-26T22:57:34.730+0000] {logging_mixin.py:190} INFO - [2025-06-26T22:57:34.729+0000] {dagbag.py:588} INFO - Filling up the DagBag from /home/airflow/.local/lib/python3.12/site-packages/airflow/example_dags/example_dataset_alias_with_no_taskflow.py
[2025-06-26T22:57:35.724+0000] {processor.py:925} INFO - DAG(s) 'dataset_s3_bucket_consumer_with_no_taskflow', 'dataset_alias_example_alias_producer_with_no_taskflow', 'dataset_s3_bucket_producer_with_no_taskflow', 'dataset_alias_example_alias_consumer_with_no_taskflow' retrieved from /home/airflow/.local/lib/python3.12/site-packages/airflow/example_dags/example_dataset_alias_with_no_taskflow.py
[2025-06-26T22:57:35.789+0000] {logging_mixin.py:190} INFO - [2025-06-26T22:57:35.789+0000] {dag.py:3239} INFO - Sync 4 DAGs
[2025-06-26T22:57:35.931+0000] {logging_mixin.py:190} INFO - [2025-06-26T22:57:35.930+0000] {dag.py:4180} INFO - Setting next_dagrun for dataset_alias_example_alias_consumer_with_no_taskflow to None, run_after=None
[2025-06-26T22:57:35.937+0000] {logging_mixin.py:190} INFO - [2025-06-26T22:57:35.937+0000] {dag.py:4180} INFO - Setting next_dagrun for dataset_alias_example_alias_producer_with_no_taskflow to None, run_after=None
[2025-06-26T22:57:35.940+0000] {logging_mixin.py:190} INFO - [2025-06-26T22:57:35.940+0000] {dag.py:4180} INFO - Setting next_dagrun for dataset_s3_bucket_consumer_with_no_taskflow to None, run_after=None
[2025-06-26T22:57:35.941+0000] {logging_mixin.py:190} INFO - [2025-06-26T22:57:35.941+0000] {dag.py:4180} INFO - Setting next_dagrun for dataset_s3_bucket_producer_with_no_taskflow to None, run_after=None
[2025-06-26T22:57:36.040+0000] {processor.py:208} INFO - Processing /home/airflow/.local/lib/python3.12/site-packages/airflow/example_dags/example_dataset_alias_with_no_taskflow.py took 1.352 seconds
[2025-06-26T22:58:23.203+0000] {processor.py:186} INFO - Started process (PID=378) to work on /home/airflow/.local/lib/python3.12/site-packages/airflow/example_dags/example_dataset_alias_with_no_taskflow.py
[2025-06-26T22:58:23.214+0000] {processor.py:914} INFO - Processing file /home/airflow/.local/lib/python3.12/site-packages/airflow/example_dags/example_dataset_alias_with_no_taskflow.py for tasks to queue
[2025-06-26T22:58:23.268+0000] {logging_mixin.py:190} INFO - [2025-06-26T22:58:23.261+0000] {dagbag.py:588} INFO - Filling up the DagBag from /home/airflow/.local/lib/python3.12/site-packages/airflow/example_dags/example_dataset_alias_with_no_taskflow.py
[2025-06-26T22:58:25.882+0000] {processor.py:925} INFO - DAG(s) 'dataset_s3_bucket_consumer_with_no_taskflow', 'dataset_s3_bucket_producer_with_no_taskflow', 'dataset_alias_example_alias_consumer_with_no_taskflow', 'dataset_alias_example_alias_producer_with_no_taskflow' retrieved from /home/airflow/.local/lib/python3.12/site-packages/airflow/example_dags/example_dataset_alias_with_no_taskflow.py
[2025-06-26T22:58:25.927+0000] {logging_mixin.py:190} INFO - [2025-06-26T22:58:25.927+0000] {dag.py:3239} INFO - Sync 4 DAGs
[2025-06-26T22:58:26.011+0000] {logging_mixin.py:190} INFO - [2025-06-26T22:58:26.011+0000] {dag.py:4180} INFO - Setting next_dagrun for dataset_alias_example_alias_consumer_with_no_taskflow to None, run_after=None
[2025-06-26T22:58:26.019+0000] {logging_mixin.py:190} INFO - [2025-06-26T22:58:26.018+0000] {dag.py:4180} INFO - Setting next_dagrun for dataset_alias_example_alias_producer_with_no_taskflow to None, run_after=None
[2025-06-26T22:58:26.023+0000] {logging_mixin.py:190} INFO - [2025-06-26T22:58:26.023+0000] {dag.py:4180} INFO - Setting next_dagrun for dataset_s3_bucket_consumer_with_no_taskflow to None, run_after=None
[2025-06-26T22:58:26.024+0000] {logging_mixin.py:190} INFO - [2025-06-26T22:58:26.024+0000] {dag.py:4180} INFO - Setting next_dagrun for dataset_s3_bucket_producer_with_no_taskflow to None, run_after=None
[2025-06-26T22:58:26.050+0000] {processor.py:208} INFO - Processing /home/airflow/.local/lib/python3.12/site-packages/airflow/example_dags/example_dataset_alias_with_no_taskflow.py took 2.941 seconds
[2025-06-26T22:58:59.616+0000] {processor.py:186} INFO - Started process (PID=423) to work on /home/airflow/.local/lib/python3.12/site-packages/airflow/example_dags/example_dataset_alias_with_no_taskflow.py
[2025-06-26T22:58:59.619+0000] {processor.py:914} INFO - Processing file /home/airflow/.local/lib/python3.12/site-packages/airflow/example_dags/example_dataset_alias_with_no_taskflow.py for tasks to queue
[2025-06-26T22:58:59.623+0000] {logging_mixin.py:190} INFO - [2025-06-26T22:58:59.622+0000] {dagbag.py:588} INFO - Filling up the DagBag from /home/airflow/.local/lib/python3.12/site-packages/airflow/example_dags/example_dataset_alias_with_no_taskflow.py
[2025-06-26T22:59:00.334+0000] {processor.py:925} INFO - DAG(s) 'dataset_s3_bucket_producer_with_no_taskflow', 'dataset_s3_bucket_consumer_with_no_taskflow', 'dataset_alias_example_alias_consumer_with_no_taskflow', 'dataset_alias_example_alias_producer_with_no_taskflow' retrieved from /home/airflow/.local/lib/python3.12/site-packages/airflow/example_dags/example_dataset_alias_with_no_taskflow.py
[2025-06-26T22:59:00.457+0000] {logging_mixin.py:190} INFO - [2025-06-26T22:59:00.454+0000] {dag.py:3239} INFO - Sync 4 DAGs
[2025-06-26T22:59:00.577+0000] {logging_mixin.py:190} INFO - [2025-06-26T22:59:00.575+0000] {dag.py:4180} INFO - Setting next_dagrun for dataset_alias_example_alias_consumer_with_no_taskflow to None, run_after=None
[2025-06-26T22:59:00.584+0000] {logging_mixin.py:190} INFO - [2025-06-26T22:59:00.583+0000] {dag.py:4180} INFO - Setting next_dagrun for dataset_alias_example_alias_producer_with_no_taskflow to None, run_after=None
[2025-06-26T22:59:00.588+0000] {logging_mixin.py:190} INFO - [2025-06-26T22:59:00.587+0000] {dag.py:4180} INFO - Setting next_dagrun for dataset_s3_bucket_consumer_with_no_taskflow to None, run_after=None
[2025-06-26T22:59:00.590+0000] {logging_mixin.py:190} INFO - [2025-06-26T22:59:00.590+0000] {dag.py:4180} INFO - Setting next_dagrun for dataset_s3_bucket_producer_with_no_taskflow to None, run_after=None
[2025-06-26T22:59:00.641+0000] {processor.py:208} INFO - Processing /home/airflow/.local/lib/python3.12/site-packages/airflow/example_dags/example_dataset_alias_with_no_taskflow.py took 1.033 seconds
[2025-06-26T22:59:38.745+0000] {processor.py:186} INFO - Started process (PID=485) to work on /home/airflow/.local/lib/python3.12/site-packages/airflow/example_dags/example_dataset_alias_with_no_taskflow.py
[2025-06-26T22:59:38.750+0000] {processor.py:914} INFO - Processing file /home/airflow/.local/lib/python3.12/site-packages/airflow/example_dags/example_dataset_alias_with_no_taskflow.py for tasks to queue
[2025-06-26T22:59:38.765+0000] {logging_mixin.py:190} INFO - [2025-06-26T22:59:38.764+0000] {dagbag.py:588} INFO - Filling up the DagBag from /home/airflow/.local/lib/python3.12/site-packages/airflow/example_dags/example_dataset_alias_with_no_taskflow.py
[2025-06-26T22:59:39.300+0000] {processor.py:925} INFO - DAG(s) 'dataset_s3_bucket_consumer_with_no_taskflow', 'dataset_s3_bucket_producer_with_no_taskflow', 'dataset_alias_example_alias_producer_with_no_taskflow', 'dataset_alias_example_alias_consumer_with_no_taskflow' retrieved from /home/airflow/.local/lib/python3.12/site-packages/airflow/example_dags/example_dataset_alias_with_no_taskflow.py
[2025-06-26T22:59:39.331+0000] {logging_mixin.py:190} INFO - [2025-06-26T22:59:39.331+0000] {dag.py:3239} INFO - Sync 4 DAGs
[2025-06-26T22:59:39.370+0000] {logging_mixin.py:190} INFO - [2025-06-26T22:59:39.370+0000] {dag.py:4180} INFO - Setting next_dagrun for dataset_alias_example_alias_consumer_with_no_taskflow to None, run_after=None
[2025-06-26T22:59:39.372+0000] {logging_mixin.py:190} INFO - [2025-06-26T22:59:39.372+0000] {dag.py:4180} INFO - Setting next_dagrun for dataset_alias_example_alias_producer_with_no_taskflow to None, run_after=None
[2025-06-26T22:59:39.373+0000] {logging_mixin.py:190} INFO - [2025-06-26T22:59:39.372+0000] {dag.py:4180} INFO - Setting next_dagrun for dataset_s3_bucket_consumer_with_no_taskflow to None, run_after=None
[2025-06-26T22:59:39.373+0000] {logging_mixin.py:190} INFO - [2025-06-26T22:59:39.373+0000] {dag.py:4180} INFO - Setting next_dagrun for dataset_s3_bucket_producer_with_no_taskflow to None, run_after=None
[2025-06-26T22:59:39.399+0000] {processor.py:208} INFO - Processing /home/airflow/.local/lib/python3.12/site-packages/airflow/example_dags/example_dataset_alias_with_no_taskflow.py took 0.732 seconds
[2025-06-26T23:00:10.238+0000] {processor.py:186} INFO - Started process (PID=546) to work on /home/airflow/.local/lib/python3.12/site-packages/airflow/example_dags/example_dataset_alias_with_no_taskflow.py
[2025-06-26T23:00:10.248+0000] {processor.py:914} INFO - Processing file /home/airflow/.local/lib/python3.12/site-packages/airflow/example_dags/example_dataset_alias_with_no_taskflow.py for tasks to queue
[2025-06-26T23:00:10.267+0000] {logging_mixin.py:190} INFO - [2025-06-26T23:00:10.267+0000] {dagbag.py:588} INFO - Filling up the DagBag from /home/airflow/.local/lib/python3.12/site-packages/airflow/example_dags/example_dataset_alias_with_no_taskflow.py
[2025-06-26T23:00:10.551+0000] {processor.py:925} INFO - DAG(s) 'dataset_alias_example_alias_producer_with_no_taskflow', 'dataset_alias_example_alias_consumer_with_no_taskflow', 'dataset_s3_bucket_producer_with_no_taskflow', 'dataset_s3_bucket_consumer_with_no_taskflow' retrieved from /home/airflow/.local/lib/python3.12/site-packages/airflow/example_dags/example_dataset_alias_with_no_taskflow.py
[2025-06-26T23:00:10.571+0000] {logging_mixin.py:190} INFO - [2025-06-26T23:00:10.571+0000] {dag.py:3239} INFO - Sync 4 DAGs
[2025-06-26T23:00:10.594+0000] {logging_mixin.py:190} INFO - [2025-06-26T23:00:10.594+0000] {dag.py:4180} INFO - Setting next_dagrun for dataset_alias_example_alias_consumer_with_no_taskflow to None, run_after=None
[2025-06-26T23:00:10.600+0000] {logging_mixin.py:190} INFO - [2025-06-26T23:00:10.600+0000] {dag.py:4180} INFO - Setting next_dagrun for dataset_alias_example_alias_producer_with_no_taskflow to None, run_after=None
[2025-06-26T23:00:10.602+0000] {logging_mixin.py:190} INFO - [2025-06-26T23:00:10.602+0000] {dag.py:4180} INFO - Setting next_dagrun for dataset_s3_bucket_consumer_with_no_taskflow to None, run_after=None
[2025-06-26T23:00:10.603+0000] {logging_mixin.py:190} INFO - [2025-06-26T23:00:10.603+0000] {dag.py:4180} INFO - Setting next_dagrun for dataset_s3_bucket_producer_with_no_taskflow to None, run_after=None
[2025-06-26T23:00:10.632+0000] {processor.py:208} INFO - Processing /home/airflow/.local/lib/python3.12/site-packages/airflow/example_dags/example_dataset_alias_with_no_taskflow.py took 0.414 seconds
[2025-06-26T23:00:43.048+0000] {processor.py:186} INFO - Started process (PID=613) to work on /home/airflow/.local/lib/python3.12/site-packages/airflow/example_dags/example_dataset_alias_with_no_taskflow.py
[2025-06-26T23:00:43.052+0000] {processor.py:914} INFO - Processing file /home/airflow/.local/lib/python3.12/site-packages/airflow/example_dags/example_dataset_alias_with_no_taskflow.py for tasks to queue
[2025-06-26T23:00:43.054+0000] {logging_mixin.py:190} INFO - [2025-06-26T23:00:43.054+0000] {dagbag.py:588} INFO - Filling up the DagBag from /home/airflow/.local/lib/python3.12/site-packages/airflow/example_dags/example_dataset_alias_with_no_taskflow.py
[2025-06-26T23:00:43.205+0000] {processor.py:925} INFO - DAG(s) 'dataset_s3_bucket_consumer_with_no_taskflow', 'dataset_alias_example_alias_consumer_with_no_taskflow', 'dataset_alias_example_alias_producer_with_no_taskflow', 'dataset_s3_bucket_producer_with_no_taskflow' retrieved from /home/airflow/.local/lib/python3.12/site-packages/airflow/example_dags/example_dataset_alias_with_no_taskflow.py
[2025-06-26T23:00:43.276+0000] {logging_mixin.py:190} INFO - [2025-06-26T23:00:43.275+0000] {dag.py:3239} INFO - Sync 4 DAGs
[2025-06-26T23:00:43.331+0000] {logging_mixin.py:190} INFO - [2025-06-26T23:00:43.331+0000] {dag.py:4180} INFO - Setting next_dagrun for dataset_alias_example_alias_consumer_with_no_taskflow to None, run_after=None
[2025-06-26T23:00:43.333+0000] {logging_mixin.py:190} INFO - [2025-06-26T23:00:43.333+0000] {dag.py:4180} INFO - Setting next_dagrun for dataset_alias_example_alias_producer_with_no_taskflow to None, run_after=None
[2025-06-26T23:00:43.334+0000] {logging_mixin.py:190} INFO - [2025-06-26T23:00:43.334+0000] {dag.py:4180} INFO - Setting next_dagrun for dataset_s3_bucket_consumer_with_no_taskflow to None, run_after=None
[2025-06-26T23:00:43.335+0000] {logging_mixin.py:190} INFO - [2025-06-26T23:00:43.335+0000] {dag.py:4180} INFO - Setting next_dagrun for dataset_s3_bucket_producer_with_no_taskflow to None, run_after=None
[2025-06-26T23:00:43.368+0000] {processor.py:208} INFO - Processing /home/airflow/.local/lib/python3.12/site-packages/airflow/example_dags/example_dataset_alias_with_no_taskflow.py took 0.326 seconds
[2025-06-26T23:01:15.216+0000] {processor.py:186} INFO - Started process (PID=672) to work on /home/airflow/.local/lib/python3.12/site-packages/airflow/example_dags/example_dataset_alias_with_no_taskflow.py
[2025-06-26T23:01:15.219+0000] {processor.py:914} INFO - Processing file /home/airflow/.local/lib/python3.12/site-packages/airflow/example_dags/example_dataset_alias_with_no_taskflow.py for tasks to queue
[2025-06-26T23:01:15.221+0000] {logging_mixin.py:190} INFO - [2025-06-26T23:01:15.221+0000] {dagbag.py:588} INFO - Filling up the DagBag from /home/airflow/.local/lib/python3.12/site-packages/airflow/example_dags/example_dataset_alias_with_no_taskflow.py
[2025-06-26T23:01:15.651+0000] {processor.py:925} INFO - DAG(s) 'dataset_s3_bucket_producer_with_no_taskflow', 'dataset_s3_bucket_consumer_with_no_taskflow', 'dataset_alias_example_alias_producer_with_no_taskflow', 'dataset_alias_example_alias_consumer_with_no_taskflow' retrieved from /home/airflow/.local/lib/python3.12/site-packages/airflow/example_dags/example_dataset_alias_with_no_taskflow.py
[2025-06-26T23:01:15.667+0000] {logging_mixin.py:190} INFO - [2025-06-26T23:01:15.667+0000] {dag.py:3239} INFO - Sync 4 DAGs
[2025-06-26T23:01:15.694+0000] {logging_mixin.py:190} INFO - [2025-06-26T23:01:15.693+0000] {dag.py:4180} INFO - Setting next_dagrun for dataset_alias_example_alias_consumer_with_no_taskflow to None, run_after=None
[2025-06-26T23:01:15.699+0000] {logging_mixin.py:190} INFO - [2025-06-26T23:01:15.698+0000] {dag.py:4180} INFO - Setting next_dagrun for dataset_alias_example_alias_producer_with_no_taskflow to None, run_after=None
[2025-06-26T23:01:15.699+0000] {logging_mixin.py:190} INFO - [2025-06-26T23:01:15.699+0000] {dag.py:4180} INFO - Setting next_dagrun for dataset_s3_bucket_consumer_with_no_taskflow to None, run_after=None
[2025-06-26T23:01:15.700+0000] {logging_mixin.py:190} INFO - [2025-06-26T23:01:15.700+0000] {dag.py:4180} INFO - Setting next_dagrun for dataset_s3_bucket_producer_with_no_taskflow to None, run_after=None
[2025-06-26T23:01:15.727+0000] {processor.py:208} INFO - Processing /home/airflow/.local/lib/python3.12/site-packages/airflow/example_dags/example_dataset_alias_with_no_taskflow.py took 0.516 seconds
[2025-06-26T23:01:46.438+0000] {processor.py:186} INFO - Started process (PID=734) to work on /home/airflow/.local/lib/python3.12/site-packages/airflow/example_dags/example_dataset_alias_with_no_taskflow.py
[2025-06-26T23:01:46.441+0000] {processor.py:914} INFO - Processing file /home/airflow/.local/lib/python3.12/site-packages/airflow/example_dags/example_dataset_alias_with_no_taskflow.py for tasks to queue
[2025-06-26T23:01:46.447+0000] {logging_mixin.py:190} INFO - [2025-06-26T23:01:46.445+0000] {dagbag.py:588} INFO - Filling up the DagBag from /home/airflow/.local/lib/python3.12/site-packages/airflow/example_dags/example_dataset_alias_with_no_taskflow.py
[2025-06-26T23:01:46.766+0000] {processor.py:925} INFO - DAG(s) 'dataset_alias_example_alias_producer_with_no_taskflow', 'dataset_alias_example_alias_consumer_with_no_taskflow', 'dataset_s3_bucket_producer_with_no_taskflow', 'dataset_s3_bucket_consumer_with_no_taskflow' retrieved from /home/airflow/.local/lib/python3.12/site-packages/airflow/example_dags/example_dataset_alias_with_no_taskflow.py
[2025-06-26T23:01:46.782+0000] {logging_mixin.py:190} INFO - [2025-06-26T23:01:46.781+0000] {dag.py:3239} INFO - Sync 4 DAGs
[2025-06-26T23:01:46.808+0000] {logging_mixin.py:190} INFO - [2025-06-26T23:01:46.808+0000] {dag.py:4180} INFO - Setting next_dagrun for dataset_alias_example_alias_consumer_with_no_taskflow to None, run_after=None
[2025-06-26T23:01:46.810+0000] {logging_mixin.py:190} INFO - [2025-06-26T23:01:46.810+0000] {dag.py:4180} INFO - Setting next_dagrun for dataset_alias_example_alias_producer_with_no_taskflow to None, run_after=None
[2025-06-26T23:01:46.810+0000] {logging_mixin.py:190} INFO - [2025-06-26T23:01:46.810+0000] {dag.py:4180} INFO - Setting next_dagrun for dataset_s3_bucket_consumer_with_no_taskflow to None, run_after=None
[2025-06-26T23:01:46.811+0000] {logging_mixin.py:190} INFO - [2025-06-26T23:01:46.811+0000] {dag.py:4180} INFO - Setting next_dagrun for dataset_s3_bucket_producer_with_no_taskflow to None, run_after=None
[2025-06-26T23:01:46.840+0000] {processor.py:208} INFO - Processing /home/airflow/.local/lib/python3.12/site-packages/airflow/example_dags/example_dataset_alias_with_no_taskflow.py took 0.425 seconds
[2025-06-26T23:02:17.477+0000] {processor.py:186} INFO - Started process (PID=796) to work on /home/airflow/.local/lib/python3.12/site-packages/airflow/example_dags/example_dataset_alias_with_no_taskflow.py
[2025-06-26T23:02:17.497+0000] {processor.py:914} INFO - Processing file /home/airflow/.local/lib/python3.12/site-packages/airflow/example_dags/example_dataset_alias_with_no_taskflow.py for tasks to queue
[2025-06-26T23:02:17.514+0000] {logging_mixin.py:190} INFO - [2025-06-26T23:02:17.512+0000] {dagbag.py:588} INFO - Filling up the DagBag from /home/airflow/.local/lib/python3.12/site-packages/airflow/example_dags/example_dataset_alias_with_no_taskflow.py
[2025-06-26T23:02:18.111+0000] {processor.py:925} INFO - DAG(s) 'dataset_s3_bucket_producer_with_no_taskflow', 'dataset_s3_bucket_consumer_with_no_taskflow', 'dataset_alias_example_alias_producer_with_no_taskflow', 'dataset_alias_example_alias_consumer_with_no_taskflow' retrieved from /home/airflow/.local/lib/python3.12/site-packages/airflow/example_dags/example_dataset_alias_with_no_taskflow.py
[2025-06-26T23:02:18.170+0000] {logging_mixin.py:190} INFO - [2025-06-26T23:02:18.168+0000] {dag.py:3239} INFO - Sync 4 DAGs
[2025-06-26T23:02:18.214+0000] {logging_mixin.py:190} INFO - [2025-06-26T23:02:18.214+0000] {dag.py:4180} INFO - Setting next_dagrun for dataset_alias_example_alias_consumer_with_no_taskflow to None, run_after=None
[2025-06-26T23:02:18.218+0000] {logging_mixin.py:190} INFO - [2025-06-26T23:02:18.218+0000] {dag.py:4180} INFO - Setting next_dagrun for dataset_alias_example_alias_producer_with_no_taskflow to None, run_after=None
[2025-06-26T23:02:18.220+0000] {logging_mixin.py:190} INFO - [2025-06-26T23:02:18.220+0000] {dag.py:4180} INFO - Setting next_dagrun for dataset_s3_bucket_consumer_with_no_taskflow to None, run_after=None
[2025-06-26T23:02:18.221+0000] {logging_mixin.py:190} INFO - [2025-06-26T23:02:18.221+0000] {dag.py:4180} INFO - Setting next_dagrun for dataset_s3_bucket_producer_with_no_taskflow to None, run_after=None
[2025-06-26T23:02:18.268+0000] {processor.py:208} INFO - Processing /home/airflow/.local/lib/python3.12/site-packages/airflow/example_dags/example_dataset_alias_with_no_taskflow.py took 0.827 seconds
[2025-06-26T23:02:49.431+0000] {processor.py:186} INFO - Started process (PID=860) to work on /home/airflow/.local/lib/python3.12/site-packages/airflow/example_dags/example_dataset_alias_with_no_taskflow.py
[2025-06-26T23:02:49.459+0000] {processor.py:914} INFO - Processing file /home/airflow/.local/lib/python3.12/site-packages/airflow/example_dags/example_dataset_alias_with_no_taskflow.py for tasks to queue
[2025-06-26T23:02:49.540+0000] {logging_mixin.py:190} INFO - [2025-06-26T23:02:49.494+0000] {dagbag.py:588} INFO - Filling up the DagBag from /home/airflow/.local/lib/python3.12/site-packages/airflow/example_dags/example_dataset_alias_with_no_taskflow.py
[2025-06-26T23:02:53.561+0000] {processor.py:925} INFO - DAG(s) 'dataset_s3_bucket_consumer_with_no_taskflow', 'dataset_s3_bucket_producer_with_no_taskflow', 'dataset_alias_example_alias_consumer_with_no_taskflow', 'dataset_alias_example_alias_producer_with_no_taskflow' retrieved from /home/airflow/.local/lib/python3.12/site-packages/airflow/example_dags/example_dataset_alias_with_no_taskflow.py
[2025-06-26T23:02:53.588+0000] {logging_mixin.py:190} INFO - [2025-06-26T23:02:53.588+0000] {dag.py:3239} INFO - Sync 4 DAGs
[2025-06-26T23:02:53.629+0000] {logging_mixin.py:190} INFO - [2025-06-26T23:02:53.628+0000] {dag.py:4180} INFO - Setting next_dagrun for dataset_alias_example_alias_consumer_with_no_taskflow to None, run_after=None
[2025-06-26T23:02:53.631+0000] {logging_mixin.py:190} INFO - [2025-06-26T23:02:53.631+0000] {dag.py:4180} INFO - Setting next_dagrun for dataset_alias_example_alias_producer_with_no_taskflow to None, run_after=None
[2025-06-26T23:02:53.637+0000] {logging_mixin.py:190} INFO - [2025-06-26T23:02:53.637+0000] {dag.py:4180} INFO - Setting next_dagrun for dataset_s3_bucket_consumer_with_no_taskflow to None, run_after=None
[2025-06-26T23:02:53.640+0000] {logging_mixin.py:190} INFO - [2025-06-26T23:02:53.640+0000] {dag.py:4180} INFO - Setting next_dagrun for dataset_s3_bucket_producer_with_no_taskflow to None, run_after=None
[2025-06-26T23:02:53.677+0000] {processor.py:208} INFO - Processing /home/airflow/.local/lib/python3.12/site-packages/airflow/example_dags/example_dataset_alias_with_no_taskflow.py took 4.325 seconds
[2025-06-26T23:03:25.265+0000] {processor.py:186} INFO - Started process (PID=922) to work on /home/airflow/.local/lib/python3.12/site-packages/airflow/example_dags/example_dataset_alias_with_no_taskflow.py
[2025-06-26T23:03:25.510+0000] {processor.py:914} INFO - Processing file /home/airflow/.local/lib/python3.12/site-packages/airflow/example_dags/example_dataset_alias_with_no_taskflow.py for tasks to queue
[2025-06-26T23:03:26.120+0000] {logging_mixin.py:190} INFO - [2025-06-26T23:03:25.973+0000] {dagbag.py:588} INFO - Filling up the DagBag from /home/airflow/.local/lib/python3.12/site-packages/airflow/example_dags/example_dataset_alias_with_no_taskflow.py
[2025-06-26T23:03:40.348+0000] {processor.py:925} INFO - DAG(s) 'dataset_alias_example_alias_producer_with_no_taskflow', 'dataset_s3_bucket_producer_with_no_taskflow', 'dataset_s3_bucket_consumer_with_no_taskflow', 'dataset_alias_example_alias_consumer_with_no_taskflow' retrieved from /home/airflow/.local/lib/python3.12/site-packages/airflow/example_dags/example_dataset_alias_with_no_taskflow.py
[2025-06-26T23:03:40.410+0000] {logging_mixin.py:190} INFO - [2025-06-26T23:03:40.409+0000] {dag.py:3239} INFO - Sync 4 DAGs
[2025-06-26T23:03:40.513+0000] {logging_mixin.py:190} INFO - [2025-06-26T23:03:40.512+0000] {dag.py:4180} INFO - Setting next_dagrun for dataset_alias_example_alias_consumer_with_no_taskflow to None, run_after=None
[2025-06-26T23:03:40.523+0000] {logging_mixin.py:190} INFO - [2025-06-26T23:03:40.523+0000] {dag.py:4180} INFO - Setting next_dagrun for dataset_alias_example_alias_producer_with_no_taskflow to None, run_after=None
[2025-06-26T23:03:40.525+0000] {logging_mixin.py:190} INFO - [2025-06-26T23:03:40.525+0000] {dag.py:4180} INFO - Setting next_dagrun for dataset_s3_bucket_consumer_with_no_taskflow to None, run_after=None
[2025-06-26T23:03:40.527+0000] {logging_mixin.py:190} INFO - [2025-06-26T23:03:40.527+0000] {dag.py:4180} INFO - Setting next_dagrun for dataset_s3_bucket_producer_with_no_taskflow to None, run_after=None
[2025-06-26T23:03:40.556+0000] {processor.py:208} INFO - Processing /home/airflow/.local/lib/python3.12/site-packages/airflow/example_dags/example_dataset_alias_with_no_taskflow.py took 15.453 seconds
[2025-06-26T23:04:32.708+0000] {processor.py:186} INFO - Started process (PID=993) to work on /home/airflow/.local/lib/python3.12/site-packages/airflow/example_dags/example_dataset_alias_with_no_taskflow.py
[2025-06-26T23:04:32.710+0000] {processor.py:914} INFO - Processing file /home/airflow/.local/lib/python3.12/site-packages/airflow/example_dags/example_dataset_alias_with_no_taskflow.py for tasks to queue
[2025-06-26T23:04:32.717+0000] {logging_mixin.py:190} INFO - [2025-06-26T23:04:32.716+0000] {dagbag.py:588} INFO - Filling up the DagBag from /home/airflow/.local/lib/python3.12/site-packages/airflow/example_dags/example_dataset_alias_with_no_taskflow.py
[2025-06-26T23:04:33.188+0000] {processor.py:925} INFO - DAG(s) 'dataset_s3_bucket_producer_with_no_taskflow', 'dataset_s3_bucket_consumer_with_no_taskflow', 'dataset_alias_example_alias_consumer_with_no_taskflow', 'dataset_alias_example_alias_producer_with_no_taskflow' retrieved from /home/airflow/.local/lib/python3.12/site-packages/airflow/example_dags/example_dataset_alias_with_no_taskflow.py
[2025-06-26T23:04:33.209+0000] {logging_mixin.py:190} INFO - [2025-06-26T23:04:33.208+0000] {dag.py:3239} INFO - Sync 4 DAGs
[2025-06-26T23:04:33.240+0000] {logging_mixin.py:190} INFO - [2025-06-26T23:04:33.239+0000] {dag.py:4180} INFO - Setting next_dagrun for dataset_alias_example_alias_consumer_with_no_taskflow to None, run_after=None
[2025-06-26T23:04:33.244+0000] {logging_mixin.py:190} INFO - [2025-06-26T23:04:33.244+0000] {dag.py:4180} INFO - Setting next_dagrun for dataset_alias_example_alias_producer_with_no_taskflow to None, run_after=None
[2025-06-26T23:04:33.246+0000] {logging_mixin.py:190} INFO - [2025-06-26T23:04:33.246+0000] {dag.py:4180} INFO - Setting next_dagrun for dataset_s3_bucket_consumer_with_no_taskflow to None, run_after=None
[2025-06-26T23:04:33.247+0000] {logging_mixin.py:190} INFO - [2025-06-26T23:04:33.247+0000] {dag.py:4180} INFO - Setting next_dagrun for dataset_s3_bucket_producer_with_no_taskflow to None, run_after=None
[2025-06-26T23:04:33.269+0000] {processor.py:208} INFO - Processing /home/airflow/.local/lib/python3.12/site-packages/airflow/example_dags/example_dataset_alias_with_no_taskflow.py took 0.571 seconds
[2025-06-26T23:05:09.906+0000] {processor.py:186} INFO - Started process (PID=1058) to work on /home/airflow/.local/lib/python3.12/site-packages/airflow/example_dags/example_dataset_alias_with_no_taskflow.py
[2025-06-26T23:05:09.909+0000] {processor.py:914} INFO - Processing file /home/airflow/.local/lib/python3.12/site-packages/airflow/example_dags/example_dataset_alias_with_no_taskflow.py for tasks to queue
[2025-06-26T23:05:09.911+0000] {logging_mixin.py:190} INFO - [2025-06-26T23:05:09.911+0000] {dagbag.py:588} INFO - Filling up the DagBag from /home/airflow/.local/lib/python3.12/site-packages/airflow/example_dags/example_dataset_alias_with_no_taskflow.py
[2025-06-26T23:05:10.276+0000] {processor.py:925} INFO - DAG(s) 'dataset_s3_bucket_consumer_with_no_taskflow', 'dataset_s3_bucket_producer_with_no_taskflow', 'dataset_alias_example_alias_consumer_with_no_taskflow', 'dataset_alias_example_alias_producer_with_no_taskflow' retrieved from /home/airflow/.local/lib/python3.12/site-packages/airflow/example_dags/example_dataset_alias_with_no_taskflow.py
[2025-06-26T23:05:10.291+0000] {logging_mixin.py:190} INFO - [2025-06-26T23:05:10.291+0000] {dag.py:3239} INFO - Sync 4 DAGs
[2025-06-26T23:05:10.316+0000] {logging_mixin.py:190} INFO - [2025-06-26T23:05:10.315+0000] {dag.py:4180} INFO - Setting next_dagrun for dataset_alias_example_alias_consumer_with_no_taskflow to None, run_after=None
[2025-06-26T23:05:10.322+0000] {logging_mixin.py:190} INFO - [2025-06-26T23:05:10.322+0000] {dag.py:4180} INFO - Setting next_dagrun for dataset_alias_example_alias_producer_with_no_taskflow to None, run_after=None
[2025-06-26T23:05:10.324+0000] {logging_mixin.py:190} INFO - [2025-06-26T23:05:10.324+0000] {dag.py:4180} INFO - Setting next_dagrun for dataset_s3_bucket_consumer_with_no_taskflow to None, run_after=None
[2025-06-26T23:05:10.325+0000] {logging_mixin.py:190} INFO - [2025-06-26T23:05:10.325+0000] {dag.py:4180} INFO - Setting next_dagrun for dataset_s3_bucket_producer_with_no_taskflow to None, run_after=None
[2025-06-26T23:05:10.346+0000] {processor.py:208} INFO - Processing /home/airflow/.local/lib/python3.12/site-packages/airflow/example_dags/example_dataset_alias_with_no_taskflow.py took 0.446 seconds
[2025-06-26T23:05:41.118+0000] {processor.py:186} INFO - Started process (PID=1120) to work on /home/airflow/.local/lib/python3.12/site-packages/airflow/example_dags/example_dataset_alias_with_no_taskflow.py
[2025-06-26T23:05:41.120+0000] {processor.py:914} INFO - Processing file /home/airflow/.local/lib/python3.12/site-packages/airflow/example_dags/example_dataset_alias_with_no_taskflow.py for tasks to queue
[2025-06-26T23:05:41.121+0000] {logging_mixin.py:190} INFO - [2025-06-26T23:05:41.121+0000] {dagbag.py:588} INFO - Filling up the DagBag from /home/airflow/.local/lib/python3.12/site-packages/airflow/example_dags/example_dataset_alias_with_no_taskflow.py
[2025-06-26T23:05:41.457+0000] {processor.py:925} INFO - DAG(s) 'dataset_alias_example_alias_consumer_with_no_taskflow', 'dataset_alias_example_alias_producer_with_no_taskflow', 'dataset_s3_bucket_producer_with_no_taskflow', 'dataset_s3_bucket_consumer_with_no_taskflow' retrieved from /home/airflow/.local/lib/python3.12/site-packages/airflow/example_dags/example_dataset_alias_with_no_taskflow.py
[2025-06-26T23:05:41.487+0000] {logging_mixin.py:190} INFO - [2025-06-26T23:05:41.486+0000] {dag.py:3239} INFO - Sync 4 DAGs
[2025-06-26T23:05:41.532+0000] {logging_mixin.py:190} INFO - [2025-06-26T23:05:41.531+0000] {dag.py:4180} INFO - Setting next_dagrun for dataset_alias_example_alias_consumer_with_no_taskflow to None, run_after=None
[2025-06-26T23:05:41.534+0000] {logging_mixin.py:190} INFO - [2025-06-26T23:05:41.533+0000] {dag.py:4180} INFO - Setting next_dagrun for dataset_alias_example_alias_producer_with_no_taskflow to None, run_after=None
[2025-06-26T23:05:41.535+0000] {logging_mixin.py:190} INFO - [2025-06-26T23:05:41.535+0000] {dag.py:4180} INFO - Setting next_dagrun for dataset_s3_bucket_consumer_with_no_taskflow to None, run_after=None
[2025-06-26T23:05:41.536+0000] {logging_mixin.py:190} INFO - [2025-06-26T23:05:41.536+0000] {dag.py:4180} INFO - Setting next_dagrun for dataset_s3_bucket_producer_with_no_taskflow to None, run_after=None
[2025-06-26T23:05:41.563+0000] {processor.py:208} INFO - Processing /home/airflow/.local/lib/python3.12/site-packages/airflow/example_dags/example_dataset_alias_with_no_taskflow.py took 0.449 seconds
[2025-06-26T23:06:11.650+0000] {processor.py:186} INFO - Started process (PID=1184) to work on /home/airflow/.local/lib/python3.12/site-packages/airflow/example_dags/example_dataset_alias_with_no_taskflow.py
[2025-06-26T23:06:11.653+0000] {processor.py:914} INFO - Processing file /home/airflow/.local/lib/python3.12/site-packages/airflow/example_dags/example_dataset_alias_with_no_taskflow.py for tasks to queue
[2025-06-26T23:06:11.656+0000] {logging_mixin.py:190} INFO - [2025-06-26T23:06:11.656+0000] {dagbag.py:588} INFO - Filling up the DagBag from /home/airflow/.local/lib/python3.12/site-packages/airflow/example_dags/example_dataset_alias_with_no_taskflow.py
[2025-06-26T23:06:12.076+0000] {processor.py:925} INFO - DAG(s) 'dataset_alias_example_alias_producer_with_no_taskflow', 'dataset_s3_bucket_producer_with_no_taskflow', 'dataset_s3_bucket_consumer_with_no_taskflow', 'dataset_alias_example_alias_consumer_with_no_taskflow' retrieved from /home/airflow/.local/lib/python3.12/site-packages/airflow/example_dags/example_dataset_alias_with_no_taskflow.py
[2025-06-26T23:06:12.106+0000] {logging_mixin.py:190} INFO - [2025-06-26T23:06:12.106+0000] {dag.py:3239} INFO - Sync 4 DAGs
[2025-06-26T23:06:12.160+0000] {logging_mixin.py:190} INFO - [2025-06-26T23:06:12.159+0000] {dag.py:4180} INFO - Setting next_dagrun for dataset_alias_example_alias_consumer_with_no_taskflow to None, run_after=None
[2025-06-26T23:06:12.162+0000] {logging_mixin.py:190} INFO - [2025-06-26T23:06:12.162+0000] {dag.py:4180} INFO - Setting next_dagrun for dataset_alias_example_alias_producer_with_no_taskflow to None, run_after=None
[2025-06-26T23:06:12.164+0000] {logging_mixin.py:190} INFO - [2025-06-26T23:06:12.164+0000] {dag.py:4180} INFO - Setting next_dagrun for dataset_s3_bucket_consumer_with_no_taskflow to None, run_after=None
[2025-06-26T23:06:12.165+0000] {logging_mixin.py:190} INFO - [2025-06-26T23:06:12.165+0000] {dag.py:4180} INFO - Setting next_dagrun for dataset_s3_bucket_producer_with_no_taskflow to None, run_after=None
[2025-06-26T23:06:12.195+0000] {processor.py:208} INFO - Processing /home/airflow/.local/lib/python3.12/site-packages/airflow/example_dags/example_dataset_alias_with_no_taskflow.py took 0.554 seconds
[2025-06-26T23:06:44.188+0000] {processor.py:186} INFO - Started process (PID=1246) to work on /home/airflow/.local/lib/python3.12/site-packages/airflow/example_dags/example_dataset_alias_with_no_taskflow.py
[2025-06-26T23:06:44.190+0000] {processor.py:914} INFO - Processing file /home/airflow/.local/lib/python3.12/site-packages/airflow/example_dags/example_dataset_alias_with_no_taskflow.py for tasks to queue
[2025-06-26T23:06:44.192+0000] {logging_mixin.py:190} INFO - [2025-06-26T23:06:44.192+0000] {dagbag.py:588} INFO - Filling up the DagBag from /home/airflow/.local/lib/python3.12/site-packages/airflow/example_dags/example_dataset_alias_with_no_taskflow.py
[2025-06-26T23:06:44.497+0000] {processor.py:925} INFO - DAG(s) 'dataset_s3_bucket_consumer_with_no_taskflow', 'dataset_alias_example_alias_consumer_with_no_taskflow', 'dataset_s3_bucket_producer_with_no_taskflow', 'dataset_alias_example_alias_producer_with_no_taskflow' retrieved from /home/airflow/.local/lib/python3.12/site-packages/airflow/example_dags/example_dataset_alias_with_no_taskflow.py
[2025-06-26T23:06:44.530+0000] {logging_mixin.py:190} INFO - [2025-06-26T23:06:44.530+0000] {dag.py:3239} INFO - Sync 4 DAGs
[2025-06-26T23:06:44.584+0000] {logging_mixin.py:190} INFO - [2025-06-26T23:06:44.584+0000] {dag.py:4180} INFO - Setting next_dagrun for dataset_alias_example_alias_consumer_with_no_taskflow to None, run_after=None
[2025-06-26T23:06:44.586+0000] {logging_mixin.py:190} INFO - [2025-06-26T23:06:44.586+0000] {dag.py:4180} INFO - Setting next_dagrun for dataset_alias_example_alias_producer_with_no_taskflow to None, run_after=None
[2025-06-26T23:06:44.588+0000] {logging_mixin.py:190} INFO - [2025-06-26T23:06:44.588+0000] {dag.py:4180} INFO - Setting next_dagrun for dataset_s3_bucket_consumer_with_no_taskflow to None, run_after=None
[2025-06-26T23:06:44.590+0000] {logging_mixin.py:190} INFO - [2025-06-26T23:06:44.590+0000] {dag.py:4180} INFO - Setting next_dagrun for dataset_s3_bucket_producer_with_no_taskflow to None, run_after=None
[2025-06-26T23:06:44.605+0000] {processor.py:208} INFO - Processing /home/airflow/.local/lib/python3.12/site-packages/airflow/example_dags/example_dataset_alias_with_no_taskflow.py took 0.421 seconds
[2025-06-26T23:07:15.259+0000] {processor.py:186} INFO - Started process (PID=1308) to work on /home/airflow/.local/lib/python3.12/site-packages/airflow/example_dags/example_dataset_alias_with_no_taskflow.py
[2025-06-26T23:07:15.268+0000] {processor.py:914} INFO - Processing file /home/airflow/.local/lib/python3.12/site-packages/airflow/example_dags/example_dataset_alias_with_no_taskflow.py for tasks to queue
[2025-06-26T23:07:15.288+0000] {logging_mixin.py:190} INFO - [2025-06-26T23:07:15.285+0000] {dagbag.py:588} INFO - Filling up the DagBag from /home/airflow/.local/lib/python3.12/site-packages/airflow/example_dags/example_dataset_alias_with_no_taskflow.py
[2025-06-26T23:07:16.803+0000] {processor.py:925} INFO - DAG(s) 'dataset_s3_bucket_producer_with_no_taskflow', 'dataset_s3_bucket_consumer_with_no_taskflow', 'dataset_alias_example_alias_producer_with_no_taskflow', 'dataset_alias_example_alias_consumer_with_no_taskflow' retrieved from /home/airflow/.local/lib/python3.12/site-packages/airflow/example_dags/example_dataset_alias_with_no_taskflow.py
[2025-06-26T23:07:16.849+0000] {logging_mixin.py:190} INFO - [2025-06-26T23:07:16.848+0000] {dag.py:3239} INFO - Sync 4 DAGs
[2025-06-26T23:07:16.881+0000] {logging_mixin.py:190} INFO - [2025-06-26T23:07:16.881+0000] {dag.py:4180} INFO - Setting next_dagrun for dataset_alias_example_alias_consumer_with_no_taskflow to None, run_after=None
[2025-06-26T23:07:16.885+0000] {logging_mixin.py:190} INFO - [2025-06-26T23:07:16.885+0000] {dag.py:4180} INFO - Setting next_dagrun for dataset_alias_example_alias_producer_with_no_taskflow to None, run_after=None
[2025-06-26T23:07:16.887+0000] {logging_mixin.py:190} INFO - [2025-06-26T23:07:16.887+0000] {dag.py:4180} INFO - Setting next_dagrun for dataset_s3_bucket_consumer_with_no_taskflow to None, run_after=None
[2025-06-26T23:07:16.888+0000] {logging_mixin.py:190} INFO - [2025-06-26T23:07:16.888+0000] {dag.py:4180} INFO - Setting next_dagrun for dataset_s3_bucket_producer_with_no_taskflow to None, run_after=None
[2025-06-26T23:07:16.929+0000] {processor.py:208} INFO - Processing /home/airflow/.local/lib/python3.12/site-packages/airflow/example_dags/example_dataset_alias_with_no_taskflow.py took 1.740 seconds
