[2025-06-26T22:55:47.636+0000] {processor.py:186} INFO - Started process (PID=109) to work on /home/airflow/.local/lib/python3.12/site-packages/airflow/example_dags/example_subdag_operator.py
[2025-06-26T22:55:47.636+0000] {processor.py:914} INFO - Processing file /home/airflow/.local/lib/python3.12/site-packages/airflow/example_dags/example_subdag_operator.py for tasks to queue
[2025-06-26T22:55:47.638+0000] {logging_mixin.py:190} INFO - [2025-06-26T22:55:47.638+0000] {dagbag.py:588} INFO - Filling up the DagBag from /home/airflow/.local/lib/python3.12/site-packages/airflow/example_dags/example_subdag_operator.py
[2025-06-26T22:55:47.696+0000] {processor.py:925} INFO - DAG(s) 'example_subdag_operator.section-1', 'example_subdag_operator.section-2', 'example_subdag_operator' retrieved from /home/airflow/.local/lib/python3.12/site-packages/airflow/example_dags/example_subdag_operator.py
[2025-06-26T22:55:47.779+0000] {logging_mixin.py:190} INFO - [2025-06-26T22:55:47.778+0000] {override.py:1900} INFO - Created Permission View: can read on DAG:example_subdag_operator
[2025-06-26T22:55:47.788+0000] {logging_mixin.py:190} INFO - [2025-06-26T22:55:47.788+0000] {override.py:1900} INFO - Created Permission View: can delete on DAG:example_subdag_operator
[2025-06-26T22:55:47.791+0000] {logging_mixin.py:190} INFO - [2025-06-26T22:55:47.791+0000] {override.py:1900} INFO - Created Permission View: can edit on DAG:example_subdag_operator
[2025-06-26T22:55:47.798+0000] {logging_mixin.py:190} INFO - [2025-06-26T22:55:47.797+0000] {override.py:1900} INFO - Created Permission View: can read on DAG Run:example_subdag_operator
[2025-06-26T22:55:47.801+0000] {logging_mixin.py:190} INFO - [2025-06-26T22:55:47.801+0000] {override.py:1900} INFO - Created Permission View: menu access on DAG Run:example_subdag_operator
[2025-06-26T22:55:47.804+0000] {logging_mixin.py:190} INFO - [2025-06-26T22:55:47.804+0000] {override.py:1900} INFO - Created Permission View: can delete on DAG Run:example_subdag_operator
[2025-06-26T22:55:47.807+0000] {logging_mixin.py:190} INFO - [2025-06-26T22:55:47.807+0000] {override.py:1900} INFO - Created Permission View: can create on DAG Run:example_subdag_operator
[2025-06-26T22:55:47.807+0000] {logging_mixin.py:190} INFO - [2025-06-26T22:55:47.807+0000] {dag.py:3239} INFO - Sync 3 DAGs
[2025-06-26T22:55:47.848+0000] {logging_mixin.py:190} INFO - [2025-06-26T22:55:47.846+0000] {dag.py:3262} INFO - Creating ORM DAG for example_subdag_operator.section-1
[2025-06-26T22:55:47.849+0000] {logging_mixin.py:190} INFO - [2025-06-26T22:55:47.849+0000] {dag.py:3262} INFO - Creating ORM DAG for example_subdag_operator
[2025-06-26T22:55:47.849+0000] {logging_mixin.py:190} INFO - [2025-06-26T22:55:47.849+0000] {dag.py:3262} INFO - Creating ORM DAG for example_subdag_operator.section-2
[2025-06-26T22:55:47.863+0000] {logging_mixin.py:190} INFO - [2025-06-26T22:55:47.863+0000] {dag.py:4180} INFO - Setting next_dagrun for example_subdag_operator to 2022-01-01 00:00:00+00:00, run_after=2022-01-01 00:00:00+00:00
[2025-06-26T22:55:47.864+0000] {logging_mixin.py:190} INFO - [2025-06-26T22:55:47.863+0000] {dag.py:4180} INFO - Setting next_dagrun for example_subdag_operator.section-1 to None, run_after=None
[2025-06-26T22:55:47.864+0000] {logging_mixin.py:190} INFO - [2025-06-26T22:55:47.864+0000] {dag.py:4180} INFO - Setting next_dagrun for example_subdag_operator.section-2 to None, run_after=None
[2025-06-26T22:55:47.877+0000] {logging_mixin.py:190} INFO - [2025-06-26T22:55:47.877+0000] {dag.py:3239} INFO - Sync 2 DAGs
[2025-06-26T22:55:47.887+0000] {logging_mixin.py:190} INFO - [2025-06-26T22:55:47.887+0000] {dag.py:4180} INFO - Setting next_dagrun for example_subdag_operator.section-1 to None, run_after=None
[2025-06-26T22:55:47.891+0000] {logging_mixin.py:190} INFO - [2025-06-26T22:55:47.890+0000] {dag.py:4180} INFO - Setting next_dagrun for example_subdag_operator.section-2 to None, run_after=None
[2025-06-26T22:55:47.912+0000] {processor.py:208} INFO - Processing /home/airflow/.local/lib/python3.12/site-packages/airflow/example_dags/example_subdag_operator.py took 0.281 seconds
[2025-06-26T22:56:18.240+0000] {processor.py:186} INFO - Started process (PID=171) to work on /home/airflow/.local/lib/python3.12/site-packages/airflow/example_dags/example_subdag_operator.py
[2025-06-26T22:56:18.241+0000] {processor.py:914} INFO - Processing file /home/airflow/.local/lib/python3.12/site-packages/airflow/example_dags/example_subdag_operator.py for tasks to queue
[2025-06-26T22:56:18.246+0000] {logging_mixin.py:190} INFO - [2025-06-26T22:56:18.245+0000] {dagbag.py:588} INFO - Filling up the DagBag from /home/airflow/.local/lib/python3.12/site-packages/airflow/example_dags/example_subdag_operator.py
[2025-06-26T22:56:18.284+0000] {processor.py:925} INFO - DAG(s) 'example_subdag_operator.section-1', 'example_subdag_operator.section-2', 'example_subdag_operator' retrieved from /home/airflow/.local/lib/python3.12/site-packages/airflow/example_dags/example_subdag_operator.py
[2025-06-26T22:56:18.295+0000] {logging_mixin.py:190} INFO - [2025-06-26T22:56:18.295+0000] {dag.py:3239} INFO - Sync 3 DAGs
[2025-06-26T22:56:18.319+0000] {logging_mixin.py:190} INFO - [2025-06-26T22:56:18.318+0000] {dag.py:4180} INFO - Setting next_dagrun for example_subdag_operator to 2022-01-01 00:00:00+00:00, run_after=2022-01-01 00:00:00+00:00
[2025-06-26T22:56:18.321+0000] {logging_mixin.py:190} INFO - [2025-06-26T22:56:18.321+0000] {dag.py:4180} INFO - Setting next_dagrun for example_subdag_operator.section-1 to None, run_after=None
[2025-06-26T22:56:18.322+0000] {logging_mixin.py:190} INFO - [2025-06-26T22:56:18.322+0000] {dag.py:4180} INFO - Setting next_dagrun for example_subdag_operator.section-2 to None, run_after=None
[2025-06-26T22:56:18.337+0000] {logging_mixin.py:190} INFO - [2025-06-26T22:56:18.336+0000] {dag.py:3239} INFO - Sync 2 DAGs
[2025-06-26T22:56:18.344+0000] {logging_mixin.py:190} INFO - [2025-06-26T22:56:18.343+0000] {dag.py:4180} INFO - Setting next_dagrun for example_subdag_operator.section-1 to None, run_after=None
[2025-06-26T22:56:18.345+0000] {logging_mixin.py:190} INFO - [2025-06-26T22:56:18.345+0000] {dag.py:4180} INFO - Setting next_dagrun for example_subdag_operator.section-2 to None, run_after=None
[2025-06-26T22:56:18.353+0000] {processor.py:208} INFO - Processing /home/airflow/.local/lib/python3.12/site-packages/airflow/example_dags/example_subdag_operator.py took 0.132 seconds
[2025-06-26T22:56:49.925+0000] {processor.py:186} INFO - Started process (PID=233) to work on /home/airflow/.local/lib/python3.12/site-packages/airflow/example_dags/example_subdag_operator.py
[2025-06-26T22:56:49.931+0000] {processor.py:914} INFO - Processing file /home/airflow/.local/lib/python3.12/site-packages/airflow/example_dags/example_subdag_operator.py for tasks to queue
[2025-06-26T22:56:49.946+0000] {logging_mixin.py:190} INFO - [2025-06-26T22:56:49.945+0000] {dagbag.py:588} INFO - Filling up the DagBag from /home/airflow/.local/lib/python3.12/site-packages/airflow/example_dags/example_subdag_operator.py
[2025-06-26T22:56:50.118+0000] {processor.py:925} INFO - DAG(s) 'example_subdag_operator.section-1', 'example_subdag_operator.section-2', 'example_subdag_operator' retrieved from /home/airflow/.local/lib/python3.12/site-packages/airflow/example_dags/example_subdag_operator.py
[2025-06-26T22:56:50.154+0000] {logging_mixin.py:190} INFO - [2025-06-26T22:56:50.153+0000] {dag.py:3239} INFO - Sync 3 DAGs
[2025-06-26T22:56:50.202+0000] {logging_mixin.py:190} INFO - [2025-06-26T22:56:50.202+0000] {dag.py:4180} INFO - Setting next_dagrun for example_subdag_operator to 2022-01-01 00:00:00+00:00, run_after=2022-01-01 00:00:00+00:00
[2025-06-26T22:56:50.207+0000] {logging_mixin.py:190} INFO - [2025-06-26T22:56:50.207+0000] {dag.py:4180} INFO - Setting next_dagrun for example_subdag_operator.section-1 to None, run_after=None
[2025-06-26T22:56:50.208+0000] {logging_mixin.py:190} INFO - [2025-06-26T22:56:50.208+0000] {dag.py:4180} INFO - Setting next_dagrun for example_subdag_operator.section-2 to None, run_after=None
[2025-06-26T22:56:50.219+0000] {logging_mixin.py:190} INFO - [2025-06-26T22:56:50.218+0000] {dag.py:3239} INFO - Sync 2 DAGs
[2025-06-26T22:56:50.228+0000] {logging_mixin.py:190} INFO - [2025-06-26T22:56:50.227+0000] {dag.py:4180} INFO - Setting next_dagrun for example_subdag_operator.section-1 to None, run_after=None
[2025-06-26T22:56:50.228+0000] {logging_mixin.py:190} INFO - [2025-06-26T22:56:50.228+0000] {dag.py:4180} INFO - Setting next_dagrun for example_subdag_operator.section-2 to None, run_after=None
[2025-06-26T22:56:50.263+0000] {processor.py:208} INFO - Processing /home/airflow/.local/lib/python3.12/site-packages/airflow/example_dags/example_subdag_operator.py took 0.368 seconds
[2025-06-26T22:57:21.060+0000] {processor.py:186} INFO - Started process (PID=295) to work on /home/airflow/.local/lib/python3.12/site-packages/airflow/example_dags/example_subdag_operator.py
[2025-06-26T22:57:21.064+0000] {processor.py:914} INFO - Processing file /home/airflow/.local/lib/python3.12/site-packages/airflow/example_dags/example_subdag_operator.py for tasks to queue
[2025-06-26T22:57:21.081+0000] {logging_mixin.py:190} INFO - [2025-06-26T22:57:21.075+0000] {dagbag.py:588} INFO - Filling up the DagBag from /home/airflow/.local/lib/python3.12/site-packages/airflow/example_dags/example_subdag_operator.py
[2025-06-26T22:57:21.273+0000] {processor.py:925} INFO - DAG(s) 'example_subdag_operator.section-1', 'example_subdag_operator.section-2', 'example_subdag_operator' retrieved from /home/airflow/.local/lib/python3.12/site-packages/airflow/example_dags/example_subdag_operator.py
[2025-06-26T22:57:21.295+0000] {logging_mixin.py:190} INFO - [2025-06-26T22:57:21.294+0000] {dag.py:3239} INFO - Sync 3 DAGs
[2025-06-26T22:57:21.357+0000] {logging_mixin.py:190} INFO - [2025-06-26T22:57:21.354+0000] {dag.py:4180} INFO - Setting next_dagrun for example_subdag_operator to 2022-01-01 00:00:00+00:00, run_after=2022-01-01 00:00:00+00:00
[2025-06-26T22:57:21.399+0000] {logging_mixin.py:190} INFO - [2025-06-26T22:57:21.398+0000] {dag.py:4180} INFO - Setting next_dagrun for example_subdag_operator.section-1 to None, run_after=None
[2025-06-26T22:57:21.402+0000] {logging_mixin.py:190} INFO - [2025-06-26T22:57:21.402+0000] {dag.py:4180} INFO - Setting next_dagrun for example_subdag_operator.section-2 to None, run_after=None
[2025-06-26T22:57:21.427+0000] {logging_mixin.py:190} INFO - [2025-06-26T22:57:21.426+0000] {dag.py:3239} INFO - Sync 2 DAGs
[2025-06-26T22:57:21.439+0000] {logging_mixin.py:190} INFO - [2025-06-26T22:57:21.439+0000] {dag.py:4180} INFO - Setting next_dagrun for example_subdag_operator.section-1 to None, run_after=None
[2025-06-26T22:57:21.440+0000] {logging_mixin.py:190} INFO - [2025-06-26T22:57:21.440+0000] {dag.py:4180} INFO - Setting next_dagrun for example_subdag_operator.section-2 to None, run_after=None
[2025-06-26T22:57:21.525+0000] {processor.py:208} INFO - Processing /home/airflow/.local/lib/python3.12/site-packages/airflow/example_dags/example_subdag_operator.py took 0.495 seconds
[2025-06-26T22:58:17.134+0000] {processor.py:186} INFO - Started process (PID=367) to work on /home/airflow/.local/lib/python3.12/site-packages/airflow/example_dags/example_subdag_operator.py
[2025-06-26T22:58:17.139+0000] {processor.py:914} INFO - Processing file /home/airflow/.local/lib/python3.12/site-packages/airflow/example_dags/example_subdag_operator.py for tasks to queue
[2025-06-26T22:58:17.150+0000] {logging_mixin.py:190} INFO - [2025-06-26T22:58:17.147+0000] {dagbag.py:588} INFO - Filling up the DagBag from /home/airflow/.local/lib/python3.12/site-packages/airflow/example_dags/example_subdag_operator.py
[2025-06-26T22:58:17.243+0000] {processor.py:925} INFO - DAG(s) 'example_subdag_operator.section-1', 'example_subdag_operator.section-2', 'example_subdag_operator' retrieved from /home/airflow/.local/lib/python3.12/site-packages/airflow/example_dags/example_subdag_operator.py
[2025-06-26T22:58:17.321+0000] {logging_mixin.py:190} INFO - [2025-06-26T22:58:17.320+0000] {dag.py:3239} INFO - Sync 3 DAGs
[2025-06-26T22:58:17.381+0000] {logging_mixin.py:190} INFO - [2025-06-26T22:58:17.380+0000] {dag.py:4180} INFO - Setting next_dagrun for example_subdag_operator to 2022-01-01 00:00:00+00:00, run_after=2022-01-01 00:00:00+00:00
[2025-06-26T22:58:17.387+0000] {logging_mixin.py:190} INFO - [2025-06-26T22:58:17.387+0000] {dag.py:4180} INFO - Setting next_dagrun for example_subdag_operator.section-1 to None, run_after=None
[2025-06-26T22:58:17.389+0000] {logging_mixin.py:190} INFO - [2025-06-26T22:58:17.389+0000] {dag.py:4180} INFO - Setting next_dagrun for example_subdag_operator.section-2 to None, run_after=None
[2025-06-26T22:58:17.409+0000] {logging_mixin.py:190} INFO - [2025-06-26T22:58:17.408+0000] {dag.py:3239} INFO - Sync 2 DAGs
[2025-06-26T22:58:17.432+0000] {logging_mixin.py:190} INFO - [2025-06-26T22:58:17.431+0000] {dag.py:4180} INFO - Setting next_dagrun for example_subdag_operator.section-1 to None, run_after=None
[2025-06-26T22:58:17.435+0000] {logging_mixin.py:190} INFO - [2025-06-26T22:58:17.435+0000] {dag.py:4180} INFO - Setting next_dagrun for example_subdag_operator.section-2 to None, run_after=None
[2025-06-26T22:58:17.513+0000] {processor.py:208} INFO - Processing /home/airflow/.local/lib/python3.12/site-packages/airflow/example_dags/example_subdag_operator.py took 0.424 seconds
[2025-06-26T22:59:03.302+0000] {processor.py:186} INFO - Started process (PID=440) to work on /home/airflow/.local/lib/python3.12/site-packages/airflow/example_dags/example_subdag_operator.py
[2025-06-26T22:59:03.304+0000] {processor.py:914} INFO - Processing file /home/airflow/.local/lib/python3.12/site-packages/airflow/example_dags/example_subdag_operator.py for tasks to queue
[2025-06-26T22:59:03.308+0000] {logging_mixin.py:190} INFO - [2025-06-26T22:59:03.307+0000] {dagbag.py:588} INFO - Filling up the DagBag from /home/airflow/.local/lib/python3.12/site-packages/airflow/example_dags/example_subdag_operator.py
[2025-06-26T22:59:03.379+0000] {processor.py:925} INFO - DAG(s) 'example_subdag_operator.section-1', 'example_subdag_operator.section-2', 'example_subdag_operator' retrieved from /home/airflow/.local/lib/python3.12/site-packages/airflow/example_dags/example_subdag_operator.py
[2025-06-26T22:59:03.403+0000] {logging_mixin.py:190} INFO - [2025-06-26T22:59:03.403+0000] {dag.py:3239} INFO - Sync 3 DAGs
[2025-06-26T22:59:03.437+0000] {logging_mixin.py:190} INFO - [2025-06-26T22:59:03.437+0000] {dag.py:4180} INFO - Setting next_dagrun for example_subdag_operator to 2022-01-01 00:00:00+00:00, run_after=2022-01-01 00:00:00+00:00
[2025-06-26T22:59:03.442+0000] {logging_mixin.py:190} INFO - [2025-06-26T22:59:03.442+0000] {dag.py:4180} INFO - Setting next_dagrun for example_subdag_operator.section-1 to None, run_after=None
[2025-06-26T22:59:03.444+0000] {logging_mixin.py:190} INFO - [2025-06-26T22:59:03.444+0000] {dag.py:4180} INFO - Setting next_dagrun for example_subdag_operator.section-2 to None, run_after=None
[2025-06-26T22:59:03.469+0000] {logging_mixin.py:190} INFO - [2025-06-26T22:59:03.468+0000] {dag.py:3239} INFO - Sync 2 DAGs
[2025-06-26T22:59:03.481+0000] {logging_mixin.py:190} INFO - [2025-06-26T22:59:03.480+0000] {dag.py:4180} INFO - Setting next_dagrun for example_subdag_operator.section-1 to None, run_after=None
[2025-06-26T22:59:03.482+0000] {logging_mixin.py:190} INFO - [2025-06-26T22:59:03.482+0000] {dag.py:4180} INFO - Setting next_dagrun for example_subdag_operator.section-2 to None, run_after=None
[2025-06-26T22:59:03.517+0000] {processor.py:208} INFO - Processing /home/airflow/.local/lib/python3.12/site-packages/airflow/example_dags/example_subdag_operator.py took 0.224 seconds
[2025-06-26T22:59:42.170+0000] {processor.py:186} INFO - Started process (PID=514) to work on /home/airflow/.local/lib/python3.12/site-packages/airflow/example_dags/example_subdag_operator.py
[2025-06-26T22:59:42.174+0000] {processor.py:914} INFO - Processing file /home/airflow/.local/lib/python3.12/site-packages/airflow/example_dags/example_subdag_operator.py for tasks to queue
[2025-06-26T22:59:42.178+0000] {logging_mixin.py:190} INFO - [2025-06-26T22:59:42.178+0000] {dagbag.py:588} INFO - Filling up the DagBag from /home/airflow/.local/lib/python3.12/site-packages/airflow/example_dags/example_subdag_operator.py
[2025-06-26T22:59:42.231+0000] {processor.py:925} INFO - DAG(s) 'example_subdag_operator.section-1', 'example_subdag_operator.section-2', 'example_subdag_operator' retrieved from /home/airflow/.local/lib/python3.12/site-packages/airflow/example_dags/example_subdag_operator.py
[2025-06-26T22:59:42.268+0000] {logging_mixin.py:190} INFO - [2025-06-26T22:59:42.267+0000] {dag.py:3239} INFO - Sync 3 DAGs
[2025-06-26T22:59:42.306+0000] {logging_mixin.py:190} INFO - [2025-06-26T22:59:42.306+0000] {dag.py:4180} INFO - Setting next_dagrun for example_subdag_operator to 2022-01-01 00:00:00+00:00, run_after=2022-01-01 00:00:00+00:00
[2025-06-26T22:59:42.311+0000] {logging_mixin.py:190} INFO - [2025-06-26T22:59:42.311+0000] {dag.py:4180} INFO - Setting next_dagrun for example_subdag_operator.section-1 to None, run_after=None
[2025-06-26T22:59:42.313+0000] {logging_mixin.py:190} INFO - [2025-06-26T22:59:42.313+0000] {dag.py:4180} INFO - Setting next_dagrun for example_subdag_operator.section-2 to None, run_after=None
[2025-06-26T22:59:42.325+0000] {logging_mixin.py:190} INFO - [2025-06-26T22:59:42.324+0000] {dag.py:3239} INFO - Sync 2 DAGs
[2025-06-26T22:59:42.336+0000] {logging_mixin.py:190} INFO - [2025-06-26T22:59:42.336+0000] {dag.py:4180} INFO - Setting next_dagrun for example_subdag_operator.section-1 to None, run_after=None
[2025-06-26T22:59:42.337+0000] {logging_mixin.py:190} INFO - [2025-06-26T22:59:42.337+0000] {dag.py:4180} INFO - Setting next_dagrun for example_subdag_operator.section-2 to None, run_after=None
[2025-06-26T22:59:42.350+0000] {processor.py:208} INFO - Processing /home/airflow/.local/lib/python3.12/site-packages/airflow/example_dags/example_subdag_operator.py took 0.196 seconds
[2025-06-26T23:00:12.800+0000] {processor.py:186} INFO - Started process (PID=576) to work on /home/airflow/.local/lib/python3.12/site-packages/airflow/example_dags/example_subdag_operator.py
[2025-06-26T23:00:12.803+0000] {processor.py:914} INFO - Processing file /home/airflow/.local/lib/python3.12/site-packages/airflow/example_dags/example_subdag_operator.py for tasks to queue
[2025-06-26T23:00:12.805+0000] {logging_mixin.py:190} INFO - [2025-06-26T23:00:12.805+0000] {dagbag.py:588} INFO - Filling up the DagBag from /home/airflow/.local/lib/python3.12/site-packages/airflow/example_dags/example_subdag_operator.py
[2025-06-26T23:00:12.831+0000] {processor.py:925} INFO - DAG(s) 'example_subdag_operator.section-1', 'example_subdag_operator.section-2', 'example_subdag_operator' retrieved from /home/airflow/.local/lib/python3.12/site-packages/airflow/example_dags/example_subdag_operator.py
[2025-06-26T23:00:12.845+0000] {logging_mixin.py:190} INFO - [2025-06-26T23:00:12.845+0000] {dag.py:3239} INFO - Sync 3 DAGs
[2025-06-26T23:00:12.862+0000] {logging_mixin.py:190} INFO - [2025-06-26T23:00:12.861+0000] {dag.py:4180} INFO - Setting next_dagrun for example_subdag_operator to 2022-01-01 00:00:00+00:00, run_after=2022-01-01 00:00:00+00:00
[2025-06-26T23:00:12.865+0000] {logging_mixin.py:190} INFO - [2025-06-26T23:00:12.865+0000] {dag.py:4180} INFO - Setting next_dagrun for example_subdag_operator.section-1 to None, run_after=None
[2025-06-26T23:00:12.866+0000] {logging_mixin.py:190} INFO - [2025-06-26T23:00:12.866+0000] {dag.py:4180} INFO - Setting next_dagrun for example_subdag_operator.section-2 to None, run_after=None
[2025-06-26T23:00:12.873+0000] {logging_mixin.py:190} INFO - [2025-06-26T23:00:12.873+0000] {dag.py:3239} INFO - Sync 2 DAGs
[2025-06-26T23:00:12.876+0000] {logging_mixin.py:190} INFO - [2025-06-26T23:00:12.876+0000] {dag.py:4180} INFO - Setting next_dagrun for example_subdag_operator.section-1 to None, run_after=None
[2025-06-26T23:00:12.876+0000] {logging_mixin.py:190} INFO - [2025-06-26T23:00:12.876+0000] {dag.py:4180} INFO - Setting next_dagrun for example_subdag_operator.section-2 to None, run_after=None
[2025-06-26T23:00:12.881+0000] {processor.py:208} INFO - Processing /home/airflow/.local/lib/python3.12/site-packages/airflow/example_dags/example_subdag_operator.py took 0.086 seconds
[2025-06-26T23:00:45.732+0000] {processor.py:186} INFO - Started process (PID=638) to work on /home/airflow/.local/lib/python3.12/site-packages/airflow/example_dags/example_subdag_operator.py
[2025-06-26T23:00:45.732+0000] {processor.py:914} INFO - Processing file /home/airflow/.local/lib/python3.12/site-packages/airflow/example_dags/example_subdag_operator.py for tasks to queue
[2025-06-26T23:00:45.734+0000] {logging_mixin.py:190} INFO - [2025-06-26T23:00:45.734+0000] {dagbag.py:588} INFO - Filling up the DagBag from /home/airflow/.local/lib/python3.12/site-packages/airflow/example_dags/example_subdag_operator.py
[2025-06-26T23:00:45.774+0000] {processor.py:925} INFO - DAG(s) 'example_subdag_operator.section-1', 'example_subdag_operator.section-2', 'example_subdag_operator' retrieved from /home/airflow/.local/lib/python3.12/site-packages/airflow/example_dags/example_subdag_operator.py
[2025-06-26T23:00:45.793+0000] {logging_mixin.py:190} INFO - [2025-06-26T23:00:45.793+0000] {dag.py:3239} INFO - Sync 3 DAGs
[2025-06-26T23:00:45.820+0000] {logging_mixin.py:190} INFO - [2025-06-26T23:00:45.820+0000] {dag.py:4180} INFO - Setting next_dagrun for example_subdag_operator to 2022-01-01 00:00:00+00:00, run_after=2022-01-01 00:00:00+00:00
[2025-06-26T23:00:45.823+0000] {logging_mixin.py:190} INFO - [2025-06-26T23:00:45.823+0000] {dag.py:4180} INFO - Setting next_dagrun for example_subdag_operator.section-1 to None, run_after=None
[2025-06-26T23:00:45.825+0000] {logging_mixin.py:190} INFO - [2025-06-26T23:00:45.825+0000] {dag.py:4180} INFO - Setting next_dagrun for example_subdag_operator.section-2 to None, run_after=None
[2025-06-26T23:00:45.835+0000] {logging_mixin.py:190} INFO - [2025-06-26T23:00:45.835+0000] {dag.py:3239} INFO - Sync 2 DAGs
[2025-06-26T23:00:45.850+0000] {logging_mixin.py:190} INFO - [2025-06-26T23:00:45.849+0000] {dag.py:4180} INFO - Setting next_dagrun for example_subdag_operator.section-1 to None, run_after=None
[2025-06-26T23:00:45.851+0000] {logging_mixin.py:190} INFO - [2025-06-26T23:00:45.850+0000] {dag.py:4180} INFO - Setting next_dagrun for example_subdag_operator.section-2 to None, run_after=None
[2025-06-26T23:00:45.869+0000] {processor.py:208} INFO - Processing /home/airflow/.local/lib/python3.12/site-packages/airflow/example_dags/example_subdag_operator.py took 0.142 seconds
[2025-06-26T23:01:18.215+0000] {processor.py:186} INFO - Started process (PID=700) to work on /home/airflow/.local/lib/python3.12/site-packages/airflow/example_dags/example_subdag_operator.py
[2025-06-26T23:01:18.217+0000] {processor.py:914} INFO - Processing file /home/airflow/.local/lib/python3.12/site-packages/airflow/example_dags/example_subdag_operator.py for tasks to queue
[2025-06-26T23:01:18.224+0000] {logging_mixin.py:190} INFO - [2025-06-26T23:01:18.223+0000] {dagbag.py:588} INFO - Filling up the DagBag from /home/airflow/.local/lib/python3.12/site-packages/airflow/example_dags/example_subdag_operator.py
[2025-06-26T23:01:18.254+0000] {processor.py:925} INFO - DAG(s) 'example_subdag_operator.section-1', 'example_subdag_operator.section-2', 'example_subdag_operator' retrieved from /home/airflow/.local/lib/python3.12/site-packages/airflow/example_dags/example_subdag_operator.py
[2025-06-26T23:01:18.267+0000] {logging_mixin.py:190} INFO - [2025-06-26T23:01:18.267+0000] {dag.py:3239} INFO - Sync 3 DAGs
[2025-06-26T23:01:18.296+0000] {logging_mixin.py:190} INFO - [2025-06-26T23:01:18.295+0000] {dag.py:4180} INFO - Setting next_dagrun for example_subdag_operator to 2022-01-01 00:00:00+00:00, run_after=2022-01-01 00:00:00+00:00
[2025-06-26T23:01:18.298+0000] {logging_mixin.py:190} INFO - [2025-06-26T23:01:18.298+0000] {dag.py:4180} INFO - Setting next_dagrun for example_subdag_operator.section-1 to None, run_after=None
[2025-06-26T23:01:18.299+0000] {logging_mixin.py:190} INFO - [2025-06-26T23:01:18.299+0000] {dag.py:4180} INFO - Setting next_dagrun for example_subdag_operator.section-2 to None, run_after=None
[2025-06-26T23:01:18.314+0000] {logging_mixin.py:190} INFO - [2025-06-26T23:01:18.313+0000] {dag.py:3239} INFO - Sync 2 DAGs
[2025-06-26T23:01:18.321+0000] {logging_mixin.py:190} INFO - [2025-06-26T23:01:18.321+0000] {dag.py:4180} INFO - Setting next_dagrun for example_subdag_operator.section-1 to None, run_after=None
[2025-06-26T23:01:18.322+0000] {logging_mixin.py:190} INFO - [2025-06-26T23:01:18.321+0000] {dag.py:4180} INFO - Setting next_dagrun for example_subdag_operator.section-2 to None, run_after=None
[2025-06-26T23:01:18.335+0000] {processor.py:208} INFO - Processing /home/airflow/.local/lib/python3.12/site-packages/airflow/example_dags/example_subdag_operator.py took 0.132 seconds
[2025-06-26T23:01:53.550+0000] {processor.py:186} INFO - Started process (PID=772) to work on /home/airflow/.local/lib/python3.12/site-packages/airflow/example_dags/example_subdag_operator.py
[2025-06-26T23:01:53.551+0000] {processor.py:914} INFO - Processing file /home/airflow/.local/lib/python3.12/site-packages/airflow/example_dags/example_subdag_operator.py for tasks to queue
[2025-06-26T23:01:53.553+0000] {logging_mixin.py:190} INFO - [2025-06-26T23:01:53.553+0000] {dagbag.py:588} INFO - Filling up the DagBag from /home/airflow/.local/lib/python3.12/site-packages/airflow/example_dags/example_subdag_operator.py
[2025-06-26T23:01:53.582+0000] {processor.py:925} INFO - DAG(s) 'example_subdag_operator.section-1', 'example_subdag_operator.section-2', 'example_subdag_operator' retrieved from /home/airflow/.local/lib/python3.12/site-packages/airflow/example_dags/example_subdag_operator.py
[2025-06-26T23:01:53.596+0000] {logging_mixin.py:190} INFO - [2025-06-26T23:01:53.596+0000] {dag.py:3239} INFO - Sync 3 DAGs
[2025-06-26T23:01:53.621+0000] {logging_mixin.py:190} INFO - [2025-06-26T23:01:53.620+0000] {dag.py:4180} INFO - Setting next_dagrun for example_subdag_operator to 2022-01-01 00:00:00+00:00, run_after=2022-01-01 00:00:00+00:00
[2025-06-26T23:01:53.624+0000] {logging_mixin.py:190} INFO - [2025-06-26T23:01:53.624+0000] {dag.py:4180} INFO - Setting next_dagrun for example_subdag_operator.section-1 to None, run_after=None
[2025-06-26T23:01:53.625+0000] {logging_mixin.py:190} INFO - [2025-06-26T23:01:53.625+0000] {dag.py:4180} INFO - Setting next_dagrun for example_subdag_operator.section-2 to None, run_after=None
[2025-06-26T23:01:53.632+0000] {logging_mixin.py:190} INFO - [2025-06-26T23:01:53.632+0000] {dag.py:3239} INFO - Sync 2 DAGs
[2025-06-26T23:01:53.636+0000] {logging_mixin.py:190} INFO - [2025-06-26T23:01:53.636+0000] {dag.py:4180} INFO - Setting next_dagrun for example_subdag_operator.section-1 to None, run_after=None
[2025-06-26T23:01:53.636+0000] {logging_mixin.py:190} INFO - [2025-06-26T23:01:53.636+0000] {dag.py:4180} INFO - Setting next_dagrun for example_subdag_operator.section-2 to None, run_after=None
[2025-06-26T23:01:53.642+0000] {processor.py:208} INFO - Processing /home/airflow/.local/lib/python3.12/site-packages/airflow/example_dags/example_subdag_operator.py took 0.096 seconds
[2025-06-26T23:02:24.121+0000] {processor.py:186} INFO - Started process (PID=834) to work on /home/airflow/.local/lib/python3.12/site-packages/airflow/example_dags/example_subdag_operator.py
[2025-06-26T23:02:24.124+0000] {processor.py:914} INFO - Processing file /home/airflow/.local/lib/python3.12/site-packages/airflow/example_dags/example_subdag_operator.py for tasks to queue
[2025-06-26T23:02:24.127+0000] {logging_mixin.py:190} INFO - [2025-06-26T23:02:24.127+0000] {dagbag.py:588} INFO - Filling up the DagBag from /home/airflow/.local/lib/python3.12/site-packages/airflow/example_dags/example_subdag_operator.py
[2025-06-26T23:02:24.158+0000] {processor.py:925} INFO - DAG(s) 'example_subdag_operator.section-1', 'example_subdag_operator.section-2', 'example_subdag_operator' retrieved from /home/airflow/.local/lib/python3.12/site-packages/airflow/example_dags/example_subdag_operator.py
[2025-06-26T23:02:24.174+0000] {logging_mixin.py:190} INFO - [2025-06-26T23:02:24.174+0000] {dag.py:3239} INFO - Sync 3 DAGs
[2025-06-26T23:02:24.189+0000] {logging_mixin.py:190} INFO - [2025-06-26T23:02:24.189+0000] {dag.py:4180} INFO - Setting next_dagrun for example_subdag_operator to 2022-01-01 00:00:00+00:00, run_after=2022-01-01 00:00:00+00:00
[2025-06-26T23:02:24.192+0000] {logging_mixin.py:190} INFO - [2025-06-26T23:02:24.191+0000] {dag.py:4180} INFO - Setting next_dagrun for example_subdag_operator.section-1 to None, run_after=None
[2025-06-26T23:02:24.192+0000] {logging_mixin.py:190} INFO - [2025-06-26T23:02:24.192+0000] {dag.py:4180} INFO - Setting next_dagrun for example_subdag_operator.section-2 to None, run_after=None
[2025-06-26T23:02:24.196+0000] {logging_mixin.py:190} INFO - [2025-06-26T23:02:24.196+0000] {dag.py:3239} INFO - Sync 2 DAGs
[2025-06-26T23:02:24.201+0000] {logging_mixin.py:190} INFO - [2025-06-26T23:02:24.201+0000] {dag.py:4180} INFO - Setting next_dagrun for example_subdag_operator.section-1 to None, run_after=None
[2025-06-26T23:02:24.202+0000] {logging_mixin.py:190} INFO - [2025-06-26T23:02:24.201+0000] {dag.py:4180} INFO - Setting next_dagrun for example_subdag_operator.section-2 to None, run_after=None
[2025-06-26T23:02:24.209+0000] {processor.py:208} INFO - Processing /home/airflow/.local/lib/python3.12/site-packages/airflow/example_dags/example_subdag_operator.py took 0.096 seconds
[2025-06-26T23:02:57.474+0000] {processor.py:186} INFO - Started process (PID=896) to work on /home/airflow/.local/lib/python3.12/site-packages/airflow/example_dags/example_subdag_operator.py
[2025-06-26T23:02:57.477+0000] {processor.py:914} INFO - Processing file /home/airflow/.local/lib/python3.12/site-packages/airflow/example_dags/example_subdag_operator.py for tasks to queue
[2025-06-26T23:02:57.481+0000] {logging_mixin.py:190} INFO - [2025-06-26T23:02:57.481+0000] {dagbag.py:588} INFO - Filling up the DagBag from /home/airflow/.local/lib/python3.12/site-packages/airflow/example_dags/example_subdag_operator.py
[2025-06-26T23:02:57.502+0000] {processor.py:925} INFO - DAG(s) 'example_subdag_operator.section-1', 'example_subdag_operator.section-2', 'example_subdag_operator' retrieved from /home/airflow/.local/lib/python3.12/site-packages/airflow/example_dags/example_subdag_operator.py
[2025-06-26T23:02:57.510+0000] {logging_mixin.py:190} INFO - [2025-06-26T23:02:57.510+0000] {dag.py:3239} INFO - Sync 3 DAGs
[2025-06-26T23:02:57.524+0000] {logging_mixin.py:190} INFO - [2025-06-26T23:02:57.523+0000] {dag.py:4180} INFO - Setting next_dagrun for example_subdag_operator to 2022-01-01 00:00:00+00:00, run_after=2022-01-01 00:00:00+00:00
[2025-06-26T23:02:57.526+0000] {logging_mixin.py:190} INFO - [2025-06-26T23:02:57.526+0000] {dag.py:4180} INFO - Setting next_dagrun for example_subdag_operator.section-1 to None, run_after=None
[2025-06-26T23:02:57.527+0000] {logging_mixin.py:190} INFO - [2025-06-26T23:02:57.527+0000] {dag.py:4180} INFO - Setting next_dagrun for example_subdag_operator.section-2 to None, run_after=None
[2025-06-26T23:02:57.531+0000] {logging_mixin.py:190} INFO - [2025-06-26T23:02:57.531+0000] {dag.py:3239} INFO - Sync 2 DAGs
[2025-06-26T23:02:57.533+0000] {logging_mixin.py:190} INFO - [2025-06-26T23:02:57.533+0000] {dag.py:4180} INFO - Setting next_dagrun for example_subdag_operator.section-1 to None, run_after=None
[2025-06-26T23:02:57.534+0000] {logging_mixin.py:190} INFO - [2025-06-26T23:02:57.534+0000] {dag.py:4180} INFO - Setting next_dagrun for example_subdag_operator.section-2 to None, run_after=None
[2025-06-26T23:02:57.541+0000] {processor.py:208} INFO - Processing /home/airflow/.local/lib/python3.12/site-packages/airflow/example_dags/example_subdag_operator.py took 0.071 seconds
[2025-06-26T23:03:43.890+0000] {processor.py:186} INFO - Started process (PID=958) to work on /home/airflow/.local/lib/python3.12/site-packages/airflow/example_dags/example_subdag_operator.py
[2025-06-26T23:03:43.892+0000] {processor.py:914} INFO - Processing file /home/airflow/.local/lib/python3.12/site-packages/airflow/example_dags/example_subdag_operator.py for tasks to queue
[2025-06-26T23:03:43.897+0000] {logging_mixin.py:190} INFO - [2025-06-26T23:03:43.896+0000] {dagbag.py:588} INFO - Filling up the DagBag from /home/airflow/.local/lib/python3.12/site-packages/airflow/example_dags/example_subdag_operator.py
[2025-06-26T23:03:43.955+0000] {processor.py:925} INFO - DAG(s) 'example_subdag_operator.section-1', 'example_subdag_operator.section-2', 'example_subdag_operator' retrieved from /home/airflow/.local/lib/python3.12/site-packages/airflow/example_dags/example_subdag_operator.py
[2025-06-26T23:03:43.997+0000] {logging_mixin.py:190} INFO - [2025-06-26T23:03:43.993+0000] {dag.py:3239} INFO - Sync 3 DAGs
[2025-06-26T23:03:44.054+0000] {logging_mixin.py:190} INFO - [2025-06-26T23:03:44.053+0000] {dag.py:4180} INFO - Setting next_dagrun for example_subdag_operator to 2022-01-01 00:00:00+00:00, run_after=2022-01-01 00:00:00+00:00
[2025-06-26T23:03:44.061+0000] {logging_mixin.py:190} INFO - [2025-06-26T23:03:44.061+0000] {dag.py:4180} INFO - Setting next_dagrun for example_subdag_operator.section-1 to None, run_after=None
[2025-06-26T23:03:44.069+0000] {logging_mixin.py:190} INFO - [2025-06-26T23:03:44.069+0000] {dag.py:4180} INFO - Setting next_dagrun for example_subdag_operator.section-2 to None, run_after=None
[2025-06-26T23:03:44.076+0000] {logging_mixin.py:190} INFO - [2025-06-26T23:03:44.076+0000] {dag.py:3239} INFO - Sync 2 DAGs
[2025-06-26T23:03:44.088+0000] {logging_mixin.py:190} INFO - [2025-06-26T23:03:44.088+0000] {dag.py:4180} INFO - Setting next_dagrun for example_subdag_operator.section-1 to None, run_after=None
[2025-06-26T23:03:44.089+0000] {logging_mixin.py:190} INFO - [2025-06-26T23:03:44.089+0000] {dag.py:4180} INFO - Setting next_dagrun for example_subdag_operator.section-2 to None, run_after=None
[2025-06-26T23:03:44.113+0000] {processor.py:208} INFO - Processing /home/airflow/.local/lib/python3.12/site-packages/airflow/example_dags/example_subdag_operator.py took 0.239 seconds
[2025-06-26T23:04:36.001+0000] {processor.py:186} INFO - Started process (PID=1031) to work on /home/airflow/.local/lib/python3.12/site-packages/airflow/example_dags/example_subdag_operator.py
[2025-06-26T23:04:36.003+0000] {processor.py:914} INFO - Processing file /home/airflow/.local/lib/python3.12/site-packages/airflow/example_dags/example_subdag_operator.py for tasks to queue
[2025-06-26T23:04:36.004+0000] {logging_mixin.py:190} INFO - [2025-06-26T23:04:36.004+0000] {dagbag.py:588} INFO - Filling up the DagBag from /home/airflow/.local/lib/python3.12/site-packages/airflow/example_dags/example_subdag_operator.py
[2025-06-26T23:04:36.031+0000] {processor.py:925} INFO - DAG(s) 'example_subdag_operator.section-1', 'example_subdag_operator.section-2', 'example_subdag_operator' retrieved from /home/airflow/.local/lib/python3.12/site-packages/airflow/example_dags/example_subdag_operator.py
[2025-06-26T23:04:36.042+0000] {logging_mixin.py:190} INFO - [2025-06-26T23:04:36.042+0000] {dag.py:3239} INFO - Sync 3 DAGs
[2025-06-26T23:04:36.059+0000] {logging_mixin.py:190} INFO - [2025-06-26T23:04:36.058+0000] {dag.py:4180} INFO - Setting next_dagrun for example_subdag_operator to 2022-01-01 00:00:00+00:00, run_after=2022-01-01 00:00:00+00:00
[2025-06-26T23:04:36.061+0000] {logging_mixin.py:190} INFO - [2025-06-26T23:04:36.061+0000] {dag.py:4180} INFO - Setting next_dagrun for example_subdag_operator.section-1 to None, run_after=None
[2025-06-26T23:04:36.062+0000] {logging_mixin.py:190} INFO - [2025-06-26T23:04:36.062+0000] {dag.py:4180} INFO - Setting next_dagrun for example_subdag_operator.section-2 to None, run_after=None
[2025-06-26T23:04:36.067+0000] {logging_mixin.py:190} INFO - [2025-06-26T23:04:36.067+0000] {dag.py:3239} INFO - Sync 2 DAGs
[2025-06-26T23:04:36.071+0000] {logging_mixin.py:190} INFO - [2025-06-26T23:04:36.071+0000] {dag.py:4180} INFO - Setting next_dagrun for example_subdag_operator.section-1 to None, run_after=None
[2025-06-26T23:04:36.071+0000] {logging_mixin.py:190} INFO - [2025-06-26T23:04:36.071+0000] {dag.py:4180} INFO - Setting next_dagrun for example_subdag_operator.section-2 to None, run_after=None
[2025-06-26T23:04:36.079+0000] {processor.py:208} INFO - Processing /home/airflow/.local/lib/python3.12/site-packages/airflow/example_dags/example_subdag_operator.py took 0.083 seconds
[2025-06-26T23:05:12.742+0000] {processor.py:186} INFO - Started process (PID=1092) to work on /home/airflow/.local/lib/python3.12/site-packages/airflow/example_dags/example_subdag_operator.py
[2025-06-26T23:05:12.744+0000] {processor.py:914} INFO - Processing file /home/airflow/.local/lib/python3.12/site-packages/airflow/example_dags/example_subdag_operator.py for tasks to queue
[2025-06-26T23:05:12.750+0000] {logging_mixin.py:190} INFO - [2025-06-26T23:05:12.749+0000] {dagbag.py:588} INFO - Filling up the DagBag from /home/airflow/.local/lib/python3.12/site-packages/airflow/example_dags/example_subdag_operator.py
[2025-06-26T23:05:12.789+0000] {processor.py:925} INFO - DAG(s) 'example_subdag_operator.section-1', 'example_subdag_operator.section-2', 'example_subdag_operator' retrieved from /home/airflow/.local/lib/python3.12/site-packages/airflow/example_dags/example_subdag_operator.py
[2025-06-26T23:05:12.807+0000] {logging_mixin.py:190} INFO - [2025-06-26T23:05:12.807+0000] {dag.py:3239} INFO - Sync 3 DAGs
[2025-06-26T23:05:12.852+0000] {logging_mixin.py:190} INFO - [2025-06-26T23:05:12.852+0000] {dag.py:4180} INFO - Setting next_dagrun for example_subdag_operator to 2022-01-01 00:00:00+00:00, run_after=2022-01-01 00:00:00+00:00
[2025-06-26T23:05:12.863+0000] {logging_mixin.py:190} INFO - [2025-06-26T23:05:12.863+0000] {dag.py:4180} INFO - Setting next_dagrun for example_subdag_operator.section-1 to None, run_after=None
[2025-06-26T23:05:12.868+0000] {logging_mixin.py:190} INFO - [2025-06-26T23:05:12.868+0000] {dag.py:4180} INFO - Setting next_dagrun for example_subdag_operator.section-2 to None, run_after=None
[2025-06-26T23:05:12.879+0000] {logging_mixin.py:190} INFO - [2025-06-26T23:05:12.879+0000] {dag.py:3239} INFO - Sync 2 DAGs
[2025-06-26T23:05:12.886+0000] {logging_mixin.py:190} INFO - [2025-06-26T23:05:12.886+0000] {dag.py:4180} INFO - Setting next_dagrun for example_subdag_operator.section-1 to None, run_after=None
[2025-06-26T23:05:12.886+0000] {logging_mixin.py:190} INFO - [2025-06-26T23:05:12.886+0000] {dag.py:4180} INFO - Setting next_dagrun for example_subdag_operator.section-2 to None, run_after=None
[2025-06-26T23:05:12.900+0000] {processor.py:208} INFO - Processing /home/airflow/.local/lib/python3.12/site-packages/airflow/example_dags/example_subdag_operator.py took 0.163 seconds
[2025-06-26T23:05:43.666+0000] {processor.py:186} INFO - Started process (PID=1154) to work on /home/airflow/.local/lib/python3.12/site-packages/airflow/example_dags/example_subdag_operator.py
[2025-06-26T23:05:43.667+0000] {processor.py:914} INFO - Processing file /home/airflow/.local/lib/python3.12/site-packages/airflow/example_dags/example_subdag_operator.py for tasks to queue
[2025-06-26T23:05:43.669+0000] {logging_mixin.py:190} INFO - [2025-06-26T23:05:43.669+0000] {dagbag.py:588} INFO - Filling up the DagBag from /home/airflow/.local/lib/python3.12/site-packages/airflow/example_dags/example_subdag_operator.py
[2025-06-26T23:05:43.689+0000] {processor.py:925} INFO - DAG(s) 'example_subdag_operator.section-1', 'example_subdag_operator.section-2', 'example_subdag_operator' retrieved from /home/airflow/.local/lib/python3.12/site-packages/airflow/example_dags/example_subdag_operator.py
[2025-06-26T23:05:43.702+0000] {logging_mixin.py:190} INFO - [2025-06-26T23:05:43.702+0000] {dag.py:3239} INFO - Sync 3 DAGs
[2025-06-26T23:05:43.722+0000] {logging_mixin.py:190} INFO - [2025-06-26T23:05:43.721+0000] {dag.py:4180} INFO - Setting next_dagrun for example_subdag_operator to 2022-01-01 00:00:00+00:00, run_after=2022-01-01 00:00:00+00:00
[2025-06-26T23:05:43.736+0000] {logging_mixin.py:190} INFO - [2025-06-26T23:05:43.734+0000] {dag.py:4180} INFO - Setting next_dagrun for example_subdag_operator.section-1 to None, run_after=None
[2025-06-26T23:05:43.743+0000] {logging_mixin.py:190} INFO - [2025-06-26T23:05:43.742+0000] {dag.py:4180} INFO - Setting next_dagrun for example_subdag_operator.section-2 to None, run_after=None
[2025-06-26T23:05:43.770+0000] {logging_mixin.py:190} INFO - [2025-06-26T23:05:43.770+0000] {dag.py:3239} INFO - Sync 2 DAGs
[2025-06-26T23:05:43.786+0000] {logging_mixin.py:190} INFO - [2025-06-26T23:05:43.785+0000] {dag.py:4180} INFO - Setting next_dagrun for example_subdag_operator.section-1 to None, run_after=None
[2025-06-26T23:05:43.787+0000] {logging_mixin.py:190} INFO - [2025-06-26T23:05:43.787+0000] {dag.py:4180} INFO - Setting next_dagrun for example_subdag_operator.section-2 to None, run_after=None
[2025-06-26T23:05:43.822+0000] {processor.py:208} INFO - Processing /home/airflow/.local/lib/python3.12/site-packages/airflow/example_dags/example_subdag_operator.py took 0.160 seconds
[2025-06-26T23:06:20.177+0000] {processor.py:186} INFO - Started process (PID=1216) to work on /home/airflow/.local/lib/python3.12/site-packages/airflow/example_dags/example_subdag_operator.py
[2025-06-26T23:06:20.178+0000] {processor.py:914} INFO - Processing file /home/airflow/.local/lib/python3.12/site-packages/airflow/example_dags/example_subdag_operator.py for tasks to queue
[2025-06-26T23:06:20.181+0000] {logging_mixin.py:190} INFO - [2025-06-26T23:06:20.181+0000] {dagbag.py:588} INFO - Filling up the DagBag from /home/airflow/.local/lib/python3.12/site-packages/airflow/example_dags/example_subdag_operator.py
[2025-06-26T23:06:20.224+0000] {processor.py:925} INFO - DAG(s) 'example_subdag_operator.section-1', 'example_subdag_operator.section-2', 'example_subdag_operator' retrieved from /home/airflow/.local/lib/python3.12/site-packages/airflow/example_dags/example_subdag_operator.py
[2025-06-26T23:06:20.239+0000] {logging_mixin.py:190} INFO - [2025-06-26T23:06:20.238+0000] {dag.py:3239} INFO - Sync 3 DAGs
[2025-06-26T23:06:20.265+0000] {logging_mixin.py:190} INFO - [2025-06-26T23:06:20.265+0000] {dag.py:4180} INFO - Setting next_dagrun for example_subdag_operator to 2022-01-01 00:00:00+00:00, run_after=2022-01-01 00:00:00+00:00
[2025-06-26T23:06:20.272+0000] {logging_mixin.py:190} INFO - [2025-06-26T23:06:20.272+0000] {dag.py:4180} INFO - Setting next_dagrun for example_subdag_operator.section-1 to None, run_after=None
[2025-06-26T23:06:20.273+0000] {logging_mixin.py:190} INFO - [2025-06-26T23:06:20.273+0000] {dag.py:4180} INFO - Setting next_dagrun for example_subdag_operator.section-2 to None, run_after=None
[2025-06-26T23:06:20.278+0000] {logging_mixin.py:190} INFO - [2025-06-26T23:06:20.278+0000] {dag.py:3239} INFO - Sync 2 DAGs
[2025-06-26T23:06:20.285+0000] {logging_mixin.py:190} INFO - [2025-06-26T23:06:20.285+0000] {dag.py:4180} INFO - Setting next_dagrun for example_subdag_operator.section-1 to None, run_after=None
[2025-06-26T23:06:20.286+0000] {logging_mixin.py:190} INFO - [2025-06-26T23:06:20.286+0000] {dag.py:4180} INFO - Setting next_dagrun for example_subdag_operator.section-2 to None, run_after=None
[2025-06-26T23:06:20.294+0000] {processor.py:208} INFO - Processing /home/airflow/.local/lib/python3.12/site-packages/airflow/example_dags/example_subdag_operator.py took 0.121 seconds
[2025-06-26T23:06:51.135+0000] {processor.py:186} INFO - Started process (PID=1278) to work on /home/airflow/.local/lib/python3.12/site-packages/airflow/example_dags/example_subdag_operator.py
[2025-06-26T23:06:51.136+0000] {processor.py:914} INFO - Processing file /home/airflow/.local/lib/python3.12/site-packages/airflow/example_dags/example_subdag_operator.py for tasks to queue
[2025-06-26T23:06:51.137+0000] {logging_mixin.py:190} INFO - [2025-06-26T23:06:51.137+0000] {dagbag.py:588} INFO - Filling up the DagBag from /home/airflow/.local/lib/python3.12/site-packages/airflow/example_dags/example_subdag_operator.py
[2025-06-26T23:06:51.153+0000] {processor.py:925} INFO - DAG(s) 'example_subdag_operator.section-1', 'example_subdag_operator.section-2', 'example_subdag_operator' retrieved from /home/airflow/.local/lib/python3.12/site-packages/airflow/example_dags/example_subdag_operator.py
[2025-06-26T23:06:51.164+0000] {logging_mixin.py:190} INFO - [2025-06-26T23:06:51.164+0000] {dag.py:3239} INFO - Sync 3 DAGs
[2025-06-26T23:06:51.180+0000] {logging_mixin.py:190} INFO - [2025-06-26T23:06:51.180+0000] {dag.py:4180} INFO - Setting next_dagrun for example_subdag_operator to 2022-01-01 00:00:00+00:00, run_after=2022-01-01 00:00:00+00:00
[2025-06-26T23:06:51.182+0000] {logging_mixin.py:190} INFO - [2025-06-26T23:06:51.182+0000] {dag.py:4180} INFO - Setting next_dagrun for example_subdag_operator.section-1 to None, run_after=None
[2025-06-26T23:06:51.186+0000] {logging_mixin.py:190} INFO - [2025-06-26T23:06:51.185+0000] {dag.py:4180} INFO - Setting next_dagrun for example_subdag_operator.section-2 to None, run_after=None
[2025-06-26T23:06:51.189+0000] {logging_mixin.py:190} INFO - [2025-06-26T23:06:51.189+0000] {dag.py:3239} INFO - Sync 2 DAGs
[2025-06-26T23:06:51.195+0000] {logging_mixin.py:190} INFO - [2025-06-26T23:06:51.195+0000] {dag.py:4180} INFO - Setting next_dagrun for example_subdag_operator.section-1 to None, run_after=None
[2025-06-26T23:06:51.195+0000] {logging_mixin.py:190} INFO - [2025-06-26T23:06:51.195+0000] {dag.py:4180} INFO - Setting next_dagrun for example_subdag_operator.section-2 to None, run_after=None
[2025-06-26T23:06:51.200+0000] {processor.py:208} INFO - Processing /home/airflow/.local/lib/python3.12/site-packages/airflow/example_dags/example_subdag_operator.py took 0.068 seconds
[2025-06-26T23:07:22.701+0000] {processor.py:186} INFO - Started process (PID=1340) to work on /home/airflow/.local/lib/python3.12/site-packages/airflow/example_dags/example_subdag_operator.py
[2025-06-26T23:07:22.708+0000] {processor.py:914} INFO - Processing file /home/airflow/.local/lib/python3.12/site-packages/airflow/example_dags/example_subdag_operator.py for tasks to queue
[2025-06-26T23:07:22.713+0000] {logging_mixin.py:190} INFO - [2025-06-26T23:07:22.713+0000] {dagbag.py:588} INFO - Filling up the DagBag from /home/airflow/.local/lib/python3.12/site-packages/airflow/example_dags/example_subdag_operator.py
[2025-06-26T23:07:22.781+0000] {processor.py:925} INFO - DAG(s) 'example_subdag_operator.section-1', 'example_subdag_operator.section-2', 'example_subdag_operator' retrieved from /home/airflow/.local/lib/python3.12/site-packages/airflow/example_dags/example_subdag_operator.py
[2025-06-26T23:07:22.822+0000] {logging_mixin.py:190} INFO - [2025-06-26T23:07:22.818+0000] {dag.py:3239} INFO - Sync 3 DAGs
[2025-06-26T23:07:22.868+0000] {logging_mixin.py:190} INFO - [2025-06-26T23:07:22.867+0000] {dag.py:4180} INFO - Setting next_dagrun for example_subdag_operator to 2022-01-01 00:00:00+00:00, run_after=2022-01-01 00:00:00+00:00
[2025-06-26T23:07:22.870+0000] {logging_mixin.py:190} INFO - [2025-06-26T23:07:22.870+0000] {dag.py:4180} INFO - Setting next_dagrun for example_subdag_operator.section-1 to None, run_after=None
[2025-06-26T23:07:22.871+0000] {logging_mixin.py:190} INFO - [2025-06-26T23:07:22.871+0000] {dag.py:4180} INFO - Setting next_dagrun for example_subdag_operator.section-2 to None, run_after=None
[2025-06-26T23:07:22.883+0000] {logging_mixin.py:190} INFO - [2025-06-26T23:07:22.882+0000] {dag.py:3239} INFO - Sync 2 DAGs
[2025-06-26T23:07:22.892+0000] {logging_mixin.py:190} INFO - [2025-06-26T23:07:22.891+0000] {dag.py:4180} INFO - Setting next_dagrun for example_subdag_operator.section-1 to None, run_after=None
[2025-06-26T23:07:22.893+0000] {logging_mixin.py:190} INFO - [2025-06-26T23:07:22.893+0000] {dag.py:4180} INFO - Setting next_dagrun for example_subdag_operator.section-2 to None, run_after=None
[2025-06-26T23:07:22.908+0000] {processor.py:208} INFO - Processing /home/airflow/.local/lib/python3.12/site-packages/airflow/example_dags/example_subdag_operator.py took 0.225 seconds
