[2025-06-26T22:55:51.107+0000] {processor.py:186} INFO - Started process (PID=115) to work on /home/airflow/.local/lib/python3.12/site-packages/airflow/example_dags/example_branch_datetime_operator.py
[2025-06-26T22:55:51.120+0000] {processor.py:914} INFO - Processing file /home/airflow/.local/lib/python3.12/site-packages/airflow/example_dags/example_branch_datetime_operator.py for tasks to queue
[2025-06-26T22:55:51.133+0000] {logging_mixin.py:190} INFO - [2025-06-26T22:55:51.132+0000] {dagbag.py:588} INFO - Filling up the DagBag from /home/airflow/.local/lib/python3.12/site-packages/airflow/example_dags/example_branch_datetime_operator.py
[2025-06-26T22:55:51.196+0000] {processor.py:925} INFO - DAG(s) 'example_branch_datetime_operator_2', 'example_branch_datetime_operator_3', 'example_branch_datetime_operator' retrieved from /home/airflow/.local/lib/python3.12/site-packages/airflow/example_dags/example_branch_datetime_operator.py
[2025-06-26T22:55:53.215+0000] {logging_mixin.py:190} INFO - [2025-06-26T22:55:53.198+0000] {override.py:1900} INFO - Created Permission View: can read on DAG:example_branch_datetime_operator_2
[2025-06-26T22:55:53.263+0000] {logging_mixin.py:190} INFO - [2025-06-26T22:55:53.263+0000] {override.py:1900} INFO - Created Permission View: can delete on DAG:example_branch_datetime_operator_2
[2025-06-26T22:55:53.273+0000] {logging_mixin.py:190} INFO - [2025-06-26T22:55:53.272+0000] {override.py:1900} INFO - Created Permission View: can edit on DAG:example_branch_datetime_operator_2
[2025-06-26T22:55:53.287+0000] {logging_mixin.py:190} INFO - [2025-06-26T22:55:53.287+0000] {override.py:1900} INFO - Created Permission View: can read on DAG Run:example_branch_datetime_operator_2
[2025-06-26T22:55:53.301+0000] {logging_mixin.py:190} INFO - [2025-06-26T22:55:53.301+0000] {override.py:1900} INFO - Created Permission View: menu access on DAG Run:example_branch_datetime_operator_2
[2025-06-26T22:55:53.329+0000] {logging_mixin.py:190} INFO - [2025-06-26T22:55:53.328+0000] {override.py:1900} INFO - Created Permission View: can delete on DAG Run:example_branch_datetime_operator_2
[2025-06-26T22:55:53.356+0000] {logging_mixin.py:190} INFO - [2025-06-26T22:55:53.351+0000] {override.py:1900} INFO - Created Permission View: can create on DAG Run:example_branch_datetime_operator_2
[2025-06-26T22:55:53.408+0000] {logging_mixin.py:190} INFO - [2025-06-26T22:55:53.407+0000] {override.py:1900} INFO - Created Permission View: can read on DAG:example_branch_datetime_operator_3
[2025-06-26T22:55:53.417+0000] {logging_mixin.py:190} INFO - [2025-06-26T22:55:53.416+0000] {override.py:1900} INFO - Created Permission View: can delete on DAG:example_branch_datetime_operator_3
[2025-06-26T22:55:53.454+0000] {logging_mixin.py:190} INFO - [2025-06-26T22:55:53.453+0000] {override.py:1900} INFO - Created Permission View: can edit on DAG:example_branch_datetime_operator_3
[2025-06-26T22:55:53.496+0000] {logging_mixin.py:190} INFO - [2025-06-26T22:55:53.494+0000] {override.py:1900} INFO - Created Permission View: can read on DAG Run:example_branch_datetime_operator_3
[2025-06-26T22:55:53.516+0000] {logging_mixin.py:190} INFO - [2025-06-26T22:55:53.515+0000] {override.py:1900} INFO - Created Permission View: menu access on DAG Run:example_branch_datetime_operator_3
[2025-06-26T22:55:53.544+0000] {logging_mixin.py:190} INFO - [2025-06-26T22:55:53.544+0000] {override.py:1900} INFO - Created Permission View: can delete on DAG Run:example_branch_datetime_operator_3
[2025-06-26T22:55:53.572+0000] {logging_mixin.py:190} INFO - [2025-06-26T22:55:53.571+0000] {override.py:1900} INFO - Created Permission View: can create on DAG Run:example_branch_datetime_operator_3
[2025-06-26T22:55:53.614+0000] {logging_mixin.py:190} INFO - [2025-06-26T22:55:53.613+0000] {override.py:1900} INFO - Created Permission View: can read on DAG:example_branch_datetime_operator
[2025-06-26T22:55:53.635+0000] {logging_mixin.py:190} INFO - [2025-06-26T22:55:53.634+0000] {override.py:1900} INFO - Created Permission View: can delete on DAG:example_branch_datetime_operator
[2025-06-26T22:55:53.648+0000] {logging_mixin.py:190} INFO - [2025-06-26T22:55:53.647+0000] {override.py:1900} INFO - Created Permission View: can edit on DAG:example_branch_datetime_operator
[2025-06-26T22:55:53.664+0000] {logging_mixin.py:190} INFO - [2025-06-26T22:55:53.663+0000] {override.py:1900} INFO - Created Permission View: can read on DAG Run:example_branch_datetime_operator
[2025-06-26T22:55:53.677+0000] {logging_mixin.py:190} INFO - [2025-06-26T22:55:53.676+0000] {override.py:1900} INFO - Created Permission View: menu access on DAG Run:example_branch_datetime_operator
[2025-06-26T22:55:53.692+0000] {logging_mixin.py:190} INFO - [2025-06-26T22:55:53.692+0000] {override.py:1900} INFO - Created Permission View: can delete on DAG Run:example_branch_datetime_operator
[2025-06-26T22:55:53.703+0000] {logging_mixin.py:190} INFO - [2025-06-26T22:55:53.702+0000] {override.py:1900} INFO - Created Permission View: can create on DAG Run:example_branch_datetime_operator
[2025-06-26T22:55:53.704+0000] {logging_mixin.py:190} INFO - [2025-06-26T22:55:53.704+0000] {dag.py:3239} INFO - Sync 3 DAGs
[2025-06-26T22:55:53.735+0000] {logging_mixin.py:190} INFO - [2025-06-26T22:55:53.735+0000] {dag.py:3262} INFO - Creating ORM DAG for example_branch_datetime_operator_2
[2025-06-26T22:55:53.738+0000] {logging_mixin.py:190} INFO - [2025-06-26T22:55:53.738+0000] {dag.py:3262} INFO - Creating ORM DAG for example_branch_datetime_operator_3
[2025-06-26T22:55:53.740+0000] {logging_mixin.py:190} INFO - [2025-06-26T22:55:53.740+0000] {dag.py:3262} INFO - Creating ORM DAG for example_branch_datetime_operator
[2025-06-26T22:55:53.763+0000] {logging_mixin.py:190} INFO - [2025-06-26T22:55:53.763+0000] {dag.py:4180} INFO - Setting next_dagrun for example_branch_datetime_operator to 2025-06-25 00:00:00+00:00, run_after=2025-06-26 00:00:00+00:00
[2025-06-26T22:55:53.767+0000] {logging_mixin.py:190} INFO - [2025-06-26T22:55:53.767+0000] {dag.py:4180} INFO - Setting next_dagrun for example_branch_datetime_operator_2 to 2025-06-25 00:00:00+00:00, run_after=2025-06-26 00:00:00+00:00
[2025-06-26T22:55:53.769+0000] {logging_mixin.py:190} INFO - [2025-06-26T22:55:53.769+0000] {dag.py:4180} INFO - Setting next_dagrun for example_branch_datetime_operator_3 to 2025-06-25 00:00:00+00:00, run_after=2025-06-26 00:00:00+00:00
[2025-06-26T22:55:53.853+0000] {processor.py:208} INFO - Processing /home/airflow/.local/lib/python3.12/site-packages/airflow/example_dags/example_branch_datetime_operator.py took 2.788 seconds
[2025-06-26T22:56:24.059+0000] {processor.py:186} INFO - Started process (PID=177) to work on /home/airflow/.local/lib/python3.12/site-packages/airflow/example_dags/example_branch_datetime_operator.py
[2025-06-26T22:56:24.061+0000] {processor.py:914} INFO - Processing file /home/airflow/.local/lib/python3.12/site-packages/airflow/example_dags/example_branch_datetime_operator.py for tasks to queue
[2025-06-26T22:56:24.072+0000] {logging_mixin.py:190} INFO - [2025-06-26T22:56:24.071+0000] {dagbag.py:588} INFO - Filling up the DagBag from /home/airflow/.local/lib/python3.12/site-packages/airflow/example_dags/example_branch_datetime_operator.py
[2025-06-26T22:56:24.103+0000] {processor.py:925} INFO - DAG(s) 'example_branch_datetime_operator_2', 'example_branch_datetime_operator_3', 'example_branch_datetime_operator' retrieved from /home/airflow/.local/lib/python3.12/site-packages/airflow/example_dags/example_branch_datetime_operator.py
[2025-06-26T22:56:24.161+0000] {logging_mixin.py:190} INFO - [2025-06-26T22:56:24.161+0000] {dag.py:3239} INFO - Sync 3 DAGs
[2025-06-26T22:56:24.204+0000] {logging_mixin.py:190} INFO - [2025-06-26T22:56:24.203+0000] {dag.py:4180} INFO - Setting next_dagrun for example_branch_datetime_operator to 2025-06-25 00:00:00+00:00, run_after=2025-06-26 00:00:00+00:00
[2025-06-26T22:56:24.209+0000] {logging_mixin.py:190} INFO - [2025-06-26T22:56:24.209+0000] {dag.py:4180} INFO - Setting next_dagrun for example_branch_datetime_operator_2 to 2025-06-25 00:00:00+00:00, run_after=2025-06-26 00:00:00+00:00
[2025-06-26T22:56:24.211+0000] {logging_mixin.py:190} INFO - [2025-06-26T22:56:24.211+0000] {dag.py:4180} INFO - Setting next_dagrun for example_branch_datetime_operator_3 to 2025-06-25 00:00:00+00:00, run_after=2025-06-26 00:00:00+00:00
[2025-06-26T22:56:24.224+0000] {processor.py:208} INFO - Processing /home/airflow/.local/lib/python3.12/site-packages/airflow/example_dags/example_branch_datetime_operator.py took 0.196 seconds
[2025-06-26T22:56:54.730+0000] {processor.py:186} INFO - Started process (PID=239) to work on /home/airflow/.local/lib/python3.12/site-packages/airflow/example_dags/example_branch_datetime_operator.py
[2025-06-26T22:56:54.739+0000] {processor.py:914} INFO - Processing file /home/airflow/.local/lib/python3.12/site-packages/airflow/example_dags/example_branch_datetime_operator.py for tasks to queue
[2025-06-26T22:56:54.772+0000] {logging_mixin.py:190} INFO - [2025-06-26T22:56:54.771+0000] {dagbag.py:588} INFO - Filling up the DagBag from /home/airflow/.local/lib/python3.12/site-packages/airflow/example_dags/example_branch_datetime_operator.py
[2025-06-26T22:56:54.844+0000] {processor.py:925} INFO - DAG(s) 'example_branch_datetime_operator_2', 'example_branch_datetime_operator', 'example_branch_datetime_operator_3' retrieved from /home/airflow/.local/lib/python3.12/site-packages/airflow/example_dags/example_branch_datetime_operator.py
[2025-06-26T22:56:54.935+0000] {logging_mixin.py:190} INFO - [2025-06-26T22:56:54.935+0000] {dag.py:3239} INFO - Sync 3 DAGs
[2025-06-26T22:56:55.007+0000] {logging_mixin.py:190} INFO - [2025-06-26T22:56:55.006+0000] {dag.py:4180} INFO - Setting next_dagrun for example_branch_datetime_operator to 2025-06-25 00:00:00+00:00, run_after=2025-06-26 00:00:00+00:00
[2025-06-26T22:56:55.019+0000] {logging_mixin.py:190} INFO - [2025-06-26T22:56:55.018+0000] {dag.py:4180} INFO - Setting next_dagrun for example_branch_datetime_operator_2 to 2025-06-25 00:00:00+00:00, run_after=2025-06-26 00:00:00+00:00
[2025-06-26T22:56:55.021+0000] {logging_mixin.py:190} INFO - [2025-06-26T22:56:55.021+0000] {dag.py:4180} INFO - Setting next_dagrun for example_branch_datetime_operator_3 to 2025-06-25 00:00:00+00:00, run_after=2025-06-26 00:00:00+00:00
[2025-06-26T22:56:55.093+0000] {processor.py:208} INFO - Processing /home/airflow/.local/lib/python3.12/site-packages/airflow/example_dags/example_branch_datetime_operator.py took 0.397 seconds
[2025-06-26T22:57:25.959+0000] {processor.py:186} INFO - Started process (PID=301) to work on /home/airflow/.local/lib/python3.12/site-packages/airflow/example_dags/example_branch_datetime_operator.py
[2025-06-26T22:57:25.967+0000] {processor.py:914} INFO - Processing file /home/airflow/.local/lib/python3.12/site-packages/airflow/example_dags/example_branch_datetime_operator.py for tasks to queue
[2025-06-26T22:57:26.047+0000] {logging_mixin.py:190} INFO - [2025-06-26T22:57:26.045+0000] {dagbag.py:588} INFO - Filling up the DagBag from /home/airflow/.local/lib/python3.12/site-packages/airflow/example_dags/example_branch_datetime_operator.py
[2025-06-26T22:57:26.145+0000] {processor.py:925} INFO - DAG(s) 'example_branch_datetime_operator_2', 'example_branch_datetime_operator_3', 'example_branch_datetime_operator' retrieved from /home/airflow/.local/lib/python3.12/site-packages/airflow/example_dags/example_branch_datetime_operator.py
[2025-06-26T22:57:26.349+0000] {logging_mixin.py:190} INFO - [2025-06-26T22:57:26.346+0000] {dag.py:3239} INFO - Sync 3 DAGs
[2025-06-26T22:57:26.422+0000] {logging_mixin.py:190} INFO - [2025-06-26T22:57:26.421+0000] {dag.py:4180} INFO - Setting next_dagrun for example_branch_datetime_operator to 2025-06-25 00:00:00+00:00, run_after=2025-06-26 00:00:00+00:00
[2025-06-26T22:57:26.433+0000] {logging_mixin.py:190} INFO - [2025-06-26T22:57:26.433+0000] {dag.py:4180} INFO - Setting next_dagrun for example_branch_datetime_operator_2 to 2025-06-25 00:00:00+00:00, run_after=2025-06-26 00:00:00+00:00
[2025-06-26T22:57:26.435+0000] {logging_mixin.py:190} INFO - [2025-06-26T22:57:26.435+0000] {dag.py:4180} INFO - Setting next_dagrun for example_branch_datetime_operator_3 to 2025-06-25 00:00:00+00:00, run_after=2025-06-26 00:00:00+00:00
[2025-06-26T22:57:26.473+0000] {processor.py:208} INFO - Processing /home/airflow/.local/lib/python3.12/site-packages/airflow/example_dags/example_branch_datetime_operator.py took 0.587 seconds
[2025-06-26T22:58:19.699+0000] {processor.py:186} INFO - Started process (PID=373) to work on /home/airflow/.local/lib/python3.12/site-packages/airflow/example_dags/example_branch_datetime_operator.py
[2025-06-26T22:58:19.701+0000] {processor.py:914} INFO - Processing file /home/airflow/.local/lib/python3.12/site-packages/airflow/example_dags/example_branch_datetime_operator.py for tasks to queue
[2025-06-26T22:58:19.733+0000] {logging_mixin.py:190} INFO - [2025-06-26T22:58:19.728+0000] {dagbag.py:588} INFO - Filling up the DagBag from /home/airflow/.local/lib/python3.12/site-packages/airflow/example_dags/example_branch_datetime_operator.py
[2025-06-26T22:58:19.840+0000] {processor.py:925} INFO - DAG(s) 'example_branch_datetime_operator', 'example_branch_datetime_operator_2', 'example_branch_datetime_operator_3' retrieved from /home/airflow/.local/lib/python3.12/site-packages/airflow/example_dags/example_branch_datetime_operator.py
[2025-06-26T22:58:20.097+0000] {logging_mixin.py:190} INFO - [2025-06-26T22:58:20.092+0000] {dag.py:3239} INFO - Sync 3 DAGs
[2025-06-26T22:58:20.464+0000] {logging_mixin.py:190} INFO - [2025-06-26T22:58:20.456+0000] {dag.py:4180} INFO - Setting next_dagrun for example_branch_datetime_operator to 2025-06-25 00:00:00+00:00, run_after=2025-06-26 00:00:00+00:00
[2025-06-26T22:58:20.507+0000] {logging_mixin.py:190} INFO - [2025-06-26T22:58:20.506+0000] {dag.py:4180} INFO - Setting next_dagrun for example_branch_datetime_operator_2 to 2025-06-25 00:00:00+00:00, run_after=2025-06-26 00:00:00+00:00
[2025-06-26T22:58:20.533+0000] {logging_mixin.py:190} INFO - [2025-06-26T22:58:20.526+0000] {dag.py:4180} INFO - Setting next_dagrun for example_branch_datetime_operator_3 to 2025-06-25 00:00:00+00:00, run_after=2025-06-26 00:00:00+00:00
[2025-06-26T22:58:20.613+0000] {processor.py:208} INFO - Processing /home/airflow/.local/lib/python3.12/site-packages/airflow/example_dags/example_branch_datetime_operator.py took 0.924 seconds
[2025-06-26T22:59:04.192+0000] {processor.py:186} INFO - Started process (PID=446) to work on /home/airflow/.local/lib/python3.12/site-packages/airflow/example_dags/example_branch_datetime_operator.py
[2025-06-26T22:59:04.194+0000] {processor.py:914} INFO - Processing file /home/airflow/.local/lib/python3.12/site-packages/airflow/example_dags/example_branch_datetime_operator.py for tasks to queue
[2025-06-26T22:59:04.200+0000] {logging_mixin.py:190} INFO - [2025-06-26T22:59:04.199+0000] {dagbag.py:588} INFO - Filling up the DagBag from /home/airflow/.local/lib/python3.12/site-packages/airflow/example_dags/example_branch_datetime_operator.py
[2025-06-26T22:59:04.226+0000] {processor.py:925} INFO - DAG(s) 'example_branch_datetime_operator', 'example_branch_datetime_operator_3', 'example_branch_datetime_operator_2' retrieved from /home/airflow/.local/lib/python3.12/site-packages/airflow/example_dags/example_branch_datetime_operator.py
[2025-06-26T22:59:04.315+0000] {logging_mixin.py:190} INFO - [2025-06-26T22:59:04.314+0000] {dag.py:3239} INFO - Sync 3 DAGs
[2025-06-26T22:59:04.405+0000] {logging_mixin.py:190} INFO - [2025-06-26T22:59:04.404+0000] {dag.py:4180} INFO - Setting next_dagrun for example_branch_datetime_operator to 2025-06-25 00:00:00+00:00, run_after=2025-06-26 00:00:00+00:00
[2025-06-26T22:59:04.412+0000] {logging_mixin.py:190} INFO - [2025-06-26T22:59:04.410+0000] {dag.py:4180} INFO - Setting next_dagrun for example_branch_datetime_operator_2 to 2025-06-25 00:00:00+00:00, run_after=2025-06-26 00:00:00+00:00
[2025-06-26T22:59:04.417+0000] {logging_mixin.py:190} INFO - [2025-06-26T22:59:04.417+0000] {dag.py:4180} INFO - Setting next_dagrun for example_branch_datetime_operator_3 to 2025-06-25 00:00:00+00:00, run_after=2025-06-26 00:00:00+00:00
[2025-06-26T22:59:04.460+0000] {processor.py:208} INFO - Processing /home/airflow/.local/lib/python3.12/site-packages/airflow/example_dags/example_branch_datetime_operator.py took 0.286 seconds
[2025-06-26T22:59:42.666+0000] {processor.py:186} INFO - Started process (PID=520) to work on /home/airflow/.local/lib/python3.12/site-packages/airflow/example_dags/example_branch_datetime_operator.py
[2025-06-26T22:59:42.670+0000] {processor.py:914} INFO - Processing file /home/airflow/.local/lib/python3.12/site-packages/airflow/example_dags/example_branch_datetime_operator.py for tasks to queue
[2025-06-26T22:59:42.677+0000] {logging_mixin.py:190} INFO - [2025-06-26T22:59:42.676+0000] {dagbag.py:588} INFO - Filling up the DagBag from /home/airflow/.local/lib/python3.12/site-packages/airflow/example_dags/example_branch_datetime_operator.py
[2025-06-26T22:59:42.692+0000] {processor.py:925} INFO - DAG(s) 'example_branch_datetime_operator', 'example_branch_datetime_operator_3', 'example_branch_datetime_operator_2' retrieved from /home/airflow/.local/lib/python3.12/site-packages/airflow/example_dags/example_branch_datetime_operator.py
[2025-06-26T22:59:42.728+0000] {logging_mixin.py:190} INFO - [2025-06-26T22:59:42.728+0000] {dag.py:3239} INFO - Sync 3 DAGs
[2025-06-26T22:59:42.758+0000] {logging_mixin.py:190} INFO - [2025-06-26T22:59:42.758+0000] {dag.py:4180} INFO - Setting next_dagrun for example_branch_datetime_operator to 2025-06-25 00:00:00+00:00, run_after=2025-06-26 00:00:00+00:00
[2025-06-26T22:59:42.762+0000] {logging_mixin.py:190} INFO - [2025-06-26T22:59:42.762+0000] {dag.py:4180} INFO - Setting next_dagrun for example_branch_datetime_operator_2 to 2025-06-25 00:00:00+00:00, run_after=2025-06-26 00:00:00+00:00
[2025-06-26T22:59:42.764+0000] {logging_mixin.py:190} INFO - [2025-06-26T22:59:42.764+0000] {dag.py:4180} INFO - Setting next_dagrun for example_branch_datetime_operator_3 to 2025-06-25 00:00:00+00:00, run_after=2025-06-26 00:00:00+00:00
[2025-06-26T22:59:42.781+0000] {processor.py:208} INFO - Processing /home/airflow/.local/lib/python3.12/site-packages/airflow/example_dags/example_branch_datetime_operator.py took 0.122 seconds
[2025-06-26T23:00:13.111+0000] {processor.py:186} INFO - Started process (PID=582) to work on /home/airflow/.local/lib/python3.12/site-packages/airflow/example_dags/example_branch_datetime_operator.py
[2025-06-26T23:00:13.117+0000] {processor.py:914} INFO - Processing file /home/airflow/.local/lib/python3.12/site-packages/airflow/example_dags/example_branch_datetime_operator.py for tasks to queue
[2025-06-26T23:00:13.122+0000] {logging_mixin.py:190} INFO - [2025-06-26T23:00:13.121+0000] {dagbag.py:588} INFO - Filling up the DagBag from /home/airflow/.local/lib/python3.12/site-packages/airflow/example_dags/example_branch_datetime_operator.py
[2025-06-26T23:00:13.133+0000] {processor.py:925} INFO - DAG(s) 'example_branch_datetime_operator_2', 'example_branch_datetime_operator_3', 'example_branch_datetime_operator' retrieved from /home/airflow/.local/lib/python3.12/site-packages/airflow/example_dags/example_branch_datetime_operator.py
[2025-06-26T23:00:13.169+0000] {logging_mixin.py:190} INFO - [2025-06-26T23:00:13.169+0000] {dag.py:3239} INFO - Sync 3 DAGs
[2025-06-26T23:00:13.192+0000] {logging_mixin.py:190} INFO - [2025-06-26T23:00:13.192+0000] {dag.py:4180} INFO - Setting next_dagrun for example_branch_datetime_operator to 2025-06-25 00:00:00+00:00, run_after=2025-06-26 00:00:00+00:00
[2025-06-26T23:00:13.199+0000] {logging_mixin.py:190} INFO - [2025-06-26T23:00:13.199+0000] {dag.py:4180} INFO - Setting next_dagrun for example_branch_datetime_operator_2 to 2025-06-25 00:00:00+00:00, run_after=2025-06-26 00:00:00+00:00
[2025-06-26T23:00:13.204+0000] {logging_mixin.py:190} INFO - [2025-06-26T23:00:13.204+0000] {dag.py:4180} INFO - Setting next_dagrun for example_branch_datetime_operator_3 to 2025-06-25 00:00:00+00:00, run_after=2025-06-26 00:00:00+00:00
[2025-06-26T23:00:13.231+0000] {processor.py:208} INFO - Processing /home/airflow/.local/lib/python3.12/site-packages/airflow/example_dags/example_branch_datetime_operator.py took 0.137 seconds
[2025-06-26T23:00:46.619+0000] {processor.py:186} INFO - Started process (PID=649) to work on /home/airflow/.local/lib/python3.12/site-packages/airflow/example_dags/example_branch_datetime_operator.py
[2025-06-26T23:00:46.620+0000] {processor.py:914} INFO - Processing file /home/airflow/.local/lib/python3.12/site-packages/airflow/example_dags/example_branch_datetime_operator.py for tasks to queue
[2025-06-26T23:00:46.622+0000] {logging_mixin.py:190} INFO - [2025-06-26T23:00:46.622+0000] {dagbag.py:588} INFO - Filling up the DagBag from /home/airflow/.local/lib/python3.12/site-packages/airflow/example_dags/example_branch_datetime_operator.py
[2025-06-26T23:00:46.630+0000] {processor.py:925} INFO - DAG(s) 'example_branch_datetime_operator_3', 'example_branch_datetime_operator', 'example_branch_datetime_operator_2' retrieved from /home/airflow/.local/lib/python3.12/site-packages/airflow/example_dags/example_branch_datetime_operator.py
[2025-06-26T23:00:46.653+0000] {logging_mixin.py:190} INFO - [2025-06-26T23:00:46.652+0000] {dag.py:3239} INFO - Sync 3 DAGs
[2025-06-26T23:00:46.682+0000] {logging_mixin.py:190} INFO - [2025-06-26T23:00:46.682+0000] {dag.py:4180} INFO - Setting next_dagrun for example_branch_datetime_operator to 2025-06-25 00:00:00+00:00, run_after=2025-06-26 00:00:00+00:00
[2025-06-26T23:00:46.686+0000] {logging_mixin.py:190} INFO - [2025-06-26T23:00:46.686+0000] {dag.py:4180} INFO - Setting next_dagrun for example_branch_datetime_operator_2 to 2025-06-25 00:00:00+00:00, run_after=2025-06-26 00:00:00+00:00
[2025-06-26T23:00:46.689+0000] {logging_mixin.py:190} INFO - [2025-06-26T23:00:46.689+0000] {dag.py:4180} INFO - Setting next_dagrun for example_branch_datetime_operator_3 to 2025-06-25 00:00:00+00:00, run_after=2025-06-26 00:00:00+00:00
[2025-06-26T23:00:46.706+0000] {processor.py:208} INFO - Processing /home/airflow/.local/lib/python3.12/site-packages/airflow/example_dags/example_branch_datetime_operator.py took 0.091 seconds
[2025-06-26T23:01:19.521+0000] {processor.py:186} INFO - Started process (PID=711) to work on /home/airflow/.local/lib/python3.12/site-packages/airflow/example_dags/example_branch_datetime_operator.py
[2025-06-26T23:01:19.524+0000] {processor.py:914} INFO - Processing file /home/airflow/.local/lib/python3.12/site-packages/airflow/example_dags/example_branch_datetime_operator.py for tasks to queue
[2025-06-26T23:01:19.526+0000] {logging_mixin.py:190} INFO - [2025-06-26T23:01:19.526+0000] {dagbag.py:588} INFO - Filling up the DagBag from /home/airflow/.local/lib/python3.12/site-packages/airflow/example_dags/example_branch_datetime_operator.py
[2025-06-26T23:01:19.534+0000] {processor.py:925} INFO - DAG(s) 'example_branch_datetime_operator_2', 'example_branch_datetime_operator_3', 'example_branch_datetime_operator' retrieved from /home/airflow/.local/lib/python3.12/site-packages/airflow/example_dags/example_branch_datetime_operator.py
[2025-06-26T23:01:19.553+0000] {logging_mixin.py:190} INFO - [2025-06-26T23:01:19.553+0000] {dag.py:3239} INFO - Sync 3 DAGs
[2025-06-26T23:01:19.576+0000] {logging_mixin.py:190} INFO - [2025-06-26T23:01:19.576+0000] {dag.py:4180} INFO - Setting next_dagrun for example_branch_datetime_operator to 2025-06-25 00:00:00+00:00, run_after=2025-06-26 00:00:00+00:00
[2025-06-26T23:01:19.580+0000] {logging_mixin.py:190} INFO - [2025-06-26T23:01:19.580+0000] {dag.py:4180} INFO - Setting next_dagrun for example_branch_datetime_operator_2 to 2025-06-25 00:00:00+00:00, run_after=2025-06-26 00:00:00+00:00
[2025-06-26T23:01:19.582+0000] {logging_mixin.py:190} INFO - [2025-06-26T23:01:19.582+0000] {dag.py:4180} INFO - Setting next_dagrun for example_branch_datetime_operator_3 to 2025-06-25 00:00:00+00:00, run_after=2025-06-26 00:00:00+00:00
[2025-06-26T23:01:19.593+0000] {processor.py:208} INFO - Processing /home/airflow/.local/lib/python3.12/site-packages/airflow/example_dags/example_branch_datetime_operator.py took 0.075 seconds
[2025-06-26T23:01:54.086+0000] {processor.py:186} INFO - Started process (PID=778) to work on /home/airflow/.local/lib/python3.12/site-packages/airflow/example_dags/example_branch_datetime_operator.py
[2025-06-26T23:01:54.089+0000] {processor.py:914} INFO - Processing file /home/airflow/.local/lib/python3.12/site-packages/airflow/example_dags/example_branch_datetime_operator.py for tasks to queue
[2025-06-26T23:01:54.091+0000] {logging_mixin.py:190} INFO - [2025-06-26T23:01:54.091+0000] {dagbag.py:588} INFO - Filling up the DagBag from /home/airflow/.local/lib/python3.12/site-packages/airflow/example_dags/example_branch_datetime_operator.py
[2025-06-26T23:01:54.112+0000] {processor.py:925} INFO - DAG(s) 'example_branch_datetime_operator_2', 'example_branch_datetime_operator', 'example_branch_datetime_operator_3' retrieved from /home/airflow/.local/lib/python3.12/site-packages/airflow/example_dags/example_branch_datetime_operator.py
[2025-06-26T23:01:54.157+0000] {logging_mixin.py:190} INFO - [2025-06-26T23:01:54.157+0000] {dag.py:3239} INFO - Sync 3 DAGs
[2025-06-26T23:01:54.180+0000] {logging_mixin.py:190} INFO - [2025-06-26T23:01:54.180+0000] {dag.py:4180} INFO - Setting next_dagrun for example_branch_datetime_operator to 2025-06-25 00:00:00+00:00, run_after=2025-06-26 00:00:00+00:00
[2025-06-26T23:01:54.186+0000] {logging_mixin.py:190} INFO - [2025-06-26T23:01:54.186+0000] {dag.py:4180} INFO - Setting next_dagrun for example_branch_datetime_operator_2 to 2025-06-25 00:00:00+00:00, run_after=2025-06-26 00:00:00+00:00
[2025-06-26T23:01:54.187+0000] {logging_mixin.py:190} INFO - [2025-06-26T23:01:54.187+0000] {dag.py:4180} INFO - Setting next_dagrun for example_branch_datetime_operator_3 to 2025-06-25 00:00:00+00:00, run_after=2025-06-26 00:00:00+00:00
[2025-06-26T23:01:54.200+0000] {processor.py:208} INFO - Processing /home/airflow/.local/lib/python3.12/site-packages/airflow/example_dags/example_branch_datetime_operator.py took 0.125 seconds
[2025-06-26T23:02:24.466+0000] {processor.py:186} INFO - Started process (PID=840) to work on /home/airflow/.local/lib/python3.12/site-packages/airflow/example_dags/example_branch_datetime_operator.py
[2025-06-26T23:02:24.467+0000] {processor.py:914} INFO - Processing file /home/airflow/.local/lib/python3.12/site-packages/airflow/example_dags/example_branch_datetime_operator.py for tasks to queue
[2025-06-26T23:02:24.470+0000] {logging_mixin.py:190} INFO - [2025-06-26T23:02:24.469+0000] {dagbag.py:588} INFO - Filling up the DagBag from /home/airflow/.local/lib/python3.12/site-packages/airflow/example_dags/example_branch_datetime_operator.py
[2025-06-26T23:02:24.478+0000] {processor.py:925} INFO - DAG(s) 'example_branch_datetime_operator_3', 'example_branch_datetime_operator', 'example_branch_datetime_operator_2' retrieved from /home/airflow/.local/lib/python3.12/site-packages/airflow/example_dags/example_branch_datetime_operator.py
[2025-06-26T23:02:24.521+0000] {logging_mixin.py:190} INFO - [2025-06-26T23:02:24.521+0000] {dag.py:3239} INFO - Sync 3 DAGs
[2025-06-26T23:02:24.559+0000] {logging_mixin.py:190} INFO - [2025-06-26T23:02:24.559+0000] {dag.py:4180} INFO - Setting next_dagrun for example_branch_datetime_operator to 2025-06-25 00:00:00+00:00, run_after=2025-06-26 00:00:00+00:00
[2025-06-26T23:02:24.565+0000] {logging_mixin.py:190} INFO - [2025-06-26T23:02:24.565+0000] {dag.py:4180} INFO - Setting next_dagrun for example_branch_datetime_operator_2 to 2025-06-25 00:00:00+00:00, run_after=2025-06-26 00:00:00+00:00
[2025-06-26T23:02:24.569+0000] {logging_mixin.py:190} INFO - [2025-06-26T23:02:24.569+0000] {dag.py:4180} INFO - Setting next_dagrun for example_branch_datetime_operator_3 to 2025-06-25 00:00:00+00:00, run_after=2025-06-26 00:00:00+00:00
[2025-06-26T23:02:24.586+0000] {processor.py:208} INFO - Processing /home/airflow/.local/lib/python3.12/site-packages/airflow/example_dags/example_branch_datetime_operator.py took 0.124 seconds
[2025-06-26T23:02:57.913+0000] {processor.py:186} INFO - Started process (PID=902) to work on /home/airflow/.local/lib/python3.12/site-packages/airflow/example_dags/example_branch_datetime_operator.py
[2025-06-26T23:02:57.918+0000] {processor.py:914} INFO - Processing file /home/airflow/.local/lib/python3.12/site-packages/airflow/example_dags/example_branch_datetime_operator.py for tasks to queue
[2025-06-26T23:02:57.920+0000] {logging_mixin.py:190} INFO - [2025-06-26T23:02:57.920+0000] {dagbag.py:588} INFO - Filling up the DagBag from /home/airflow/.local/lib/python3.12/site-packages/airflow/example_dags/example_branch_datetime_operator.py
[2025-06-26T23:02:57.938+0000] {processor.py:925} INFO - DAG(s) 'example_branch_datetime_operator_2', 'example_branch_datetime_operator_3', 'example_branch_datetime_operator' retrieved from /home/airflow/.local/lib/python3.12/site-packages/airflow/example_dags/example_branch_datetime_operator.py
[2025-06-26T23:02:57.971+0000] {logging_mixin.py:190} INFO - [2025-06-26T23:02:57.971+0000] {dag.py:3239} INFO - Sync 3 DAGs
[2025-06-26T23:02:57.993+0000] {logging_mixin.py:190} INFO - [2025-06-26T23:02:57.992+0000] {dag.py:4180} INFO - Setting next_dagrun for example_branch_datetime_operator to 2025-06-25 00:00:00+00:00, run_after=2025-06-26 00:00:00+00:00
[2025-06-26T23:02:57.996+0000] {logging_mixin.py:190} INFO - [2025-06-26T23:02:57.996+0000] {dag.py:4180} INFO - Setting next_dagrun for example_branch_datetime_operator_2 to 2025-06-25 00:00:00+00:00, run_after=2025-06-26 00:00:00+00:00
[2025-06-26T23:02:57.997+0000] {logging_mixin.py:190} INFO - [2025-06-26T23:02:57.997+0000] {dag.py:4180} INFO - Setting next_dagrun for example_branch_datetime_operator_3 to 2025-06-25 00:00:00+00:00, run_after=2025-06-26 00:00:00+00:00
[2025-06-26T23:02:58.014+0000] {processor.py:208} INFO - Processing /home/airflow/.local/lib/python3.12/site-packages/airflow/example_dags/example_branch_datetime_operator.py took 0.109 seconds
[2025-06-26T23:03:44.531+0000] {processor.py:186} INFO - Started process (PID=964) to work on /home/airflow/.local/lib/python3.12/site-packages/airflow/example_dags/example_branch_datetime_operator.py
[2025-06-26T23:03:44.536+0000] {processor.py:914} INFO - Processing file /home/airflow/.local/lib/python3.12/site-packages/airflow/example_dags/example_branch_datetime_operator.py for tasks to queue
[2025-06-26T23:03:44.539+0000] {logging_mixin.py:190} INFO - [2025-06-26T23:03:44.539+0000] {dagbag.py:588} INFO - Filling up the DagBag from /home/airflow/.local/lib/python3.12/site-packages/airflow/example_dags/example_branch_datetime_operator.py
[2025-06-26T23:03:44.561+0000] {processor.py:925} INFO - DAG(s) 'example_branch_datetime_operator', 'example_branch_datetime_operator_3', 'example_branch_datetime_operator_2' retrieved from /home/airflow/.local/lib/python3.12/site-packages/airflow/example_dags/example_branch_datetime_operator.py
[2025-06-26T23:03:44.618+0000] {logging_mixin.py:190} INFO - [2025-06-26T23:03:44.618+0000] {dag.py:3239} INFO - Sync 3 DAGs
[2025-06-26T23:03:44.690+0000] {logging_mixin.py:190} INFO - [2025-06-26T23:03:44.690+0000] {dag.py:4180} INFO - Setting next_dagrun for example_branch_datetime_operator to 2025-06-25 00:00:00+00:00, run_after=2025-06-26 00:00:00+00:00
[2025-06-26T23:03:44.706+0000] {logging_mixin.py:190} INFO - [2025-06-26T23:03:44.706+0000] {dag.py:4180} INFO - Setting next_dagrun for example_branch_datetime_operator_2 to 2025-06-25 00:00:00+00:00, run_after=2025-06-26 00:00:00+00:00
[2025-06-26T23:03:44.712+0000] {logging_mixin.py:190} INFO - [2025-06-26T23:03:44.711+0000] {dag.py:4180} INFO - Setting next_dagrun for example_branch_datetime_operator_3 to 2025-06-25 00:00:00+00:00, run_after=2025-06-26 00:00:00+00:00
[2025-06-26T23:03:44.748+0000] {processor.py:208} INFO - Processing /home/airflow/.local/lib/python3.12/site-packages/airflow/example_dags/example_branch_datetime_operator.py took 0.225 seconds
[2025-06-26T23:04:36.309+0000] {processor.py:186} INFO - Started process (PID=1037) to work on /home/airflow/.local/lib/python3.12/site-packages/airflow/example_dags/example_branch_datetime_operator.py
[2025-06-26T23:04:36.310+0000] {processor.py:914} INFO - Processing file /home/airflow/.local/lib/python3.12/site-packages/airflow/example_dags/example_branch_datetime_operator.py for tasks to queue
[2025-06-26T23:04:36.311+0000] {logging_mixin.py:190} INFO - [2025-06-26T23:04:36.311+0000] {dagbag.py:588} INFO - Filling up the DagBag from /home/airflow/.local/lib/python3.12/site-packages/airflow/example_dags/example_branch_datetime_operator.py
[2025-06-26T23:04:36.319+0000] {processor.py:925} INFO - DAG(s) 'example_branch_datetime_operator', 'example_branch_datetime_operator_3', 'example_branch_datetime_operator_2' retrieved from /home/airflow/.local/lib/python3.12/site-packages/airflow/example_dags/example_branch_datetime_operator.py
[2025-06-26T23:04:36.341+0000] {logging_mixin.py:190} INFO - [2025-06-26T23:04:36.341+0000] {dag.py:3239} INFO - Sync 3 DAGs
[2025-06-26T23:04:36.354+0000] {logging_mixin.py:190} INFO - [2025-06-26T23:04:36.354+0000] {dag.py:4180} INFO - Setting next_dagrun for example_branch_datetime_operator to 2025-06-25 00:00:00+00:00, run_after=2025-06-26 00:00:00+00:00
[2025-06-26T23:04:36.360+0000] {logging_mixin.py:190} INFO - [2025-06-26T23:04:36.360+0000] {dag.py:4180} INFO - Setting next_dagrun for example_branch_datetime_operator_2 to 2025-06-25 00:00:00+00:00, run_after=2025-06-26 00:00:00+00:00
[2025-06-26T23:04:36.363+0000] {logging_mixin.py:190} INFO - [2025-06-26T23:04:36.363+0000] {dag.py:4180} INFO - Setting next_dagrun for example_branch_datetime_operator_3 to 2025-06-25 00:00:00+00:00, run_after=2025-06-26 00:00:00+00:00
[2025-06-26T23:04:36.382+0000] {processor.py:208} INFO - Processing /home/airflow/.local/lib/python3.12/site-packages/airflow/example_dags/example_branch_datetime_operator.py took 0.077 seconds
[2025-06-26T23:05:13.313+0000] {processor.py:186} INFO - Started process (PID=1098) to work on /home/airflow/.local/lib/python3.12/site-packages/airflow/example_dags/example_branch_datetime_operator.py
[2025-06-26T23:05:13.314+0000] {processor.py:914} INFO - Processing file /home/airflow/.local/lib/python3.12/site-packages/airflow/example_dags/example_branch_datetime_operator.py for tasks to queue
[2025-06-26T23:05:13.322+0000] {logging_mixin.py:190} INFO - [2025-06-26T23:05:13.321+0000] {dagbag.py:588} INFO - Filling up the DagBag from /home/airflow/.local/lib/python3.12/site-packages/airflow/example_dags/example_branch_datetime_operator.py
[2025-06-26T23:05:13.340+0000] {processor.py:925} INFO - DAG(s) 'example_branch_datetime_operator_3', 'example_branch_datetime_operator_2', 'example_branch_datetime_operator' retrieved from /home/airflow/.local/lib/python3.12/site-packages/airflow/example_dags/example_branch_datetime_operator.py
[2025-06-26T23:05:13.400+0000] {logging_mixin.py:190} INFO - [2025-06-26T23:05:13.400+0000] {dag.py:3239} INFO - Sync 3 DAGs
[2025-06-26T23:05:13.437+0000] {logging_mixin.py:190} INFO - [2025-06-26T23:05:13.437+0000] {dag.py:4180} INFO - Setting next_dagrun for example_branch_datetime_operator to 2025-06-25 00:00:00+00:00, run_after=2025-06-26 00:00:00+00:00
[2025-06-26T23:05:13.440+0000] {logging_mixin.py:190} INFO - [2025-06-26T23:05:13.440+0000] {dag.py:4180} INFO - Setting next_dagrun for example_branch_datetime_operator_2 to 2025-06-25 00:00:00+00:00, run_after=2025-06-26 00:00:00+00:00
[2025-06-26T23:05:13.442+0000] {logging_mixin.py:190} INFO - [2025-06-26T23:05:13.442+0000] {dag.py:4180} INFO - Setting next_dagrun for example_branch_datetime_operator_3 to 2025-06-25 00:00:00+00:00, run_after=2025-06-26 00:00:00+00:00
[2025-06-26T23:05:13.464+0000] {processor.py:208} INFO - Processing /home/airflow/.local/lib/python3.12/site-packages/airflow/example_dags/example_branch_datetime_operator.py took 0.156 seconds
[2025-06-26T23:05:44.115+0000] {processor.py:186} INFO - Started process (PID=1160) to work on /home/airflow/.local/lib/python3.12/site-packages/airflow/example_dags/example_branch_datetime_operator.py
[2025-06-26T23:05:44.119+0000] {processor.py:914} INFO - Processing file /home/airflow/.local/lib/python3.12/site-packages/airflow/example_dags/example_branch_datetime_operator.py for tasks to queue
[2025-06-26T23:05:44.125+0000] {logging_mixin.py:190} INFO - [2025-06-26T23:05:44.124+0000] {dagbag.py:588} INFO - Filling up the DagBag from /home/airflow/.local/lib/python3.12/site-packages/airflow/example_dags/example_branch_datetime_operator.py
[2025-06-26T23:05:44.137+0000] {processor.py:925} INFO - DAG(s) 'example_branch_datetime_operator_3', 'example_branch_datetime_operator_2', 'example_branch_datetime_operator' retrieved from /home/airflow/.local/lib/python3.12/site-packages/airflow/example_dags/example_branch_datetime_operator.py
[2025-06-26T23:05:44.171+0000] {logging_mixin.py:190} INFO - [2025-06-26T23:05:44.171+0000] {dag.py:3239} INFO - Sync 3 DAGs
[2025-06-26T23:05:44.202+0000] {logging_mixin.py:190} INFO - [2025-06-26T23:05:44.202+0000] {dag.py:4180} INFO - Setting next_dagrun for example_branch_datetime_operator to 2025-06-25 00:00:00+00:00, run_after=2025-06-26 00:00:00+00:00
[2025-06-26T23:05:44.206+0000] {logging_mixin.py:190} INFO - [2025-06-26T23:05:44.206+0000] {dag.py:4180} INFO - Setting next_dagrun for example_branch_datetime_operator_2 to 2025-06-25 00:00:00+00:00, run_after=2025-06-26 00:00:00+00:00
[2025-06-26T23:05:44.208+0000] {logging_mixin.py:190} INFO - [2025-06-26T23:05:44.208+0000] {dag.py:4180} INFO - Setting next_dagrun for example_branch_datetime_operator_3 to 2025-06-25 00:00:00+00:00, run_after=2025-06-26 00:00:00+00:00
[2025-06-26T23:05:44.223+0000] {processor.py:208} INFO - Processing /home/airflow/.local/lib/python3.12/site-packages/airflow/example_dags/example_branch_datetime_operator.py took 0.112 seconds
[2025-06-26T23:06:20.578+0000] {processor.py:186} INFO - Started process (PID=1222) to work on /home/airflow/.local/lib/python3.12/site-packages/airflow/example_dags/example_branch_datetime_operator.py
[2025-06-26T23:06:20.579+0000] {processor.py:914} INFO - Processing file /home/airflow/.local/lib/python3.12/site-packages/airflow/example_dags/example_branch_datetime_operator.py for tasks to queue
[2025-06-26T23:06:20.583+0000] {logging_mixin.py:190} INFO - [2025-06-26T23:06:20.582+0000] {dagbag.py:588} INFO - Filling up the DagBag from /home/airflow/.local/lib/python3.12/site-packages/airflow/example_dags/example_branch_datetime_operator.py
[2025-06-26T23:06:20.609+0000] {processor.py:925} INFO - DAG(s) 'example_branch_datetime_operator_3', 'example_branch_datetime_operator', 'example_branch_datetime_operator_2' retrieved from /home/airflow/.local/lib/python3.12/site-packages/airflow/example_dags/example_branch_datetime_operator.py
[2025-06-26T23:06:20.635+0000] {logging_mixin.py:190} INFO - [2025-06-26T23:06:20.635+0000] {dag.py:3239} INFO - Sync 3 DAGs
[2025-06-26T23:06:20.661+0000] {logging_mixin.py:190} INFO - [2025-06-26T23:06:20.661+0000] {dag.py:4180} INFO - Setting next_dagrun for example_branch_datetime_operator to 2025-06-25 00:00:00+00:00, run_after=2025-06-26 00:00:00+00:00
[2025-06-26T23:06:20.668+0000] {logging_mixin.py:190} INFO - [2025-06-26T23:06:20.668+0000] {dag.py:4180} INFO - Setting next_dagrun for example_branch_datetime_operator_2 to 2025-06-25 00:00:00+00:00, run_after=2025-06-26 00:00:00+00:00
[2025-06-26T23:06:20.670+0000] {logging_mixin.py:190} INFO - [2025-06-26T23:06:20.670+0000] {dag.py:4180} INFO - Setting next_dagrun for example_branch_datetime_operator_3 to 2025-06-25 00:00:00+00:00, run_after=2025-06-26 00:00:00+00:00
[2025-06-26T23:06:20.683+0000] {processor.py:208} INFO - Processing /home/airflow/.local/lib/python3.12/site-packages/airflow/example_dags/example_branch_datetime_operator.py took 0.115 seconds
[2025-06-26T23:06:51.374+0000] {processor.py:186} INFO - Started process (PID=1284) to work on /home/airflow/.local/lib/python3.12/site-packages/airflow/example_dags/example_branch_datetime_operator.py
[2025-06-26T23:06:51.375+0000] {processor.py:914} INFO - Processing file /home/airflow/.local/lib/python3.12/site-packages/airflow/example_dags/example_branch_datetime_operator.py for tasks to queue
[2025-06-26T23:06:51.376+0000] {logging_mixin.py:190} INFO - [2025-06-26T23:06:51.376+0000] {dagbag.py:588} INFO - Filling up the DagBag from /home/airflow/.local/lib/python3.12/site-packages/airflow/example_dags/example_branch_datetime_operator.py
[2025-06-26T23:06:51.385+0000] {processor.py:925} INFO - DAG(s) 'example_branch_datetime_operator_3', 'example_branch_datetime_operator', 'example_branch_datetime_operator_2' retrieved from /home/airflow/.local/lib/python3.12/site-packages/airflow/example_dags/example_branch_datetime_operator.py
[2025-06-26T23:06:51.405+0000] {logging_mixin.py:190} INFO - [2025-06-26T23:06:51.405+0000] {dag.py:3239} INFO - Sync 3 DAGs
[2025-06-26T23:06:51.431+0000] {logging_mixin.py:190} INFO - [2025-06-26T23:06:51.431+0000] {dag.py:4180} INFO - Setting next_dagrun for example_branch_datetime_operator to 2025-06-25 00:00:00+00:00, run_after=2025-06-26 00:00:00+00:00
[2025-06-26T23:06:51.435+0000] {logging_mixin.py:190} INFO - [2025-06-26T23:06:51.435+0000] {dag.py:4180} INFO - Setting next_dagrun for example_branch_datetime_operator_2 to 2025-06-25 00:00:00+00:00, run_after=2025-06-26 00:00:00+00:00
[2025-06-26T23:06:51.439+0000] {logging_mixin.py:190} INFO - [2025-06-26T23:06:51.439+0000] {dag.py:4180} INFO - Setting next_dagrun for example_branch_datetime_operator_3 to 2025-06-25 00:00:00+00:00, run_after=2025-06-26 00:00:00+00:00
[2025-06-26T23:06:51.449+0000] {processor.py:208} INFO - Processing /home/airflow/.local/lib/python3.12/site-packages/airflow/example_dags/example_branch_datetime_operator.py took 0.080 seconds
[2025-06-26T23:07:23.423+0000] {processor.py:186} INFO - Started process (PID=1346) to work on /home/airflow/.local/lib/python3.12/site-packages/airflow/example_dags/example_branch_datetime_operator.py
[2025-06-26T23:07:23.426+0000] {processor.py:914} INFO - Processing file /home/airflow/.local/lib/python3.12/site-packages/airflow/example_dags/example_branch_datetime_operator.py for tasks to queue
[2025-06-26T23:07:23.427+0000] {logging_mixin.py:190} INFO - [2025-06-26T23:07:23.427+0000] {dagbag.py:588} INFO - Filling up the DagBag from /home/airflow/.local/lib/python3.12/site-packages/airflow/example_dags/example_branch_datetime_operator.py
[2025-06-26T23:07:23.439+0000] {processor.py:925} INFO - DAG(s) 'example_branch_datetime_operator_3', 'example_branch_datetime_operator_2', 'example_branch_datetime_operator' retrieved from /home/airflow/.local/lib/python3.12/site-packages/airflow/example_dags/example_branch_datetime_operator.py
[2025-06-26T23:07:23.456+0000] {logging_mixin.py:190} INFO - [2025-06-26T23:07:23.455+0000] {dag.py:3239} INFO - Sync 3 DAGs
[2025-06-26T23:07:23.478+0000] {logging_mixin.py:190} INFO - [2025-06-26T23:07:23.478+0000] {dag.py:4180} INFO - Setting next_dagrun for example_branch_datetime_operator to 2025-06-25 00:00:00+00:00, run_after=2025-06-26 00:00:00+00:00
[2025-06-26T23:07:23.481+0000] {logging_mixin.py:190} INFO - [2025-06-26T23:07:23.481+0000] {dag.py:4180} INFO - Setting next_dagrun for example_branch_datetime_operator_2 to 2025-06-25 00:00:00+00:00, run_after=2025-06-26 00:00:00+00:00
[2025-06-26T23:07:23.482+0000] {logging_mixin.py:190} INFO - [2025-06-26T23:07:23.482+0000] {dag.py:4180} INFO - Setting next_dagrun for example_branch_datetime_operator_3 to 2025-06-25 00:00:00+00:00, run_after=2025-06-26 00:00:00+00:00
[2025-06-26T23:07:23.495+0000] {processor.py:208} INFO - Processing /home/airflow/.local/lib/python3.12/site-packages/airflow/example_dags/example_branch_datetime_operator.py took 0.081 seconds
