[2025-06-26T22:55:45.647+0000] {processor.py:186} INFO - Started process (PID=104) to work on /home/airflow/.local/lib/python3.12/site-packages/airflow/example_dags/example_task_group.py
[2025-06-26T22:55:45.650+0000] {processor.py:914} INFO - Processing file /home/airflow/.local/lib/python3.12/site-packages/airflow/example_dags/example_task_group.py for tasks to queue
[2025-06-26T22:55:45.657+0000] {logging_mixin.py:190} INFO - [2025-06-26T22:55:45.657+0000] {dagbag.py:588} INFO - Filling up the DagBag from /home/airflow/.local/lib/python3.12/site-packages/airflow/example_dags/example_task_group.py
[2025-06-26T22:55:45.680+0000] {processor.py:925} INFO - DAG(s) 'example_task_group' retrieved from /home/airflow/.local/lib/python3.12/site-packages/airflow/example_dags/example_task_group.py
[2025-06-26T22:55:46.034+0000] {logging_mixin.py:190} INFO - [2025-06-26T22:55:46.029+0000] {override.py:1900} INFO - Created Permission View: can read on DAG:example_task_group
[2025-06-26T22:55:46.054+0000] {logging_mixin.py:190} INFO - [2025-06-26T22:55:46.053+0000] {override.py:1900} INFO - Created Permission View: can delete on DAG:example_task_group
[2025-06-26T22:55:46.059+0000] {logging_mixin.py:190} INFO - [2025-06-26T22:55:46.058+0000] {override.py:1900} INFO - Created Permission View: can edit on DAG:example_task_group
[2025-06-26T22:55:46.062+0000] {logging_mixin.py:190} INFO - [2025-06-26T22:55:46.062+0000] {override.py:1900} INFO - Created Permission View: can read on DAG Run:example_task_group
[2025-06-26T22:55:46.066+0000] {logging_mixin.py:190} INFO - [2025-06-26T22:55:46.065+0000] {override.py:1900} INFO - Created Permission View: menu access on DAG Run:example_task_group
[2025-06-26T22:55:46.070+0000] {logging_mixin.py:190} INFO - [2025-06-26T22:55:46.070+0000] {override.py:1900} INFO - Created Permission View: can delete on DAG Run:example_task_group
[2025-06-26T22:55:46.074+0000] {logging_mixin.py:190} INFO - [2025-06-26T22:55:46.073+0000] {override.py:1900} INFO - Created Permission View: can create on DAG Run:example_task_group
[2025-06-26T22:55:46.074+0000] {logging_mixin.py:190} INFO - [2025-06-26T22:55:46.074+0000] {dag.py:3239} INFO - Sync 1 DAGs
[2025-06-26T22:55:46.094+0000] {logging_mixin.py:190} INFO - [2025-06-26T22:55:46.093+0000] {dag.py:3262} INFO - Creating ORM DAG for example_task_group
[2025-06-26T22:55:46.094+0000] {logging_mixin.py:190} INFO - [2025-06-26T22:55:46.094+0000] {dag.py:4180} INFO - Setting next_dagrun for example_task_group to None, run_after=None
[2025-06-26T22:55:46.127+0000] {processor.py:208} INFO - Processing /home/airflow/.local/lib/python3.12/site-packages/airflow/example_dags/example_task_group.py took 0.495 seconds
[2025-06-26T22:56:16.616+0000] {processor.py:186} INFO - Started process (PID=166) to work on /home/airflow/.local/lib/python3.12/site-packages/airflow/example_dags/example_task_group.py
[2025-06-26T22:56:16.617+0000] {processor.py:914} INFO - Processing file /home/airflow/.local/lib/python3.12/site-packages/airflow/example_dags/example_task_group.py for tasks to queue
[2025-06-26T22:56:16.621+0000] {logging_mixin.py:190} INFO - [2025-06-26T22:56:16.620+0000] {dagbag.py:588} INFO - Filling up the DagBag from /home/airflow/.local/lib/python3.12/site-packages/airflow/example_dags/example_task_group.py
[2025-06-26T22:56:16.631+0000] {processor.py:925} INFO - DAG(s) 'example_task_group' retrieved from /home/airflow/.local/lib/python3.12/site-packages/airflow/example_dags/example_task_group.py
[2025-06-26T22:56:16.649+0000] {logging_mixin.py:190} INFO - [2025-06-26T22:56:16.649+0000] {dag.py:3239} INFO - Sync 1 DAGs
[2025-06-26T22:56:16.667+0000] {logging_mixin.py:190} INFO - [2025-06-26T22:56:16.667+0000] {dag.py:4180} INFO - Setting next_dagrun for example_task_group to None, run_after=None
[2025-06-26T22:56:16.679+0000] {processor.py:208} INFO - Processing /home/airflow/.local/lib/python3.12/site-packages/airflow/example_dags/example_task_group.py took 0.077 seconds
[2025-06-26T22:56:47.674+0000] {processor.py:186} INFO - Started process (PID=228) to work on /home/airflow/.local/lib/python3.12/site-packages/airflow/example_dags/example_task_group.py
[2025-06-26T22:56:47.677+0000] {processor.py:914} INFO - Processing file /home/airflow/.local/lib/python3.12/site-packages/airflow/example_dags/example_task_group.py for tasks to queue
[2025-06-26T22:56:47.692+0000] {logging_mixin.py:190} INFO - [2025-06-26T22:56:47.691+0000] {dagbag.py:588} INFO - Filling up the DagBag from /home/airflow/.local/lib/python3.12/site-packages/airflow/example_dags/example_task_group.py
[2025-06-26T22:56:47.723+0000] {processor.py:925} INFO - DAG(s) 'example_task_group' retrieved from /home/airflow/.local/lib/python3.12/site-packages/airflow/example_dags/example_task_group.py
[2025-06-26T22:56:47.802+0000] {logging_mixin.py:190} INFO - [2025-06-26T22:56:47.800+0000] {dag.py:3239} INFO - Sync 1 DAGs
[2025-06-26T22:56:47.831+0000] {logging_mixin.py:190} INFO - [2025-06-26T22:56:47.830+0000] {dag.py:4180} INFO - Setting next_dagrun for example_task_group to None, run_after=None
[2025-06-26T22:56:47.878+0000] {processor.py:208} INFO - Processing /home/airflow/.local/lib/python3.12/site-packages/airflow/example_dags/example_task_group.py took 0.227 seconds
[2025-06-26T22:57:19.316+0000] {processor.py:186} INFO - Started process (PID=290) to work on /home/airflow/.local/lib/python3.12/site-packages/airflow/example_dags/example_task_group.py
[2025-06-26T22:57:19.318+0000] {processor.py:914} INFO - Processing file /home/airflow/.local/lib/python3.12/site-packages/airflow/example_dags/example_task_group.py for tasks to queue
[2025-06-26T22:57:19.320+0000] {logging_mixin.py:190} INFO - [2025-06-26T22:57:19.320+0000] {dagbag.py:588} INFO - Filling up the DagBag from /home/airflow/.local/lib/python3.12/site-packages/airflow/example_dags/example_task_group.py
[2025-06-26T22:57:19.328+0000] {processor.py:925} INFO - DAG(s) 'example_task_group' retrieved from /home/airflow/.local/lib/python3.12/site-packages/airflow/example_dags/example_task_group.py
[2025-06-26T22:57:19.383+0000] {logging_mixin.py:190} INFO - [2025-06-26T22:57:19.382+0000] {dag.py:3239} INFO - Sync 1 DAGs
[2025-06-26T22:57:19.424+0000] {logging_mixin.py:190} INFO - [2025-06-26T22:57:19.422+0000] {dag.py:4180} INFO - Setting next_dagrun for example_task_group to None, run_after=None
[2025-06-26T22:57:19.460+0000] {processor.py:208} INFO - Processing /home/airflow/.local/lib/python3.12/site-packages/airflow/example_dags/example_task_group.py took 0.152 seconds
[2025-06-26T22:58:15.295+0000] {processor.py:186} INFO - Started process (PID=362) to work on /home/airflow/.local/lib/python3.12/site-packages/airflow/example_dags/example_task_group.py
[2025-06-26T22:58:15.298+0000] {processor.py:914} INFO - Processing file /home/airflow/.local/lib/python3.12/site-packages/airflow/example_dags/example_task_group.py for tasks to queue
[2025-06-26T22:58:15.307+0000] {logging_mixin.py:190} INFO - [2025-06-26T22:58:15.306+0000] {dagbag.py:588} INFO - Filling up the DagBag from /home/airflow/.local/lib/python3.12/site-packages/airflow/example_dags/example_task_group.py
[2025-06-26T22:58:15.332+0000] {processor.py:925} INFO - DAG(s) 'example_task_group' retrieved from /home/airflow/.local/lib/python3.12/site-packages/airflow/example_dags/example_task_group.py
[2025-06-26T22:58:15.386+0000] {logging_mixin.py:190} INFO - [2025-06-26T22:58:15.385+0000] {dag.py:3239} INFO - Sync 1 DAGs
[2025-06-26T22:58:15.462+0000] {logging_mixin.py:190} INFO - [2025-06-26T22:58:15.460+0000] {dag.py:4180} INFO - Setting next_dagrun for example_task_group to None, run_after=None
[2025-06-26T22:58:15.528+0000] {processor.py:208} INFO - Processing /home/airflow/.local/lib/python3.12/site-packages/airflow/example_dags/example_task_group.py took 0.252 seconds
[2025-06-26T22:59:02.859+0000] {processor.py:186} INFO - Started process (PID=435) to work on /home/airflow/.local/lib/python3.12/site-packages/airflow/example_dags/example_task_group.py
[2025-06-26T22:59:02.860+0000] {processor.py:914} INFO - Processing file /home/airflow/.local/lib/python3.12/site-packages/airflow/example_dags/example_task_group.py for tasks to queue
[2025-06-26T22:59:02.862+0000] {logging_mixin.py:190} INFO - [2025-06-26T22:59:02.862+0000] {dagbag.py:588} INFO - Filling up the DagBag from /home/airflow/.local/lib/python3.12/site-packages/airflow/example_dags/example_task_group.py
[2025-06-26T22:59:02.879+0000] {processor.py:925} INFO - DAG(s) 'example_task_group' retrieved from /home/airflow/.local/lib/python3.12/site-packages/airflow/example_dags/example_task_group.py
[2025-06-26T22:59:02.927+0000] {logging_mixin.py:190} INFO - [2025-06-26T22:59:02.926+0000] {dag.py:3239} INFO - Sync 1 DAGs
[2025-06-26T22:59:02.949+0000] {logging_mixin.py:190} INFO - [2025-06-26T22:59:02.949+0000] {dag.py:4180} INFO - Setting next_dagrun for example_task_group to None, run_after=None
[2025-06-26T22:59:02.970+0000] {processor.py:208} INFO - Processing /home/airflow/.local/lib/python3.12/site-packages/airflow/example_dags/example_task_group.py took 0.118 seconds
[2025-06-26T22:59:41.771+0000] {processor.py:186} INFO - Started process (PID=509) to work on /home/airflow/.local/lib/python3.12/site-packages/airflow/example_dags/example_task_group.py
[2025-06-26T22:59:41.772+0000] {processor.py:914} INFO - Processing file /home/airflow/.local/lib/python3.12/site-packages/airflow/example_dags/example_task_group.py for tasks to queue
[2025-06-26T22:59:41.774+0000] {logging_mixin.py:190} INFO - [2025-06-26T22:59:41.774+0000] {dagbag.py:588} INFO - Filling up the DagBag from /home/airflow/.local/lib/python3.12/site-packages/airflow/example_dags/example_task_group.py
[2025-06-26T22:59:41.785+0000] {processor.py:925} INFO - DAG(s) 'example_task_group' retrieved from /home/airflow/.local/lib/python3.12/site-packages/airflow/example_dags/example_task_group.py
[2025-06-26T22:59:41.829+0000] {logging_mixin.py:190} INFO - [2025-06-26T22:59:41.829+0000] {dag.py:3239} INFO - Sync 1 DAGs
[2025-06-26T22:59:41.863+0000] {logging_mixin.py:190} INFO - [2025-06-26T22:59:41.863+0000] {dag.py:4180} INFO - Setting next_dagrun for example_task_group to None, run_after=None
[2025-06-26T22:59:41.903+0000] {processor.py:208} INFO - Processing /home/airflow/.local/lib/python3.12/site-packages/airflow/example_dags/example_task_group.py took 0.139 seconds
[2025-06-26T23:00:12.446+0000] {processor.py:186} INFO - Started process (PID=571) to work on /home/airflow/.local/lib/python3.12/site-packages/airflow/example_dags/example_task_group.py
[2025-06-26T23:00:12.447+0000] {processor.py:914} INFO - Processing file /home/airflow/.local/lib/python3.12/site-packages/airflow/example_dags/example_task_group.py for tasks to queue
[2025-06-26T23:00:12.449+0000] {logging_mixin.py:190} INFO - [2025-06-26T23:00:12.449+0000] {dagbag.py:588} INFO - Filling up the DagBag from /home/airflow/.local/lib/python3.12/site-packages/airflow/example_dags/example_task_group.py
[2025-06-26T23:00:12.465+0000] {processor.py:925} INFO - DAG(s) 'example_task_group' retrieved from /home/airflow/.local/lib/python3.12/site-packages/airflow/example_dags/example_task_group.py
[2025-06-26T23:00:12.502+0000] {logging_mixin.py:190} INFO - [2025-06-26T23:00:12.501+0000] {dag.py:3239} INFO - Sync 1 DAGs
[2025-06-26T23:00:12.525+0000] {logging_mixin.py:190} INFO - [2025-06-26T23:00:12.524+0000] {dag.py:4180} INFO - Setting next_dagrun for example_task_group to None, run_after=None
[2025-06-26T23:00:12.553+0000] {processor.py:208} INFO - Processing /home/airflow/.local/lib/python3.12/site-packages/airflow/example_dags/example_task_group.py took 0.117 seconds
[2025-06-26T23:00:45.452+0000] {processor.py:186} INFO - Started process (PID=633) to work on /home/airflow/.local/lib/python3.12/site-packages/airflow/example_dags/example_task_group.py
[2025-06-26T23:00:45.454+0000] {processor.py:914} INFO - Processing file /home/airflow/.local/lib/python3.12/site-packages/airflow/example_dags/example_task_group.py for tasks to queue
[2025-06-26T23:00:45.459+0000] {logging_mixin.py:190} INFO - [2025-06-26T23:00:45.458+0000] {dagbag.py:588} INFO - Filling up the DagBag from /home/airflow/.local/lib/python3.12/site-packages/airflow/example_dags/example_task_group.py
[2025-06-26T23:00:45.473+0000] {processor.py:925} INFO - DAG(s) 'example_task_group' retrieved from /home/airflow/.local/lib/python3.12/site-packages/airflow/example_dags/example_task_group.py
[2025-06-26T23:00:45.510+0000] {logging_mixin.py:190} INFO - [2025-06-26T23:00:45.510+0000] {dag.py:3239} INFO - Sync 1 DAGs
[2025-06-26T23:00:45.529+0000] {logging_mixin.py:190} INFO - [2025-06-26T23:00:45.529+0000] {dag.py:4180} INFO - Setting next_dagrun for example_task_group to None, run_after=None
[2025-06-26T23:00:45.548+0000] {processor.py:208} INFO - Processing /home/airflow/.local/lib/python3.12/site-packages/airflow/example_dags/example_task_group.py took 0.106 seconds
[2025-06-26T23:01:17.918+0000] {processor.py:186} INFO - Started process (PID=695) to work on /home/airflow/.local/lib/python3.12/site-packages/airflow/example_dags/example_task_group.py
[2025-06-26T23:01:17.919+0000] {processor.py:914} INFO - Processing file /home/airflow/.local/lib/python3.12/site-packages/airflow/example_dags/example_task_group.py for tasks to queue
[2025-06-26T23:01:17.920+0000] {logging_mixin.py:190} INFO - [2025-06-26T23:01:17.920+0000] {dagbag.py:588} INFO - Filling up the DagBag from /home/airflow/.local/lib/python3.12/site-packages/airflow/example_dags/example_task_group.py
[2025-06-26T23:01:17.927+0000] {processor.py:925} INFO - DAG(s) 'example_task_group' retrieved from /home/airflow/.local/lib/python3.12/site-packages/airflow/example_dags/example_task_group.py
[2025-06-26T23:01:17.945+0000] {logging_mixin.py:190} INFO - [2025-06-26T23:01:17.945+0000] {dag.py:3239} INFO - Sync 1 DAGs
[2025-06-26T23:01:17.956+0000] {logging_mixin.py:190} INFO - [2025-06-26T23:01:17.956+0000] {dag.py:4180} INFO - Setting next_dagrun for example_task_group to None, run_after=None
[2025-06-26T23:01:17.967+0000] {processor.py:208} INFO - Processing /home/airflow/.local/lib/python3.12/site-packages/airflow/example_dags/example_task_group.py took 0.053 seconds
[2025-06-26T23:01:53.149+0000] {processor.py:186} INFO - Started process (PID=767) to work on /home/airflow/.local/lib/python3.12/site-packages/airflow/example_dags/example_task_group.py
[2025-06-26T23:01:53.151+0000] {processor.py:914} INFO - Processing file /home/airflow/.local/lib/python3.12/site-packages/airflow/example_dags/example_task_group.py for tasks to queue
[2025-06-26T23:01:53.163+0000] {logging_mixin.py:190} INFO - [2025-06-26T23:01:53.162+0000] {dagbag.py:588} INFO - Filling up the DagBag from /home/airflow/.local/lib/python3.12/site-packages/airflow/example_dags/example_task_group.py
[2025-06-26T23:01:53.183+0000] {processor.py:925} INFO - DAG(s) 'example_task_group' retrieved from /home/airflow/.local/lib/python3.12/site-packages/airflow/example_dags/example_task_group.py
[2025-06-26T23:01:53.218+0000] {logging_mixin.py:190} INFO - [2025-06-26T23:01:53.218+0000] {dag.py:3239} INFO - Sync 1 DAGs
[2025-06-26T23:01:53.232+0000] {logging_mixin.py:190} INFO - [2025-06-26T23:01:53.232+0000] {dag.py:4180} INFO - Setting next_dagrun for example_task_group to None, run_after=None
[2025-06-26T23:01:53.254+0000] {processor.py:208} INFO - Processing /home/airflow/.local/lib/python3.12/site-packages/airflow/example_dags/example_task_group.py took 0.125 seconds
[2025-06-26T23:02:23.911+0000] {processor.py:186} INFO - Started process (PID=829) to work on /home/airflow/.local/lib/python3.12/site-packages/airflow/example_dags/example_task_group.py
[2025-06-26T23:02:23.913+0000] {processor.py:914} INFO - Processing file /home/airflow/.local/lib/python3.12/site-packages/airflow/example_dags/example_task_group.py for tasks to queue
[2025-06-26T23:02:23.917+0000] {logging_mixin.py:190} INFO - [2025-06-26T23:02:23.917+0000] {dagbag.py:588} INFO - Filling up the DagBag from /home/airflow/.local/lib/python3.12/site-packages/airflow/example_dags/example_task_group.py
[2025-06-26T23:02:23.925+0000] {processor.py:925} INFO - DAG(s) 'example_task_group' retrieved from /home/airflow/.local/lib/python3.12/site-packages/airflow/example_dags/example_task_group.py
[2025-06-26T23:02:23.938+0000] {logging_mixin.py:190} INFO - [2025-06-26T23:02:23.937+0000] {dag.py:3239} INFO - Sync 1 DAGs
[2025-06-26T23:02:23.946+0000] {logging_mixin.py:190} INFO - [2025-06-26T23:02:23.946+0000] {dag.py:4180} INFO - Setting next_dagrun for example_task_group to None, run_after=None
[2025-06-26T23:02:23.962+0000] {processor.py:208} INFO - Processing /home/airflow/.local/lib/python3.12/site-packages/airflow/example_dags/example_task_group.py took 0.056 seconds
[2025-06-26T23:02:56.633+0000] {processor.py:186} INFO - Started process (PID=891) to work on /home/airflow/.local/lib/python3.12/site-packages/airflow/example_dags/example_task_group.py
[2025-06-26T23:02:56.634+0000] {processor.py:914} INFO - Processing file /home/airflow/.local/lib/python3.12/site-packages/airflow/example_dags/example_task_group.py for tasks to queue
[2025-06-26T23:02:56.638+0000] {logging_mixin.py:190} INFO - [2025-06-26T23:02:56.637+0000] {dagbag.py:588} INFO - Filling up the DagBag from /home/airflow/.local/lib/python3.12/site-packages/airflow/example_dags/example_task_group.py
[2025-06-26T23:02:56.646+0000] {processor.py:925} INFO - DAG(s) 'example_task_group' retrieved from /home/airflow/.local/lib/python3.12/site-packages/airflow/example_dags/example_task_group.py
[2025-06-26T23:02:56.663+0000] {logging_mixin.py:190} INFO - [2025-06-26T23:02:56.663+0000] {dag.py:3239} INFO - Sync 1 DAGs
[2025-06-26T23:02:56.674+0000] {logging_mixin.py:190} INFO - [2025-06-26T23:02:56.674+0000] {dag.py:4180} INFO - Setting next_dagrun for example_task_group to None, run_after=None
[2025-06-26T23:02:56.686+0000] {processor.py:208} INFO - Processing /home/airflow/.local/lib/python3.12/site-packages/airflow/example_dags/example_task_group.py took 0.058 seconds
[2025-06-26T23:03:43.196+0000] {processor.py:186} INFO - Started process (PID=953) to work on /home/airflow/.local/lib/python3.12/site-packages/airflow/example_dags/example_task_group.py
[2025-06-26T23:03:43.200+0000] {processor.py:914} INFO - Processing file /home/airflow/.local/lib/python3.12/site-packages/airflow/example_dags/example_task_group.py for tasks to queue
[2025-06-26T23:03:43.203+0000] {logging_mixin.py:190} INFO - [2025-06-26T23:03:43.203+0000] {dagbag.py:588} INFO - Filling up the DagBag from /home/airflow/.local/lib/python3.12/site-packages/airflow/example_dags/example_task_group.py
[2025-06-26T23:03:43.214+0000] {processor.py:925} INFO - DAG(s) 'example_task_group' retrieved from /home/airflow/.local/lib/python3.12/site-packages/airflow/example_dags/example_task_group.py
[2025-06-26T23:03:43.235+0000] {logging_mixin.py:190} INFO - [2025-06-26T23:03:43.235+0000] {dag.py:3239} INFO - Sync 1 DAGs
[2025-06-26T23:03:43.250+0000] {logging_mixin.py:190} INFO - [2025-06-26T23:03:43.250+0000] {dag.py:4180} INFO - Setting next_dagrun for example_task_group to None, run_after=None
[2025-06-26T23:03:43.272+0000] {processor.py:208} INFO - Processing /home/airflow/.local/lib/python3.12/site-packages/airflow/example_dags/example_task_group.py took 0.089 seconds
[2025-06-26T23:04:35.691+0000] {processor.py:186} INFO - Started process (PID=1026) to work on /home/airflow/.local/lib/python3.12/site-packages/airflow/example_dags/example_task_group.py
[2025-06-26T23:04:35.692+0000] {processor.py:914} INFO - Processing file /home/airflow/.local/lib/python3.12/site-packages/airflow/example_dags/example_task_group.py for tasks to queue
[2025-06-26T23:04:35.694+0000] {logging_mixin.py:190} INFO - [2025-06-26T23:04:35.694+0000] {dagbag.py:588} INFO - Filling up the DagBag from /home/airflow/.local/lib/python3.12/site-packages/airflow/example_dags/example_task_group.py
[2025-06-26T23:04:35.703+0000] {processor.py:925} INFO - DAG(s) 'example_task_group' retrieved from /home/airflow/.local/lib/python3.12/site-packages/airflow/example_dags/example_task_group.py
[2025-06-26T23:04:35.719+0000] {logging_mixin.py:190} INFO - [2025-06-26T23:04:35.719+0000] {dag.py:3239} INFO - Sync 1 DAGs
[2025-06-26T23:04:35.728+0000] {logging_mixin.py:190} INFO - [2025-06-26T23:04:35.727+0000] {dag.py:4180} INFO - Setting next_dagrun for example_task_group to None, run_after=None
[2025-06-26T23:04:35.742+0000] {processor.py:208} INFO - Processing /home/airflow/.local/lib/python3.12/site-packages/airflow/example_dags/example_task_group.py took 0.057 seconds
[2025-06-26T23:05:12.513+0000] {processor.py:186} INFO - Started process (PID=1087) to work on /home/airflow/.local/lib/python3.12/site-packages/airflow/example_dags/example_task_group.py
[2025-06-26T23:05:12.514+0000] {processor.py:914} INFO - Processing file /home/airflow/.local/lib/python3.12/site-packages/airflow/example_dags/example_task_group.py for tasks to queue
[2025-06-26T23:05:12.516+0000] {logging_mixin.py:190} INFO - [2025-06-26T23:05:12.516+0000] {dagbag.py:588} INFO - Filling up the DagBag from /home/airflow/.local/lib/python3.12/site-packages/airflow/example_dags/example_task_group.py
[2025-06-26T23:05:12.528+0000] {processor.py:925} INFO - DAG(s) 'example_task_group' retrieved from /home/airflow/.local/lib/python3.12/site-packages/airflow/example_dags/example_task_group.py
[2025-06-26T23:05:12.549+0000] {logging_mixin.py:190} INFO - [2025-06-26T23:05:12.548+0000] {dag.py:3239} INFO - Sync 1 DAGs
[2025-06-26T23:05:12.566+0000] {logging_mixin.py:190} INFO - [2025-06-26T23:05:12.565+0000] {dag.py:4180} INFO - Setting next_dagrun for example_task_group to None, run_after=None
[2025-06-26T23:05:12.582+0000] {processor.py:208} INFO - Processing /home/airflow/.local/lib/python3.12/site-packages/airflow/example_dags/example_task_group.py took 0.074 seconds
[2025-06-26T23:05:43.439+0000] {processor.py:186} INFO - Started process (PID=1149) to work on /home/airflow/.local/lib/python3.12/site-packages/airflow/example_dags/example_task_group.py
[2025-06-26T23:05:43.440+0000] {processor.py:914} INFO - Processing file /home/airflow/.local/lib/python3.12/site-packages/airflow/example_dags/example_task_group.py for tasks to queue
[2025-06-26T23:05:43.441+0000] {logging_mixin.py:190} INFO - [2025-06-26T23:05:43.441+0000] {dagbag.py:588} INFO - Filling up the DagBag from /home/airflow/.local/lib/python3.12/site-packages/airflow/example_dags/example_task_group.py
[2025-06-26T23:05:43.447+0000] {processor.py:925} INFO - DAG(s) 'example_task_group' retrieved from /home/airflow/.local/lib/python3.12/site-packages/airflow/example_dags/example_task_group.py
[2025-06-26T23:05:43.459+0000] {logging_mixin.py:190} INFO - [2025-06-26T23:05:43.459+0000] {dag.py:3239} INFO - Sync 1 DAGs
[2025-06-26T23:05:43.467+0000] {logging_mixin.py:190} INFO - [2025-06-26T23:05:43.467+0000] {dag.py:4180} INFO - Setting next_dagrun for example_task_group to None, run_after=None
[2025-06-26T23:05:43.476+0000] {processor.py:208} INFO - Processing /home/airflow/.local/lib/python3.12/site-packages/airflow/example_dags/example_task_group.py took 0.042 seconds
[2025-06-26T23:06:19.828+0000] {processor.py:186} INFO - Started process (PID=1211) to work on /home/airflow/.local/lib/python3.12/site-packages/airflow/example_dags/example_task_group.py
[2025-06-26T23:06:19.830+0000] {processor.py:914} INFO - Processing file /home/airflow/.local/lib/python3.12/site-packages/airflow/example_dags/example_task_group.py for tasks to queue
[2025-06-26T23:06:19.835+0000] {logging_mixin.py:190} INFO - [2025-06-26T23:06:19.834+0000] {dagbag.py:588} INFO - Filling up the DagBag from /home/airflow/.local/lib/python3.12/site-packages/airflow/example_dags/example_task_group.py
[2025-06-26T23:06:19.850+0000] {processor.py:925} INFO - DAG(s) 'example_task_group' retrieved from /home/airflow/.local/lib/python3.12/site-packages/airflow/example_dags/example_task_group.py
[2025-06-26T23:06:19.882+0000] {logging_mixin.py:190} INFO - [2025-06-26T23:06:19.881+0000] {dag.py:3239} INFO - Sync 1 DAGs
[2025-06-26T23:06:19.919+0000] {logging_mixin.py:190} INFO - [2025-06-26T23:06:19.918+0000] {dag.py:4180} INFO - Setting next_dagrun for example_task_group to None, run_after=None
[2025-06-26T23:06:19.946+0000] {processor.py:208} INFO - Processing /home/airflow/.local/lib/python3.12/site-packages/airflow/example_dags/example_task_group.py took 0.129 seconds
[2025-06-26T23:06:50.983+0000] {processor.py:186} INFO - Started process (PID=1273) to work on /home/airflow/.local/lib/python3.12/site-packages/airflow/example_dags/example_task_group.py
[2025-06-26T23:06:50.984+0000] {processor.py:914} INFO - Processing file /home/airflow/.local/lib/python3.12/site-packages/airflow/example_dags/example_task_group.py for tasks to queue
[2025-06-26T23:06:50.986+0000] {logging_mixin.py:190} INFO - [2025-06-26T23:06:50.985+0000] {dagbag.py:588} INFO - Filling up the DagBag from /home/airflow/.local/lib/python3.12/site-packages/airflow/example_dags/example_task_group.py
[2025-06-26T23:06:50.990+0000] {processor.py:925} INFO - DAG(s) 'example_task_group' retrieved from /home/airflow/.local/lib/python3.12/site-packages/airflow/example_dags/example_task_group.py
[2025-06-26T23:06:51.000+0000] {logging_mixin.py:190} INFO - [2025-06-26T23:06:51.000+0000] {dag.py:3239} INFO - Sync 1 DAGs
[2025-06-26T23:06:51.007+0000] {logging_mixin.py:190} INFO - [2025-06-26T23:06:51.007+0000] {dag.py:4180} INFO - Setting next_dagrun for example_task_group to None, run_after=None
[2025-06-26T23:06:51.014+0000] {processor.py:208} INFO - Processing /home/airflow/.local/lib/python3.12/site-packages/airflow/example_dags/example_task_group.py took 0.034 seconds
[2025-06-26T23:07:22.350+0000] {processor.py:186} INFO - Started process (PID=1335) to work on /home/airflow/.local/lib/python3.12/site-packages/airflow/example_dags/example_task_group.py
[2025-06-26T23:07:22.352+0000] {processor.py:914} INFO - Processing file /home/airflow/.local/lib/python3.12/site-packages/airflow/example_dags/example_task_group.py for tasks to queue
[2025-06-26T23:07:22.355+0000] {logging_mixin.py:190} INFO - [2025-06-26T23:07:22.355+0000] {dagbag.py:588} INFO - Filling up the DagBag from /home/airflow/.local/lib/python3.12/site-packages/airflow/example_dags/example_task_group.py
[2025-06-26T23:07:22.366+0000] {processor.py:925} INFO - DAG(s) 'example_task_group' retrieved from /home/airflow/.local/lib/python3.12/site-packages/airflow/example_dags/example_task_group.py
[2025-06-26T23:07:22.389+0000] {logging_mixin.py:190} INFO - [2025-06-26T23:07:22.389+0000] {dag.py:3239} INFO - Sync 1 DAGs
[2025-06-26T23:07:22.408+0000] {logging_mixin.py:190} INFO - [2025-06-26T23:07:22.408+0000] {dag.py:4180} INFO - Setting next_dagrun for example_task_group to None, run_after=None
[2025-06-26T23:07:22.427+0000] {processor.py:208} INFO - Processing /home/airflow/.local/lib/python3.12/site-packages/airflow/example_dags/example_task_group.py took 0.083 seconds
