[2025-06-26T22:55:51.572+0000] {processor.py:186} INFO - Started process (PID=116) to work on /home/airflow/.local/lib/python3.12/site-packages/airflow/example_dags/example_bash_decorator.py
[2025-06-26T22:55:51.580+0000] {processor.py:914} INFO - Processing file /home/airflow/.local/lib/python3.12/site-packages/airflow/example_dags/example_bash_decorator.py for tasks to queue
[2025-06-26T22:55:51.614+0000] {logging_mixin.py:190} INFO - [2025-06-26T22:55:51.600+0000] {dagbag.py:588} INFO - Filling up the DagBag from /home/airflow/.local/lib/python3.12/site-packages/airflow/example_dags/example_bash_decorator.py
[2025-06-26T22:55:52.098+0000] {processor.py:925} INFO - DAG(s) 'example_bash_decorator' retrieved from /home/airflow/.local/lib/python3.12/site-packages/airflow/example_dags/example_bash_decorator.py
[2025-06-26T22:55:53.609+0000] {logging_mixin.py:190} INFO - [2025-06-26T22:55:53.604+0000] {override.py:1900} INFO - Created Permission View: can read on DAG:example_bash_decorator
[2025-06-26T22:55:53.642+0000] {logging_mixin.py:190} INFO - [2025-06-26T22:55:53.641+0000] {override.py:1900} INFO - Created Permission View: can delete on DAG:example_bash_decorator
[2025-06-26T22:55:53.656+0000] {logging_mixin.py:190} INFO - [2025-06-26T22:55:53.655+0000] {override.py:1900} INFO - Created Permission View: can edit on DAG:example_bash_decorator
[2025-06-26T22:55:53.676+0000] {logging_mixin.py:190} INFO - [2025-06-26T22:55:53.676+0000] {override.py:1900} INFO - Created Permission View: can read on DAG Run:example_bash_decorator
[2025-06-26T22:55:53.689+0000] {logging_mixin.py:190} INFO - [2025-06-26T22:55:53.689+0000] {override.py:1900} INFO - Created Permission View: menu access on DAG Run:example_bash_decorator
[2025-06-26T22:55:53.700+0000] {logging_mixin.py:190} INFO - [2025-06-26T22:55:53.700+0000] {override.py:1900} INFO - Created Permission View: can delete on DAG Run:example_bash_decorator
[2025-06-26T22:55:53.711+0000] {logging_mixin.py:190} INFO - [2025-06-26T22:55:53.711+0000] {override.py:1900} INFO - Created Permission View: can create on DAG Run:example_bash_decorator
[2025-06-26T22:55:53.714+0000] {logging_mixin.py:190} INFO - [2025-06-26T22:55:53.714+0000] {dag.py:3239} INFO - Sync 1 DAGs
[2025-06-26T22:55:53.733+0000] {logging_mixin.py:190} INFO - [2025-06-26T22:55:53.732+0000] {dag.py:3262} INFO - Creating ORM DAG for example_bash_decorator
[2025-06-26T22:55:53.737+0000] {logging_mixin.py:190} INFO - [2025-06-26T22:55:53.736+0000] {dag.py:4180} INFO - Setting next_dagrun for example_bash_decorator to None, run_after=None
[2025-06-26T22:55:53.779+0000] {processor.py:208} INFO - Processing /home/airflow/.local/lib/python3.12/site-packages/airflow/example_dags/example_bash_decorator.py took 2.333 seconds
[2025-06-26T22:56:24.063+0000] {processor.py:186} INFO - Started process (PID=178) to work on /home/airflow/.local/lib/python3.12/site-packages/airflow/example_dags/example_bash_decorator.py
[2025-06-26T22:56:24.066+0000] {processor.py:914} INFO - Processing file /home/airflow/.local/lib/python3.12/site-packages/airflow/example_dags/example_bash_decorator.py for tasks to queue
[2025-06-26T22:56:24.074+0000] {logging_mixin.py:190} INFO - [2025-06-26T22:56:24.073+0000] {dagbag.py:588} INFO - Filling up the DagBag from /home/airflow/.local/lib/python3.12/site-packages/airflow/example_dags/example_bash_decorator.py
[2025-06-26T22:56:24.118+0000] {processor.py:925} INFO - DAG(s) 'example_bash_decorator' retrieved from /home/airflow/.local/lib/python3.12/site-packages/airflow/example_dags/example_bash_decorator.py
[2025-06-26T22:56:24.156+0000] {logging_mixin.py:190} INFO - [2025-06-26T22:56:24.156+0000] {dag.py:3239} INFO - Sync 1 DAGs
[2025-06-26T22:56:24.181+0000] {logging_mixin.py:190} INFO - [2025-06-26T22:56:24.181+0000] {dag.py:4180} INFO - Setting next_dagrun for example_bash_decorator to None, run_after=None
[2025-06-26T22:56:24.215+0000] {processor.py:208} INFO - Processing /home/airflow/.local/lib/python3.12/site-packages/airflow/example_dags/example_bash_decorator.py took 0.168 seconds
[2025-06-26T22:56:54.739+0000] {processor.py:186} INFO - Started process (PID=240) to work on /home/airflow/.local/lib/python3.12/site-packages/airflow/example_dags/example_bash_decorator.py
[2025-06-26T22:56:54.749+0000] {processor.py:914} INFO - Processing file /home/airflow/.local/lib/python3.12/site-packages/airflow/example_dags/example_bash_decorator.py for tasks to queue
[2025-06-26T22:56:54.772+0000] {logging_mixin.py:190} INFO - [2025-06-26T22:56:54.771+0000] {dagbag.py:588} INFO - Filling up the DagBag from /home/airflow/.local/lib/python3.12/site-packages/airflow/example_dags/example_bash_decorator.py
[2025-06-26T22:56:54.860+0000] {processor.py:925} INFO - DAG(s) 'example_bash_decorator' retrieved from /home/airflow/.local/lib/python3.12/site-packages/airflow/example_dags/example_bash_decorator.py
[2025-06-26T22:56:54.919+0000] {logging_mixin.py:190} INFO - [2025-06-26T22:56:54.917+0000] {dag.py:3239} INFO - Sync 1 DAGs
[2025-06-26T22:56:54.964+0000] {logging_mixin.py:190} INFO - [2025-06-26T22:56:54.964+0000] {dag.py:4180} INFO - Setting next_dagrun for example_bash_decorator to None, run_after=None
[2025-06-26T22:56:55.029+0000] {processor.py:208} INFO - Processing /home/airflow/.local/lib/python3.12/site-packages/airflow/example_dags/example_bash_decorator.py took 0.313 seconds
[2025-06-26T22:57:25.958+0000] {processor.py:186} INFO - Started process (PID=302) to work on /home/airflow/.local/lib/python3.12/site-packages/airflow/example_dags/example_bash_decorator.py
[2025-06-26T22:57:25.967+0000] {processor.py:914} INFO - Processing file /home/airflow/.local/lib/python3.12/site-packages/airflow/example_dags/example_bash_decorator.py for tasks to queue
[2025-06-26T22:57:26.046+0000] {logging_mixin.py:190} INFO - [2025-06-26T22:57:26.045+0000] {dagbag.py:588} INFO - Filling up the DagBag from /home/airflow/.local/lib/python3.12/site-packages/airflow/example_dags/example_bash_decorator.py
[2025-06-26T22:57:26.187+0000] {processor.py:925} INFO - DAG(s) 'example_bash_decorator' retrieved from /home/airflow/.local/lib/python3.12/site-packages/airflow/example_dags/example_bash_decorator.py
[2025-06-26T22:57:26.334+0000] {logging_mixin.py:190} INFO - [2025-06-26T22:57:26.333+0000] {dag.py:3239} INFO - Sync 1 DAGs
[2025-06-26T22:57:26.393+0000] {logging_mixin.py:190} INFO - [2025-06-26T22:57:26.393+0000] {dag.py:4180} INFO - Setting next_dagrun for example_bash_decorator to None, run_after=None
[2025-06-26T22:57:26.447+0000] {processor.py:208} INFO - Processing /home/airflow/.local/lib/python3.12/site-packages/airflow/example_dags/example_bash_decorator.py took 0.538 seconds
[2025-06-26T22:58:19.946+0000] {processor.py:186} INFO - Started process (PID=374) to work on /home/airflow/.local/lib/python3.12/site-packages/airflow/example_dags/example_bash_decorator.py
[2025-06-26T22:58:19.955+0000] {processor.py:914} INFO - Processing file /home/airflow/.local/lib/python3.12/site-packages/airflow/example_dags/example_bash_decorator.py for tasks to queue
[2025-06-26T22:58:19.978+0000] {logging_mixin.py:190} INFO - [2025-06-26T22:58:19.975+0000] {dagbag.py:588} INFO - Filling up the DagBag from /home/airflow/.local/lib/python3.12/site-packages/airflow/example_dags/example_bash_decorator.py
[2025-06-26T22:58:20.161+0000] {processor.py:925} INFO - DAG(s) 'example_bash_decorator' retrieved from /home/airflow/.local/lib/python3.12/site-packages/airflow/example_dags/example_bash_decorator.py
[2025-06-26T22:58:20.469+0000] {logging_mixin.py:190} INFO - [2025-06-26T22:58:20.467+0000] {dag.py:3239} INFO - Sync 1 DAGs
[2025-06-26T22:58:20.582+0000] {logging_mixin.py:190} INFO - [2025-06-26T22:58:20.582+0000] {dag.py:4180} INFO - Setting next_dagrun for example_bash_decorator to None, run_after=None
[2025-06-26T22:58:20.658+0000] {processor.py:208} INFO - Processing /home/airflow/.local/lib/python3.12/site-packages/airflow/example_dags/example_bash_decorator.py took 0.776 seconds
[2025-06-26T22:59:04.599+0000] {processor.py:186} INFO - Started process (PID=447) to work on /home/airflow/.local/lib/python3.12/site-packages/airflow/example_dags/example_bash_decorator.py
[2025-06-26T22:59:04.601+0000] {processor.py:914} INFO - Processing file /home/airflow/.local/lib/python3.12/site-packages/airflow/example_dags/example_bash_decorator.py for tasks to queue
[2025-06-26T22:59:04.611+0000] {logging_mixin.py:190} INFO - [2025-06-26T22:59:04.609+0000] {dagbag.py:588} INFO - Filling up the DagBag from /home/airflow/.local/lib/python3.12/site-packages/airflow/example_dags/example_bash_decorator.py
[2025-06-26T22:59:04.712+0000] {processor.py:925} INFO - DAG(s) 'example_bash_decorator' retrieved from /home/airflow/.local/lib/python3.12/site-packages/airflow/example_dags/example_bash_decorator.py
[2025-06-26T22:59:04.872+0000] {logging_mixin.py:190} INFO - [2025-06-26T22:59:04.869+0000] {dag.py:3239} INFO - Sync 1 DAGs
[2025-06-26T22:59:04.897+0000] {logging_mixin.py:190} INFO - [2025-06-26T22:59:04.897+0000] {dag.py:4180} INFO - Setting next_dagrun for example_bash_decorator to None, run_after=None
[2025-06-26T22:59:04.950+0000] {processor.py:208} INFO - Processing /home/airflow/.local/lib/python3.12/site-packages/airflow/example_dags/example_bash_decorator.py took 0.381 seconds
[2025-06-26T22:59:42.795+0000] {processor.py:186} INFO - Started process (PID=521) to work on /home/airflow/.local/lib/python3.12/site-packages/airflow/example_dags/example_bash_decorator.py
[2025-06-26T22:59:42.798+0000] {processor.py:914} INFO - Processing file /home/airflow/.local/lib/python3.12/site-packages/airflow/example_dags/example_bash_decorator.py for tasks to queue
[2025-06-26T22:59:42.800+0000] {logging_mixin.py:190} INFO - [2025-06-26T22:59:42.800+0000] {dagbag.py:588} INFO - Filling up the DagBag from /home/airflow/.local/lib/python3.12/site-packages/airflow/example_dags/example_bash_decorator.py
[2025-06-26T22:59:42.811+0000] {processor.py:925} INFO - DAG(s) 'example_bash_decorator' retrieved from /home/airflow/.local/lib/python3.12/site-packages/airflow/example_dags/example_bash_decorator.py
[2025-06-26T22:59:42.839+0000] {logging_mixin.py:190} INFO - [2025-06-26T22:59:42.838+0000] {dag.py:3239} INFO - Sync 1 DAGs
[2025-06-26T22:59:42.855+0000] {logging_mixin.py:190} INFO - [2025-06-26T22:59:42.855+0000] {dag.py:4180} INFO - Setting next_dagrun for example_bash_decorator to None, run_after=None
[2025-06-26T22:59:42.874+0000] {processor.py:208} INFO - Processing /home/airflow/.local/lib/python3.12/site-packages/airflow/example_dags/example_bash_decorator.py took 0.084 seconds
[2025-06-26T23:00:13.190+0000] {processor.py:186} INFO - Started process (PID=583) to work on /home/airflow/.local/lib/python3.12/site-packages/airflow/example_dags/example_bash_decorator.py
[2025-06-26T23:00:13.193+0000] {processor.py:914} INFO - Processing file /home/airflow/.local/lib/python3.12/site-packages/airflow/example_dags/example_bash_decorator.py for tasks to queue
[2025-06-26T23:00:13.197+0000] {logging_mixin.py:190} INFO - [2025-06-26T23:00:13.196+0000] {dagbag.py:588} INFO - Filling up the DagBag from /home/airflow/.local/lib/python3.12/site-packages/airflow/example_dags/example_bash_decorator.py
[2025-06-26T23:00:13.217+0000] {processor.py:925} INFO - DAG(s) 'example_bash_decorator' retrieved from /home/airflow/.local/lib/python3.12/site-packages/airflow/example_dags/example_bash_decorator.py
[2025-06-26T23:00:13.258+0000] {logging_mixin.py:190} INFO - [2025-06-26T23:00:13.258+0000] {dag.py:3239} INFO - Sync 1 DAGs
[2025-06-26T23:00:13.270+0000] {logging_mixin.py:190} INFO - [2025-06-26T23:00:13.270+0000] {dag.py:4180} INFO - Setting next_dagrun for example_bash_decorator to None, run_after=None
[2025-06-26T23:00:13.283+0000] {processor.py:208} INFO - Processing /home/airflow/.local/lib/python3.12/site-packages/airflow/example_dags/example_bash_decorator.py took 0.098 seconds
[2025-06-26T23:00:46.624+0000] {processor.py:186} INFO - Started process (PID=650) to work on /home/airflow/.local/lib/python3.12/site-packages/airflow/example_dags/example_bash_decorator.py
[2025-06-26T23:00:46.627+0000] {processor.py:914} INFO - Processing file /home/airflow/.local/lib/python3.12/site-packages/airflow/example_dags/example_bash_decorator.py for tasks to queue
[2025-06-26T23:00:46.628+0000] {logging_mixin.py:190} INFO - [2025-06-26T23:00:46.628+0000] {dagbag.py:588} INFO - Filling up the DagBag from /home/airflow/.local/lib/python3.12/site-packages/airflow/example_dags/example_bash_decorator.py
[2025-06-26T23:00:46.644+0000] {processor.py:925} INFO - DAG(s) 'example_bash_decorator' retrieved from /home/airflow/.local/lib/python3.12/site-packages/airflow/example_dags/example_bash_decorator.py
[2025-06-26T23:00:46.676+0000] {logging_mixin.py:190} INFO - [2025-06-26T23:00:46.676+0000] {dag.py:3239} INFO - Sync 1 DAGs
[2025-06-26T23:00:46.687+0000] {logging_mixin.py:190} INFO - [2025-06-26T23:00:46.687+0000] {dag.py:4180} INFO - Setting next_dagrun for example_bash_decorator to None, run_after=None
[2025-06-26T23:00:46.704+0000] {processor.py:208} INFO - Processing /home/airflow/.local/lib/python3.12/site-packages/airflow/example_dags/example_bash_decorator.py took 0.084 seconds
[2025-06-26T23:01:19.579+0000] {processor.py:186} INFO - Started process (PID=712) to work on /home/airflow/.local/lib/python3.12/site-packages/airflow/example_dags/example_bash_decorator.py
[2025-06-26T23:01:19.581+0000] {processor.py:914} INFO - Processing file /home/airflow/.local/lib/python3.12/site-packages/airflow/example_dags/example_bash_decorator.py for tasks to queue
[2025-06-26T23:01:19.583+0000] {logging_mixin.py:190} INFO - [2025-06-26T23:01:19.583+0000] {dagbag.py:588} INFO - Filling up the DagBag from /home/airflow/.local/lib/python3.12/site-packages/airflow/example_dags/example_bash_decorator.py
[2025-06-26T23:01:19.601+0000] {processor.py:925} INFO - DAG(s) 'example_bash_decorator' retrieved from /home/airflow/.local/lib/python3.12/site-packages/airflow/example_dags/example_bash_decorator.py
[2025-06-26T23:01:19.620+0000] {logging_mixin.py:190} INFO - [2025-06-26T23:01:19.620+0000] {dag.py:3239} INFO - Sync 1 DAGs
[2025-06-26T23:01:19.629+0000] {logging_mixin.py:190} INFO - [2025-06-26T23:01:19.629+0000] {dag.py:4180} INFO - Setting next_dagrun for example_bash_decorator to None, run_after=None
[2025-06-26T23:01:19.639+0000] {processor.py:208} INFO - Processing /home/airflow/.local/lib/python3.12/site-packages/airflow/example_dags/example_bash_decorator.py took 0.066 seconds
[2025-06-26T23:01:54.113+0000] {processor.py:186} INFO - Started process (PID=779) to work on /home/airflow/.local/lib/python3.12/site-packages/airflow/example_dags/example_bash_decorator.py
[2025-06-26T23:01:54.117+0000] {processor.py:914} INFO - Processing file /home/airflow/.local/lib/python3.12/site-packages/airflow/example_dags/example_bash_decorator.py for tasks to queue
[2025-06-26T23:01:54.120+0000] {logging_mixin.py:190} INFO - [2025-06-26T23:01:54.120+0000] {dagbag.py:588} INFO - Filling up the DagBag from /home/airflow/.local/lib/python3.12/site-packages/airflow/example_dags/example_bash_decorator.py
[2025-06-26T23:01:54.145+0000] {processor.py:925} INFO - DAG(s) 'example_bash_decorator' retrieved from /home/airflow/.local/lib/python3.12/site-packages/airflow/example_dags/example_bash_decorator.py
[2025-06-26T23:01:54.173+0000] {logging_mixin.py:190} INFO - [2025-06-26T23:01:54.173+0000] {dag.py:3239} INFO - Sync 1 DAGs
[2025-06-26T23:01:54.187+0000] {logging_mixin.py:190} INFO - [2025-06-26T23:01:54.187+0000] {dag.py:4180} INFO - Setting next_dagrun for example_bash_decorator to None, run_after=None
[2025-06-26T23:01:54.200+0000] {processor.py:208} INFO - Processing /home/airflow/.local/lib/python3.12/site-packages/airflow/example_dags/example_bash_decorator.py took 0.095 seconds
[2025-06-26T23:02:24.502+0000] {processor.py:186} INFO - Started process (PID=841) to work on /home/airflow/.local/lib/python3.12/site-packages/airflow/example_dags/example_bash_decorator.py
[2025-06-26T23:02:24.505+0000] {processor.py:914} INFO - Processing file /home/airflow/.local/lib/python3.12/site-packages/airflow/example_dags/example_bash_decorator.py for tasks to queue
[2025-06-26T23:02:24.507+0000] {logging_mixin.py:190} INFO - [2025-06-26T23:02:24.506+0000] {dagbag.py:588} INFO - Filling up the DagBag from /home/airflow/.local/lib/python3.12/site-packages/airflow/example_dags/example_bash_decorator.py
[2025-06-26T23:02:24.538+0000] {processor.py:925} INFO - DAG(s) 'example_bash_decorator' retrieved from /home/airflow/.local/lib/python3.12/site-packages/airflow/example_dags/example_bash_decorator.py
[2025-06-26T23:02:24.570+0000] {logging_mixin.py:190} INFO - [2025-06-26T23:02:24.569+0000] {dag.py:3239} INFO - Sync 1 DAGs
[2025-06-26T23:02:24.585+0000] {logging_mixin.py:190} INFO - [2025-06-26T23:02:24.585+0000] {dag.py:4180} INFO - Setting next_dagrun for example_bash_decorator to None, run_after=None
[2025-06-26T23:02:24.607+0000] {processor.py:208} INFO - Processing /home/airflow/.local/lib/python3.12/site-packages/airflow/example_dags/example_bash_decorator.py took 0.110 seconds
[2025-06-26T23:02:57.918+0000] {processor.py:186} INFO - Started process (PID=903) to work on /home/airflow/.local/lib/python3.12/site-packages/airflow/example_dags/example_bash_decorator.py
[2025-06-26T23:02:57.918+0000] {processor.py:914} INFO - Processing file /home/airflow/.local/lib/python3.12/site-packages/airflow/example_dags/example_bash_decorator.py for tasks to queue
[2025-06-26T23:02:57.920+0000] {logging_mixin.py:190} INFO - [2025-06-26T23:02:57.920+0000] {dagbag.py:588} INFO - Filling up the DagBag from /home/airflow/.local/lib/python3.12/site-packages/airflow/example_dags/example_bash_decorator.py
[2025-06-26T23:02:57.940+0000] {processor.py:925} INFO - DAG(s) 'example_bash_decorator' retrieved from /home/airflow/.local/lib/python3.12/site-packages/airflow/example_dags/example_bash_decorator.py
[2025-06-26T23:02:57.967+0000] {logging_mixin.py:190} INFO - [2025-06-26T23:02:57.967+0000] {dag.py:3239} INFO - Sync 1 DAGs
[2025-06-26T23:02:57.983+0000] {logging_mixin.py:190} INFO - [2025-06-26T23:02:57.983+0000] {dag.py:4180} INFO - Setting next_dagrun for example_bash_decorator to None, run_after=None
[2025-06-26T23:02:57.997+0000] {processor.py:208} INFO - Processing /home/airflow/.local/lib/python3.12/site-packages/airflow/example_dags/example_bash_decorator.py took 0.082 seconds
[2025-06-26T23:03:44.800+0000] {processor.py:186} INFO - Started process (PID=965) to work on /home/airflow/.local/lib/python3.12/site-packages/airflow/example_dags/example_bash_decorator.py
[2025-06-26T23:03:44.807+0000] {processor.py:914} INFO - Processing file /home/airflow/.local/lib/python3.12/site-packages/airflow/example_dags/example_bash_decorator.py for tasks to queue
[2025-06-26T23:03:44.820+0000] {logging_mixin.py:190} INFO - [2025-06-26T23:03:44.820+0000] {dagbag.py:588} INFO - Filling up the DagBag from /home/airflow/.local/lib/python3.12/site-packages/airflow/example_dags/example_bash_decorator.py
[2025-06-26T23:03:44.855+0000] {processor.py:925} INFO - DAG(s) 'example_bash_decorator' retrieved from /home/airflow/.local/lib/python3.12/site-packages/airflow/example_dags/example_bash_decorator.py
[2025-06-26T23:03:44.900+0000] {logging_mixin.py:190} INFO - [2025-06-26T23:03:44.899+0000] {dag.py:3239} INFO - Sync 1 DAGs
[2025-06-26T23:03:44.922+0000] {logging_mixin.py:190} INFO - [2025-06-26T23:03:44.922+0000] {dag.py:4180} INFO - Setting next_dagrun for example_bash_decorator to None, run_after=None
[2025-06-26T23:03:44.957+0000] {processor.py:208} INFO - Processing /home/airflow/.local/lib/python3.12/site-packages/airflow/example_dags/example_bash_decorator.py took 0.183 seconds
[2025-06-26T23:04:36.363+0000] {processor.py:186} INFO - Started process (PID=1038) to work on /home/airflow/.local/lib/python3.12/site-packages/airflow/example_dags/example_bash_decorator.py
[2025-06-26T23:04:36.364+0000] {processor.py:914} INFO - Processing file /home/airflow/.local/lib/python3.12/site-packages/airflow/example_dags/example_bash_decorator.py for tasks to queue
[2025-06-26T23:04:36.367+0000] {logging_mixin.py:190} INFO - [2025-06-26T23:04:36.367+0000] {dagbag.py:588} INFO - Filling up the DagBag from /home/airflow/.local/lib/python3.12/site-packages/airflow/example_dags/example_bash_decorator.py
[2025-06-26T23:04:36.378+0000] {processor.py:925} INFO - DAG(s) 'example_bash_decorator' retrieved from /home/airflow/.local/lib/python3.12/site-packages/airflow/example_dags/example_bash_decorator.py
[2025-06-26T23:04:36.407+0000] {logging_mixin.py:190} INFO - [2025-06-26T23:04:36.406+0000] {dag.py:3239} INFO - Sync 1 DAGs
[2025-06-26T23:04:36.424+0000] {logging_mixin.py:190} INFO - [2025-06-26T23:04:36.424+0000] {dag.py:4180} INFO - Setting next_dagrun for example_bash_decorator to None, run_after=None
[2025-06-26T23:04:36.454+0000] {processor.py:208} INFO - Processing /home/airflow/.local/lib/python3.12/site-packages/airflow/example_dags/example_bash_decorator.py took 0.095 seconds
[2025-06-26T23:05:13.463+0000] {processor.py:186} INFO - Started process (PID=1099) to work on /home/airflow/.local/lib/python3.12/site-packages/airflow/example_dags/example_bash_decorator.py
[2025-06-26T23:05:13.464+0000] {processor.py:914} INFO - Processing file /home/airflow/.local/lib/python3.12/site-packages/airflow/example_dags/example_bash_decorator.py for tasks to queue
[2025-06-26T23:05:13.468+0000] {logging_mixin.py:190} INFO - [2025-06-26T23:05:13.468+0000] {dagbag.py:588} INFO - Filling up the DagBag from /home/airflow/.local/lib/python3.12/site-packages/airflow/example_dags/example_bash_decorator.py
[2025-06-26T23:05:13.484+0000] {processor.py:925} INFO - DAG(s) 'example_bash_decorator' retrieved from /home/airflow/.local/lib/python3.12/site-packages/airflow/example_dags/example_bash_decorator.py
[2025-06-26T23:05:13.509+0000] {logging_mixin.py:190} INFO - [2025-06-26T23:05:13.508+0000] {dag.py:3239} INFO - Sync 1 DAGs
[2025-06-26T23:05:13.526+0000] {logging_mixin.py:190} INFO - [2025-06-26T23:05:13.525+0000] {dag.py:4180} INFO - Setting next_dagrun for example_bash_decorator to None, run_after=None
[2025-06-26T23:05:13.540+0000] {processor.py:208} INFO - Processing /home/airflow/.local/lib/python3.12/site-packages/airflow/example_dags/example_bash_decorator.py took 0.084 seconds
[2025-06-26T23:05:44.206+0000] {processor.py:186} INFO - Started process (PID=1161) to work on /home/airflow/.local/lib/python3.12/site-packages/airflow/example_dags/example_bash_decorator.py
[2025-06-26T23:05:44.207+0000] {processor.py:914} INFO - Processing file /home/airflow/.local/lib/python3.12/site-packages/airflow/example_dags/example_bash_decorator.py for tasks to queue
[2025-06-26T23:05:44.209+0000] {logging_mixin.py:190} INFO - [2025-06-26T23:05:44.209+0000] {dagbag.py:588} INFO - Filling up the DagBag from /home/airflow/.local/lib/python3.12/site-packages/airflow/example_dags/example_bash_decorator.py
[2025-06-26T23:05:44.224+0000] {processor.py:925} INFO - DAG(s) 'example_bash_decorator' retrieved from /home/airflow/.local/lib/python3.12/site-packages/airflow/example_dags/example_bash_decorator.py
[2025-06-26T23:05:44.251+0000] {logging_mixin.py:190} INFO - [2025-06-26T23:05:44.251+0000] {dag.py:3239} INFO - Sync 1 DAGs
[2025-06-26T23:05:44.264+0000] {logging_mixin.py:190} INFO - [2025-06-26T23:05:44.264+0000] {dag.py:4180} INFO - Setting next_dagrun for example_bash_decorator to None, run_after=None
[2025-06-26T23:05:44.292+0000] {processor.py:208} INFO - Processing /home/airflow/.local/lib/python3.12/site-packages/airflow/example_dags/example_bash_decorator.py took 0.091 seconds
[2025-06-26T23:06:20.624+0000] {processor.py:186} INFO - Started process (PID=1223) to work on /home/airflow/.local/lib/python3.12/site-packages/airflow/example_dags/example_bash_decorator.py
[2025-06-26T23:06:20.629+0000] {processor.py:914} INFO - Processing file /home/airflow/.local/lib/python3.12/site-packages/airflow/example_dags/example_bash_decorator.py for tasks to queue
[2025-06-26T23:06:20.631+0000] {logging_mixin.py:190} INFO - [2025-06-26T23:06:20.631+0000] {dagbag.py:588} INFO - Filling up the DagBag from /home/airflow/.local/lib/python3.12/site-packages/airflow/example_dags/example_bash_decorator.py
[2025-06-26T23:06:20.646+0000] {processor.py:925} INFO - DAG(s) 'example_bash_decorator' retrieved from /home/airflow/.local/lib/python3.12/site-packages/airflow/example_dags/example_bash_decorator.py
[2025-06-26T23:06:20.669+0000] {logging_mixin.py:190} INFO - [2025-06-26T23:06:20.669+0000] {dag.py:3239} INFO - Sync 1 DAGs
[2025-06-26T23:06:20.683+0000] {logging_mixin.py:190} INFO - [2025-06-26T23:06:20.683+0000] {dag.py:4180} INFO - Setting next_dagrun for example_bash_decorator to None, run_after=None
[2025-06-26T23:06:20.700+0000] {processor.py:208} INFO - Processing /home/airflow/.local/lib/python3.12/site-packages/airflow/example_dags/example_bash_decorator.py took 0.082 seconds
[2025-06-26T23:06:51.399+0000] {processor.py:186} INFO - Started process (PID=1285) to work on /home/airflow/.local/lib/python3.12/site-packages/airflow/example_dags/example_bash_decorator.py
[2025-06-26T23:06:51.400+0000] {processor.py:914} INFO - Processing file /home/airflow/.local/lib/python3.12/site-packages/airflow/example_dags/example_bash_decorator.py for tasks to queue
[2025-06-26T23:06:51.403+0000] {logging_mixin.py:190} INFO - [2025-06-26T23:06:51.403+0000] {dagbag.py:588} INFO - Filling up the DagBag from /home/airflow/.local/lib/python3.12/site-packages/airflow/example_dags/example_bash_decorator.py
[2025-06-26T23:06:51.414+0000] {processor.py:925} INFO - DAG(s) 'example_bash_decorator' retrieved from /home/airflow/.local/lib/python3.12/site-packages/airflow/example_dags/example_bash_decorator.py
[2025-06-26T23:06:51.434+0000] {logging_mixin.py:190} INFO - [2025-06-26T23:06:51.434+0000] {dag.py:3239} INFO - Sync 1 DAGs
[2025-06-26T23:06:51.446+0000] {logging_mixin.py:190} INFO - [2025-06-26T23:06:51.446+0000] {dag.py:4180} INFO - Setting next_dagrun for example_bash_decorator to None, run_after=None
[2025-06-26T23:06:51.468+0000] {processor.py:208} INFO - Processing /home/airflow/.local/lib/python3.12/site-packages/airflow/example_dags/example_bash_decorator.py took 0.073 seconds
[2025-06-26T23:07:23.432+0000] {processor.py:186} INFO - Started process (PID=1347) to work on /home/airflow/.local/lib/python3.12/site-packages/airflow/example_dags/example_bash_decorator.py
[2025-06-26T23:07:23.437+0000] {processor.py:914} INFO - Processing file /home/airflow/.local/lib/python3.12/site-packages/airflow/example_dags/example_bash_decorator.py for tasks to queue
[2025-06-26T23:07:23.439+0000] {logging_mixin.py:190} INFO - [2025-06-26T23:07:23.439+0000] {dagbag.py:588} INFO - Filling up the DagBag from /home/airflow/.local/lib/python3.12/site-packages/airflow/example_dags/example_bash_decorator.py
[2025-06-26T23:07:23.450+0000] {processor.py:925} INFO - DAG(s) 'example_bash_decorator' retrieved from /home/airflow/.local/lib/python3.12/site-packages/airflow/example_dags/example_bash_decorator.py
[2025-06-26T23:07:23.474+0000] {logging_mixin.py:190} INFO - [2025-06-26T23:07:23.474+0000] {dag.py:3239} INFO - Sync 1 DAGs
[2025-06-26T23:07:23.483+0000] {logging_mixin.py:190} INFO - [2025-06-26T23:07:23.483+0000] {dag.py:4180} INFO - Setting next_dagrun for example_bash_decorator to None, run_after=None
[2025-06-26T23:07:23.499+0000] {processor.py:208} INFO - Processing /home/airflow/.local/lib/python3.12/site-packages/airflow/example_dags/example_bash_decorator.py took 0.071 seconds
