[2025-06-26T22:55:39.289+0000] {processor.py:186} INFO - Started process (PID=94) to work on /home/airflow/.local/lib/python3.12/site-packages/airflow/example_dags/example_display_name.py
[2025-06-26T22:55:39.295+0000] {processor.py:914} INFO - Processing file /home/airflow/.local/lib/python3.12/site-packages/airflow/example_dags/example_display_name.py for tasks to queue
[2025-06-26T22:55:39.308+0000] {logging_mixin.py:190} INFO - [2025-06-26T22:55:39.308+0000] {dagbag.py:588} INFO - Filling up the DagBag from /home/airflow/.local/lib/python3.12/site-packages/airflow/example_dags/example_display_name.py
[2025-06-26T22:55:39.329+0000] {processor.py:925} INFO - DAG(s) 'example_display_name' retrieved from /home/airflow/.local/lib/python3.12/site-packages/airflow/example_dags/example_display_name.py
[2025-06-26T22:55:40.124+0000] {logging_mixin.py:190} INFO - [2025-06-26T22:55:40.106+0000] {override.py:1900} INFO - Created Permission View: can read on DAG:example_display_name
[2025-06-26T22:55:40.191+0000] {logging_mixin.py:190} INFO - [2025-06-26T22:55:40.190+0000] {override.py:1900} INFO - Created Permission View: can delete on DAG:example_display_name
[2025-06-26T22:55:40.205+0000] {logging_mixin.py:190} INFO - [2025-06-26T22:55:40.204+0000] {override.py:1900} INFO - Created Permission View: can edit on DAG:example_display_name
[2025-06-26T22:55:40.234+0000] {logging_mixin.py:190} INFO - [2025-06-26T22:55:40.232+0000] {override.py:1900} INFO - Created Permission View: can read on DAG Run:example_display_name
[2025-06-26T22:55:40.318+0000] {logging_mixin.py:190} INFO - [2025-06-26T22:55:40.317+0000] {override.py:1900} INFO - Created Permission View: menu access on DAG Run:example_display_name
[2025-06-26T22:55:40.334+0000] {logging_mixin.py:190} INFO - [2025-06-26T22:55:40.333+0000] {override.py:1900} INFO - Created Permission View: can delete on DAG Run:example_display_name
[2025-06-26T22:55:40.350+0000] {logging_mixin.py:190} INFO - [2025-06-26T22:55:40.350+0000] {override.py:1900} INFO - Created Permission View: can create on DAG Run:example_display_name
[2025-06-26T22:55:40.352+0000] {logging_mixin.py:190} INFO - [2025-06-26T22:55:40.352+0000] {dag.py:3239} INFO - Sync 1 DAGs
[2025-06-26T22:55:40.408+0000] {logging_mixin.py:190} INFO - [2025-06-26T22:55:40.407+0000] {dag.py:3262} INFO - Creating ORM DAG for example_display_name
[2025-06-26T22:55:40.410+0000] {logging_mixin.py:190} INFO - [2025-06-26T22:55:40.409+0000] {dag.py:4180} INFO - Setting next_dagrun for example_display_name to None, run_after=None
[2025-06-26T22:55:40.481+0000] {processor.py:208} INFO - Processing /home/airflow/.local/lib/python3.12/site-packages/airflow/example_dags/example_display_name.py took 1.206 seconds
[2025-06-26T22:56:11.335+0000] {processor.py:186} INFO - Started process (PID=156) to work on /home/airflow/.local/lib/python3.12/site-packages/airflow/example_dags/example_display_name.py
[2025-06-26T22:56:11.336+0000] {processor.py:914} INFO - Processing file /home/airflow/.local/lib/python3.12/site-packages/airflow/example_dags/example_display_name.py for tasks to queue
[2025-06-26T22:56:11.339+0000] {logging_mixin.py:190} INFO - [2025-06-26T22:56:11.338+0000] {dagbag.py:588} INFO - Filling up the DagBag from /home/airflow/.local/lib/python3.12/site-packages/airflow/example_dags/example_display_name.py
[2025-06-26T22:56:11.353+0000] {processor.py:925} INFO - DAG(s) 'example_display_name' retrieved from /home/airflow/.local/lib/python3.12/site-packages/airflow/example_dags/example_display_name.py
[2025-06-26T22:56:11.409+0000] {logging_mixin.py:190} INFO - [2025-06-26T22:56:11.408+0000] {dag.py:3239} INFO - Sync 1 DAGs
[2025-06-26T22:56:11.446+0000] {logging_mixin.py:190} INFO - [2025-06-26T22:56:11.446+0000] {dag.py:4180} INFO - Setting next_dagrun for example_display_name to None, run_after=None
[2025-06-26T22:56:11.474+0000] {processor.py:208} INFO - Processing /home/airflow/.local/lib/python3.12/site-packages/airflow/example_dags/example_display_name.py took 0.144 seconds
[2025-06-26T22:56:45.408+0000] {processor.py:186} INFO - Started process (PID=218) to work on /home/airflow/.local/lib/python3.12/site-packages/airflow/example_dags/example_display_name.py
[2025-06-26T22:56:45.413+0000] {processor.py:914} INFO - Processing file /home/airflow/.local/lib/python3.12/site-packages/airflow/example_dags/example_display_name.py for tasks to queue
[2025-06-26T22:56:45.429+0000] {logging_mixin.py:190} INFO - [2025-06-26T22:56:45.428+0000] {dagbag.py:588} INFO - Filling up the DagBag from /home/airflow/.local/lib/python3.12/site-packages/airflow/example_dags/example_display_name.py
[2025-06-26T22:56:45.467+0000] {processor.py:925} INFO - DAG(s) 'example_display_name' retrieved from /home/airflow/.local/lib/python3.12/site-packages/airflow/example_dags/example_display_name.py
[2025-06-26T22:56:45.578+0000] {logging_mixin.py:190} INFO - [2025-06-26T22:56:45.577+0000] {dag.py:3239} INFO - Sync 1 DAGs
[2025-06-26T22:56:45.619+0000] {logging_mixin.py:190} INFO - [2025-06-26T22:56:45.619+0000] {dag.py:4180} INFO - Setting next_dagrun for example_display_name to None, run_after=None
[2025-06-26T22:56:45.658+0000] {processor.py:208} INFO - Processing /home/airflow/.local/lib/python3.12/site-packages/airflow/example_dags/example_display_name.py took 0.272 seconds
[2025-06-26T22:57:16.649+0000] {processor.py:186} INFO - Started process (PID=279) to work on /home/airflow/.local/lib/python3.12/site-packages/airflow/example_dags/example_display_name.py
[2025-06-26T22:57:16.656+0000] {processor.py:914} INFO - Processing file /home/airflow/.local/lib/python3.12/site-packages/airflow/example_dags/example_display_name.py for tasks to queue
[2025-06-26T22:57:16.667+0000] {logging_mixin.py:190} INFO - [2025-06-26T22:57:16.666+0000] {dagbag.py:588} INFO - Filling up the DagBag from /home/airflow/.local/lib/python3.12/site-packages/airflow/example_dags/example_display_name.py
[2025-06-26T22:57:16.737+0000] {processor.py:925} INFO - DAG(s) 'example_display_name' retrieved from /home/airflow/.local/lib/python3.12/site-packages/airflow/example_dags/example_display_name.py
[2025-06-26T22:57:16.847+0000] {logging_mixin.py:190} INFO - [2025-06-26T22:57:16.846+0000] {dag.py:3239} INFO - Sync 1 DAGs
[2025-06-26T22:57:16.874+0000] {logging_mixin.py:190} INFO - [2025-06-26T22:57:16.873+0000] {dag.py:4180} INFO - Setting next_dagrun for example_display_name to None, run_after=None
[2025-06-26T22:57:16.934+0000] {processor.py:208} INFO - Processing /home/airflow/.local/lib/python3.12/site-packages/airflow/example_dags/example_display_name.py took 0.322 seconds
[2025-06-26T22:58:10.946+0000] {processor.py:186} INFO - Started process (PID=352) to work on /home/airflow/.local/lib/python3.12/site-packages/airflow/example_dags/example_display_name.py
[2025-06-26T22:58:10.955+0000] {processor.py:914} INFO - Processing file /home/airflow/.local/lib/python3.12/site-packages/airflow/example_dags/example_display_name.py for tasks to queue
[2025-06-26T22:58:10.985+0000] {logging_mixin.py:190} INFO - [2025-06-26T22:58:10.983+0000] {dagbag.py:588} INFO - Filling up the DagBag from /home/airflow/.local/lib/python3.12/site-packages/airflow/example_dags/example_display_name.py
[2025-06-26T22:58:11.092+0000] {processor.py:925} INFO - DAG(s) 'example_display_name' retrieved from /home/airflow/.local/lib/python3.12/site-packages/airflow/example_dags/example_display_name.py
[2025-06-26T22:58:11.427+0000] {logging_mixin.py:190} INFO - [2025-06-26T22:58:11.425+0000] {dag.py:3239} INFO - Sync 1 DAGs
[2025-06-26T22:58:11.529+0000] {logging_mixin.py:190} INFO - [2025-06-26T22:58:11.529+0000] {dag.py:4180} INFO - Setting next_dagrun for example_display_name to None, run_after=None
[2025-06-26T22:58:11.584+0000] {processor.py:208} INFO - Processing /home/airflow/.local/lib/python3.12/site-packages/airflow/example_dags/example_display_name.py took 0.669 seconds
[2025-06-26T22:58:42.627+0000] {processor.py:186} INFO - Started process (PID=413) to work on /home/airflow/.local/lib/python3.12/site-packages/airflow/example_dags/example_display_name.py
[2025-06-26T22:58:42.630+0000] {processor.py:914} INFO - Processing file /home/airflow/.local/lib/python3.12/site-packages/airflow/example_dags/example_display_name.py for tasks to queue
[2025-06-26T22:58:42.635+0000] {logging_mixin.py:190} INFO - [2025-06-26T22:58:42.633+0000] {dagbag.py:588} INFO - Filling up the DagBag from /home/airflow/.local/lib/python3.12/site-packages/airflow/example_dags/example_display_name.py
[2025-06-26T22:58:42.658+0000] {processor.py:925} INFO - DAG(s) 'example_display_name' retrieved from /home/airflow/.local/lib/python3.12/site-packages/airflow/example_dags/example_display_name.py
[2025-06-26T22:58:42.719+0000] {logging_mixin.py:190} INFO - [2025-06-26T22:58:42.718+0000] {dag.py:3239} INFO - Sync 1 DAGs
[2025-06-26T22:58:42.728+0000] {logging_mixin.py:190} INFO - [2025-06-26T22:58:42.727+0000] {dag.py:4180} INFO - Setting next_dagrun for example_display_name to None, run_after=None
[2025-06-26T22:58:42.749+0000] {processor.py:208} INFO - Processing /home/airflow/.local/lib/python3.12/site-packages/airflow/example_dags/example_display_name.py took 0.137 seconds
[2025-06-26T22:59:13.460+0000] {processor.py:186} INFO - Started process (PID=475) to work on /home/airflow/.local/lib/python3.12/site-packages/airflow/example_dags/example_display_name.py
[2025-06-26T22:59:13.464+0000] {processor.py:914} INFO - Processing file /home/airflow/.local/lib/python3.12/site-packages/airflow/example_dags/example_display_name.py for tasks to queue
[2025-06-26T22:59:13.484+0000] {logging_mixin.py:190} INFO - [2025-06-26T22:59:13.483+0000] {dagbag.py:588} INFO - Filling up the DagBag from /home/airflow/.local/lib/python3.12/site-packages/airflow/example_dags/example_display_name.py
[2025-06-26T22:59:13.518+0000] {processor.py:925} INFO - DAG(s) 'example_display_name' retrieved from /home/airflow/.local/lib/python3.12/site-packages/airflow/example_dags/example_display_name.py
[2025-06-26T22:59:13.617+0000] {logging_mixin.py:190} INFO - [2025-06-26T22:59:13.617+0000] {dag.py:3239} INFO - Sync 1 DAGs
[2025-06-26T22:59:13.655+0000] {logging_mixin.py:190} INFO - [2025-06-26T22:59:13.655+0000] {dag.py:4180} INFO - Setting next_dagrun for example_display_name to None, run_after=None
[2025-06-26T22:59:13.686+0000] {processor.py:208} INFO - Processing /home/airflow/.local/lib/python3.12/site-packages/airflow/example_dags/example_display_name.py took 0.253 seconds
[2025-06-26T22:59:45.203+0000] {processor.py:186} INFO - Started process (PID=536) to work on /home/airflow/.local/lib/python3.12/site-packages/airflow/example_dags/example_display_name.py
[2025-06-26T22:59:45.208+0000] {processor.py:914} INFO - Processing file /home/airflow/.local/lib/python3.12/site-packages/airflow/example_dags/example_display_name.py for tasks to queue
[2025-06-26T22:59:45.219+0000] {logging_mixin.py:190} INFO - [2025-06-26T22:59:45.218+0000] {dagbag.py:588} INFO - Filling up the DagBag from /home/airflow/.local/lib/python3.12/site-packages/airflow/example_dags/example_display_name.py
[2025-06-26T22:59:45.283+0000] {processor.py:925} INFO - DAG(s) 'example_display_name' retrieved from /home/airflow/.local/lib/python3.12/site-packages/airflow/example_dags/example_display_name.py
[2025-06-26T22:59:45.427+0000] {logging_mixin.py:190} INFO - [2025-06-26T22:59:45.426+0000] {dag.py:3239} INFO - Sync 1 DAGs
[2025-06-26T22:59:45.521+0000] {logging_mixin.py:190} INFO - [2025-06-26T22:59:45.521+0000] {dag.py:4180} INFO - Setting next_dagrun for example_display_name to None, run_after=None
[2025-06-26T22:59:45.689+0000] {processor.py:208} INFO - Processing /home/airflow/.local/lib/python3.12/site-packages/airflow/example_dags/example_display_name.py took 0.514 seconds
[2025-06-26T23:00:18.463+0000] {processor.py:186} INFO - Started process (PID=598) to work on /home/airflow/.local/lib/python3.12/site-packages/airflow/example_dags/example_display_name.py
[2025-06-26T23:00:18.466+0000] {processor.py:914} INFO - Processing file /home/airflow/.local/lib/python3.12/site-packages/airflow/example_dags/example_display_name.py for tasks to queue
[2025-06-26T23:00:18.478+0000] {logging_mixin.py:190} INFO - [2025-06-26T23:00:18.476+0000] {dagbag.py:588} INFO - Filling up the DagBag from /home/airflow/.local/lib/python3.12/site-packages/airflow/example_dags/example_display_name.py
[2025-06-26T23:00:18.529+0000] {processor.py:925} INFO - DAG(s) 'example_display_name' retrieved from /home/airflow/.local/lib/python3.12/site-packages/airflow/example_dags/example_display_name.py
[2025-06-26T23:00:18.634+0000] {logging_mixin.py:190} INFO - [2025-06-26T23:00:18.634+0000] {dag.py:3239} INFO - Sync 1 DAGs
[2025-06-26T23:00:18.697+0000] {logging_mixin.py:190} INFO - [2025-06-26T23:00:18.696+0000] {dag.py:4180} INFO - Setting next_dagrun for example_display_name to None, run_after=None
[2025-06-26T23:00:18.735+0000] {processor.py:208} INFO - Processing /home/airflow/.local/lib/python3.12/site-packages/airflow/example_dags/example_display_name.py took 0.294 seconds
[2025-06-26T23:00:49.307+0000] {processor.py:186} INFO - Started process (PID=660) to work on /home/airflow/.local/lib/python3.12/site-packages/airflow/example_dags/example_display_name.py
[2025-06-26T23:00:49.308+0000] {processor.py:914} INFO - Processing file /home/airflow/.local/lib/python3.12/site-packages/airflow/example_dags/example_display_name.py for tasks to queue
[2025-06-26T23:00:49.310+0000] {logging_mixin.py:190} INFO - [2025-06-26T23:00:49.309+0000] {dagbag.py:588} INFO - Filling up the DagBag from /home/airflow/.local/lib/python3.12/site-packages/airflow/example_dags/example_display_name.py
[2025-06-26T23:00:49.315+0000] {processor.py:925} INFO - DAG(s) 'example_display_name' retrieved from /home/airflow/.local/lib/python3.12/site-packages/airflow/example_dags/example_display_name.py
[2025-06-26T23:00:49.338+0000] {logging_mixin.py:190} INFO - [2025-06-26T23:00:49.338+0000] {dag.py:3239} INFO - Sync 1 DAGs
[2025-06-26T23:00:49.350+0000] {logging_mixin.py:190} INFO - [2025-06-26T23:00:49.349+0000] {dag.py:4180} INFO - Setting next_dagrun for example_display_name to None, run_after=None
[2025-06-26T23:00:49.359+0000] {processor.py:208} INFO - Processing /home/airflow/.local/lib/python3.12/site-packages/airflow/example_dags/example_display_name.py took 0.058 seconds
[2025-06-26T23:01:19.969+0000] {processor.py:186} INFO - Started process (PID=722) to work on /home/airflow/.local/lib/python3.12/site-packages/airflow/example_dags/example_display_name.py
[2025-06-26T23:01:19.970+0000] {processor.py:914} INFO - Processing file /home/airflow/.local/lib/python3.12/site-packages/airflow/example_dags/example_display_name.py for tasks to queue
[2025-06-26T23:01:19.972+0000] {logging_mixin.py:190} INFO - [2025-06-26T23:01:19.972+0000] {dagbag.py:588} INFO - Filling up the DagBag from /home/airflow/.local/lib/python3.12/site-packages/airflow/example_dags/example_display_name.py
[2025-06-26T23:01:19.979+0000] {processor.py:925} INFO - DAG(s) 'example_display_name' retrieved from /home/airflow/.local/lib/python3.12/site-packages/airflow/example_dags/example_display_name.py
[2025-06-26T23:01:19.993+0000] {logging_mixin.py:190} INFO - [2025-06-26T23:01:19.993+0000] {dag.py:3239} INFO - Sync 1 DAGs
[2025-06-26T23:01:20.002+0000] {logging_mixin.py:190} INFO - [2025-06-26T23:01:20.002+0000] {dag.py:4180} INFO - Setting next_dagrun for example_display_name to None, run_after=None
[2025-06-26T23:01:20.022+0000] {processor.py:208} INFO - Processing /home/airflow/.local/lib/python3.12/site-packages/airflow/example_dags/example_display_name.py took 0.059 seconds
[2025-06-26T23:01:52.291+0000] {processor.py:186} INFO - Started process (PID=762) to work on /home/airflow/.local/lib/python3.12/site-packages/airflow/example_dags/example_display_name.py
[2025-06-26T23:01:52.293+0000] {processor.py:914} INFO - Processing file /home/airflow/.local/lib/python3.12/site-packages/airflow/example_dags/example_display_name.py for tasks to queue
[2025-06-26T23:01:52.296+0000] {logging_mixin.py:190} INFO - [2025-06-26T23:01:52.295+0000] {dagbag.py:588} INFO - Filling up the DagBag from /home/airflow/.local/lib/python3.12/site-packages/airflow/example_dags/example_display_name.py
[2025-06-26T23:01:52.310+0000] {processor.py:925} INFO - DAG(s) 'example_display_name' retrieved from /home/airflow/.local/lib/python3.12/site-packages/airflow/example_dags/example_display_name.py
[2025-06-26T23:01:52.336+0000] {logging_mixin.py:190} INFO - [2025-06-26T23:01:52.335+0000] {dag.py:3239} INFO - Sync 1 DAGs
[2025-06-26T23:01:52.353+0000] {logging_mixin.py:190} INFO - [2025-06-26T23:01:52.353+0000] {dag.py:4180} INFO - Setting next_dagrun for example_display_name to None, run_after=None
[2025-06-26T23:01:52.385+0000] {processor.py:208} INFO - Processing /home/airflow/.local/lib/python3.12/site-packages/airflow/example_dags/example_display_name.py took 0.104 seconds
[2025-06-26T23:02:23.551+0000] {processor.py:186} INFO - Started process (PID=824) to work on /home/airflow/.local/lib/python3.12/site-packages/airflow/example_dags/example_display_name.py
[2025-06-26T23:02:23.553+0000] {processor.py:914} INFO - Processing file /home/airflow/.local/lib/python3.12/site-packages/airflow/example_dags/example_display_name.py for tasks to queue
[2025-06-26T23:02:23.556+0000] {logging_mixin.py:190} INFO - [2025-06-26T23:02:23.555+0000] {dagbag.py:588} INFO - Filling up the DagBag from /home/airflow/.local/lib/python3.12/site-packages/airflow/example_dags/example_display_name.py
[2025-06-26T23:02:23.564+0000] {processor.py:925} INFO - DAG(s) 'example_display_name' retrieved from /home/airflow/.local/lib/python3.12/site-packages/airflow/example_dags/example_display_name.py
[2025-06-26T23:02:23.583+0000] {logging_mixin.py:190} INFO - [2025-06-26T23:02:23.582+0000] {dag.py:3239} INFO - Sync 1 DAGs
[2025-06-26T23:02:23.600+0000] {logging_mixin.py:190} INFO - [2025-06-26T23:02:23.600+0000] {dag.py:4180} INFO - Setting next_dagrun for example_display_name to None, run_after=None
[2025-06-26T23:02:23.618+0000] {processor.py:208} INFO - Processing /home/airflow/.local/lib/python3.12/site-packages/airflow/example_dags/example_display_name.py took 0.088 seconds
[2025-06-26T23:02:55.953+0000] {processor.py:186} INFO - Started process (PID=883) to work on /home/airflow/.local/lib/python3.12/site-packages/airflow/example_dags/example_display_name.py
[2025-06-26T23:02:55.955+0000] {processor.py:914} INFO - Processing file /home/airflow/.local/lib/python3.12/site-packages/airflow/example_dags/example_display_name.py for tasks to queue
[2025-06-26T23:02:55.956+0000] {logging_mixin.py:190} INFO - [2025-06-26T23:02:55.956+0000] {dagbag.py:588} INFO - Filling up the DagBag from /home/airflow/.local/lib/python3.12/site-packages/airflow/example_dags/example_display_name.py
[2025-06-26T23:02:55.962+0000] {processor.py:925} INFO - DAG(s) 'example_display_name' retrieved from /home/airflow/.local/lib/python3.12/site-packages/airflow/example_dags/example_display_name.py
[2025-06-26T23:02:55.987+0000] {logging_mixin.py:190} INFO - [2025-06-26T23:02:55.987+0000] {dag.py:3239} INFO - Sync 1 DAGs
[2025-06-26T23:02:55.999+0000] {logging_mixin.py:190} INFO - [2025-06-26T23:02:55.999+0000] {dag.py:4180} INFO - Setting next_dagrun for example_display_name to None, run_after=None
[2025-06-26T23:02:56.013+0000] {processor.py:208} INFO - Processing /home/airflow/.local/lib/python3.12/site-packages/airflow/example_dags/example_display_name.py took 0.065 seconds
[2025-06-26T23:03:42.316+0000] {processor.py:186} INFO - Started process (PID=943) to work on /home/airflow/.local/lib/python3.12/site-packages/airflow/example_dags/example_display_name.py
[2025-06-26T23:03:42.320+0000] {processor.py:914} INFO - Processing file /home/airflow/.local/lib/python3.12/site-packages/airflow/example_dags/example_display_name.py for tasks to queue
[2025-06-26T23:03:42.322+0000] {logging_mixin.py:190} INFO - [2025-06-26T23:03:42.322+0000] {dagbag.py:588} INFO - Filling up the DagBag from /home/airflow/.local/lib/python3.12/site-packages/airflow/example_dags/example_display_name.py
[2025-06-26T23:03:42.330+0000] {processor.py:925} INFO - DAG(s) 'example_display_name' retrieved from /home/airflow/.local/lib/python3.12/site-packages/airflow/example_dags/example_display_name.py
[2025-06-26T23:03:42.346+0000] {logging_mixin.py:190} INFO - [2025-06-26T23:03:42.346+0000] {dag.py:3239} INFO - Sync 1 DAGs
[2025-06-26T23:03:42.356+0000] {logging_mixin.py:190} INFO - [2025-06-26T23:03:42.356+0000] {dag.py:4180} INFO - Setting next_dagrun for example_display_name to None, run_after=None
[2025-06-26T23:03:42.367+0000] {processor.py:208} INFO - Processing /home/airflow/.local/lib/python3.12/site-packages/airflow/example_dags/example_display_name.py took 0.057 seconds
[2025-06-26T23:04:34.987+0000] {processor.py:186} INFO - Started process (PID=1016) to work on /home/airflow/.local/lib/python3.12/site-packages/airflow/example_dags/example_display_name.py
[2025-06-26T23:04:34.988+0000] {processor.py:914} INFO - Processing file /home/airflow/.local/lib/python3.12/site-packages/airflow/example_dags/example_display_name.py for tasks to queue
[2025-06-26T23:04:34.990+0000] {logging_mixin.py:190} INFO - [2025-06-26T23:04:34.990+0000] {dagbag.py:588} INFO - Filling up the DagBag from /home/airflow/.local/lib/python3.12/site-packages/airflow/example_dags/example_display_name.py
[2025-06-26T23:04:34.998+0000] {processor.py:925} INFO - DAG(s) 'example_display_name' retrieved from /home/airflow/.local/lib/python3.12/site-packages/airflow/example_dags/example_display_name.py
[2025-06-26T23:04:35.013+0000] {logging_mixin.py:190} INFO - [2025-06-26T23:04:35.013+0000] {dag.py:3239} INFO - Sync 1 DAGs
[2025-06-26T23:04:35.024+0000] {logging_mixin.py:190} INFO - [2025-06-26T23:04:35.024+0000] {dag.py:4180} INFO - Setting next_dagrun for example_display_name to None, run_after=None
[2025-06-26T23:04:35.038+0000] {processor.py:208} INFO - Processing /home/airflow/.local/lib/python3.12/site-packages/airflow/example_dags/example_display_name.py took 0.055 seconds
[2025-06-26T23:05:11.692+0000] {processor.py:186} INFO - Started process (PID=1077) to work on /home/airflow/.local/lib/python3.12/site-packages/airflow/example_dags/example_display_name.py
[2025-06-26T23:05:11.694+0000] {processor.py:914} INFO - Processing file /home/airflow/.local/lib/python3.12/site-packages/airflow/example_dags/example_display_name.py for tasks to queue
[2025-06-26T23:05:11.695+0000] {logging_mixin.py:190} INFO - [2025-06-26T23:05:11.695+0000] {dagbag.py:588} INFO - Filling up the DagBag from /home/airflow/.local/lib/python3.12/site-packages/airflow/example_dags/example_display_name.py
[2025-06-26T23:05:11.704+0000] {processor.py:925} INFO - DAG(s) 'example_display_name' retrieved from /home/airflow/.local/lib/python3.12/site-packages/airflow/example_dags/example_display_name.py
[2025-06-26T23:05:11.722+0000] {logging_mixin.py:190} INFO - [2025-06-26T23:05:11.722+0000] {dag.py:3239} INFO - Sync 1 DAGs
[2025-06-26T23:05:11.735+0000] {logging_mixin.py:190} INFO - [2025-06-26T23:05:11.734+0000] {dag.py:4180} INFO - Setting next_dagrun for example_display_name to None, run_after=None
[2025-06-26T23:05:11.748+0000] {processor.py:208} INFO - Processing /home/airflow/.local/lib/python3.12/site-packages/airflow/example_dags/example_display_name.py took 0.062 seconds
[2025-06-26T23:05:42.734+0000] {processor.py:186} INFO - Started process (PID=1139) to work on /home/airflow/.local/lib/python3.12/site-packages/airflow/example_dags/example_display_name.py
[2025-06-26T23:05:42.737+0000] {processor.py:914} INFO - Processing file /home/airflow/.local/lib/python3.12/site-packages/airflow/example_dags/example_display_name.py for tasks to queue
[2025-06-26T23:05:42.739+0000] {logging_mixin.py:190} INFO - [2025-06-26T23:05:42.739+0000] {dagbag.py:588} INFO - Filling up the DagBag from /home/airflow/.local/lib/python3.12/site-packages/airflow/example_dags/example_display_name.py
[2025-06-26T23:05:42.747+0000] {processor.py:925} INFO - DAG(s) 'example_display_name' retrieved from /home/airflow/.local/lib/python3.12/site-packages/airflow/example_dags/example_display_name.py
[2025-06-26T23:05:42.765+0000] {logging_mixin.py:190} INFO - [2025-06-26T23:05:42.764+0000] {dag.py:3239} INFO - Sync 1 DAGs
[2025-06-26T23:05:42.777+0000] {logging_mixin.py:190} INFO - [2025-06-26T23:05:42.777+0000] {dag.py:4180} INFO - Setting next_dagrun for example_display_name to None, run_after=None
[2025-06-26T23:05:42.797+0000] {processor.py:208} INFO - Processing /home/airflow/.local/lib/python3.12/site-packages/airflow/example_dags/example_display_name.py took 0.067 seconds
[2025-06-26T23:06:19.027+0000] {processor.py:186} INFO - Started process (PID=1201) to work on /home/airflow/.local/lib/python3.12/site-packages/airflow/example_dags/example_display_name.py
[2025-06-26T23:06:19.029+0000] {processor.py:914} INFO - Processing file /home/airflow/.local/lib/python3.12/site-packages/airflow/example_dags/example_display_name.py for tasks to queue
[2025-06-26T23:06:19.030+0000] {logging_mixin.py:190} INFO - [2025-06-26T23:06:19.030+0000] {dagbag.py:588} INFO - Filling up the DagBag from /home/airflow/.local/lib/python3.12/site-packages/airflow/example_dags/example_display_name.py
[2025-06-26T23:06:19.034+0000] {processor.py:925} INFO - DAG(s) 'example_display_name' retrieved from /home/airflow/.local/lib/python3.12/site-packages/airflow/example_dags/example_display_name.py
[2025-06-26T23:06:19.045+0000] {logging_mixin.py:190} INFO - [2025-06-26T23:06:19.045+0000] {dag.py:3239} INFO - Sync 1 DAGs
[2025-06-26T23:06:19.055+0000] {logging_mixin.py:190} INFO - [2025-06-26T23:06:19.055+0000] {dag.py:4180} INFO - Setting next_dagrun for example_display_name to None, run_after=None
[2025-06-26T23:06:19.071+0000] {processor.py:208} INFO - Processing /home/airflow/.local/lib/python3.12/site-packages/airflow/example_dags/example_display_name.py took 0.048 seconds
[2025-06-26T23:06:49.225+0000] {processor.py:186} INFO - Started process (PID=1263) to work on /home/airflow/.local/lib/python3.12/site-packages/airflow/example_dags/example_display_name.py
[2025-06-26T23:06:49.226+0000] {processor.py:914} INFO - Processing file /home/airflow/.local/lib/python3.12/site-packages/airflow/example_dags/example_display_name.py for tasks to queue
[2025-06-26T23:06:49.228+0000] {logging_mixin.py:190} INFO - [2025-06-26T23:06:49.227+0000] {dagbag.py:588} INFO - Filling up the DagBag from /home/airflow/.local/lib/python3.12/site-packages/airflow/example_dags/example_display_name.py
[2025-06-26T23:06:49.235+0000] {processor.py:925} INFO - DAG(s) 'example_display_name' retrieved from /home/airflow/.local/lib/python3.12/site-packages/airflow/example_dags/example_display_name.py
[2025-06-26T23:06:49.247+0000] {logging_mixin.py:190} INFO - [2025-06-26T23:06:49.247+0000] {dag.py:3239} INFO - Sync 1 DAGs
[2025-06-26T23:06:49.255+0000] {logging_mixin.py:190} INFO - [2025-06-26T23:06:49.255+0000] {dag.py:4180} INFO - Setting next_dagrun for example_display_name to None, run_after=None
[2025-06-26T23:06:49.265+0000] {processor.py:208} INFO - Processing /home/airflow/.local/lib/python3.12/site-packages/airflow/example_dags/example_display_name.py took 0.046 seconds
[2025-06-26T23:07:19.652+0000] {processor.py:186} INFO - Started process (PID=1325) to work on /home/airflow/.local/lib/python3.12/site-packages/airflow/example_dags/example_display_name.py
[2025-06-26T23:07:19.654+0000] {processor.py:914} INFO - Processing file /home/airflow/.local/lib/python3.12/site-packages/airflow/example_dags/example_display_name.py for tasks to queue
[2025-06-26T23:07:19.656+0000] {logging_mixin.py:190} INFO - [2025-06-26T23:07:19.655+0000] {dagbag.py:588} INFO - Filling up the DagBag from /home/airflow/.local/lib/python3.12/site-packages/airflow/example_dags/example_display_name.py
[2025-06-26T23:07:19.664+0000] {processor.py:925} INFO - DAG(s) 'example_display_name' retrieved from /home/airflow/.local/lib/python3.12/site-packages/airflow/example_dags/example_display_name.py
[2025-06-26T23:07:19.686+0000] {logging_mixin.py:190} INFO - [2025-06-26T23:07:19.686+0000] {dag.py:3239} INFO - Sync 1 DAGs
[2025-06-26T23:07:19.702+0000] {logging_mixin.py:190} INFO - [2025-06-26T23:07:19.702+0000] {dag.py:4180} INFO - Setting next_dagrun for example_display_name to None, run_after=None
[2025-06-26T23:07:19.723+0000] {processor.py:208} INFO - Processing /home/airflow/.local/lib/python3.12/site-packages/airflow/example_dags/example_display_name.py took 0.082 seconds
