[2025-06-26T22:55:26.226+0000] {processor.py:186} INFO - Started process (PID=68) to work on /home/airflow/.local/lib/python3.12/site-packages/airflow/example_dags/example_complex.py
[2025-06-26T22:55:26.246+0000] {processor.py:914} INFO - Processing file /home/airflow/.local/lib/python3.12/site-packages/airflow/example_dags/example_complex.py for tasks to queue
[2025-06-26T22:55:26.260+0000] {logging_mixin.py:190} INFO - [2025-06-26T22:55:26.259+0000] {dagbag.py:588} INFO - Filling up the DagBag from /home/airflow/.local/lib/python3.12/site-packages/airflow/example_dags/example_complex.py
[2025-06-26T22:55:26.366+0000] {processor.py:925} INFO - DAG(s) 'example_complex' retrieved from /home/airflow/.local/lib/python3.12/site-packages/airflow/example_dags/example_complex.py
[2025-06-26T22:55:26.989+0000] {logging_mixin.py:190} INFO - [2025-06-26T22:55:26.970+0000] {override.py:1900} INFO - Created Permission View: can read on DAG:example_complex
[2025-06-26T22:55:27.032+0000] {logging_mixin.py:190} INFO - [2025-06-26T22:55:27.031+0000] {override.py:1900} INFO - Created Permission View: can delete on DAG:example_complex
[2025-06-26T22:55:27.055+0000] {logging_mixin.py:190} INFO - [2025-06-26T22:55:27.054+0000] {override.py:1900} INFO - Created Permission View: can edit on DAG:example_complex
[2025-06-26T22:55:27.090+0000] {logging_mixin.py:190} INFO - [2025-06-26T22:55:27.090+0000] {override.py:1900} INFO - Created Permission View: can read on DAG Run:example_complex
[2025-06-26T22:55:27.105+0000] {logging_mixin.py:190} INFO - [2025-06-26T22:55:27.105+0000] {override.py:1900} INFO - Created Permission View: menu access on DAG Run:example_complex
[2025-06-26T22:55:27.150+0000] {logging_mixin.py:190} INFO - [2025-06-26T22:55:27.149+0000] {override.py:1900} INFO - Created Permission View: can delete on DAG Run:example_complex
[2025-06-26T22:55:27.173+0000] {logging_mixin.py:190} INFO - [2025-06-26T22:55:27.172+0000] {override.py:1900} INFO - Created Permission View: can create on DAG Run:example_complex
[2025-06-26T22:55:27.174+0000] {logging_mixin.py:190} INFO - [2025-06-26T22:55:27.174+0000] {dag.py:3239} INFO - Sync 1 DAGs
[2025-06-26T22:55:27.217+0000] {logging_mixin.py:190} INFO - [2025-06-26T22:55:27.217+0000] {dag.py:3262} INFO - Creating ORM DAG for example_complex
[2025-06-26T22:55:27.219+0000] {logging_mixin.py:190} INFO - [2025-06-26T22:55:27.219+0000] {dag.py:4180} INFO - Setting next_dagrun for example_complex to None, run_after=None
[2025-06-26T22:55:27.268+0000] {processor.py:208} INFO - Processing /home/airflow/.local/lib/python3.12/site-packages/airflow/example_dags/example_complex.py took 1.107 seconds
[2025-06-26T22:55:57.950+0000] {processor.py:186} INFO - Started process (PID=130) to work on /home/airflow/.local/lib/python3.12/site-packages/airflow/example_dags/example_complex.py
[2025-06-26T22:55:57.954+0000] {processor.py:914} INFO - Processing file /home/airflow/.local/lib/python3.12/site-packages/airflow/example_dags/example_complex.py for tasks to queue
[2025-06-26T22:55:57.983+0000] {logging_mixin.py:190} INFO - [2025-06-26T22:55:57.977+0000] {dagbag.py:588} INFO - Filling up the DagBag from /home/airflow/.local/lib/python3.12/site-packages/airflow/example_dags/example_complex.py
[2025-06-26T22:55:58.096+0000] {processor.py:925} INFO - DAG(s) 'example_complex' retrieved from /home/airflow/.local/lib/python3.12/site-packages/airflow/example_dags/example_complex.py
[2025-06-26T22:55:58.263+0000] {logging_mixin.py:190} INFO - [2025-06-26T22:55:58.260+0000] {dag.py:3239} INFO - Sync 1 DAGs
[2025-06-26T22:55:58.345+0000] {logging_mixin.py:190} INFO - [2025-06-26T22:55:58.344+0000] {dag.py:4180} INFO - Setting next_dagrun for example_complex to None, run_after=None
[2025-06-26T22:55:58.465+0000] {processor.py:208} INFO - Processing /home/airflow/.local/lib/python3.12/site-packages/airflow/example_dags/example_complex.py took 0.564 seconds
[2025-06-26T22:56:29.121+0000] {processor.py:186} INFO - Started process (PID=192) to work on /home/airflow/.local/lib/python3.12/site-packages/airflow/example_dags/example_complex.py
[2025-06-26T22:56:29.127+0000] {processor.py:914} INFO - Processing file /home/airflow/.local/lib/python3.12/site-packages/airflow/example_dags/example_complex.py for tasks to queue
[2025-06-26T22:56:29.133+0000] {logging_mixin.py:190} INFO - [2025-06-26T22:56:29.132+0000] {dagbag.py:588} INFO - Filling up the DagBag from /home/airflow/.local/lib/python3.12/site-packages/airflow/example_dags/example_complex.py
[2025-06-26T22:56:29.201+0000] {processor.py:925} INFO - DAG(s) 'example_complex' retrieved from /home/airflow/.local/lib/python3.12/site-packages/airflow/example_dags/example_complex.py
[2025-06-26T22:56:29.284+0000] {logging_mixin.py:190} INFO - [2025-06-26T22:56:29.284+0000] {dag.py:3239} INFO - Sync 1 DAGs
[2025-06-26T22:56:29.313+0000] {logging_mixin.py:190} INFO - [2025-06-26T22:56:29.312+0000] {dag.py:4180} INFO - Setting next_dagrun for example_complex to None, run_after=None
[2025-06-26T22:56:29.350+0000] {processor.py:208} INFO - Processing /home/airflow/.local/lib/python3.12/site-packages/airflow/example_dags/example_complex.py took 0.249 seconds
[2025-06-26T22:57:00.708+0000] {processor.py:186} INFO - Started process (PID=254) to work on /home/airflow/.local/lib/python3.12/site-packages/airflow/example_dags/example_complex.py
[2025-06-26T22:57:00.716+0000] {processor.py:914} INFO - Processing file /home/airflow/.local/lib/python3.12/site-packages/airflow/example_dags/example_complex.py for tasks to queue
[2025-06-26T22:57:00.735+0000] {logging_mixin.py:190} INFO - [2025-06-26T22:57:00.734+0000] {dagbag.py:588} INFO - Filling up the DagBag from /home/airflow/.local/lib/python3.12/site-packages/airflow/example_dags/example_complex.py
[2025-06-26T22:57:00.843+0000] {processor.py:925} INFO - DAG(s) 'example_complex' retrieved from /home/airflow/.local/lib/python3.12/site-packages/airflow/example_dags/example_complex.py
[2025-06-26T22:57:01.088+0000] {logging_mixin.py:190} INFO - [2025-06-26T22:57:01.084+0000] {dag.py:3239} INFO - Sync 1 DAGs
[2025-06-26T22:57:01.198+0000] {logging_mixin.py:190} INFO - [2025-06-26T22:57:01.197+0000] {dag.py:4180} INFO - Setting next_dagrun for example_complex to None, run_after=None
[2025-06-26T22:57:01.251+0000] {processor.py:208} INFO - Processing /home/airflow/.local/lib/python3.12/site-packages/airflow/example_dags/example_complex.py took 0.596 seconds
[2025-06-26T22:57:31.697+0000] {processor.py:186} INFO - Started process (PID=316) to work on /home/airflow/.local/lib/python3.12/site-packages/airflow/example_dags/example_complex.py
[2025-06-26T22:57:31.701+0000] {processor.py:914} INFO - Processing file /home/airflow/.local/lib/python3.12/site-packages/airflow/example_dags/example_complex.py for tasks to queue
[2025-06-26T22:57:31.730+0000] {logging_mixin.py:190} INFO - [2025-06-26T22:57:31.729+0000] {dagbag.py:588} INFO - Filling up the DagBag from /home/airflow/.local/lib/python3.12/site-packages/airflow/example_dags/example_complex.py
[2025-06-26T22:57:31.804+0000] {processor.py:925} INFO - DAG(s) 'example_complex' retrieved from /home/airflow/.local/lib/python3.12/site-packages/airflow/example_dags/example_complex.py
[2025-06-26T22:57:31.931+0000] {logging_mixin.py:190} INFO - [2025-06-26T22:57:31.931+0000] {dag.py:3239} INFO - Sync 1 DAGs
[2025-06-26T22:57:31.966+0000] {logging_mixin.py:190} INFO - [2025-06-26T22:57:31.966+0000] {dag.py:4180} INFO - Setting next_dagrun for example_complex to None, run_after=None
[2025-06-26T22:57:32.012+0000] {processor.py:208} INFO - Processing /home/airflow/.local/lib/python3.12/site-packages/airflow/example_dags/example_complex.py took 0.359 seconds
[2025-06-26T22:58:21.956+0000] {processor.py:186} INFO - Started process (PID=377) to work on /home/airflow/.local/lib/python3.12/site-packages/airflow/example_dags/example_complex.py
[2025-06-26T22:58:21.960+0000] {processor.py:914} INFO - Processing file /home/airflow/.local/lib/python3.12/site-packages/airflow/example_dags/example_complex.py for tasks to queue
[2025-06-26T22:58:21.970+0000] {logging_mixin.py:190} INFO - [2025-06-26T22:58:21.969+0000] {dagbag.py:588} INFO - Filling up the DagBag from /home/airflow/.local/lib/python3.12/site-packages/airflow/example_dags/example_complex.py
[2025-06-26T22:58:22.023+0000] {processor.py:925} INFO - DAG(s) 'example_complex' retrieved from /home/airflow/.local/lib/python3.12/site-packages/airflow/example_dags/example_complex.py
[2025-06-26T22:58:22.258+0000] {logging_mixin.py:190} INFO - [2025-06-26T22:58:22.257+0000] {dag.py:3239} INFO - Sync 1 DAGs
[2025-06-26T22:58:22.437+0000] {logging_mixin.py:190} INFO - [2025-06-26T22:58:22.435+0000] {dag.py:4180} INFO - Setting next_dagrun for example_complex to None, run_after=None
[2025-06-26T22:58:22.593+0000] {processor.py:208} INFO - Processing /home/airflow/.local/lib/python3.12/site-packages/airflow/example_dags/example_complex.py took 0.702 seconds
[2025-06-26T22:58:59.419+0000] {processor.py:186} INFO - Started process (PID=422) to work on /home/airflow/.local/lib/python3.12/site-packages/airflow/example_dags/example_complex.py
[2025-06-26T22:58:59.421+0000] {processor.py:914} INFO - Processing file /home/airflow/.local/lib/python3.12/site-packages/airflow/example_dags/example_complex.py for tasks to queue
[2025-06-26T22:58:59.429+0000] {logging_mixin.py:190} INFO - [2025-06-26T22:58:59.429+0000] {dagbag.py:588} INFO - Filling up the DagBag from /home/airflow/.local/lib/python3.12/site-packages/airflow/example_dags/example_complex.py
[2025-06-26T22:58:59.468+0000] {processor.py:925} INFO - DAG(s) 'example_complex' retrieved from /home/airflow/.local/lib/python3.12/site-packages/airflow/example_dags/example_complex.py
[2025-06-26T22:58:59.558+0000] {logging_mixin.py:190} INFO - [2025-06-26T22:58:59.558+0000] {dag.py:3239} INFO - Sync 1 DAGs
[2025-06-26T22:58:59.604+0000] {logging_mixin.py:190} INFO - [2025-06-26T22:58:59.604+0000] {dag.py:4180} INFO - Setting next_dagrun for example_complex to None, run_after=None
[2025-06-26T22:58:59.643+0000] {processor.py:208} INFO - Processing /home/airflow/.local/lib/python3.12/site-packages/airflow/example_dags/example_complex.py took 0.257 seconds
[2025-06-26T22:59:37.218+0000] {processor.py:186} INFO - Started process (PID=482) to work on /home/airflow/.local/lib/python3.12/site-packages/airflow/example_dags/example_complex.py
[2025-06-26T22:59:37.224+0000] {processor.py:914} INFO - Processing file /home/airflow/.local/lib/python3.12/site-packages/airflow/example_dags/example_complex.py for tasks to queue
[2025-06-26T22:59:37.245+0000] {logging_mixin.py:190} INFO - [2025-06-26T22:59:37.244+0000] {dagbag.py:588} INFO - Filling up the DagBag from /home/airflow/.local/lib/python3.12/site-packages/airflow/example_dags/example_complex.py
[2025-06-26T22:59:37.286+0000] {processor.py:925} INFO - DAG(s) 'example_complex' retrieved from /home/airflow/.local/lib/python3.12/site-packages/airflow/example_dags/example_complex.py
[2025-06-26T22:59:37.358+0000] {logging_mixin.py:190} INFO - [2025-06-26T22:59:37.358+0000] {dag.py:3239} INFO - Sync 1 DAGs
[2025-06-26T22:59:37.408+0000] {logging_mixin.py:190} INFO - [2025-06-26T22:59:37.408+0000] {dag.py:4180} INFO - Setting next_dagrun for example_complex to None, run_after=None
[2025-06-26T22:59:37.444+0000] {processor.py:208} INFO - Processing /home/airflow/.local/lib/python3.12/site-packages/airflow/example_dags/example_complex.py took 0.284 seconds
[2025-06-26T23:00:07.828+0000] {processor.py:186} INFO - Started process (PID=543) to work on /home/airflow/.local/lib/python3.12/site-packages/airflow/example_dags/example_complex.py
[2025-06-26T23:00:07.831+0000] {processor.py:914} INFO - Processing file /home/airflow/.local/lib/python3.12/site-packages/airflow/example_dags/example_complex.py for tasks to queue
[2025-06-26T23:00:07.837+0000] {logging_mixin.py:190} INFO - [2025-06-26T23:00:07.837+0000] {dagbag.py:588} INFO - Filling up the DagBag from /home/airflow/.local/lib/python3.12/site-packages/airflow/example_dags/example_complex.py
[2025-06-26T23:00:07.863+0000] {processor.py:925} INFO - DAG(s) 'example_complex' retrieved from /home/airflow/.local/lib/python3.12/site-packages/airflow/example_dags/example_complex.py
[2025-06-26T23:00:07.928+0000] {logging_mixin.py:190} INFO - [2025-06-26T23:00:07.927+0000] {dag.py:3239} INFO - Sync 1 DAGs
[2025-06-26T23:00:07.948+0000] {logging_mixin.py:190} INFO - [2025-06-26T23:00:07.948+0000] {dag.py:4180} INFO - Setting next_dagrun for example_complex to None, run_after=None
[2025-06-26T23:00:07.965+0000] {processor.py:208} INFO - Processing /home/airflow/.local/lib/python3.12/site-packages/airflow/example_dags/example_complex.py took 0.144 seconds
[2025-06-26T23:00:42.815+0000] {processor.py:186} INFO - Started process (PID=610) to work on /home/airflow/.local/lib/python3.12/site-packages/airflow/example_dags/example_complex.py
[2025-06-26T23:00:42.819+0000] {processor.py:914} INFO - Processing file /home/airflow/.local/lib/python3.12/site-packages/airflow/example_dags/example_complex.py for tasks to queue
[2025-06-26T23:00:42.825+0000] {logging_mixin.py:190} INFO - [2025-06-26T23:00:42.824+0000] {dagbag.py:588} INFO - Filling up the DagBag from /home/airflow/.local/lib/python3.12/site-packages/airflow/example_dags/example_complex.py
[2025-06-26T23:00:42.839+0000] {processor.py:925} INFO - DAG(s) 'example_complex' retrieved from /home/airflow/.local/lib/python3.12/site-packages/airflow/example_dags/example_complex.py
[2025-06-26T23:00:42.882+0000] {logging_mixin.py:190} INFO - [2025-06-26T23:00:42.882+0000] {dag.py:3239} INFO - Sync 1 DAGs
[2025-06-26T23:00:42.899+0000] {logging_mixin.py:190} INFO - [2025-06-26T23:00:42.899+0000] {dag.py:4180} INFO - Setting next_dagrun for example_complex to None, run_after=None
[2025-06-26T23:00:42.918+0000] {processor.py:208} INFO - Processing /home/airflow/.local/lib/python3.12/site-packages/airflow/example_dags/example_complex.py took 0.111 seconds
[2025-06-26T23:01:14.931+0000] {processor.py:186} INFO - Started process (PID=671) to work on /home/airflow/.local/lib/python3.12/site-packages/airflow/example_dags/example_complex.py
[2025-06-26T23:01:14.967+0000] {processor.py:914} INFO - Processing file /home/airflow/.local/lib/python3.12/site-packages/airflow/example_dags/example_complex.py for tasks to queue
[2025-06-26T23:01:14.992+0000] {logging_mixin.py:190} INFO - [2025-06-26T23:01:14.991+0000] {dagbag.py:588} INFO - Filling up the DagBag from /home/airflow/.local/lib/python3.12/site-packages/airflow/example_dags/example_complex.py
[2025-06-26T23:01:15.051+0000] {processor.py:925} INFO - DAG(s) 'example_complex' retrieved from /home/airflow/.local/lib/python3.12/site-packages/airflow/example_dags/example_complex.py
[2025-06-26T23:01:15.172+0000] {logging_mixin.py:190} INFO - [2025-06-26T23:01:15.171+0000] {dag.py:3239} INFO - Sync 1 DAGs
[2025-06-26T23:01:15.195+0000] {logging_mixin.py:190} INFO - [2025-06-26T23:01:15.195+0000] {dag.py:4180} INFO - Setting next_dagrun for example_complex to None, run_after=None
[2025-06-26T23:01:15.216+0000] {processor.py:208} INFO - Processing /home/airflow/.local/lib/python3.12/site-packages/airflow/example_dags/example_complex.py took 0.352 seconds
[2025-06-26T23:01:45.273+0000] {processor.py:186} INFO - Started process (PID=733) to work on /home/airflow/.local/lib/python3.12/site-packages/airflow/example_dags/example_complex.py
[2025-06-26T23:01:45.277+0000] {processor.py:914} INFO - Processing file /home/airflow/.local/lib/python3.12/site-packages/airflow/example_dags/example_complex.py for tasks to queue
[2025-06-26T23:01:45.280+0000] {logging_mixin.py:190} INFO - [2025-06-26T23:01:45.279+0000] {dagbag.py:588} INFO - Filling up the DagBag from /home/airflow/.local/lib/python3.12/site-packages/airflow/example_dags/example_complex.py
[2025-06-26T23:01:45.291+0000] {processor.py:925} INFO - DAG(s) 'example_complex' retrieved from /home/airflow/.local/lib/python3.12/site-packages/airflow/example_dags/example_complex.py
[2025-06-26T23:01:45.333+0000] {logging_mixin.py:190} INFO - [2025-06-26T23:01:45.332+0000] {dag.py:3239} INFO - Sync 1 DAGs
[2025-06-26T23:01:45.347+0000] {logging_mixin.py:190} INFO - [2025-06-26T23:01:45.347+0000] {dag.py:4180} INFO - Setting next_dagrun for example_complex to None, run_after=None
[2025-06-26T23:01:45.363+0000] {processor.py:208} INFO - Processing /home/airflow/.local/lib/python3.12/site-packages/airflow/example_dags/example_complex.py took 0.109 seconds
[2025-06-26T23:02:16.175+0000] {processor.py:186} INFO - Started process (PID=795) to work on /home/airflow/.local/lib/python3.12/site-packages/airflow/example_dags/example_complex.py
[2025-06-26T23:02:16.176+0000] {processor.py:914} INFO - Processing file /home/airflow/.local/lib/python3.12/site-packages/airflow/example_dags/example_complex.py for tasks to queue
[2025-06-26T23:02:16.179+0000] {logging_mixin.py:190} INFO - [2025-06-26T23:02:16.179+0000] {dagbag.py:588} INFO - Filling up the DagBag from /home/airflow/.local/lib/python3.12/site-packages/airflow/example_dags/example_complex.py
[2025-06-26T23:02:16.192+0000] {processor.py:925} INFO - DAG(s) 'example_complex' retrieved from /home/airflow/.local/lib/python3.12/site-packages/airflow/example_dags/example_complex.py
[2025-06-26T23:02:16.234+0000] {logging_mixin.py:190} INFO - [2025-06-26T23:02:16.233+0000] {dag.py:3239} INFO - Sync 1 DAGs
[2025-06-26T23:02:16.247+0000] {logging_mixin.py:190} INFO - [2025-06-26T23:02:16.247+0000] {dag.py:4180} INFO - Setting next_dagrun for example_complex to None, run_after=None
[2025-06-26T23:02:16.284+0000] {processor.py:208} INFO - Processing /home/airflow/.local/lib/python3.12/site-packages/airflow/example_dags/example_complex.py took 0.113 seconds
[2025-06-26T23:02:46.806+0000] {processor.py:186} INFO - Started process (PID=857) to work on /home/airflow/.local/lib/python3.12/site-packages/airflow/example_dags/example_complex.py
[2025-06-26T23:02:46.808+0000] {processor.py:914} INFO - Processing file /home/airflow/.local/lib/python3.12/site-packages/airflow/example_dags/example_complex.py for tasks to queue
[2025-06-26T23:02:46.815+0000] {logging_mixin.py:190} INFO - [2025-06-26T23:02:46.814+0000] {dagbag.py:588} INFO - Filling up the DagBag from /home/airflow/.local/lib/python3.12/site-packages/airflow/example_dags/example_complex.py
[2025-06-26T23:02:46.844+0000] {processor.py:925} INFO - DAG(s) 'example_complex' retrieved from /home/airflow/.local/lib/python3.12/site-packages/airflow/example_dags/example_complex.py
[2025-06-26T23:02:46.914+0000] {logging_mixin.py:190} INFO - [2025-06-26T23:02:46.914+0000] {dag.py:3239} INFO - Sync 1 DAGs
[2025-06-26T23:02:46.944+0000] {logging_mixin.py:190} INFO - [2025-06-26T23:02:46.943+0000] {dag.py:4180} INFO - Setting next_dagrun for example_complex to None, run_after=None
[2025-06-26T23:02:46.977+0000] {processor.py:208} INFO - Processing /home/airflow/.local/lib/python3.12/site-packages/airflow/example_dags/example_complex.py took 0.183 seconds
[2025-06-26T23:03:17.853+0000] {processor.py:186} INFO - Started process (PID=919) to work on /home/airflow/.local/lib/python3.12/site-packages/airflow/example_dags/example_complex.py
[2025-06-26T23:03:17.855+0000] {processor.py:914} INFO - Processing file /home/airflow/.local/lib/python3.12/site-packages/airflow/example_dags/example_complex.py for tasks to queue
[2025-06-26T23:03:17.857+0000] {logging_mixin.py:190} INFO - [2025-06-26T23:03:17.857+0000] {dagbag.py:588} INFO - Filling up the DagBag from /home/airflow/.local/lib/python3.12/site-packages/airflow/example_dags/example_complex.py
[2025-06-26T23:03:17.865+0000] {processor.py:925} INFO - DAG(s) 'example_complex' retrieved from /home/airflow/.local/lib/python3.12/site-packages/airflow/example_dags/example_complex.py
[2025-06-26T23:03:17.892+0000] {logging_mixin.py:190} INFO - [2025-06-26T23:03:17.892+0000] {dag.py:3239} INFO - Sync 1 DAGs
[2025-06-26T23:03:17.908+0000] {logging_mixin.py:190} INFO - [2025-06-26T23:03:17.907+0000] {dag.py:4180} INFO - Setting next_dagrun for example_complex to None, run_after=None
[2025-06-26T23:03:17.921+0000] {processor.py:208} INFO - Processing /home/airflow/.local/lib/python3.12/site-packages/airflow/example_dags/example_complex.py took 0.072 seconds
[2025-06-26T23:03:48.214+0000] {processor.py:186} INFO - Started process (PID=980) to work on /home/airflow/.local/lib/python3.12/site-packages/airflow/example_dags/example_complex.py
[2025-06-26T23:03:48.218+0000] {processor.py:914} INFO - Processing file /home/airflow/.local/lib/python3.12/site-packages/airflow/example_dags/example_complex.py for tasks to queue
[2025-06-26T23:03:48.228+0000] {logging_mixin.py:190} INFO - [2025-06-26T23:03:48.224+0000] {dagbag.py:588} INFO - Filling up the DagBag from /home/airflow/.local/lib/python3.12/site-packages/airflow/example_dags/example_complex.py
[2025-06-26T23:03:48.268+0000] {processor.py:925} INFO - DAG(s) 'example_complex' retrieved from /home/airflow/.local/lib/python3.12/site-packages/airflow/example_dags/example_complex.py
[2025-06-26T23:03:48.366+0000] {logging_mixin.py:190} INFO - [2025-06-26T23:03:48.365+0000] {dag.py:3239} INFO - Sync 1 DAGs
[2025-06-26T23:03:48.389+0000] {logging_mixin.py:190} INFO - [2025-06-26T23:03:48.389+0000] {dag.py:4180} INFO - Setting next_dagrun for example_complex to None, run_after=None
[2025-06-26T23:03:48.407+0000] {processor.py:208} INFO - Processing /home/airflow/.local/lib/python3.12/site-packages/airflow/example_dags/example_complex.py took 0.213 seconds
[2025-06-26T23:04:33.633+0000] {processor.py:186} INFO - Started process (PID=999) to work on /home/airflow/.local/lib/python3.12/site-packages/airflow/example_dags/example_complex.py
[2025-06-26T23:04:33.634+0000] {processor.py:914} INFO - Processing file /home/airflow/.local/lib/python3.12/site-packages/airflow/example_dags/example_complex.py for tasks to queue
[2025-06-26T23:04:33.636+0000] {logging_mixin.py:190} INFO - [2025-06-26T23:04:33.636+0000] {dagbag.py:588} INFO - Filling up the DagBag from /home/airflow/.local/lib/python3.12/site-packages/airflow/example_dags/example_complex.py
[2025-06-26T23:04:33.653+0000] {processor.py:925} INFO - DAG(s) 'example_complex' retrieved from /home/airflow/.local/lib/python3.12/site-packages/airflow/example_dags/example_complex.py
[2025-06-26T23:04:33.694+0000] {logging_mixin.py:190} INFO - [2025-06-26T23:04:33.693+0000] {dag.py:3239} INFO - Sync 1 DAGs
[2025-06-26T23:04:33.710+0000] {logging_mixin.py:190} INFO - [2025-06-26T23:04:33.710+0000] {dag.py:4180} INFO - Setting next_dagrun for example_complex to None, run_after=None
[2025-06-26T23:04:33.743+0000] {processor.py:208} INFO - Processing /home/airflow/.local/lib/python3.12/site-packages/airflow/example_dags/example_complex.py took 0.121 seconds
[2025-06-26T23:05:09.762+0000] {processor.py:186} INFO - Started process (PID=1057) to work on /home/airflow/.local/lib/python3.12/site-packages/airflow/example_dags/example_complex.py
[2025-06-26T23:05:09.764+0000] {processor.py:914} INFO - Processing file /home/airflow/.local/lib/python3.12/site-packages/airflow/example_dags/example_complex.py for tasks to queue
[2025-06-26T23:05:09.779+0000] {logging_mixin.py:190} INFO - [2025-06-26T23:05:09.778+0000] {dagbag.py:588} INFO - Filling up the DagBag from /home/airflow/.local/lib/python3.12/site-packages/airflow/example_dags/example_complex.py
[2025-06-26T23:05:09.802+0000] {processor.py:925} INFO - DAG(s) 'example_complex' retrieved from /home/airflow/.local/lib/python3.12/site-packages/airflow/example_dags/example_complex.py
[2025-06-26T23:05:09.837+0000] {logging_mixin.py:190} INFO - [2025-06-26T23:05:09.836+0000] {dag.py:3239} INFO - Sync 1 DAGs
[2025-06-26T23:05:09.856+0000] {logging_mixin.py:190} INFO - [2025-06-26T23:05:09.856+0000] {dag.py:4180} INFO - Setting next_dagrun for example_complex to None, run_after=None
[2025-06-26T23:05:09.875+0000] {processor.py:208} INFO - Processing /home/airflow/.local/lib/python3.12/site-packages/airflow/example_dags/example_complex.py took 0.120 seconds
[2025-06-26T23:05:40.997+0000] {processor.py:186} INFO - Started process (PID=1119) to work on /home/airflow/.local/lib/python3.12/site-packages/airflow/example_dags/example_complex.py
[2025-06-26T23:05:41.000+0000] {processor.py:914} INFO - Processing file /home/airflow/.local/lib/python3.12/site-packages/airflow/example_dags/example_complex.py for tasks to queue
[2025-06-26T23:05:41.001+0000] {logging_mixin.py:190} INFO - [2025-06-26T23:05:41.001+0000] {dagbag.py:588} INFO - Filling up the DagBag from /home/airflow/.local/lib/python3.12/site-packages/airflow/example_dags/example_complex.py
[2025-06-26T23:05:41.017+0000] {processor.py:925} INFO - DAG(s) 'example_complex' retrieved from /home/airflow/.local/lib/python3.12/site-packages/airflow/example_dags/example_complex.py
[2025-06-26T23:05:41.048+0000] {logging_mixin.py:190} INFO - [2025-06-26T23:05:41.047+0000] {dag.py:3239} INFO - Sync 1 DAGs
[2025-06-26T23:05:41.069+0000] {logging_mixin.py:190} INFO - [2025-06-26T23:05:41.069+0000] {dag.py:4180} INFO - Setting next_dagrun for example_complex to None, run_after=None
[2025-06-26T23:05:41.084+0000] {processor.py:208} INFO - Processing /home/airflow/.local/lib/python3.12/site-packages/airflow/example_dags/example_complex.py took 0.091 seconds
[2025-06-26T23:06:11.355+0000] {processor.py:186} INFO - Started process (PID=1175) to work on /home/airflow/.local/lib/python3.12/site-packages/airflow/example_dags/example_complex.py
[2025-06-26T23:06:11.358+0000] {processor.py:914} INFO - Processing file /home/airflow/.local/lib/python3.12/site-packages/airflow/example_dags/example_complex.py for tasks to queue
[2025-06-26T23:06:11.362+0000] {logging_mixin.py:190} INFO - [2025-06-26T23:06:11.362+0000] {dagbag.py:588} INFO - Filling up the DagBag from /home/airflow/.local/lib/python3.12/site-packages/airflow/example_dags/example_complex.py
[2025-06-26T23:06:11.372+0000] {processor.py:925} INFO - DAG(s) 'example_complex' retrieved from /home/airflow/.local/lib/python3.12/site-packages/airflow/example_dags/example_complex.py
[2025-06-26T23:06:11.402+0000] {logging_mixin.py:190} INFO - [2025-06-26T23:06:11.402+0000] {dag.py:3239} INFO - Sync 1 DAGs
[2025-06-26T23:06:11.422+0000] {logging_mixin.py:190} INFO - [2025-06-26T23:06:11.422+0000] {dag.py:4180} INFO - Setting next_dagrun for example_complex to None, run_after=None
[2025-06-26T23:06:11.442+0000] {processor.py:208} INFO - Processing /home/airflow/.local/lib/python3.12/site-packages/airflow/example_dags/example_complex.py took 0.092 seconds
[2025-06-26T23:06:44.090+0000] {processor.py:186} INFO - Started process (PID=1243) to work on /home/airflow/.local/lib/python3.12/site-packages/airflow/example_dags/example_complex.py
[2025-06-26T23:06:44.092+0000] {processor.py:914} INFO - Processing file /home/airflow/.local/lib/python3.12/site-packages/airflow/example_dags/example_complex.py for tasks to queue
[2025-06-26T23:06:44.094+0000] {logging_mixin.py:190} INFO - [2025-06-26T23:06:44.093+0000] {dagbag.py:588} INFO - Filling up the DagBag from /home/airflow/.local/lib/python3.12/site-packages/airflow/example_dags/example_complex.py
[2025-06-26T23:06:44.101+0000] {processor.py:925} INFO - DAG(s) 'example_complex' retrieved from /home/airflow/.local/lib/python3.12/site-packages/airflow/example_dags/example_complex.py
[2025-06-26T23:06:44.129+0000] {logging_mixin.py:190} INFO - [2025-06-26T23:06:44.129+0000] {dag.py:3239} INFO - Sync 1 DAGs
[2025-06-26T23:06:44.139+0000] {logging_mixin.py:190} INFO - [2025-06-26T23:06:44.138+0000] {dag.py:4180} INFO - Setting next_dagrun for example_complex to None, run_after=None
[2025-06-26T23:06:44.150+0000] {processor.py:208} INFO - Processing /home/airflow/.local/lib/python3.12/site-packages/airflow/example_dags/example_complex.py took 0.066 seconds
[2025-06-26T23:07:14.613+0000] {processor.py:186} INFO - Started process (PID=1305) to work on /home/airflow/.local/lib/python3.12/site-packages/airflow/example_dags/example_complex.py
[2025-06-26T23:07:14.618+0000] {processor.py:914} INFO - Processing file /home/airflow/.local/lib/python3.12/site-packages/airflow/example_dags/example_complex.py for tasks to queue
[2025-06-26T23:07:14.629+0000] {logging_mixin.py:190} INFO - [2025-06-26T23:07:14.629+0000] {dagbag.py:588} INFO - Filling up the DagBag from /home/airflow/.local/lib/python3.12/site-packages/airflow/example_dags/example_complex.py
[2025-06-26T23:07:14.658+0000] {processor.py:925} INFO - DAG(s) 'example_complex' retrieved from /home/airflow/.local/lib/python3.12/site-packages/airflow/example_dags/example_complex.py
[2025-06-26T23:07:14.723+0000] {logging_mixin.py:190} INFO - [2025-06-26T23:07:14.722+0000] {dag.py:3239} INFO - Sync 1 DAGs
[2025-06-26T23:07:14.763+0000] {logging_mixin.py:190} INFO - [2025-06-26T23:07:14.763+0000] {dag.py:4180} INFO - Setting next_dagrun for example_complex to None, run_after=None
[2025-06-26T23:07:14.806+0000] {processor.py:208} INFO - Processing /home/airflow/.local/lib/python3.12/site-packages/airflow/example_dags/example_complex.py took 0.202 seconds
