[2025-06-26T22:55:46.218+0000] {processor.py:186} INFO - Started process (PID=105) to work on /home/airflow/.local/lib/python3.12/site-packages/airflow/example_dags/tutorial_dag.py
[2025-06-26T22:55:46.221+0000] {processor.py:914} INFO - Processing file /home/airflow/.local/lib/python3.12/site-packages/airflow/example_dags/tutorial_dag.py for tasks to queue
[2025-06-26T22:55:46.224+0000] {logging_mixin.py:190} INFO - [2025-06-26T22:55:46.224+0000] {dagbag.py:588} INFO - Filling up the DagBag from /home/airflow/.local/lib/python3.12/site-packages/airflow/example_dags/tutorial_dag.py
[2025-06-26T22:55:46.245+0000] {processor.py:925} INFO - DAG(s) 'tutorial_dag' retrieved from /home/airflow/.local/lib/python3.12/site-packages/airflow/example_dags/tutorial_dag.py
[2025-06-26T22:55:46.484+0000] {logging_mixin.py:190} INFO - [2025-06-26T22:55:46.481+0000] {override.py:1900} INFO - Created Permission View: can read on DAG:tutorial_dag
[2025-06-26T22:55:46.499+0000] {logging_mixin.py:190} INFO - [2025-06-26T22:55:46.499+0000] {override.py:1900} INFO - Created Permission View: can delete on DAG:tutorial_dag
[2025-06-26T22:55:46.509+0000] {logging_mixin.py:190} INFO - [2025-06-26T22:55:46.508+0000] {override.py:1900} INFO - Created Permission View: can edit on DAG:tutorial_dag
[2025-06-26T22:55:46.522+0000] {logging_mixin.py:190} INFO - [2025-06-26T22:55:46.521+0000] {override.py:1900} INFO - Created Permission View: can read on DAG Run:tutorial_dag
[2025-06-26T22:55:46.531+0000] {logging_mixin.py:190} INFO - [2025-06-26T22:55:46.531+0000] {override.py:1900} INFO - Created Permission View: menu access on DAG Run:tutorial_dag
[2025-06-26T22:55:46.547+0000] {logging_mixin.py:190} INFO - [2025-06-26T22:55:46.547+0000] {override.py:1900} INFO - Created Permission View: can delete on DAG Run:tutorial_dag
[2025-06-26T22:55:46.563+0000] {logging_mixin.py:190} INFO - [2025-06-26T22:55:46.563+0000] {override.py:1900} INFO - Created Permission View: can create on DAG Run:tutorial_dag
[2025-06-26T22:55:46.563+0000] {logging_mixin.py:190} INFO - [2025-06-26T22:55:46.563+0000] {dag.py:3239} INFO - Sync 1 DAGs
[2025-06-26T22:55:46.584+0000] {logging_mixin.py:190} INFO - [2025-06-26T22:55:46.584+0000] {dag.py:3262} INFO - Creating ORM DAG for tutorial_dag
[2025-06-26T22:55:46.586+0000] {logging_mixin.py:190} INFO - [2025-06-26T22:55:46.585+0000] {dag.py:4180} INFO - Setting next_dagrun for tutorial_dag to None, run_after=None
[2025-06-26T22:55:46.617+0000] {processor.py:208} INFO - Processing /home/airflow/.local/lib/python3.12/site-packages/airflow/example_dags/tutorial_dag.py took 0.413 seconds
[2025-06-26T22:56:16.710+0000] {processor.py:186} INFO - Started process (PID=167) to work on /home/airflow/.local/lib/python3.12/site-packages/airflow/example_dags/tutorial_dag.py
[2025-06-26T22:56:16.711+0000] {processor.py:914} INFO - Processing file /home/airflow/.local/lib/python3.12/site-packages/airflow/example_dags/tutorial_dag.py for tasks to queue
[2025-06-26T22:56:16.714+0000] {logging_mixin.py:190} INFO - [2025-06-26T22:56:16.714+0000] {dagbag.py:588} INFO - Filling up the DagBag from /home/airflow/.local/lib/python3.12/site-packages/airflow/example_dags/tutorial_dag.py
[2025-06-26T22:56:16.724+0000] {processor.py:925} INFO - DAG(s) 'tutorial_dag' retrieved from /home/airflow/.local/lib/python3.12/site-packages/airflow/example_dags/tutorial_dag.py
[2025-06-26T22:56:16.747+0000] {logging_mixin.py:190} INFO - [2025-06-26T22:56:16.747+0000] {dag.py:3239} INFO - Sync 1 DAGs
[2025-06-26T22:56:16.760+0000] {logging_mixin.py:190} INFO - [2025-06-26T22:56:16.759+0000] {dag.py:4180} INFO - Setting next_dagrun for tutorial_dag to None, run_after=None
[2025-06-26T22:56:16.776+0000] {processor.py:208} INFO - Processing /home/airflow/.local/lib/python3.12/site-packages/airflow/example_dags/tutorial_dag.py took 0.079 seconds
[2025-06-26T22:56:47.717+0000] {processor.py:186} INFO - Started process (PID=229) to work on /home/airflow/.local/lib/python3.12/site-packages/airflow/example_dags/tutorial_dag.py
[2025-06-26T22:56:47.720+0000] {processor.py:914} INFO - Processing file /home/airflow/.local/lib/python3.12/site-packages/airflow/example_dags/tutorial_dag.py for tasks to queue
[2025-06-26T22:56:47.726+0000] {logging_mixin.py:190} INFO - [2025-06-26T22:56:47.725+0000] {dagbag.py:588} INFO - Filling up the DagBag from /home/airflow/.local/lib/python3.12/site-packages/airflow/example_dags/tutorial_dag.py
[2025-06-26T22:56:47.754+0000] {processor.py:925} INFO - DAG(s) 'tutorial_dag' retrieved from /home/airflow/.local/lib/python3.12/site-packages/airflow/example_dags/tutorial_dag.py
[2025-06-26T22:56:47.806+0000] {logging_mixin.py:190} INFO - [2025-06-26T22:56:47.806+0000] {dag.py:3239} INFO - Sync 1 DAGs
[2025-06-26T22:56:47.832+0000] {logging_mixin.py:190} INFO - [2025-06-26T22:56:47.831+0000] {dag.py:4180} INFO - Setting next_dagrun for tutorial_dag to None, run_after=None
[2025-06-26T22:56:47.873+0000] {processor.py:208} INFO - Processing /home/airflow/.local/lib/python3.12/site-packages/airflow/example_dags/tutorial_dag.py took 0.166 seconds
[2025-06-26T22:57:19.401+0000] {processor.py:186} INFO - Started process (PID=291) to work on /home/airflow/.local/lib/python3.12/site-packages/airflow/example_dags/tutorial_dag.py
[2025-06-26T22:57:19.406+0000] {processor.py:914} INFO - Processing file /home/airflow/.local/lib/python3.12/site-packages/airflow/example_dags/tutorial_dag.py for tasks to queue
[2025-06-26T22:57:19.412+0000] {logging_mixin.py:190} INFO - [2025-06-26T22:57:19.410+0000] {dagbag.py:588} INFO - Filling up the DagBag from /home/airflow/.local/lib/python3.12/site-packages/airflow/example_dags/tutorial_dag.py
[2025-06-26T22:57:19.438+0000] {processor.py:925} INFO - DAG(s) 'tutorial_dag' retrieved from /home/airflow/.local/lib/python3.12/site-packages/airflow/example_dags/tutorial_dag.py
[2025-06-26T22:57:19.476+0000] {logging_mixin.py:190} INFO - [2025-06-26T22:57:19.475+0000] {dag.py:3239} INFO - Sync 1 DAGs
[2025-06-26T22:57:19.500+0000] {logging_mixin.py:190} INFO - [2025-06-26T22:57:19.499+0000] {dag.py:4180} INFO - Setting next_dagrun for tutorial_dag to None, run_after=None
[2025-06-26T22:57:19.517+0000] {processor.py:208} INFO - Processing /home/airflow/.local/lib/python3.12/site-packages/airflow/example_dags/tutorial_dag.py took 0.126 seconds
[2025-06-26T22:58:15.974+0000] {processor.py:186} INFO - Started process (PID=363) to work on /home/airflow/.local/lib/python3.12/site-packages/airflow/example_dags/tutorial_dag.py
[2025-06-26T22:58:15.977+0000] {processor.py:914} INFO - Processing file /home/airflow/.local/lib/python3.12/site-packages/airflow/example_dags/tutorial_dag.py for tasks to queue
[2025-06-26T22:58:15.993+0000] {logging_mixin.py:190} INFO - [2025-06-26T22:58:15.989+0000] {dagbag.py:588} INFO - Filling up the DagBag from /home/airflow/.local/lib/python3.12/site-packages/airflow/example_dags/tutorial_dag.py
[2025-06-26T22:58:16.089+0000] {processor.py:925} INFO - DAG(s) 'tutorial_dag' retrieved from /home/airflow/.local/lib/python3.12/site-packages/airflow/example_dags/tutorial_dag.py
[2025-06-26T22:58:16.339+0000] {logging_mixin.py:190} INFO - [2025-06-26T22:58:16.338+0000] {dag.py:3239} INFO - Sync 1 DAGs
[2025-06-26T22:58:16.464+0000] {logging_mixin.py:190} INFO - [2025-06-26T22:58:16.462+0000] {dag.py:4180} INFO - Setting next_dagrun for tutorial_dag to None, run_after=None
[2025-06-26T22:58:16.561+0000] {processor.py:208} INFO - Processing /home/airflow/.local/lib/python3.12/site-packages/airflow/example_dags/tutorial_dag.py took 0.649 seconds
[2025-06-26T22:59:02.959+0000] {processor.py:186} INFO - Started process (PID=436) to work on /home/airflow/.local/lib/python3.12/site-packages/airflow/example_dags/tutorial_dag.py
[2025-06-26T22:59:02.960+0000] {processor.py:914} INFO - Processing file /home/airflow/.local/lib/python3.12/site-packages/airflow/example_dags/tutorial_dag.py for tasks to queue
[2025-06-26T22:59:02.966+0000] {logging_mixin.py:190} INFO - [2025-06-26T22:59:02.965+0000] {dagbag.py:588} INFO - Filling up the DagBag from /home/airflow/.local/lib/python3.12/site-packages/airflow/example_dags/tutorial_dag.py
[2025-06-26T22:59:02.988+0000] {processor.py:925} INFO - DAG(s) 'tutorial_dag' retrieved from /home/airflow/.local/lib/python3.12/site-packages/airflow/example_dags/tutorial_dag.py
[2025-06-26T22:59:03.027+0000] {logging_mixin.py:190} INFO - [2025-06-26T22:59:03.027+0000] {dag.py:3239} INFO - Sync 1 DAGs
[2025-06-26T22:59:03.055+0000] {logging_mixin.py:190} INFO - [2025-06-26T22:59:03.054+0000] {dag.py:4180} INFO - Setting next_dagrun for tutorial_dag to None, run_after=None
[2025-06-26T22:59:03.086+0000] {processor.py:208} INFO - Processing /home/airflow/.local/lib/python3.12/site-packages/airflow/example_dags/tutorial_dag.py took 0.133 seconds
[2025-06-26T22:59:41.780+0000] {processor.py:186} INFO - Started process (PID=510) to work on /home/airflow/.local/lib/python3.12/site-packages/airflow/example_dags/tutorial_dag.py
[2025-06-26T22:59:41.785+0000] {processor.py:914} INFO - Processing file /home/airflow/.local/lib/python3.12/site-packages/airflow/example_dags/tutorial_dag.py for tasks to queue
[2025-06-26T22:59:41.789+0000] {logging_mixin.py:190} INFO - [2025-06-26T22:59:41.788+0000] {dagbag.py:588} INFO - Filling up the DagBag from /home/airflow/.local/lib/python3.12/site-packages/airflow/example_dags/tutorial_dag.py
[2025-06-26T22:59:41.805+0000] {processor.py:925} INFO - DAG(s) 'tutorial_dag' retrieved from /home/airflow/.local/lib/python3.12/site-packages/airflow/example_dags/tutorial_dag.py
[2025-06-26T22:59:41.861+0000] {logging_mixin.py:190} INFO - [2025-06-26T22:59:41.861+0000] {dag.py:3239} INFO - Sync 1 DAGs
[2025-06-26T22:59:41.888+0000] {logging_mixin.py:190} INFO - [2025-06-26T22:59:41.888+0000] {dag.py:4180} INFO - Setting next_dagrun for tutorial_dag to None, run_after=None
[2025-06-26T22:59:41.914+0000] {processor.py:208} INFO - Processing /home/airflow/.local/lib/python3.12/site-packages/airflow/example_dags/tutorial_dag.py took 0.139 seconds
[2025-06-26T23:00:12.605+0000] {processor.py:186} INFO - Started process (PID=572) to work on /home/airflow/.local/lib/python3.12/site-packages/airflow/example_dags/tutorial_dag.py
[2025-06-26T23:00:12.606+0000] {processor.py:914} INFO - Processing file /home/airflow/.local/lib/python3.12/site-packages/airflow/example_dags/tutorial_dag.py for tasks to queue
[2025-06-26T23:00:12.610+0000] {logging_mixin.py:190} INFO - [2025-06-26T23:00:12.609+0000] {dagbag.py:588} INFO - Filling up the DagBag from /home/airflow/.local/lib/python3.12/site-packages/airflow/example_dags/tutorial_dag.py
[2025-06-26T23:00:12.625+0000] {processor.py:925} INFO - DAG(s) 'tutorial_dag' retrieved from /home/airflow/.local/lib/python3.12/site-packages/airflow/example_dags/tutorial_dag.py
[2025-06-26T23:00:12.650+0000] {logging_mixin.py:190} INFO - [2025-06-26T23:00:12.649+0000] {dag.py:3239} INFO - Sync 1 DAGs
[2025-06-26T23:00:12.662+0000] {logging_mixin.py:190} INFO - [2025-06-26T23:00:12.661+0000] {dag.py:4180} INFO - Setting next_dagrun for tutorial_dag to None, run_after=None
[2025-06-26T23:00:12.673+0000] {processor.py:208} INFO - Processing /home/airflow/.local/lib/python3.12/site-packages/airflow/example_dags/tutorial_dag.py took 0.085 seconds
[2025-06-26T23:00:45.554+0000] {processor.py:186} INFO - Started process (PID=634) to work on /home/airflow/.local/lib/python3.12/site-packages/airflow/example_dags/tutorial_dag.py
[2025-06-26T23:00:45.555+0000] {processor.py:914} INFO - Processing file /home/airflow/.local/lib/python3.12/site-packages/airflow/example_dags/tutorial_dag.py for tasks to queue
[2025-06-26T23:00:45.558+0000] {logging_mixin.py:190} INFO - [2025-06-26T23:00:45.558+0000] {dagbag.py:588} INFO - Filling up the DagBag from /home/airflow/.local/lib/python3.12/site-packages/airflow/example_dags/tutorial_dag.py
[2025-06-26T23:00:45.567+0000] {processor.py:925} INFO - DAG(s) 'tutorial_dag' retrieved from /home/airflow/.local/lib/python3.12/site-packages/airflow/example_dags/tutorial_dag.py
[2025-06-26T23:00:45.583+0000] {logging_mixin.py:190} INFO - [2025-06-26T23:00:45.583+0000] {dag.py:3239} INFO - Sync 1 DAGs
[2025-06-26T23:00:45.594+0000] {logging_mixin.py:190} INFO - [2025-06-26T23:00:45.594+0000] {dag.py:4180} INFO - Setting next_dagrun for tutorial_dag to None, run_after=None
[2025-06-26T23:00:45.606+0000] {processor.py:208} INFO - Processing /home/airflow/.local/lib/python3.12/site-packages/airflow/example_dags/tutorial_dag.py took 0.059 seconds
[2025-06-26T23:01:17.947+0000] {processor.py:186} INFO - Started process (PID=696) to work on /home/airflow/.local/lib/python3.12/site-packages/airflow/example_dags/tutorial_dag.py
[2025-06-26T23:01:17.949+0000] {processor.py:914} INFO - Processing file /home/airflow/.local/lib/python3.12/site-packages/airflow/example_dags/tutorial_dag.py for tasks to queue
[2025-06-26T23:01:17.952+0000] {logging_mixin.py:190} INFO - [2025-06-26T23:01:17.951+0000] {dagbag.py:588} INFO - Filling up the DagBag from /home/airflow/.local/lib/python3.12/site-packages/airflow/example_dags/tutorial_dag.py
[2025-06-26T23:01:17.959+0000] {processor.py:925} INFO - DAG(s) 'tutorial_dag' retrieved from /home/airflow/.local/lib/python3.12/site-packages/airflow/example_dags/tutorial_dag.py
[2025-06-26T23:01:17.978+0000] {logging_mixin.py:190} INFO - [2025-06-26T23:01:17.978+0000] {dag.py:3239} INFO - Sync 1 DAGs
[2025-06-26T23:01:17.995+0000] {logging_mixin.py:190} INFO - [2025-06-26T23:01:17.995+0000] {dag.py:4180} INFO - Setting next_dagrun for tutorial_dag to None, run_after=None
[2025-06-26T23:01:18.020+0000] {processor.py:208} INFO - Processing /home/airflow/.local/lib/python3.12/site-packages/airflow/example_dags/tutorial_dag.py took 0.076 seconds
[2025-06-26T23:01:53.241+0000] {processor.py:186} INFO - Started process (PID=768) to work on /home/airflow/.local/lib/python3.12/site-packages/airflow/example_dags/tutorial_dag.py
[2025-06-26T23:01:53.242+0000] {processor.py:914} INFO - Processing file /home/airflow/.local/lib/python3.12/site-packages/airflow/example_dags/tutorial_dag.py for tasks to queue
[2025-06-26T23:01:53.244+0000] {logging_mixin.py:190} INFO - [2025-06-26T23:01:53.244+0000] {dagbag.py:588} INFO - Filling up the DagBag from /home/airflow/.local/lib/python3.12/site-packages/airflow/example_dags/tutorial_dag.py
[2025-06-26T23:01:53.268+0000] {processor.py:925} INFO - DAG(s) 'tutorial_dag' retrieved from /home/airflow/.local/lib/python3.12/site-packages/airflow/example_dags/tutorial_dag.py
[2025-06-26T23:01:53.299+0000] {logging_mixin.py:190} INFO - [2025-06-26T23:01:53.299+0000] {dag.py:3239} INFO - Sync 1 DAGs
[2025-06-26T23:01:53.318+0000] {logging_mixin.py:190} INFO - [2025-06-26T23:01:53.318+0000] {dag.py:4180} INFO - Setting next_dagrun for tutorial_dag to None, run_after=None
[2025-06-26T23:01:53.345+0000] {processor.py:208} INFO - Processing /home/airflow/.local/lib/python3.12/site-packages/airflow/example_dags/tutorial_dag.py took 0.110 seconds
[2025-06-26T23:02:23.960+0000] {processor.py:186} INFO - Started process (PID=830) to work on /home/airflow/.local/lib/python3.12/site-packages/airflow/example_dags/tutorial_dag.py
[2025-06-26T23:02:23.962+0000] {processor.py:914} INFO - Processing file /home/airflow/.local/lib/python3.12/site-packages/airflow/example_dags/tutorial_dag.py for tasks to queue
[2025-06-26T23:02:23.966+0000] {logging_mixin.py:190} INFO - [2025-06-26T23:02:23.966+0000] {dagbag.py:588} INFO - Filling up the DagBag from /home/airflow/.local/lib/python3.12/site-packages/airflow/example_dags/tutorial_dag.py
[2025-06-26T23:02:23.972+0000] {processor.py:925} INFO - DAG(s) 'tutorial_dag' retrieved from /home/airflow/.local/lib/python3.12/site-packages/airflow/example_dags/tutorial_dag.py
[2025-06-26T23:02:23.985+0000] {logging_mixin.py:190} INFO - [2025-06-26T23:02:23.985+0000] {dag.py:3239} INFO - Sync 1 DAGs
[2025-06-26T23:02:23.996+0000] {logging_mixin.py:190} INFO - [2025-06-26T23:02:23.996+0000] {dag.py:4180} INFO - Setting next_dagrun for tutorial_dag to None, run_after=None
[2025-06-26T23:02:24.005+0000] {processor.py:208} INFO - Processing /home/airflow/.local/lib/python3.12/site-packages/airflow/example_dags/tutorial_dag.py took 0.051 seconds
[2025-06-26T23:02:56.714+0000] {processor.py:186} INFO - Started process (PID=892) to work on /home/airflow/.local/lib/python3.12/site-packages/airflow/example_dags/tutorial_dag.py
[2025-06-26T23:02:56.718+0000] {processor.py:914} INFO - Processing file /home/airflow/.local/lib/python3.12/site-packages/airflow/example_dags/tutorial_dag.py for tasks to queue
[2025-06-26T23:02:56.904+0000] {logging_mixin.py:190} INFO - [2025-06-26T23:02:56.898+0000] {dagbag.py:588} INFO - Filling up the DagBag from /home/airflow/.local/lib/python3.12/site-packages/airflow/example_dags/tutorial_dag.py
[2025-06-26T23:02:57.050+0000] {processor.py:925} INFO - DAG(s) 'tutorial_dag' retrieved from /home/airflow/.local/lib/python3.12/site-packages/airflow/example_dags/tutorial_dag.py
[2025-06-26T23:02:57.170+0000] {logging_mixin.py:190} INFO - [2025-06-26T23:02:57.170+0000] {dag.py:3239} INFO - Sync 1 DAGs
[2025-06-26T23:02:57.208+0000] {logging_mixin.py:190} INFO - [2025-06-26T23:02:57.208+0000] {dag.py:4180} INFO - Setting next_dagrun for tutorial_dag to None, run_after=None
[2025-06-26T23:02:57.247+0000] {processor.py:208} INFO - Processing /home/airflow/.local/lib/python3.12/site-packages/airflow/example_dags/tutorial_dag.py took 0.537 seconds
[2025-06-26T23:03:43.199+0000] {processor.py:186} INFO - Started process (PID=954) to work on /home/airflow/.local/lib/python3.12/site-packages/airflow/example_dags/tutorial_dag.py
[2025-06-26T23:03:43.201+0000] {processor.py:914} INFO - Processing file /home/airflow/.local/lib/python3.12/site-packages/airflow/example_dags/tutorial_dag.py for tasks to queue
[2025-06-26T23:03:43.203+0000] {logging_mixin.py:190} INFO - [2025-06-26T23:03:43.203+0000] {dagbag.py:588} INFO - Filling up the DagBag from /home/airflow/.local/lib/python3.12/site-packages/airflow/example_dags/tutorial_dag.py
[2025-06-26T23:03:43.214+0000] {processor.py:925} INFO - DAG(s) 'tutorial_dag' retrieved from /home/airflow/.local/lib/python3.12/site-packages/airflow/example_dags/tutorial_dag.py
[2025-06-26T23:03:43.235+0000] {logging_mixin.py:190} INFO - [2025-06-26T23:03:43.235+0000] {dag.py:3239} INFO - Sync 1 DAGs
[2025-06-26T23:03:43.254+0000] {logging_mixin.py:190} INFO - [2025-06-26T23:03:43.254+0000] {dag.py:4180} INFO - Setting next_dagrun for tutorial_dag to None, run_after=None
[2025-06-26T23:03:43.274+0000] {processor.py:208} INFO - Processing /home/airflow/.local/lib/python3.12/site-packages/airflow/example_dags/tutorial_dag.py took 0.084 seconds
[2025-06-26T23:04:35.698+0000] {processor.py:186} INFO - Started process (PID=1027) to work on /home/airflow/.local/lib/python3.12/site-packages/airflow/example_dags/tutorial_dag.py
[2025-06-26T23:04:35.700+0000] {processor.py:914} INFO - Processing file /home/airflow/.local/lib/python3.12/site-packages/airflow/example_dags/tutorial_dag.py for tasks to queue
[2025-06-26T23:04:35.702+0000] {logging_mixin.py:190} INFO - [2025-06-26T23:04:35.702+0000] {dagbag.py:588} INFO - Filling up the DagBag from /home/airflow/.local/lib/python3.12/site-packages/airflow/example_dags/tutorial_dag.py
[2025-06-26T23:04:35.709+0000] {processor.py:925} INFO - DAG(s) 'tutorial_dag' retrieved from /home/airflow/.local/lib/python3.12/site-packages/airflow/example_dags/tutorial_dag.py
[2025-06-26T23:04:35.720+0000] {logging_mixin.py:190} INFO - [2025-06-26T23:04:35.720+0000] {dag.py:3239} INFO - Sync 1 DAGs
[2025-06-26T23:04:35.731+0000] {logging_mixin.py:190} INFO - [2025-06-26T23:04:35.730+0000] {dag.py:4180} INFO - Setting next_dagrun for tutorial_dag to None, run_after=None
[2025-06-26T23:04:35.742+0000] {processor.py:208} INFO - Processing /home/airflow/.local/lib/python3.12/site-packages/airflow/example_dags/tutorial_dag.py took 0.049 seconds
[2025-06-26T23:05:12.572+0000] {processor.py:186} INFO - Started process (PID=1088) to work on /home/airflow/.local/lib/python3.12/site-packages/airflow/example_dags/tutorial_dag.py
[2025-06-26T23:05:12.572+0000] {processor.py:914} INFO - Processing file /home/airflow/.local/lib/python3.12/site-packages/airflow/example_dags/tutorial_dag.py for tasks to queue
[2025-06-26T23:05:12.574+0000] {logging_mixin.py:190} INFO - [2025-06-26T23:05:12.574+0000] {dagbag.py:588} INFO - Filling up the DagBag from /home/airflow/.local/lib/python3.12/site-packages/airflow/example_dags/tutorial_dag.py
[2025-06-26T23:05:12.584+0000] {processor.py:925} INFO - DAG(s) 'tutorial_dag' retrieved from /home/airflow/.local/lib/python3.12/site-packages/airflow/example_dags/tutorial_dag.py
[2025-06-26T23:05:12.600+0000] {logging_mixin.py:190} INFO - [2025-06-26T23:05:12.600+0000] {dag.py:3239} INFO - Sync 1 DAGs
[2025-06-26T23:05:12.613+0000] {logging_mixin.py:190} INFO - [2025-06-26T23:05:12.613+0000] {dag.py:4180} INFO - Setting next_dagrun for tutorial_dag to None, run_after=None
[2025-06-26T23:05:12.625+0000] {processor.py:208} INFO - Processing /home/airflow/.local/lib/python3.12/site-packages/airflow/example_dags/tutorial_dag.py took 0.059 seconds
[2025-06-26T23:05:43.502+0000] {processor.py:186} INFO - Started process (PID=1150) to work on /home/airflow/.local/lib/python3.12/site-packages/airflow/example_dags/tutorial_dag.py
[2025-06-26T23:05:43.503+0000] {processor.py:914} INFO - Processing file /home/airflow/.local/lib/python3.12/site-packages/airflow/example_dags/tutorial_dag.py for tasks to queue
[2025-06-26T23:05:43.505+0000] {logging_mixin.py:190} INFO - [2025-06-26T23:05:43.505+0000] {dagbag.py:588} INFO - Filling up the DagBag from /home/airflow/.local/lib/python3.12/site-packages/airflow/example_dags/tutorial_dag.py
[2025-06-26T23:05:43.514+0000] {processor.py:925} INFO - DAG(s) 'tutorial_dag' retrieved from /home/airflow/.local/lib/python3.12/site-packages/airflow/example_dags/tutorial_dag.py
[2025-06-26T23:05:43.542+0000] {logging_mixin.py:190} INFO - [2025-06-26T23:05:43.542+0000] {dag.py:3239} INFO - Sync 1 DAGs
[2025-06-26T23:05:43.553+0000] {logging_mixin.py:190} INFO - [2025-06-26T23:05:43.553+0000] {dag.py:4180} INFO - Setting next_dagrun for tutorial_dag to None, run_after=None
[2025-06-26T23:05:43.566+0000] {processor.py:208} INFO - Processing /home/airflow/.local/lib/python3.12/site-packages/airflow/example_dags/tutorial_dag.py took 0.074 seconds
[2025-06-26T23:06:19.921+0000] {processor.py:186} INFO - Started process (PID=1212) to work on /home/airflow/.local/lib/python3.12/site-packages/airflow/example_dags/tutorial_dag.py
[2025-06-26T23:06:19.924+0000] {processor.py:914} INFO - Processing file /home/airflow/.local/lib/python3.12/site-packages/airflow/example_dags/tutorial_dag.py for tasks to queue
[2025-06-26T23:06:19.929+0000] {logging_mixin.py:190} INFO - [2025-06-26T23:06:19.929+0000] {dagbag.py:588} INFO - Filling up the DagBag from /home/airflow/.local/lib/python3.12/site-packages/airflow/example_dags/tutorial_dag.py
[2025-06-26T23:06:19.945+0000] {processor.py:925} INFO - DAG(s) 'tutorial_dag' retrieved from /home/airflow/.local/lib/python3.12/site-packages/airflow/example_dags/tutorial_dag.py
[2025-06-26T23:06:19.968+0000] {logging_mixin.py:190} INFO - [2025-06-26T23:06:19.967+0000] {dag.py:3239} INFO - Sync 1 DAGs
[2025-06-26T23:06:19.987+0000] {logging_mixin.py:190} INFO - [2025-06-26T23:06:19.986+0000] {dag.py:4180} INFO - Setting next_dagrun for tutorial_dag to None, run_after=None
[2025-06-26T23:06:20.008+0000] {processor.py:208} INFO - Processing /home/airflow/.local/lib/python3.12/site-packages/airflow/example_dags/tutorial_dag.py took 0.096 seconds
[2025-06-26T23:06:51.029+0000] {processor.py:186} INFO - Started process (PID=1274) to work on /home/airflow/.local/lib/python3.12/site-packages/airflow/example_dags/tutorial_dag.py
[2025-06-26T23:06:51.030+0000] {processor.py:914} INFO - Processing file /home/airflow/.local/lib/python3.12/site-packages/airflow/example_dags/tutorial_dag.py for tasks to queue
[2025-06-26T23:06:51.032+0000] {logging_mixin.py:190} INFO - [2025-06-26T23:06:51.032+0000] {dagbag.py:588} INFO - Filling up the DagBag from /home/airflow/.local/lib/python3.12/site-packages/airflow/example_dags/tutorial_dag.py
[2025-06-26T23:06:51.039+0000] {processor.py:925} INFO - DAG(s) 'tutorial_dag' retrieved from /home/airflow/.local/lib/python3.12/site-packages/airflow/example_dags/tutorial_dag.py
[2025-06-26T23:06:51.052+0000] {logging_mixin.py:190} INFO - [2025-06-26T23:06:51.051+0000] {dag.py:3239} INFO - Sync 1 DAGs
[2025-06-26T23:06:51.060+0000] {logging_mixin.py:190} INFO - [2025-06-26T23:06:51.060+0000] {dag.py:4180} INFO - Setting next_dagrun for tutorial_dag to None, run_after=None
[2025-06-26T23:06:51.070+0000] {processor.py:208} INFO - Processing /home/airflow/.local/lib/python3.12/site-packages/airflow/example_dags/tutorial_dag.py took 0.044 seconds
[2025-06-26T23:07:22.407+0000] {processor.py:186} INFO - Started process (PID=1336) to work on /home/airflow/.local/lib/python3.12/site-packages/airflow/example_dags/tutorial_dag.py
[2025-06-26T23:07:22.409+0000] {processor.py:914} INFO - Processing file /home/airflow/.local/lib/python3.12/site-packages/airflow/example_dags/tutorial_dag.py for tasks to queue
[2025-06-26T23:07:22.412+0000] {logging_mixin.py:190} INFO - [2025-06-26T23:07:22.412+0000] {dagbag.py:588} INFO - Filling up the DagBag from /home/airflow/.local/lib/python3.12/site-packages/airflow/example_dags/tutorial_dag.py
[2025-06-26T23:07:22.427+0000] {processor.py:925} INFO - DAG(s) 'tutorial_dag' retrieved from /home/airflow/.local/lib/python3.12/site-packages/airflow/example_dags/tutorial_dag.py
[2025-06-26T23:07:22.452+0000] {logging_mixin.py:190} INFO - [2025-06-26T23:07:22.452+0000] {dag.py:3239} INFO - Sync 1 DAGs
[2025-06-26T23:07:22.462+0000] {logging_mixin.py:190} INFO - [2025-06-26T23:07:22.462+0000] {dag.py:4180} INFO - Setting next_dagrun for tutorial_dag to None, run_after=None
[2025-06-26T23:07:22.479+0000] {processor.py:208} INFO - Processing /home/airflow/.local/lib/python3.12/site-packages/airflow/example_dags/tutorial_dag.py took 0.088 seconds
