[2025-06-26T22:55:48.016+0000] {processor.py:186} INFO - Started process (PID=110) to work on /home/airflow/.local/lib/python3.12/site-packages/airflow/example_dags/tutorial_objectstorage.py
[2025-06-26T22:55:48.023+0000] {processor.py:914} INFO - Processing file /home/airflow/.local/lib/python3.12/site-packages/airflow/example_dags/tutorial_objectstorage.py for tasks to queue
[2025-06-26T22:55:48.035+0000] {logging_mixin.py:190} INFO - [2025-06-26T22:55:48.029+0000] {dagbag.py:588} INFO - Filling up the DagBag from /home/airflow/.local/lib/python3.12/site-packages/airflow/example_dags/tutorial_objectstorage.py
[2025-06-26T22:55:48.083+0000] {processor.py:925} INFO - DAG(s) 'tutorial_objectstorage' retrieved from /home/airflow/.local/lib/python3.12/site-packages/airflow/example_dags/tutorial_objectstorage.py
[2025-06-26T22:55:48.314+0000] {logging_mixin.py:190} INFO - [2025-06-26T22:55:48.313+0000] {override.py:1900} INFO - Created Permission View: can read on DAG:tutorial_objectstorage
[2025-06-26T22:55:48.348+0000] {logging_mixin.py:190} INFO - [2025-06-26T22:55:48.347+0000] {override.py:1900} INFO - Created Permission View: can delete on DAG:tutorial_objectstorage
[2025-06-26T22:55:48.355+0000] {logging_mixin.py:190} INFO - [2025-06-26T22:55:48.354+0000] {override.py:1900} INFO - Created Permission View: can edit on DAG:tutorial_objectstorage
[2025-06-26T22:55:48.360+0000] {logging_mixin.py:190} INFO - [2025-06-26T22:55:48.360+0000] {override.py:1900} INFO - Created Permission View: can read on DAG Run:tutorial_objectstorage
[2025-06-26T22:55:48.368+0000] {logging_mixin.py:190} INFO - [2025-06-26T22:55:48.367+0000] {override.py:1900} INFO - Created Permission View: menu access on DAG Run:tutorial_objectstorage
[2025-06-26T22:55:48.382+0000] {logging_mixin.py:190} INFO - [2025-06-26T22:55:48.380+0000] {override.py:1900} INFO - Created Permission View: can delete on DAG Run:tutorial_objectstorage
[2025-06-26T22:55:48.395+0000] {logging_mixin.py:190} INFO - [2025-06-26T22:55:48.395+0000] {override.py:1900} INFO - Created Permission View: can create on DAG Run:tutorial_objectstorage
[2025-06-26T22:55:48.398+0000] {logging_mixin.py:190} INFO - [2025-06-26T22:55:48.397+0000] {dag.py:3239} INFO - Sync 1 DAGs
[2025-06-26T22:55:48.459+0000] {logging_mixin.py:190} INFO - [2025-06-26T22:55:48.458+0000] {dag.py:3262} INFO - Creating ORM DAG for tutorial_objectstorage
[2025-06-26T22:55:48.461+0000] {logging_mixin.py:190} INFO - [2025-06-26T22:55:48.461+0000] {dag.py:4180} INFO - Setting next_dagrun for tutorial_objectstorage to None, run_after=None
[2025-06-26T22:55:48.540+0000] {processor.py:208} INFO - Processing /home/airflow/.local/lib/python3.12/site-packages/airflow/example_dags/tutorial_objectstorage.py took 0.547 seconds
[2025-06-26T22:56:19.384+0000] {processor.py:186} INFO - Started process (PID=172) to work on /home/airflow/.local/lib/python3.12/site-packages/airflow/example_dags/tutorial_objectstorage.py
[2025-06-26T22:56:19.414+0000] {processor.py:914} INFO - Processing file /home/airflow/.local/lib/python3.12/site-packages/airflow/example_dags/tutorial_objectstorage.py for tasks to queue
[2025-06-26T22:56:19.433+0000] {logging_mixin.py:190} INFO - [2025-06-26T22:56:19.430+0000] {dagbag.py:588} INFO - Filling up the DagBag from /home/airflow/.local/lib/python3.12/site-packages/airflow/example_dags/tutorial_objectstorage.py
[2025-06-26T22:56:19.574+0000] {processor.py:925} INFO - DAG(s) 'tutorial_objectstorage' retrieved from /home/airflow/.local/lib/python3.12/site-packages/airflow/example_dags/tutorial_objectstorage.py
[2025-06-26T22:56:20.104+0000] {logging_mixin.py:190} INFO - [2025-06-26T22:56:20.098+0000] {dag.py:3239} INFO - Sync 1 DAGs
[2025-06-26T22:56:20.764+0000] {logging_mixin.py:190} INFO - [2025-06-26T22:56:20.753+0000] {dag.py:4180} INFO - Setting next_dagrun for tutorial_objectstorage to None, run_after=None
[2025-06-26T22:56:21.060+0000] {processor.py:208} INFO - Processing /home/airflow/.local/lib/python3.12/site-packages/airflow/example_dags/tutorial_objectstorage.py took 1.751 seconds
[2025-06-26T22:56:51.499+0000] {processor.py:186} INFO - Started process (PID=235) to work on /home/airflow/.local/lib/python3.12/site-packages/airflow/example_dags/tutorial_objectstorage.py
[2025-06-26T22:56:51.501+0000] {processor.py:914} INFO - Processing file /home/airflow/.local/lib/python3.12/site-packages/airflow/example_dags/tutorial_objectstorage.py for tasks to queue
[2025-06-26T22:56:51.507+0000] {logging_mixin.py:190} INFO - [2025-06-26T22:56:51.506+0000] {dagbag.py:588} INFO - Filling up the DagBag from /home/airflow/.local/lib/python3.12/site-packages/airflow/example_dags/tutorial_objectstorage.py
[2025-06-26T22:56:51.574+0000] {processor.py:925} INFO - DAG(s) 'tutorial_objectstorage' retrieved from /home/airflow/.local/lib/python3.12/site-packages/airflow/example_dags/tutorial_objectstorage.py
[2025-06-26T22:56:51.687+0000] {logging_mixin.py:190} INFO - [2025-06-26T22:56:51.687+0000] {dag.py:3239} INFO - Sync 1 DAGs
[2025-06-26T22:56:51.718+0000] {logging_mixin.py:190} INFO - [2025-06-26T22:56:51.718+0000] {dag.py:4180} INFO - Setting next_dagrun for tutorial_objectstorage to None, run_after=None
[2025-06-26T22:56:51.890+0000] {processor.py:208} INFO - Processing /home/airflow/.local/lib/python3.12/site-packages/airflow/example_dags/tutorial_objectstorage.py took 0.420 seconds
[2025-06-26T22:57:22.058+0000] {processor.py:186} INFO - Started process (PID=296) to work on /home/airflow/.local/lib/python3.12/site-packages/airflow/example_dags/tutorial_objectstorage.py
[2025-06-26T22:57:22.063+0000] {processor.py:914} INFO - Processing file /home/airflow/.local/lib/python3.12/site-packages/airflow/example_dags/tutorial_objectstorage.py for tasks to queue
[2025-06-26T22:57:22.082+0000] {logging_mixin.py:190} INFO - [2025-06-26T22:57:22.079+0000] {dagbag.py:588} INFO - Filling up the DagBag from /home/airflow/.local/lib/python3.12/site-packages/airflow/example_dags/tutorial_objectstorage.py
[2025-06-26T22:57:22.137+0000] {processor.py:925} INFO - DAG(s) 'tutorial_objectstorage' retrieved from /home/airflow/.local/lib/python3.12/site-packages/airflow/example_dags/tutorial_objectstorage.py
[2025-06-26T22:57:22.323+0000] {logging_mixin.py:190} INFO - [2025-06-26T22:57:22.322+0000] {dag.py:3239} INFO - Sync 1 DAGs
[2025-06-26T22:57:22.363+0000] {logging_mixin.py:190} INFO - [2025-06-26T22:57:22.363+0000] {dag.py:4180} INFO - Setting next_dagrun for tutorial_objectstorage to None, run_after=None
[2025-06-26T22:57:22.411+0000] {processor.py:208} INFO - Processing /home/airflow/.local/lib/python3.12/site-packages/airflow/example_dags/tutorial_objectstorage.py took 0.369 seconds
[2025-06-26T22:58:17.188+0000] {processor.py:186} INFO - Started process (PID=368) to work on /home/airflow/.local/lib/python3.12/site-packages/airflow/example_dags/tutorial_objectstorage.py
[2025-06-26T22:58:17.192+0000] {processor.py:914} INFO - Processing file /home/airflow/.local/lib/python3.12/site-packages/airflow/example_dags/tutorial_objectstorage.py for tasks to queue
[2025-06-26T22:58:17.205+0000] {logging_mixin.py:190} INFO - [2025-06-26T22:58:17.204+0000] {dagbag.py:588} INFO - Filling up the DagBag from /home/airflow/.local/lib/python3.12/site-packages/airflow/example_dags/tutorial_objectstorage.py
[2025-06-26T22:58:17.246+0000] {processor.py:925} INFO - DAG(s) 'tutorial_objectstorage' retrieved from /home/airflow/.local/lib/python3.12/site-packages/airflow/example_dags/tutorial_objectstorage.py
[2025-06-26T22:58:17.363+0000] {logging_mixin.py:190} INFO - [2025-06-26T22:58:17.363+0000] {dag.py:3239} INFO - Sync 1 DAGs
[2025-06-26T22:58:17.410+0000] {logging_mixin.py:190} INFO - [2025-06-26T22:58:17.410+0000] {dag.py:4180} INFO - Setting next_dagrun for tutorial_objectstorage to None, run_after=None
[2025-06-26T22:58:17.551+0000] {processor.py:208} INFO - Processing /home/airflow/.local/lib/python3.12/site-packages/airflow/example_dags/tutorial_objectstorage.py took 0.383 seconds
[2025-06-26T22:59:03.404+0000] {processor.py:186} INFO - Started process (PID=441) to work on /home/airflow/.local/lib/python3.12/site-packages/airflow/example_dags/tutorial_objectstorage.py
[2025-06-26T22:59:03.414+0000] {processor.py:914} INFO - Processing file /home/airflow/.local/lib/python3.12/site-packages/airflow/example_dags/tutorial_objectstorage.py for tasks to queue
[2025-06-26T22:59:03.417+0000] {logging_mixin.py:190} INFO - [2025-06-26T22:59:03.417+0000] {dagbag.py:588} INFO - Filling up the DagBag from /home/airflow/.local/lib/python3.12/site-packages/airflow/example_dags/tutorial_objectstorage.py
[2025-06-26T22:59:03.443+0000] {processor.py:925} INFO - DAG(s) 'tutorial_objectstorage' retrieved from /home/airflow/.local/lib/python3.12/site-packages/airflow/example_dags/tutorial_objectstorage.py
[2025-06-26T22:59:03.525+0000] {logging_mixin.py:190} INFO - [2025-06-26T22:59:03.522+0000] {dag.py:3239} INFO - Sync 1 DAGs
[2025-06-26T22:59:03.561+0000] {logging_mixin.py:190} INFO - [2025-06-26T22:59:03.561+0000] {dag.py:4180} INFO - Setting next_dagrun for tutorial_objectstorage to None, run_after=None
[2025-06-26T22:59:03.581+0000] {processor.py:208} INFO - Processing /home/airflow/.local/lib/python3.12/site-packages/airflow/example_dags/tutorial_objectstorage.py took 0.190 seconds
[2025-06-26T22:59:42.188+0000] {processor.py:186} INFO - Started process (PID=515) to work on /home/airflow/.local/lib/python3.12/site-packages/airflow/example_dags/tutorial_objectstorage.py
[2025-06-26T22:59:42.193+0000] {processor.py:914} INFO - Processing file /home/airflow/.local/lib/python3.12/site-packages/airflow/example_dags/tutorial_objectstorage.py for tasks to queue
[2025-06-26T22:59:42.196+0000] {logging_mixin.py:190} INFO - [2025-06-26T22:59:42.196+0000] {dagbag.py:588} INFO - Filling up the DagBag from /home/airflow/.local/lib/python3.12/site-packages/airflow/example_dags/tutorial_objectstorage.py
[2025-06-26T22:59:42.208+0000] {processor.py:925} INFO - DAG(s) 'tutorial_objectstorage' retrieved from /home/airflow/.local/lib/python3.12/site-packages/airflow/example_dags/tutorial_objectstorage.py
[2025-06-26T22:59:42.251+0000] {logging_mixin.py:190} INFO - [2025-06-26T22:59:42.251+0000] {dag.py:3239} INFO - Sync 1 DAGs
[2025-06-26T22:59:42.291+0000] {logging_mixin.py:190} INFO - [2025-06-26T22:59:42.290+0000] {dag.py:4180} INFO - Setting next_dagrun for tutorial_objectstorage to None, run_after=None
[2025-06-26T22:59:42.323+0000] {processor.py:208} INFO - Processing /home/airflow/.local/lib/python3.12/site-packages/airflow/example_dags/tutorial_objectstorage.py took 0.146 seconds
[2025-06-26T23:00:12.884+0000] {processor.py:186} INFO - Started process (PID=577) to work on /home/airflow/.local/lib/python3.12/site-packages/airflow/example_dags/tutorial_objectstorage.py
[2025-06-26T23:00:12.885+0000] {processor.py:914} INFO - Processing file /home/airflow/.local/lib/python3.12/site-packages/airflow/example_dags/tutorial_objectstorage.py for tasks to queue
[2025-06-26T23:00:12.887+0000] {logging_mixin.py:190} INFO - [2025-06-26T23:00:12.887+0000] {dagbag.py:588} INFO - Filling up the DagBag from /home/airflow/.local/lib/python3.12/site-packages/airflow/example_dags/tutorial_objectstorage.py
[2025-06-26T23:00:12.896+0000] {processor.py:925} INFO - DAG(s) 'tutorial_objectstorage' retrieved from /home/airflow/.local/lib/python3.12/site-packages/airflow/example_dags/tutorial_objectstorage.py
[2025-06-26T23:00:12.908+0000] {logging_mixin.py:190} INFO - [2025-06-26T23:00:12.908+0000] {dag.py:3239} INFO - Sync 1 DAGs
[2025-06-26T23:00:12.916+0000] {logging_mixin.py:190} INFO - [2025-06-26T23:00:12.916+0000] {dag.py:4180} INFO - Setting next_dagrun for tutorial_objectstorage to None, run_after=None
[2025-06-26T23:00:12.930+0000] {processor.py:208} INFO - Processing /home/airflow/.local/lib/python3.12/site-packages/airflow/example_dags/tutorial_objectstorage.py took 0.050 seconds
[2025-06-26T23:00:45.819+0000] {processor.py:186} INFO - Started process (PID=639) to work on /home/airflow/.local/lib/python3.12/site-packages/airflow/example_dags/tutorial_objectstorage.py
[2025-06-26T23:00:45.821+0000] {processor.py:914} INFO - Processing file /home/airflow/.local/lib/python3.12/site-packages/airflow/example_dags/tutorial_objectstorage.py for tasks to queue
[2025-06-26T23:00:45.830+0000] {logging_mixin.py:190} INFO - [2025-06-26T23:00:45.830+0000] {dagbag.py:588} INFO - Filling up the DagBag from /home/airflow/.local/lib/python3.12/site-packages/airflow/example_dags/tutorial_objectstorage.py
[2025-06-26T23:00:45.882+0000] {processor.py:925} INFO - DAG(s) 'tutorial_objectstorage' retrieved from /home/airflow/.local/lib/python3.12/site-packages/airflow/example_dags/tutorial_objectstorage.py
[2025-06-26T23:00:45.915+0000] {logging_mixin.py:190} INFO - [2025-06-26T23:00:45.915+0000] {dag.py:3239} INFO - Sync 1 DAGs
[2025-06-26T23:00:45.926+0000] {logging_mixin.py:190} INFO - [2025-06-26T23:00:45.926+0000] {dag.py:4180} INFO - Setting next_dagrun for tutorial_objectstorage to None, run_after=None
[2025-06-26T23:00:45.939+0000] {processor.py:208} INFO - Processing /home/airflow/.local/lib/python3.12/site-packages/airflow/example_dags/tutorial_objectstorage.py took 0.137 seconds
[2025-06-26T23:01:18.324+0000] {processor.py:186} INFO - Started process (PID=701) to work on /home/airflow/.local/lib/python3.12/site-packages/airflow/example_dags/tutorial_objectstorage.py
[2025-06-26T23:01:18.325+0000] {processor.py:914} INFO - Processing file /home/airflow/.local/lib/python3.12/site-packages/airflow/example_dags/tutorial_objectstorage.py for tasks to queue
[2025-06-26T23:01:18.329+0000] {logging_mixin.py:190} INFO - [2025-06-26T23:01:18.328+0000] {dagbag.py:588} INFO - Filling up the DagBag from /home/airflow/.local/lib/python3.12/site-packages/airflow/example_dags/tutorial_objectstorage.py
[2025-06-26T23:01:18.344+0000] {processor.py:925} INFO - DAG(s) 'tutorial_objectstorage' retrieved from /home/airflow/.local/lib/python3.12/site-packages/airflow/example_dags/tutorial_objectstorage.py
[2025-06-26T23:01:18.378+0000] {logging_mixin.py:190} INFO - [2025-06-26T23:01:18.377+0000] {dag.py:3239} INFO - Sync 1 DAGs
[2025-06-26T23:01:18.395+0000] {logging_mixin.py:190} INFO - [2025-06-26T23:01:18.395+0000] {dag.py:4180} INFO - Setting next_dagrun for tutorial_objectstorage to None, run_after=None
[2025-06-26T23:01:18.435+0000] {processor.py:208} INFO - Processing /home/airflow/.local/lib/python3.12/site-packages/airflow/example_dags/tutorial_objectstorage.py took 0.119 seconds
[2025-06-26T23:01:53.627+0000] {processor.py:186} INFO - Started process (PID=773) to work on /home/airflow/.local/lib/python3.12/site-packages/airflow/example_dags/tutorial_objectstorage.py
[2025-06-26T23:01:53.631+0000] {processor.py:914} INFO - Processing file /home/airflow/.local/lib/python3.12/site-packages/airflow/example_dags/tutorial_objectstorage.py for tasks to queue
[2025-06-26T23:01:53.637+0000] {logging_mixin.py:190} INFO - [2025-06-26T23:01:53.636+0000] {dagbag.py:588} INFO - Filling up the DagBag from /home/airflow/.local/lib/python3.12/site-packages/airflow/example_dags/tutorial_objectstorage.py
[2025-06-26T23:01:53.651+0000] {processor.py:925} INFO - DAG(s) 'tutorial_objectstorage' retrieved from /home/airflow/.local/lib/python3.12/site-packages/airflow/example_dags/tutorial_objectstorage.py
[2025-06-26T23:01:53.672+0000] {logging_mixin.py:190} INFO - [2025-06-26T23:01:53.672+0000] {dag.py:3239} INFO - Sync 1 DAGs
[2025-06-26T23:01:53.689+0000] {logging_mixin.py:190} INFO - [2025-06-26T23:01:53.688+0000] {dag.py:4180} INFO - Setting next_dagrun for tutorial_objectstorage to None, run_after=None
[2025-06-26T23:01:53.705+0000] {processor.py:208} INFO - Processing /home/airflow/.local/lib/python3.12/site-packages/airflow/example_dags/tutorial_objectstorage.py took 0.089 seconds
[2025-06-26T23:02:24.177+0000] {processor.py:186} INFO - Started process (PID=835) to work on /home/airflow/.local/lib/python3.12/site-packages/airflow/example_dags/tutorial_objectstorage.py
[2025-06-26T23:02:24.180+0000] {processor.py:914} INFO - Processing file /home/airflow/.local/lib/python3.12/site-packages/airflow/example_dags/tutorial_objectstorage.py for tasks to queue
[2025-06-26T23:02:24.183+0000] {logging_mixin.py:190} INFO - [2025-06-26T23:02:24.182+0000] {dagbag.py:588} INFO - Filling up the DagBag from /home/airflow/.local/lib/python3.12/site-packages/airflow/example_dags/tutorial_objectstorage.py
[2025-06-26T23:02:24.194+0000] {processor.py:925} INFO - DAG(s) 'tutorial_objectstorage' retrieved from /home/airflow/.local/lib/python3.12/site-packages/airflow/example_dags/tutorial_objectstorage.py
[2025-06-26T23:02:24.211+0000] {logging_mixin.py:190} INFO - [2025-06-26T23:02:24.211+0000] {dag.py:3239} INFO - Sync 1 DAGs
[2025-06-26T23:02:24.223+0000] {logging_mixin.py:190} INFO - [2025-06-26T23:02:24.223+0000] {dag.py:4180} INFO - Setting next_dagrun for tutorial_objectstorage to None, run_after=None
[2025-06-26T23:02:24.236+0000] {processor.py:208} INFO - Processing /home/airflow/.local/lib/python3.12/site-packages/airflow/example_dags/tutorial_objectstorage.py took 0.069 seconds
[2025-06-26T23:02:57.555+0000] {processor.py:186} INFO - Started process (PID=897) to work on /home/airflow/.local/lib/python3.12/site-packages/airflow/example_dags/tutorial_objectstorage.py
[2025-06-26T23:02:57.556+0000] {processor.py:914} INFO - Processing file /home/airflow/.local/lib/python3.12/site-packages/airflow/example_dags/tutorial_objectstorage.py for tasks to queue
[2025-06-26T23:02:57.558+0000] {logging_mixin.py:190} INFO - [2025-06-26T23:02:57.558+0000] {dagbag.py:588} INFO - Filling up the DagBag from /home/airflow/.local/lib/python3.12/site-packages/airflow/example_dags/tutorial_objectstorage.py
[2025-06-26T23:02:57.565+0000] {processor.py:925} INFO - DAG(s) 'tutorial_objectstorage' retrieved from /home/airflow/.local/lib/python3.12/site-packages/airflow/example_dags/tutorial_objectstorage.py
[2025-06-26T23:02:57.579+0000] {logging_mixin.py:190} INFO - [2025-06-26T23:02:57.578+0000] {dag.py:3239} INFO - Sync 1 DAGs
[2025-06-26T23:02:57.588+0000] {logging_mixin.py:190} INFO - [2025-06-26T23:02:57.588+0000] {dag.py:4180} INFO - Setting next_dagrun for tutorial_objectstorage to None, run_after=None
[2025-06-26T23:02:57.600+0000] {processor.py:208} INFO - Processing /home/airflow/.local/lib/python3.12/site-packages/airflow/example_dags/tutorial_objectstorage.py took 0.049 seconds
[2025-06-26T23:03:43.890+0000] {processor.py:186} INFO - Started process (PID=959) to work on /home/airflow/.local/lib/python3.12/site-packages/airflow/example_dags/tutorial_objectstorage.py
[2025-06-26T23:03:43.892+0000] {processor.py:914} INFO - Processing file /home/airflow/.local/lib/python3.12/site-packages/airflow/example_dags/tutorial_objectstorage.py for tasks to queue
[2025-06-26T23:03:43.897+0000] {logging_mixin.py:190} INFO - [2025-06-26T23:03:43.897+0000] {dagbag.py:588} INFO - Filling up the DagBag from /home/airflow/.local/lib/python3.12/site-packages/airflow/example_dags/tutorial_objectstorage.py
[2025-06-26T23:03:43.920+0000] {processor.py:925} INFO - DAG(s) 'tutorial_objectstorage' retrieved from /home/airflow/.local/lib/python3.12/site-packages/airflow/example_dags/tutorial_objectstorage.py
[2025-06-26T23:03:43.962+0000] {logging_mixin.py:190} INFO - [2025-06-26T23:03:43.962+0000] {dag.py:3239} INFO - Sync 1 DAGs
[2025-06-26T23:03:44.007+0000] {logging_mixin.py:190} INFO - [2025-06-26T23:03:44.006+0000] {dag.py:4180} INFO - Setting next_dagrun for tutorial_objectstorage to None, run_after=None
[2025-06-26T23:03:44.057+0000] {processor.py:208} INFO - Processing /home/airflow/.local/lib/python3.12/site-packages/airflow/example_dags/tutorial_objectstorage.py took 0.180 seconds
[2025-06-26T23:04:36.100+0000] {processor.py:186} INFO - Started process (PID=1032) to work on /home/airflow/.local/lib/python3.12/site-packages/airflow/example_dags/tutorial_objectstorage.py
[2025-06-26T23:04:36.102+0000] {processor.py:914} INFO - Processing file /home/airflow/.local/lib/python3.12/site-packages/airflow/example_dags/tutorial_objectstorage.py for tasks to queue
[2025-06-26T23:04:36.104+0000] {logging_mixin.py:190} INFO - [2025-06-26T23:04:36.104+0000] {dagbag.py:588} INFO - Filling up the DagBag from /home/airflow/.local/lib/python3.12/site-packages/airflow/example_dags/tutorial_objectstorage.py
[2025-06-26T23:04:36.113+0000] {processor.py:925} INFO - DAG(s) 'tutorial_objectstorage' retrieved from /home/airflow/.local/lib/python3.12/site-packages/airflow/example_dags/tutorial_objectstorage.py
[2025-06-26T23:04:36.132+0000] {logging_mixin.py:190} INFO - [2025-06-26T23:04:36.132+0000] {dag.py:3239} INFO - Sync 1 DAGs
[2025-06-26T23:04:36.144+0000] {logging_mixin.py:190} INFO - [2025-06-26T23:04:36.144+0000] {dag.py:4180} INFO - Setting next_dagrun for tutorial_objectstorage to None, run_after=None
[2025-06-26T23:04:36.159+0000] {processor.py:208} INFO - Processing /home/airflow/.local/lib/python3.12/site-packages/airflow/example_dags/tutorial_objectstorage.py took 0.064 seconds
[2025-06-26T23:05:12.848+0000] {processor.py:186} INFO - Started process (PID=1093) to work on /home/airflow/.local/lib/python3.12/site-packages/airflow/example_dags/tutorial_objectstorage.py
[2025-06-26T23:05:12.851+0000] {processor.py:914} INFO - Processing file /home/airflow/.local/lib/python3.12/site-packages/airflow/example_dags/tutorial_objectstorage.py for tasks to queue
[2025-06-26T23:05:12.857+0000] {logging_mixin.py:190} INFO - [2025-06-26T23:05:12.856+0000] {dagbag.py:588} INFO - Filling up the DagBag from /home/airflow/.local/lib/python3.12/site-packages/airflow/example_dags/tutorial_objectstorage.py
[2025-06-26T23:05:12.881+0000] {processor.py:925} INFO - DAG(s) 'tutorial_objectstorage' retrieved from /home/airflow/.local/lib/python3.12/site-packages/airflow/example_dags/tutorial_objectstorage.py
[2025-06-26T23:05:12.929+0000] {logging_mixin.py:190} INFO - [2025-06-26T23:05:12.929+0000] {dag.py:3239} INFO - Sync 1 DAGs
[2025-06-26T23:05:12.945+0000] {logging_mixin.py:190} INFO - [2025-06-26T23:05:12.945+0000] {dag.py:4180} INFO - Setting next_dagrun for tutorial_objectstorage to None, run_after=None
[2025-06-26T23:05:12.972+0000] {processor.py:208} INFO - Processing /home/airflow/.local/lib/python3.12/site-packages/airflow/example_dags/tutorial_objectstorage.py took 0.133 seconds
[2025-06-26T23:05:43.700+0000] {processor.py:186} INFO - Started process (PID=1155) to work on /home/airflow/.local/lib/python3.12/site-packages/airflow/example_dags/tutorial_objectstorage.py
[2025-06-26T23:05:43.701+0000] {processor.py:914} INFO - Processing file /home/airflow/.local/lib/python3.12/site-packages/airflow/example_dags/tutorial_objectstorage.py for tasks to queue
[2025-06-26T23:05:43.703+0000] {logging_mixin.py:190} INFO - [2025-06-26T23:05:43.703+0000] {dagbag.py:588} INFO - Filling up the DagBag from /home/airflow/.local/lib/python3.12/site-packages/airflow/example_dags/tutorial_objectstorage.py
[2025-06-26T23:05:43.715+0000] {processor.py:925} INFO - DAG(s) 'tutorial_objectstorage' retrieved from /home/airflow/.local/lib/python3.12/site-packages/airflow/example_dags/tutorial_objectstorage.py
[2025-06-26T23:05:43.767+0000] {logging_mixin.py:190} INFO - [2025-06-26T23:05:43.766+0000] {dag.py:3239} INFO - Sync 1 DAGs
[2025-06-26T23:05:43.821+0000] {logging_mixin.py:190} INFO - [2025-06-26T23:05:43.821+0000] {dag.py:4180} INFO - Setting next_dagrun for tutorial_objectstorage to None, run_after=None
[2025-06-26T23:05:43.867+0000] {processor.py:208} INFO - Processing /home/airflow/.local/lib/python3.12/site-packages/airflow/example_dags/tutorial_objectstorage.py took 0.171 seconds
[2025-06-26T23:06:20.247+0000] {processor.py:186} INFO - Started process (PID=1217) to work on /home/airflow/.local/lib/python3.12/site-packages/airflow/example_dags/tutorial_objectstorage.py
[2025-06-26T23:06:20.269+0000] {processor.py:914} INFO - Processing file /home/airflow/.local/lib/python3.12/site-packages/airflow/example_dags/tutorial_objectstorage.py for tasks to queue
[2025-06-26T23:06:20.272+0000] {logging_mixin.py:190} INFO - [2025-06-26T23:06:20.272+0000] {dagbag.py:588} INFO - Filling up the DagBag from /home/airflow/.local/lib/python3.12/site-packages/airflow/example_dags/tutorial_objectstorage.py
[2025-06-26T23:06:20.291+0000] {processor.py:925} INFO - DAG(s) 'tutorial_objectstorage' retrieved from /home/airflow/.local/lib/python3.12/site-packages/airflow/example_dags/tutorial_objectstorage.py
[2025-06-26T23:06:20.316+0000] {logging_mixin.py:190} INFO - [2025-06-26T23:06:20.315+0000] {dag.py:3239} INFO - Sync 1 DAGs
[2025-06-26T23:06:20.328+0000] {logging_mixin.py:190} INFO - [2025-06-26T23:06:20.328+0000] {dag.py:4180} INFO - Setting next_dagrun for tutorial_objectstorage to None, run_after=None
[2025-06-26T23:06:20.346+0000] {processor.py:208} INFO - Processing /home/airflow/.local/lib/python3.12/site-packages/airflow/example_dags/tutorial_objectstorage.py took 0.107 seconds
[2025-06-26T23:06:51.198+0000] {processor.py:186} INFO - Started process (PID=1279) to work on /home/airflow/.local/lib/python3.12/site-packages/airflow/example_dags/tutorial_objectstorage.py
[2025-06-26T23:06:51.199+0000] {processor.py:914} INFO - Processing file /home/airflow/.local/lib/python3.12/site-packages/airflow/example_dags/tutorial_objectstorage.py for tasks to queue
[2025-06-26T23:06:51.200+0000] {logging_mixin.py:190} INFO - [2025-06-26T23:06:51.200+0000] {dagbag.py:588} INFO - Filling up the DagBag from /home/airflow/.local/lib/python3.12/site-packages/airflow/example_dags/tutorial_objectstorage.py
[2025-06-26T23:06:51.209+0000] {processor.py:925} INFO - DAG(s) 'tutorial_objectstorage' retrieved from /home/airflow/.local/lib/python3.12/site-packages/airflow/example_dags/tutorial_objectstorage.py
[2025-06-26T23:06:51.219+0000] {logging_mixin.py:190} INFO - [2025-06-26T23:06:51.219+0000] {dag.py:3239} INFO - Sync 1 DAGs
[2025-06-26T23:06:51.226+0000] {logging_mixin.py:190} INFO - [2025-06-26T23:06:51.226+0000] {dag.py:4180} INFO - Setting next_dagrun for tutorial_objectstorage to None, run_after=None
[2025-06-26T23:06:51.234+0000] {processor.py:208} INFO - Processing /home/airflow/.local/lib/python3.12/site-packages/airflow/example_dags/tutorial_objectstorage.py took 0.039 seconds
[2025-06-26T23:07:22.771+0000] {processor.py:186} INFO - Started process (PID=1341) to work on /home/airflow/.local/lib/python3.12/site-packages/airflow/example_dags/tutorial_objectstorage.py
[2025-06-26T23:07:22.777+0000] {processor.py:914} INFO - Processing file /home/airflow/.local/lib/python3.12/site-packages/airflow/example_dags/tutorial_objectstorage.py for tasks to queue
[2025-06-26T23:07:22.781+0000] {logging_mixin.py:190} INFO - [2025-06-26T23:07:22.781+0000] {dagbag.py:588} INFO - Filling up the DagBag from /home/airflow/.local/lib/python3.12/site-packages/airflow/example_dags/tutorial_objectstorage.py
[2025-06-26T23:07:22.819+0000] {processor.py:925} INFO - DAG(s) 'tutorial_objectstorage' retrieved from /home/airflow/.local/lib/python3.12/site-packages/airflow/example_dags/tutorial_objectstorage.py
[2025-06-26T23:07:22.883+0000] {logging_mixin.py:190} INFO - [2025-06-26T23:07:22.883+0000] {dag.py:3239} INFO - Sync 1 DAGs
[2025-06-26T23:07:22.902+0000] {logging_mixin.py:190} INFO - [2025-06-26T23:07:22.901+0000] {dag.py:4180} INFO - Setting next_dagrun for tutorial_objectstorage to None, run_after=None
[2025-06-26T23:07:22.925+0000] {processor.py:208} INFO - Processing /home/airflow/.local/lib/python3.12/site-packages/airflow/example_dags/tutorial_objectstorage.py took 0.164 seconds
