[2025-06-26T22:55:45.170+0000] {processor.py:186} INFO - Started process (PID=103) to work on /home/airflow/.local/lib/python3.12/site-packages/airflow/example_dags/tutorial_taskflow_api.py
[2025-06-26T22:55:45.173+0000] {processor.py:914} INFO - Processing file /home/airflow/.local/lib/python3.12/site-packages/airflow/example_dags/tutorial_taskflow_api.py for tasks to queue
[2025-06-26T22:55:45.183+0000] {logging_mixin.py:190} INFO - [2025-06-26T22:55:45.182+0000] {dagbag.py:588} INFO - Filling up the DagBag from /home/airflow/.local/lib/python3.12/site-packages/airflow/example_dags/tutorial_taskflow_api.py
[2025-06-26T22:55:45.197+0000] {processor.py:925} INFO - DAG(s) 'tutorial_taskflow_api' retrieved from /home/airflow/.local/lib/python3.12/site-packages/airflow/example_dags/tutorial_taskflow_api.py
[2025-06-26T22:55:45.465+0000] {logging_mixin.py:190} INFO - [2025-06-26T22:55:45.461+0000] {override.py:1900} INFO - Created Permission View: can read on DAG:tutorial_taskflow_api
[2025-06-26T22:55:45.480+0000] {logging_mixin.py:190} INFO - [2025-06-26T22:55:45.480+0000] {override.py:1900} INFO - Created Permission View: can delete on DAG:tutorial_taskflow_api
[2025-06-26T22:55:45.487+0000] {logging_mixin.py:190} INFO - [2025-06-26T22:55:45.487+0000] {override.py:1900} INFO - Created Permission View: can edit on DAG:tutorial_taskflow_api
[2025-06-26T22:55:45.499+0000] {logging_mixin.py:190} INFO - [2025-06-26T22:55:45.499+0000] {override.py:1900} INFO - Created Permission View: can read on DAG Run:tutorial_taskflow_api
[2025-06-26T22:55:45.505+0000] {logging_mixin.py:190} INFO - [2025-06-26T22:55:45.505+0000] {override.py:1900} INFO - Created Permission View: menu access on DAG Run:tutorial_taskflow_api
[2025-06-26T22:55:45.515+0000] {logging_mixin.py:190} INFO - [2025-06-26T22:55:45.515+0000] {override.py:1900} INFO - Created Permission View: can delete on DAG Run:tutorial_taskflow_api
[2025-06-26T22:55:45.519+0000] {logging_mixin.py:190} INFO - [2025-06-26T22:55:45.519+0000] {override.py:1900} INFO - Created Permission View: can create on DAG Run:tutorial_taskflow_api
[2025-06-26T22:55:45.520+0000] {logging_mixin.py:190} INFO - [2025-06-26T22:55:45.519+0000] {dag.py:3239} INFO - Sync 1 DAGs
[2025-06-26T22:55:45.548+0000] {logging_mixin.py:190} INFO - [2025-06-26T22:55:45.548+0000] {dag.py:3262} INFO - Creating ORM DAG for tutorial_taskflow_api
[2025-06-26T22:55:45.550+0000] {logging_mixin.py:190} INFO - [2025-06-26T22:55:45.550+0000] {dag.py:4180} INFO - Setting next_dagrun for tutorial_taskflow_api to None, run_after=None
[2025-06-26T22:55:45.589+0000] {processor.py:208} INFO - Processing /home/airflow/.local/lib/python3.12/site-packages/airflow/example_dags/tutorial_taskflow_api.py took 0.429 seconds
[2025-06-26T22:56:16.412+0000] {processor.py:186} INFO - Started process (PID=165) to work on /home/airflow/.local/lib/python3.12/site-packages/airflow/example_dags/tutorial_taskflow_api.py
[2025-06-26T22:56:16.415+0000] {processor.py:914} INFO - Processing file /home/airflow/.local/lib/python3.12/site-packages/airflow/example_dags/tutorial_taskflow_api.py for tasks to queue
[2025-06-26T22:56:16.420+0000] {logging_mixin.py:190} INFO - [2025-06-26T22:56:16.420+0000] {dagbag.py:588} INFO - Filling up the DagBag from /home/airflow/.local/lib/python3.12/site-packages/airflow/example_dags/tutorial_taskflow_api.py
[2025-06-26T22:56:16.451+0000] {processor.py:925} INFO - DAG(s) 'tutorial_taskflow_api' retrieved from /home/airflow/.local/lib/python3.12/site-packages/airflow/example_dags/tutorial_taskflow_api.py
[2025-06-26T22:56:16.512+0000] {logging_mixin.py:190} INFO - [2025-06-26T22:56:16.511+0000] {dag.py:3239} INFO - Sync 1 DAGs
[2025-06-26T22:56:16.529+0000] {logging_mixin.py:190} INFO - [2025-06-26T22:56:16.529+0000] {dag.py:4180} INFO - Setting next_dagrun for tutorial_taskflow_api to None, run_after=None
[2025-06-26T22:56:16.567+0000] {processor.py:208} INFO - Processing /home/airflow/.local/lib/python3.12/site-packages/airflow/example_dags/tutorial_taskflow_api.py took 0.169 seconds
[2025-06-26T22:56:47.454+0000] {processor.py:186} INFO - Started process (PID=227) to work on /home/airflow/.local/lib/python3.12/site-packages/airflow/example_dags/tutorial_taskflow_api.py
[2025-06-26T22:56:47.456+0000] {processor.py:914} INFO - Processing file /home/airflow/.local/lib/python3.12/site-packages/airflow/example_dags/tutorial_taskflow_api.py for tasks to queue
[2025-06-26T22:56:47.458+0000] {logging_mixin.py:190} INFO - [2025-06-26T22:56:47.458+0000] {dagbag.py:588} INFO - Filling up the DagBag from /home/airflow/.local/lib/python3.12/site-packages/airflow/example_dags/tutorial_taskflow_api.py
[2025-06-26T22:56:47.471+0000] {processor.py:925} INFO - DAG(s) 'tutorial_taskflow_api' retrieved from /home/airflow/.local/lib/python3.12/site-packages/airflow/example_dags/tutorial_taskflow_api.py
[2025-06-26T22:56:47.544+0000] {logging_mixin.py:190} INFO - [2025-06-26T22:56:47.541+0000] {dag.py:3239} INFO - Sync 1 DAGs
[2025-06-26T22:56:47.598+0000] {logging_mixin.py:190} INFO - [2025-06-26T22:56:47.597+0000] {dag.py:4180} INFO - Setting next_dagrun for tutorial_taskflow_api to None, run_after=None
[2025-06-26T22:56:47.641+0000] {processor.py:208} INFO - Processing /home/airflow/.local/lib/python3.12/site-packages/airflow/example_dags/tutorial_taskflow_api.py took 0.194 seconds
[2025-06-26T22:57:19.204+0000] {processor.py:186} INFO - Started process (PID=289) to work on /home/airflow/.local/lib/python3.12/site-packages/airflow/example_dags/tutorial_taskflow_api.py
[2025-06-26T22:57:19.206+0000] {processor.py:914} INFO - Processing file /home/airflow/.local/lib/python3.12/site-packages/airflow/example_dags/tutorial_taskflow_api.py for tasks to queue
[2025-06-26T22:57:19.210+0000] {logging_mixin.py:190} INFO - [2025-06-26T22:57:19.209+0000] {dagbag.py:588} INFO - Filling up the DagBag from /home/airflow/.local/lib/python3.12/site-packages/airflow/example_dags/tutorial_taskflow_api.py
[2025-06-26T22:57:19.273+0000] {processor.py:925} INFO - DAG(s) 'tutorial_taskflow_api' retrieved from /home/airflow/.local/lib/python3.12/site-packages/airflow/example_dags/tutorial_taskflow_api.py
[2025-06-26T22:57:19.295+0000] {logging_mixin.py:190} INFO - [2025-06-26T22:57:19.295+0000] {dag.py:3239} INFO - Sync 1 DAGs
[2025-06-26T22:57:19.306+0000] {logging_mixin.py:190} INFO - [2025-06-26T22:57:19.306+0000] {dag.py:4180} INFO - Setting next_dagrun for tutorial_taskflow_api to None, run_after=None
[2025-06-26T22:57:19.324+0000] {processor.py:208} INFO - Processing /home/airflow/.local/lib/python3.12/site-packages/airflow/example_dags/tutorial_taskflow_api.py took 0.135 seconds
[2025-06-26T22:58:15.024+0000] {processor.py:186} INFO - Started process (PID=361) to work on /home/airflow/.local/lib/python3.12/site-packages/airflow/example_dags/tutorial_taskflow_api.py
[2025-06-26T22:58:15.034+0000] {processor.py:914} INFO - Processing file /home/airflow/.local/lib/python3.12/site-packages/airflow/example_dags/tutorial_taskflow_api.py for tasks to queue
[2025-06-26T22:58:15.051+0000] {logging_mixin.py:190} INFO - [2025-06-26T22:58:15.046+0000] {dagbag.py:588} INFO - Filling up the DagBag from /home/airflow/.local/lib/python3.12/site-packages/airflow/example_dags/tutorial_taskflow_api.py
[2025-06-26T22:58:15.101+0000] {processor.py:925} INFO - DAG(s) 'tutorial_taskflow_api' retrieved from /home/airflow/.local/lib/python3.12/site-packages/airflow/example_dags/tutorial_taskflow_api.py
[2025-06-26T22:58:15.175+0000] {logging_mixin.py:190} INFO - [2025-06-26T22:58:15.174+0000] {dag.py:3239} INFO - Sync 1 DAGs
[2025-06-26T22:58:15.205+0000] {logging_mixin.py:190} INFO - [2025-06-26T22:58:15.205+0000] {dag.py:4180} INFO - Setting next_dagrun for tutorial_taskflow_api to None, run_after=None
[2025-06-26T22:58:15.243+0000] {processor.py:208} INFO - Processing /home/airflow/.local/lib/python3.12/site-packages/airflow/example_dags/tutorial_taskflow_api.py took 0.247 seconds
[2025-06-26T22:59:02.784+0000] {processor.py:186} INFO - Started process (PID=434) to work on /home/airflow/.local/lib/python3.12/site-packages/airflow/example_dags/tutorial_taskflow_api.py
[2025-06-26T22:59:02.787+0000] {processor.py:914} INFO - Processing file /home/airflow/.local/lib/python3.12/site-packages/airflow/example_dags/tutorial_taskflow_api.py for tasks to queue
[2025-06-26T22:59:02.799+0000] {logging_mixin.py:190} INFO - [2025-06-26T22:59:02.799+0000] {dagbag.py:588} INFO - Filling up the DagBag from /home/airflow/.local/lib/python3.12/site-packages/airflow/example_dags/tutorial_taskflow_api.py
[2025-06-26T22:59:02.813+0000] {processor.py:925} INFO - DAG(s) 'tutorial_taskflow_api' retrieved from /home/airflow/.local/lib/python3.12/site-packages/airflow/example_dags/tutorial_taskflow_api.py
[2025-06-26T22:59:02.844+0000] {logging_mixin.py:190} INFO - [2025-06-26T22:59:02.843+0000] {dag.py:3239} INFO - Sync 1 DAGs
[2025-06-26T22:59:02.862+0000] {logging_mixin.py:190} INFO - [2025-06-26T22:59:02.862+0000] {dag.py:4180} INFO - Setting next_dagrun for tutorial_taskflow_api to None, run_after=None
[2025-06-26T22:59:02.902+0000] {processor.py:208} INFO - Processing /home/airflow/.local/lib/python3.12/site-packages/airflow/example_dags/tutorial_taskflow_api.py took 0.142 seconds
[2025-06-26T22:59:41.608+0000] {processor.py:186} INFO - Started process (PID=508) to work on /home/airflow/.local/lib/python3.12/site-packages/airflow/example_dags/tutorial_taskflow_api.py
[2025-06-26T22:59:41.612+0000] {processor.py:914} INFO - Processing file /home/airflow/.local/lib/python3.12/site-packages/airflow/example_dags/tutorial_taskflow_api.py for tasks to queue
[2025-06-26T22:59:41.620+0000] {logging_mixin.py:190} INFO - [2025-06-26T22:59:41.618+0000] {dagbag.py:588} INFO - Filling up the DagBag from /home/airflow/.local/lib/python3.12/site-packages/airflow/example_dags/tutorial_taskflow_api.py
[2025-06-26T22:59:41.641+0000] {processor.py:925} INFO - DAG(s) 'tutorial_taskflow_api' retrieved from /home/airflow/.local/lib/python3.12/site-packages/airflow/example_dags/tutorial_taskflow_api.py
[2025-06-26T22:59:41.684+0000] {logging_mixin.py:190} INFO - [2025-06-26T22:59:41.684+0000] {dag.py:3239} INFO - Sync 1 DAGs
[2025-06-26T22:59:41.707+0000] {logging_mixin.py:190} INFO - [2025-06-26T22:59:41.707+0000] {dag.py:4180} INFO - Setting next_dagrun for tutorial_taskflow_api to None, run_after=None
[2025-06-26T22:59:41.735+0000] {processor.py:208} INFO - Processing /home/airflow/.local/lib/python3.12/site-packages/airflow/example_dags/tutorial_taskflow_api.py took 0.140 seconds
[2025-06-26T23:00:12.285+0000] {processor.py:186} INFO - Started process (PID=570) to work on /home/airflow/.local/lib/python3.12/site-packages/airflow/example_dags/tutorial_taskflow_api.py
[2025-06-26T23:00:12.288+0000] {processor.py:914} INFO - Processing file /home/airflow/.local/lib/python3.12/site-packages/airflow/example_dags/tutorial_taskflow_api.py for tasks to queue
[2025-06-26T23:00:12.296+0000] {logging_mixin.py:190} INFO - [2025-06-26T23:00:12.296+0000] {dagbag.py:588} INFO - Filling up the DagBag from /home/airflow/.local/lib/python3.12/site-packages/airflow/example_dags/tutorial_taskflow_api.py
[2025-06-26T23:00:12.309+0000] {processor.py:925} INFO - DAG(s) 'tutorial_taskflow_api' retrieved from /home/airflow/.local/lib/python3.12/site-packages/airflow/example_dags/tutorial_taskflow_api.py
[2025-06-26T23:00:12.347+0000] {logging_mixin.py:190} INFO - [2025-06-26T23:00:12.347+0000] {dag.py:3239} INFO - Sync 1 DAGs
[2025-06-26T23:00:12.386+0000] {logging_mixin.py:190} INFO - [2025-06-26T23:00:12.386+0000] {dag.py:4180} INFO - Setting next_dagrun for tutorial_taskflow_api to None, run_after=None
[2025-06-26T23:00:12.404+0000] {processor.py:208} INFO - Processing /home/airflow/.local/lib/python3.12/site-packages/airflow/example_dags/tutorial_taskflow_api.py took 0.144 seconds
[2025-06-26T23:00:45.444+0000] {processor.py:186} INFO - Started process (PID=632) to work on /home/airflow/.local/lib/python3.12/site-packages/airflow/example_dags/tutorial_taskflow_api.py
[2025-06-26T23:00:45.446+0000] {processor.py:914} INFO - Processing file /home/airflow/.local/lib/python3.12/site-packages/airflow/example_dags/tutorial_taskflow_api.py for tasks to queue
[2025-06-26T23:00:45.449+0000] {logging_mixin.py:190} INFO - [2025-06-26T23:00:45.448+0000] {dagbag.py:588} INFO - Filling up the DagBag from /home/airflow/.local/lib/python3.12/site-packages/airflow/example_dags/tutorial_taskflow_api.py
[2025-06-26T23:00:45.456+0000] {processor.py:925} INFO - DAG(s) 'tutorial_taskflow_api' retrieved from /home/airflow/.local/lib/python3.12/site-packages/airflow/example_dags/tutorial_taskflow_api.py
[2025-06-26T23:00:45.486+0000] {logging_mixin.py:190} INFO - [2025-06-26T23:00:45.485+0000] {dag.py:3239} INFO - Sync 1 DAGs
[2025-06-26T23:00:45.504+0000] {logging_mixin.py:190} INFO - [2025-06-26T23:00:45.503+0000] {dag.py:4180} INFO - Setting next_dagrun for tutorial_taskflow_api to None, run_after=None
[2025-06-26T23:00:45.522+0000] {processor.py:208} INFO - Processing /home/airflow/.local/lib/python3.12/site-packages/airflow/example_dags/tutorial_taskflow_api.py took 0.085 seconds
[2025-06-26T23:01:17.860+0000] {processor.py:186} INFO - Started process (PID=694) to work on /home/airflow/.local/lib/python3.12/site-packages/airflow/example_dags/tutorial_taskflow_api.py
[2025-06-26T23:01:17.863+0000] {processor.py:914} INFO - Processing file /home/airflow/.local/lib/python3.12/site-packages/airflow/example_dags/tutorial_taskflow_api.py for tasks to queue
[2025-06-26T23:01:17.868+0000] {logging_mixin.py:190} INFO - [2025-06-26T23:01:17.868+0000] {dagbag.py:588} INFO - Filling up the DagBag from /home/airflow/.local/lib/python3.12/site-packages/airflow/example_dags/tutorial_taskflow_api.py
[2025-06-26T23:01:17.875+0000] {processor.py:925} INFO - DAG(s) 'tutorial_taskflow_api' retrieved from /home/airflow/.local/lib/python3.12/site-packages/airflow/example_dags/tutorial_taskflow_api.py
[2025-06-26T23:01:17.897+0000] {logging_mixin.py:190} INFO - [2025-06-26T23:01:17.897+0000] {dag.py:3239} INFO - Sync 1 DAGs
[2025-06-26T23:01:17.909+0000] {logging_mixin.py:190} INFO - [2025-06-26T23:01:17.909+0000] {dag.py:4180} INFO - Setting next_dagrun for tutorial_taskflow_api to None, run_after=None
[2025-06-26T23:01:17.921+0000] {processor.py:208} INFO - Processing /home/airflow/.local/lib/python3.12/site-packages/airflow/example_dags/tutorial_taskflow_api.py took 0.067 seconds
[2025-06-26T23:01:53.097+0000] {processor.py:186} INFO - Started process (PID=766) to work on /home/airflow/.local/lib/python3.12/site-packages/airflow/example_dags/tutorial_taskflow_api.py
[2025-06-26T23:01:53.098+0000] {processor.py:914} INFO - Processing file /home/airflow/.local/lib/python3.12/site-packages/airflow/example_dags/tutorial_taskflow_api.py for tasks to queue
[2025-06-26T23:01:53.104+0000] {logging_mixin.py:190} INFO - [2025-06-26T23:01:53.103+0000] {dagbag.py:588} INFO - Filling up the DagBag from /home/airflow/.local/lib/python3.12/site-packages/airflow/example_dags/tutorial_taskflow_api.py
[2025-06-26T23:01:53.114+0000] {processor.py:925} INFO - DAG(s) 'tutorial_taskflow_api' retrieved from /home/airflow/.local/lib/python3.12/site-packages/airflow/example_dags/tutorial_taskflow_api.py
[2025-06-26T23:01:53.171+0000] {logging_mixin.py:190} INFO - [2025-06-26T23:01:53.170+0000] {dag.py:3239} INFO - Sync 1 DAGs
[2025-06-26T23:01:53.191+0000] {logging_mixin.py:190} INFO - [2025-06-26T23:01:53.191+0000] {dag.py:4180} INFO - Setting next_dagrun for tutorial_taskflow_api to None, run_after=None
[2025-06-26T23:01:53.210+0000] {processor.py:208} INFO - Processing /home/airflow/.local/lib/python3.12/site-packages/airflow/example_dags/tutorial_taskflow_api.py took 0.121 seconds
[2025-06-26T23:02:23.881+0000] {processor.py:186} INFO - Started process (PID=828) to work on /home/airflow/.local/lib/python3.12/site-packages/airflow/example_dags/tutorial_taskflow_api.py
[2025-06-26T23:02:23.883+0000] {processor.py:914} INFO - Processing file /home/airflow/.local/lib/python3.12/site-packages/airflow/example_dags/tutorial_taskflow_api.py for tasks to queue
[2025-06-26T23:02:23.885+0000] {logging_mixin.py:190} INFO - [2025-06-26T23:02:23.885+0000] {dagbag.py:588} INFO - Filling up the DagBag from /home/airflow/.local/lib/python3.12/site-packages/airflow/example_dags/tutorial_taskflow_api.py
[2025-06-26T23:02:23.895+0000] {processor.py:925} INFO - DAG(s) 'tutorial_taskflow_api' retrieved from /home/airflow/.local/lib/python3.12/site-packages/airflow/example_dags/tutorial_taskflow_api.py
[2025-06-26T23:02:23.909+0000] {logging_mixin.py:190} INFO - [2025-06-26T23:02:23.909+0000] {dag.py:3239} INFO - Sync 1 DAGs
[2025-06-26T23:02:23.922+0000] {logging_mixin.py:190} INFO - [2025-06-26T23:02:23.922+0000] {dag.py:4180} INFO - Setting next_dagrun for tutorial_taskflow_api to None, run_after=None
[2025-06-26T23:02:23.933+0000] {processor.py:208} INFO - Processing /home/airflow/.local/lib/python3.12/site-packages/airflow/example_dags/tutorial_taskflow_api.py took 0.058 seconds
[2025-06-26T23:02:56.483+0000] {processor.py:186} INFO - Started process (PID=890) to work on /home/airflow/.local/lib/python3.12/site-packages/airflow/example_dags/tutorial_taskflow_api.py
[2025-06-26T23:02:56.486+0000] {processor.py:914} INFO - Processing file /home/airflow/.local/lib/python3.12/site-packages/airflow/example_dags/tutorial_taskflow_api.py for tasks to queue
[2025-06-26T23:02:56.498+0000] {logging_mixin.py:190} INFO - [2025-06-26T23:02:56.498+0000] {dagbag.py:588} INFO - Filling up the DagBag from /home/airflow/.local/lib/python3.12/site-packages/airflow/example_dags/tutorial_taskflow_api.py
[2025-06-26T23:02:56.519+0000] {processor.py:925} INFO - DAG(s) 'tutorial_taskflow_api' retrieved from /home/airflow/.local/lib/python3.12/site-packages/airflow/example_dags/tutorial_taskflow_api.py
[2025-06-26T23:02:56.547+0000] {logging_mixin.py:190} INFO - [2025-06-26T23:02:56.546+0000] {dag.py:3239} INFO - Sync 1 DAGs
[2025-06-26T23:02:56.570+0000] {logging_mixin.py:190} INFO - [2025-06-26T23:02:56.570+0000] {dag.py:4180} INFO - Setting next_dagrun for tutorial_taskflow_api to None, run_after=None
[2025-06-26T23:02:56.591+0000] {processor.py:208} INFO - Processing /home/airflow/.local/lib/python3.12/site-packages/airflow/example_dags/tutorial_taskflow_api.py took 0.115 seconds
[2025-06-26T23:03:43.035+0000] {processor.py:186} INFO - Started process (PID=952) to work on /home/airflow/.local/lib/python3.12/site-packages/airflow/example_dags/tutorial_taskflow_api.py
[2025-06-26T23:03:43.041+0000] {processor.py:914} INFO - Processing file /home/airflow/.local/lib/python3.12/site-packages/airflow/example_dags/tutorial_taskflow_api.py for tasks to queue
[2025-06-26T23:03:43.048+0000] {logging_mixin.py:190} INFO - [2025-06-26T23:03:43.047+0000] {dagbag.py:588} INFO - Filling up the DagBag from /home/airflow/.local/lib/python3.12/site-packages/airflow/example_dags/tutorial_taskflow_api.py
[2025-06-26T23:03:43.067+0000] {processor.py:925} INFO - DAG(s) 'tutorial_taskflow_api' retrieved from /home/airflow/.local/lib/python3.12/site-packages/airflow/example_dags/tutorial_taskflow_api.py
[2025-06-26T23:03:43.101+0000] {logging_mixin.py:190} INFO - [2025-06-26T23:03:43.100+0000] {dag.py:3239} INFO - Sync 1 DAGs
[2025-06-26T23:03:43.119+0000] {logging_mixin.py:190} INFO - [2025-06-26T23:03:43.119+0000] {dag.py:4180} INFO - Setting next_dagrun for tutorial_taskflow_api to None, run_after=None
[2025-06-26T23:03:43.139+0000] {processor.py:208} INFO - Processing /home/airflow/.local/lib/python3.12/site-packages/airflow/example_dags/tutorial_taskflow_api.py took 0.124 seconds
[2025-06-26T23:04:35.624+0000] {processor.py:186} INFO - Started process (PID=1025) to work on /home/airflow/.local/lib/python3.12/site-packages/airflow/example_dags/tutorial_taskflow_api.py
[2025-06-26T23:04:35.625+0000] {processor.py:914} INFO - Processing file /home/airflow/.local/lib/python3.12/site-packages/airflow/example_dags/tutorial_taskflow_api.py for tasks to queue
[2025-06-26T23:04:35.627+0000] {logging_mixin.py:190} INFO - [2025-06-26T23:04:35.626+0000] {dagbag.py:588} INFO - Filling up the DagBag from /home/airflow/.local/lib/python3.12/site-packages/airflow/example_dags/tutorial_taskflow_api.py
[2025-06-26T23:04:35.634+0000] {processor.py:925} INFO - DAG(s) 'tutorial_taskflow_api' retrieved from /home/airflow/.local/lib/python3.12/site-packages/airflow/example_dags/tutorial_taskflow_api.py
[2025-06-26T23:04:35.647+0000] {logging_mixin.py:190} INFO - [2025-06-26T23:04:35.646+0000] {dag.py:3239} INFO - Sync 1 DAGs
[2025-06-26T23:04:35.656+0000] {logging_mixin.py:190} INFO - [2025-06-26T23:04:35.655+0000] {dag.py:4180} INFO - Setting next_dagrun for tutorial_taskflow_api to None, run_after=None
[2025-06-26T23:04:35.667+0000] {processor.py:208} INFO - Processing /home/airflow/.local/lib/python3.12/site-packages/airflow/example_dags/tutorial_taskflow_api.py took 0.048 seconds
[2025-06-26T23:05:12.464+0000] {processor.py:186} INFO - Started process (PID=1086) to work on /home/airflow/.local/lib/python3.12/site-packages/airflow/example_dags/tutorial_taskflow_api.py
[2025-06-26T23:05:12.470+0000] {processor.py:914} INFO - Processing file /home/airflow/.local/lib/python3.12/site-packages/airflow/example_dags/tutorial_taskflow_api.py for tasks to queue
[2025-06-26T23:05:12.473+0000] {logging_mixin.py:190} INFO - [2025-06-26T23:05:12.473+0000] {dagbag.py:588} INFO - Filling up the DagBag from /home/airflow/.local/lib/python3.12/site-packages/airflow/example_dags/tutorial_taskflow_api.py
[2025-06-26T23:05:12.486+0000] {processor.py:925} INFO - DAG(s) 'tutorial_taskflow_api' retrieved from /home/airflow/.local/lib/python3.12/site-packages/airflow/example_dags/tutorial_taskflow_api.py
[2025-06-26T23:05:12.501+0000] {logging_mixin.py:190} INFO - [2025-06-26T23:05:12.501+0000] {dag.py:3239} INFO - Sync 1 DAGs
[2025-06-26T23:05:12.518+0000] {logging_mixin.py:190} INFO - [2025-06-26T23:05:12.518+0000] {dag.py:4180} INFO - Setting next_dagrun for tutorial_taskflow_api to None, run_after=None
[2025-06-26T23:05:12.534+0000] {processor.py:208} INFO - Processing /home/airflow/.local/lib/python3.12/site-packages/airflow/example_dags/tutorial_taskflow_api.py took 0.076 seconds
[2025-06-26T23:05:43.355+0000] {processor.py:186} INFO - Started process (PID=1148) to work on /home/airflow/.local/lib/python3.12/site-packages/airflow/example_dags/tutorial_taskflow_api.py
[2025-06-26T23:05:43.358+0000] {processor.py:914} INFO - Processing file /home/airflow/.local/lib/python3.12/site-packages/airflow/example_dags/tutorial_taskflow_api.py for tasks to queue
[2025-06-26T23:05:43.361+0000] {logging_mixin.py:190} INFO - [2025-06-26T23:05:43.360+0000] {dagbag.py:588} INFO - Filling up the DagBag from /home/airflow/.local/lib/python3.12/site-packages/airflow/example_dags/tutorial_taskflow_api.py
[2025-06-26T23:05:43.374+0000] {processor.py:925} INFO - DAG(s) 'tutorial_taskflow_api' retrieved from /home/airflow/.local/lib/python3.12/site-packages/airflow/example_dags/tutorial_taskflow_api.py
[2025-06-26T23:05:43.396+0000] {logging_mixin.py:190} INFO - [2025-06-26T23:05:43.396+0000] {dag.py:3239} INFO - Sync 1 DAGs
[2025-06-26T23:05:43.407+0000] {logging_mixin.py:190} INFO - [2025-06-26T23:05:43.407+0000] {dag.py:4180} INFO - Setting next_dagrun for tutorial_taskflow_api to None, run_after=None
[2025-06-26T23:05:43.417+0000] {processor.py:208} INFO - Processing /home/airflow/.local/lib/python3.12/site-packages/airflow/example_dags/tutorial_taskflow_api.py took 0.066 seconds
[2025-06-26T23:06:19.780+0000] {processor.py:186} INFO - Started process (PID=1210) to work on /home/airflow/.local/lib/python3.12/site-packages/airflow/example_dags/tutorial_taskflow_api.py
[2025-06-26T23:06:19.786+0000] {processor.py:914} INFO - Processing file /home/airflow/.local/lib/python3.12/site-packages/airflow/example_dags/tutorial_taskflow_api.py for tasks to queue
[2025-06-26T23:06:19.794+0000] {logging_mixin.py:190} INFO - [2025-06-26T23:06:19.793+0000] {dagbag.py:588} INFO - Filling up the DagBag from /home/airflow/.local/lib/python3.12/site-packages/airflow/example_dags/tutorial_taskflow_api.py
[2025-06-26T23:06:19.811+0000] {processor.py:925} INFO - DAG(s) 'tutorial_taskflow_api' retrieved from /home/airflow/.local/lib/python3.12/site-packages/airflow/example_dags/tutorial_taskflow_api.py
[2025-06-26T23:06:19.834+0000] {logging_mixin.py:190} INFO - [2025-06-26T23:06:19.834+0000] {dag.py:3239} INFO - Sync 1 DAGs
[2025-06-26T23:06:19.849+0000] {logging_mixin.py:190} INFO - [2025-06-26T23:06:19.849+0000] {dag.py:4180} INFO - Setting next_dagrun for tutorial_taskflow_api to None, run_after=None
[2025-06-26T23:06:19.866+0000] {processor.py:208} INFO - Processing /home/airflow/.local/lib/python3.12/site-packages/airflow/example_dags/tutorial_taskflow_api.py took 0.102 seconds
[2025-06-26T23:06:50.915+0000] {processor.py:186} INFO - Started process (PID=1272) to work on /home/airflow/.local/lib/python3.12/site-packages/airflow/example_dags/tutorial_taskflow_api.py
[2025-06-26T23:06:50.920+0000] {processor.py:914} INFO - Processing file /home/airflow/.local/lib/python3.12/site-packages/airflow/example_dags/tutorial_taskflow_api.py for tasks to queue
[2025-06-26T23:06:50.923+0000] {logging_mixin.py:190} INFO - [2025-06-26T23:06:50.923+0000] {dagbag.py:588} INFO - Filling up the DagBag from /home/airflow/.local/lib/python3.12/site-packages/airflow/example_dags/tutorial_taskflow_api.py
[2025-06-26T23:06:50.932+0000] {processor.py:925} INFO - DAG(s) 'tutorial_taskflow_api' retrieved from /home/airflow/.local/lib/python3.12/site-packages/airflow/example_dags/tutorial_taskflow_api.py
[2025-06-26T23:06:50.949+0000] {logging_mixin.py:190} INFO - [2025-06-26T23:06:50.949+0000] {dag.py:3239} INFO - Sync 1 DAGs
[2025-06-26T23:06:50.960+0000] {logging_mixin.py:190} INFO - [2025-06-26T23:06:50.960+0000] {dag.py:4180} INFO - Setting next_dagrun for tutorial_taskflow_api to None, run_after=None
[2025-06-26T23:06:50.971+0000] {processor.py:208} INFO - Processing /home/airflow/.local/lib/python3.12/site-packages/airflow/example_dags/tutorial_taskflow_api.py took 0.062 seconds
[2025-06-26T23:07:22.245+0000] {processor.py:186} INFO - Started process (PID=1334) to work on /home/airflow/.local/lib/python3.12/site-packages/airflow/example_dags/tutorial_taskflow_api.py
[2025-06-26T23:07:22.251+0000] {processor.py:914} INFO - Processing file /home/airflow/.local/lib/python3.12/site-packages/airflow/example_dags/tutorial_taskflow_api.py for tasks to queue
[2025-06-26T23:07:22.258+0000] {logging_mixin.py:190} INFO - [2025-06-26T23:07:22.257+0000] {dagbag.py:588} INFO - Filling up the DagBag from /home/airflow/.local/lib/python3.12/site-packages/airflow/example_dags/tutorial_taskflow_api.py
[2025-06-26T23:07:22.267+0000] {processor.py:925} INFO - DAG(s) 'tutorial_taskflow_api' retrieved from /home/airflow/.local/lib/python3.12/site-packages/airflow/example_dags/tutorial_taskflow_api.py
[2025-06-26T23:07:22.313+0000] {logging_mixin.py:190} INFO - [2025-06-26T23:07:22.311+0000] {dag.py:3239} INFO - Sync 1 DAGs
[2025-06-26T23:07:22.338+0000] {logging_mixin.py:190} INFO - [2025-06-26T23:07:22.338+0000] {dag.py:4180} INFO - Setting next_dagrun for tutorial_taskflow_api to None, run_after=None
[2025-06-26T23:07:22.359+0000] {processor.py:208} INFO - Processing /home/airflow/.local/lib/python3.12/site-packages/airflow/example_dags/tutorial_taskflow_api.py took 0.120 seconds
