[2025-06-26T22:55:47.238+0000] {processor.py:186} INFO - Started process (PID=107) to work on /home/airflow/.local/lib/python3.12/site-packages/airflow/example_dags/tutorial.py
[2025-06-26T22:55:47.240+0000] {processor.py:914} INFO - Processing file /home/airflow/.local/lib/python3.12/site-packages/airflow/example_dags/tutorial.py for tasks to queue
[2025-06-26T22:55:47.248+0000] {logging_mixin.py:190} INFO - [2025-06-26T22:55:47.247+0000] {dagbag.py:588} INFO - Filling up the DagBag from /home/airflow/.local/lib/python3.12/site-packages/airflow/example_dags/tutorial.py
[2025-06-26T22:55:47.269+0000] {processor.py:925} INFO - DAG(s) 'tutorial' retrieved from /home/airflow/.local/lib/python3.12/site-packages/airflow/example_dags/tutorial.py
[2025-06-26T22:55:47.498+0000] {logging_mixin.py:190} INFO - [2025-06-26T22:55:47.496+0000] {override.py:1900} INFO - Created Permission View: can read on DAG:tutorial
[2025-06-26T22:55:47.522+0000] {logging_mixin.py:190} INFO - [2025-06-26T22:55:47.521+0000] {override.py:1900} INFO - Created Permission View: can delete on DAG:tutorial
[2025-06-26T22:55:47.526+0000] {logging_mixin.py:190} INFO - [2025-06-26T22:55:47.526+0000] {override.py:1900} INFO - Created Permission View: can edit on DAG:tutorial
[2025-06-26T22:55:47.529+0000] {logging_mixin.py:190} INFO - [2025-06-26T22:55:47.529+0000] {override.py:1900} INFO - Created Permission View: can read on DAG Run:tutorial
[2025-06-26T22:55:47.533+0000] {logging_mixin.py:190} INFO - [2025-06-26T22:55:47.533+0000] {override.py:1900} INFO - Created Permission View: menu access on DAG Run:tutorial
[2025-06-26T22:55:47.539+0000] {logging_mixin.py:190} INFO - [2025-06-26T22:55:47.539+0000] {override.py:1900} INFO - Created Permission View: can delete on DAG Run:tutorial
[2025-06-26T22:55:47.546+0000] {logging_mixin.py:190} INFO - [2025-06-26T22:55:47.546+0000] {override.py:1900} INFO - Created Permission View: can create on DAG Run:tutorial
[2025-06-26T22:55:47.546+0000] {logging_mixin.py:190} INFO - [2025-06-26T22:55:47.546+0000] {dag.py:3239} INFO - Sync 1 DAGs
[2025-06-26T22:55:47.563+0000] {logging_mixin.py:190} INFO - [2025-06-26T22:55:47.563+0000] {dag.py:3262} INFO - Creating ORM DAG for tutorial
[2025-06-26T22:55:47.579+0000] {logging_mixin.py:190} INFO - [2025-06-26T22:55:47.579+0000] {dag.py:4180} INFO - Setting next_dagrun for tutorial to 2025-06-25 00:00:00+00:00, run_after=2025-06-26 00:00:00+00:00
[2025-06-26T22:55:47.596+0000] {processor.py:208} INFO - Processing /home/airflow/.local/lib/python3.12/site-packages/airflow/example_dags/tutorial.py took 0.367 seconds
[2025-06-26T22:56:17.788+0000] {processor.py:186} INFO - Started process (PID=169) to work on /home/airflow/.local/lib/python3.12/site-packages/airflow/example_dags/tutorial.py
[2025-06-26T22:56:17.795+0000] {processor.py:914} INFO - Processing file /home/airflow/.local/lib/python3.12/site-packages/airflow/example_dags/tutorial.py for tasks to queue
[2025-06-26T22:56:17.827+0000] {logging_mixin.py:190} INFO - [2025-06-26T22:56:17.818+0000] {dagbag.py:588} INFO - Filling up the DagBag from /home/airflow/.local/lib/python3.12/site-packages/airflow/example_dags/tutorial.py
[2025-06-26T22:56:17.893+0000] {processor.py:925} INFO - DAG(s) 'tutorial' retrieved from /home/airflow/.local/lib/python3.12/site-packages/airflow/example_dags/tutorial.py
[2025-06-26T22:56:18.058+0000] {logging_mixin.py:190} INFO - [2025-06-26T22:56:18.056+0000] {dag.py:3239} INFO - Sync 1 DAGs
[2025-06-26T22:56:18.136+0000] {logging_mixin.py:190} INFO - [2025-06-26T22:56:18.135+0000] {dag.py:4180} INFO - Setting next_dagrun for tutorial to 2025-06-25 00:00:00+00:00, run_after=2025-06-26 00:00:00+00:00
[2025-06-26T22:56:18.180+0000] {processor.py:208} INFO - Processing /home/airflow/.local/lib/python3.12/site-packages/airflow/example_dags/tutorial.py took 0.420 seconds
[2025-06-26T22:56:49.137+0000] {processor.py:186} INFO - Started process (PID=231) to work on /home/airflow/.local/lib/python3.12/site-packages/airflow/example_dags/tutorial.py
[2025-06-26T22:56:49.149+0000] {processor.py:914} INFO - Processing file /home/airflow/.local/lib/python3.12/site-packages/airflow/example_dags/tutorial.py for tasks to queue
[2025-06-26T22:56:49.165+0000] {logging_mixin.py:190} INFO - [2025-06-26T22:56:49.164+0000] {dagbag.py:588} INFO - Filling up the DagBag from /home/airflow/.local/lib/python3.12/site-packages/airflow/example_dags/tutorial.py
[2025-06-26T22:56:49.292+0000] {processor.py:925} INFO - DAG(s) 'tutorial' retrieved from /home/airflow/.local/lib/python3.12/site-packages/airflow/example_dags/tutorial.py
[2025-06-26T22:56:49.478+0000] {logging_mixin.py:190} INFO - [2025-06-26T22:56:49.477+0000] {dag.py:3239} INFO - Sync 1 DAGs
[2025-06-26T22:56:49.726+0000] {logging_mixin.py:190} INFO - [2025-06-26T22:56:49.725+0000] {dag.py:4180} INFO - Setting next_dagrun for tutorial to 2025-06-25 00:00:00+00:00, run_after=2025-06-26 00:00:00+00:00
[2025-06-26T22:56:49.805+0000] {processor.py:208} INFO - Processing /home/airflow/.local/lib/python3.12/site-packages/airflow/example_dags/tutorial.py took 0.771 seconds
[2025-06-26T22:57:20.642+0000] {processor.py:186} INFO - Started process (PID=293) to work on /home/airflow/.local/lib/python3.12/site-packages/airflow/example_dags/tutorial.py
[2025-06-26T22:57:20.645+0000] {processor.py:914} INFO - Processing file /home/airflow/.local/lib/python3.12/site-packages/airflow/example_dags/tutorial.py for tasks to queue
[2025-06-26T22:57:20.666+0000] {logging_mixin.py:190} INFO - [2025-06-26T22:57:20.656+0000] {dagbag.py:588} INFO - Filling up the DagBag from /home/airflow/.local/lib/python3.12/site-packages/airflow/example_dags/tutorial.py
[2025-06-26T22:57:20.735+0000] {processor.py:925} INFO - DAG(s) 'tutorial' retrieved from /home/airflow/.local/lib/python3.12/site-packages/airflow/example_dags/tutorial.py
[2025-06-26T22:57:20.842+0000] {logging_mixin.py:190} INFO - [2025-06-26T22:57:20.841+0000] {dag.py:3239} INFO - Sync 1 DAGs
[2025-06-26T22:57:20.899+0000] {logging_mixin.py:190} INFO - [2025-06-26T22:57:20.899+0000] {dag.py:4180} INFO - Setting next_dagrun for tutorial to 2025-06-25 00:00:00+00:00, run_after=2025-06-26 00:00:00+00:00
[2025-06-26T22:57:20.964+0000] {processor.py:208} INFO - Processing /home/airflow/.local/lib/python3.12/site-packages/airflow/example_dags/tutorial.py took 0.345 seconds
[2025-06-26T22:58:16.706+0000] {processor.py:186} INFO - Started process (PID=365) to work on /home/airflow/.local/lib/python3.12/site-packages/airflow/example_dags/tutorial.py
[2025-06-26T22:58:16.718+0000] {processor.py:914} INFO - Processing file /home/airflow/.local/lib/python3.12/site-packages/airflow/example_dags/tutorial.py for tasks to queue
[2025-06-26T22:58:16.726+0000] {logging_mixin.py:190} INFO - [2025-06-26T22:58:16.725+0000] {dagbag.py:588} INFO - Filling up the DagBag from /home/airflow/.local/lib/python3.12/site-packages/airflow/example_dags/tutorial.py
[2025-06-26T22:58:16.766+0000] {processor.py:925} INFO - DAG(s) 'tutorial' retrieved from /home/airflow/.local/lib/python3.12/site-packages/airflow/example_dags/tutorial.py
[2025-06-26T22:58:16.884+0000] {logging_mixin.py:190} INFO - [2025-06-26T22:58:16.884+0000] {dag.py:3239} INFO - Sync 1 DAGs
[2025-06-26T22:58:16.946+0000] {logging_mixin.py:190} INFO - [2025-06-26T22:58:16.945+0000] {dag.py:4180} INFO - Setting next_dagrun for tutorial to 2025-06-25 00:00:00+00:00, run_after=2025-06-26 00:00:00+00:00
[2025-06-26T22:58:17.029+0000] {processor.py:208} INFO - Processing /home/airflow/.local/lib/python3.12/site-packages/airflow/example_dags/tutorial.py took 0.343 seconds
[2025-06-26T22:59:03.128+0000] {processor.py:186} INFO - Started process (PID=438) to work on /home/airflow/.local/lib/python3.12/site-packages/airflow/example_dags/tutorial.py
[2025-06-26T22:59:03.134+0000] {processor.py:914} INFO - Processing file /home/airflow/.local/lib/python3.12/site-packages/airflow/example_dags/tutorial.py for tasks to queue
[2025-06-26T22:59:03.141+0000] {logging_mixin.py:190} INFO - [2025-06-26T22:59:03.140+0000] {dagbag.py:588} INFO - Filling up the DagBag from /home/airflow/.local/lib/python3.12/site-packages/airflow/example_dags/tutorial.py
[2025-06-26T22:59:03.152+0000] {processor.py:925} INFO - DAG(s) 'tutorial' retrieved from /home/airflow/.local/lib/python3.12/site-packages/airflow/example_dags/tutorial.py
[2025-06-26T22:59:03.191+0000] {logging_mixin.py:190} INFO - [2025-06-26T22:59:03.191+0000] {dag.py:3239} INFO - Sync 1 DAGs
[2025-06-26T22:59:03.225+0000] {logging_mixin.py:190} INFO - [2025-06-26T22:59:03.225+0000] {dag.py:4180} INFO - Setting next_dagrun for tutorial to 2025-06-25 00:00:00+00:00, run_after=2025-06-26 00:00:00+00:00
[2025-06-26T22:59:03.256+0000] {processor.py:208} INFO - Processing /home/airflow/.local/lib/python3.12/site-packages/airflow/example_dags/tutorial.py took 0.144 seconds
[2025-06-26T22:59:42.021+0000] {processor.py:186} INFO - Started process (PID=512) to work on /home/airflow/.local/lib/python3.12/site-packages/airflow/example_dags/tutorial.py
[2025-06-26T22:59:42.022+0000] {processor.py:914} INFO - Processing file /home/airflow/.local/lib/python3.12/site-packages/airflow/example_dags/tutorial.py for tasks to queue
[2025-06-26T22:59:42.026+0000] {logging_mixin.py:190} INFO - [2025-06-26T22:59:42.026+0000] {dagbag.py:588} INFO - Filling up the DagBag from /home/airflow/.local/lib/python3.12/site-packages/airflow/example_dags/tutorial.py
[2025-06-26T22:59:42.033+0000] {processor.py:925} INFO - DAG(s) 'tutorial' retrieved from /home/airflow/.local/lib/python3.12/site-packages/airflow/example_dags/tutorial.py
[2025-06-26T22:59:42.064+0000] {logging_mixin.py:190} INFO - [2025-06-26T22:59:42.063+0000] {dag.py:3239} INFO - Sync 1 DAGs
[2025-06-26T22:59:42.096+0000] {logging_mixin.py:190} INFO - [2025-06-26T22:59:42.096+0000] {dag.py:4180} INFO - Setting next_dagrun for tutorial to 2025-06-25 00:00:00+00:00, run_after=2025-06-26 00:00:00+00:00
[2025-06-26T22:59:42.122+0000] {processor.py:208} INFO - Processing /home/airflow/.local/lib/python3.12/site-packages/airflow/example_dags/tutorial.py took 0.111 seconds
[2025-06-26T23:00:12.697+0000] {processor.py:186} INFO - Started process (PID=574) to work on /home/airflow/.local/lib/python3.12/site-packages/airflow/example_dags/tutorial.py
[2025-06-26T23:00:12.699+0000] {processor.py:914} INFO - Processing file /home/airflow/.local/lib/python3.12/site-packages/airflow/example_dags/tutorial.py for tasks to queue
[2025-06-26T23:00:12.702+0000] {logging_mixin.py:190} INFO - [2025-06-26T23:00:12.702+0000] {dagbag.py:588} INFO - Filling up the DagBag from /home/airflow/.local/lib/python3.12/site-packages/airflow/example_dags/tutorial.py
[2025-06-26T23:00:12.710+0000] {processor.py:925} INFO - DAG(s) 'tutorial' retrieved from /home/airflow/.local/lib/python3.12/site-packages/airflow/example_dags/tutorial.py
[2025-06-26T23:00:12.726+0000] {logging_mixin.py:190} INFO - [2025-06-26T23:00:12.726+0000] {dag.py:3239} INFO - Sync 1 DAGs
[2025-06-26T23:00:12.752+0000] {logging_mixin.py:190} INFO - [2025-06-26T23:00:12.752+0000] {dag.py:4180} INFO - Setting next_dagrun for tutorial to 2025-06-25 00:00:00+00:00, run_after=2025-06-26 00:00:00+00:00
[2025-06-26T23:00:12.766+0000] {processor.py:208} INFO - Processing /home/airflow/.local/lib/python3.12/site-packages/airflow/example_dags/tutorial.py took 0.074 seconds
[2025-06-26T23:00:45.627+0000] {processor.py:186} INFO - Started process (PID=636) to work on /home/airflow/.local/lib/python3.12/site-packages/airflow/example_dags/tutorial.py
[2025-06-26T23:00:45.628+0000] {processor.py:914} INFO - Processing file /home/airflow/.local/lib/python3.12/site-packages/airflow/example_dags/tutorial.py for tasks to queue
[2025-06-26T23:00:45.630+0000] {logging_mixin.py:190} INFO - [2025-06-26T23:00:45.630+0000] {dagbag.py:588} INFO - Filling up the DagBag from /home/airflow/.local/lib/python3.12/site-packages/airflow/example_dags/tutorial.py
[2025-06-26T23:00:45.637+0000] {processor.py:925} INFO - DAG(s) 'tutorial' retrieved from /home/airflow/.local/lib/python3.12/site-packages/airflow/example_dags/tutorial.py
[2025-06-26T23:00:45.652+0000] {logging_mixin.py:190} INFO - [2025-06-26T23:00:45.652+0000] {dag.py:3239} INFO - Sync 1 DAGs
[2025-06-26T23:00:45.668+0000] {logging_mixin.py:190} INFO - [2025-06-26T23:00:45.668+0000] {dag.py:4180} INFO - Setting next_dagrun for tutorial to 2025-06-25 00:00:00+00:00, run_after=2025-06-26 00:00:00+00:00
[2025-06-26T23:00:45.688+0000] {processor.py:208} INFO - Processing /home/airflow/.local/lib/python3.12/site-packages/airflow/example_dags/tutorial.py took 0.067 seconds
[2025-06-26T23:01:18.066+0000] {processor.py:186} INFO - Started process (PID=698) to work on /home/airflow/.local/lib/python3.12/site-packages/airflow/example_dags/tutorial.py
[2025-06-26T23:01:18.069+0000] {processor.py:914} INFO - Processing file /home/airflow/.local/lib/python3.12/site-packages/airflow/example_dags/tutorial.py for tasks to queue
[2025-06-26T23:01:18.077+0000] {logging_mixin.py:190} INFO - [2025-06-26T23:01:18.077+0000] {dagbag.py:588} INFO - Filling up the DagBag from /home/airflow/.local/lib/python3.12/site-packages/airflow/example_dags/tutorial.py
[2025-06-26T23:01:18.094+0000] {processor.py:925} INFO - DAG(s) 'tutorial' retrieved from /home/airflow/.local/lib/python3.12/site-packages/airflow/example_dags/tutorial.py
[2025-06-26T23:01:18.142+0000] {logging_mixin.py:190} INFO - [2025-06-26T23:01:18.141+0000] {dag.py:3239} INFO - Sync 1 DAGs
[2025-06-26T23:01:18.169+0000] {logging_mixin.py:190} INFO - [2025-06-26T23:01:18.169+0000] {dag.py:4180} INFO - Setting next_dagrun for tutorial to 2025-06-25 00:00:00+00:00, run_after=2025-06-26 00:00:00+00:00
[2025-06-26T23:01:18.180+0000] {processor.py:208} INFO - Processing /home/airflow/.local/lib/python3.12/site-packages/airflow/example_dags/tutorial.py took 0.127 seconds
[2025-06-26T23:01:53.393+0000] {processor.py:186} INFO - Started process (PID=770) to work on /home/airflow/.local/lib/python3.12/site-packages/airflow/example_dags/tutorial.py
[2025-06-26T23:01:53.398+0000] {processor.py:914} INFO - Processing file /home/airflow/.local/lib/python3.12/site-packages/airflow/example_dags/tutorial.py for tasks to queue
[2025-06-26T23:01:53.408+0000] {logging_mixin.py:190} INFO - [2025-06-26T23:01:53.406+0000] {dagbag.py:588} INFO - Filling up the DagBag from /home/airflow/.local/lib/python3.12/site-packages/airflow/example_dags/tutorial.py
[2025-06-26T23:01:53.445+0000] {processor.py:925} INFO - DAG(s) 'tutorial' retrieved from /home/airflow/.local/lib/python3.12/site-packages/airflow/example_dags/tutorial.py
[2025-06-26T23:01:53.475+0000] {logging_mixin.py:190} INFO - [2025-06-26T23:01:53.475+0000] {dag.py:3239} INFO - Sync 1 DAGs
[2025-06-26T23:01:53.500+0000] {logging_mixin.py:190} INFO - [2025-06-26T23:01:53.500+0000] {dag.py:4180} INFO - Setting next_dagrun for tutorial to 2025-06-25 00:00:00+00:00, run_after=2025-06-26 00:00:00+00:00
[2025-06-26T23:01:53.516+0000] {processor.py:208} INFO - Processing /home/airflow/.local/lib/python3.12/site-packages/airflow/example_dags/tutorial.py took 0.143 seconds
[2025-06-26T23:02:24.028+0000] {processor.py:186} INFO - Started process (PID=832) to work on /home/airflow/.local/lib/python3.12/site-packages/airflow/example_dags/tutorial.py
[2025-06-26T23:02:24.029+0000] {processor.py:914} INFO - Processing file /home/airflow/.local/lib/python3.12/site-packages/airflow/example_dags/tutorial.py for tasks to queue
[2025-06-26T23:02:24.031+0000] {logging_mixin.py:190} INFO - [2025-06-26T23:02:24.031+0000] {dagbag.py:588} INFO - Filling up the DagBag from /home/airflow/.local/lib/python3.12/site-packages/airflow/example_dags/tutorial.py
[2025-06-26T23:02:24.041+0000] {processor.py:925} INFO - DAG(s) 'tutorial' retrieved from /home/airflow/.local/lib/python3.12/site-packages/airflow/example_dags/tutorial.py
[2025-06-26T23:02:24.060+0000] {logging_mixin.py:190} INFO - [2025-06-26T23:02:24.060+0000] {dag.py:3239} INFO - Sync 1 DAGs
[2025-06-26T23:02:24.078+0000] {logging_mixin.py:190} INFO - [2025-06-26T23:02:24.078+0000] {dag.py:4180} INFO - Setting next_dagrun for tutorial to 2025-06-25 00:00:00+00:00, run_after=2025-06-26 00:00:00+00:00
[2025-06-26T23:02:24.094+0000] {processor.py:208} INFO - Processing /home/airflow/.local/lib/python3.12/site-packages/airflow/example_dags/tutorial.py took 0.069 seconds
[2025-06-26T23:02:57.315+0000] {processor.py:186} INFO - Started process (PID=894) to work on /home/airflow/.local/lib/python3.12/site-packages/airflow/example_dags/tutorial.py
[2025-06-26T23:02:57.317+0000] {processor.py:914} INFO - Processing file /home/airflow/.local/lib/python3.12/site-packages/airflow/example_dags/tutorial.py for tasks to queue
[2025-06-26T23:02:57.320+0000] {logging_mixin.py:190} INFO - [2025-06-26T23:02:57.320+0000] {dagbag.py:588} INFO - Filling up the DagBag from /home/airflow/.local/lib/python3.12/site-packages/airflow/example_dags/tutorial.py
[2025-06-26T23:02:57.334+0000] {processor.py:925} INFO - DAG(s) 'tutorial' retrieved from /home/airflow/.local/lib/python3.12/site-packages/airflow/example_dags/tutorial.py
[2025-06-26T23:02:57.365+0000] {logging_mixin.py:190} INFO - [2025-06-26T23:02:57.365+0000] {dag.py:3239} INFO - Sync 1 DAGs
[2025-06-26T23:02:57.398+0000] {logging_mixin.py:190} INFO - [2025-06-26T23:02:57.398+0000] {dag.py:4180} INFO - Setting next_dagrun for tutorial to 2025-06-25 00:00:00+00:00, run_after=2025-06-26 00:00:00+00:00
[2025-06-26T23:02:57.429+0000] {processor.py:208} INFO - Processing /home/airflow/.local/lib/python3.12/site-packages/airflow/example_dags/tutorial.py took 0.127 seconds
[2025-06-26T23:03:43.325+0000] {processor.py:186} INFO - Started process (PID=956) to work on /home/airflow/.local/lib/python3.12/site-packages/airflow/example_dags/tutorial.py
[2025-06-26T23:03:43.326+0000] {processor.py:914} INFO - Processing file /home/airflow/.local/lib/python3.12/site-packages/airflow/example_dags/tutorial.py for tasks to queue
[2025-06-26T23:03:43.329+0000] {logging_mixin.py:190} INFO - [2025-06-26T23:03:43.329+0000] {dagbag.py:588} INFO - Filling up the DagBag from /home/airflow/.local/lib/python3.12/site-packages/airflow/example_dags/tutorial.py
[2025-06-26T23:03:43.340+0000] {processor.py:925} INFO - DAG(s) 'tutorial' retrieved from /home/airflow/.local/lib/python3.12/site-packages/airflow/example_dags/tutorial.py
[2025-06-26T23:03:43.364+0000] {logging_mixin.py:190} INFO - [2025-06-26T23:03:43.364+0000] {dag.py:3239} INFO - Sync 1 DAGs
[2025-06-26T23:03:43.405+0000] {logging_mixin.py:190} INFO - [2025-06-26T23:03:43.405+0000] {dag.py:4180} INFO - Setting next_dagrun for tutorial to 2025-06-25 00:00:00+00:00, run_after=2025-06-26 00:00:00+00:00
[2025-06-26T23:03:43.428+0000] {processor.py:208} INFO - Processing /home/airflow/.local/lib/python3.12/site-packages/airflow/example_dags/tutorial.py took 0.112 seconds
[2025-06-26T23:04:35.865+0000] {processor.py:186} INFO - Started process (PID=1029) to work on /home/airflow/.local/lib/python3.12/site-packages/airflow/example_dags/tutorial.py
[2025-06-26T23:04:35.866+0000] {processor.py:914} INFO - Processing file /home/airflow/.local/lib/python3.12/site-packages/airflow/example_dags/tutorial.py for tasks to queue
[2025-06-26T23:04:35.869+0000] {logging_mixin.py:190} INFO - [2025-06-26T23:04:35.869+0000] {dagbag.py:588} INFO - Filling up the DagBag from /home/airflow/.local/lib/python3.12/site-packages/airflow/example_dags/tutorial.py
[2025-06-26T23:04:35.888+0000] {processor.py:925} INFO - DAG(s) 'tutorial' retrieved from /home/airflow/.local/lib/python3.12/site-packages/airflow/example_dags/tutorial.py
[2025-06-26T23:04:35.925+0000] {logging_mixin.py:190} INFO - [2025-06-26T23:04:35.925+0000] {dag.py:3239} INFO - Sync 1 DAGs
[2025-06-26T23:04:35.958+0000] {logging_mixin.py:190} INFO - [2025-06-26T23:04:35.958+0000] {dag.py:4180} INFO - Setting next_dagrun for tutorial to 2025-06-25 00:00:00+00:00, run_after=2025-06-26 00:00:00+00:00
[2025-06-26T23:04:35.974+0000] {processor.py:208} INFO - Processing /home/airflow/.local/lib/python3.12/site-packages/airflow/example_dags/tutorial.py took 0.116 seconds
[2025-06-26T23:05:12.648+0000] {processor.py:186} INFO - Started process (PID=1090) to work on /home/airflow/.local/lib/python3.12/site-packages/airflow/example_dags/tutorial.py
[2025-06-26T23:05:12.652+0000] {processor.py:914} INFO - Processing file /home/airflow/.local/lib/python3.12/site-packages/airflow/example_dags/tutorial.py for tasks to queue
[2025-06-26T23:05:12.654+0000] {logging_mixin.py:190} INFO - [2025-06-26T23:05:12.654+0000] {dagbag.py:588} INFO - Filling up the DagBag from /home/airflow/.local/lib/python3.12/site-packages/airflow/example_dags/tutorial.py
[2025-06-26T23:05:12.661+0000] {processor.py:925} INFO - DAG(s) 'tutorial' retrieved from /home/airflow/.local/lib/python3.12/site-packages/airflow/example_dags/tutorial.py
[2025-06-26T23:05:12.678+0000] {logging_mixin.py:190} INFO - [2025-06-26T23:05:12.678+0000] {dag.py:3239} INFO - Sync 1 DAGs
[2025-06-26T23:05:12.696+0000] {logging_mixin.py:190} INFO - [2025-06-26T23:05:12.696+0000] {dag.py:4180} INFO - Setting next_dagrun for tutorial to 2025-06-25 00:00:00+00:00, run_after=2025-06-26 00:00:00+00:00
[2025-06-26T23:05:12.711+0000] {processor.py:208} INFO - Processing /home/airflow/.local/lib/python3.12/site-packages/airflow/example_dags/tutorial.py took 0.066 seconds
[2025-06-26T23:05:43.595+0000] {processor.py:186} INFO - Started process (PID=1152) to work on /home/airflow/.local/lib/python3.12/site-packages/airflow/example_dags/tutorial.py
[2025-06-26T23:05:43.597+0000] {processor.py:914} INFO - Processing file /home/airflow/.local/lib/python3.12/site-packages/airflow/example_dags/tutorial.py for tasks to queue
[2025-06-26T23:05:43.599+0000] {logging_mixin.py:190} INFO - [2025-06-26T23:05:43.599+0000] {dagbag.py:588} INFO - Filling up the DagBag from /home/airflow/.local/lib/python3.12/site-packages/airflow/example_dags/tutorial.py
[2025-06-26T23:05:43.605+0000] {processor.py:925} INFO - DAG(s) 'tutorial' retrieved from /home/airflow/.local/lib/python3.12/site-packages/airflow/example_dags/tutorial.py
[2025-06-26T23:05:43.618+0000] {logging_mixin.py:190} INFO - [2025-06-26T23:05:43.618+0000] {dag.py:3239} INFO - Sync 1 DAGs
[2025-06-26T23:05:43.635+0000] {logging_mixin.py:190} INFO - [2025-06-26T23:05:43.635+0000] {dag.py:4180} INFO - Setting next_dagrun for tutorial to 2025-06-25 00:00:00+00:00, run_after=2025-06-26 00:00:00+00:00
[2025-06-26T23:05:43.646+0000] {processor.py:208} INFO - Processing /home/airflow/.local/lib/python3.12/site-packages/airflow/example_dags/tutorial.py took 0.057 seconds
[2025-06-26T23:06:20.054+0000] {processor.py:186} INFO - Started process (PID=1214) to work on /home/airflow/.local/lib/python3.12/site-packages/airflow/example_dags/tutorial.py
[2025-06-26T23:06:20.056+0000] {processor.py:914} INFO - Processing file /home/airflow/.local/lib/python3.12/site-packages/airflow/example_dags/tutorial.py for tasks to queue
[2025-06-26T23:06:20.061+0000] {logging_mixin.py:190} INFO - [2025-06-26T23:06:20.061+0000] {dagbag.py:588} INFO - Filling up the DagBag from /home/airflow/.local/lib/python3.12/site-packages/airflow/example_dags/tutorial.py
[2025-06-26T23:06:20.079+0000] {processor.py:925} INFO - DAG(s) 'tutorial' retrieved from /home/airflow/.local/lib/python3.12/site-packages/airflow/example_dags/tutorial.py
[2025-06-26T23:06:20.112+0000] {logging_mixin.py:190} INFO - [2025-06-26T23:06:20.112+0000] {dag.py:3239} INFO - Sync 1 DAGs
[2025-06-26T23:06:20.133+0000] {logging_mixin.py:190} INFO - [2025-06-26T23:06:20.133+0000] {dag.py:4180} INFO - Setting next_dagrun for tutorial to 2025-06-25 00:00:00+00:00, run_after=2025-06-26 00:00:00+00:00
[2025-06-26T23:06:20.145+0000] {processor.py:208} INFO - Processing /home/airflow/.local/lib/python3.12/site-packages/airflow/example_dags/tutorial.py took 0.097 seconds
[2025-06-26T23:06:51.084+0000] {processor.py:186} INFO - Started process (PID=1276) to work on /home/airflow/.local/lib/python3.12/site-packages/airflow/example_dags/tutorial.py
[2025-06-26T23:06:51.085+0000] {processor.py:914} INFO - Processing file /home/airflow/.local/lib/python3.12/site-packages/airflow/example_dags/tutorial.py for tasks to queue
[2025-06-26T23:06:51.087+0000] {logging_mixin.py:190} INFO - [2025-06-26T23:06:51.087+0000] {dagbag.py:588} INFO - Filling up the DagBag from /home/airflow/.local/lib/python3.12/site-packages/airflow/example_dags/tutorial.py
[2025-06-26T23:06:51.091+0000] {processor.py:925} INFO - DAG(s) 'tutorial' retrieved from /home/airflow/.local/lib/python3.12/site-packages/airflow/example_dags/tutorial.py
[2025-06-26T23:06:51.101+0000] {logging_mixin.py:190} INFO - [2025-06-26T23:06:51.101+0000] {dag.py:3239} INFO - Sync 1 DAGs
[2025-06-26T23:06:51.111+0000] {logging_mixin.py:190} INFO - [2025-06-26T23:06:51.111+0000] {dag.py:4180} INFO - Setting next_dagrun for tutorial to 2025-06-25 00:00:00+00:00, run_after=2025-06-26 00:00:00+00:00
[2025-06-26T23:06:51.118+0000] {processor.py:208} INFO - Processing /home/airflow/.local/lib/python3.12/site-packages/airflow/example_dags/tutorial.py took 0.037 seconds
[2025-06-26T23:07:22.518+0000] {processor.py:186} INFO - Started process (PID=1338) to work on /home/airflow/.local/lib/python3.12/site-packages/airflow/example_dags/tutorial.py
[2025-06-26T23:07:22.520+0000] {processor.py:914} INFO - Processing file /home/airflow/.local/lib/python3.12/site-packages/airflow/example_dags/tutorial.py for tasks to queue
[2025-06-26T23:07:22.530+0000] {logging_mixin.py:190} INFO - [2025-06-26T23:07:22.529+0000] {dagbag.py:588} INFO - Filling up the DagBag from /home/airflow/.local/lib/python3.12/site-packages/airflow/example_dags/tutorial.py
[2025-06-26T23:07:22.543+0000] {processor.py:925} INFO - DAG(s) 'tutorial' retrieved from /home/airflow/.local/lib/python3.12/site-packages/airflow/example_dags/tutorial.py
[2025-06-26T23:07:22.570+0000] {logging_mixin.py:190} INFO - [2025-06-26T23:07:22.569+0000] {dag.py:3239} INFO - Sync 1 DAGs
[2025-06-26T23:07:22.605+0000] {logging_mixin.py:190} INFO - [2025-06-26T23:07:22.605+0000] {dag.py:4180} INFO - Setting next_dagrun for tutorial to 2025-06-25 00:00:00+00:00, run_after=2025-06-26 00:00:00+00:00
[2025-06-26T23:07:22.637+0000] {processor.py:208} INFO - Processing /home/airflow/.local/lib/python3.12/site-packages/airflow/example_dags/tutorial.py took 0.125 seconds
