[2025-07-02T02:06:45.903+0000] {local_task_job_runner.py:123} INFO - ::group::Pre task execution logs
[2025-07-02T02:06:45.911+0000] {taskinstance.py:2612} INFO - Dependencies all met for dep_context=non-requeueable deps ti=<TaskInstance: extract_raw_data_pipeline.extract_raw_data manual__2025-07-02T02:06:44.434653+00:00 [queued]>
[2025-07-02T02:06:45.917+0000] {taskinstance.py:2612} INFO - Dependencies all met for dep_context=requeueable deps ti=<TaskInstance: extract_raw_data_pipeline.extract_raw_data manual__2025-07-02T02:06:44.434653+00:00 [queued]>
[2025-07-02T02:06:45.917+0000] {taskinstance.py:2865} INFO - Starting attempt 1 of 1
[2025-07-02T02:06:45.925+0000] {taskinstance.py:2888} INFO - Executing <Task(PythonOperator): extract_raw_data> on 2025-07-02 02:06:44.434653+00:00
[2025-07-02T02:06:45.931+0000] {warnings.py:112} WARNING - /home/***/.local/lib/python3.12/site-packages/***/task/task_runner/standard_task_runner.py:70: DeprecationWarning: This process (pid=612) is multi-threaded, use of fork() may lead to deadlocks in the child.
  pid = os.fork()

[2025-07-02T02:06:45.932+0000] {standard_task_runner.py:72} INFO - Started process 617 to run task
[2025-07-02T02:06:45.932+0000] {standard_task_runner.py:104} INFO - Running: ['***', 'tasks', 'run', 'extract_raw_data_pipeline', 'extract_raw_data', 'manual__2025-07-02T02:06:44.434653+00:00', '--job-id', '20', '--raw', '--subdir', 'DAGS_FOLDER/driven_data_pipeline.py', '--cfg-path', '/tmp/tmprmnvp9vi']
[2025-07-02T02:06:45.933+0000] {standard_task_runner.py:105} INFO - Job 20: Subtask extract_raw_data
[2025-07-02T02:06:45.958+0000] {task_command.py:467} INFO - Running <TaskInstance: extract_raw_data_pipeline.extract_raw_data manual__2025-07-02T02:06:44.434653+00:00 [running]> on host d72061e35924
[2025-07-02T02:06:46.010+0000] {taskinstance.py:3131} INFO - Exporting env vars: AIRFLOW_CTX_DAG_OWNER='***' AIRFLOW_CTX_DAG_ID='extract_raw_data_pipeline' AIRFLOW_CTX_TASK_ID='extract_raw_data' AIRFLOW_CTX_EXECUTION_DATE='2025-07-02T02:06:44.434653+00:00' AIRFLOW_CTX_TRY_NUMBER='1' AIRFLOW_CTX_DAG_RUN_ID='manual__2025-07-02T02:06:44.434653+00:00'
[2025-07-02T02:06:46.011+0000] {taskinstance.py:731} INFO - ::endgroup::
[2025-07-02T02:06:46.025+0000] {driven_data_pipeline.py:151} INFO - Started batch processing for 2025-07-02.
[2025-07-02T02:06:46.025+0000] {driven_data_pipeline.py:34} INFO - Created synthetic data for MX country code.
[2025-07-02T02:06:46.101+0000] {driven_data_pipeline.py:100} INFO - Written 290 records to the CSV file.
[2025-07-02T02:06:46.159+0000] {driven_data_pipeline.py:118} INFO - Added UUID to the dataset.
[2025-07-02T02:06:46.169+0000] {driven_data_pipeline.py:143} INFO - Updated accessed timestamp.
[2025-07-02T02:06:46.169+0000] {driven_data_pipeline.py:159} INFO - Finished batch processing 2025-07-02.
[2025-07-02T02:06:46.169+0000] {python.py:240} INFO - Done. Returned value was: None
[2025-07-02T02:06:46.175+0000] {taskinstance.py:340} INFO - ::group::Post task execution logs
[2025-07-02T02:06:46.176+0000] {taskinstance.py:352} INFO - Marking task as SUCCESS. dag_id=extract_raw_data_pipeline, task_id=extract_raw_data, run_id=manual__2025-07-02T02:06:44.434653+00:00, execution_date=20250702T020644, start_date=20250702T020645, end_date=20250702T020646
[2025-07-02T02:06:46.195+0000] {local_task_job_runner.py:266} INFO - Task exited with return code 0
[2025-07-02T02:06:46.209+0000] {taskinstance.py:3900} INFO - 1 downstream tasks scheduled from follow-on schedule check
[2025-07-02T02:06:46.209+0000] {local_task_job_runner.py:245} INFO - ::endgroup::
