[2025-07-02T08:49:53.254+0000] {local_task_job_runner.py:123} INFO - ::group::Pre task execution logs
[2025-07-02T08:49:53.306+0000] {taskinstance.py:2612} INFO - Dependencies all met for dep_context=non-requeueable deps ti=<TaskInstance: extract_raw_data_pipeline.extract_raw_data scheduled__2025-07-02T07:46:00+00:00 [queued]>
[2025-07-02T08:49:53.325+0000] {taskinstance.py:2612} INFO - Dependencies all met for dep_context=requeueable deps ti=<TaskInstance: extract_raw_data_pipeline.extract_raw_data scheduled__2025-07-02T07:46:00+00:00 [queued]>
[2025-07-02T08:49:53.327+0000] {taskinstance.py:2865} INFO - Starting attempt 1 of 1
[2025-07-02T08:49:53.355+0000] {taskinstance.py:2888} INFO - Executing <Task(PythonOperator): extract_raw_data> on 2025-07-02 07:46:00+00:00
[2025-07-02T08:49:53.385+0000] {warnings.py:112} WARNING - /home/***/.local/lib/python3.12/site-packages/***/task/task_runner/standard_task_runner.py:70: DeprecationWarning: This process (pid=1440) is multi-threaded, use of fork() may lead to deadlocks in the child.
  pid = os.fork()

[2025-07-02T08:49:53.399+0000] {standard_task_runner.py:72} INFO - Started process 1445 to run task
[2025-07-02T08:49:53.398+0000] {standard_task_runner.py:104} INFO - Running: ['***', 'tasks', 'run', 'extract_raw_data_pipeline', 'extract_raw_data', 'scheduled__2025-07-02T07:46:00+00:00', '--job-id', '95', '--raw', '--subdir', 'DAGS_FOLDER/driven_data_pipeline.py', '--cfg-path', '/tmp/tmphk4knr1s']
[2025-07-02T08:49:53.406+0000] {standard_task_runner.py:105} INFO - Job 95: Subtask extract_raw_data
[2025-07-02T08:49:53.601+0000] {task_command.py:467} INFO - Running <TaskInstance: extract_raw_data_pipeline.extract_raw_data scheduled__2025-07-02T07:46:00+00:00 [running]> on host 24d4a3002b8f
[2025-07-02T08:49:53.872+0000] {taskinstance.py:3131} INFO - Exporting env vars: AIRFLOW_CTX_DAG_OWNER='***' AIRFLOW_CTX_DAG_ID='extract_raw_data_pipeline' AIRFLOW_CTX_TASK_ID='extract_raw_data' AIRFLOW_CTX_EXECUTION_DATE='2025-07-02T07:46:00+00:00' AIRFLOW_CTX_TRY_NUMBER='1' AIRFLOW_CTX_DAG_RUN_ID='scheduled__2025-07-02T07:46:00+00:00'
[2025-07-02T08:49:53.880+0000] {taskinstance.py:731} INFO - ::endgroup::
[2025-07-02T08:49:53.941+0000] {driven_data_pipeline.py:152} INFO - Started batch processing for 2025-07-02.
[2025-07-02T08:49:53.944+0000] {driven_data_pipeline.py:35} INFO - Created synthetic data for MX country code.
[2025-07-02T08:49:54.409+0000] {driven_data_pipeline.py:101} INFO - Written 303 records to the CSV file.
[2025-07-02T08:49:54.579+0000] {driven_data_pipeline.py:119} INFO - Added UUID to the dataset.
[2025-07-02T08:49:54.600+0000] {driven_data_pipeline.py:144} INFO - Updated accessed timestamp.
[2025-07-02T08:49:54.601+0000] {driven_data_pipeline.py:160} INFO - Finished batch processing 2025-07-02.
[2025-07-02T08:49:54.602+0000] {python.py:240} INFO - Done. Returned value was: None
[2025-07-02T08:49:54.631+0000] {taskinstance.py:340} INFO - ::group::Post task execution logs
[2025-07-02T08:49:54.632+0000] {taskinstance.py:352} INFO - Marking task as SUCCESS. dag_id=extract_raw_data_pipeline, task_id=extract_raw_data, run_id=scheduled__2025-07-02T07:46:00+00:00, execution_date=20250702T074600, start_date=20250702T084953, end_date=20250702T084954
[2025-07-02T08:49:54.689+0000] {local_task_job_runner.py:266} INFO - Task exited with return code 0
[2025-07-02T08:49:54.772+0000] {taskinstance.py:3900} INFO - 0 downstream tasks scheduled from follow-on schedule check
[2025-07-02T08:49:54.775+0000] {local_task_job_runner.py:245} INFO - ::endgroup::
